Already up to date.
[main f6b97f9585] files from 2022-10-03, 10:25:45
 122 files changed, 2796 insertions(+), 1378 deletions(-)
 create mode 100644 log/KrazeeTobi-2022-10-03_063118.log
 create mode 100644 sonic-movie.jp/sonic-movie/2022/07/index.html@doing_wp_cron=1664787727.6975250244140625000000&paged=2
 create mode 100644 sonic-movie.jp/sonic-movie/2022/07/page/2/index.html@doing_wp_cron=1664787727.6975250244140625000000&paged=1
 create mode 100644 sonic.sega.jp/SonicChannel/assets_c/2022/09/df788de8c6abb79445adb0e2168270447fe5f277-thumb-640xauto-4823.jpg
 create mode 100644 sonic.sega.jp/SonicChannel/assets_c/2022/09/event_221001_01_eye-thumb-640xauto-4822.jpg
 create mode 100644 sonic.sega.jp/SonicChannel/fanart/20220929_003020/index.html
 create mode 100644 sonic.sega.jp/SonicChannel/fanart/image/2210_0001.jpg
 create mode 100644 sonic.sega.jp/SonicChannel/fanart/image/2210_0002.jpg
 create mode 100644 sonic.sega.jp/SonicChannel/fanart/image/2210_0003.jpg
 create mode 100644 sonic.sega.jp/SonicChannel/fanart/image/2210_0004.jpg
 create mode 100644 sonic.sega.jp/SonicChannel/fanart/image/2210_0005.jpg
 create mode 100644 sonic.sega.jp/SonicChannel/fanart/image/2210_0006.jpg
 create mode 100644 sonic.sega.jp/SonicChannel/fanart/image/2210_0007.jpg
 create mode 100644 sonic.sega.jp/SonicChannel/fanart/image/2210_0008.jpg
 create mode 100644 sonic.sega.jp/SonicChannel/fanart/image/2210_0009.jpg
 create mode 100644 sonic.sega.jp/SonicChannel/fanart/image/2210_0010.jpg
 create mode 100644 sonic.sega.jp/SonicChannel/fanart/image/2210_0011.jpg
 create mode 100644 sonic.sega.jp/SonicChannel/fanart/image/2210_0012.jpg
 create mode 100644 sonic.sega.jp/SonicChannel/fanart/image/2210_0013.jpg
 create mode 100644 sonic.sega.jp/SonicChannel/fanart/image/2210_0014.jpg
 create mode 100644 sonic.sega.jp/SonicChannel/fanart/image/2210_0015.jpg
 create mode 100644 sonic.sega.jp/SonicChannel/fanart/image/2210_0016.jpg
 create mode 100644 sonic.sega.jp/SonicChannel/fanart/image/2210_0017.jpg
 create mode 100644 sonic.sega.jp/SonicChannel/fanart/image/2210_0018.jpg
 create mode 100644 sonic.sega.jp/SonicChannel/fanart/image/2210_0019.jpg
 create mode 100644 sonic.sega.jp/SonicChannel/fanart/image/2210_0020.jpg
 create mode 100644 sonic.sega.jp/SonicChannel/fanart/image/2210_0021.jpg
 create mode 100644 sonic.sega.jp/SonicChannel/fanart/image/2210_0022.jpg
 create mode 100644 sonic.sega.jp/SonicChannel/fanart/image/2210_0023.jpg
 create mode 100644 sonic.sega.jp/SonicChannel/fanart/image/2210_0024.jpg
 create mode 100644 sonic.sega.jp/SonicChannel/fanart/image/2210_0025.jpg
 create mode 100644 sonic.sega.jp/SonicChannel/fanart/image/2210_0026.jpg
 create mode 100644 sonic.sega.jp/SonicChannel/fanart/image/2210_0027.jpg
 create mode 100644 sonic.sega.jp/SonicChannel/fanart/image/2210_0028.jpg
 create mode 100644 sonic.sega.jp/SonicChannel/fanart/image/2210_0029.jpg
 create mode 100644 sonic.sega.jp/SonicChannel/fanart/image/2210_0030.jpg
 create mode 100644 sonic.sega.jp/SonicChannel/fanart/image/df788de8c6abb79445adb0e2168270447fe5f277.jpg
 create mode 100644 sonic.sega.jp/SonicChannel/fanart/image/s2210_0001.jpg
 create mode 100644 sonic.sega.jp/SonicChannel/fanart/image/s2210_0002.jpg
 create mode 100644 sonic.sega.jp/SonicChannel/fanart/image/s2210_0003.jpg
 create mode 100644 sonic.sega.jp/SonicChannel/fanart/image/s2210_0004.jpg
 create mode 100644 sonic.sega.jp/SonicChannel/fanart/image/s2210_0005.jpg
 create mode 100644 sonic.sega.jp/SonicChannel/fanart/image/s2210_0006.jpg
 create mode 100644 sonic.sega.jp/SonicChannel/fanart/image/s2210_0007.jpg
 create mode 100644 sonic.sega.jp/SonicChannel/fanart/image/s2210_0008.jpg
 create mode 100644 sonic.sega.jp/SonicChannel/fanart/image/s2210_0009.jpg
 create mode 100644 sonic.sega.jp/SonicChannel/fanart/image/s2210_0010.jpg
 create mode 100644 sonic.sega.jp/SonicChannel/fanart/image/s2210_0011.jpg
 create mode 100644 sonic.sega.jp/SonicChannel/fanart/image/s2210_0012.jpg
 create mode 100644 sonic.sega.jp/SonicChannel/fanart/image/s2210_0013.jpg
 create mode 100644 sonic.sega.jp/SonicChannel/fanart/image/s2210_0014.jpg
 create mode 100644 sonic.sega.jp/SonicChannel/fanart/image/s2210_0015.jpg
 create mode 100644 sonic.sega.jp/SonicChannel/fanart/image/s2210_0016.jpg
 create mode 100644 sonic.sega.jp/SonicChannel/fanart/image/s2210_0017.jpg
 create mode 100644 sonic.sega.jp/SonicChannel/fanart/image/s2210_0018.jpg
 create mode 100644 sonic.sega.jp/SonicChannel/fanart/image/s2210_0019.jpg
 create mode 100644 sonic.sega.jp/SonicChannel/fanart/image/s2210_0020.jpg
 create mode 100644 sonic.sega.jp/SonicChannel/fanart/image/s2210_0021.jpg
 create mode 100644 sonic.sega.jp/SonicChannel/fanart/image/s2210_0022.jpg
 create mode 100644 sonic.sega.jp/SonicChannel/fanart/image/s2210_0023.jpg
 create mode 100644 sonic.sega.jp/SonicChannel/fanart/image/s2210_0024.jpg
 create mode 100644 sonic.sega.jp/SonicChannel/fanart/image/s2210_0025.jpg
 create mode 100644 sonic.sega.jp/SonicChannel/fanart/image/s2210_0026.jpg
 create mode 100644 sonic.sega.jp/SonicChannel/fanart/image/s2210_0027.jpg
 create mode 100644 sonic.sega.jp/SonicChannel/fanart/image/s2210_0028.jpg
 create mode 100644 sonic.sega.jp/SonicChannel/fanart/image/s2210_0029.jpg
 create mode 100644 sonic.sega.jp/SonicChannel/fanart/image/s2210_0030.jpg
 create mode 100644 sonic.sega.jp/SonicChannel/fanart/index_4.html
 create mode 100644 sonic.sega.jp/SonicChannel/topics/event/20221003_003018/index.html
 create mode 100644 sonic.sega.jp/SonicChannel/topics/image/event_221001_01_01.jpg
 create mode 100644 sonic.sega.jp/SonicChannel/topics/image/event_221001_01_eye.jpg
 copy www.nintendo.co.jp/{wii/siij/athlete/img/btn_back.png => ds/ay9j/guide/img/guide_noflash003.jpg} (100%)
 copy www.nintendo.co.jp/{wii/siij/common/img/bg6.png => mario_and_sonic2010/ds/images/contents01_bg.jpg} (100%)
 rewrite www.nintendo.co.jp/wii/siij/athlete/img/btn_back.png (100%)
 rewrite www.nintendo.co.jp/wii/siij/common/img/bg6.png (99%)
 rewrite www.nintendo.co.jp/wiiu/abjj/files/img/index/footer/sonic_off.jpg (99%)
