Already up to date.
[main ec38d7e4f] files from 2022-08-16, 11:26:30
 232 files changed, 8361 insertions(+), 2447 deletions(-)
 create mode 100644 log/KrazeeTobi-2022-08-16_072436.log
 create mode 100644 sonic-movie.jp/comment_cp/css/add.css@var=02
 create mode 100644 sonic-movie.jp/comment_cp/css/common.css@var=02
 create mode 100644 sonic-movie.jp/comment_cp/css/modaal.css@var=02
 create mode 100644 sonic-movie.jp/comment_cp/css/slick-theme.css
 create mode 100644 sonic-movie.jp/comment_cp/css/slick.css
 create mode 100644 sonic-movie.jp/comment_cp/img/base_01.jpg
 create mode 100644 sonic-movie.jp/comment_cp/img/base_01_sp.jpg
 create mode 100644 sonic-movie.jp/comment_cp/img/base_02.jpg
 create mode 100644 sonic-movie.jp/comment_cp/img/base_02_sp.jpg
 create mode 100644 sonic-movie.jp/comment_cp/img/base_03.jpg
 create mode 100644 sonic-movie.jp/comment_cp/img/base_03_sp.jpg
 create mode 100644 sonic-movie.jp/comment_cp/img/base_04.jpg
 create mode 100644 sonic-movie.jp/comment_cp/img/base_04_sp.jpg
 create mode 100644 sonic-movie.jp/comment_cp/img/base_04b.png
 create mode 100644 sonic-movie.jp/comment_cp/img/bt_kiyaku.png
 create mode 100644 sonic-movie.jp/comment_cp/img/bt_top.png
 create mode 100644 sonic-movie.jp/comment_cp/img/common/close-icon.png
 create mode 100644 sonic-movie.jp/comment_cp/img/common/play_mark.png
 create mode 100644 sonic-movie.jp/comment_cp/img/cp_04.png
 create mode 100644 sonic-movie.jp/comment_cp/img/cp_05.png
 create mode 100644 sonic-movie.jp/comment_cp/img/cp_05_01.png
 create mode 100644 sonic-movie.jp/comment_cp/img/cp_05_02.png
 create mode 100644 sonic-movie.jp/comment_cp/img/cp_06.png
 create mode 100644 sonic-movie.jp/comment_cp/img/cp_08.png
 create mode 100644 sonic-movie.jp/comment_cp/img/cp_11.png
 create mode 100644 sonic-movie.jp/comment_cp/img/cp_header_01.png
 create mode 100644 sonic-movie.jp/comment_cp/img/cp_header_02.png
 create mode 100644 sonic-movie.jp/comment_cp/img/cp_limit.png
 create mode 100644 sonic-movie.jp/comment_cp/img/footer.png
 create mode 100644 sonic-movie.jp/comment_cp/img/logo.png
 create mode 100644 sonic-movie.jp/comment_cp/img/present_01.png
 create mode 100644 sonic-movie.jp/comment_cp/img/present_02.png
 create mode 100644 sonic-movie.jp/comment_cp/img/present_03.png
 create mode 100644 sonic-movie.jp/comment_cp/index.html
 create mode 100644 sonic-movie.jp/comment_cp/js/common.js@var=04
 create mode 100644 sonic-movie.jp/comment_cp/js/loader.js@var=04
 create mode 100644 sonic-movie.jp/comment_cp/js/top.js@var=04
 create mode 100644 sonic-movie.jp/comment_cp/lib/imagesloaded.pkgd.min.js
 create mode 100644 sonic-movie.jp/comment_cp/lib/jquery-3.6.0.min.js
 create mode 100644 sonic-movie.jp/comment_cp/lib/jquery.easing.js
 create mode 100644 sonic-movie.jp/comment_cp/lib/modaal.min.js
 create mode 100644 sonic-movie.jp/comment_cp/lib/slick.min.js
 create mode 100644 sonic-movie.jp/comment_cp/lib/tween24.js
 create mode 100644 sonic-movie.jp/images/bnr_kansou.png
 create mode 100644 sonic-movie.jp/news/2022/08/16/sonic_0816/feed/index.html
 create mode 100644 sonic-movie.jp/news/2022/08/16/sonic_0816/index.html
 create mode 100644 sonic-movie.jp/news/index.html@p=887
 create mode 100644 sonic-movie.jp/news/wp-content/uploads/sites/81/2022/08/present-256x300.jpg
 create mode 100644 sonic-movie.jp/news/wp-content/uploads/sites/81/2022/08/present-768x898.jpg
 create mode 100644 sonic-movie.jp/news/wp-content/uploads/sites/81/2022/08/present-875x1024.jpg
 create mode 100644 sonic-movie.jp/news/wp-content/uploads/sites/81/2022/08/present.jpg
 create mode 100644 sonic-movie.jp/news/wp-json/oembed/1.0/embed@url=https%3A%2F%2Fnews.eigafan.com%2Fsonic-movie%2F2022%2F08%2F16%2Fsonic_0816%2F
 create mode 100644 sonic-movie.jp/news/wp-json/oembed/1.0/embed@url=https%3A%2F%2Fnews.eigafan.com%2Fsonic-movie%2F2022%2F08%2F16%2Fsonic_0816%2F&format=xml
 create mode 100644 sonic.sega.jp/SonicChannel/assets_c/2022/08/information_220816_01_eye-thumb-640xauto-4707.jpg
 create mode 100644 sonic.sega.jp/SonicChannel/special/staffcolumn/fujiki.11
 create mode 100644 sonic.sega.jp/SonicChannel/special/staffcolumn/fujiki.12
 create mode 100644 sonic.sega.jp/SonicChannel/special/staffcolumn/toyoda.13
 create mode 100644 sonic.sega.jp/SonicChannel/special/staffcolumn/toyoda.14
 create mode 100644 sonic.sega.jp/SonicChannel/topics/image/information_220816_01_01.jpg
 create mode 100644 sonic.sega.jp/SonicChannel/topics/image/information_220816_01_eye.jpg
 create mode 100644 sonic.sega.jp/SonicChannel/topics/information/20220816_002969/index.html
