Already up to date.
[main 8caee8d40] files from 2022-08-29, 13:07:10
 215 files changed, 2597 insertions(+), 1272 deletions(-)
 create mode 100644 archives/toyshow/toynes/2005/April/23/index.html
 create mode 100644 archives/toyshow/toynes/2005/April/8/index.html
 create mode 100644 archives/toyshow/toynes/2005/August/13/index.html
 create mode 100644 archives/toyshow/toynes/2005/August/25/index.html
 create mode 100644 archives/toyshow/toynes/2005/August/28/index.html
 create mode 100644 archives/toyshow/toynes/2005/August/29/index.html
 create mode 100644 archives/toyshow/toynes/2005/August/30/index.html
 create mode 100644 archives/toyshow/toynes/2005/December/12/index.html
 create mode 100644 archives/toyshow/toynes/2005/December/14/index.html
 create mode 100644 archives/toyshow/toynes/2005/December/15/index.html
 create mode 100644 archives/toyshow/toynes/2005/December/16/index.html
 create mode 100644 archives/toyshow/toynes/2005/December/22/index.html
 create mode 100644 archives/toyshow/toynes/2005/December/25/index.html
 create mode 100644 archives/toyshow/toynes/2005/December/30/index.html
 create mode 100644 archives/toyshow/toynes/2005/December/30/index_t.gif
 create mode 100644 archives/toyshow/toynes/2005/December/30/wan.gif
 create mode 100644 archives/toyshow/toynes/2005/December/30/ya_l.gif
 create mode 100644 archives/toyshow/toynes/2005/December/30/ya_r.gif
 create mode 100644 archives/toyshow/toynes/2005/February/10/index.html
 create mode 100644 archives/toyshow/toynes/2005/February/11/index.html
 create mode 100644 archives/toyshow/toynes/2005/February/24/index.html
 create mode 100644 archives/toyshow/toynes/2005/February/5/index.html
 create mode 100644 archives/toyshow/toynes/2005/February/8/index.html
 create mode 100644 archives/toyshow/toynes/2005/February/9/index.html
 create mode 100644 archives/toyshow/toynes/2005/January/12/index.html
 create mode 100644 archives/toyshow/toynes/2005/January/15/index.html
 create mode 100644 archives/toyshow/toynes/2005/July/23/index.html
 create mode 100644 archives/toyshow/toynes/2005/July/30/index.html
 create mode 100644 archives/toyshow/toynes/2005/July/6/index.html
 create mode 100644 archives/toyshow/toynes/2005/July/7/index.html
 create mode 100644 archives/toyshow/toynes/2005/June/8/index.html
 create mode 100644 archives/toyshow/toynes/2005/March/19/index.html
 create mode 100644 archives/toyshow/toynes/2005/March/8/index.html
 create mode 100644 archives/toyshow/toynes/2005/May/19/index.html
 create mode 100644 archives/toyshow/toynes/2005/November/15/index.html
 create mode 100644 archives/toyshow/toynes/2005/November/24/index.html
 create mode 100644 archives/toyshow/toynes/2005/November/25/index.html
 create mode 100644 archives/toyshow/toynes/2005/September/10/index.html
 create mode 100644 archives/toyshow/toynes/2005/September/11/index.html
 create mode 100644 archives/toyshow/toynes/2005/September/14/index.html
 create mode 100644 archives/toyshow/toynes/2005/September/7/index.html
 create mode 100644 log/KrazeeTobi-2022-08-29_085600.log
 create mode 100644 sonic-movie.jp/news/2022/08/29/sonic_0829/feed/index.html
 create mode 100644 sonic-movie.jp/news/2022/08/29/sonic_0829/index.html
 create mode 100644 sonic-movie.jp/news/index.html@p=953
 create mode 100644 sonic-movie.jp/news/wp-content/uploads/sites/81/2022/08/220829-300x126.jpg
 create mode 100644 sonic-movie.jp/news/wp-content/uploads/sites/81/2022/08/220829-768x322.jpg
 create mode 100644 sonic-movie.jp/news/wp-content/uploads/sites/81/2022/08/220829.jpg
 create mode 100644 sonic-movie.jp/news/wp-json/oembed/1.0/embed@url=https%3A%2F%2Fnews.eigafan.com%2Fsonic-movie%2F2022%2F08%2F29%2Fsonic_0829%2F
 create mode 100644 sonic-movie.jp/news/wp-json/oembed/1.0/embed@url=https%3A%2F%2Fnews.eigafan.com%2Fsonic-movie%2F2022%2F08%2F29%2Fsonic_0829%2F&format=xml
 create mode 100644 sonic.sega.jp/SonicFrontiers/css/top.css@01
 rewrite www.nintendo.co.jp/wiiu/abjj/files/img/index/title/olympic_game.png (100%)
