Already up to date.
[main a3db87ada] files from 2022-08-20, 13:23:46
 202 files changed, 4097 insertions(+), 2871 deletions(-)
 create mode 100644 log/KrazeeTobi-2022-08-20_092913.log
 create mode 100644 sonic-movie.jp/news/2022/08/19/0819_sonic/feed/index.html
 create mode 100644 sonic-movie.jp/news/2022/08/19/0819_sonic/index.html
 create mode 100644 sonic-movie.jp/news/index.html@p=917
 create mode 100644 sonic-movie.jp/news/wp-content/uploads/sites/81/2022/08/220819_02-300x169.png
 create mode 100644 sonic-movie.jp/news/wp-content/uploads/sites/81/2022/08/220819_02-768x432.png
 create mode 100644 sonic-movie.jp/news/wp-content/uploads/sites/81/2022/08/220819_02.png
 create mode 100644 sonic-movie.jp/news/wp-json/oembed/1.0/embed@url=https%3A%2F%2Fnews.eigafan.com%2Fsonic-movie%2F2022%2F08%2F19%2F0819_sonic%2F
 create mode 100644 sonic-movie.jp/news/wp-json/oembed/1.0/embed@url=https%3A%2F%2Fnews.eigafan.com%2Fsonic-movie%2F2022%2F08%2F19%2F0819_sonic%2F&format=xml
 create mode 100644 sonic.sega.jp/SonicChannel/assets_c/2022/08/event_220819_01_eye-thumb-640xauto-4708.jpg
 create mode 100644 sonic.sega.jp/SonicChannel/assets_c/2022/08/event_220819_02_eye-thumb-640xauto-4709.jpg
 create mode 100644 sonic.sega.jp/SonicChannel/topics/event/20220819_002972/index.html
 create mode 100644 sonic.sega.jp/SonicChannel/topics/event/20220819_002973/index.html
 create mode 100644 sonic.sega.jp/SonicChannel/topics/event/index_8.html
 create mode 100644 sonic.sega.jp/SonicChannel/topics/image/event_220819_01_01.jpg
 create mode 100644 sonic.sega.jp/SonicChannel/topics/image/event_220819_01_02.jpg
 create mode 100644 sonic.sega.jp/SonicChannel/topics/image/event_220819_01_03.jpg
 create mode 100644 sonic.sega.jp/SonicChannel/topics/image/event_220819_01_04.jpg
 create mode 100644 sonic.sega.jp/SonicChannel/topics/image/event_220819_01_eye.jpg
 create mode 100644 sonic.sega.jp/SonicChannel/topics/image/event_220819_02_01.jpg
 create mode 100644 sonic.sega.jp/SonicChannel/topics/image/event_220819_02_02.jpg
 create mode 100644 sonic.sega.jp/SonicChannel/topics/image/event_220819_02_03.jpg
 create mode 100644 sonic.sega.jp/SonicChannel/topics/image/event_220819_02_04.jpg
 create mode 100644 sonic.sega.jp/SonicChannel/topics/image/event_220819_02_05.jpg
 create mode 100644 sonic.sega.jp/SonicChannel/topics/image/event_220819_02_06.jpg
 create mode 100644 sonic.sega.jp/SonicChannel/topics/image/event_220819_02_eye.jpg
