Already up to date.
Deleted file - D:\GitHub\SonicChannelTrack\www.olympicvideogames.com\sonic\br.1
Deleted file - D:\GitHub\SonicChannelTrack\www.olympicvideogames.com\sonic\cn.1
Deleted file - D:\GitHub\SonicChannelTrack\www.olympicvideogames.com\sonic\de.1
Deleted file - D:\GitHub\SonicChannelTrack\www.olympicvideogames.com\sonic\en.1
Deleted file - D:\GitHub\SonicChannelTrack\www.olympicvideogames.com\sonic\es.1
Deleted file - D:\GitHub\SonicChannelTrack\www.olympicvideogames.com\sonic\fr.1
Deleted file - D:\GitHub\SonicChannelTrack\www.olympicvideogames.com\sonic\it.1
Deleted file - D:\GitHub\SonicChannelTrack\www.olympicvideogames.com\sonic\jp.1
Deleted file - D:\GitHub\SonicChannelTrack\www.olympicvideogames.com\sonic\kr.1
Deleted file - D:\GitHub\SonicChannelTrack\www.olympicvideogames.com\sonic\nl.1
Deleted file - D:\GitHub\SonicChannelTrack\www.olympicvideogames.com\sonic\ru.1
Deleted file - D:\GitHub\SonicChannelTrack\www.olympicvideogames.com\sonic\zh.1
Deleted file - D:\GitHub\SonicChannelTrack\sonic-movie.jp\news.1
Deleted file - D:\GitHub\SonicChannelTrack\sonic-movie.jp\news\wp-includes\js\jquery\jquery-migrate.min.js@ver=3.4.1
Deleted file - D:\GitHub\SonicChannelTrack\sonic-movie.jp\news\wp-includes\js\jquery\jquery.min.js@ver=3.7.1
Deleted file - D:\GitHub\SonicChannelTrack\sonicteam.com\SonicWorldAdventure\director.1
Deleted file - D:\GitHub\SonicChannelTrack\sonicteam.com\SonicWorldAdventure\hamidashi.1
[main 22fd3234dcd] files from 2025-06-02, 15:59:39
 307 files changed, 2737 insertions(+), 1641 deletions(-)
 create mode 100644 log/KrazeeTobi-2025-06-02_093803.log
 create mode 100644 sonic.sega.jp/SonicChannel/assets_c/2025/05/fanart_2506_ogp-thumb-640xauto-16073.jpg
 create mode 100644 sonic.sega.jp/SonicChannel/assets_c/2025/05/screenshot_2506_ogp-thumb-640xauto-16072.jpg
 create mode 100644 sonic.sega.jp/SonicChannel/fangallery/fanart/20250602_008943/index.html
 create mode 100644 sonic.sega.jp/SonicChannel/fangallery/screenshot/20250602_008944/index.html
 create mode 100644 sonic.sega.jp/SonicChannel/upload_images/fanart_2506_ogp.jpg
 create mode 100644 sonic.sega.jp/SonicChannel/upload_images/screenshot_2506_ogp.jpg
 create mode 100644 sonic.sega.jp/sonic.sega.jp/SonicChannel/upload_images/fanart/2506_0001.jpg
 create mode 100644 sonic.sega.jp/sonic.sega.jp/SonicChannel/upload_images/fanart/2506_0002.jpg
 create mode 100644 sonic.sega.jp/sonic.sega.jp/SonicChannel/upload_images/fanart/2506_0003.jpg
 create mode 100644 sonic.sega.jp/sonic.sega.jp/SonicChannel/upload_images/fanart/2506_0004.jpg
 create mode 100644 sonic.sega.jp/sonic.sega.jp/SonicChannel/upload_images/fanart/2506_0005.jpg
 create mode 100644 sonic.sega.jp/sonic.sega.jp/SonicChannel/upload_images/fanart/2506_0006.jpg
 create mode 100644 sonic.sega.jp/sonic.sega.jp/SonicChannel/upload_images/fanart/2506_0007.jpg
 create mode 100644 sonic.sega.jp/sonic.sega.jp/SonicChannel/upload_images/fanart/2506_0008.jpg
 create mode 100644 sonic.sega.jp/sonic.sega.jp/SonicChannel/upload_images/fanart/2506_0009.jpg
 create mode 100644 sonic.sega.jp/sonic.sega.jp/SonicChannel/upload_images/fanart/2506_0010.jpg
 create mode 100644 sonic.sega.jp/sonic.sega.jp/SonicChannel/upload_images/fanart/2506_0011.jpg
 create mode 100644 sonic.sega.jp/sonic.sega.jp/SonicChannel/upload_images/fanart/2506_0012.jpg
 create mode 100644 sonic.sega.jp/sonic.sega.jp/SonicChannel/upload_images/fanart/2506_0013.jpg
 create mode 100644 sonic.sega.jp/sonic.sega.jp/SonicChannel/upload_images/fanart/2506_0014.jpg
 create mode 100644 sonic.sega.jp/sonic.sega.jp/SonicChannel/upload_images/fanart/2506_0015.jpg
 create mode 100644 sonic.sega.jp/sonic.sega.jp/SonicChannel/upload_images/fanart/2506_0016.jpg
 create mode 100644 sonic.sega.jp/sonic.sega.jp/SonicChannel/upload_images/fanart/2506_0017.jpg
 create mode 100644 sonic.sega.jp/sonic.sega.jp/SonicChannel/upload_images/fanart/2506_0018.jpg
 create mode 100644 sonic.sega.jp/sonic.sega.jp/SonicChannel/upload_images/fanart/2506_0019.jpg
 create mode 100644 sonic.sega.jp/sonic.sega.jp/SonicChannel/upload_images/fanart/2506_0020.jpg
 create mode 100644 sonic.sega.jp/sonic.sega.jp/SonicChannel/upload_images/fanart/2506_0021.jpg
 create mode 100644 sonic.sega.jp/sonic.sega.jp/SonicChannel/upload_images/fanart/2506_0022.jpg
 create mode 100644 sonic.sega.jp/sonic.sega.jp/SonicChannel/upload_images/fanart/2506_0023.jpg
 create mode 100644 sonic.sega.jp/sonic.sega.jp/SonicChannel/upload_images/fanart/2506_0024.jpg
 create mode 100644 sonic.sega.jp/sonic.sega.jp/SonicChannel/upload_images/fanart/2506_0025.jpg
 create mode 100644 sonic.sega.jp/sonic.sega.jp/SonicChannel/upload_images/fanart/2506_0026.jpg
 create mode 100644 sonic.sega.jp/sonic.sega.jp/SonicChannel/upload_images/fanart/2506_0027.jpg
 create mode 100644 sonic.sega.jp/sonic.sega.jp/SonicChannel/upload_images/fanart/2506_0028.jpg
 create mode 100644 sonic.sega.jp/sonic.sega.jp/SonicChannel/upload_images/fanart/2506_0029.jpg
 create mode 100644 sonic.sega.jp/sonic.sega.jp/SonicChannel/upload_images/fanart/2506_0030.jpg
 create mode 100644 sonic.sega.jp/sonic.sega.jp/SonicChannel/upload_images/fanart/2506_0031.jpg
 create mode 100644 sonic.sega.jp/sonic.sega.jp/SonicChannel/upload_images/fanart/2506_0032.jpg
 create mode 100644 sonic.sega.jp/sonic.sega.jp/SonicChannel/upload_images/fanart/2506_0033.jpg
 create mode 100644 sonic.sega.jp/sonic.sega.jp/SonicChannel/upload_images/fanart/2506_0034.jpg
 create mode 100644 sonic.sega.jp/sonic.sega.jp/SonicChannel/upload_images/fanart/2506_0035.jpg
 create mode 100644 sonic.sega.jp/sonic.sega.jp/SonicChannel/upload_images/fanart/2506_0036.jpg
 create mode 100644 sonic.sega.jp/sonic.sega.jp/SonicChannel/upload_images/fanart/2506_0037.jpg
 create mode 100644 sonic.sega.jp/sonic.sega.jp/SonicChannel/upload_images/fanart/2506_0038.jpg
 create mode 100644 sonic.sega.jp/sonic.sega.jp/SonicChannel/upload_images/fanart/2506_0039.jpg
 create mode 100644 sonic.sega.jp/sonic.sega.jp/SonicChannel/upload_images/fanart/2506_0040.jpg
 create mode 100644 sonic.sega.jp/sonic.sega.jp/SonicChannel/upload_images/fanart/2506_0041.jpg
 create mode 100644 sonic.sega.jp/sonic.sega.jp/SonicChannel/upload_images/fanart/2506_0042.jpg
 create mode 100644 sonic.sega.jp/sonic.sega.jp/SonicChannel/upload_images/fanart/2506_0043.jpg
 create mode 100644 sonic.sega.jp/sonic.sega.jp/SonicChannel/upload_images/fanart/2506_0044.jpg
 create mode 100644 sonic.sega.jp/sonic.sega.jp/SonicChannel/upload_images/fanart/2506_0045.jpg
 create mode 100644 sonic.sega.jp/sonic.sega.jp/SonicChannel/upload_images/fanart/2506_0046.jpg
 create mode 100644 sonic.sega.jp/sonic.sega.jp/SonicChannel/upload_images/fanart/2506_0047.jpg
 create mode 100644 sonic.sega.jp/sonic.sega.jp/SonicChannel/upload_images/fanart/2506_0048.jpg
 create mode 100644 sonic.sega.jp/sonic.sega.jp/SonicChannel/upload_images/fanart/2506_0049.jpg
 create mode 100644 sonic.sega.jp/sonic.sega.jp/SonicChannel/upload_images/fanart/2506_0050.jpg
 create mode 100644 sonic.sega.jp/sonic.sega.jp/SonicChannel/upload_images/fanart/s2506_0001.jpg
 create mode 100644 sonic.sega.jp/sonic.sega.jp/SonicChannel/upload_images/fanart/s2506_0002.jpg
 create mode 100644 sonic.sega.jp/sonic.sega.jp/SonicChannel/upload_images/fanart/s2506_0003.jpg
 create mode 100644 sonic.sega.jp/sonic.sega.jp/SonicChannel/upload_images/fanart/s2506_0004.jpg
 create mode 100644 sonic.sega.jp/sonic.sega.jp/SonicChannel/upload_images/fanart/s2506_0005.jpg
 create mode 100644 sonic.sega.jp/sonic.sega.jp/SonicChannel/upload_images/fanart/s2506_0006.jpg
 create mode 100644 sonic.sega.jp/sonic.sega.jp/SonicChannel/upload_images/fanart/s2506_0007.jpg
 create mode 100644 sonic.sega.jp/sonic.sega.jp/SonicChannel/upload_images/fanart/s2506_0008.jpg
 create mode 100644 sonic.sega.jp/sonic.sega.jp/SonicChannel/upload_images/fanart/s2506_0009.jpg
 create mode 100644 sonic.sega.jp/sonic.sega.jp/SonicChannel/upload_images/fanart/s2506_0010.jpg
 create mode 100644 sonic.sega.jp/sonic.sega.jp/SonicChannel/upload_images/fanart/s2506_0011.jpg
 create mode 100644 sonic.sega.jp/sonic.sega.jp/SonicChannel/upload_images/fanart/s2506_0012.jpg
 create mode 100644 sonic.sega.jp/sonic.sega.jp/SonicChannel/upload_images/fanart/s2506_0013.jpg
 create mode 100644 sonic.sega.jp/sonic.sega.jp/SonicChannel/upload_images/fanart/s2506_0014.jpg
 create mode 100644 sonic.sega.jp/sonic.sega.jp/SonicChannel/upload_images/fanart/s2506_0015.jpg
 create mode 100644 sonic.sega.jp/sonic.sega.jp/SonicChannel/upload_images/fanart/s2506_0016.jpg
 create mode 100644 sonic.sega.jp/sonic.sega.jp/SonicChannel/upload_images/fanart/s2506_0017.jpg
 create mode 100644 sonic.sega.jp/sonic.sega.jp/SonicChannel/upload_images/fanart/s2506_0018.jpg
 create mode 100644 sonic.sega.jp/sonic.sega.jp/SonicChannel/upload_images/fanart/s2506_0019.jpg
 create mode 100644 sonic.sega.jp/sonic.sega.jp/SonicChannel/upload_images/fanart/s2506_0020.jpg
 create mode 100644 sonic.sega.jp/sonic.sega.jp/SonicChannel/upload_images/fanart/s2506_0021.jpg
 create mode 100644 sonic.sega.jp/sonic.sega.jp/SonicChannel/upload_images/fanart/s2506_0022.jpg
 create mode 100644 sonic.sega.jp/sonic.sega.jp/SonicChannel/upload_images/fanart/s2506_0023.jpg
 create mode 100644 sonic.sega.jp/sonic.sega.jp/SonicChannel/upload_images/fanart/s2506_0024.jpg
 create mode 100644 sonic.sega.jp/sonic.sega.jp/SonicChannel/upload_images/fanart/s2506_0025.jpg
 create mode 100644 sonic.sega.jp/sonic.sega.jp/SonicChannel/upload_images/fanart/s2506_0026.jpg
 create mode 100644 sonic.sega.jp/sonic.sega.jp/SonicChannel/upload_images/fanart/s2506_0027.jpg
 create mode 100644 sonic.sega.jp/sonic.sega.jp/SonicChannel/upload_images/fanart/s2506_0028.jpg
 create mode 100644 sonic.sega.jp/sonic.sega.jp/SonicChannel/upload_images/fanart/s2506_0029.jpg
 create mode 100644 sonic.sega.jp/sonic.sega.jp/SonicChannel/upload_images/fanart/s2506_0030.jpg
 create mode 100644 sonic.sega.jp/sonic.sega.jp/SonicChannel/upload_images/fanart/s2506_0031.jpg
 create mode 100644 sonic.sega.jp/sonic.sega.jp/SonicChannel/upload_images/fanart/s2506_0032.jpg
 create mode 100644 sonic.sega.jp/sonic.sega.jp/SonicChannel/upload_images/fanart/s2506_0033.jpg
 create mode 100644 sonic.sega.jp/sonic.sega.jp/SonicChannel/upload_images/fanart/s2506_0034.jpg
 create mode 100644 sonic.sega.jp/sonic.sega.jp/SonicChannel/upload_images/fanart/s2506_0035.jpg
 create mode 100644 sonic.sega.jp/sonic.sega.jp/SonicChannel/upload_images/fanart/s2506_0036.jpg
 create mode 100644 sonic.sega.jp/sonic.sega.jp/SonicChannel/upload_images/fanart/s2506_0037.jpg
 create mode 100644 sonic.sega.jp/sonic.sega.jp/SonicChannel/upload_images/fanart/s2506_0038.jpg
 create mode 100644 sonic.sega.jp/sonic.sega.jp/SonicChannel/upload_images/fanart/s2506_0039.jpg
 create mode 100644 sonic.sega.jp/sonic.sega.jp/SonicChannel/upload_images/fanart/s2506_0040.jpg
 create mode 100644 sonic.sega.jp/sonic.sega.jp/SonicChannel/upload_images/fanart/s2506_0041.jpg
 create mode 100644 sonic.sega.jp/sonic.sega.jp/SonicChannel/upload_images/fanart/s2506_0042.jpg
 create mode 100644 sonic.sega.jp/sonic.sega.jp/SonicChannel/upload_images/fanart/s2506_0043.jpg
 create mode 100644 sonic.sega.jp/sonic.sega.jp/SonicChannel/upload_images/fanart/s2506_0044.jpg
 create mode 100644 sonic.sega.jp/sonic.sega.jp/SonicChannel/upload_images/fanart/s2506_0045.jpg
 create mode 100644 sonic.sega.jp/sonic.sega.jp/SonicChannel/upload_images/fanart/s2506_0046.jpg
 create mode 100644 sonic.sega.jp/sonic.sega.jp/SonicChannel/upload_images/fanart/s2506_0047.jpg
 create mode 100644 sonic.sega.jp/sonic.sega.jp/SonicChannel/upload_images/fanart/s2506_0048.jpg
 create mode 100644 sonic.sega.jp/sonic.sega.jp/SonicChannel/upload_images/fanart/s2506_0049.jpg
 create mode 100644 sonic.sega.jp/sonic.sega.jp/SonicChannel/upload_images/fanart/s2506_0050.jpg
 create mode 100644 sonic.sega.jp/sonic.sega.jp/SonicChannel/upload_images/screenshot/2506_0001.jpg
 create mode 100644 sonic.sega.jp/sonic.sega.jp/SonicChannel/upload_images/screenshot/2506_0002.jpg
 create mode 100644 sonic.sega.jp/sonic.sega.jp/SonicChannel/upload_images/screenshot/2506_0003.jpg
 create mode 100644 sonic.sega.jp/sonic.sega.jp/SonicChannel/upload_images/screenshot/2506_0004.jpg
 create mode 100644 sonic.sega.jp/sonic.sega.jp/SonicChannel/upload_images/screenshot/2506_0005.jpg
 create mode 100644 sonic.sega.jp/sonic.sega.jp/SonicChannel/upload_images/screenshot/2506_0006.jpg
 create mode 100644 sonic.sega.jp/sonic.sega.jp/SonicChannel/upload_images/screenshot/2506_0007.jpg
 create mode 100644 sonic.sega.jp/sonic.sega.jp/SonicChannel/upload_images/screenshot/2506_0008.jpg
 create mode 100644 sonic.sega.jp/sonic.sega.jp/SonicChannel/upload_images/screenshot/s2506_0001.jpg
 create mode 100644 sonic.sega.jp/sonic.sega.jp/SonicChannel/upload_images/screenshot/s2506_0002.jpg
 create mode 100644 sonic.sega.jp/sonic.sega.jp/SonicChannel/upload_images/screenshot/s2506_0003.jpg
 create mode 100644 sonic.sega.jp/sonic.sega.jp/SonicChannel/upload_images/screenshot/s2506_0004.jpg
 create mode 100644 sonic.sega.jp/sonic.sega.jp/SonicChannel/upload_images/screenshot/s2506_0005.jpg
 create mode 100644 sonic.sega.jp/sonic.sega.jp/SonicChannel/upload_images/screenshot/s2506_0006.jpg
 create mode 100644 sonic.sega.jp/sonic.sega.jp/SonicChannel/upload_images/screenshot/s2506_0007.jpg
 create mode 100644 sonic.sega.jp/sonic.sega.jp/SonicChannel/upload_images/screenshot/s2506_0008.jpg
