Already up to date.
[main 28a82ff59] files from 2022-06-27,  9:30:57
 183 files changed, 5963 insertions(+), 715 deletions(-)
 create mode 100644 log/KrazeeTobi-2022-06-27_060052.log
 create mode 100644 sonic-movie.jp/images/bnr_photocp.jpg
 create mode 100644 sonic-movie.jp/news/2022/06/27/sonic_0627/feed/index.html
 create mode 100644 sonic-movie.jp/news/2022/06/27/sonic_0627/index.html
 create mode 100644 sonic-movie.jp/news/2022/06/index.html
 create mode 100644 sonic-movie.jp/news/index.html@p=808
 create mode 100644 sonic-movie.jp/news/wp-content/uploads/sites/81/2022/06/news_220627_01-300x100.jpg
 create mode 100644 sonic-movie.jp/news/wp-content/uploads/sites/81/2022/06/news_220627_01.jpg
 create mode 100644 sonic-movie.jp/news/wp-content/uploads/sites/81/2022/06/news_220627_02-254x300.jpg
 create mode 100644 sonic-movie.jp/news/wp-content/uploads/sites/81/2022/06/news_220627_02-768x907.jpg
 create mode 100644 sonic-movie.jp/news/wp-content/uploads/sites/81/2022/06/news_220627_02-867x1024.jpg
 create mode 100644 sonic-movie.jp/news/wp-content/uploads/sites/81/2022/06/news_220627_02.jpg
 create mode 100644 sonic-movie.jp/news/wp-content/uploads/sites/81/2022/06/present-280x300.jpg
 create mode 100644 sonic-movie.jp/news/wp-content/uploads/sites/81/2022/06/present-768x822.jpg
 create mode 100644 sonic-movie.jp/news/wp-content/uploads/sites/81/2022/06/present-957x1024.jpg
 create mode 100644 sonic-movie.jp/news/wp-content/uploads/sites/81/2022/06/present.jpg
 create mode 100644 sonic-movie.jp/news/wp-json/oembed/1.0/embed@url=https%3A%2F%2Fnews.eigafan.com%2Fsonic-movie%2F2022%2F06%2F27%2Fsonic_0627%2F
 create mode 100644 sonic-movie.jp/news/wp-json/oembed/1.0/embed@url=https%3A%2F%2Fnews.eigafan.com%2Fsonic-movie%2F2022%2F06%2F27%2Fsonic_0627%2F&format=xml
 create mode 100644 sonic-movie.jp/photo_cp/css/add.css@var=02
 create mode 100644 sonic-movie.jp/photo_cp/css/common.css@var=02
 create mode 100644 sonic-movie.jp/photo_cp/css/modaal.css@var=02
 create mode 100644 sonic-movie.jp/photo_cp/css/slick-theme.css
 create mode 100644 sonic-movie.jp/photo_cp/css/slick.css
 create mode 100644 sonic-movie.jp/photo_cp/img/base_01.jpg
 create mode 100644 sonic-movie.jp/photo_cp/img/base_01_sp.jpg
 create mode 100644 sonic-movie.jp/photo_cp/img/base_02.jpg
 create mode 100644 sonic-movie.jp/photo_cp/img/base_02_sp.jpg
 create mode 100644 sonic-movie.jp/photo_cp/img/base_03.jpg
 create mode 100644 sonic-movie.jp/photo_cp/img/base_03_sp.jpg
 create mode 100644 sonic-movie.jp/photo_cp/img/base_04.jpg
 create mode 100644 sonic-movie.jp/photo_cp/img/base_04_sp.jpg
 create mode 100644 sonic-movie.jp/photo_cp/img/base_04b.png
 create mode 100644 sonic-movie.jp/photo_cp/img/bt_kiyaku.png
 create mode 100644 sonic-movie.jp/photo_cp/img/bt_top.png
 create mode 100644 sonic-movie.jp/photo_cp/img/common/close-icon.png
 create mode 100644 sonic-movie.jp/photo_cp/img/common/play_mark.png
 create mode 100644 sonic-movie.jp/photo_cp/img/cp_01.png
 create mode 100644 sonic-movie.jp/photo_cp/img/cp_02.png
 create mode 100644 sonic-movie.jp/photo_cp/img/cp_03.png
 create mode 100644 sonic-movie.jp/photo_cp/img/cp_04.png
 create mode 100644 sonic-movie.jp/photo_cp/img/cp_05.png
 create mode 100644 sonic-movie.jp/photo_cp/img/cp_05_01.png
 create mode 100644 sonic-movie.jp/photo_cp/img/cp_05_02.png
 create mode 100644 sonic-movie.jp/photo_cp/img/cp_06.png
 create mode 100644 sonic-movie.jp/photo_cp/img/cp_07.png
 create mode 100644 sonic-movie.jp/photo_cp/img/cp_08.png
 create mode 100644 sonic-movie.jp/photo_cp/img/cp_09.png
 create mode 100644 sonic-movie.jp/photo_cp/img/cp_10.png
 create mode 100644 sonic-movie.jp/photo_cp/img/cp_11.png
 create mode 100644 sonic-movie.jp/photo_cp/img/footer.png
 create mode 100644 sonic-movie.jp/photo_cp/img/logo.png
 create mode 100644 sonic-movie.jp/photo_cp/img/slide_a_01.jpg
 create mode 100644 sonic-movie.jp/photo_cp/img/slide_a_02.jpg
 create mode 100644 sonic-movie.jp/photo_cp/img/slide_a_03.jpg
 create mode 100644 sonic-movie.jp/photo_cp/img/slide_a_04.jpg
 create mode 100644 sonic-movie.jp/photo_cp/img/slide_b_01.jpg
 create mode 100644 sonic-movie.jp/photo_cp/img/slide_b_02.jpg
 create mode 100644 sonic-movie.jp/photo_cp/img/slide_b_03.jpg
 create mode 100644 sonic-movie.jp/photo_cp/img/slide_b_04.jpg
 create mode 100644 sonic-movie.jp/photo_cp/img/slide_b_05.jpg
 create mode 100644 sonic-movie.jp/photo_cp/img/slide_b_06.jpg
 create mode 100644 sonic-movie.jp/photo_cp/index.html
 create mode 100644 sonic-movie.jp/photo_cp/js/common.js@var=04
 create mode 100644 sonic-movie.jp/photo_cp/js/loader.js@var=04
 create mode 100644 sonic-movie.jp/photo_cp/js/top.js@var=04
 create mode 100644 sonic-movie.jp/photo_cp/lib/imagesloaded.pkgd.min.js
 create mode 100644 sonic-movie.jp/photo_cp/lib/jquery-3.6.0.min.js
 create mode 100644 sonic-movie.jp/photo_cp/lib/jquery.easing.js
 create mode 100644 sonic-movie.jp/photo_cp/lib/modaal.min.js
 create mode 100644 sonic-movie.jp/photo_cp/lib/slick.min.js
 create mode 100644 sonic-movie.jp/photo_cp/lib/tween24.js
