Already up to date.
[main 5fc31dc39] files from 2022-06-28, 10:12:27
 134 files changed, 1827 insertions(+), 811 deletions(-)
 create mode 100644 log/KrazeeTobi-2022-06-28_060149.log
 create mode 100644 sonic-movie.jp/images/bnr_shisya.png
 create mode 100644 sonic-movie.jp/images/shisya_pc.jpg
 create mode 100644 sonic-movie.jp/news/2022/06/28/sonic_0628/feed/index.html
 create mode 100644 sonic-movie.jp/news/2022/06/28/sonic_0628/index.html
 create mode 100644 sonic-movie.jp/news/index.html@p=817
 create mode 100644 sonic-movie.jp/news/wp-content/uploads/sites/81/2022/06/STH2-FF-073-1024x429.jpg
 create mode 100644 sonic-movie.jp/news/wp-content/uploads/sites/81/2022/06/STH2-FF-073-1536x644.jpg
 create mode 100644 sonic-movie.jp/news/wp-content/uploads/sites/81/2022/06/STH2-FF-073-2048x858.jpg
 create mode 100644 sonic-movie.jp/news/wp-content/uploads/sites/81/2022/06/STH2-FF-073-300x126.jpg
 create mode 100644 sonic-movie.jp/news/wp-content/uploads/sites/81/2022/06/STH2-FF-073-768x322.jpg
 create mode 100644 sonic-movie.jp/news/wp-content/uploads/sites/81/2022/06/STH2-FF-091K-1024x429.jpg
 create mode 100644 sonic-movie.jp/news/wp-content/uploads/sites/81/2022/06/STH2-FF-091K-1536x644.jpg
 create mode 100644 sonic-movie.jp/news/wp-content/uploads/sites/81/2022/06/STH2-FF-091K-2048x858.jpg
 create mode 100644 sonic-movie.jp/news/wp-content/uploads/sites/81/2022/06/STH2-FF-091K-300x126.jpg
 create mode 100644 sonic-movie.jp/news/wp-content/uploads/sites/81/2022/06/STH2-FF-091K-768x322.jpg
 create mode 100644 sonic-movie.jp/news/wp-json/oembed/1.0/embed@url=https%3A%2F%2Fnews.eigafan.com%2Fsonic-movie%2F2022%2F06%2F28%2Fsonic_0628%2F
 create mode 100644 sonic-movie.jp/news/wp-json/oembed/1.0/embed@url=https%3A%2F%2Fnews.eigafan.com%2Fsonic-movie%2F2022%2F06%2F28%2Fsonic_0628%2F&format=xml
 create mode 100644 sonic.sega.jp/SonicChannel/special/sns/akachochin.11
