Already up to date.
[main 7f47484d5] files from 2022-06-02, 10:09:53
 180 files changed, 23507 insertions(+), 217 deletions(-)
 create mode 100644 archives/sonicmovie/all.bat
 create mode 100644 log/KrazeeTobi-2022-06-02_063233.log
 create mode 100644 sonic-movie.jp/sonic-movie/index.html@doing_wp_cron=1654159344.4682428836822509765625&paged=2
 create mode 100644 sonic-movie.jp/sonic-movie/index.html@doing_wp_cron=1654159344.4682428836822509765625&paged=3
 create mode 100644 sonic-movie.jp/sonic-movie/index.html@doing_wp_cron=1654159344.4682428836822509765625&paged=4
 create mode 100644 sonic-movie.jp/sonic-movie/index.html@doing_wp_cron=1654159344.4682428836822509765625&paged=5
 create mode 100644 sonic-movie.jp/sonic-movie/index.html@doing_wp_cron=1654159344.4682428836822509765625&paged=6
 create mode 100644 sonic-movie.jp/sonic-movie/index.html@doing_wp_cron=1654159344.4682428836822509765625&paged=9
 create mode 100644 sonic-movie.jp/sonic-movie/page/2/index.html@doing_wp_cron=1654159344.4682428836822509765625&paged=1
 create mode 100644 sonic-movie.jp/sonic-movie/page/2/index.html@doing_wp_cron=1654159344.4682428836822509765625&paged=3
 create mode 100644 sonic-movie.jp/sonic-movie/page/2/index.html@doing_wp_cron=1654159344.4682428836822509765625&paged=4
 create mode 100644 sonic-movie.jp/sonic-movie/page/2/index.html@doing_wp_cron=1654159344.4682428836822509765625&paged=5
 create mode 100644 sonic-movie.jp/sonic-movie/page/2/index.html@doing_wp_cron=1654159344.4682428836822509765625&paged=6
 create mode 100644 sonic-movie.jp/sonic-movie/page/2/index.html@doing_wp_cron=1654159344.4682428836822509765625&paged=7
 create mode 100644 sonic-movie.jp/sonic-movie/page/2/index.html@doing_wp_cron=1654159344.4682428836822509765625&paged=9
 create mode 100644 sonic-movie.jp/sonic-movie/page/3/index.html@doing_wp_cron=1654159344.4682428836822509765625&paged=1
 create mode 100644 sonic-movie.jp/sonic-movie/page/3/index.html@doing_wp_cron=1654159344.4682428836822509765625&paged=2
 create mode 100644 sonic-movie.jp/sonic-movie/page/3/index.html@doing_wp_cron=1654159344.4682428836822509765625&paged=4
 create mode 100644 sonic-movie.jp/sonic-movie/page/3/index.html@doing_wp_cron=1654159344.4682428836822509765625&paged=5
 create mode 100644 sonic-movie.jp/sonic-movie/page/3/index.html@doing_wp_cron=1654159344.4682428836822509765625&paged=6
 create mode 100644 sonic-movie.jp/sonic-movie/page/3/index.html@doing_wp_cron=1654159344.4682428836822509765625&paged=7
 create mode 100644 sonic-movie.jp/sonic-movie/page/3/index.html@doing_wp_cron=1654159344.4682428836822509765625&paged=8
 create mode 100644 sonic-movie.jp/sonic-movie/page/3/index.html@doing_wp_cron=1654159344.4682428836822509765625&paged=9
 create mode 100644 sonic-movie.jp/sonic-movie/page/4/index.html@doing_wp_cron=1654159344.4682428836822509765625&paged=1
 create mode 100644 sonic-movie.jp/sonic-movie/page/4/index.html@doing_wp_cron=1654159344.4682428836822509765625&paged=2
 create mode 100644 sonic-movie.jp/sonic-movie/page/4/index.html@doing_wp_cron=1654159344.4682428836822509765625&paged=3
 create mode 100644 sonic-movie.jp/sonic-movie/page/4/index.html@doing_wp_cron=1654159344.4682428836822509765625&paged=5
 create mode 100644 sonic-movie.jp/sonic-movie/page/4/index.html@doing_wp_cron=1654159344.4682428836822509765625&paged=6
 create mode 100644 sonic-movie.jp/sonic-movie/page/4/index.html@doing_wp_cron=1654159344.4682428836822509765625&paged=7
 create mode 100644 sonic-movie.jp/sonic-movie/page/4/index.html@doing_wp_cron=1654159344.4682428836822509765625&paged=8
 create mode 100644 sonic-movie.jp/sonic-movie/page/4/index.html@doing_wp_cron=1654159344.4682428836822509765625&paged=9
 create mode 100644 sonic-movie.jp/sonic-movie/page/5/index.html@doing_wp_cron=1654159344.4682428836822509765625&paged=1
 create mode 100644 sonic-movie.jp/sonic-movie/page/5/index.html@doing_wp_cron=1654159344.4682428836822509765625&paged=2
 create mode 100644 sonic-movie.jp/sonic-movie/page/5/index.html@doing_wp_cron=1654159344.4682428836822509765625&paged=3
 create mode 100644 sonic-movie.jp/sonic-movie/page/5/index.html@doing_wp_cron=1654159344.4682428836822509765625&paged=4
 create mode 100644 sonic-movie.jp/sonic-movie/page/5/index.html@doing_wp_cron=1654159344.4682428836822509765625&paged=6
 create mode 100644 sonic-movie.jp/sonic-movie/page/5/index.html@doing_wp_cron=1654159344.4682428836822509765625&paged=7
 create mode 100644 sonic-movie.jp/sonic-movie/page/5/index.html@doing_wp_cron=1654159344.4682428836822509765625&paged=8
 create mode 100644 sonic-movie.jp/sonic-movie/page/5/index.html@doing_wp_cron=1654159344.4682428836822509765625&paged=9
 create mode 100644 sonic-movie.jp/sonic-movie/page/6/index.html@doing_wp_cron=1654159344.4682428836822509765625&paged=1
 create mode 100644 sonic-movie.jp/sonic-movie/page/6/index.html@doing_wp_cron=1654159344.4682428836822509765625&paged=2
 create mode 100644 sonic-movie.jp/sonic-movie/page/6/index.html@doing_wp_cron=1654159344.4682428836822509765625&paged=3
 create mode 100644 sonic-movie.jp/sonic-movie/page/6/index.html@doing_wp_cron=1654159344.4682428836822509765625&paged=4
 create mode 100644 sonic-movie.jp/sonic-movie/page/6/index.html@doing_wp_cron=1654159344.4682428836822509765625&paged=5
 create mode 100644 sonic-movie.jp/sonic-movie/page/6/index.html@doing_wp_cron=1654159344.4682428836822509765625&paged=7
 create mode 100644 sonic-movie.jp/sonic-movie/page/6/index.html@doing_wp_cron=1654159344.4682428836822509765625&paged=8
 create mode 100644 sonic-movie.jp/sonic-movie/page/6/index.html@doing_wp_cron=1654159344.4682428836822509765625&paged=9
 create mode 100644 sonic-movie.jp/sonic-movie/page/7/index.html@doing_wp_cron=1654159344.4682428836822509765625&paged=1
 create mode 100644 sonic-movie.jp/sonic-movie/page/7/index.html@doing_wp_cron=1654159344.4682428836822509765625&paged=2
 create mode 100644 sonic-movie.jp/sonic-movie/page/7/index.html@doing_wp_cron=1654159344.4682428836822509765625&paged=3
 create mode 100644 sonic-movie.jp/sonic-movie/page/7/index.html@doing_wp_cron=1654159344.4682428836822509765625&paged=4
 create mode 100644 sonic-movie.jp/sonic-movie/page/7/index.html@doing_wp_cron=1654159344.4682428836822509765625&paged=5
 create mode 100644 sonic-movie.jp/sonic-movie/page/7/index.html@doing_wp_cron=1654159344.4682428836822509765625&paged=6
 create mode 100644 sonic-movie.jp/sonic-movie/page/7/index.html@doing_wp_cron=1654159344.4682428836822509765625&paged=8
 create mode 100644 sonic-movie.jp/sonic-movie/page/7/index.html@doing_wp_cron=1654159344.4682428836822509765625&paged=9
 create mode 100644 sonic-movie.jp/sonic-movie/page/8/index.html@doing_wp_cron=1654159344.4682428836822509765625&paged=1
 create mode 100644 sonic-movie.jp/sonic-movie/page/8/index.html@doing_wp_cron=1654159344.4682428836822509765625&paged=3
 create mode 100644 sonic-movie.jp/sonic-movie/page/8/index.html@doing_wp_cron=1654159344.4682428836822509765625&paged=4
 create mode 100644 sonic-movie.jp/sonic-movie/page/8/index.html@doing_wp_cron=1654159344.4682428836822509765625&paged=5
 create mode 100644 sonic-movie.jp/sonic-movie/page/8/index.html@doing_wp_cron=1654159344.4682428836822509765625&paged=6
 create mode 100644 sonic-movie.jp/sonic-movie/page/8/index.html@doing_wp_cron=1654159344.4682428836822509765625&paged=7
 create mode 100644 sonic-movie.jp/sonic-movie/page/8/index.html@doing_wp_cron=1654159344.4682428836822509765625&paged=9
 create mode 100644 sonic-movie.jp/sonic-movie/page/9/index.html@doing_wp_cron=1654159344.4682428836822509765625&paged=1
 create mode 100644 sonic-movie.jp/sonic-movie/page/9/index.html@doing_wp_cron=1654159344.4682428836822509765625&paged=4
 create mode 100644 sonic-movie.jp/sonic-movie/page/9/index.html@doing_wp_cron=1654159344.4682428836822509765625&paged=5
 create mode 100644 sonic-movie.jp/sonic-movie/page/9/index.html@doing_wp_cron=1654159344.4682428836822509765625&paged=6
 create mode 100644 sonic-movie.jp/sonic-movie/page/9/index.html@doing_wp_cron=1654159344.4682428836822509765625&paged=7
 create mode 100644 sonic-movie.jp/sonic-movie/page/9/index.html@doing_wp_cron=1654159344.4682428836822509765625&paged=8
 create mode 100644 sonic.sega.jp/SonicChannel/assets_c/2022/06/b4f511a2d451fa3c51decd5e002df28c877c266b-thumb-640xauto-4629.jpg
 create mode 100644 sonic.sega.jp/SonicChannel/assets_c/2022/06/banner_220601_SonicFrontiers_thm-thumb-640xauto-4628.jpg
 create mode 100644 sonic.sega.jp/SonicChannel/fanart/20220601_002907/index.html
 create mode 100644 sonic.sega.jp/SonicChannel/fanart/image/2206_0001.jpg
 create mode 100644 sonic.sega.jp/SonicChannel/fanart/image/2206_0002.jpg
 create mode 100644 sonic.sega.jp/SonicChannel/fanart/image/2206_0003.jpg
 create mode 100644 sonic.sega.jp/SonicChannel/fanart/image/2206_0004.jpg
 create mode 100644 sonic.sega.jp/SonicChannel/fanart/image/2206_0005.jpg
 create mode 100644 sonic.sega.jp/SonicChannel/fanart/image/2206_0006.jpg
 create mode 100644 sonic.sega.jp/SonicChannel/fanart/image/2206_0007.jpg
 create mode 100644 sonic.sega.jp/SonicChannel/fanart/image/2206_0008.jpg
 create mode 100644 sonic.sega.jp/SonicChannel/fanart/image/2206_0009.jpg
 create mode 100644 sonic.sega.jp/SonicChannel/fanart/image/2206_0010.jpg
 create mode 100644 sonic.sega.jp/SonicChannel/fanart/image/2206_0011.jpg
 create mode 100644 sonic.sega.jp/SonicChannel/fanart/image/2206_0012.jpg
 create mode 100644 sonic.sega.jp/SonicChannel/fanart/image/2206_0013.jpg
 create mode 100644 sonic.sega.jp/SonicChannel/fanart/image/2206_0014.jpg
 create mode 100644 sonic.sega.jp/SonicChannel/fanart/image/2206_0015.jpg
 create mode 100644 sonic.sega.jp/SonicChannel/fanart/image/2206_0016.jpg
 create mode 100644 sonic.sega.jp/SonicChannel/fanart/image/2206_0017.jpg
 create mode 100644 sonic.sega.jp/SonicChannel/fanart/image/2206_0018.jpg
 create mode 100644 sonic.sega.jp/SonicChannel/fanart/image/2206_0019.jpg
 create mode 100644 sonic.sega.jp/SonicChannel/fanart/image/2206_0020.jpg
 create mode 100644 sonic.sega.jp/SonicChannel/fanart/image/2206_0021.jpg
 create mode 100644 sonic.sega.jp/SonicChannel/fanart/image/2206_0022.jpg
 create mode 100644 sonic.sega.jp/SonicChannel/fanart/image/2206_0023.jpg
 create mode 100644 sonic.sega.jp/SonicChannel/fanart/image/2206_0024.jpg
 create mode 100644 sonic.sega.jp/SonicChannel/fanart/image/2206_0025.jpg
 create mode 100644 sonic.sega.jp/SonicChannel/fanart/image/2206_0026.jpg
 create mode 100644 sonic.sega.jp/SonicChannel/fanart/image/2206_0027.jpg
 create mode 100644 sonic.sega.jp/SonicChannel/fanart/image/2206_0028.jpg
 create mode 100644 sonic.sega.jp/SonicChannel/fanart/image/2206_0029.jpg
 create mode 100644 sonic.sega.jp/SonicChannel/fanart/image/2206_0030.jpg
 create mode 100644 sonic.sega.jp/SonicChannel/fanart/image/2206_0031.jpg
 create mode 100644 sonic.sega.jp/SonicChannel/fanart/image/2206_0032.jpg
 create mode 100644 sonic.sega.jp/SonicChannel/fanart/image/2206_0033.jpg
 create mode 100644 sonic.sega.jp/SonicChannel/fanart/image/2206_0034.jpg
 create mode 100644 sonic.sega.jp/SonicChannel/fanart/image/2206_0035.jpg
 create mode 100644 sonic.sega.jp/SonicChannel/fanart/image/2206_0036.jpg
 create mode 100644 sonic.sega.jp/SonicChannel/fanart/image/2206_0037.jpg
 create mode 100644 sonic.sega.jp/SonicChannel/fanart/image/2206_0038.jpg
 create mode 100644 sonic.sega.jp/SonicChannel/fanart/image/2206_0039.jpg
 create mode 100644 sonic.sega.jp/SonicChannel/fanart/image/2206_0040.jpg
 create mode 100644 sonic.sega.jp/SonicChannel/fanart/image/2206_0041.jpg
 create mode 100644 sonic.sega.jp/SonicChannel/fanart/image/2206_0042.jpg
 create mode 100644 sonic.sega.jp/SonicChannel/fanart/image/2206_0043.jpg
 create mode 100644 sonic.sega.jp/SonicChannel/fanart/image/2206_0044.jpg
 create mode 100644 sonic.sega.jp/SonicChannel/fanart/image/2206_0045.jpg
 create mode 100644 sonic.sega.jp/SonicChannel/fanart/image/2206_0046.jpg
 create mode 100644 sonic.sega.jp/SonicChannel/fanart/image/2206_0047.jpg
 create mode 100644 sonic.sega.jp/SonicChannel/fanart/image/2206_0048.jpg
 create mode 100644 sonic.sega.jp/SonicChannel/fanart/image/2206_0049.jpg
 create mode 100644 sonic.sega.jp/SonicChannel/fanart/image/b4f511a2d451fa3c51decd5e002df28c877c266b.jpg
 create mode 100644 sonic.sega.jp/SonicChannel/fanart/image/s2206_0001.jpg
 create mode 100644 sonic.sega.jp/SonicChannel/fanart/image/s2206_0002.jpg
 create mode 100644 sonic.sega.jp/SonicChannel/fanart/image/s2206_0003.jpg
 create mode 100644 sonic.sega.jp/SonicChannel/fanart/image/s2206_0004.jpg
 create mode 100644 sonic.sega.jp/SonicChannel/fanart/image/s2206_0005.jpg
 create mode 100644 sonic.sega.jp/SonicChannel/fanart/image/s2206_0006.jpg
 create mode 100644 sonic.sega.jp/SonicChannel/fanart/image/s2206_0007.jpg
 create mode 100644 sonic.sega.jp/SonicChannel/fanart/image/s2206_0008.jpg
 create mode 100644 sonic.sega.jp/SonicChannel/fanart/image/s2206_0009.jpg
 create mode 100644 sonic.sega.jp/SonicChannel/fanart/image/s2206_0010.jpg
 create mode 100644 sonic.sega.jp/SonicChannel/fanart/image/s2206_0011.jpg
 create mode 100644 sonic.sega.jp/SonicChannel/fanart/image/s2206_0012.jpg
 create mode 100644 sonic.sega.jp/SonicChannel/fanart/image/s2206_0013.jpg
 create mode 100644 sonic.sega.jp/SonicChannel/fanart/image/s2206_0014.jpg
 create mode 100644 sonic.sega.jp/SonicChannel/fanart/image/s2206_0015.jpg
 create mode 100644 sonic.sega.jp/SonicChannel/fanart/image/s2206_0016.jpg
 create mode 100644 sonic.sega.jp/SonicChannel/fanart/image/s2206_0017.jpg
 create mode 100644 sonic.sega.jp/SonicChannel/fanart/image/s2206_0018.jpg
 create mode 100644 sonic.sega.jp/SonicChannel/fanart/image/s2206_0019.jpg
 create mode 100644 sonic.sega.jp/SonicChannel/fanart/image/s2206_0020.jpg
 create mode 100644 sonic.sega.jp/SonicChannel/fanart/image/s2206_0021.jpg
 create mode 100644 sonic.sega.jp/SonicChannel/fanart/image/s2206_0022.jpg
 create mode 100644 sonic.sega.jp/SonicChannel/fanart/image/s2206_0023.jpg
 create mode 100644 sonic.sega.jp/SonicChannel/fanart/image/s2206_0024.jpg
 create mode 100644 sonic.sega.jp/SonicChannel/fanart/image/s2206_0025.jpg
 create mode 100644 sonic.sega.jp/SonicChannel/fanart/image/s2206_0026.jpg
 create mode 100644 sonic.sega.jp/SonicChannel/fanart/image/s2206_0027.jpg
 create mode 100644 sonic.sega.jp/SonicChannel/fanart/image/s2206_0028.jpg
 create mode 100644 sonic.sega.jp/SonicChannel/fanart/image/s2206_0029.jpg
 create mode 100644 sonic.sega.jp/SonicChannel/fanart/image/s2206_0030.jpg
 create mode 100644 sonic.sega.jp/SonicChannel/fanart/image/s2206_0031.jpg
 create mode 100644 sonic.sega.jp/SonicChannel/fanart/image/s2206_0032.jpg
 create mode 100644 sonic.sega.jp/SonicChannel/fanart/image/s2206_0033.jpg
 create mode 100644 sonic.sega.jp/SonicChannel/fanart/image/s2206_0034.jpg
 create mode 100644 sonic.sega.jp/SonicChannel/fanart/image/s2206_0035.jpg
 create mode 100644 sonic.sega.jp/SonicChannel/fanart/image/s2206_0036.jpg
 create mode 100644 sonic.sega.jp/SonicChannel/fanart/image/s2206_0037.jpg
 create mode 100644 sonic.sega.jp/SonicChannel/fanart/image/s2206_0038.jpg
 create mode 100644 sonic.sega.jp/SonicChannel/fanart/image/s2206_0039.jpg
 create mode 100644 sonic.sega.jp/SonicChannel/fanart/image/s2206_0040.jpg
 create mode 100644 sonic.sega.jp/SonicChannel/fanart/image/s2206_0041.jpg
 create mode 100644 sonic.sega.jp/SonicChannel/fanart/image/s2206_0042.jpg
 create mode 100644 sonic.sega.jp/SonicChannel/fanart/image/s2206_0043.jpg
 create mode 100644 sonic.sega.jp/SonicChannel/fanart/image/s2206_0044.jpg
 create mode 100644 sonic.sega.jp/SonicChannel/fanart/image/s2206_0045.jpg
 create mode 100644 sonic.sega.jp/SonicChannel/fanart/image/s2206_0046.jpg
 create mode 100644 sonic.sega.jp/SonicChannel/fanart/image/s2206_0047.jpg
 create mode 100644 sonic.sega.jp/SonicChannel/fanart/image/s2206_0048.jpg
 create mode 100644 sonic.sega.jp/SonicChannel/fanart/image/s2206_0049.jpg
 create mode 100644 sonic.sega.jp/SonicChannel/topics/image/information_220601_01_eye.jpg
 rewrite sonic.sega.jp/SonicFrontiers/image/main_logo.png (99%)
