Already up to date.
[main 46f3c571b] files from 2022-09-13, 12:09:00
 129 files changed, 7399 insertions(+), 2707 deletions(-)
 create mode 100644 log/KrazeeTobi-2022-09-13_080821.log
 create mode 100644 sonic.sega.jp/SonicChannel/assets_c/2022/09/93f2ac6cd5e23a9a64060486bed1f859a92e16ea-thumb-640xauto-4796.jpg
 create mode 100644 sonic.sega.jp/SonicChannel/assets_c/2022/09/goods_220909_01_eye-thumb-640xauto-4744.jpg
 create mode 100644 sonic.sega.jp/SonicChannel/assets_c/2022/09/goods_220910_01_eye-thumb-640xauto-4748.jpg
 create mode 100644 sonic.sega.jp/SonicChannel/assets_c/2022/09/goods_220910_02_eye-thumb-640xauto-4750.jpg
 create mode 100644 sonic.sega.jp/SonicChannel/assets_c/2022/09/goods_220910_03_eye-thumb-640xauto-4752.jpg
 create mode 100644 sonic.sega.jp/SonicChannel/assets_c/2022/09/goods_220910_04_eye-thumb-640xauto-4757.jpg
 create mode 100644 sonic.sega.jp/SonicChannel/assets_c/2022/09/goods_220910_05_eye-thumb-640xauto-4759.jpg
 create mode 100644 sonic.sega.jp/SonicChannel/assets_c/2022/09/goods_220911_01_eye-thumb-640xauto-4763.jpg
 create mode 100644 sonic.sega.jp/SonicChannel/assets_c/2022/09/goods_220912_01_eye-thumb-640xauto-4768.jpg
 create mode 100644 sonic.sega.jp/SonicChannel/assets_c/2022/09/goods_220913_01_eye-thumb-640xauto-4770.jpg
 create mode 100644 sonic.sega.jp/SonicChannel/assets_c/2022/09/goods_220913_02_eye-thumb-640xauto-4772.jpg
 create mode 100644 sonic.sega.jp/SonicChannel/assets_c/2022/09/goods_220913_03_eye-thumb-640xauto-4777.jpg
 create mode 100644 sonic.sega.jp/SonicChannel/assets_c/2022/09/goods_220913_04_eye-thumb-640xauto-4779.jpg
 create mode 100644 sonic.sega.jp/SonicChannel/assets_c/2022/09/goods_220913_05_eye-thumb-640xauto-4783.jpg
 create mode 100644 sonic.sega.jp/SonicChannel/assets_c/2022/09/goods_220913_06_eye-thumb-640xauto-4785.jpg
 create mode 100644 sonic.sega.jp/SonicChannel/assets_c/2022/09/goods_220913_07_eye-thumb-640xauto-4788.jpg
 create mode 100644 sonic.sega.jp/SonicChannel/assets_c/2022/09/sound_220913_01_eye-thumb-640xauto-4789.jpg
 create mode 100644 sonic.sega.jp/SonicChannel/special/staffcolumn/ryu.14
 create mode 100644 sonic.sega.jp/SonicChannel/special/staffcolumn/ryu.15
 create mode 100644 sonic.sega.jp/SonicChannel/topics/event/20220913_003003/index.html
 create mode 100644 sonic.sega.jp/SonicChannel/topics/goods/20220913_002988/index.html
 create mode 100644 sonic.sega.jp/SonicChannel/topics/goods/20220913_002989/index.html
 create mode 100644 sonic.sega.jp/SonicChannel/topics/goods/20220913_002990/index.html
 create mode 100644 sonic.sega.jp/SonicChannel/topics/goods/20220913_002991/index.html
 create mode 100644 sonic.sega.jp/SonicChannel/topics/goods/20220913_002992/index.html
 create mode 100644 sonic.sega.jp/SonicChannel/topics/goods/20220913_002993/index.html
 create mode 100644 sonic.sega.jp/SonicChannel/topics/goods/20220913_002994/index.html
 create mode 100644 sonic.sega.jp/SonicChannel/topics/goods/20220913_002995/index.html
 create mode 100644 sonic.sega.jp/SonicChannel/topics/goods/20220913_002996/index.html
 create mode 100644 sonic.sega.jp/SonicChannel/topics/goods/20220913_002997/index.html
 create mode 100644 sonic.sega.jp/SonicChannel/topics/goods/20220913_002998/index.html
 create mode 100644 sonic.sega.jp/SonicChannel/topics/goods/20220913_002999/index.html
 create mode 100644 sonic.sega.jp/SonicChannel/topics/goods/20220913_003000/index.html
 create mode 100644 sonic.sega.jp/SonicChannel/topics/goods/20220913_003001/index.html
 create mode 100644 sonic.sega.jp/SonicChannel/topics/goods/20220913_003002/index.html
 create mode 100644 sonic.sega.jp/SonicChannel/topics/image/93f2ac6cd5e23a9a64060486bed1f859a92e16ea.jpg
 create mode 100644 sonic.sega.jp/SonicChannel/topics/image/event_220913_01_01.jpg
 create mode 100644 sonic.sega.jp/SonicChannel/topics/image/event_220913_01_02.jpg
 create mode 100644 sonic.sega.jp/SonicChannel/topics/image/event_220913_01_03.jpg
 create mode 100644 sonic.sega.jp/SonicChannel/topics/image/event_220913_01_04.jpg
 create mode 100644 sonic.sega.jp/SonicChannel/topics/image/goods_220909_01_eye.jpg
 create mode 100644 sonic.sega.jp/SonicChannel/topics/image/goods_220910_01_01.jpg
 create mode 100644 sonic.sega.jp/SonicChannel/topics/image/goods_220910_01_02.jpg
 create mode 100644 sonic.sega.jp/SonicChannel/topics/image/goods_220910_01_eye.jpg
 create mode 100644 sonic.sega.jp/SonicChannel/topics/image/goods_220910_02_01.jpg
 create mode 100644 sonic.sega.jp/SonicChannel/topics/image/goods_220910_02_02.jpg
 create mode 100644 sonic.sega.jp/SonicChannel/topics/image/goods_220910_02_eye.jpg
 create mode 100644 sonic.sega.jp/SonicChannel/topics/image/goods_220910_03_01.jpg
 create mode 100644 sonic.sega.jp/SonicChannel/topics/image/goods_220910_03_02.jpg
 create mode 100644 sonic.sega.jp/SonicChannel/topics/image/goods_220910_03_eye.jpg
 create mode 100644 sonic.sega.jp/SonicChannel/topics/image/goods_220910_04_01.jpg
 create mode 100644 sonic.sega.jp/SonicChannel/topics/image/goods_220910_04_02.jpg
 create mode 100644 sonic.sega.jp/SonicChannel/topics/image/goods_220910_04_eye.jpg
 create mode 100644 sonic.sega.jp/SonicChannel/topics/image/goods_220910_05_01.jpg
 create mode 100644 sonic.sega.jp/SonicChannel/topics/image/goods_220910_05_02.jpg
 create mode 100644 sonic.sega.jp/SonicChannel/topics/image/goods_220910_05_eye.jpg
 create mode 100644 sonic.sega.jp/SonicChannel/topics/image/goods_220911_01_01.jpg
 create mode 100644 sonic.sega.jp/SonicChannel/topics/image/goods_220911_01_02.jpg
 create mode 100644 sonic.sega.jp/SonicChannel/topics/image/goods_220911_01_eye.jpg
 create mode 100644 sonic.sega.jp/SonicChannel/topics/image/goods_220912_01_01.jpg
 create mode 100644 sonic.sega.jp/SonicChannel/topics/image/goods_220912_01_02.jpg
 create mode 100644 sonic.sega.jp/SonicChannel/topics/image/goods_220912_01_03.jpg
 create mode 100644 sonic.sega.jp/SonicChannel/topics/image/goods_220912_01_04.jpg
 create mode 100644 sonic.sega.jp/SonicChannel/topics/image/goods_220912_01_eye.jpg
 create mode 100644 sonic.sega.jp/SonicChannel/topics/image/goods_220913_01_01.jpg
 create mode 100644 sonic.sega.jp/SonicChannel/topics/image/goods_220913_01_eye.jpg
 create mode 100644 sonic.sega.jp/SonicChannel/topics/image/goods_220913_02_01.jpg
 create mode 100644 sonic.sega.jp/SonicChannel/topics/image/goods_220913_02_02.jpg
 create mode 100644 sonic.sega.jp/SonicChannel/topics/image/goods_220913_02_eye.jpg
 create mode 100644 sonic.sega.jp/SonicChannel/topics/image/goods_220913_03_01.jpg
 create mode 100644 sonic.sega.jp/SonicChannel/topics/image/goods_220913_03_02.jpg
 create mode 100644 sonic.sega.jp/SonicChannel/topics/image/goods_220913_03_eye.jpg
 create mode 100644 sonic.sega.jp/SonicChannel/topics/image/goods_220913_04_01.jpg
 create mode 100644 sonic.sega.jp/SonicChannel/topics/image/goods_220913_04_02.jpg
 create mode 100644 sonic.sega.jp/SonicChannel/topics/image/goods_220913_04_eye.jpg
 create mode 100644 sonic.sega.jp/SonicChannel/topics/image/goods_220913_05_01.jpg
 create mode 100644 sonic.sega.jp/SonicChannel/topics/image/goods_220913_05_02.jpg
 create mode 100644 sonic.sega.jp/SonicChannel/topics/image/goods_220913_05_03.jpg
 create mode 100644 sonic.sega.jp/SonicChannel/topics/image/goods_220913_05_eye.jpg
 create mode 100644 sonic.sega.jp/SonicChannel/topics/image/goods_220913_06_01.jpg
 create mode 100644 sonic.sega.jp/SonicChannel/topics/image/goods_220913_06_eye.jpg
 create mode 100644 sonic.sega.jp/SonicChannel/topics/image/goods_220913_07_01.jpg
 create mode 100644 sonic.sega.jp/SonicChannel/topics/image/goods_220913_07_02.jpg
 create mode 100644 sonic.sega.jp/SonicChannel/topics/image/goods_220913_07_eye.jpg
 create mode 100644 sonic.sega.jp/SonicChannel/topics/image/sound_220913_01_01.jpg
 create mode 100644 sonic.sega.jp/SonicChannel/topics/image/sound_220913_01_eye.jpg
 create mode 100644 sonic.sega.jp/SonicChannel/topics/sound/20220913_003004/index.html
 create mode 100644 sonicteam.com/SonicWorldAdventure/director.12
 create mode 100644 sonicteam.com/SonicWorldAdventure/hamidashi.12
