Already up to date.
Deleted file - D:\GitHub\SonicChannelTrack\www.olympicvideogames.com\sonic\br.1
Deleted file - D:\GitHub\SonicChannelTrack\www.olympicvideogames.com\sonic\cn.1
Deleted file - D:\GitHub\SonicChannelTrack\www.olympicvideogames.com\sonic\de.1
Deleted file - D:\GitHub\SonicChannelTrack\www.olympicvideogames.com\sonic\en.1
Deleted file - D:\GitHub\SonicChannelTrack\www.olympicvideogames.com\sonic\es.1
Deleted file - D:\GitHub\SonicChannelTrack\www.olympicvideogames.com\sonic\fr.1
Deleted file - D:\GitHub\SonicChannelTrack\www.olympicvideogames.com\sonic\it.1
Deleted file - D:\GitHub\SonicChannelTrack\www.olympicvideogames.com\sonic\jp.1
Deleted file - D:\GitHub\SonicChannelTrack\www.olympicvideogames.com\sonic\kr.1
Deleted file - D:\GitHub\SonicChannelTrack\www.olympicvideogames.com\sonic\nl.1
Deleted file - D:\GitHub\SonicChannelTrack\www.olympicvideogames.com\sonic\ru.1
Deleted file - D:\GitHub\SonicChannelTrack\www.olympicvideogames.com\sonic\zh.1
Deleted file - D:\GitHub\SonicChannelTrack\sonic-movie.jp\news.1
Deleted file - D:\GitHub\SonicChannelTrack\sonic-movie.jp\news\wp-includes\js\jquery\jquery-migrate.min.js@ver=3.4.1
Deleted file - D:\GitHub\SonicChannelTrack\sonic-movie.jp\news\wp-includes\js\jquery\jquery.min.js@ver=3.7.1
Deleted file - D:\GitHub\SonicChannelTrack\sonicteam.com\SonicWorldAdventure\director.1
Deleted file - D:\GitHub\SonicChannelTrack\sonicteam.com\SonicWorldAdventure\hamidashi.1
[main f7be220798c] files from 2025-06-22, 16:52:38
 188 files changed, 296 insertions(+), 212 deletions(-)
 create mode 100644 log/KrazeeTobi-2025-06-22_095313.log
 create mode 100644 sonic.sega.jp/SonicRacingCrossWorlds/assets/images/common/courses/dlcss-spg02.png
 create mode 100644 sonic.sega.jp/SonicRacingCrossWorlds/assets/images/common/courses/dlctitle-mnc.png
 create mode 100644 sonic.sega.jp/SonicRacingCrossWorlds/assets/images/common/courses/dlctitle-spg.png
 create mode 100644 sonic.sega.jp/SonicRacingCrossWorlds/assets/images/common/guide/pass-spg.jpg
 create mode 100644 sonic.sega.jp/SonicRacingCrossWorlds/assets/images/common/guide/spgpack.png
 create mode 100644 sonic.sega.jp/SonicRacingCrossWorlds/assets/images/common/guide/spgpack01.png
 create mode 100644 sonic.sega.jp/SonicRacingCrossWorlds/assets/images/common/top/kv250622-sp.png
 create mode 100644 sonic.sega.jp/SonicRacingCrossWorlds/assets/images/common/top/kv250622.jpg
 create mode 100644 sonic.sega.jp/SonicRacingCrossWorlds/assets/images/jp/videos/thumbnail/kca.webp
