Already up to date.
[main 87faa5e47] files from 2022-08-30, 12:52:16
 66 files changed, 599 insertions(+), 92 deletions(-)
 create mode 100644 archives/toyshow/toynes/2006/April/10/index.html
 create mode 100644 archives/toyshow/toynes/2006/April/13/index.html
 create mode 100644 archives/toyshow/toynes/2006/April/19/index.html
 create mode 100644 archives/toyshow/toynes/2006/April/25/index_t.gif
 create mode 100644 archives/toyshow/toynes/2006/April/25/wan.gif
 create mode 100644 archives/toyshow/toynes/2006/April/25/ya_l.gif
 create mode 100644 archives/toyshow/toynes/2006/April/25/ya_r.gif
 create mode 100644 archives/toyshow/toynes/2006/April/27/index.html
 create mode 100644 archives/toyshow/toynes/2006/April/6/index.html
 create mode 100644 archives/toyshow/toynes/2006/August/13/index_t.gif
 create mode 100644 archives/toyshow/toynes/2006/August/13/wan.gif
 create mode 100644 archives/toyshow/toynes/2006/August/13/ya_l.gif
 create mode 100644 archives/toyshow/toynes/2006/August/13/ya_r.gif
 create mode 100644 archives/toyshow/toynes/2006/August/30/index_t.gif
 create mode 100644 archives/toyshow/toynes/2006/August/30/wan.gif
 create mode 100644 archives/toyshow/toynes/2006/August/30/ya_l.gif
 create mode 100644 archives/toyshow/toynes/2006/August/30/ya_r.gif
 create mode 100644 archives/toyshow/toynes/2006/August/7/index_t.gif
 create mode 100644 archives/toyshow/toynes/2006/August/7/wan.gif
 create mode 100644 archives/toyshow/toynes/2006/August/7/ya_l.gif
 create mode 100644 archives/toyshow/toynes/2006/August/7/ya_r.gif
 create mode 100644 archives/toyshow/toynes/2006/December/21/index.html
 create mode 100644 archives/toyshow/toynes/2006/February/14/index.html
 create mode 100644 archives/toyshow/toynes/2006/February/17/index.html
 create mode 100644 archives/toyshow/toynes/2006/February/3/index.html
 create mode 100644 archives/toyshow/toynes/2006/February/8/index.html
 create mode 100644 archives/toyshow/toynes/2006/January/11/index.html
 create mode 100644 archives/toyshow/toynes/2006/January/12/index_t.gif
 create mode 100644 archives/toyshow/toynes/2006/January/12/ya_l.gif
 create mode 100644 archives/toyshow/toynes/2006/January/7/index.html
 create mode 100644 archives/toyshow/toynes/2006/January/9/index.html
 create mode 100644 archives/toyshow/toynes/2006/July/11/index_t.gif
 create mode 100644 archives/toyshow/toynes/2006/July/11/wan.gif
 create mode 100644 archives/toyshow/toynes/2006/July/11/ya_l.gif
 create mode 100644 archives/toyshow/toynes/2006/July/11/ya_r.gif
 create mode 100644 archives/toyshow/toynes/2006/July/13/index_t.gif
 create mode 100644 archives/toyshow/toynes/2006/July/13/wan.gif
 create mode 100644 archives/toyshow/toynes/2006/July/13/ya_l.gif
 create mode 100644 archives/toyshow/toynes/2006/July/13/ya_r.gif
 create mode 100644 archives/toyshow/toynes/2006/July/18/index_t.gif
 create mode 100644 archives/toyshow/toynes/2006/July/18/wan.gif
 create mode 100644 archives/toyshow/toynes/2006/July/18/ya_l.gif
 create mode 100644 archives/toyshow/toynes/2006/July/18/ya_r.gif
 create mode 100644 archives/toyshow/toynes/2006/July/3/index.html
 create mode 100644 archives/toyshow/toynes/2006/June/15/index.html
 create mode 100644 archives/toyshow/toynes/2006/March/19/index_t.gif
 create mode 100644 archives/toyshow/toynes/2006/March/19/wan.gif
 create mode 100644 archives/toyshow/toynes/2006/March/19/ya_l.gif
 create mode 100644 archives/toyshow/toynes/2006/May/19/index.html
 create mode 100644 archives/toyshow/toynes/2006/October/10/index.html
 create mode 100644 archives/toyshow/toynes/2006/October/24/index_t.gif
 create mode 100644 archives/toyshow/toynes/2006/October/25/ya_r.gif
 create mode 100644 archives/toyshow/toynes/2006/October/26/ya_l.gif
 create mode 100644 archives/toyshow/toynes/2006/October/27/index.html
 create mode 100644 archives/toyshow/toynes/2006/October/27/wan.gif
 create mode 100644 archives/toyshow/toynes/2006/September/10/index.html
 create mode 100644 archives/toyshow/toynes/2007/January/1/index_t.gif
 create mode 100644 archives/toyshow/toynes/2007/January/1/wan.gif
 create mode 100644 archives/toyshow/toynes/2007/January/1/ya_l.gif
 create mode 100644 archives/toyshow/toynes/2007/January/1/ya_r.gif
 create mode 100644 log/KrazeeTobi-2022-08-30_085424.log
 rewrite www.nintendo.co.jp/wiiu/abjj/files/img/index/title/olympic_game.png (100%)
