Already up to date.
Deleted file - D:\GitHub\SonicChannelTrack\sonic.sega.jp\sonicchannel\about.1
Deleted file - D:\GitHub\SonicChannelTrack\sonic.sega.jp\sonicchannel\character.1
Deleted file - D:\GitHub\SonicChannelTrack\sonic.sega.jp\sonicchannel\fangallery.1
Deleted file - D:\GitHub\SonicChannelTrack\sonic.sega.jp\sonicchannel\special.1
Deleted file - D:\GitHub\SonicChannelTrack\sonic.sega.jp\sonicchannel\fangallery\apply.1
Deleted file - D:\GitHub\SonicChannelTrack\sonic.sega.jp\sonicchannel\fangallery\fanart.1
Deleted file - D:\GitHub\SonicChannelTrack\sonic.sega.jp\sonicchannel\fangallery\oshiete.1
Deleted file - D:\GitHub\SonicChannelTrack\sonic.sega.jp\sonicchannel\fangallery\screenshot.1
Deleted file - D:\GitHub\SonicChannelTrack\sonic.sega.jp\sonicchannel\special\sidestory.1
Deleted file - D:\GitHub\SonicChannelTrack\sonic.sega.jp\sonicchannel\special\sns.1
Deleted file - D:\GitHub\SonicChannelTrack\sonic.sega.jp\sonicchannel\special\staffcolumn.1
Deleted file - D:\GitHub\SonicChannelTrack\sonic.sega.jp\sonicchannel\special\gamecontents\soniccolors.1
Deleted file - D:\GitHub\SonicChannelTrack\sonic.sega.jp\sonicchannel\special\gamecontents\sonicforces.1
Deleted file - D:\GitHub\SonicChannelTrack\sonic.sega.jp\sonicchannel\special\gamecontents\sonicmania.1
Deleted file - D:\GitHub\SonicChannelTrack\sonic.sega.jp\sonicchannel\special\sidestory\comic.1
Deleted file - D:\GitHub\SonicChannelTrack\sonic.sega.jp\sonicchannel\special\sidestory\coverstory.1
Deleted file - D:\GitHub\SonicChannelTrack\sonic.sega.jp\sonicchannel\special\sidestory\ohgiri.1
Deleted file - D:\GitHub\SonicChannelTrack\sonic.sega.jp\sonicchannel\special\sidestory\sonicpict.1
Deleted file - D:\GitHub\SonicChannelTrack\sonic.sega.jp\sonicchannel\special\soundcolumn\ohtani.1
Deleted file - D:\GitHub\SonicChannelTrack\sonic.sega.jp\sonicchannel\special\soundcolumn\senoue.1
Deleted file - D:\GitHub\SonicChannelTrack\sonic.sega.jp\sonicchannel\topics\collaboration.1
Deleted file - D:\GitHub\SonicChannelTrack\sonic.sega.jp\sonicchannel\topics\event.1
Deleted file - D:\GitHub\SonicChannelTrack\sonic.sega.jp\sonicchannel\topics\goods.1
Deleted file - D:\GitHub\SonicChannelTrack\sonic.sega.jp\sonicchannel\topics\information.1
Deleted file - D:\GitHub\SonicChannelTrack\sonic.sega.jp\sonicchannel\topics\sound.1
Deleted file - D:\GitHub\SonicChannelTrack\sonic.sega.jp\sonicchannel\topics\goods\20190607_001917.1
Deleted file - D:\GitHub\SonicChannelTrack\sonic.sega.jp\sonicchannel\about.2
Deleted file - D:\GitHub\SonicChannelTrack\sonic.sega.jp\sonicchannel\character.2
Deleted file - D:\GitHub\SonicChannelTrack\sonic.sega.jp\sonicchannel\fangallery.2
Deleted file - D:\GitHub\SonicChannelTrack\sonic.sega.jp\sonicchannel\special.2
Deleted file - D:\GitHub\SonicChannelTrack\sonic.sega.jp\sonicchannel\fangallery\apply.2
Deleted file - D:\GitHub\SonicChannelTrack\sonic.sega.jp\sonicchannel\fangallery\fanart.2
Deleted file - D:\GitHub\SonicChannelTrack\sonic.sega.jp\sonicchannel\fangallery\oshiete.2
Deleted file - D:\GitHub\SonicChannelTrack\sonic.sega.jp\sonicchannel\fangallery\screenshot.2
Deleted file - D:\GitHub\SonicChannelTrack\sonic.sega.jp\sonicchannel\special\sidestory.2
Deleted file - D:\GitHub\SonicChannelTrack\sonic.sega.jp\sonicchannel\special\sns.2
Deleted file - D:\GitHub\SonicChannelTrack\sonic.sega.jp\sonicchannel\special\staffcolumn.2
Deleted file - D:\GitHub\SonicChannelTrack\sonic.sega.jp\sonicchannel\special\gamecontents\soniccolors.2
Deleted file - D:\GitHub\SonicChannelTrack\sonic.sega.jp\sonicchannel\special\gamecontents\sonicforces.2
Deleted file - D:\GitHub\SonicChannelTrack\sonic.sega.jp\sonicchannel\special\gamecontents\sonicmania.2
Deleted file - D:\GitHub\SonicChannelTrack\sonic.sega.jp\sonicchannel\special\sidestory\comic.2
Deleted file - D:\GitHub\SonicChannelTrack\sonic.sega.jp\sonicchannel\special\sidestory\coverstory.2
Deleted file - D:\GitHub\SonicChannelTrack\sonic.sega.jp\sonicchannel\special\sidestory\ohgiri.2
Deleted file - D:\GitHub\SonicChannelTrack\sonic.sega.jp\sonicchannel\special\sidestory\sonicpict.2
Deleted file - D:\GitHub\SonicChannelTrack\sonic.sega.jp\sonicchannel\special\soundcolumn\ohtani.2
Deleted file - D:\GitHub\SonicChannelTrack\sonic.sega.jp\sonicchannel\special\soundcolumn\senoue.2
Deleted file - D:\GitHub\SonicChannelTrack\sonic.sega.jp\sonicchannel\topics\collaboration.2
Deleted file - D:\GitHub\SonicChannelTrack\sonic.sega.jp\sonicchannel\topics\event.2
Deleted file - D:\GitHub\SonicChannelTrack\sonic.sega.jp\sonicchannel\topics\goods.2
Deleted file - D:\GitHub\SonicChannelTrack\sonic.sega.jp\sonicchannel\topics\information.2
Deleted file - D:\GitHub\SonicChannelTrack\sonic.sega.jp\sonicchannel\topics\sound.2
Deleted file - D:\GitHub\SonicChannelTrack\sonic.sega.jp\sonicchannel\about.3
Deleted file - D:\GitHub\SonicChannelTrack\sonic.sega.jp\sonicchannel\character.3
Deleted file - D:\GitHub\SonicChannelTrack\sonic.sega.jp\sonicchannel\fangallery.3
Deleted file - D:\GitHub\SonicChannelTrack\sonic.sega.jp\sonicchannel\fangallery\apply.3
Deleted file - D:\GitHub\SonicChannelTrack\sonic.sega.jp\sonicchannel\fangallery\fanart.3
Deleted file - D:\GitHub\SonicChannelTrack\sonic.sega.jp\sonicchannel\fangallery\oshiete.3
Deleted file - D:\GitHub\SonicChannelTrack\sonic.sega.jp\sonicchannel\fangallery\screenshot.3
Deleted file - D:\GitHub\SonicChannelTrack\sonic.sega.jp\sonicchannel\special\sidestory.3
Deleted file - D:\GitHub\SonicChannelTrack\sonic.sega.jp\sonicchannel\special\sns.3
Deleted file - D:\GitHub\SonicChannelTrack\sonic.sega.jp\sonicchannel\special\staffcolumn.3
Deleted file - D:\GitHub\SonicChannelTrack\sonic.sega.jp\sonicchannel\special\gamecontents\soniccolors.3
Deleted file - D:\GitHub\SonicChannelTrack\sonic.sega.jp\sonicchannel\special\gamecontents\sonicforces.3
Deleted file - D:\GitHub\SonicChannelTrack\sonic.sega.jp\sonicchannel\special\sidestory\comic.3
Deleted file - D:\GitHub\SonicChannelTrack\sonic.sega.jp\sonicchannel\special\sidestory\coverstory.3
Deleted file - D:\GitHub\SonicChannelTrack\sonic.sega.jp\sonicchannel\special\sidestory\ohgiri.3
Deleted file - D:\GitHub\SonicChannelTrack\sonic.sega.jp\sonicchannel\special\sidestory\sonicpict.3
Deleted file - D:\GitHub\SonicChannelTrack\sonic.sega.jp\sonicchannel\topics\collaboration.3
Deleted file - D:\GitHub\SonicChannelTrack\sonic.sega.jp\sonicchannel\topics\event.3
Deleted file - D:\GitHub\SonicChannelTrack\sonic.sega.jp\sonicchannel\topics\goods.3
Deleted file - D:\GitHub\SonicChannelTrack\sonic.sega.jp\sonicchannel\topics\information.3
Deleted file - D:\GitHub\SonicChannelTrack\sonic.sega.jp\sonicchannel\topics\sound.3
Deleted file - D:\GitHub\SonicChannelTrack\sonic.sega.jp\sonicchannel\about.4
Deleted file - D:\GitHub\SonicChannelTrack\sonic.sega.jp\sonicchannel\character.4
Deleted file - D:\GitHub\SonicChannelTrack\sonic.sega.jp\sonicchannel\fangallery.4
Deleted file - D:\GitHub\SonicChannelTrack\sonic.sega.jp\sonicchannel\special\sidestory.4
Deleted file - D:\GitHub\SonicChannelTrack\sonic.sega.jp\sonicchannel\special\gamecontents\soniccolors.4
Deleted file - D:\GitHub\SonicChannelTrack\sonic.sega.jp\sonicchannel\special\gamecontents\sonicforces.4
Deleted file - D:\GitHub\SonicChannelTrack\sonic.sega.jp\sonicchannel\special\sidestory\comic.4
Deleted file - D:\GitHub\SonicChannelTrack\sonic.sega.jp\sonicchannel\special\sidestory\coverstory.4
Deleted file - D:\GitHub\SonicChannelTrack\sonic.sega.jp\sonicchannel\topics\collaboration.4
Deleted file - D:\GitHub\SonicChannelTrack\sonic.sega.jp\sonicchannel\topics\event.4
Deleted file - D:\GitHub\SonicChannelTrack\sonic.sega.jp\sonicchannel\topics\goods.4
Deleted file - D:\GitHub\SonicChannelTrack\sonic.sega.jp\sonicchannel\topics\information.4
Deleted file - D:\GitHub\SonicChannelTrack\sonic.sega.jp\sonicchannel\topics\sound.4
Deleted file - D:\GitHub\SonicChannelTrack\sonic.sega.jp\sonicchannel\about.5
Deleted file - D:\GitHub\SonicChannelTrack\sonic.sega.jp\sonicchannel\character.5
Deleted file - D:\GitHub\SonicChannelTrack\www.olympicvideogames.com\sonic\br.1
Deleted file - D:\GitHub\SonicChannelTrack\www.olympicvideogames.com\sonic\cn.1
Deleted file - D:\GitHub\SonicChannelTrack\www.olympicvideogames.com\sonic\de.1
Deleted file - D:\GitHub\SonicChannelTrack\www.olympicvideogames.com\sonic\en.1
Deleted file - D:\GitHub\SonicChannelTrack\www.olympicvideogames.com\sonic\es.1
Deleted file - D:\GitHub\SonicChannelTrack\www.olympicvideogames.com\sonic\fr.1
Deleted file - D:\GitHub\SonicChannelTrack\www.olympicvideogames.com\sonic\it.1
Deleted file - D:\GitHub\SonicChannelTrack\www.olympicvideogames.com\sonic\jp.1
Deleted file - D:\GitHub\SonicChannelTrack\www.olympicvideogames.com\sonic\kr.1
Deleted file - D:\GitHub\SonicChannelTrack\www.olympicvideogames.com\sonic\nl.1
Deleted file - D:\GitHub\SonicChannelTrack\www.olympicvideogames.com\sonic\ru.1
Deleted file - D:\GitHub\SonicChannelTrack\www.olympicvideogames.com\sonic\zh.1
Deleted file - D:\GitHub\SonicChannelTrack\sonic-movie.jp\news.1
Deleted file - D:\GitHub\SonicChannelTrack\sonic-movie.jp\news\wp-includes\js\jquery\jquery-migrate.min.js@ver=1.4.1
Deleted file - D:\GitHub\SonicChannelTrack\sonicteam.com\SonicWorldAdventure\director.1
Deleted file - D:\GitHub\SonicChannelTrack\sonicteam.com\SonicWorldAdventure\hamidashi.1
[main c03ef4f14eb] files from 2024-10-11,  6:59:28
 442 files changed, 1411 insertions(+), 808 deletions(-)
 create mode 100644 log/KrazeeTobi-2024-10-11_011743.log
 create mode 100644 log/KrazeeTobi-2024-10-11_012001.log
 create mode 100644 log/KrazeeTobi-2024-10-11_013001.log
 create mode 100644 sonic-movie.jp/images/blur_logo_mission.png
 create mode 100644 sonic-movie.jp/images/blur_logo_shadow.png
 create mode 100644 sonic-movie.jp/images/blur_logo_sonic.png
 create mode 100644 sonic-movie.jp/images/btn_close.png
 create mode 100644 sonic-movie.jp/images/btn_open.png
 create mode 100644 sonic-movie.jp/images/logo_mission.png
 create mode 100644 sonic-movie.jp/images/logo_shadow.png
 create mode 100644 sonic-movie.jp/images/logo_sonic.png
 create mode 100644 sonic-movie.jp/images/logo_x.png
 create mode 100644 sonic-movie.jp/images/mainvisual.jpg
 create mode 100644 sonic-movie.jp/images/navi_news.png
 create mode 100644 sonic-movie.jp/images/navi_top.png
 create mode 100644 sonic-movie.jp/images/navi_trailer.png
 create mode 100644 sonic-movie.jp/images/sell_mvtk.png
 create mode 100644 sonic-movie.jp/js/jquery.easing.js
 create mode 100644 sonic.sega.jp/SonicXShadowGenerations/assets/images/common/Arrow-l.webp
 create mode 100644 sonic.sega.jp/SonicXShadowGenerations/assets/images/common/Arrow-r.webp
 create mode 100644 sonic.sega.jp/SonicXShadowGenerations/assets/images/common/X.webp
 create mode 100644 sonic.sega.jp/SonicXShadowGenerations/assets/images/common/close.webp
 create mode 100644 sonic.sega.jp/SonicXShadowGenerations/assets/images/common/facebook.webp
 create mode 100644 sonic.sega.jp/SonicXShadowGenerations/assets/images/common/features/beam01-l.webp
 create mode 100644 sonic.sega.jp/SonicXShadowGenerations/assets/images/common/features/beam01-r.webp
 create mode 100644 sonic.sega.jp/SonicXShadowGenerations/assets/images/common/features/beam02-l.webp
 create mode 100644 sonic.sega.jp/SonicXShadowGenerations/assets/images/common/features/beam02-r.webp
 create mode 100644 sonic.sega.jp/SonicXShadowGenerations/assets/images/common/features/featImg01-01.webp
 create mode 100644 sonic.sega.jp/SonicXShadowGenerations/assets/images/common/features/featImg01-02.webp
 create mode 100644 sonic.sega.jp/SonicXShadowGenerations/assets/images/common/features/featImg01-03.webp
 create mode 100644 sonic.sega.jp/SonicXShadowGenerations/assets/images/common/features/featImg01-04.webp
 create mode 100644 sonic.sega.jp/SonicXShadowGenerations/assets/images/common/features/featImg01-05.webp
 create mode 100644 sonic.sega.jp/SonicXShadowGenerations/assets/images/common/features/featImg02-01.webp
 create mode 100644 sonic.sega.jp/SonicXShadowGenerations/assets/images/common/features/featImg02-02.webp
 create mode 100644 sonic.sega.jp/SonicXShadowGenerations/assets/images/common/features/featTitle01-01.webp
 create mode 100644 sonic.sega.jp/SonicXShadowGenerations/assets/images/common/features/featTitle01-02.webp
 create mode 100644 sonic.sega.jp/SonicXShadowGenerations/assets/images/common/features/featTitle01-03.webp
 create mode 100644 sonic.sega.jp/SonicXShadowGenerations/assets/images/common/features/featTitle01-04.webp
 create mode 100644 sonic.sega.jp/SonicXShadowGenerations/assets/images/common/features/featTitle01-05.webp
 create mode 100644 sonic.sega.jp/SonicXShadowGenerations/assets/images/common/features/featTitle02-01.webp
 create mode 100644 sonic.sega.jp/SonicXShadowGenerations/assets/images/common/features/featTitle02-02.webp
 create mode 100644 sonic.sega.jp/SonicXShadowGenerations/assets/images/common/features/featTopBg01.webp
 create mode 100644 sonic.sega.jp/SonicXShadowGenerations/assets/images/common/features/featTopBg02.webp
 create mode 100644 sonic.sega.jp/SonicXShadowGenerations/assets/images/common/features/featTopIcon01.webp
 create mode 100644 sonic.sega.jp/SonicXShadowGenerations/assets/images/common/features/featTopIcon02.webp
 create mode 100644 sonic.sega.jp/SonicXShadowGenerations/assets/images/common/features/featTopImg01-01.webp
 create mode 100644 sonic.sega.jp/SonicXShadowGenerations/assets/images/common/features/featTopImg01-02.webp
 create mode 100644 sonic.sega.jp/SonicXShadowGenerations/assets/images/common/features/featTopImg01-03.webp
 create mode 100644 sonic.sega.jp/SonicXShadowGenerations/assets/images/common/features/featTopImg01-04.webp
 create mode 100644 sonic.sega.jp/SonicXShadowGenerations/assets/images/common/features/featTopImg01-05.webp
 create mode 100644 sonic.sega.jp/SonicXShadowGenerations/assets/images/common/features/pageTitle.webp
 create mode 100644 sonic.sega.jp/SonicXShadowGenerations/assets/images/common/features/scroll01.webp
 create mode 100644 sonic.sega.jp/SonicXShadowGenerations/assets/images/common/features/scroll02.webp
 create mode 100644 sonic.sega.jp/SonicXShadowGenerations/assets/images/common/features/scrollarrow01.webp
 create mode 100644 sonic.sega.jp/SonicXShadowGenerations/assets/images/common/features/scrollarrow02.webp
 create mode 100644 sonic.sega.jp/SonicXShadowGenerations/assets/images/common/guide/coice.webp
 create mode 100644 sonic.sega.jp/SonicXShadowGenerations/assets/images/common/guide/jp/dlBtn-close.webp
 create mode 100644 sonic.sega.jp/SonicXShadowGenerations/assets/images/common/guide/jp/packBtn-close.webp
 create mode 100644 sonic.sega.jp/SonicXShadowGenerations/assets/images/common/line.webp
 create mode 100644 sonic.sega.jp/SonicXShadowGenerations/assets/images/common/loadingBg.webp
 create mode 100644 sonic.sega.jp/SonicXShadowGenerations/assets/images/common/media/jp/thumb_pawerTrailer.webp
 create mode 100644 sonic.sega.jp/SonicXShadowGenerations/assets/images/common/media/pageTitle.webp
 create mode 100644 sonic.sega.jp/SonicXShadowGenerations/assets/images/common/media/play.webp
 create mode 100644 sonic.sega.jp/SonicXShadowGenerations/assets/images/common/menu/chara.webp
 create mode 100644 sonic.sega.jp/SonicXShadowGenerations/assets/images/common/menu/feat.webp
 create mode 100644 sonic.sega.jp/SonicXShadowGenerations/assets/images/common/menu/jp/buyBtn-hover.webp
 create mode 100644 sonic.sega.jp/SonicXShadowGenerations/assets/images/common/menu/jp/buyBtn.webp
 create mode 100644 sonic.sega.jp/SonicXShadowGenerations/assets/images/common/menu/media.webp
 create mode 100644 sonic.sega.jp/SonicXShadowGenerations/assets/images/common/menu/stage.webp
 create mode 100644 sonic.sega.jp/SonicXShadowGenerations/assets/images/common/menu/story.webp
 create mode 100644 sonic.sega.jp/SonicXShadowGenerations/assets/images/common/news/detailIcon.webp
 create mode 100644 sonic.sega.jp/SonicXShadowGenerations/assets/images/common/plusMark.webp
 create mode 100644 sonic.sega.jp/SonicXShadowGenerations/assets/images/common/stage/arrow-r.webp
 create mode 100644 sonic.sega.jp/SonicXShadowGenerations/assets/images/common/stage/arrow.webp
 create mode 100644 sonic.sega.jp/SonicXShadowGenerations/assets/images/common/stage/pageTitle.webp
 create mode 100644 sonic.sega.jp/SonicXShadowGenerations/assets/images/common/stage/stage01-01ss01.webp
 create mode 100644 sonic.sega.jp/SonicXShadowGenerations/assets/images/common/stage/stage01-01ss02.webp
 create mode 100644 sonic.sega.jp/SonicXShadowGenerations/assets/images/common/stage/stage01-02ss01.webp
 create mode 100644 sonic.sega.jp/SonicXShadowGenerations/assets/images/common/stage/stage01-02ss02.webp
 create mode 100644 sonic.sega.jp/SonicXShadowGenerations/assets/images/common/stage/stage01-03ss01.webp
 create mode 100644 sonic.sega.jp/SonicXShadowGenerations/assets/images/common/stage/stage01-03ss02.webp
 create mode 100644 sonic.sega.jp/SonicXShadowGenerations/assets/images/common/stage/stage02-01ss01.webp
 create mode 100644 sonic.sega.jp/SonicXShadowGenerations/assets/images/common/stage/stage02-01ss02.webp
 create mode 100644 sonic.sega.jp/SonicXShadowGenerations/assets/images/common/stage/stage02-02ss01.webp
 create mode 100644 sonic.sega.jp/SonicXShadowGenerations/assets/images/common/stage/stage02-02ss02.webp
 create mode 100644 sonic.sega.jp/SonicXShadowGenerations/assets/images/common/stage/stage02-03ss01.webp
 create mode 100644 sonic.sega.jp/SonicXShadowGenerations/assets/images/common/stage/stage02-03ss02.webp
 create mode 100644 sonic.sega.jp/SonicXShadowGenerations/assets/images/common/stage/stageBtn01-01.webp
 create mode 100644 sonic.sega.jp/SonicXShadowGenerations/assets/images/common/stage/stageBtn01-02.webp
 create mode 100644 sonic.sega.jp/SonicXShadowGenerations/assets/images/common/stage/stageBtn01-03.webp
 create mode 100644 sonic.sega.jp/SonicXShadowGenerations/assets/images/common/stage/stageBtn02-01.webp
 create mode 100644 sonic.sega.jp/SonicXShadowGenerations/assets/images/common/stage/stageBtn02-02.webp
 create mode 100644 sonic.sega.jp/SonicXShadowGenerations/assets/images/common/stage/stageBtn02-03.webp
 create mode 100644 sonic.sega.jp/SonicXShadowGenerations/assets/images/common/stage/stageImg01-01.webp
 create mode 100644 sonic.sega.jp/SonicXShadowGenerations/assets/images/common/stage/stageImg01-02.webp
 create mode 100644 sonic.sega.jp/SonicXShadowGenerations/assets/images/common/stage/stageImg01-03.webp
 create mode 100644 sonic.sega.jp/SonicXShadowGenerations/assets/images/common/stage/stageImg02-01.webp
 create mode 100644 sonic.sega.jp/SonicXShadowGenerations/assets/images/common/stage/stageImg02-02.webp
 create mode 100644 sonic.sega.jp/SonicXShadowGenerations/assets/images/common/stage/stageImg02-03.webp
 create mode 100644 sonic.sega.jp/SonicXShadowGenerations/assets/images/common/story/pageTitle.webp
 create mode 100644 sonic.sega.jp/SonicXShadowGenerations/assets/images/common/story/story01-ss01.webp
 create mode 100644 sonic.sega.jp/SonicXShadowGenerations/assets/images/common/story/story01-ss02.webp
 create mode 100644 sonic.sega.jp/SonicXShadowGenerations/assets/images/common/story/story01-ss03.webp
 create mode 100644 sonic.sega.jp/SonicXShadowGenerations/assets/images/common/story/story01-ss04.webp
 create mode 100644 sonic.sega.jp/SonicXShadowGenerations/assets/images/common/story/story01-ss05.webp
 create mode 100644 sonic.sega.jp/SonicXShadowGenerations/assets/images/common/story/story02-ss01.webp
 create mode 100644 sonic.sega.jp/SonicXShadowGenerations/assets/images/common/story/story02-ss02.webp
 create mode 100644 sonic.sega.jp/SonicXShadowGenerations/assets/images/common/story/story02-ss03.webp
 create mode 100644 sonic.sega.jp/SonicXShadowGenerations/assets/images/common/story/story02-ss04.webp
 create mode 100644 sonic.sega.jp/SonicXShadowGenerations/assets/images/common/story/story02-ss05.webp
 create mode 100644 sonic.sega.jp/SonicXShadowGenerations/assets/images/common/top/about01-ss01.webp
 create mode 100644 sonic.sega.jp/SonicXShadowGenerations/assets/images/common/top/about01-ss02.webp
 create mode 100644 sonic.sega.jp/SonicXShadowGenerations/assets/images/common/top/about01-ss03.webp
 create mode 100644 sonic.sega.jp/SonicXShadowGenerations/assets/images/common/top/about01-ss04.webp
 create mode 100644 sonic.sega.jp/SonicXShadowGenerations/assets/images/common/top/about02-ss01.webp
 create mode 100644 sonic.sega.jp/SonicXShadowGenerations/assets/images/common/top/about02-ss02.webp
 create mode 100644 sonic.sega.jp/SonicXShadowGenerations/assets/images/common/top/about02-ss03.webp
 create mode 100644 sonic.sega.jp/SonicXShadowGenerations/assets/images/common/top/about02-ss04.webp
 create mode 100644 sonic.sega.jp/SonicXShadowGenerations/assets/images/common/top/aboutChara01.webp
 create mode 100644 sonic.sega.jp/SonicXShadowGenerations/assets/images/common/top/aboutChara02.webp
 create mode 100644 sonic.sega.jp/SonicXShadowGenerations/assets/images/common/top/aboutDirt01-l.webp
 create mode 100644 sonic.sega.jp/SonicXShadowGenerations/assets/images/common/top/aboutDirt01-r.webp
 create mode 100644 sonic.sega.jp/SonicXShadowGenerations/assets/images/common/top/aboutDirt02-l.webp
 create mode 100644 sonic.sega.jp/SonicXShadowGenerations/assets/images/common/top/aboutDirt02-r.webp
 create mode 100644 sonic.sega.jp/SonicXShadowGenerations/assets/images/common/top/jp/aboutTxt01.webp
 create mode 100644 sonic.sega.jp/SonicXShadowGenerations/assets/images/common/top/jp/aboutTxt02.webp
 create mode 100644 sonic.sega.jp/SonicXShadowGenerations/assets/images/common/top/jp/catch.webp
 create mode 100644 sonic.sega.jp/SonicXShadowGenerations/assets/images/common/top/jp/kvlogo.webp
 create mode 100644 sonic.sega.jp/SonicXShadowGenerations/assets/images/common/top/more.webp
 create mode 100644 sonic.sega.jp/SonicXShadowGenerations/assets/images/common/top/newsArrow.webp
 create mode 100644 sonic.sega.jp/SonicXShadowGenerations/assets/images/common/top/shadowName.webp
 create mode 100644 sonic.sega.jp/SonicXShadowGenerations/assets/images/common/top/shadowmark.webp
 create mode 100644 sonic.sega.jp/SonicXShadowGenerations/assets/images/common/top/sonicName.webp
 create mode 100644 sonic.sega.jp/SonicXShadowGenerations/assets/images/common/top/sonicmark.webp
 create mode 100644 sonic.sega.jp/SonicXShadowGenerations/assets/images/common/top/title01.webp
 create mode 100644 sonic.sega.jp/SonicXShadowGenerations/assets/images/common/top/title02.webp
 create mode 100644 sonic.sega.jp/SonicXShadowGenerations/assets/images/common/top/title03.webp
 create mode 100644 sonic.sega.jp/SonicXShadowGenerations/assets/images/pc/chara/changeBtn-hover.webp
 create mode 100644 sonic.sega.jp/SonicXShadowGenerations/assets/images/pc/chara/changeBtn.webp
 create mode 100644 sonic.sega.jp/SonicXShadowGenerations/assets/images/pc/chara/charaBgTxt01-02.webp
 create mode 100644 sonic.sega.jp/SonicXShadowGenerations/assets/images/pc/chara/charaBgTxt01-03.webp
 create mode 100644 sonic.sega.jp/SonicXShadowGenerations/assets/images/pc/chara/charaBgTxt02-05.webp
 create mode 100644 sonic.sega.jp/SonicXShadowGenerations/assets/images/pc/chara/charaBgTxt02-08.webp
 create mode 100644 sonic.sega.jp/SonicXShadowGenerations/assets/images/pc/chara/charaBgTxt02-09.webp
 create mode 100644 sonic.sega.jp/SonicXShadowGenerations/assets/images/pc/chara/charaBgTxt02-11.webp
 create mode 100644 sonic.sega.jp/SonicXShadowGenerations/assets/images/pc/chara/charaBgTxt02-12.webp
 create mode 100644 sonic.sega.jp/SonicXShadowGenerations/assets/images/pc/chara/charaMark01.webp
 create mode 100644 sonic.sega.jp/SonicXShadowGenerations/assets/images/pc/chara/charaMark02.webp
 create mode 100644 sonic.sega.jp/SonicXShadowGenerations/assets/images/pc/chara/cut01-pc.webp
 create mode 100644 sonic.sega.jp/SonicXShadowGenerations/assets/images/pc/chara/cut02-pc.webp
 create mode 100644 sonic.sega.jp/SonicXShadowGenerations/assets/images/pc/features/Title01.webp
 create mode 100644 sonic.sega.jp/SonicXShadowGenerations/assets/images/pc/features/Title02.webp
 create mode 100644 sonic.sega.jp/SonicXShadowGenerations/assets/images/pc/features/featTopImg02-01.webp
 create mode 100644 sonic.sega.jp/SonicXShadowGenerations/assets/images/pc/features/featTopImg02-02.webp
 create mode 100644 sonic.sega.jp/SonicXShadowGenerations/assets/images/pc/features/featss02-01l.webp
 create mode 100644 sonic.sega.jp/SonicXShadowGenerations/assets/images/pc/features/featss02-01r.webp
 create mode 100644 sonic.sega.jp/SonicXShadowGenerations/assets/images/pc/features/featss02-02l.webp
 create mode 100644 sonic.sega.jp/SonicXShadowGenerations/assets/images/pc/features/featss02-02r.webp
 create mode 100644 sonic.sega.jp/SonicXShadowGenerations/assets/images/pc/features/featss02-03l.webp
 create mode 100644 sonic.sega.jp/SonicXShadowGenerations/assets/images/pc/features/featss02-03r.webp
 create mode 100644 sonic.sega.jp/SonicXShadowGenerations/assets/images/pc/guide/cut.webp
 create mode 100644 sonic.sega.jp/SonicXShadowGenerations/assets/images/pc/media/cut.webp
 create mode 100644 sonic.sega.jp/SonicXShadowGenerations/assets/images/pc/media/mediaTopDirt.webp
 create mode 100644 sonic.sega.jp/SonicXShadowGenerations/assets/images/pc/media/movieBg01.webp
 create mode 100644 sonic.sega.jp/SonicXShadowGenerations/assets/images/pc/media/movieBg02.webp
 create mode 100644 sonic.sega.jp/SonicXShadowGenerations/assets/images/pc/media/movieBg03.webp
 create mode 100644 sonic.sega.jp/SonicXShadowGenerations/assets/images/pc/media/movieBg04.webp
 create mode 100644 sonic.sega.jp/SonicXShadowGenerations/assets/images/pc/menu/menuLine.webp
 create mode 100644 sonic.sega.jp/SonicXShadowGenerations/assets/images/pc/pf.webp
 create mode 100644 sonic.sega.jp/SonicXShadowGenerations/assets/images/pc/stage/Title01.webp
 create mode 100644 sonic.sega.jp/SonicXShadowGenerations/assets/images/pc/stage/Title02.webp
 create mode 100644 sonic.sega.jp/SonicXShadowGenerations/assets/images/pc/stage/boxLine01.webp
 create mode 100644 sonic.sega.jp/SonicXShadowGenerations/assets/images/pc/stage/boxLine02.webp
 create mode 100644 sonic.sega.jp/SonicXShadowGenerations/assets/images/pc/stage/stageTitle01-01.webp
 create mode 100644 sonic.sega.jp/SonicXShadowGenerations/assets/images/pc/stage/stageTitle01-02.webp
 create mode 100644 sonic.sega.jp/SonicXShadowGenerations/assets/images/pc/stage/stageTitle01-03.webp
 create mode 100644 sonic.sega.jp/SonicXShadowGenerations/assets/images/pc/stage/stageTitle02-01.webp
 create mode 100644 sonic.sega.jp/SonicXShadowGenerations/assets/images/pc/stage/stageTitle02-02.webp
 create mode 100644 sonic.sega.jp/SonicXShadowGenerations/assets/images/pc/stage/stageTitle02-03.webp
 create mode 100644 sonic.sega.jp/SonicXShadowGenerations/assets/images/pc/story/storyMark01.webp
 create mode 100644 sonic.sega.jp/SonicXShadowGenerations/assets/images/pc/story/storyMark02.webp
 create mode 100644 sonic.sega.jp/SonicXShadowGenerations/assets/images/pc/story/storyTitle01.webp
 create mode 100644 sonic.sega.jp/SonicXShadowGenerations/assets/images/pc/story/storyTitle02.webp
 create mode 100644 sonic.sega.jp/SonicXShadowGenerations/assets/images/pc/story/storyssBackImg01.webp
 create mode 100644 sonic.sega.jp/SonicXShadowGenerations/assets/images/pc/story/storyssBackImg02.webp
 create mode 100644 sonic.sega.jp/SonicXShadowGenerations/assets/images/pc/story/storyssFrontImg01.webp
 create mode 100644 sonic.sega.jp/SonicXShadowGenerations/assets/images/pc/story/storyssFrontImg02.webp
 create mode 100644 sonic.sega.jp/SonicXShadowGenerations/assets/images/pc/top/aboutBg.webp
 create mode 100644 sonic.sega.jp/SonicXShadowGenerations/assets/images/pc/top/aboutTopDirt.webp
 create mode 100644 sonic.sega.jp/SonicXShadowGenerations/assets/images/pc/top/jp/2in1.webp
 create mode 100644 sonic.sega.jp/SonicXShadowGenerations/assets/images/pc/top/kv.webp
 create mode 100644 sonic.sega.jp/SonicXShadowGenerations/assets/images/pc/top/newsBg01.webp
 create mode 100644 sonic.sega.jp/SonicXShadowGenerations/assets/images/pc/top/newsBg02.webp
 create mode 100644 sonic.sega.jp/SonicXShadowGenerations/assets/images/pc/top/newsBg03.webp
 create mode 100644 sonic.sega.jp/SonicXShadowGenerations/assets/images/pc/top/newscut-side.webp
 create mode 100644 sonic.sega.jp/SonicXShadowGenerations/assets/images/pc/top/newscut.webp
 create mode 100644 sonic.sega.jp/SonicXShadowGenerations/assets/images/pc/top/specBg.webp
 create mode 100644 sonic.sega.jp/SonicXShadowGenerations/assets/images/sp/chage01-btn.webp
 create mode 100644 sonic.sega.jp/SonicXShadowGenerations/assets/images/sp/chage01.webp
 create mode 100644 sonic.sega.jp/SonicXShadowGenerations/assets/images/sp/chage02-btn.webp
 create mode 100644 sonic.sega.jp/SonicXShadowGenerations/assets/images/sp/chage02.webp
 create mode 100644 sonic.sega.jp/SonicXShadowGenerations/assets/images/sp/chara/changeBtn.webp
 create mode 100644 sonic.sega.jp/SonicXShadowGenerations/assets/images/sp/chara/charaBgTxt01-02.webp
 create mode 100644 sonic.sega.jp/SonicXShadowGenerations/assets/images/sp/chara/charaBgTxt01-03.webp
 create mode 100644 sonic.sega.jp/SonicXShadowGenerations/assets/images/sp/chara/charaBgTxt02-05.webp
 create mode 100644 sonic.sega.jp/SonicXShadowGenerations/assets/images/sp/chara/charaBgTxt02-08.webp
 create mode 100644 sonic.sega.jp/SonicXShadowGenerations/assets/images/sp/chara/charaBgTxt02-09.webp
 create mode 100644 sonic.sega.jp/SonicXShadowGenerations/assets/images/sp/chara/charaBgTxt02-10.webp
 create mode 100644 sonic.sega.jp/SonicXShadowGenerations/assets/images/sp/chara/charaBgTxt02-11.webp
 create mode 100644 sonic.sega.jp/SonicXShadowGenerations/assets/images/sp/chara/charaBgTxt02-12.webp
 create mode 100644 sonic.sega.jp/SonicXShadowGenerations/assets/images/sp/chara/charaMark01.webp
 create mode 100644 sonic.sega.jp/SonicXShadowGenerations/assets/images/sp/chara/charaMark02.webp
 create mode 100644 sonic.sega.jp/SonicXShadowGenerations/assets/images/sp/chara/cs01.webp
 create mode 100644 sonic.sega.jp/SonicXShadowGenerations/assets/images/sp/chara/cs02.webp
 create mode 100644 sonic.sega.jp/SonicXShadowGenerations/assets/images/sp/chara/cut01.webp
 create mode 100644 sonic.sega.jp/SonicXShadowGenerations/assets/images/sp/chara/cut02.webp
 create mode 100644 sonic.sega.jp/SonicXShadowGenerations/assets/images/sp/features/featTopImg02-01.webp
 create mode 100644 sonic.sega.jp/SonicXShadowGenerations/assets/images/sp/features/featTopImg02-02.webp
 create mode 100644 sonic.sega.jp/SonicXShadowGenerations/assets/images/sp/guide/cut.webp
 create mode 100644 sonic.sega.jp/SonicXShadowGenerations/assets/images/sp/media/cut.webp
 create mode 100644 sonic.sega.jp/SonicXShadowGenerations/assets/images/sp/media/mediaTopDirt.webp
 create mode 100644 sonic.sega.jp/SonicXShadowGenerations/assets/images/sp/media/movieBg01.webp
 create mode 100644 sonic.sega.jp/SonicXShadowGenerations/assets/images/sp/media/movieBg02.webp
 create mode 100644 sonic.sega.jp/SonicXShadowGenerations/assets/images/sp/media/movieBg03.webp
 create mode 100644 sonic.sega.jp/SonicXShadowGenerations/assets/images/sp/media/movieBg04.webp
 create mode 100644 sonic.sega.jp/SonicXShadowGenerations/assets/images/sp/menu/menuLine.webp
 create mode 100644 sonic.sega.jp/SonicXShadowGenerations/assets/images/sp/pf.webp
 create mode 100644 sonic.sega.jp/SonicXShadowGenerations/assets/images/sp/stage/Title01.webp
 create mode 100644 sonic.sega.jp/SonicXShadowGenerations/assets/images/sp/stage/Title02.webp
 create mode 100644 sonic.sega.jp/SonicXShadowGenerations/assets/images/sp/stage/boxLine01.webp
 create mode 100644 sonic.sega.jp/SonicXShadowGenerations/assets/images/sp/stage/boxLine02.webp
 create mode 100644 sonic.sega.jp/SonicXShadowGenerations/assets/images/sp/stage/stageTitle01-01.webp
 create mode 100644 sonic.sega.jp/SonicXShadowGenerations/assets/images/sp/stage/stageTitle01-02.webp
 create mode 100644 sonic.sega.jp/SonicXShadowGenerations/assets/images/sp/stage/stageTitle01-03.webp
 create mode 100644 sonic.sega.jp/SonicXShadowGenerations/assets/images/sp/stage/stageTitle02-01.webp
 create mode 100644 sonic.sega.jp/SonicXShadowGenerations/assets/images/sp/stage/stageTitle02-02.webp
 create mode 100644 sonic.sega.jp/SonicXShadowGenerations/assets/images/sp/stage/stageTitle02-03.webp
 create mode 100644 sonic.sega.jp/SonicXShadowGenerations/assets/images/sp/story/storyssBackImg01.webp
 create mode 100644 sonic.sega.jp/SonicXShadowGenerations/assets/images/sp/story/storyssBackImg02.webp
 create mode 100644 sonic.sega.jp/SonicXShadowGenerations/assets/images/sp/story/storyssFrontImg01.webp
 create mode 100644 sonic.sega.jp/SonicXShadowGenerations/assets/images/sp/story/storyssFrontImg02.webp
 create mode 100644 sonic.sega.jp/SonicXShadowGenerations/assets/images/sp/top/aboutBg-fixed.webp
 create mode 100644 sonic.sega.jp/SonicXShadowGenerations/assets/images/sp/top/aboutTopDirt.webp
 create mode 100644 sonic.sega.jp/SonicXShadowGenerations/assets/images/sp/top/global.webp
 create mode 100644 sonic.sega.jp/SonicXShadowGenerations/assets/images/sp/top/jp/2in1.webp
 create mode 100644 sonic.sega.jp/SonicXShadowGenerations/assets/images/sp/top/newsBg01.webp
 create mode 100644 sonic.sega.jp/SonicXShadowGenerations/assets/images/sp/top/newsBg02.webp
 create mode 100644 sonic.sega.jp/SonicXShadowGenerations/assets/images/sp/top/newscut.webp
 create mode 100644 sonic.sega.jp/SonicXShadowGenerations/assets/images/sp/top/specBg.webp
