Already up to date.
Deleted file - D:\GitHub\SonicChannelTrack\sonic.sega.jp\sonicchannel\about.1
Deleted file - D:\GitHub\SonicChannelTrack\sonic.sega.jp\sonicchannel\character.1
Deleted file - D:\GitHub\SonicChannelTrack\sonic.sega.jp\sonicchannel\fangallery.1
Deleted file - D:\GitHub\SonicChannelTrack\sonic.sega.jp\sonicchannel\special.1
Deleted file - D:\GitHub\SonicChannelTrack\sonic.sega.jp\sonicchannel\fangallery\apply.1
Deleted file - D:\GitHub\SonicChannelTrack\sonic.sega.jp\sonicchannel\fangallery\fanart.1
Deleted file - D:\GitHub\SonicChannelTrack\sonic.sega.jp\sonicchannel\fangallery\oshiete.1
Deleted file - D:\GitHub\SonicChannelTrack\sonic.sega.jp\sonicchannel\fangallery\screenshot.1
Deleted file - D:\GitHub\SonicChannelTrack\sonic.sega.jp\sonicchannel\special\sidestory.1
Deleted file - D:\GitHub\SonicChannelTrack\sonic.sega.jp\sonicchannel\special\sns.1
Deleted file - D:\GitHub\SonicChannelTrack\sonic.sega.jp\sonicchannel\special\staffcolumn.1
Deleted file - D:\GitHub\SonicChannelTrack\sonic.sega.jp\sonicchannel\special\gamecontents\soniccolors.1
Deleted file - D:\GitHub\SonicChannelTrack\sonic.sega.jp\sonicchannel\special\gamecontents\sonicforces.1
Deleted file - D:\GitHub\SonicChannelTrack\sonic.sega.jp\sonicchannel\special\gamecontents\sonicmania.1
Deleted file - D:\GitHub\SonicChannelTrack\sonic.sega.jp\sonicchannel\special\sidestory\comic.1
Deleted file - D:\GitHub\SonicChannelTrack\sonic.sega.jp\sonicchannel\special\sidestory\coverstory.1
Deleted file - D:\GitHub\SonicChannelTrack\sonic.sega.jp\sonicchannel\special\sidestory\ohgiri.1
Deleted file - D:\GitHub\SonicChannelTrack\sonic.sega.jp\sonicchannel\special\sidestory\sonicpict.1
Deleted file - D:\GitHub\SonicChannelTrack\sonic.sega.jp\sonicchannel\special\soundcolumn\ohtani.1
Deleted file - D:\GitHub\SonicChannelTrack\sonic.sega.jp\sonicchannel\special\soundcolumn\senoue.1
Deleted file - D:\GitHub\SonicChannelTrack\sonic.sega.jp\sonicchannel\topics\collaboration.1
Deleted file - D:\GitHub\SonicChannelTrack\sonic.sega.jp\sonicchannel\topics\event.1
Deleted file - D:\GitHub\SonicChannelTrack\sonic.sega.jp\sonicchannel\topics\goods.1
Deleted file - D:\GitHub\SonicChannelTrack\sonic.sega.jp\sonicchannel\topics\information.1
Deleted file - D:\GitHub\SonicChannelTrack\sonic.sega.jp\sonicchannel\topics\sound.1
Deleted file - D:\GitHub\SonicChannelTrack\sonic.sega.jp\sonicchannel\about.2
Deleted file - D:\GitHub\SonicChannelTrack\sonic.sega.jp\sonicchannel\character.2
Deleted file - D:\GitHub\SonicChannelTrack\sonic.sega.jp\sonicchannel\fangallery.2
Deleted file - D:\GitHub\SonicChannelTrack\sonic.sega.jp\sonicchannel\special.2
Deleted file - D:\GitHub\SonicChannelTrack\sonic.sega.jp\sonicchannel\fangallery\apply.2
Deleted file - D:\GitHub\SonicChannelTrack\sonic.sega.jp\sonicchannel\fangallery\oshiete.2
Deleted file - D:\GitHub\SonicChannelTrack\sonic.sega.jp\sonicchannel\special\sidestory.2
Deleted file - D:\GitHub\SonicChannelTrack\sonic.sega.jp\sonicchannel\special\staffcolumn.2
Deleted file - D:\GitHub\SonicChannelTrack\sonic.sega.jp\sonicchannel\special\gamecontents\soniccolors.2
Deleted file - D:\GitHub\SonicChannelTrack\sonic.sega.jp\sonicchannel\special\gamecontents\sonicforces.2
Deleted file - D:\GitHub\SonicChannelTrack\sonic.sega.jp\sonicchannel\special\sidestory\comic.2
Deleted file - D:\GitHub\SonicChannelTrack\sonic.sega.jp\sonicchannel\special\sidestory\coverstory.2
Deleted file - D:\GitHub\SonicChannelTrack\sonic.sega.jp\sonicchannel\special\sidestory\ohgiri.2
Deleted file - D:\GitHub\SonicChannelTrack\sonic.sega.jp\sonicchannel\topics\collaboration.2
Deleted file - D:\GitHub\SonicChannelTrack\sonic.sega.jp\sonicchannel\topics\event.2
Deleted file - D:\GitHub\SonicChannelTrack\sonic.sega.jp\sonicchannel\topics\goods.2
Deleted file - D:\GitHub\SonicChannelTrack\sonic.sega.jp\sonicchannel\topics\information.2
Deleted file - D:\GitHub\SonicChannelTrack\sonic.sega.jp\sonicchannel\topics\sound.2
Deleted file - D:\GitHub\SonicChannelTrack\sonic.sega.jp\sonicchannel\about.3
Deleted file - D:\GitHub\SonicChannelTrack\sonic.sega.jp\sonicchannel\character.3
Deleted file - D:\GitHub\SonicChannelTrack\sonic.sega.jp\sonicchannel\special\staffcolumn.3
Deleted file - D:\GitHub\SonicChannelTrack\sonic.sega.jp\sonicchannel\topics\event.3
Deleted file - D:\GitHub\SonicChannelTrack\sonic.sega.jp\sonicchannel\topics\goods.3
Deleted file - D:\GitHub\SonicChannelTrack\sonic.sega.jp\sonicchannel\topics\information.3
[main af1639f52ad] files from 2024-04-24, 12:13:44
 2 files changed, 70 insertions(+)
 create mode 100644 log/KrazeeTobi-2024-04-24_085919.log
