Already up to date.
Deleted file - D:\GitHub\SonicChannelTrack\www.olympicvideogames.com\sonic\br.1
Deleted file - D:\GitHub\SonicChannelTrack\www.olympicvideogames.com\sonic\cn.1
Deleted file - D:\GitHub\SonicChannelTrack\www.olympicvideogames.com\sonic\de.1
Deleted file - D:\GitHub\SonicChannelTrack\www.olympicvideogames.com\sonic\en.1
Deleted file - D:\GitHub\SonicChannelTrack\www.olympicvideogames.com\sonic\es.1
Deleted file - D:\GitHub\SonicChannelTrack\www.olympicvideogames.com\sonic\fr.1
Deleted file - D:\GitHub\SonicChannelTrack\www.olympicvideogames.com\sonic\it.1
Deleted file - D:\GitHub\SonicChannelTrack\www.olympicvideogames.com\sonic\jp.1
Deleted file - D:\GitHub\SonicChannelTrack\www.olympicvideogames.com\sonic\kr.1
Deleted file - D:\GitHub\SonicChannelTrack\www.olympicvideogames.com\sonic\nl.1
Deleted file - D:\GitHub\SonicChannelTrack\www.olympicvideogames.com\sonic\ru.1
Deleted file - D:\GitHub\SonicChannelTrack\www.olympicvideogames.com\sonic\zh.1
Deleted file - D:\GitHub\SonicChannelTrack\sonic-movie.jp\news.1
Deleted file - D:\GitHub\SonicChannelTrack\sonic-movie.jp\news\wp-includes\js\jquery\jquery-migrate.min.js@ver=3.4.1
Deleted file - D:\GitHub\SonicChannelTrack\sonic-movie.jp\news\wp-includes\js\jquery\jquery.min.js@ver=3.7.1
Deleted file - D:\GitHub\SonicChannelTrack\sonicteam.com\SonicWorldAdventure\director.1
Deleted file - D:\GitHub\SonicChannelTrack\sonicteam.com\SonicWorldAdventure\hamidashi.1
[main c04e398f8f6] files from 2025-05-19, 14:21:07
 185 files changed, 2327 insertions(+), 196 deletions(-)
 create mode 100644 log/KrazeeTobi-2025-05-19_075013.log
 create mode 100644 sonic.sega.jp/sonic.sega.jp/SonicChannel/fangallery/apply/20241219_008833/index.html
 create mode 100644 sonic.sega.jp/sonic.sega.jp/SonicChannel/fangallery/apply/20250124_008854/index.html
 create mode 100644 sonic.sega.jp/sonic.sega.jp/SonicChannel/fangallery/apply/20250214_008870/index.html
 create mode 100644 sonic.sega.jp/sonic.sega.jp/SonicChannel/fangallery/apply/20250314_008913/index.html
 create mode 100644 sonic.sega.jp/sonic.sega.jp/SonicChannel/fangallery/oshiete/20250214_008869/index.html
 create mode 100644 sonic.sega.jp/sonic.sega.jp/SonicChannel/fangallery/oshiete/20250314_008914/index.html
 create mode 100644 sonic.sega.jp/sonic.sega.jp/SonicChannel/upload_images/oshiete_250313_01_05.jpg
