Already up to date.
[main de074be04] files from 2022-05-25,  7:55:11
 117 files changed, 26617 insertions(+), 2806 deletions(-)
 create mode 100644 log/KrazeeTobi-2022-05-25_040208.log
 create mode 100644 sonic-movie.jp/SONIC2_teaser_f2_DC4-03.jpg
 create mode 100644 sonic-movie.jp/sonic-movie/index.html@doing_wp_cron=1653460772.7381610870361328125000&paged=2
 create mode 100644 sonic-movie.jp/sonic-movie/index.html@doing_wp_cron=1653460772.7381610870361328125000&paged=3
 create mode 100644 sonic-movie.jp/sonic-movie/index.html@doing_wp_cron=1653460772.7381610870361328125000&paged=4
 create mode 100644 sonic-movie.jp/sonic-movie/index.html@doing_wp_cron=1653460772.7381610870361328125000&paged=5
 create mode 100644 sonic-movie.jp/sonic-movie/index.html@doing_wp_cron=1653460772.7381610870361328125000&paged=6
 create mode 100644 sonic-movie.jp/sonic-movie/index.html@doing_wp_cron=1653460772.7381610870361328125000&paged=9
 create mode 100644 sonic-movie.jp/sonic-movie/page/2/index.html@doing_wp_cron=1653460772.7381610870361328125000&paged=1
 create mode 100644 sonic-movie.jp/sonic-movie/page/2/index.html@doing_wp_cron=1653460772.7381610870361328125000&paged=3
 create mode 100644 sonic-movie.jp/sonic-movie/page/2/index.html@doing_wp_cron=1653460772.7381610870361328125000&paged=4
 create mode 100644 sonic-movie.jp/sonic-movie/page/2/index.html@doing_wp_cron=1653460772.7381610870361328125000&paged=5
 create mode 100644 sonic-movie.jp/sonic-movie/page/2/index.html@doing_wp_cron=1653460772.7381610870361328125000&paged=6
 create mode 100644 sonic-movie.jp/sonic-movie/page/2/index.html@doing_wp_cron=1653460772.7381610870361328125000&paged=7
 create mode 100644 sonic-movie.jp/sonic-movie/page/2/index.html@doing_wp_cron=1653460772.7381610870361328125000&paged=9
 create mode 100644 sonic-movie.jp/sonic-movie/page/3/index.html@doing_wp_cron=1653460772.7381610870361328125000&paged=1
 create mode 100644 sonic-movie.jp/sonic-movie/page/3/index.html@doing_wp_cron=1653460772.7381610870361328125000&paged=2
 create mode 100644 sonic-movie.jp/sonic-movie/page/3/index.html@doing_wp_cron=1653460772.7381610870361328125000&paged=4
 create mode 100644 sonic-movie.jp/sonic-movie/page/3/index.html@doing_wp_cron=1653460772.7381610870361328125000&paged=5
 create mode 100644 sonic-movie.jp/sonic-movie/page/3/index.html@doing_wp_cron=1653460772.7381610870361328125000&paged=6
 create mode 100644 sonic-movie.jp/sonic-movie/page/3/index.html@doing_wp_cron=1653460772.7381610870361328125000&paged=7
 create mode 100644 sonic-movie.jp/sonic-movie/page/3/index.html@doing_wp_cron=1653460772.7381610870361328125000&paged=8
 create mode 100644 sonic-movie.jp/sonic-movie/page/3/index.html@doing_wp_cron=1653460772.7381610870361328125000&paged=9
 create mode 100644 sonic-movie.jp/sonic-movie/page/4/index.html@doing_wp_cron=1653460772.7381610870361328125000&paged=1
 create mode 100644 sonic-movie.jp/sonic-movie/page/4/index.html@doing_wp_cron=1653460772.7381610870361328125000&paged=2
 create mode 100644 sonic-movie.jp/sonic-movie/page/4/index.html@doing_wp_cron=1653460772.7381610870361328125000&paged=3
 create mode 100644 sonic-movie.jp/sonic-movie/page/4/index.html@doing_wp_cron=1653460772.7381610870361328125000&paged=5
 create mode 100644 sonic-movie.jp/sonic-movie/page/4/index.html@doing_wp_cron=1653460772.7381610870361328125000&paged=6
 create mode 100644 sonic-movie.jp/sonic-movie/page/4/index.html@doing_wp_cron=1653460772.7381610870361328125000&paged=7
 create mode 100644 sonic-movie.jp/sonic-movie/page/4/index.html@doing_wp_cron=1653460772.7381610870361328125000&paged=8
 create mode 100644 sonic-movie.jp/sonic-movie/page/4/index.html@doing_wp_cron=1653460772.7381610870361328125000&paged=9
 create mode 100644 sonic-movie.jp/sonic-movie/page/5/index.html@doing_wp_cron=1653460772.7381610870361328125000&paged=1
 create mode 100644 sonic-movie.jp/sonic-movie/page/5/index.html@doing_wp_cron=1653460772.7381610870361328125000&paged=2
 create mode 100644 sonic-movie.jp/sonic-movie/page/5/index.html@doing_wp_cron=1653460772.7381610870361328125000&paged=3
 create mode 100644 sonic-movie.jp/sonic-movie/page/5/index.html@doing_wp_cron=1653460772.7381610870361328125000&paged=4
 create mode 100644 sonic-movie.jp/sonic-movie/page/5/index.html@doing_wp_cron=1653460772.7381610870361328125000&paged=6
 create mode 100644 sonic-movie.jp/sonic-movie/page/5/index.html@doing_wp_cron=1653460772.7381610870361328125000&paged=7
 create mode 100644 sonic-movie.jp/sonic-movie/page/5/index.html@doing_wp_cron=1653460772.7381610870361328125000&paged=8
 create mode 100644 sonic-movie.jp/sonic-movie/page/5/index.html@doing_wp_cron=1653460772.7381610870361328125000&paged=9
 create mode 100644 sonic-movie.jp/sonic-movie/page/6/index.html@doing_wp_cron=1653460772.7381610870361328125000&paged=1
 create mode 100644 sonic-movie.jp/sonic-movie/page/6/index.html@doing_wp_cron=1653460772.7381610870361328125000&paged=2
 create mode 100644 sonic-movie.jp/sonic-movie/page/6/index.html@doing_wp_cron=1653460772.7381610870361328125000&paged=3
 create mode 100644 sonic-movie.jp/sonic-movie/page/6/index.html@doing_wp_cron=1653460772.7381610870361328125000&paged=4
 create mode 100644 sonic-movie.jp/sonic-movie/page/6/index.html@doing_wp_cron=1653460772.7381610870361328125000&paged=5
 create mode 100644 sonic-movie.jp/sonic-movie/page/6/index.html@doing_wp_cron=1653460772.7381610870361328125000&paged=7
 create mode 100644 sonic-movie.jp/sonic-movie/page/6/index.html@doing_wp_cron=1653460772.7381610870361328125000&paged=8
 create mode 100644 sonic-movie.jp/sonic-movie/page/6/index.html@doing_wp_cron=1653460772.7381610870361328125000&paged=9
 create mode 100644 sonic-movie.jp/sonic-movie/page/7/index.html@doing_wp_cron=1653460772.7381610870361328125000&paged=1
 create mode 100644 sonic-movie.jp/sonic-movie/page/7/index.html@doing_wp_cron=1653460772.7381610870361328125000&paged=2
 create mode 100644 sonic-movie.jp/sonic-movie/page/7/index.html@doing_wp_cron=1653460772.7381610870361328125000&paged=3
 create mode 100644 sonic-movie.jp/sonic-movie/page/7/index.html@doing_wp_cron=1653460772.7381610870361328125000&paged=4
 create mode 100644 sonic-movie.jp/sonic-movie/page/7/index.html@doing_wp_cron=1653460772.7381610870361328125000&paged=5
 create mode 100644 sonic-movie.jp/sonic-movie/page/7/index.html@doing_wp_cron=1653460772.7381610870361328125000&paged=6
 create mode 100644 sonic-movie.jp/sonic-movie/page/7/index.html@doing_wp_cron=1653460772.7381610870361328125000&paged=8
 create mode 100644 sonic-movie.jp/sonic-movie/page/7/index.html@doing_wp_cron=1653460772.7381610870361328125000&paged=9
 create mode 100644 sonic-movie.jp/sonic-movie/page/8/index.html@doing_wp_cron=1653460772.7381610870361328125000&paged=1
 create mode 100644 sonic-movie.jp/sonic-movie/page/8/index.html@doing_wp_cron=1653460772.7381610870361328125000&paged=3
 create mode 100644 sonic-movie.jp/sonic-movie/page/8/index.html@doing_wp_cron=1653460772.7381610870361328125000&paged=4
 create mode 100644 sonic-movie.jp/sonic-movie/page/8/index.html@doing_wp_cron=1653460772.7381610870361328125000&paged=5
 create mode 100644 sonic-movie.jp/sonic-movie/page/8/index.html@doing_wp_cron=1653460772.7381610870361328125000&paged=6
 create mode 100644 sonic-movie.jp/sonic-movie/page/8/index.html@doing_wp_cron=1653460772.7381610870361328125000&paged=7
 create mode 100644 sonic-movie.jp/sonic-movie/page/8/index.html@doing_wp_cron=1653460772.7381610870361328125000&paged=9
 create mode 100644 sonic-movie.jp/sonic-movie/page/9/index.html@doing_wp_cron=1653460772.7381610870361328125000&paged=1
 create mode 100644 sonic-movie.jp/sonic-movie/page/9/index.html@doing_wp_cron=1653460772.7381610870361328125000&paged=4
 create mode 100644 sonic-movie.jp/sonic-movie/page/9/index.html@doing_wp_cron=1653460772.7381610870361328125000&paged=5
 create mode 100644 sonic-movie.jp/sonic-movie/page/9/index.html@doing_wp_cron=1653460772.7381610870361328125000&paged=6
 create mode 100644 sonic-movie.jp/sonic-movie/page/9/index.html@doing_wp_cron=1653460772.7381610870361328125000&paged=7
 create mode 100644 sonic-movie.jp/sonic-movie/page/9/index.html@doing_wp_cron=1653460772.7381610870361328125000&paged=8
 create mode 100644 sonic.sega.jp/SonicChannel/assets_c/2022/05/information_220524_01_eye-thumb-640xauto-4621.jpg
 create mode 100644 sonic.sega.jp/SonicChannel/special/sns/akachochin/20220524_002900/index.html
 create mode 100644 sonic.sega.jp/SonicChannel/special/sns/index_2.html
 create mode 100644 sonic.sega.jp/SonicChannel/topics/image/information_220524_01_eye.jpg
