Already up to date.
[main 9e7398929] files from 2022-05-14,  8:37:45
 24 files changed, 520 insertions(+), 57 deletions(-)
 create mode 100644 log/KrazeeTobi-2022-05-14_052100.log
 create mode 100644 sonic-movie.jp/images/arrow.png
 rewrite sonic-movie.jp/images/bnr_major.png (90%)
 create mode 100644 sonic-movie.jp/images/bnr_major_txt.png
 create mode 100644 sonic-movie.jp/images/bnr_theater.png
 create mode 100644 sonic-movie.jp/images/bnr_theater_txt.png
 create mode 100644 sonic-movie.jp/images/bnr_ticket.png
 rewrite sonic-movie.jp/images/btn_news.png (99%)
 rewrite sonic-movie.jp/images/btn_theater.png (99%)
 rewrite sonic-movie.jp/images/mainvisual.jpg (94%)
 create mode 100644 sonic-movie.jp/images/mvtk_bg.jpg
 create mode 100644 sonic-movie.jp/images/mvtk_catch.png
 create mode 100644 sonic-movie.jp/images/mvtk_img1.png
 create mode 100644 sonic-movie.jp/images/mvtk_img2.png
 create mode 100644 sonic-movie.jp/images/online.png
 rewrite sonic-movie.jp/images/scroll_img.jpg (97%)
 create mode 100644 sonic-movie.jp/js/jquery.easing.js
