Already up to date.
[main 46e3587ef] files from 2022-07-15, 11:11:46
 183 files changed, 3186 insertions(+), 1636 deletions(-)
 create mode 100644 log/KrazeeTobi-2022-07-15_063849.log
 rewrite sonic-movie.jp/images/blur_date.png (99%)
 create mode 100644 sonic-movie.jp/images/bnr_contribute.png
 rewrite sonic-movie.jp/images/bnr_rakuten.jpg (98%)
 create mode 100644 sonic-movie.jp/images/btn_left.png
 create mode 100644 sonic-movie.jp/images/btn_right.png
 create mode 100644 sonic-movie.jp/images/cast.png
 create mode 100644 sonic-movie.jp/images/cast1.jpg
 create mode 100644 sonic-movie.jp/images/cast2.jpg
 create mode 100644 sonic-movie.jp/images/cast3.jpg
 create mode 100644 sonic-movie.jp/images/cast4.jpg
 create mode 100644 sonic-movie.jp/images/cast5.jpg
 create mode 100644 sonic-movie.jp/images/cast6.jpg
 create mode 100644 sonic-movie.jp/images/cast7.jpg
 create mode 100644 sonic-movie.jp/images/cast8.jpg
 create mode 100644 sonic-movie.jp/images/cast_bg.jpg
 create mode 100644 sonic-movie.jp/images/chara_bg.jpg
 create mode 100644 sonic-movie.jp/images/chara_dot.png
 create mode 100644 sonic-movie.jp/images/character.jpg
 create mode 100644 sonic-movie.jp/images/character1.png
 create mode 100644 sonic-movie.jp/images/character2.png
 create mode 100644 sonic-movie.jp/images/character3.png
 create mode 100644 sonic-movie.jp/images/character4.png
 create mode 100644 sonic-movie.jp/images/character_catch.png
 rewrite sonic-movie.jp/images/date.png (99%)
 rewrite sonic-movie.jp/images/logo.png (98%)
 rewrite sonic-movie.jp/images/mainvisual.jpg (92%)
 rewrite sonic-movie.jp/images/story_txt.png (98%)
 create mode 100644 sonic-movie.jp/images/thum1.png
 create mode 100644 sonic-movie.jp/images/thum2.png
 create mode 100644 sonic-movie.jp/images/thum3.png
 create mode 100644 sonic-movie.jp/images/thum4.png
 create mode 100644 sonic-movie.jp/images/thum5.png
 create mode 100644 sonic-movie.jp/images/thum6.png
 create mode 100644 sonic-movie.jp/images/thum7.png
 create mode 100644 sonic-movie.jp/images/thum8.png
 create mode 100644 sonic-movie.jp/news/2022/07/15/sonic_0715/feed/index.html
 create mode 100644 sonic-movie.jp/news/2022/07/15/sonic_0715/index.html
 create mode 100644 sonic-movie.jp/news/2022/07/15/sonic_0715_01/feed/index.html
 create mode 100644 sonic-movie.jp/news/2022/07/15/sonic_0715_01/index.html
 create mode 100644 sonic-movie.jp/news/index.html@p=838
 create mode 100644 sonic-movie.jp/news/index.html@p=845
 create mode 100644 sonic-movie.jp/news/wp-content/uploads/sites/81/2022/07/news_220715-212x300.jpg
 create mode 100644 sonic-movie.jp/news/wp-content/uploads/sites/81/2022/07/news_220715-724x1024.jpg
 create mode 100644 sonic-movie.jp/news/wp-content/uploads/sites/81/2022/07/news_220715-768x1086.jpg
 create mode 100644 sonic-movie.jp/news/wp-content/uploads/sites/81/2022/07/news_220715.jpg
 create mode 100644 sonic-movie.jp/news/wp-content/uploads/sites/81/2022/07/prizes-181x300.png
 create mode 100644 sonic-movie.jp/news/wp-content/uploads/sites/81/2022/07/prizes-618x1024.png
 create mode 100644 sonic-movie.jp/news/wp-content/uploads/sites/81/2022/07/prizes-768x1273.png
 create mode 100644 sonic-movie.jp/news/wp-content/uploads/sites/81/2022/07/prizes-927x1536.png
 create mode 100644 sonic-movie.jp/news/wp-content/uploads/sites/81/2022/07/prizes.png
 create mode 100644 sonic-movie.jp/news/wp-json/oembed/1.0/embed@url=https%3A%2F%2Fnews.eigafan.com%2Fsonic-movie%2F2022%2F07%2F15%2Fsonic_0715%2F
 create mode 100644 sonic-movie.jp/news/wp-json/oembed/1.0/embed@url=https%3A%2F%2Fnews.eigafan.com%2Fsonic-movie%2F2022%2F07%2F15%2Fsonic_0715%2F&format=xml
 create mode 100644 sonic-movie.jp/news/wp-json/oembed/1.0/embed@url=https%3A%2F%2Fnews.eigafan.com%2Fsonic-movie%2F2022%2F07%2F15%2Fsonic_0715_01%2F
 create mode 100644 sonic-movie.jp/news/wp-json/oembed/1.0/embed@url=https%3A%2F%2Fnews.eigafan.com%2Fsonic-movie%2F2022%2F07%2F15%2Fsonic_0715_01%2F&format=xml
