Already up to date.
Deleted file - D:\GitHub\SonicChannelTrack\www.olympicvideogames.com\sonic\br.1
Deleted file - D:\GitHub\SonicChannelTrack\www.olympicvideogames.com\sonic\cn.1
Deleted file - D:\GitHub\SonicChannelTrack\www.olympicvideogames.com\sonic\de.1
Deleted file - D:\GitHub\SonicChannelTrack\www.olympicvideogames.com\sonic\en.1
Deleted file - D:\GitHub\SonicChannelTrack\www.olympicvideogames.com\sonic\es.1
Deleted file - D:\GitHub\SonicChannelTrack\www.olympicvideogames.com\sonic\fr.1
Deleted file - D:\GitHub\SonicChannelTrack\www.olympicvideogames.com\sonic\it.1
Deleted file - D:\GitHub\SonicChannelTrack\www.olympicvideogames.com\sonic\jp.1
Deleted file - D:\GitHub\SonicChannelTrack\www.olympicvideogames.com\sonic\kr.1
Deleted file - D:\GitHub\SonicChannelTrack\www.olympicvideogames.com\sonic\nl.1
Deleted file - D:\GitHub\SonicChannelTrack\www.olympicvideogames.com\sonic\ru.1
Deleted file - D:\GitHub\SonicChannelTrack\www.olympicvideogames.com\sonic\zh.1
Deleted file - D:\GitHub\SonicChannelTrack\sonic-movie.jp\news.1
Deleted file - D:\GitHub\SonicChannelTrack\sonic-movie.jp\news\wp-includes\js\jquery\jquery-migrate.min.js@ver=3.4.1
Deleted file - D:\GitHub\SonicChannelTrack\sonic-movie.jp\news\wp-includes\js\jquery\jquery.min.js@ver=3.7.1
Deleted file - D:\GitHub\SonicChannelTrack\sonicteam.com\SonicWorldAdventure\director.1
Deleted file - D:\GitHub\SonicChannelTrack\sonicteam.com\SonicWorldAdventure\hamidashi.1
[main 4368d87571a] files from 2025-06-05, 14:18:16
 1290 files changed, 14046 insertions(+), 12708 deletions(-)
 create mode 100644 log/KrazeeTobi-2025-06-05_004200.log
 create mode 100644 log/KrazeeTobi-2025-06-05_070227.log
 create mode 100644 sonic.sega.jp/SonicChannel/assets_c/2021/05/wallpaper_199_metal_05_pc_thm-thumb-400x400-4199.jpg
 create mode 100644 sonic.sega.jp/SonicChannel/assets_c/2021/05/wallpaper_199_metal_05_sp_thm-thumb-400x400-4201.jpg
 create mode 100644 sonic.sega.jp/SonicChannel/assets_c/2021/06/wallpaper_200_shadow_16_pc_thm-thumb-400x400-4236.jpg
 create mode 100644 sonic.sega.jp/SonicChannel/assets_c/2021/07/wallpaper_201_rouge_15_pc_thm-thumb-400x400-4261.jpg
 create mode 100644 sonic.sega.jp/SonicChannel/assets_c/2021/07/wallpaper_201_rouge_15_sp_thm-thumb-400x400-4263.jpg
 create mode 100644 sonic.sega.jp/SonicChannel/assets_c/2021/08/wallpaper_202_wisp_01_pc_thm-thumb-400x400-4283.jpg
 create mode 100644 sonic.sega.jp/SonicChannel/assets_c/2021/08/wallpaper_202_wisp_01_sp_thm-thumb-400x400-4284.jpg
 create mode 100644 sonic.sega.jp/SonicChannel/assets_c/2021/09/wallpaper_203_silver_15_pc_thm-thumb-400x400-4326.jpg
 create mode 100644 sonic.sega.jp/SonicChannel/assets_c/2021/09/wallpaper_203_silver_15_sp_thm-thumb-400x400-4325.jpg
 create mode 100644 sonic.sega.jp/SonicChannel/assets_c/2021/10/wallpaper_204_blaze_13_pc_thm-thumb-400x400-4364.jpg
 create mode 100644 sonic.sega.jp/SonicChannel/assets_c/2021/10/wallpaper_204_blaze_13_sp_thm-thumb-400x400-4362.jpg
 create mode 100644 sonic.sega.jp/SonicChannel/assets_c/2021/11/wallpaper_205_eggman_09_pc_thm-thumb-400x400-4439.jpg
 create mode 100644 sonic.sega.jp/SonicChannel/assets_c/2021/11/wallpaper_205_eggman_09_sp_thm-thumb-400x400-4440.jpg
 create mode 100644 sonic.sega.jp/SonicChannel/assets_c/2021/12/wallpaper_206_tails_15_pc_thm-thumb-400x400-4492.jpg
 create mode 100644 sonic.sega.jp/SonicChannel/assets_c/2021/12/wallpaper_206_tails_15_sp_thm-thumb-400x400-4491.jpg
 create mode 100644 sonic.sega.jp/SonicChannel/assets_c/2022/01/wallpaper_207_knuckles_16_pc_thm-thumb-400x400-4506.jpg
 create mode 100644 sonic.sega.jp/SonicChannel/assets_c/2022/01/wallpaper_207_knuckles_16_sp_thm-thumb-400x400-4504.jpg
 create mode 100644 sonic.sega.jp/SonicChannel/assets_c/2022/01/wallpaper_208_ProjectSonic22_pc_thm-thumb-400x400-4508.jpg
 create mode 100644 sonic.sega.jp/SonicChannel/assets_c/2022/01/wallpaper_208_ProjectSonic22_sp_thm-thumb-400x400-4510.jpg
 create mode 100644 sonic.sega.jp/SonicChannel/assets_c/2022/02/wallpaper_209_eggman_10_pc_thm-thumb-400x400-4540.jpg
 create mode 100644 sonic.sega.jp/SonicChannel/assets_c/2022/02/wallpaper_209_eggman_10_sp_thm-thumb-400x400-4539.jpg
 create mode 100644 sonic.sega.jp/SonicChannel/assets_c/2022/03/wallpaper_210_rouge_16_pc_thm-thumb-400x400-4563.jpg
 create mode 100644 sonic.sega.jp/SonicChannel/assets_c/2022/03/wallpaper_210_rouge_16_sp_thm-thumb-400x400-4564.jpg
 create mode 100644 sonic.sega.jp/SonicChannel/assets_c/2022/04/wallpaper_211_chao_02_pc_thm-thumb-400x400-4594.jpg
 create mode 100644 sonic.sega.jp/SonicChannel/assets_c/2022/04/wallpaper_211_chao_02_sp_thm-thumb-400x400-4593.jpg
 create mode 100644 sonic.sega.jp/SonicChannel/assets_c/2022/05/wallpaper_212_sonic_24_pc_thm-thumb-400x400-4618.jpg
 create mode 100644 sonic.sega.jp/SonicChannel/assets_c/2022/05/wallpaper_212_sonic_24_sp_thm-thumb-400x400-4615.jpg
 create mode 100644 sonic.sega.jp/SonicChannel/assets_c/2022/06/wallpaper_213_amy_17_pc_thm-thumb-400x400-4643.jpg
 create mode 100644 sonic.sega.jp/SonicChannel/assets_c/2022/06/wallpaper_213_amy_17_sp_thm-thumb-400x400-4644.jpg
 create mode 100644 sonic.sega.jp/SonicChannel/assets_c/2022/07/wallpaper_214_big_05_pc_thm-thumb-400x400-4683.jpg
 create mode 100644 sonic.sega.jp/SonicChannel/assets_c/2022/07/wallpaper_214_big_05_sp_thm-thumb-400x400-4681.jpg
 create mode 100644 sonic.sega.jp/SonicChannel/assets_c/2022/08/wallpaper_214_silver_16_pc_thm-thumb-400x400-4720.jpg
 create mode 100644 sonic.sega.jp/SonicChannel/assets_c/2022/08/wallpaper_214_silver_16_sp_thm-thumb-400x400-4719.jpg
 create mode 100644 sonic.sega.jp/SonicChannel/assets_c/2022/09/wallpaper_215_shadow_17_pc_thm-thumb-400x400-4813.jpg
 create mode 100644 sonic.sega.jp/SonicChannel/assets_c/2022/09/wallpaper_215_shadow_17_sp_thm-thumb-400x400-4814.jpg
 create mode 100644 sonic.sega.jp/SonicChannel/assets_c/2022/10/wallpaper_216_blaze_14_pc_thm-thumb-400x400-4845.png
 create mode 100644 sonic.sega.jp/SonicChannel/assets_c/2022/10/wallpaper_216_blaze_14_sp_thm-thumb-400x400-4839.png
 create mode 100644 sonic.sega.jp/SonicChannel/assets_c/2022/11/wallpaper_217_metal_06_pc_thm-thumb-400x400-4952.jpg
 create mode 100644 sonic.sega.jp/SonicChannel/assets_c/2022/11/wallpaper_217_metal_06_sp_thm-thumb-400x400-4951.jpg
 create mode 100644 sonic.sega.jp/SonicChannel/assets_c/2022/11/wallpaper_SonicFrontiers_jp_pc_01_thm-thumb-400x400-4930.jpg
 create mode 100644 sonic.sega.jp/SonicChannel/assets_c/2022/11/wallpaper_SonicFrontiers_jp_pc_02_thm-thumb-400x400-4927.jpg
 create mode 100644 sonic.sega.jp/SonicChannel/assets_c/2022/11/wallpaper_SonicFrontiers_jp_pc_03_thm-thumb-400x400-4931.jpg
 create mode 100644 sonic.sega.jp/SonicChannel/assets_c/2022/11/wallpaper_SonicFrontiers_jp_pc_04_thm-thumb-400x400-4929.jpg
 create mode 100644 sonic.sega.jp/SonicChannel/assets_c/2022/11/wallpaper_SonicFrontiers_jp_pc_05_thm-thumb-400x400-4932.jpg
 create mode 100644 sonic.sega.jp/SonicChannel/assets_c/2022/11/wallpaper_SonicFrontiers_jp_pc_06_thm-thumb-400x400-4928.jpg
 create mode 100644 sonic.sega.jp/SonicChannel/assets_c/2022/11/wallpaper_SonicFrontiers_jp_pc_07_thm-thumb-400x400-4934.jpg
 create mode 100644 sonic.sega.jp/SonicChannel/assets_c/2022/11/wallpaper_SonicFrontiers_jp_pc_08_thm-thumb-400x400-4933.jpg
 create mode 100644 sonic.sega.jp/SonicChannel/assets_c/2022/11/wallpaper_SonicFrontiers_jp_sp_01_thm-thumb-400x400-4946.jpg
 create mode 100644 sonic.sega.jp/SonicChannel/assets_c/2022/11/wallpaper_SonicFrontiers_jp_sp_02_thm-thumb-400x400-4945.jpg
 create mode 100644 sonic.sega.jp/SonicChannel/assets_c/2022/12/wallpaper_218_ssonic_04_pc_thm-thumb-400x400-4987.jpg
 create mode 100644 sonic.sega.jp/SonicChannel/assets_c/2022/12/wallpaper_218_ssonic_04_sp_thm-thumb-400x400-4989.jpg
 create mode 100644 sonic.sega.jp/SonicChannel/assets_c/2023/01/wallpaper_219_amy_18_pc_thm-thumb-400x400-5011.jpg
 create mode 100644 sonic.sega.jp/SonicChannel/assets_c/2023/01/wallpaper_219_amy_18_sp_thm-thumb-400x400-5012.jpg
 create mode 100644 sonic.sega.jp/SonicChannel/assets_c/2023/01/wallpaper_SonicFrontiers_jp_sp_03_thm-thumb-400x400-4993.jpg
 create mode 100644 sonic.sega.jp/SonicChannel/assets_c/2023/02/wallpaper_220_tails_16_pc_thm-thumb-400x400-5039.png
 create mode 100644 sonic.sega.jp/SonicChannel/assets_c/2023/02/wallpaper_220_tails_16_sp_thm-thumb-400x400-5038.png
 create mode 100644 sonic.sega.jp/SonicChannel/assets_c/2023/04/wallpaper_221_silver_17_pc_thm-thumb-400x400-5118.png
 create mode 100644 sonic.sega.jp/SonicChannel/assets_c/2023/04/wallpaper_221_silver_17_sp_thm-thumb-400x400-5119.png
 create mode 100644 sonic.sega.jp/SonicChannel/assets_c/2023/04/wallpaper_222_rouge_17_pc_thm-thumb-400x400-5141.png
 create mode 100644 sonic.sega.jp/SonicChannel/assets_c/2023/04/wallpaper_222_rouge_17_sp_thm-thumb-400x400-5143.png
 create mode 100644 sonic.sega.jp/SonicChannel/assets_c/2023/05/wallpaper__223_sonic_25_pc_thm-thumb-400x400-5162.jpg
 create mode 100644 sonic.sega.jp/SonicChannel/assets_c/2023/05/wallpaper__223_sonic_25_sp_thm-thumb-400x400-5161.jpg
 create mode 100644 sonic.sega.jp/SonicChannel/assets_c/2023/06/wallpaper_224_knuckles_17_pc_thm-thumb-400x400-5195.jpg
 create mode 100644 sonic.sega.jp/SonicChannel/assets_c/2023/06/wallpaper_224_knuckles_17_sp_thm-thumb-400x400-5194.jpg
 create mode 100644 sonic.sega.jp/SonicChannel/assets_c/2023/07/wallpaper_225_cream_14_pc_thm-thumb-400x400-5225.jpg
 create mode 100644 sonic.sega.jp/SonicChannel/assets_c/2023/07/wallpaper_225_cream_14_sp_thm-thumb-400x400-5224.jpg
 create mode 100644 sonic.sega.jp/SonicChannel/assets_c/2023/08/wallpaper_226_shadow_18_pc_thm-thumb-400x400-5248.jpg
 create mode 100644 sonic.sega.jp/SonicChannel/assets_c/2023/08/wallpaper_226_shadow_18_sp_thm-thumb-400x400-5250.jpg
 create mode 100644 sonic.sega.jp/SonicChannel/assets_c/2023/09/wallpaper_227_eggman_11_pc_thm-thumb-400x400-5272.jpg
 create mode 100644 sonic.sega.jp/SonicChannel/assets_c/2023/09/wallpaper_227_eggman_11_sp_thm-thumb-400x400-5273.jpg
 create mode 100644 sonic.sega.jp/SonicChannel/assets_c/2023/10/wallpaper__228_blaze_15_pc_thm-thumb-400x400-5305.jpg
 create mode 100644 sonic.sega.jp/SonicChannel/assets_c/2023/10/wallpaper__228_blaze_15_sp_thm-thumb-400x400-5304.jpg
 create mode 100644 sonic.sega.jp/SonicChannel/assets_c/2023/11/wallpaper_229_metal_07_pc_thm-thumb-400x400-5324.jpg
 create mode 100644 sonic.sega.jp/SonicChannel/assets_c/2023/11/wallpaper_229_metal_07_sp_thm-thumb-400x400-5325.jpg
 create mode 100644 sonic.sega.jp/SonicChannel/assets_c/2024/01/wallpaper_230_tails_17_pc_thm-thumb-400x400-5370.jpg
 create mode 100644 sonic.sega.jp/SonicChannel/assets_c/2024/01/wallpaper_230_tails_17_sp_thm-thumb-400x400-5369.jpg
 create mode 100644 sonic.sega.jp/SonicChannel/assets_c/2024/05/wallpaper_234_rouge18_pc_thm-thumb-400x400-5621.jpg
 create mode 100644 sonic.sega.jp/SonicChannel/assets_c/2024/05/wallpaper_234_rouge18_sp_thm-thumb-400x400-5622.jpg
 create mode 100644 sonic.sega.jp/SonicChannel/assets_c/2024/06/wallpaper_235_sonic26_pc_thm-thumb-400x400-5657.jpg
 create mode 100644 sonic.sega.jp/SonicChannel/assets_c/2024/06/wallpaper_235_sonic26_sp_thm-thumb-400x400-5658.jpg
 create mode 100644 sonic.sega.jp/SonicChannel/assets_c/2025/06/collabo_250603_01_ogp-thumb-640xauto-16204.jpg
 create mode 100644 sonic.sega.jp/SonicChannel/assets_c/2025/06/wallpaper_196_amy_16_sp_thm-thumb-400x400-16216.jpg
 create mode 100644 sonic.sega.jp/SonicChannel/assets_c/2025/06/wallpaper_200_shadow_16_sp_thm-thumb-400x400-16213.jpg
 create mode 100644 sonic.sega.jp/SonicChannel/assets_c/2025/06/wallpaper_232_amy_19_pc_thm-thumb-400x400-16215.jpg
 create mode 100644 sonic.sega.jp/SonicChannel/assets_c/2025/06/wallpaper_232_amy_19_sp_thm-thumb-400x400-16214.jpg
 create mode 100644 sonic.sega.jp/SonicChannel/topics/collaboration/20250605_008949/index.html
 create mode 100644 sonic.sega.jp/SonicChannel/upload_images/collabo_250603_01_ogp.jpg
 create mode 100644 sonic.sega.jp/sonic.sega.jp/SonicChannel/upload_images/collabo_250603_01_01.jpg
