Already up to date.
[main e44b681894] files from 2022-10-21, 11:00:54
 140 files changed, 5240 insertions(+), 4489 deletions(-)
 create mode 100644 log/KrazeeTobi-2022-10-21_072404.log
 create mode 100644 sonic.sega.jp/SonicChannel/assets_c/2022/10/calendar_2211_blaze_thm-thumb-220x220-4841.png
 create mode 100644 sonic.sega.jp/SonicChannel/assets_c/2022/10/information_20221021_01_eye-thumb-640xauto-4834.jpg
 create mode 100644 sonic.sega.jp/SonicChannel/assets_c/2022/10/ohghiri_2211_eye-thumb-640xauto-4838.png
 create mode 100644 sonic.sega.jp/SonicChannel/assets_c/2022/10/wallpaper_216_blaze_14_pc_thm-thumb-220x220-4845.png
 create mode 100644 sonic.sega.jp/SonicChannel/assets_c/2022/10/wallpaper_216_blaze_14_sp_thm-thumb-220x220-4839.png
 create mode 100644 sonic.sega.jp/SonicChannel/enjoy/image/calendar_2211_blaze.pdf
 create mode 100644 sonic.sega.jp/SonicChannel/enjoy/image/wallpaper_216_blaze_14_pc.png
 create mode 100644 sonic.sega.jp/SonicChannel/enjoy/image/wallpaper_216_blaze_14_sp.png
 create mode 100644 sonic.sega.jp/SonicChannel/fanart/image/fanart_2212_eye.png
 create mode 100644 sonic.sega.jp/SonicChannel/special/image/ohghiri_2211_eye.png
 create mode 100644 sonic.sega.jp/SonicChannel/special/ohgiri/20221021_003036/index.html
 create mode 100644 sonic.sega.jp/SonicChannel/topics/image/information_20221021_01_01.jpg
 create mode 100644 sonic.sega.jp/SonicChannel/topics/image/information_20221021_01_02.jpg
 create mode 100644 sonic.sega.jp/SonicChannel/topics/image/information_20221021_01_03.jpg
 create mode 100644 sonic.sega.jp/SonicChannel/topics/image/information_20221021_01_04.jpg
 create mode 100644 sonic.sega.jp/SonicChannel/topics/image/information_20221021_01_05.jpg
 create mode 100644 sonic.sega.jp/SonicChannel/topics/image/information_20221021_01_06.jpg
 create mode 100644 sonic.sega.jp/SonicChannel/topics/image/information_20221021_01_07.jpg
 create mode 100644 sonic.sega.jp/SonicChannel/topics/image/information_20221021_01_08.jpg
 create mode 100644 sonic.sega.jp/SonicChannel/topics/image/information_20221021_01_eye.jpg
 create mode 100644 sonic.sega.jp/SonicChannel/topics/information/20221021_003034/index.html
 rewrite www.nintendo.co.jp/3ds/acmj/chara/images/chara_eggman_01.png (99%)
 copy www.nintendo.co.jp/{3ds/acmj/chara/images/chara_eggman_01.png => common/v1/css/$PATH_NCONNOM_IMG/ncommon/_common/icon/right-stroke-white.svg} (100%)
 rewrite www.nintendo.co.jp/ds/ay9j/dream/img/dream_noflash_004.jpg (99%)
 rewrite www.nintendo.co.jp/ds/ay9j/player/img/reed.jpg (99%)
 rewrite www.nintendo.co.jp/wiiu/aurj/common/css/index.css (99%)
