Already up to date.
[main 79be2ba82b] files from 2022-10-31, 13:00:42
 107 files changed, 3144 insertions(+), 1404 deletions(-)
 create mode 100644 log/KrazeeTobi-2022-10-31_091402.log
 create mode 100644 paramount.jp/sonic-movie/assets/images/banner_01.png
 create mode 100644 paramount.jp/sonic-movie/assets/images/banner_02.png
 rewrite paramount.jp/sonic-movie/assets/images/main.jpg (91%)
 create mode 100644 sonic.sega.jp/SonicChannel/assets_c/2022/10/sanpo_221031_01_eye-thumb-640xauto-4882.jpg
 create mode 100644 sonic.sega.jp/SonicChannel/assets_c/2022/10/staffcolumn_221031_01_eye-thumb-640xauto-4881.jpg
 create mode 100644 sonic.sega.jp/SonicChannel/special/image/sanpo_221031_01_01.jpg
 create mode 100644 sonic.sega.jp/SonicChannel/special/image/staffcolumn_221031_01_01.jpg
 create mode 100644 sonic.sega.jp/SonicChannel/special/image/staffcolumn_221031_01_02.jpg
 create mode 100644 sonic.sega.jp/SonicChannel/special/image/staffcolumn_221031_01_03.jpg
 create mode 100644 sonic.sega.jp/SonicChannel/special/image/staffcolumn_221031_01_04.jpg
 create mode 100644 sonic.sega.jp/SonicChannel/special/image/staffcolumn_221031_01_05.jpg
 create mode 100644 sonic.sega.jp/SonicChannel/special/image/staffcolumn_221031_01_06.jpg
 create mode 100644 sonic.sega.jp/SonicChannel/special/image/staffcolumn_221031_01_07.jpg
 create mode 100644 sonic.sega.jp/SonicChannel/special/image/staffcolumn_221031_01_08.jpg
 create mode 100644 sonic.sega.jp/SonicChannel/special/image/staffcolumn_221031_01_09.jpg
 create mode 100644 sonic.sega.jp/SonicChannel/special/image/staffcolumn_221031_01_10.jpg
 create mode 100644 sonic.sega.jp/SonicChannel/special/image/staffcolumn_221031_01_eye.jpg
 create mode 100644 sonic.sega.jp/SonicChannel/special/sns/sanpo/20221031_003046/index.html
 create mode 100644 sonic.sega.jp/SonicChannel/special/staffcolumn/edo.1
 create mode 100644 sonic.sega.jp/SonicChannel/special/staffcolumn/edo.2
 create mode 100644 sonic.sega.jp/SonicChannel/special/staffcolumn/edo.3
 create mode 100644 sonic.sega.jp/SonicChannel/special/staffcolumn/edo/20221031_003048/index.html
 create mode 100644 sonic.sega.jp/SonicChannel/special/staffcolumn/edo/index.html
 rewrite sonic.sega.jp/SonicChannel/topics/image/information_20221020_01_02.jpg (94%)
 create mode 100644 sonic.sega.jp/SonicChannel/topics/image/sanpo_221031_01_eye.jpg
