Already up to date.
[main 13b9fdced] files from 2022-07-22, 11:08:10
 227 files changed, 4699 insertions(+), 3889 deletions(-)
 create mode 100644 log/KrazeeTobi-2022-07-22_061442.log
 create mode 100644 sonic-movie.jp/images/bnr_lazona.jpg
 create mode 100644 sonic-movie.jp/news/2022/07/22/sonic_0722/feed/index.html
 create mode 100644 sonic-movie.jp/news/2022/07/22/sonic_0722/index.html
 create mode 100644 sonic-movie.jp/news/index.html@p=861
 create mode 100644 sonic-movie.jp/news/wp-content/uploads/sites/81/2022/07/news_220722-212x300.jpg
 create mode 100644 sonic-movie.jp/news/wp-content/uploads/sites/81/2022/07/news_220722-724x1024.jpg
 create mode 100644 sonic-movie.jp/news/wp-content/uploads/sites/81/2022/07/news_220722-768x1087.jpg
 create mode 100644 sonic-movie.jp/news/wp-content/uploads/sites/81/2022/07/news_220722.jpg
 create mode 100644 sonic-movie.jp/news/wp-json/oembed/1.0/embed@url=https%3A%2F%2Fnews.eigafan.com%2Fsonic-movie%2F2022%2F07%2F22%2Fsonic_0722%2F
 create mode 100644 sonic-movie.jp/news/wp-json/oembed/1.0/embed@url=https%3A%2F%2Fnews.eigafan.com%2Fsonic-movie%2F2022%2F07%2F22%2Fsonic_0722%2F&format=xml
 create mode 100644 sonic.sega.jp/SonicChannel/assets_c/2022/07/calendar_2208_big_thm-thumb-220x220-4682.jpg
 create mode 100644 sonic.sega.jp/SonicChannel/assets_c/2022/07/ohghiri_2201_eye-thumb-640xauto-4691.jpg
 create mode 100644 sonic.sega.jp/SonicChannel/assets_c/2022/07/ohghiri_2202_eye-thumb-640xauto-4685.jpg
 create mode 100644 sonic.sega.jp/SonicChannel/assets_c/2022/07/ohghiri_2203_eye-thumb-640xauto-4686.jpg
 create mode 100644 sonic.sega.jp/SonicChannel/assets_c/2022/07/ohghiri_2204_eye-thumb-640xauto-4684.jpg
 create mode 100644 sonic.sega.jp/SonicChannel/assets_c/2022/07/ohghiri_2205_eye-thumb-640xauto-4688.jpg
 create mode 100644 sonic.sega.jp/SonicChannel/assets_c/2022/07/ohghiri_2206_eye-thumb-640xauto-4687.jpg
 create mode 100644 sonic.sega.jp/SonicChannel/assets_c/2022/07/ohghiri_2207_eye-thumb-640xauto-4689.jpg
 create mode 100644 sonic.sega.jp/SonicChannel/assets_c/2022/07/ohghiri_2208_eye-thumb-640xauto-4690.jpg
 create mode 100644 sonic.sega.jp/SonicChannel/assets_c/2022/07/wallpaper_214_big_05_pc_thm-thumb-220x220-4683.jpg
 create mode 100644 sonic.sega.jp/SonicChannel/assets_c/2022/07/wallpaper_214_big_05_sp_thm-thumb-220x220-4681.jpg
 create mode 100644 sonic.sega.jp/SonicChannel/enjoy/image/calendar_2208_big.pdf
 create mode 100644 sonic.sega.jp/SonicChannel/enjoy/image/wallpaper_214_big_05_pc.png
 create mode 100644 sonic.sega.jp/SonicChannel/enjoy/image/wallpaper_214_big_05_sp.png
 create mode 100644 sonic.sega.jp/SonicChannel/fanart/image/apply_2209_eye.png
 create mode 100644 sonic.sega.jp/SonicChannel/special/image/ohghiri_2201_eye.jpg
 create mode 100644 sonic.sega.jp/SonicChannel/special/image/ohghiri_2202_eye.jpg
 create mode 100644 sonic.sega.jp/SonicChannel/special/image/ohghiri_2203_eye.jpg
 create mode 100644 sonic.sega.jp/SonicChannel/special/image/ohghiri_2204_eye.jpg
 create mode 100644 sonic.sega.jp/SonicChannel/special/image/ohghiri_2205_eye.jpg
 create mode 100644 sonic.sega.jp/SonicChannel/special/image/ohghiri_2206_eye.jpg
 create mode 100644 sonic.sega.jp/SonicChannel/special/image/ohghiri_2207_eye.jpg
 create mode 100644 sonic.sega.jp/SonicChannel/special/image/ohghiri_2208_eye.jpg
 create mode 100644 sonic.sega.jp/SonicChannel/special/ohgiri/20220722_002953/index.html
 create mode 100644 www.nintendo.co.jp/common/v1/img/bnr-splatoon_quiz--pc.png
 create mode 100644 www.nintendo.co.jp/common/v1/img/bnr-splatoon_quiz--sp.png
 rewrite www.nintendo.co.jp/common/v1/js/gheader.js (74%)
