Already up to date.
[main 2153432e5] files from 2022-07-01,  8:49:28
 228 files changed, 4374 insertions(+), 2711 deletions(-)
 create mode 100644 log/KrazeeTobi-2022-07-01_042356.log
 create mode 100644 sonic-movie.jp/images/bnr_rakuten.jpg
 create mode 100644 sonic-movie.jp/images/bnr_sega_pc.png
 create mode 100644 sonic-movie.jp/news/2022/07/01/sonic_0701/feed/index.html
 create mode 100644 sonic-movie.jp/news/2022/07/01/sonic_0701/index.html
 create mode 100644 sonic-movie.jp/news/2022/07/index.html
 create mode 100644 sonic-movie.jp/news/index.html@p=823
 create mode 100644 sonic-movie.jp/news/page/10/index.html
 create mode 100644 sonic-movie.jp/news/wp-content/uploads/sites/81/2022/06/news_220701_01-212x300.jpg
 create mode 100644 sonic-movie.jp/news/wp-content/uploads/sites/81/2022/06/news_220701_01-724x1024.jpg
 create mode 100644 sonic-movie.jp/news/wp-content/uploads/sites/81/2022/06/news_220701_01-768x1087.jpg
 create mode 100644 sonic-movie.jp/news/wp-content/uploads/sites/81/2022/06/news_220701_01.jpg
 create mode 100644 sonic-movie.jp/news/wp-json/oembed/1.0/embed@url=https%3A%2F%2Fnews.eigafan.com%2Fsonic-movie%2F2022%2F07%2F01%2Fsonic_0701%2F
 create mode 100644 sonic-movie.jp/news/wp-json/oembed/1.0/embed@url=https%3A%2F%2Fnews.eigafan.com%2Fsonic-movie%2F2022%2F07%2F01%2Fsonic_0701%2F&format=xml
 create mode 100644 sonic.sega.jp/SonicChannel/assets_c/2022/06/d6be788a92d1edda7e3abcd33ceeb659634136c4-thumb-640xauto-4662.jpg
 create mode 100644 sonic.sega.jp/SonicChannel/assets_c/2022/07/goods_220701_01_eye-thumb-640xauto-4664.jpg
 create mode 100644 sonic.sega.jp/SonicChannel/fanart/20220701_002933/index.html
 create mode 100644 sonic.sega.jp/SonicChannel/fanart/image/2207_0001.jpg
 create mode 100644 sonic.sega.jp/SonicChannel/fanart/image/2207_0002.jpg
 create mode 100644 sonic.sega.jp/SonicChannel/fanart/image/2207_0003.jpg
 create mode 100644 sonic.sega.jp/SonicChannel/fanart/image/2207_0004.jpg
 create mode 100644 sonic.sega.jp/SonicChannel/fanart/image/2207_0005.jpg
 create mode 100644 sonic.sega.jp/SonicChannel/fanart/image/2207_0006.jpg
 create mode 100644 sonic.sega.jp/SonicChannel/fanart/image/2207_0007.jpg
 create mode 100644 sonic.sega.jp/SonicChannel/fanart/image/2207_0008.jpg
 create mode 100644 sonic.sega.jp/SonicChannel/fanart/image/2207_0009.jpg
 create mode 100644 sonic.sega.jp/SonicChannel/fanart/image/2207_0010.jpg
 create mode 100644 sonic.sega.jp/SonicChannel/fanart/image/2207_0011.jpg
 create mode 100644 sonic.sega.jp/SonicChannel/fanart/image/2207_0012.jpg
 create mode 100644 sonic.sega.jp/SonicChannel/fanart/image/2207_0013.jpg
 create mode 100644 sonic.sega.jp/SonicChannel/fanart/image/2207_0014.jpg
 create mode 100644 sonic.sega.jp/SonicChannel/fanart/image/2207_0015.jpg
 create mode 100644 sonic.sega.jp/SonicChannel/fanart/image/2207_0016.jpg
 create mode 100644 sonic.sega.jp/SonicChannel/fanart/image/2207_0017.jpg
 create mode 100644 sonic.sega.jp/SonicChannel/fanart/image/2207_0018.jpg
 create mode 100644 sonic.sega.jp/SonicChannel/fanart/image/2207_0019.jpg
 create mode 100644 sonic.sega.jp/SonicChannel/fanart/image/2207_0020.jpg
 create mode 100644 sonic.sega.jp/SonicChannel/fanart/image/2207_0021.jpg
 create mode 100644 sonic.sega.jp/SonicChannel/fanart/image/2207_0022.jpg
 create mode 100644 sonic.sega.jp/SonicChannel/fanart/image/2207_0023.jpg
 create mode 100644 sonic.sega.jp/SonicChannel/fanart/image/2207_0024.jpg
 create mode 100644 sonic.sega.jp/SonicChannel/fanart/image/2207_0025.jpg
 create mode 100644 sonic.sega.jp/SonicChannel/fanart/image/2207_0026.jpg
 create mode 100644 sonic.sega.jp/SonicChannel/fanart/image/2207_0027.jpg
 create mode 100644 sonic.sega.jp/SonicChannel/fanart/image/2207_0028.jpg
 create mode 100644 sonic.sega.jp/SonicChannel/fanart/image/2207_0029.jpg
 create mode 100644 sonic.sega.jp/SonicChannel/fanart/image/2207_0030.jpg
 create mode 100644 sonic.sega.jp/SonicChannel/fanart/image/d6be788a92d1edda7e3abcd33ceeb659634136c4.jpg
 create mode 100644 sonic.sega.jp/SonicChannel/fanart/image/s2207_0001.jpg
 create mode 100644 sonic.sega.jp/SonicChannel/fanart/image/s2207_0002.jpg
 create mode 100644 sonic.sega.jp/SonicChannel/fanart/image/s2207_0003.jpg
 create mode 100644 sonic.sega.jp/SonicChannel/fanart/image/s2207_0004.jpg
 create mode 100644 sonic.sega.jp/SonicChannel/fanart/image/s2207_0005.jpg
 create mode 100644 sonic.sega.jp/SonicChannel/fanart/image/s2207_0006.jpg
 create mode 100644 sonic.sega.jp/SonicChannel/fanart/image/s2207_0007.jpg
 create mode 100644 sonic.sega.jp/SonicChannel/fanart/image/s2207_0008.jpg
 create mode 100644 sonic.sega.jp/SonicChannel/fanart/image/s2207_0009.jpg
 create mode 100644 sonic.sega.jp/SonicChannel/fanart/image/s2207_0010.jpg
 create mode 100644 sonic.sega.jp/SonicChannel/fanart/image/s2207_0011.jpg
 create mode 100644 sonic.sega.jp/SonicChannel/fanart/image/s2207_0012.jpg
 create mode 100644 sonic.sega.jp/SonicChannel/fanart/image/s2207_0013.jpg
 create mode 100644 sonic.sega.jp/SonicChannel/fanart/image/s2207_0014.jpg
 create mode 100644 sonic.sega.jp/SonicChannel/fanart/image/s2207_0015.jpg
 create mode 100644 sonic.sega.jp/SonicChannel/fanart/image/s2207_0016.jpg
 create mode 100644 sonic.sega.jp/SonicChannel/fanart/image/s2207_0017.jpg
 create mode 100644 sonic.sega.jp/SonicChannel/fanart/image/s2207_0018.jpg
 create mode 100644 sonic.sega.jp/SonicChannel/fanart/image/s2207_0019.jpg
 create mode 100644 sonic.sega.jp/SonicChannel/fanart/image/s2207_0020.jpg
 create mode 100644 sonic.sega.jp/SonicChannel/fanart/image/s2207_0021.jpg
 create mode 100644 sonic.sega.jp/SonicChannel/fanart/image/s2207_0022.jpg
 create mode 100644 sonic.sega.jp/SonicChannel/fanart/image/s2207_0023.jpg
 create mode 100644 sonic.sega.jp/SonicChannel/fanart/image/s2207_0024.jpg
 create mode 100644 sonic.sega.jp/SonicChannel/fanart/image/s2207_0025.jpg
 create mode 100644 sonic.sega.jp/SonicChannel/fanart/image/s2207_0026.jpg
 create mode 100644 sonic.sega.jp/SonicChannel/fanart/image/s2207_0027.jpg
 create mode 100644 sonic.sega.jp/SonicChannel/fanart/image/s2207_0028.jpg
 create mode 100644 sonic.sega.jp/SonicChannel/fanart/image/s2207_0029.jpg
 create mode 100644 sonic.sega.jp/SonicChannel/fanart/image/s2207_0030.jpg
 create mode 100644 sonic.sega.jp/SonicChannel/topics/goods/20220701_002923/index.html
 create mode 100644 sonic.sega.jp/SonicChannel/topics/goods/20220701_002935/index.html
 create mode 100644 sonic.sega.jp/SonicChannel/topics/image/goods_211623_02_01.jpg
 create mode 100644 sonic.sega.jp/SonicChannel/topics/image/goods_211623_02_02.jpg
 create mode 100644 sonic.sega.jp/SonicChannel/topics/image/goods_211623_02_eye.jpg
 create mode 100644 sonic.sega.jp/SonicChannel/topics/image/goods_220701_01_eye.jpg
