Already up to date.
[main f6b5797d94] files from 2022-11-22, 11:09:53
 86 files changed, 2329 insertions(+), 1986 deletions(-)
 create mode 100644 log/KrazeeTobi-2022-11-22_071207.log
 create mode 100644 sonic.sega.jp/SonicChannel/assets_c/2022/09/goods_220909_02_eye-thumb-640xauto-4802.jpg
 create mode 100644 sonic.sega.jp/SonicChannel/assets_c/2022/11/goods_221122_01_eye-thumb-640xauto-4890.jpg
 create mode 100644 sonic.sega.jp/SonicChannel/topics/goods/20221118_002987/index.html
 create mode 100644 sonic.sega.jp/SonicChannel/topics/goods/20221122_003061/index.html
 create mode 100644 sonic.sega.jp/SonicChannel/topics/image/goods_220909_01_01.jpg
 create mode 100644 sonic.sega.jp/SonicChannel/topics/image/goods_220909_01_02.jpg
 create mode 100644 sonic.sega.jp/SonicChannel/topics/image/goods_220909_01_03.jpg
 create mode 100644 sonic.sega.jp/SonicChannel/topics/image/goods_220909_01_04.jpg
 create mode 100644 sonic.sega.jp/SonicChannel/topics/image/goods_220909_01_05.jpg
 create mode 100644 sonic.sega.jp/SonicChannel/topics/image/goods_220909_02_eye.jpg
 create mode 100644 sonic.sega.jp/SonicChannel/topics/image/goods_221122_01_eye.jpg
 rewrite sonic.sega.jp/SonicFrontiers/products/css/product.css@03 (98%)
 create mode 100644 sonic.sega.jp/SonicFrontiers/videos/images/video-thumb20.jpg
 rewrite www.nintendo.co.jp/3ds/acmj/common/js/canimate.js (100%)
 rewrite www.nintendo.co.jp/wii/siij/athlete/img/waluigi.png (99%)
 rewrite www.nintendo.co.jp/wiiu/abjj/files/img/index/soft_detail/txt.png (100%)
 rewrite www.nintendo.co.jp/wiiu/abjj/sports/files/img/index/olympic/chara08.png (99%)
 rewrite www.nintendo.co.jp/wiiu/abjj/sports/files/img/index/olympic/chara11.png (99%)
 rewrite www.nintendo.co.jp/wiiu/abjj/sports/files/img/index/olympic/ttl005.png (99%)
 rewrite www.nintendo.co.jp/wiiu/aurj/common/images/character/bg_chara05.jpg (99%)
 rewrite www.nintendo.co.jp/wiiu/aurj/common/images/character/img_namedonkey_s.png (100%)
 rewrite www.nintendo.co.jp/wiiu/aurj/common/images/enjoy/ttl_formallist08.png (99%)
 rewrite www.nintendo.co.jp/wiiu/aurj/common/images/mode/txt_mode03.png (100%)
