Already up to date.
[main 570d7bdfb0] files from 2022-10-07, 12:55:37
 211 files changed, 6342 insertions(+), 2253 deletions(-)
 create mode 100644 log/KrazeeTobi-2022-10-07_081824.log
 create mode 100644 paramount.jp/common/bnr/bnr_fb.png
 create mode 100644 paramount.jp/common/bnr/bnr_twitter.png
 create mode 100644 paramount.jp/common/bnr/bnr_youtube.png
 create mode 100644 paramount.jp/sonic-movie/assets/css/commonHd.css
 create mode 100644 paramount.jp/sonic-movie/assets/images/SeamlessPattern_pc.jpg
 create mode 100644 paramount.jp/sonic-movie/assets/images/back_img2.jpg
 create mode 100644 paramount.jp/sonic-movie/assets/images/back_img3.jpg
 create mode 100644 paramount.jp/sonic-movie/assets/images/back_img4.jpg
 create mode 100644 paramount.jp/sonic-movie/assets/images/back_img5.jpg
 create mode 100644 paramount.jp/sonic-movie/assets/images/banner.jpg
 create mode 100644 paramount.jp/sonic-movie/assets/images/btn_sell01.png
 create mode 100644 paramount.jp/sonic-movie/assets/images/btn_sell03.png
 create mode 100644 paramount.jp/sonic-movie/assets/images/btn_sell04.png
 create mode 100644 paramount.jp/sonic-movie/assets/images/btn_sell05.png
 create mode 100644 paramount.jp/sonic-movie/assets/images/btn_sell06.png
 create mode 100644 paramount.jp/sonic-movie/assets/images/deliverybanner-1.png
 create mode 100644 paramount.jp/sonic-movie/assets/images/deliverybanner-10.png
 create mode 100644 paramount.jp/sonic-movie/assets/images/deliverybanner-11.png
 create mode 100644 paramount.jp/sonic-movie/assets/images/deliverybanner-12.png
 create mode 100644 paramount.jp/sonic-movie/assets/images/deliverybanner-19.png
 create mode 100644 paramount.jp/sonic-movie/assets/images/deliverybanner-2.png
 create mode 100644 paramount.jp/sonic-movie/assets/images/deliverybanner-3.png
 create mode 100644 paramount.jp/sonic-movie/assets/images/deliverybanner-5.png
 create mode 100644 paramount.jp/sonic-movie/assets/images/deliverybanner-6.png
 create mode 100644 paramount.jp/sonic-movie/assets/images/deliverybanner-8.png
 create mode 100644 paramount.jp/sonic-movie/assets/images/deliverybanner-9.png
 create mode 100644 paramount.jp/sonic-movie/assets/images/fancy_title_over.png
 create mode 100644 paramount.jp/sonic-movie/assets/images/fancybox-x.png
 create mode 100644 paramount.jp/sonic-movie/assets/images/fancybox-y.png
 create mode 100644 paramount.jp/sonic-movie/assets/images/fancybox.png
 create mode 100644 paramount.jp/sonic-movie/assets/images/highlights_copy1.png
 create mode 100644 paramount.jp/sonic-movie/assets/images/highlights_copy2.png
 create mode 100644 paramount.jp/sonic-movie/assets/images/highlights_copy3.png
 create mode 100644 paramount.jp/sonic-movie/assets/images/highlights_copy4.png
 create mode 100644 paramount.jp/sonic-movie/assets/images/highlights_img1.jpg
 create mode 100644 paramount.jp/sonic-movie/assets/images/highlights_img2.jpg
 create mode 100644 paramount.jp/sonic-movie/assets/images/highlights_img3.jpg
 create mode 100644 paramount.jp/sonic-movie/assets/images/highlights_img4.jpg
 create mode 100644 paramount.jp/sonic-movie/assets/images/ic_arrow.png
 create mode 100644 paramount.jp/sonic-movie/assets/images/jk_4k.png
 create mode 100644 paramount.jp/sonic-movie/assets/images/jk_dvd.png
 create mode 100644 paramount.jp/sonic-movie/assets/images/main.jpg
 create mode 100644 paramount.jp/sonic-movie/assets/images/nav_cast.jpg
 create mode 100644 paramount.jp/sonic-movie/assets/images/nav_dvd.jpg
 create mode 100644 paramount.jp/sonic-movie/assets/images/nav_highlights.jpg
 create mode 100644 paramount.jp/sonic-movie/assets/images/nav_story.jpg
 create mode 100644 paramount.jp/sonic-movie/assets/images/nav_top.jpg
 create mode 100644 paramount.jp/sonic-movie/assets/images/nav_trailer.jpg
 create mode 100644 paramount.jp/sonic-movie/assets/images/official_logo.png
 create mode 100644 paramount.jp/sonic-movie/assets/images/rental.png
 create mode 100644 paramount.jp/sonic-movie/assets/images/story_img.png
 create mode 100644 paramount.jp/sonic-movie/assets/images/sttl_cast.png
 create mode 100644 paramount.jp/sonic-movie/assets/images/sttl_digi.png
 create mode 100644 paramount.jp/sonic-movie/assets/images/sttl_rental.png
 create mode 100644 paramount.jp/sonic-movie/assets/images/sttl_sell.png
 create mode 100644 paramount.jp/sonic-movie/assets/images/sttl_staff.png
 create mode 100644 paramount.jp/sonic-movie/assets/images/ttl_cast.png
 create mode 100644 paramount.jp/sonic-movie/assets/images/ttl_dvd.png
 create mode 100644 paramount.jp/sonic-movie/assets/images/ttl_highlights.png
 create mode 100644 paramount.jp/sonic-movie/assets/images/ttl_story.png
 create mode 100644 paramount.jp/sonic-movie/assets/images/ttl_trailer.png
 create mode 100644 paramount.jp/sonic-movie/assets/images/txt_4k.png
 create mode 100644 paramount.jp/sonic-movie/assets/images/txt_dvd.png
 rewrite paramount.jp/sonic-movie/index.html (88%)
 create mode 100644 paramount.jp/sonic-movie/part1/assets/css/base.css
 create mode 100644 paramount.jp/sonic-movie/part1/assets/css/layout.css
 create mode 100644 paramount.jp/sonic-movie/part1/assets/img/back_img1.jpg
 create mode 100644 paramount.jp/sonic-movie/part1/assets/img/back_img2.jpg
 create mode 100644 paramount.jp/sonic-movie/part1/assets/img/back_img3.jpg
 create mode 100644 paramount.jp/sonic-movie/part1/assets/img/back_img4.jpg
 create mode 100644 paramount.jp/sonic-movie/part1/assets/img/banner-facebook.png
 create mode 100644 paramount.jp/sonic-movie/part1/assets/img/banner-filmarks.png
 create mode 100644 paramount.jp/sonic-movie/part1/assets/img/banner-twitter.png
 create mode 100644 paramount.jp/sonic-movie/part1/assets/img/btn_details.png
 create mode 100644 paramount.jp/sonic-movie/part1/assets/img/btn_digi.png
 create mode 100644 paramount.jp/sonic-movie/part1/assets/img/date.png
 create mode 100644 paramount.jp/sonic-movie/part1/assets/img/deliverybanner-1.png
 create mode 100644 paramount.jp/sonic-movie/part1/assets/img/deliverybanner-10.png
 create mode 100644 paramount.jp/sonic-movie/part1/assets/img/deliverybanner-11.png
 create mode 100644 paramount.jp/sonic-movie/part1/assets/img/deliverybanner-12.png
 create mode 100644 paramount.jp/sonic-movie/part1/assets/img/deliverybanner-13.png
 create mode 100644 paramount.jp/sonic-movie/part1/assets/img/deliverybanner-14.png
 create mode 100644 paramount.jp/sonic-movie/part1/assets/img/deliverybanner-2.png
 create mode 100644 paramount.jp/sonic-movie/part1/assets/img/deliverybanner-3.png
 create mode 100644 paramount.jp/sonic-movie/part1/assets/img/deliverybanner-4.png
 create mode 100644 paramount.jp/sonic-movie/part1/assets/img/deliverybanner-5.png
 create mode 100644 paramount.jp/sonic-movie/part1/assets/img/deliverybanner-6.png
 create mode 100644 paramount.jp/sonic-movie/part1/assets/img/deliverybanner-7.png
 create mode 100644 paramount.jp/sonic-movie/part1/assets/img/deliverybanner-8.png
 create mode 100644 paramount.jp/sonic-movie/part1/assets/img/deliverybanner-9.png
 create mode 100644 paramount.jp/sonic-movie/part1/assets/img/ec_back.png
 create mode 100644 paramount.jp/sonic-movie/part1/assets/img/ecbanner-amazon.png
 create mode 100644 paramount.jp/sonic-movie/part1/assets/img/ecbanner-hmv.png
 create mode 100644 paramount.jp/sonic-movie/part1/assets/img/ecbanner-rakuten.png
 create mode 100644 paramount.jp/sonic-movie/part1/assets/img/ecbanner-segastore.png
 create mode 100644 paramount.jp/sonic-movie/part1/assets/img/ecbanner-seven.png
 create mode 100644 paramount.jp/sonic-movie/part1/assets/img/ecbanner-tsutaya.png
 create mode 100644 paramount.jp/sonic-movie/part1/assets/img/highlights1.jpg
 create mode 100644 paramount.jp/sonic-movie/part1/assets/img/highlights2.jpg
 create mode 100644 paramount.jp/sonic-movie/part1/assets/img/highlights3.jpg
 create mode 100644 paramount.jp/sonic-movie/part1/assets/img/highlights4.jpg
 create mode 100644 paramount.jp/sonic-movie/part1/assets/img/jk.png
 create mode 100644 paramount.jp/sonic-movie/part1/assets/img/logo.png
 create mode 100644 paramount.jp/sonic-movie/part1/assets/img/main.jpg
 create mode 100644 paramount.jp/sonic-movie/part1/assets/img/maincopy.png
 create mode 100644 paramount.jp/sonic-movie/part1/assets/img/nav_back.png
 create mode 100644 paramount.jp/sonic-movie/part1/assets/img/nav_cast.jpg
 create mode 100644 paramount.jp/sonic-movie/part1/assets/img/nav_dvd.jpg
 create mode 100644 paramount.jp/sonic-movie/part1/assets/img/nav_highlights.jpg
 create mode 100644 paramount.jp/sonic-movie/part1/assets/img/nav_story.jpg
 create mode 100644 paramount.jp/sonic-movie/part1/assets/img/nav_top.jpg
 create mode 100644 paramount.jp/sonic-movie/part1/assets/img/nav_trailer.jpg
 create mode 100644 paramount.jp/sonic-movie/part1/assets/img/official_logo.png
 create mode 100644 paramount.jp/sonic-movie/part1/assets/img/rental.jpg
 create mode 100644 paramount.jp/sonic-movie/part1/assets/img/sell.jpg
 create mode 100644 paramount.jp/sonic-movie/part1/assets/img/story_img.jpg
 create mode 100644 paramount.jp/sonic-movie/part1/assets/img/subcopy1.png
 create mode 100644 paramount.jp/sonic-movie/part1/assets/img/subcopy2.png
 create mode 100644 paramount.jp/sonic-movie/part1/assets/img/text-copyright_pc.png
 create mode 100644 paramount.jp/sonic-movie/part1/assets/img/thunder.png
 create mode 100644 paramount.jp/sonic-movie/part1/assets/img/ttl_cast.png
 create mode 100644 paramount.jp/sonic-movie/part1/assets/img/ttl_digi.png
 create mode 100644 paramount.jp/sonic-movie/part1/assets/img/ttl_dvd.png
 create mode 100644 paramount.jp/sonic-movie/part1/assets/img/ttl_highlights.png
 create mode 100644 paramount.jp/sonic-movie/part1/assets/img/ttl_rental.png
 create mode 100644 paramount.jp/sonic-movie/part1/assets/img/ttl_sell.png
 create mode 100644 paramount.jp/sonic-movie/part1/assets/img/ttl_staff.png
 create mode 100644 paramount.jp/sonic-movie/part1/assets/img/ttl_story.png
 create mode 100644 paramount.jp/sonic-movie/part1/assets/img/ttl_trailer.png
 create mode 100644 paramount.jp/sonic-movie/part1/assets/js/init.js
 create mode 100644 paramount.jp/sonic-movie/part1/assets/js/loadYtIframePlayer.js
 create mode 100644 paramount.jp/sonic-movie/part1/assets/lib/jquery/jquery.easing.js
 create mode 100644 paramount.jp/sonic-movie/part1/assets/lib/jquery/jquery.fancybox.js
 create mode 100644 paramount.jp/sonic-movie/part1/assets/lib/jquery/jquery.min.js
 create mode 100644 paramount.jp/sonic-movie/part1/assets/lib/jquery/smoothRollOver.js
 create mode 100644 paramount.jp/sonic-movie/part1/assets/lib/png/DD_belatedPNG.js
 copy paramount.jp/sonic-movie/{ => part1}/index.html (100%)
 create mode 100644 sonic-movie.jp/images/bnr_sell.jpg
 rewrite sonic-movie.jp/images/date.png (99%)
 create mode 100644 sonic.sega.jp/SonicChannel/assets_c/2022/10/sound_221007_01_eye-thumb-640xauto-4827.jpg
 create mode 100644 sonic.sega.jp/SonicChannel/topics/image/sound_221007_01_eye.jpg
 create mode 100644 sonic.sega.jp/SonicChannel/topics/sound/20221007_003026/index.html
 create mode 100644 sonic.sega.jp/SonicChannel/topics/sound/index_5.html
 rewrite www.nintendo.co.jp/mario_and_sonic2010/about/images/tx_03.jpg (99%)
 rewrite www.nintendo.co.jp/wiiu/aurj/common/images/character/btn-listluigi.png (99%)
 rewrite www.nintendo.co.jp/wiiu/aurj/common/images/cmpv/cm_bg1_s.jpg (99%)
