Already up to date.
[main a2e347d7b4] files from 2022-12-15, 12:19:09
 1115 files changed, 78554 insertions(+), 2398 deletions(-)
 create mode 100644 log/KrazeeTobi-2022-12-15_081555.log
 create mode 100644 sonic-movie.jp/sonic-movie/index.html@doing_wp_cron=1671105850.6752550601959228515625&paged=13
 create mode 100644 sonic-movie.jp/sonic-movie/index.html@doing_wp_cron=1671105850.6752550601959228515625&paged=2
 create mode 100644 sonic-movie.jp/sonic-movie/index.html@doing_wp_cron=1671105850.6752550601959228515625&paged=3
 create mode 100644 sonic-movie.jp/sonic-movie/index.html@doing_wp_cron=1671105850.6752550601959228515625&paged=4
 create mode 100644 sonic-movie.jp/sonic-movie/index.html@doing_wp_cron=1671105850.6752550601959228515625&paged=5
 create mode 100644 sonic-movie.jp/sonic-movie/index.html@doing_wp_cron=1671105850.6752550601959228515625&paged=6
 create mode 100644 sonic-movie.jp/sonic-movie/page/10/index.html@doing_wp_cron=1671105850.6752550601959228515625&paged=1
 create mode 100644 sonic-movie.jp/sonic-movie/page/10/index.html@doing_wp_cron=1671105850.6752550601959228515625&paged=11
 create mode 100644 sonic-movie.jp/sonic-movie/page/10/index.html@doing_wp_cron=1671105850.6752550601959228515625&paged=12
 create mode 100644 sonic-movie.jp/sonic-movie/page/10/index.html@doing_wp_cron=1671105850.6752550601959228515625&paged=13
 create mode 100644 sonic-movie.jp/sonic-movie/page/10/index.html@doing_wp_cron=1671105850.6752550601959228515625&paged=5
 create mode 100644 sonic-movie.jp/sonic-movie/page/10/index.html@doing_wp_cron=1671105850.6752550601959228515625&paged=6
 create mode 100644 sonic-movie.jp/sonic-movie/page/10/index.html@doing_wp_cron=1671105850.6752550601959228515625&paged=7
 create mode 100644 sonic-movie.jp/sonic-movie/page/10/index.html@doing_wp_cron=1671105850.6752550601959228515625&paged=8
 create mode 100644 sonic-movie.jp/sonic-movie/page/10/index.html@doing_wp_cron=1671105850.6752550601959228515625&paged=9
 create mode 100644 sonic-movie.jp/sonic-movie/page/11/index.html@doing_wp_cron=1671105850.6752550601959228515625&paged=1
 create mode 100644 sonic-movie.jp/sonic-movie/page/11/index.html@doing_wp_cron=1671105850.6752550601959228515625&paged=10
 create mode 100644 sonic-movie.jp/sonic-movie/page/11/index.html@doing_wp_cron=1671105850.6752550601959228515625&paged=12
 create mode 100644 sonic-movie.jp/sonic-movie/page/11/index.html@doing_wp_cron=1671105850.6752550601959228515625&paged=13
 create mode 100644 sonic-movie.jp/sonic-movie/page/11/index.html@doing_wp_cron=1671105850.6752550601959228515625&paged=6
 create mode 100644 sonic-movie.jp/sonic-movie/page/11/index.html@doing_wp_cron=1671105850.6752550601959228515625&paged=7
 create mode 100644 sonic-movie.jp/sonic-movie/page/11/index.html@doing_wp_cron=1671105850.6752550601959228515625&paged=8
 create mode 100644 sonic-movie.jp/sonic-movie/page/11/index.html@doing_wp_cron=1671105850.6752550601959228515625&paged=9
 create mode 100644 sonic-movie.jp/sonic-movie/page/12/index.html@doing_wp_cron=1671105850.6752550601959228515625&paged=1
 create mode 100644 sonic-movie.jp/sonic-movie/page/12/index.html@doing_wp_cron=1671105850.6752550601959228515625&paged=10
 create mode 100644 sonic-movie.jp/sonic-movie/page/12/index.html@doing_wp_cron=1671105850.6752550601959228515625&paged=11
 create mode 100644 sonic-movie.jp/sonic-movie/page/12/index.html@doing_wp_cron=1671105850.6752550601959228515625&paged=13
 create mode 100644 sonic-movie.jp/sonic-movie/page/12/index.html@doing_wp_cron=1671105850.6752550601959228515625&paged=7
 create mode 100644 sonic-movie.jp/sonic-movie/page/12/index.html@doing_wp_cron=1671105850.6752550601959228515625&paged=8
 create mode 100644 sonic-movie.jp/sonic-movie/page/12/index.html@doing_wp_cron=1671105850.6752550601959228515625&paged=9
 create mode 100644 sonic-movie.jp/sonic-movie/page/13/index.html@doing_wp_cron=1671105850.6752550601959228515625&paged=1
 create mode 100644 sonic-movie.jp/sonic-movie/page/13/index.html@doing_wp_cron=1671105850.6752550601959228515625&paged=10
 create mode 100644 sonic-movie.jp/sonic-movie/page/13/index.html@doing_wp_cron=1671105850.6752550601959228515625&paged=11
 create mode 100644 sonic-movie.jp/sonic-movie/page/13/index.html@doing_wp_cron=1671105850.6752550601959228515625&paged=12
 create mode 100644 sonic-movie.jp/sonic-movie/page/13/index.html@doing_wp_cron=1671105850.6752550601959228515625&paged=8
 create mode 100644 sonic-movie.jp/sonic-movie/page/13/index.html@doing_wp_cron=1671105850.6752550601959228515625&paged=9
 create mode 100644 sonic-movie.jp/sonic-movie/page/2/index.html@doing_wp_cron=1671105850.6752550601959228515625&paged=1
 create mode 100644 sonic-movie.jp/sonic-movie/page/2/index.html@doing_wp_cron=1671105850.6752550601959228515625&paged=13
 create mode 100644 sonic-movie.jp/sonic-movie/page/2/index.html@doing_wp_cron=1671105850.6752550601959228515625&paged=3
 create mode 100644 sonic-movie.jp/sonic-movie/page/2/index.html@doing_wp_cron=1671105850.6752550601959228515625&paged=4
 create mode 100644 sonic-movie.jp/sonic-movie/page/2/index.html@doing_wp_cron=1671105850.6752550601959228515625&paged=5
 create mode 100644 sonic-movie.jp/sonic-movie/page/2/index.html@doing_wp_cron=1671105850.6752550601959228515625&paged=6
 create mode 100644 sonic-movie.jp/sonic-movie/page/2/index.html@doing_wp_cron=1671105850.6752550601959228515625&paged=7
 create mode 100644 sonic-movie.jp/sonic-movie/page/3/index.html@doing_wp_cron=1671105850.6752550601959228515625&paged=1
 create mode 100644 sonic-movie.jp/sonic-movie/page/3/index.html@doing_wp_cron=1671105850.6752550601959228515625&paged=13
 create mode 100644 sonic-movie.jp/sonic-movie/page/3/index.html@doing_wp_cron=1671105850.6752550601959228515625&paged=2
 create mode 100644 sonic-movie.jp/sonic-movie/page/3/index.html@doing_wp_cron=1671105850.6752550601959228515625&paged=4
 create mode 100644 sonic-movie.jp/sonic-movie/page/3/index.html@doing_wp_cron=1671105850.6752550601959228515625&paged=5
 create mode 100644 sonic-movie.jp/sonic-movie/page/3/index.html@doing_wp_cron=1671105850.6752550601959228515625&paged=6
 create mode 100644 sonic-movie.jp/sonic-movie/page/3/index.html@doing_wp_cron=1671105850.6752550601959228515625&paged=7
 create mode 100644 sonic-movie.jp/sonic-movie/page/3/index.html@doing_wp_cron=1671105850.6752550601959228515625&paged=8
 create mode 100644 sonic-movie.jp/sonic-movie/page/4/index.html@doing_wp_cron=1671105850.6752550601959228515625&paged=1
 create mode 100644 sonic-movie.jp/sonic-movie/page/4/index.html@doing_wp_cron=1671105850.6752550601959228515625&paged=13
 create mode 100644 sonic-movie.jp/sonic-movie/page/4/index.html@doing_wp_cron=1671105850.6752550601959228515625&paged=2
 create mode 100644 sonic-movie.jp/sonic-movie/page/4/index.html@doing_wp_cron=1671105850.6752550601959228515625&paged=3
 create mode 100644 sonic-movie.jp/sonic-movie/page/4/index.html@doing_wp_cron=1671105850.6752550601959228515625&paged=5
 create mode 100644 sonic-movie.jp/sonic-movie/page/4/index.html@doing_wp_cron=1671105850.6752550601959228515625&paged=6
 create mode 100644 sonic-movie.jp/sonic-movie/page/4/index.html@doing_wp_cron=1671105850.6752550601959228515625&paged=7
 create mode 100644 sonic-movie.jp/sonic-movie/page/4/index.html@doing_wp_cron=1671105850.6752550601959228515625&paged=8
 create mode 100644 sonic-movie.jp/sonic-movie/page/4/index.html@doing_wp_cron=1671105850.6752550601959228515625&paged=9
 create mode 100644 sonic-movie.jp/sonic-movie/page/5/index.html@doing_wp_cron=1671105850.6752550601959228515625&paged=1
 create mode 100644 sonic-movie.jp/sonic-movie/page/5/index.html@doing_wp_cron=1671105850.6752550601959228515625&paged=10
 create mode 100644 sonic-movie.jp/sonic-movie/page/5/index.html@doing_wp_cron=1671105850.6752550601959228515625&paged=13
 create mode 100644 sonic-movie.jp/sonic-movie/page/5/index.html@doing_wp_cron=1671105850.6752550601959228515625&paged=2
 create mode 100644 sonic-movie.jp/sonic-movie/page/5/index.html@doing_wp_cron=1671105850.6752550601959228515625&paged=3
 create mode 100644 sonic-movie.jp/sonic-movie/page/5/index.html@doing_wp_cron=1671105850.6752550601959228515625&paged=4
 create mode 100644 sonic-movie.jp/sonic-movie/page/5/index.html@doing_wp_cron=1671105850.6752550601959228515625&paged=6
 create mode 100644 sonic-movie.jp/sonic-movie/page/5/index.html@doing_wp_cron=1671105850.6752550601959228515625&paged=7
 create mode 100644 sonic-movie.jp/sonic-movie/page/5/index.html@doing_wp_cron=1671105850.6752550601959228515625&paged=8
 create mode 100644 sonic-movie.jp/sonic-movie/page/5/index.html@doing_wp_cron=1671105850.6752550601959228515625&paged=9
 create mode 100644 sonic-movie.jp/sonic-movie/page/6/index.html@doing_wp_cron=1671105850.6752550601959228515625&paged=1
 create mode 100644 sonic-movie.jp/sonic-movie/page/6/index.html@doing_wp_cron=1671105850.6752550601959228515625&paged=10
 create mode 100644 sonic-movie.jp/sonic-movie/page/6/index.html@doing_wp_cron=1671105850.6752550601959228515625&paged=11
 create mode 100644 sonic-movie.jp/sonic-movie/page/6/index.html@doing_wp_cron=1671105850.6752550601959228515625&paged=13
 create mode 100644 sonic-movie.jp/sonic-movie/page/6/index.html@doing_wp_cron=1671105850.6752550601959228515625&paged=2
 create mode 100644 sonic-movie.jp/sonic-movie/page/6/index.html@doing_wp_cron=1671105850.6752550601959228515625&paged=3
 create mode 100644 sonic-movie.jp/sonic-movie/page/6/index.html@doing_wp_cron=1671105850.6752550601959228515625&paged=4
 create mode 100644 sonic-movie.jp/sonic-movie/page/6/index.html@doing_wp_cron=1671105850.6752550601959228515625&paged=5
 create mode 100644 sonic-movie.jp/sonic-movie/page/6/index.html@doing_wp_cron=1671105850.6752550601959228515625&paged=7
 create mode 100644 sonic-movie.jp/sonic-movie/page/6/index.html@doing_wp_cron=1671105850.6752550601959228515625&paged=8
 create mode 100644 sonic-movie.jp/sonic-movie/page/6/index.html@doing_wp_cron=1671105850.6752550601959228515625&paged=9
 create mode 100644 sonic-movie.jp/sonic-movie/page/7/index.html@doing_wp_cron=1671105850.6752550601959228515625&paged=1
 create mode 100644 sonic-movie.jp/sonic-movie/page/7/index.html@doing_wp_cron=1671105850.6752550601959228515625&paged=10
 create mode 100644 sonic-movie.jp/sonic-movie/page/7/index.html@doing_wp_cron=1671105850.6752550601959228515625&paged=11
 create mode 100644 sonic-movie.jp/sonic-movie/page/7/index.html@doing_wp_cron=1671105850.6752550601959228515625&paged=12
 create mode 100644 sonic-movie.jp/sonic-movie/page/7/index.html@doing_wp_cron=1671105850.6752550601959228515625&paged=13
 create mode 100644 sonic-movie.jp/sonic-movie/page/7/index.html@doing_wp_cron=1671105850.6752550601959228515625&paged=2
 create mode 100644 sonic-movie.jp/sonic-movie/page/7/index.html@doing_wp_cron=1671105850.6752550601959228515625&paged=3
 create mode 100644 sonic-movie.jp/sonic-movie/page/7/index.html@doing_wp_cron=1671105850.6752550601959228515625&paged=4
 create mode 100644 sonic-movie.jp/sonic-movie/page/7/index.html@doing_wp_cron=1671105850.6752550601959228515625&paged=5
 create mode 100644 sonic-movie.jp/sonic-movie/page/7/index.html@doing_wp_cron=1671105850.6752550601959228515625&paged=6
 create mode 100644 sonic-movie.jp/sonic-movie/page/7/index.html@doing_wp_cron=1671105850.6752550601959228515625&paged=8
 create mode 100644 sonic-movie.jp/sonic-movie/page/7/index.html@doing_wp_cron=1671105850.6752550601959228515625&paged=9
 create mode 100644 sonic-movie.jp/sonic-movie/page/8/index.html@doing_wp_cron=1671105850.6752550601959228515625&paged=1
 create mode 100644 sonic-movie.jp/sonic-movie/page/8/index.html@doing_wp_cron=1671105850.6752550601959228515625&paged=10
 create mode 100644 sonic-movie.jp/sonic-movie/page/8/index.html@doing_wp_cron=1671105850.6752550601959228515625&paged=11
 create mode 100644 sonic-movie.jp/sonic-movie/page/8/index.html@doing_wp_cron=1671105850.6752550601959228515625&paged=12
 create mode 100644 sonic-movie.jp/sonic-movie/page/8/index.html@doing_wp_cron=1671105850.6752550601959228515625&paged=13
 create mode 100644 sonic-movie.jp/sonic-movie/page/8/index.html@doing_wp_cron=1671105850.6752550601959228515625&paged=3
 create mode 100644 sonic-movie.jp/sonic-movie/page/8/index.html@doing_wp_cron=1671105850.6752550601959228515625&paged=4
 create mode 100644 sonic-movie.jp/sonic-movie/page/8/index.html@doing_wp_cron=1671105850.6752550601959228515625&paged=5
 create mode 100644 sonic-movie.jp/sonic-movie/page/8/index.html@doing_wp_cron=1671105850.6752550601959228515625&paged=6
 create mode 100644 sonic-movie.jp/sonic-movie/page/8/index.html@doing_wp_cron=1671105850.6752550601959228515625&paged=7
 create mode 100644 sonic-movie.jp/sonic-movie/page/8/index.html@doing_wp_cron=1671105850.6752550601959228515625&paged=9
 create mode 100644 sonic-movie.jp/sonic-movie/page/9/index.html@doing_wp_cron=1671105850.6752550601959228515625&paged=1
 create mode 100644 sonic-movie.jp/sonic-movie/page/9/index.html@doing_wp_cron=1671105850.6752550601959228515625&paged=10
 create mode 100644 sonic-movie.jp/sonic-movie/page/9/index.html@doing_wp_cron=1671105850.6752550601959228515625&paged=11
 create mode 100644 sonic-movie.jp/sonic-movie/page/9/index.html@doing_wp_cron=1671105850.6752550601959228515625&paged=12
 create mode 100644 sonic-movie.jp/sonic-movie/page/9/index.html@doing_wp_cron=1671105850.6752550601959228515625&paged=13
 create mode 100644 sonic-movie.jp/sonic-movie/page/9/index.html@doing_wp_cron=1671105850.6752550601959228515625&paged=4
 create mode 100644 sonic-movie.jp/sonic-movie/page/9/index.html@doing_wp_cron=1671105850.6752550601959228515625&paged=5
 create mode 100644 sonic-movie.jp/sonic-movie/page/9/index.html@doing_wp_cron=1671105850.6752550601959228515625&paged=6
 create mode 100644 sonic-movie.jp/sonic-movie/page/9/index.html@doing_wp_cron=1671105850.6752550601959228515625&paged=7
 create mode 100644 sonic-movie.jp/sonic-movie/page/9/index.html@doing_wp_cron=1671105850.6752550601959228515625&paged=8
 create mode 100644 sonic.sega.jp/SonicChannel/assets_c/2022/12/goods_221212_01_eye-thumb-640xauto-4971.jpg
 create mode 100644 sonic.sega.jp/SonicChannel/assets_c/2022/12/goods_221213_01_eye-thumb-640xauto-4973.jpg
 create mode 100644 sonic.sega.jp/SonicChannel/assets_c/2022/12/goods_221213_02_eye-thumb-640xauto-4972.jpg
 create mode 100644 sonic.sega.jp/SonicChannel/assets_c/2022/12/goods_221213_03_eye-thumb-640xauto-4970.jpg
 create mode 100644 sonic.sega.jp/SonicChannel/assets_c/2022/12/goods_221213_04_eye-thumb-640xauto-4975.jpg
 create mode 100644 sonic.sega.jp/SonicChannel/assets_c/2022/12/goods_221213_05_eye-thumb-640xauto-4974.jpg
 create mode 100644 sonic.sega.jp/SonicChannel/assets_c/2022/12/goods_221215_01_eye-thumb-640xauto-4976.jpg
 create mode 100644 sonic.sega.jp/SonicChannel/topics/goods/20221215_003101/index.html
 create mode 100644 sonic.sega.jp/SonicChannel/topics/goods/20221215_003102/index.html
 create mode 100644 sonic.sega.jp/SonicChannel/topics/goods/20221215_003103/index.html
 create mode 100644 sonic.sega.jp/SonicChannel/topics/goods/20221215_003104/index.html
 create mode 100644 sonic.sega.jp/SonicChannel/topics/goods/20221215_003105/index.html
 create mode 100644 sonic.sega.jp/SonicChannel/topics/goods/20221215_003106/index.html
 create mode 100644 sonic.sega.jp/SonicChannel/topics/goods/20221215_003107/index.html
 create mode 100644 sonic.sega.jp/SonicChannel/topics/image/goods_221212_01_01.jpg
 create mode 100644 sonic.sega.jp/SonicChannel/topics/image/goods_221212_01_02.jpg
 create mode 100644 sonic.sega.jp/SonicChannel/topics/image/goods_221212_01_03.jpg
 create mode 100644 sonic.sega.jp/SonicChannel/topics/image/goods_221212_01_04.jpg
 create mode 100644 sonic.sega.jp/SonicChannel/topics/image/goods_221212_01_05.jpg
 create mode 100644 sonic.sega.jp/SonicChannel/topics/image/goods_221212_01_06.jpg
 create mode 100644 sonic.sega.jp/SonicChannel/topics/image/goods_221212_01_07.jpg
 create mode 100644 sonic.sega.jp/SonicChannel/topics/image/goods_221212_01_08.jpg
 create mode 100644 sonic.sega.jp/SonicChannel/topics/image/goods_221212_01_eye.jpg
 create mode 100644 sonic.sega.jp/SonicChannel/topics/image/goods_221213_01_01.jpg
 create mode 100644 sonic.sega.jp/SonicChannel/topics/image/goods_221213_01_02.jpg
 create mode 100644 sonic.sega.jp/SonicChannel/topics/image/goods_221213_01_eye.jpg
 create mode 100644 sonic.sega.jp/SonicChannel/topics/image/goods_221213_02_01.jpg
 create mode 100644 sonic.sega.jp/SonicChannel/topics/image/goods_221213_02_02.jpg
 create mode 100644 sonic.sega.jp/SonicChannel/topics/image/goods_221213_02_eye.jpg
 create mode 100644 sonic.sega.jp/SonicChannel/topics/image/goods_221213_03_01.jpg
 create mode 100644 sonic.sega.jp/SonicChannel/topics/image/goods_221213_03_02.jpg
 create mode 100644 sonic.sega.jp/SonicChannel/topics/image/goods_221213_03_eye.jpg
 create mode 100644 sonic.sega.jp/SonicChannel/topics/image/goods_221213_04_01.jpg
 create mode 100644 sonic.sega.jp/SonicChannel/topics/image/goods_221213_04_eye.jpg
 create mode 100644 sonic.sega.jp/SonicChannel/topics/image/goods_221213_05_01.jpg
 create mode 100644 sonic.sega.jp/SonicChannel/topics/image/goods_221213_05_eye.jpg
 create mode 100644 sonic.sega.jp/SonicChannel/topics/image/goods_221215_01_eye.jpg
 create mode 100644 sonic.sega.jp/SonicFrontiers/information/221215.html
 rewrite sonic.sega.jp/SonicFrontiers/information/css/info.css (77%)
 rewrite sonic.sega.jp/SonicFrontiers/information/css/info.css@01 (77%)
 create mode 100644 sonic.sega.jp/SonicFrontiers/information/images/ogp-221215.jpg
 create mode 100644 sonicteam.com/HOD2and3RETURN/jp/2008/02/emperor.html
 create mode 100644 sonicteam.com/HOD2and3RETURN/jp/2008/02/hierophant.html
 create mode 100644 sonicteam.com/HOD2and3RETURN/jp/2008/02/hod2.html
 create mode 100644 sonicteam.com/HOD2and3RETURN/jp/2008/02/hod2_new.html
 create mode 100644 sonicteam.com/HOD2and3RETURN/jp/2008/02/hod2new.html
 create mode 100644 sonicteam.com/HOD2and3RETURN/jp/2008/02/hod2new_2.html
 create mode 100644 sonicteam.com/HOD2and3RETURN/jp/2008/02/hodiii.html
 create mode 100644 sonicteam.com/HOD2and3RETURN/jp/2008/02/hodiiinew_1.html
 create mode 100644 sonicteam.com/HOD2and3RETURN/jp/2008/02/inclosing.html
 create mode 100644 sonicteam.com/HOD2and3RETURN/jp/2008/02/judgment_1.html
 create mode 100644 sonicteam.com/HOD2and3RETURN/jp/2008/02/magician.html
 create mode 100644 sonicteam.com/HOD2and3RETURN/jp/2008/02/post.html
 create mode 100644 sonicteam.com/HOD2and3RETURN/jp/2008/02/post_3.html
 create mode 100644 sonicteam.com/HOD2and3RETURN/jp/2008/02/post_4.html
 create mode 100644 sonicteam.com/HOD2and3RETURN/jp/2008/02/strength.html
 create mode 100644 sonicteam.com/HOD2and3RETURN/jp/2008/02/thpe0000_wheel_of_fate.html
 create mode 100644 sonicteam.com/HOD2and3RETURN/jp/2008/02/tower.html
 create mode 100644 sonicteam.com/HOD2and3RETURN/jp/2008/02/type0011_death.html
 create mode 100644 sonicteam.com/HOD2and3RETURN/jp/2008/02/type0028_fool_1.html
 create mode 100644 sonicteam.com/HOD2and3RETURN/jp/2008/02/type8830_sun.html
 create mode 100644 sonicteam.com/HOD2and3RETURN/jp/2008/03/2new.html
 create mode 100644 sonicteam.com/HOD2and3RETURN/jp/2008/03/3.html
 create mode 100644 sonicteam.com/HOD2and3RETURN/jp/2008/03/4new.html
 create mode 100644 sonicteam.com/HOD2and3RETURN/jp/2008/03/new_1.html
 create mode 100644 sonicteam.com/HOD2and3RETURN/jp/2008/04/5new.html
 create mode 100644 sonicteam.com/HOD2and3RETURN/jp/clear/index.html
 create mode 100644 sonicteam.com/HOD2and3RETURN/jp/closing/index.html
 create mode 100644 sonicteam.com/HOD2and3RETURN/jp/common/css/all-class.css
 create mode 100644 sonicteam.com/HOD2and3RETURN/jp/common/css/all-contentsarea.css
 create mode 100644 sonicteam.com/HOD2and3RETURN/jp/common/css/all-contentsarea/div-bg.jpg
 create mode 100644 sonicteam.com/HOD2and3RETURN/jp/common/css/all-decoration.css
 create mode 100644 sonicteam.com/HOD2and3RETURN/jp/common/css/all-decoration/div-bg.jpg
 create mode 100644 sonicteam.com/HOD2and3RETURN/jp/common/css/all-footer.css
 create mode 100644 sonicteam.com/HOD2and3RETURN/jp/common/css/all-footer/div-bg.gif
 create mode 100644 sonicteam.com/HOD2and3RETURN/jp/common/css/all-header.css
 create mode 100644 sonicteam.com/HOD2and3RETURN/jp/common/css/all-import.css
 create mode 100644 sonicteam.com/HOD2and3RETURN/jp/common/css/all-navigation.css
 create mode 100644 sonicteam.com/HOD2and3RETURN/jp/common/css/all-navigation/div-bg.gif
 create mode 100644 sonicteam.com/HOD2and3RETURN/jp/common/css/all-navigation/form-bg.gif
 create mode 100644 sonicteam.com/HOD2and3RETURN/jp/common/css/all-navigation/li-bg-02.jpg
 create mode 100644 sonicteam.com/HOD2and3RETURN/jp/common/css/all-navigation/li-bg.jpg
 create mode 100644 sonicteam.com/HOD2and3RETURN/jp/common/css/all-substance.css
 create mode 100644 sonicteam.com/HOD2and3RETURN/jp/common/css/all-substance/div-entry-bg.gif
 create mode 100644 sonicteam.com/HOD2and3RETURN/jp/common/css/all-substance/div-head-bg.gif
 create mode 100644 sonicteam.com/HOD2and3RETURN/jp/common/css/all-tag.css
 create mode 100644 sonicteam.com/HOD2and3RETURN/jp/common/css/all-tag/body-bg.gif
 create mode 100644 sonicteam.com/HOD2and3RETURN/jp/common/images/banner.jpg
 create mode 100644 sonicteam.com/HOD2and3RETURN/jp/common/images/logo_sega.gif
 create mode 100644 sonicteam.com/HOD2and3RETURN/jp/common/images/rss.gif
 create mode 100644 sonicteam.com/HOD2and3RETURN/jp/common/js/dojo.js
 create mode 100644 sonicteam.com/HOD2and3RETURN/jp/foreward/index.html
 create mode 100644 sonicteam.com/HOD2and3RETURN/jp/hod2/index.html
 create mode 100644 sonicteam.com/HOD2and3RETURN/jp/hod3/index.html
 create mode 100644 sonicteam.com/HOD2and3RETURN/jp/images/20071202131607.jpg
 create mode 100644 sonicteam.com/HOD2and3RETURN/jp/images/20071203233229.jpg
 create mode 100644 sonicteam.com/HOD2and3RETURN/jp/images/20071204015005.jpg
 create mode 100644 sonicteam.com/HOD2and3RETURN/jp/images/BOSS1_A.jpg
 create mode 100644 sonicteam.com/HOD2and3RETURN/jp/images/BOSS2.jpg
 create mode 100644 sonicteam.com/HOD2and3RETURN/jp/images/BOSS3_2.jpg
 create mode 100644 sonicteam.com/HOD2and3RETURN/jp/images/BOSS4.jpg
 create mode 100644 sonicteam.com/HOD2and3RETURN/jp/images/BOSS5.jpg
 create mode 100644 sonicteam.com/HOD2and3RETURN/jp/images/BOSS6.jpg
 create mode 100644 sonicteam.com/HOD2and3RETURN/jp/images/Death_00_take2.jpg
 create mode 100644 sonicteam.com/HOD2and3RETURN/jp/images/Death_01.jpg
 create mode 100644 sonicteam.com/HOD2and3RETURN/jp/images/Death_02_01.jpg
 create mode 100644 sonicteam.com/HOD2and3RETURN/jp/images/Death_03.jpg
 create mode 100644 sonicteam.com/HOD2and3RETURN/jp/images/Death_04.jpg
 create mode 100644 sonicteam.com/HOD2and3RETURN/jp/images/EMPEROR_02.jpg
 create mode 100644 sonicteam.com/HOD2and3RETURN/jp/images/EMPEROR_03.jpg
 create mode 100644 sonicteam.com/HOD2and3RETURN/jp/images/EMPEROR_04_1.jpg
 create mode 100644 sonicteam.com/HOD2and3RETURN/jp/images/EMPEROR_06_1.jpg
 create mode 100644 sonicteam.com/HOD2and3RETURN/jp/images/EMPEROR_07_1.jpg
 create mode 100644 sonicteam.com/HOD2and3RETURN/jp/images/EMPEROR_08_1.jpg
 create mode 100644 sonicteam.com/HOD2and3RETURN/jp/images/EMPEROR_09_1.jpg
 create mode 100644 sonicteam.com/HOD2and3RETURN/jp/images/EMPEROR_10_1.jpg
 create mode 100644 sonicteam.com/HOD2and3RETURN/jp/images/Fool_01.jpg
 create mode 100644 sonicteam.com/HOD2and3RETURN/jp/images/Fool_02_take2.jpg
 create mode 100644 sonicteam.com/HOD2and3RETURN/jp/images/Fool_03.jpg
 create mode 100644 sonicteam.com/HOD2and3RETURN/jp/images/Fool_04.jpg
 create mode 100644 sonicteam.com/HOD2and3RETURN/jp/images/Fool_05_take2.jpg
 create mode 100644 sonicteam.com/HOD2and3RETURN/jp/images/Fool_06.jpg
 create mode 100644 sonicteam.com/HOD2and3RETURN/jp/images/HIEROPHANT_03_1.jpg
 create mode 100644 sonicteam.com/HOD2and3RETURN/jp/images/HIEROPHANT_04_1.jpg
 create mode 100644 sonicteam.com/HOD2and3RETURN/jp/images/HIEROPHANT_06_1.jpg
 create mode 100644 sonicteam.com/HOD2and3RETURN/jp/images/HOD2BOSS_02_01.jpg
 create mode 100644 sonicteam.com/HOD2and3RETURN/jp/images/HOD2_1_-14.jpg
 create mode 100644 sonicteam.com/HOD2and3RETURN/jp/images/HOD2_2_ (25).jpg
 create mode 100644 sonicteam.com/HOD2and3RETURN/jp/images/HOD2_TRAINING_06.jpg
 create mode 100644 sonicteam.com/HOD2and3RETURN/jp/images/HOD2_TRAINING_13.jpg
 create mode 100644 sonicteam.com/HOD2and3RETURN/jp/images/HOD3TIMEATTACK_05.jpg
 create mode 100644 sonicteam.com/HOD2and3RETURN/jp/images/HOD3TIMEATTACK_14.jpg
 create mode 100644 sonicteam.com/HOD2and3RETURN/jp/images/HOD3_EXTREME_SS_13.jpg
 create mode 100644 sonicteam.com/HOD2and3RETURN/jp/images/HOD3_EXTREME_SS_18.jpg
 create mode 100644 sonicteam.com/HOD2and3RETURN/jp/images/JUDGMENT_01_01.jpg
 create mode 100644 sonicteam.com/HOD2and3RETURN/jp/images/JUDGMENT_03.jpg
 create mode 100644 sonicteam.com/HOD2and3RETURN/jp/images/JUDGMENT_04_01.jpg
 create mode 100644 sonicteam.com/HOD2and3RETURN/jp/images/JUDGMENT_05_01.jpg
 create mode 100644 sonicteam.com/HOD2and3RETURN/jp/images/MAGICIAN_01.jpg
 create mode 100644 sonicteam.com/HOD2and3RETURN/jp/images/MAGICIAN_02_1.jpg
 create mode 100644 sonicteam.com/HOD2and3RETURN/jp/images/MAGICIAN_03_1.jpg
 create mode 100644 sonicteam.com/HOD2and3RETURN/jp/images/MAGICIAN_04_1.jpg
 create mode 100644 sonicteam.com/HOD2and3RETURN/jp/images/MAGICIAN_06_1.jpg
 create mode 100644 sonicteam.com/HOD2and3RETURN/jp/images/STRENGTH_04_1.jpg
 create mode 100644 sonicteam.com/HOD2and3RETURN/jp/images/STRENGTH_06_1.jpg
 create mode 100644 sonicteam.com/HOD2and3RETURN/jp/images/STRENGTH_08_1.jpg
 create mode 100644 sonicteam.com/HOD2and3RETURN/jp/images/Sun_01.jpg
 create mode 100644 sonicteam.com/HOD2and3RETURN/jp/images/Sun_02.jpg
 create mode 100644 sonicteam.com/HOD2and3RETURN/jp/images/Sun_03.jpg
 create mode 100644 sonicteam.com/HOD2and3RETURN/jp/images/Sun_04.jpg
 create mode 100644 sonicteam.com/HOD2and3RETURN/jp/images/Sun_05.jpg
 create mode 100644 sonicteam.com/HOD2and3RETURN/jp/images/Sun_06.jpg
 create mode 100644 sonicteam.com/HOD2and3RETURN/jp/images/TOWER_03_1.jpg
 create mode 100644 sonicteam.com/HOD2and3RETURN/jp/images/TOWER_04.jpg
 create mode 100644 sonicteam.com/HOD2and3RETURN/jp/images/TOWER_04_1.jpg
 create mode 100644 sonicteam.com/HOD2and3RETURN/jp/images/TOWER_05_1.jpg
 create mode 100644 sonicteam.com/HOD2and3RETURN/jp/images/WheelOfFate_01.jpg
 create mode 100644 sonicteam.com/HOD2and3RETURN/jp/images/WheelOfFate_02.jpg
 create mode 100644 sonicteam.com/HOD2and3RETURN/jp/images/WheelOfFate_03.jpg
 create mode 100644 sonicteam.com/HOD2and3RETURN/jp/images/WheelOfFate_04.jpg
 create mode 100644 sonicteam.com/HOD2and3RETURN/jp/images/WheelOfFate_05.jpg
 create mode 100644 sonicteam.com/HOD2and3RETURN/jp/images/WheelOfFate_06.jpg
 create mode 100644 sonicteam.com/HOD2and3RETURN/jp/images/WheelOfFate_07.jpg
 create mode 100644 sonicteam.com/HOD2and3RETURN/jp/images/screenshot_001.jpg
 create mode 100644 sonicteam.com/HOD2and3RETURN/jp/images/screenshot_002.jpg
 create mode 100644 sonicteam.com/HOD2and3RETURN/jp/images/screenshot_003.jpg
 create mode 100644 sonicteam.com/HOD2and3RETURN/jp/images/screenshot_004.jpg
 create mode 100644 sonicteam.com/HOD2and3RETURN/jp/images/screenshot_005.jpg
 create mode 100644 sonicteam.com/HOD2and3RETURN/jp/images/screenshot_006.jpg
 create mode 100644 sonicteam.com/HOD2and3RETURN/jp/images/screenshot_007.jpg
 create mode 100644 sonicteam.com/HOD2and3RETURN/jp/images/screenshot_008.jpg
 create mode 100644 sonicteam.com/HOD2and3RETURN/jp/images/screenshot_009.jpg
 create mode 100644 sonicteam.com/HOD2and3RETURN/jp/images/screenshot_010.jpg
 create mode 100644 sonicteam.com/HOD2and3RETURN/jp/images/screenshot_012.jpg
 create mode 100644 sonicteam.com/HOD2and3RETURN/jp/images/screenshot_014.jpg
 create mode 100644 sonicteam.com/HOD2and3RETURN/jp/images/screenshot_015.jpg
 create mode 100644 sonicteam.com/HOD2and3RETURN/jp/images/screenshot_016.jpg
 create mode 100644 sonicteam.com/HOD2and3RETURN/jp/images/screenshot_019.jpg
 create mode 100644 sonicteam.com/HOD2and3RETURN/jp/images/screenshot_029.jpg
 create mode 100644 sonicteam.com/HOD2and3RETURN/jp/images/screenshot_032.jpg
 create mode 100644 sonicteam.com/HOD2and3RETURN/jp/images/screenshot_034.jpg
 create mode 100644 sonicteam.com/HOD2and3RETURN/jp/images/screenshot_078_1.jpg
 create mode 100644 sonicteam.com/HOD2and3RETURN/jp/images/screenshot_165.jpg
 create mode 100644 sonicteam.com/HOD2and3RETURN/jp/images/zb01_st4aisle2.jpg
 create mode 100644 sonicteam.com/HOD2and3RETURN/jp/images/zb02_st2net.jpg
 create mode 100644 sonicteam.com/HOD2and3RETURN/jp/images/zb03_st3bossroom2.jpg
 create mode 100644 sonicteam.com/HOD2and3RETURN/jp/images/zb05_st6_crystal.jpg
 create mode 100644 sonicteam.com/HOD2and3RETURN/jp/index.html
 create mode 100644 sonicteam.com/HOD2and3RETURN/jp/index.xml
 create mode 100644 sonicteam.com/HOD2and3RETURN/jp/mode/index.html
 create mode 100644 sonicteam.com/arthurpedia/a/a_01.html
 create mode 100644 sonicteam.com/arthurpedia/a/a_02.html
 create mode 100644 sonicteam.com/arthurpedia/a/a_03.html
 create mode 100644 sonicteam.com/arthurpedia/a/a_04.html
 create mode 100644 sonicteam.com/arthurpedia/a/a_05.html
 create mode 100644 sonicteam.com/arthurpedia/a/a_06.html
 create mode 100644 sonicteam.com/arthurpedia/a/a_07.html
 create mode 100644 sonicteam.com/arthurpedia/a/a_08.html
 create mode 100644 sonicteam.com/arthurpedia/a/a_09.html
 create mode 100644 sonicteam.com/arthurpedia/a/a_10.html
 create mode 100644 sonicteam.com/arthurpedia/a/a_11.html
 create mode 100644 sonicteam.com/arthurpedia/a/a_12.html
 create mode 100644 sonicteam.com/arthurpedia/a/a_13.html
 create mode 100644 sonicteam.com/arthurpedia/a/a_14.html
 create mode 100644 sonicteam.com/arthurpedia/a/a_15.html
 create mode 100644 sonicteam.com/arthurpedia/a/a_16.html
 create mode 100644 sonicteam.com/arthurpedia/a/a_17.html
 create mode 100644 sonicteam.com/arthurpedia/a/a_18.html
 create mode 100644 sonicteam.com/arthurpedia/a/a_19.html
 create mode 100644 sonicteam.com/arthurpedia/a/a_20.html
 create mode 100644 sonicteam.com/arthurpedia/a/a_21.html
 create mode 100644 sonicteam.com/arthurpedia/a/a_22.html
 create mode 100644 sonicteam.com/arthurpedia/a/a_23.html
 create mode 100644 sonicteam.com/arthurpedia/a/a_24.html
 create mode 100644 sonicteam.com/arthurpedia/a/a_25.html
 create mode 100644 sonicteam.com/arthurpedia/a/a_26.html
 create mode 100644 sonicteam.com/arthurpedia/a/a_27.html
 create mode 100644 sonicteam.com/arthurpedia/a/a_28.html
 create mode 100644 sonicteam.com/arthurpedia/a/a_29.html
 create mode 100644 sonicteam.com/arthurpedia/a/a_30.html
 create mode 100644 sonicteam.com/arthurpedia/a/a_31.html
 create mode 100644 sonicteam.com/arthurpedia/a/a_32.html
 create mode 100644 sonicteam.com/arthurpedia/a/a_33.html
 create mode 100644 sonicteam.com/arthurpedia/a/a_34.html
 create mode 100644 sonicteam.com/arthurpedia/a/index.html
 create mode 100644 sonicteam.com/arthurpedia/ed/ed_01.html
 create mode 100644 sonicteam.com/arthurpedia/ed/ed_02.html
 create mode 100644 sonicteam.com/arthurpedia/ed/index.html
 create mode 100644 sonicteam.com/arthurpedia/ha/ha_01.html
 create mode 100644 sonicteam.com/arthurpedia/ha/ha_02.html
 create mode 100644 sonicteam.com/arthurpedia/ha/ha_03.html
 create mode 100644 sonicteam.com/arthurpedia/ha/ha_04.html
 create mode 100644 sonicteam.com/arthurpedia/ha/ha_05.html
 create mode 100644 sonicteam.com/arthurpedia/ha/ha_06.html
 create mode 100644 sonicteam.com/arthurpedia/ha/ha_07.html
 create mode 100644 sonicteam.com/arthurpedia/ha/ha_08.html
 create mode 100644 sonicteam.com/arthurpedia/ha/ha_09.html
 create mode 100644 sonicteam.com/arthurpedia/ha/ha_10.html
 create mode 100644 sonicteam.com/arthurpedia/ha/ha_11.html
 create mode 100644 sonicteam.com/arthurpedia/ha/ha_12.html
 create mode 100644 sonicteam.com/arthurpedia/ha/ha_13.html
 create mode 100644 sonicteam.com/arthurpedia/ha/ha_14.html
 create mode 100644 sonicteam.com/arthurpedia/ha/ha_15.html
 create mode 100644 sonicteam.com/arthurpedia/ha/ha_16.html
 create mode 100644 sonicteam.com/arthurpedia/ha/ha_17.html
 create mode 100644 sonicteam.com/arthurpedia/ha/ha_18.html
 create mode 100644 sonicteam.com/arthurpedia/ha/ha_19.html
 create mode 100644 sonicteam.com/arthurpedia/ha/ha_20.html
 create mode 100644 sonicteam.com/arthurpedia/ha/ha_21.html
 create mode 100644 sonicteam.com/arthurpedia/ha/ha_22.html
 create mode 100644 sonicteam.com/arthurpedia/ha/ha_23.html
 create mode 100644 sonicteam.com/arthurpedia/ha/index.html
 create mode 100644 sonicteam.com/arthurpedia/image/pic_book_densetsu.jpg
 create mode 100644 sonicteam.com/arthurpedia/image/pic_book_hyakka.jpg
 create mode 100644 sonicteam.com/arthurpedia/image/pic_book_jiten.jpg
 create mode 100644 sonicteam.com/arthurpedia/image/pic_book_monogatari.jpg
 create mode 100644 sonicteam.com/arthurpedia/image/top_image.jpg
 create mode 100644 sonicteam.com/arthurpedia/index.html
 create mode 100644 sonicteam.com/arthurpedia/ka/index.html
 create mode 100644 sonicteam.com/arthurpedia/ka/ka_01.html
 create mode 100644 sonicteam.com/arthurpedia/ka/ka_02.html
 create mode 100644 sonicteam.com/arthurpedia/ka/ka_03.html
 create mode 100644 sonicteam.com/arthurpedia/ka/ka_04.html
 create mode 100644 sonicteam.com/arthurpedia/ka/ka_05.html
 create mode 100644 sonicteam.com/arthurpedia/ka/ka_06.html
 create mode 100644 sonicteam.com/arthurpedia/ka/ka_07.html
 create mode 100644 sonicteam.com/arthurpedia/ka/ka_08.html
 create mode 100644 sonicteam.com/arthurpedia/ka/ka_09.html
 create mode 100644 sonicteam.com/arthurpedia/ka/ka_10.html
 create mode 100644 sonicteam.com/arthurpedia/ka/ka_11.html
 create mode 100644 sonicteam.com/arthurpedia/ka/ka_12.html
 create mode 100644 sonicteam.com/arthurpedia/ka/ka_13.html
 create mode 100644 sonicteam.com/arthurpedia/ka/ka_14.html
 create mode 100644 sonicteam.com/arthurpedia/ka/ka_15.html
 create mode 100644 sonicteam.com/arthurpedia/ka/ka_16.html
 create mode 100644 sonicteam.com/arthurpedia/ka/ka_17.html
 create mode 100644 sonicteam.com/arthurpedia/ka/ka_18.html
 create mode 100644 sonicteam.com/arthurpedia/ka/ka_19.html
 create mode 100644 sonicteam.com/arthurpedia/ka/ka_20.html
 create mode 100644 sonicteam.com/arthurpedia/ka/ka_21.html
 create mode 100644 sonicteam.com/arthurpedia/ka/ka_22.html
 create mode 100644 sonicteam.com/arthurpedia/ka/ka_23.html
 create mode 100644 sonicteam.com/arthurpedia/ka/ka_24.html
 create mode 100644 sonicteam.com/arthurpedia/ka/ka_25.html
 create mode 100644 sonicteam.com/arthurpedia/ka/ka_26.html
 create mode 100644 sonicteam.com/arthurpedia/ka/ka_27.html
 create mode 100644 sonicteam.com/arthurpedia/ka/ka_28.html
 create mode 100644 sonicteam.com/arthurpedia/ka/ka_29.html
 create mode 100644 sonicteam.com/arthurpedia/ka/ka_30.html
 create mode 100644 sonicteam.com/arthurpedia/ka/ka_31.html
 create mode 100644 sonicteam.com/arthurpedia/ka/ka_32.html
 create mode 100644 sonicteam.com/arthurpedia/ka/ka_33.html
 create mode 100644 sonicteam.com/arthurpedia/ma/index.html
 create mode 100644 sonicteam.com/arthurpedia/ma/ma_01.html
 create mode 100644 sonicteam.com/arthurpedia/ma/ma_02.html
 create mode 100644 sonicteam.com/arthurpedia/ma/ma_03.html
 create mode 100644 sonicteam.com/arthurpedia/ma/ma_04.html
 create mode 100644 sonicteam.com/arthurpedia/ma/ma_05.html
 create mode 100644 sonicteam.com/arthurpedia/ma/ma_06.html
 create mode 100644 sonicteam.com/arthurpedia/ma/ma_07.html
 create mode 100644 sonicteam.com/arthurpedia/ma/ma_08.html
 create mode 100644 sonicteam.com/arthurpedia/ma/ma_09.html
 create mode 100644 sonicteam.com/arthurpedia/ma/ma_10.html
 create mode 100644 sonicteam.com/arthurpedia/ma/ma_11.html
 create mode 100644 sonicteam.com/arthurpedia/na/index.html
 create mode 100644 sonicteam.com/arthurpedia/na/na_01.html
 create mode 100644 sonicteam.com/arthurpedia/ra/index.html
 create mode 100644 sonicteam.com/arthurpedia/ra/ra_01.html
 create mode 100644 sonicteam.com/arthurpedia/ra/ra_02.html
 create mode 100644 sonicteam.com/arthurpedia/ra/ra_03.html
 create mode 100644 sonicteam.com/arthurpedia/ra/ra_04.html
 create mode 100644 sonicteam.com/arthurpedia/ra/ra_05.html
 create mode 100644 sonicteam.com/arthurpedia/ra/ra_06.html
 create mode 100644 sonicteam.com/arthurpedia/ra/ra_07.html
 create mode 100644 sonicteam.com/arthurpedia/ra/ra_08.html
 create mode 100644 sonicteam.com/arthurpedia/ra/ra_09.html
 create mode 100644 sonicteam.com/arthurpedia/ra/ra_10.html
 create mode 100644 sonicteam.com/arthurpedia/sa/index.html
 create mode 100644 sonicteam.com/arthurpedia/sa/sa_01.html
 create mode 100644 sonicteam.com/arthurpedia/sa/sa_02.html
 create mode 100644 sonicteam.com/arthurpedia/sa/sa_03.html
 create mode 100644 sonicteam.com/arthurpedia/sa/sa_04.html
 create mode 100644 sonicteam.com/arthurpedia/sa/sa_05.html
 create mode 100644 sonicteam.com/arthurpedia/sa/sa_06.html
 create mode 100644 sonicteam.com/arthurpedia/sa/sa_07.html
 create mode 100644 sonicteam.com/arthurpedia/sa/sa_08.html
 create mode 100644 sonicteam.com/arthurpedia/sa/sa_09.html
 create mode 100644 sonicteam.com/arthurpedia/sa/sa_10.html
 create mode 100644 sonicteam.com/arthurpedia/ta/index.html
 create mode 100644 sonicteam.com/arthurpedia/ta/ta_01.html
 create mode 100644 sonicteam.com/arthurpedia/ta/ta_02.html
 create mode 100644 sonicteam.com/arthurpedia/ta/ta_03.html
 create mode 100644 sonicteam.com/arthurpedia/ta/ta_04.html
 create mode 100644 sonicteam.com/arthurpedia/ta/ta_05.html
 create mode 100644 sonicteam.com/arthurpedia/ta/ta_06.html
 create mode 100644 sonicteam.com/arthurpedia/ta/ta_07.html
 create mode 100644 sonicteam.com/arthurpedia/theme/arthur/css/all-class.css
 create mode 100644 sonicteam.com/arthurpedia/theme/arthur/css/all-contentsarea.css
 create mode 100644 sonicteam.com/arthurpedia/theme/arthur/css/all-contentsarea/all-contentsarea_bg.png
 create mode 100644 sonicteam.com/arthurpedia/theme/arthur/css/all-footer.css
 create mode 100644 sonicteam.com/arthurpedia/theme/arthur/css/all-footer/all-footer_bg.jpg
 create mode 100644 sonicteam.com/arthurpedia/theme/arthur/css/all-header.css
 create mode 100644 sonicteam.com/arthurpedia/theme/arthur/css/all-header/all-header_bg.png
 create mode 100644 sonicteam.com/arthurpedia/theme/arthur/css/all-import.css
 create mode 100644 sonicteam.com/arthurpedia/theme/arthur/css/all-navigation.css
 create mode 100644 sonicteam.com/arthurpedia/theme/arthur/css/all-navigation/div_bg.gif
 create mode 100644 sonicteam.com/arthurpedia/theme/arthur/css/all-navigation/div_bg.png
 create mode 100644 sonicteam.com/arthurpedia/theme/arthur/css/all-navigation/h3_bg.gif
 create mode 100644 sonicteam.com/arthurpedia/theme/arthur/css/all-navigation/h3_bg.png
 create mode 100644 sonicteam.com/arthurpedia/theme/arthur/css/all-navigation/p-ul_bg.gif
 create mode 100644 sonicteam.com/arthurpedia/theme/arthur/css/all-navigation/p-ul_bg.png
 create mode 100644 sonicteam.com/arthurpedia/theme/arthur/css/all-substance.css
 create mode 100644 sonicteam.com/arthurpedia/theme/arthur/css/all-substance/blockquote_bg.gif
 create mode 100644 sonicteam.com/arthurpedia/theme/arthur/css/all-substance/h2_bg.gif
 create mode 100644 sonicteam.com/arthurpedia/theme/arthur/css/all-substance/h3_bg.gif
 create mode 100644 sonicteam.com/arthurpedia/theme/arthur/css/all-tag.css
 create mode 100644 sonicteam.com/arthurpedia/theme/arthur/css/all-tag/body_bg.jpg
 create mode 100644 sonicteam.com/arthurpedia/theme/arthur/css/all-title.css
 create mode 100644 sonicteam.com/arthurpedia/theme/arthur/css/all-title/h1_bg.gif
 create mode 100644 sonicteam.com/arthurpedia/theme/arthur/css/all-title/h1_bg.png
 create mode 100644 sonicteam.com/arthurpedia/theme/arthur/images/banner_ankokunokishi.jpg
 create mode 100644 sonicteam.com/arthurpedia/theme/arthur/images/banner_harasyobo.gif
 create mode 100644 sonicteam.com/arthurpedia/theme/arthur/images/h3_kyoryoku.gif
 create mode 100644 sonicteam.com/arthurpedia/theme/arthur/images/h3_sakuin.gif
 create mode 100644 sonicteam.com/arthurpedia/theme/arthur/images/logo_sc.gif
 create mode 100644 sonicteam.com/arthurpedia/theme/arthur/images/logo_sega.gif
 create mode 100644 sonicteam.com/arthurpedia/theme/arthur/images/logo_st.gif
 create mode 100644 sonicteam.com/arthurpedia/theme/arthur/js/iepngfix.js
 create mode 100644 sonicteam.com/arthurpedia/theme/hiki_base.css
 create mode 100644 sonicteam.com/arthurpedia/wa/index.html
 create mode 100644 sonicteam.com/arthurpedia/wa/wa_01.html
 create mode 100644 sonicteam.com/arthurpedia/ya/index.html
 create mode 100644 sonicteam.com/arthurpedia/ya/ya_01.html
 create mode 100644 sonicteam.com/arthurpedia/ya/ya_02.html
 create mode 100644 sonicteam.com/secretrings/en/2007/03/backing_up.html
 create mode 100644 sonicteam.com/secretrings/en/2007/03/braking.html
 create mode 100644 sonicteam.com/secretrings/en/2007/03/canceling_actions.html
 create mode 100644 sonicteam.com/secretrings/en/2007/03/earning_experience_points.html
 create mode 100644 sonicteam.com/secretrings/en/2007/03/grinding.html
 create mode 100644 sonicteam.com/secretrings/en/2007/03/introduction_1.html
 create mode 100644 sonicteam.com/secretrings/en/2007/03/maximum_scores_for_the_first_l.html
 create mode 100644 sonicteam.com/secretrings/en/2007/03/mission_conditions_and_effecti_1.html
 create mode 100644 sonicteam.com/secretrings/en/2007/03/mission_strategies_and_using_s.html
 create mode 100644 sonicteam.com/secretrings/en/2007/03/post.html
 create mode 100644 sonicteam.com/secretrings/en/2007/03/skill_element_groups.html
 create mode 100644 sonicteam.com/secretrings/en/2007/03/spin_attacks.html
 create mode 100644 sonicteam.com/secretrings/en/2007/03/subtype_skills.html
 create mode 100644 sonicteam.com/secretrings/en/2007/03/the_results.html
 create mode 100644 sonicteam.com/secretrings/en/2007/03/things_to_watch_out_for_when_u_1.html
 create mode 100644 sonicteam.com/secretrings/en/2007/03/understanding_speed_breaks_and.html
 create mode 100644 sonicteam.com/secretrings/en/2007/03/useful_skills_for_maximizing_e_1.html
 create mode 100644 sonicteam.com/secretrings/en/2007/03/using_time_break_and_speed_bre_1.html
 create mode 100644 sonicteam.com/secretrings/en/2007/04/boss_strategies.html
 create mode 100644 sonicteam.com/secretrings/en/2007/04/enemy_strategies.html
 create mode 100644 sonicteam.com/secretrings/en/2007/04/explaining_selected_skills_1.html
 create mode 100644 sonicteam.com/secretrings/en/2007/04/going_for_the_gold_part1.html
 create mode 100644 sonicteam.com/secretrings/en/2007/04/going_for_the_gold_part2.html
 create mode 100644 sonicteam.com/secretrings/en/2007/04/going_for_the_gold_part3_new.html
 create mode 100644 sonicteam.com/secretrings/en/2007/04/master_the_ultimate_jump.html
 create mode 100644 sonicteam.com/secretrings/en/2007/04/to_the_end.html
 create mode 100644 sonicteam.com/secretrings/en/2007/04/try_playing_with_one_hand.html
 create mode 100644 sonicteam.com/secretrings/en/2007/04/wall_shuffle_techniques.html
 create mode 100644 sonicteam.com/secretrings/en/2007/05/fire_soul_strategies.html
 create mode 100644 sonicteam.com/secretrings/en/basic/index.html
 create mode 100644 sonicteam.com/secretrings/en/common/css/all-class.css
 create mode 100644 sonicteam.com/secretrings/en/common/css/all-contentsarea.css
 create mode 100644 sonicteam.com/secretrings/en/common/css/all-contentsarea/div-bg.gif
 create mode 100644 sonicteam.com/secretrings/en/common/css/all-footer.css
 create mode 100644 sonicteam.com/secretrings/en/common/css/all-footer/div-bg.gif
 create mode 100644 sonicteam.com/secretrings/en/common/css/all-header.css
 create mode 100644 sonicteam.com/secretrings/en/common/css/all-header/div-bg.jpg
 create mode 100644 sonicteam.com/secretrings/en/common/css/all-import.css
 create mode 100644 sonicteam.com/secretrings/en/common/css/all-navigation.css
 create mode 100644 sonicteam.com/secretrings/en/common/css/all-navigation/div-bg.gif
 create mode 100644 sonicteam.com/secretrings/en/common/css/all-navigation/h2-bg.gif
 create mode 100644 sonicteam.com/secretrings/en/common/css/all-navigation/li-bg.gif
 create mode 100644 sonicteam.com/secretrings/en/common/css/all-substance.css
 create mode 100644 sonicteam.com/secretrings/en/common/css/all-substance/div-entry-bg.gif
 create mode 100644 sonicteam.com/secretrings/en/common/css/all-substance/div-head-bg.gif
 create mode 100644 sonicteam.com/secretrings/en/common/css/all-tag.css
 create mode 100644 sonicteam.com/secretrings/en/common/css/all-tag/body-bg.gif
 create mode 100644 sonicteam.com/secretrings/en/common/images/logo_sega.gif
 create mode 100644 sonicteam.com/secretrings/en/common/images/rss.gif
 create mode 100644 sonicteam.com/secretrings/en/common/js/dojo.js
 create mode 100644 sonicteam.com/secretrings/en/images/brake_002.jpg
 create mode 100644 sonicteam.com/secretrings/en/images/brake_003.jpg
 create mode 100644 sonicteam.com/secretrings/en/images/glind_004.jpg
 create mode 100644 sonicteam.com/secretrings/en/images/glind_005.jpg
 create mode 100644 sonicteam.com/secretrings/en/images/glind_006.jpg
 create mode 100644 sonicteam.com/secretrings/en/images/hand_000.jpg
 create mode 100644 sonicteam.com/secretrings/en/images/hand_002.jpg
 create mode 100644 sonicteam.com/secretrings/en/images/hand_005.jpg
 create mode 100644 sonicteam.com/secretrings/en/images/hand_007.jpg
 create mode 100644 sonicteam.com/secretrings/en/images/hand_011.jpg
 create mode 100644 sonicteam.com/secretrings/en/images/hand_012.jpg
 create mode 100644 sonicteam.com/secretrings/en/images/hand_015.jpg
 create mode 100644 sonicteam.com/secretrings/en/images/hand_016.jpg
 create mode 100644 sonicteam.com/secretrings/en/images/hand_018.jpg
 create mode 100644 sonicteam.com/secretrings/en/images/homingatk_cancel_001.jpg
 create mode 100644 sonicteam.com/secretrings/en/images/homingatk_cancel_002.jpg
 create mode 100644 sonicteam.com/secretrings/en/images/jump_001.jpg
 create mode 100644 sonicteam.com/secretrings/en/images/jump_002.jpg
 create mode 100644 sonicteam.com/secretrings/en/images/jump_003.jpg
 create mode 100644 sonicteam.com/secretrings/en/images/jump_006.jpg
 create mode 100644 sonicteam.com/secretrings/en/images/screen_004x.jpg
 create mode 100644 sonicteam.com/secretrings/en/images/screen_106x.jpg
 create mode 100644 sonicteam.com/secretrings/en/images/screenshot_0003.jpg
 create mode 100644 sonicteam.com/secretrings/en/images/screenshot_0011.jpg
 create mode 100644 sonicteam.com/secretrings/en/images/screenshot_0013.jpg
 create mode 100644 sonicteam.com/secretrings/en/images/screenshot_0014.jpg
 create mode 100644 sonicteam.com/secretrings/en/images/screenshot_0015.jpg
 create mode 100644 sonicteam.com/secretrings/en/images/screenshot_0018.jpg
 create mode 100644 sonicteam.com/secretrings/en/images/screenshot_0022.jpg
 create mode 100644 sonicteam.com/secretrings/en/images/screenshot_0023.jpg
 create mode 100644 sonicteam.com/secretrings/en/images/screenshot_0024.jpg
 create mode 100644 sonicteam.com/secretrings/en/images/screenshot_0024a.jpg
 create mode 100644 sonicteam.com/secretrings/en/images/screenshot_0024b.jpg
 create mode 100644 sonicteam.com/secretrings/en/images/screenshot_0025b.jpg
 create mode 100644 sonicteam.com/secretrings/en/images/screenshot_0026.jpg
 create mode 100644 sonicteam.com/secretrings/en/images/screenshot_0026a.jpg
 create mode 100644 sonicteam.com/secretrings/en/images/screenshot_0026b.jpg
 create mode 100644 sonicteam.com/secretrings/en/images/screenshot_0027.jpg
 create mode 100644 sonicteam.com/secretrings/en/images/screenshot_0027a.jpg
 create mode 100644 sonicteam.com/secretrings/en/images/screenshot_0028b.jpg
 create mode 100644 sonicteam.com/secretrings/en/images/screenshot_0029b.jpg
 create mode 100644 sonicteam.com/secretrings/en/images/screenshot_003.jpg
 create mode 100644 sonicteam.com/secretrings/en/images/screenshot_0034b.jpg
 create mode 100644 sonicteam.com/secretrings/en/images/screenshot_0035.jpg
 create mode 100644 sonicteam.com/secretrings/en/images/screenshot_0036.jpg
 create mode 100644 sonicteam.com/secretrings/en/images/screenshot_0037.jpg
 create mode 100644 sonicteam.com/secretrings/en/images/screenshot_0037a.jpg
 create mode 100644 sonicteam.com/secretrings/en/images/screenshot_0037b.jpg
 create mode 100644 sonicteam.com/secretrings/en/images/screenshot_0039.jpg
 create mode 100644 sonicteam.com/secretrings/en/images/screenshot_003x.jpg
 create mode 100644 sonicteam.com/secretrings/en/images/screenshot_004.jpg
 create mode 100644 sonicteam.com/secretrings/en/images/screenshot_0041.jpg
 create mode 100644 sonicteam.com/secretrings/en/images/screenshot_0042.jpg
 create mode 100644 sonicteam.com/secretrings/en/images/screenshot_0042b.jpg
 create mode 100644 sonicteam.com/secretrings/en/images/screenshot_0043.jpg
 create mode 100644 sonicteam.com/secretrings/en/images/screenshot_0044.jpg
 create mode 100644 sonicteam.com/secretrings/en/images/screenshot_0046.jpg
 create mode 100644 sonicteam.com/secretrings/en/images/screenshot_0047.jpg
 create mode 100644 sonicteam.com/secretrings/en/images/screenshot_0048.jpg
 create mode 100644 sonicteam.com/secretrings/en/images/screenshot_005.jpg
 create mode 100644 sonicteam.com/secretrings/en/images/screenshot_0051.jpg
 create mode 100644 sonicteam.com/secretrings/en/images/screenshot_0052.jpg
 create mode 100644 sonicteam.com/secretrings/en/images/screenshot_0055.jpg
 create mode 100644 sonicteam.com/secretrings/en/images/screenshot_0056a.jpg
 create mode 100644 sonicteam.com/secretrings/en/images/screenshot_0057.jpg
 create mode 100644 sonicteam.com/secretrings/en/images/screenshot_0058.jpg
 create mode 100644 sonicteam.com/secretrings/en/images/screenshot_0058a.jpg
 create mode 100644 sonicteam.com/secretrings/en/images/screenshot_0059.jpg
 create mode 100644 sonicteam.com/secretrings/en/images/screenshot_0059a.jpg
 create mode 100644 sonicteam.com/secretrings/en/images/screenshot_0063.jpg
 create mode 100644 sonicteam.com/secretrings/en/images/screenshot_0064.jpg
 create mode 100644 sonicteam.com/secretrings/en/images/screenshot_0065a.jpg
 create mode 100644 sonicteam.com/secretrings/en/images/screenshot_0066.jpg
 create mode 100644 sonicteam.com/secretrings/en/images/screenshot_0066a.jpg
 create mode 100644 sonicteam.com/secretrings/en/images/screenshot_0067.jpg
 create mode 100644 sonicteam.com/secretrings/en/images/screenshot_0069.jpg
 create mode 100644 sonicteam.com/secretrings/en/images/screenshot_007.jpg
 create mode 100644 sonicteam.com/secretrings/en/images/screenshot_0071a.jpg
 create mode 100644 sonicteam.com/secretrings/en/images/screenshot_0075.jpg
 create mode 100644 sonicteam.com/secretrings/en/images/screenshot_0075a.jpg
 create mode 100644 sonicteam.com/secretrings/en/images/screenshot_0076.jpg
 create mode 100644 sonicteam.com/secretrings/en/images/screenshot_008.jpg
 create mode 100644 sonicteam.com/secretrings/en/images/screenshot_009.jpg
 create mode 100644 sonicteam.com/secretrings/en/images/screenshot_0094.jpg
 create mode 100644 sonicteam.com/secretrings/en/images/screenshot_0095.jpg
 create mode 100644 sonicteam.com/secretrings/en/images/screenshot_010.jpg
 create mode 100644 sonicteam.com/secretrings/en/images/screenshot_0101.jpg
 create mode 100644 sonicteam.com/secretrings/en/images/screenshot_0102a.jpg
 create mode 100644 sonicteam.com/secretrings/en/images/screenshot_0104.jpg
 create mode 100644 sonicteam.com/secretrings/en/images/screenshot_0107.jpg
 create mode 100644 sonicteam.com/secretrings/en/images/screenshot_0109a.jpg
 create mode 100644 sonicteam.com/secretrings/en/images/screenshot_0110.jpg
 create mode 100644 sonicteam.com/secretrings/en/images/screenshot_0112.jpg
 create mode 100644 sonicteam.com/secretrings/en/images/screenshot_0118.jpg
 create mode 100644 sonicteam.com/secretrings/en/images/screenshot_0119.jpg
 create mode 100644 sonicteam.com/secretrings/en/images/screenshot_0125.jpg
 create mode 100644 sonicteam.com/secretrings/en/images/screenshot_013.jpg
 create mode 100644 sonicteam.com/secretrings/en/images/screenshot_014.jpg
 create mode 100644 sonicteam.com/secretrings/en/images/screenshot_019.jpg
 create mode 100644 sonicteam.com/secretrings/en/images/screenshot_019x.jpg
 create mode 100644 sonicteam.com/secretrings/en/images/screenshot_022.jpg
 create mode 100644 sonicteam.com/secretrings/en/images/screenshot_023.jpg
 create mode 100644 sonicteam.com/secretrings/en/images/screenshot_024.jpg
 create mode 100644 sonicteam.com/secretrings/en/images/screenshot_025.jpg
 create mode 100644 sonicteam.com/secretrings/en/images/screenshot_026.jpg
 create mode 100644 sonicteam.com/secretrings/en/images/screenshot_028.jpg
 create mode 100644 sonicteam.com/secretrings/en/images/screenshot_033.jpg
 create mode 100644 sonicteam.com/secretrings/en/images/screenshot_034.jpg
 create mode 100644 sonicteam.com/secretrings/en/images/screenshot_035.jpg
 create mode 100644 sonicteam.com/secretrings/en/images/screenshot_036.jpg
 create mode 100644 sonicteam.com/secretrings/en/images/screenshot_047.jpg
 create mode 100644 sonicteam.com/secretrings/en/images/screenshot_052.jpg
 create mode 100644 sonicteam.com/secretrings/en/images/screenshot_053.jpg
 create mode 100644 sonicteam.com/secretrings/en/images/screenshot_056.jpg
 create mode 100644 sonicteam.com/secretrings/en/images/screenshot_058.jpg
 create mode 100644 sonicteam.com/secretrings/en/images/screenshot_059.jpg
 create mode 100644 sonicteam.com/secretrings/en/images/screenshot_064.jpg
 create mode 100644 sonicteam.com/secretrings/en/images/screenshot_067.jpg
 create mode 100644 sonicteam.com/secretrings/en/images/screenshot_07.jpg
 create mode 100644 sonicteam.com/secretrings/en/images/screenshot_071.jpg
 create mode 100644 sonicteam.com/secretrings/en/images/screenshot_076.jpg
 create mode 100644 sonicteam.com/secretrings/en/images/screenshot_091.jpg
 create mode 100644 sonicteam.com/secretrings/en/images/screenshot_095.jpg
 create mode 100644 sonicteam.com/secretrings/en/images/screenshot_096.jpg
 create mode 100644 sonicteam.com/secretrings/en/images/screenshot_102.jpg
 create mode 100644 sonicteam.com/secretrings/en/images/screenshot_104.jpg
 create mode 100644 sonicteam.com/secretrings/en/images/screenshot_104x.jpg
 create mode 100644 sonicteam.com/secretrings/en/images/screenshot_105.jpg
 create mode 100644 sonicteam.com/secretrings/en/images/screenshot_106.jpg
 create mode 100644 sonicteam.com/secretrings/en/images/screenshot_108.jpg
 create mode 100644 sonicteam.com/secretrings/en/images/screenshot_112.jpg
 create mode 100644 sonicteam.com/secretrings/en/images/screenshot_13.jpg
 create mode 100644 sonicteam.com/secretrings/en/images/screenshot_185.jpg
 create mode 100644 sonicteam.com/secretrings/en/images/screenshot_19.jpg
 create mode 100644 sonicteam.com/secretrings/en/images/screenshot_257.jpg
 create mode 100644 sonicteam.com/secretrings/en/images/screenshot_281.jpg
 create mode 100644 sonicteam.com/secretrings/en/images/screenshot_36.jpg
 create mode 100644 sonicteam.com/secretrings/en/images/screenshot_38.jpg
 create mode 100644 sonicteam.com/secretrings/en/images/screenshot_41.jpg
 create mode 100644 sonicteam.com/secretrings/en/images/screenshot_49.jpg
 create mode 100644 sonicteam.com/secretrings/en/images/screenshot_55.jpg
 create mode 100644 sonicteam.com/secretrings/en/images/screenshot_57.jpg
 create mode 100644 sonicteam.com/secretrings/en/images/screenshot_78.jpg
 create mode 100644 sonicteam.com/secretrings/en/images/screenshot_84.jpg
 create mode 100644 sonicteam.com/secretrings/en/images/shot_102x.jpg
 create mode 100644 sonicteam.com/secretrings/en/images/skill_zokusei_001.jpg
 create mode 100644 sonicteam.com/secretrings/en/images/skill_zokusei_002.jpg
 create mode 100644 sonicteam.com/secretrings/en/images/skill_zokusei_003.jpg
 create mode 100644 sonicteam.com/secretrings/en/images/sliding_cancel_001.jpg
 create mode 100644 sonicteam.com/secretrings/en/images/sliding_cancel_002.jpg
 create mode 100644 sonicteam.com/secretrings/en/images/speadbreak_001.jpg
 create mode 100644 sonicteam.com/secretrings/en/images/speadbreak_002.jpg
 create mode 100644 sonicteam.com/secretrings/en/images/test008.jpg
 create mode 100644 sonicteam.com/secretrings/en/images/test009.jpg
 create mode 100644 sonicteam.com/secretrings/en/images/test010.jpg
 create mode 100644 sonicteam.com/secretrings/en/images/test011.jpg
 create mode 100644 sonicteam.com/secretrings/en/images/test016.jpg
 create mode 100644 sonicteam.com/secretrings/en/images/test018.jpg
 create mode 100644 sonicteam.com/secretrings/en/images/test019.jpg
 create mode 100644 sonicteam.com/secretrings/en/images/test020x.jpg
 create mode 100644 sonicteam.com/secretrings/en/images/test024.jpg
 create mode 100644 sonicteam.com/secretrings/en/images/test025.jpg
 create mode 100644 sonicteam.com/secretrings/en/images/test026.jpg
 create mode 100644 sonicteam.com/secretrings/en/images/test06.jpg
 create mode 100644 sonicteam.com/secretrings/en/images/test121.jpg
 create mode 100644 sonicteam.com/secretrings/en/images/test_001x.jpg
 create mode 100644 sonicteam.com/secretrings/en/images/time_break_005.jpg
 create mode 100644 sonicteam.com/secretrings/en/index.html
 create mode 100644 sonicteam.com/secretrings/en/index.xml
 create mode 100644 sonicteam.com/secretrings/en/strategies/index.html
 create mode 100644 sonicteam.com/secretrings/en/tactics/index.html
 create mode 100644 sonicteam.com/secretrings/jp/2007/03/new.html
 create mode 100644 sonicteam.com/secretrings/jp/2007/03/post.html
 create mode 100644 sonicteam.com/secretrings/jp/2007/03/post_1.html
 create mode 100644 sonicteam.com/secretrings/jp/2007/03/post_10.html
 create mode 100644 sonicteam.com/secretrings/jp/2007/03/post_11.html
 create mode 100644 sonicteam.com/secretrings/jp/2007/03/post_14.html
 create mode 100644 sonicteam.com/secretrings/jp/2007/03/post_16.html
 create mode 100644 sonicteam.com/secretrings/jp/2007/03/post_17.html
 create mode 100644 sonicteam.com/secretrings/jp/2007/03/post_18.html
 create mode 100644 sonicteam.com/secretrings/jp/2007/03/post_2.html
 create mode 100644 sonicteam.com/secretrings/jp/2007/03/post_28.html
 create mode 100644 sonicteam.com/secretrings/jp/2007/03/post_3.html
 create mode 100644 sonicteam.com/secretrings/jp/2007/03/post_4.html
 create mode 100644 sonicteam.com/secretrings/jp/2007/03/post_5.html
 create mode 100644 sonicteam.com/secretrings/jp/2007/03/post_6.html
 create mode 100644 sonicteam.com/secretrings/jp/2007/03/post_7.html
 create mode 100644 sonicteam.com/secretrings/jp/2007/03/post_8.html
 create mode 100644 sonicteam.com/secretrings/jp/2007/03/post_9.html
 create mode 100644 sonicteam.com/secretrings/jp/2007/04/post_12.html
 create mode 100644 sonicteam.com/secretrings/jp/2007/04/post_13.html
 create mode 100644 sonicteam.com/secretrings/jp/2007/04/post_15.html
 create mode 100644 sonicteam.com/secretrings/jp/2007/04/post_19.html
 create mode 100644 sonicteam.com/secretrings/jp/2007/04/post_20.html
 create mode 100644 sonicteam.com/secretrings/jp/2007/04/post_21.html
 create mode 100644 sonicteam.com/secretrings/jp/2007/04/post_22.html
 create mode 100644 sonicteam.com/secretrings/jp/2007/04/post_24.html
 create mode 100644 sonicteam.com/secretrings/jp/2007/04/post_25.html
 create mode 100644 sonicteam.com/secretrings/jp/2007/04/post_29.html
 create mode 100644 sonicteam.com/secretrings/jp/2007/05/post_26.html
 create mode 100644 sonicteam.com/secretrings/jp/basic/index.html
 create mode 100644 sonicteam.com/secretrings/jp/common/css/all-class.css
 create mode 100644 sonicteam.com/secretrings/jp/common/css/all-contentsarea.css
 create mode 100644 sonicteam.com/secretrings/jp/common/css/all-contentsarea/div-bg.gif
 create mode 100644 sonicteam.com/secretrings/jp/common/css/all-footer.css
 create mode 100644 sonicteam.com/secretrings/jp/common/css/all-footer/div-bg.gif
 create mode 100644 sonicteam.com/secretrings/jp/common/css/all-header.css
 create mode 100644 sonicteam.com/secretrings/jp/common/css/all-header/div-bg.jpg
 create mode 100644 sonicteam.com/secretrings/jp/common/css/all-import.css
 create mode 100644 sonicteam.com/secretrings/jp/common/css/all-navigation.css
 create mode 100644 sonicteam.com/secretrings/jp/common/css/all-navigation/div-bg.gif
 create mode 100644 sonicteam.com/secretrings/jp/common/css/all-navigation/h2-bg.gif
 create mode 100644 sonicteam.com/secretrings/jp/common/css/all-navigation/li-bg.gif
 create mode 100644 sonicteam.com/secretrings/jp/common/css/all-substance.css
 create mode 100644 sonicteam.com/secretrings/jp/common/css/all-substance/div-entry-bg.gif
 create mode 100644 sonicteam.com/secretrings/jp/common/css/all-substance/div-head-bg.gif
 create mode 100644 sonicteam.com/secretrings/jp/common/css/all-tag.css
 create mode 100644 sonicteam.com/secretrings/jp/common/css/all-tag/body-bg.gif
 create mode 100644 sonicteam.com/secretrings/jp/common/images/logo_sc.gif
 create mode 100644 sonicteam.com/secretrings/jp/common/images/logo_sega.gif
 create mode 100644 sonicteam.com/secretrings/jp/common/images/logo_st.gif
 create mode 100644 sonicteam.com/secretrings/jp/common/images/rss.gif
 create mode 100644 sonicteam.com/secretrings/jp/common/js/dojo.js
 create mode 100644 sonicteam.com/secretrings/jp/images/brake_002.jpg
 create mode 100644 sonicteam.com/secretrings/jp/images/brake_003.jpg
 create mode 100644 sonicteam.com/secretrings/jp/images/glind_004.jpg
 create mode 100644 sonicteam.com/secretrings/jp/images/glind_005.jpg
 create mode 100644 sonicteam.com/secretrings/jp/images/glind_006.jpg
 create mode 100644 sonicteam.com/secretrings/jp/images/hand_000.jpg
 create mode 100644 sonicteam.com/secretrings/jp/images/hand_002.jpg
 create mode 100644 sonicteam.com/secretrings/jp/images/hand_005.jpg
 create mode 100644 sonicteam.com/secretrings/jp/images/hand_007.jpg
 create mode 100644 sonicteam.com/secretrings/jp/images/hand_011.jpg
 create mode 100644 sonicteam.com/secretrings/jp/images/hand_012.jpg
 create mode 100644 sonicteam.com/secretrings/jp/images/hand_015.jpg
 create mode 100644 sonicteam.com/secretrings/jp/images/hand_016.jpg
 create mode 100644 sonicteam.com/secretrings/jp/images/hand_018.jpg
 create mode 100644 sonicteam.com/secretrings/jp/images/homingatk_cancel_001.jpg
 create mode 100644 sonicteam.com/secretrings/jp/images/homingatk_cancel_002.jpg
 create mode 100644 sonicteam.com/secretrings/jp/images/jump_001.jpg
 create mode 100644 sonicteam.com/secretrings/jp/images/jump_002.jpg
 create mode 100644 sonicteam.com/secretrings/jp/images/jump_003.jpg
 create mode 100644 sonicteam.com/secretrings/jp/images/jump_006.jpg
 create mode 100644 sonicteam.com/secretrings/jp/images/result_002.jpg
 create mode 100644 sonicteam.com/secretrings/jp/images/screen_004x.jpg
 create mode 100644 sonicteam.com/secretrings/jp/images/screen_106x.jpg
 create mode 100644 sonicteam.com/secretrings/jp/images/screenshot_0003.jpg
 create mode 100644 sonicteam.com/secretrings/jp/images/screenshot_0011.jpg
 create mode 100644 sonicteam.com/secretrings/jp/images/screenshot_0013.jpg
 create mode 100644 sonicteam.com/secretrings/jp/images/screenshot_0014.jpg
 create mode 100644 sonicteam.com/secretrings/jp/images/screenshot_0015.jpg
 create mode 100644 sonicteam.com/secretrings/jp/images/screenshot_0018.jpg
 create mode 100644 sonicteam.com/secretrings/jp/images/screenshot_0022.jpg
 create mode 100644 sonicteam.com/secretrings/jp/images/screenshot_0023.jpg
 create mode 100644 sonicteam.com/secretrings/jp/images/screenshot_0024.jpg
 create mode 100644 sonicteam.com/secretrings/jp/images/screenshot_0024a.jpg
 create mode 100644 sonicteam.com/secretrings/jp/images/screenshot_0024b.jpg
 create mode 100644 sonicteam.com/secretrings/jp/images/screenshot_0025b.jpg
 create mode 100644 sonicteam.com/secretrings/jp/images/screenshot_0026.jpg
 create mode 100644 sonicteam.com/secretrings/jp/images/screenshot_0026a.jpg
 create mode 100644 sonicteam.com/secretrings/jp/images/screenshot_0026b.jpg
 create mode 100644 sonicteam.com/secretrings/jp/images/screenshot_0027.jpg
 create mode 100644 sonicteam.com/secretrings/jp/images/screenshot_0027a.jpg
 create mode 100644 sonicteam.com/secretrings/jp/images/screenshot_0028b.jpg
 create mode 100644 sonicteam.com/secretrings/jp/images/screenshot_0029b.jpg
 create mode 100644 sonicteam.com/secretrings/jp/images/screenshot_003.jpg
 create mode 100644 sonicteam.com/secretrings/jp/images/screenshot_0034b.jpg
 create mode 100644 sonicteam.com/secretrings/jp/images/screenshot_0035.jpg
 create mode 100644 sonicteam.com/secretrings/jp/images/screenshot_0036.jpg
 create mode 100644 sonicteam.com/secretrings/jp/images/screenshot_0037.jpg
 create mode 100644 sonicteam.com/secretrings/jp/images/screenshot_0037a.jpg
 create mode 100644 sonicteam.com/secretrings/jp/images/screenshot_0037b.jpg
 create mode 100644 sonicteam.com/secretrings/jp/images/screenshot_0039.jpg
 create mode 100644 sonicteam.com/secretrings/jp/images/screenshot_003x.jpg
 create mode 100644 sonicteam.com/secretrings/jp/images/screenshot_004.jpg
 create mode 100644 sonicteam.com/secretrings/jp/images/screenshot_0041.jpg
 create mode 100644 sonicteam.com/secretrings/jp/images/screenshot_0042.jpg
 create mode 100644 sonicteam.com/secretrings/jp/images/screenshot_0042b.jpg
 create mode 100644 sonicteam.com/secretrings/jp/images/screenshot_0043.jpg
 create mode 100644 sonicteam.com/secretrings/jp/images/screenshot_0044.jpg
 create mode 100644 sonicteam.com/secretrings/jp/images/screenshot_0046.jpg
 create mode 100644 sonicteam.com/secretrings/jp/images/screenshot_0047.jpg
 create mode 100644 sonicteam.com/secretrings/jp/images/screenshot_0048.jpg
 create mode 100644 sonicteam.com/secretrings/jp/images/screenshot_005.jpg
 create mode 100644 sonicteam.com/secretrings/jp/images/screenshot_0051.jpg
 create mode 100644 sonicteam.com/secretrings/jp/images/screenshot_0052.jpg
 create mode 100644 sonicteam.com/secretrings/jp/images/screenshot_0055.jpg
 create mode 100644 sonicteam.com/secretrings/jp/images/screenshot_0056a.jpg
 create mode 100644 sonicteam.com/secretrings/jp/images/screenshot_0057.jpg
 create mode 100644 sonicteam.com/secretrings/jp/images/screenshot_0058.jpg
 create mode 100644 sonicteam.com/secretrings/jp/images/screenshot_0058a.jpg
 create mode 100644 sonicteam.com/secretrings/jp/images/screenshot_0059.jpg
 create mode 100644 sonicteam.com/secretrings/jp/images/screenshot_0059a.jpg
 create mode 100644 sonicteam.com/secretrings/jp/images/screenshot_0063.jpg
 create mode 100644 sonicteam.com/secretrings/jp/images/screenshot_0064.jpg
 create mode 100644 sonicteam.com/secretrings/jp/images/screenshot_0065a.jpg
 create mode 100644 sonicteam.com/secretrings/jp/images/screenshot_0066.jpg
 create mode 100644 sonicteam.com/secretrings/jp/images/screenshot_0066a.jpg
 create mode 100644 sonicteam.com/secretrings/jp/images/screenshot_0067.jpg
 create mode 100644 sonicteam.com/secretrings/jp/images/screenshot_0069.jpg
 create mode 100644 sonicteam.com/secretrings/jp/images/screenshot_007.jpg
 create mode 100644 sonicteam.com/secretrings/jp/images/screenshot_0071a.jpg
 create mode 100644 sonicteam.com/secretrings/jp/images/screenshot_0075.jpg
 create mode 100644 sonicteam.com/secretrings/jp/images/screenshot_0075a.jpg
 create mode 100644 sonicteam.com/secretrings/jp/images/screenshot_0076.jpg
 create mode 100644 sonicteam.com/secretrings/jp/images/screenshot_008.jpg
 create mode 100644 sonicteam.com/secretrings/jp/images/screenshot_009.jpg
 create mode 100644 sonicteam.com/secretrings/jp/images/screenshot_0094.jpg
 create mode 100644 sonicteam.com/secretrings/jp/images/screenshot_0095.jpg
 create mode 100644 sonicteam.com/secretrings/jp/images/screenshot_010.jpg
 create mode 100644 sonicteam.com/secretrings/jp/images/screenshot_0101.jpg
 create mode 100644 sonicteam.com/secretrings/jp/images/screenshot_0102a.jpg
 create mode 100644 sonicteam.com/secretrings/jp/images/screenshot_0104.jpg
 create mode 100644 sonicteam.com/secretrings/jp/images/screenshot_0107.jpg
 create mode 100644 sonicteam.com/secretrings/jp/images/screenshot_0109a.jpg
 create mode 100644 sonicteam.com/secretrings/jp/images/screenshot_0110.jpg
 create mode 100644 sonicteam.com/secretrings/jp/images/screenshot_0112.jpg
 create mode 100644 sonicteam.com/secretrings/jp/images/screenshot_0118.jpg
 create mode 100644 sonicteam.com/secretrings/jp/images/screenshot_0119.jpg
 create mode 100644 sonicteam.com/secretrings/jp/images/screenshot_0125.jpg
 create mode 100644 sonicteam.com/secretrings/jp/images/screenshot_013.jpg
 create mode 100644 sonicteam.com/secretrings/jp/images/screenshot_014.jpg
 create mode 100644 sonicteam.com/secretrings/jp/images/screenshot_019.jpg
 create mode 100644 sonicteam.com/secretrings/jp/images/screenshot_019x.jpg
 create mode 100644 sonicteam.com/secretrings/jp/images/screenshot_022.jpg
 create mode 100644 sonicteam.com/secretrings/jp/images/screenshot_023.jpg
 create mode 100644 sonicteam.com/secretrings/jp/images/screenshot_024.jpg
 create mode 100644 sonicteam.com/secretrings/jp/images/screenshot_025.jpg
 create mode 100644 sonicteam.com/secretrings/jp/images/screenshot_026.jpg
 create mode 100644 sonicteam.com/secretrings/jp/images/screenshot_028.jpg
 create mode 100644 sonicteam.com/secretrings/jp/images/screenshot_033.jpg
 create mode 100644 sonicteam.com/secretrings/jp/images/screenshot_034.jpg
 create mode 100644 sonicteam.com/secretrings/jp/images/screenshot_035.jpg
 create mode 100644 sonicteam.com/secretrings/jp/images/screenshot_036.jpg
 create mode 100644 sonicteam.com/secretrings/jp/images/screenshot_037.jpg
 create mode 100644 sonicteam.com/secretrings/jp/images/screenshot_038.jpg
 create mode 100644 sonicteam.com/secretrings/jp/images/screenshot_047.jpg
 create mode 100644 sonicteam.com/secretrings/jp/images/screenshot_052.jpg
 create mode 100644 sonicteam.com/secretrings/jp/images/screenshot_053.jpg
 create mode 100644 sonicteam.com/secretrings/jp/images/screenshot_056.jpg
 create mode 100644 sonicteam.com/secretrings/jp/images/screenshot_059.jpg
 create mode 100644 sonicteam.com/secretrings/jp/images/screenshot_064.jpg
 create mode 100644 sonicteam.com/secretrings/jp/images/screenshot_067.jpg
 create mode 100644 sonicteam.com/secretrings/jp/images/screenshot_07.jpg
 create mode 100644 sonicteam.com/secretrings/jp/images/screenshot_071.jpg
 create mode 100644 sonicteam.com/secretrings/jp/images/screenshot_076.jpg
 create mode 100644 sonicteam.com/secretrings/jp/images/screenshot_081.jpg
 create mode 100644 sonicteam.com/secretrings/jp/images/screenshot_091.jpg
 create mode 100644 sonicteam.com/secretrings/jp/images/screenshot_095x.jpg
 create mode 100644 sonicteam.com/secretrings/jp/images/screenshot_096.jpg
 create mode 100644 sonicteam.com/secretrings/jp/images/screenshot_102.jpg
 create mode 100644 sonicteam.com/secretrings/jp/images/screenshot_104.jpg
 create mode 100644 sonicteam.com/secretrings/jp/images/screenshot_104x.jpg
 create mode 100644 sonicteam.com/secretrings/jp/images/screenshot_105.jpg
 create mode 100644 sonicteam.com/secretrings/jp/images/screenshot_106.jpg
 create mode 100644 sonicteam.com/secretrings/jp/images/screenshot_109.jpg
 create mode 100644 sonicteam.com/secretrings/jp/images/screenshot_112.jpg
 create mode 100644 sonicteam.com/secretrings/jp/images/screenshot_13.jpg
 create mode 100644 sonicteam.com/secretrings/jp/images/screenshot_185.jpg
 create mode 100644 sonicteam.com/secretrings/jp/images/screenshot_19.jpg
 create mode 100644 sonicteam.com/secretrings/jp/images/screenshot_257.jpg
 create mode 100644 sonicteam.com/secretrings/jp/images/screenshot_281.jpg
 create mode 100644 sonicteam.com/secretrings/jp/images/screenshot_36.jpg
 create mode 100644 sonicteam.com/secretrings/jp/images/screenshot_38.jpg
 create mode 100644 sonicteam.com/secretrings/jp/images/screenshot_41.jpg
 create mode 100644 sonicteam.com/secretrings/jp/images/screenshot_49.jpg
 create mode 100644 sonicteam.com/secretrings/jp/images/screenshot_55.jpg
 create mode 100644 sonicteam.com/secretrings/jp/images/screenshot_57.jpg
 create mode 100644 sonicteam.com/secretrings/jp/images/screenshot_78.jpg
 create mode 100644 sonicteam.com/secretrings/jp/images/screenshot_84.jpg
 create mode 100644 sonicteam.com/secretrings/jp/images/shot_019x.jpg
 create mode 100644 sonicteam.com/secretrings/jp/images/shot_102x.jpg
 create mode 100644 sonicteam.com/secretrings/jp/images/skill_zokusei_001.jpg
 create mode 100644 sonicteam.com/secretrings/jp/images/skill_zokusei_002.jpg
 create mode 100644 sonicteam.com/secretrings/jp/images/skill_zokusei_003.jpg
 create mode 100644 sonicteam.com/secretrings/jp/images/sliding_cancel_001.jpg
 create mode 100644 sonicteam.com/secretrings/jp/images/sliding_cancel_002.jpg
 create mode 100644 sonicteam.com/secretrings/jp/images/speadbreak_001.jpg
 create mode 100644 sonicteam.com/secretrings/jp/images/speadbreak_002.jpg
 create mode 100644 sonicteam.com/secretrings/jp/images/test008.jpg
 create mode 100644 sonicteam.com/secretrings/jp/images/test009.jpg
 create mode 100644 sonicteam.com/secretrings/jp/images/test010.jpg
 create mode 100644 sonicteam.com/secretrings/jp/images/test011.jpg
 create mode 100644 sonicteam.com/secretrings/jp/images/test016.jpg
 create mode 100644 sonicteam.com/secretrings/jp/images/test018.jpg
 create mode 100644 sonicteam.com/secretrings/jp/images/test019.jpg
 create mode 100644 sonicteam.com/secretrings/jp/images/test020x.jpg
 create mode 100644 sonicteam.com/secretrings/jp/images/test06.jpg
 create mode 100644 sonicteam.com/secretrings/jp/images/test_001x.jpg
 create mode 100644 sonicteam.com/secretrings/jp/images/time_break_005.jpg
 create mode 100644 sonicteam.com/secretrings/jp/index.html
 create mode 100644 sonicteam.com/secretrings/jp/index.xml
 create mode 100644 sonicteam.com/secretrings/jp/strategies/index.html
 create mode 100644 sonicteam.com/secretrings/jp/tactics/index.html
 copy www.nintendo.co.jp/{wii/siij/dream/img/horse.png => 3ds/acmj/game_list/list/images/game_list_t07_p02.png} (100%)
 rewrite www.nintendo.co.jp/wii/siij/dream/img/horse.png (98%)
