Already up to date.
[main 6cdb0f2126] files from 2023-03-24,  9:35:50
 54 files changed, 3610 insertions(+), 764 deletions(-)
 create mode 100644 log/KrazeeTobi-2023-03-24_053130.log
 create mode 100644 sonic.sega.jp/SonicFrontiers/products/css/product.css@0323
 create mode 100644 sonic.sega.jp/SonicOrigins/css/plus.css
 create mode 100644 sonic.sega.jp/SonicOrigins/css/slick.css
 create mode 100644 sonic.sega.jp/SonicOrigins/images/guide-btn02.png
 create mode 100644 sonic.sega.jp/SonicOrigins/images/plus/plus-01-ss01.jpg
 create mode 100644 sonic.sega.jp/SonicOrigins/images/plus/plus-01-ss01.png
 create mode 100644 sonic.sega.jp/SonicOrigins/images/plus/plus-01-ss02.jpg
 create mode 100644 sonic.sega.jp/SonicOrigins/images/plus/plus-01-ss02.png
 create mode 100644 sonic.sega.jp/SonicOrigins/images/plus/plus-02-ss01.jpg
 create mode 100644 sonic.sega.jp/SonicOrigins/images/plus/plus-02-ss01.png
 create mode 100644 sonic.sega.jp/SonicOrigins/images/plus/plus-03-ss01.jpg
 create mode 100644 sonic.sega.jp/SonicOrigins/images/plus/plus-03-ss01.png
 create mode 100644 sonic.sega.jp/SonicOrigins/images/plus/plus-03-ss02.jpg
 create mode 100644 sonic.sega.jp/SonicOrigins/images/plus/plus-03-ss02.png
 create mode 100644 sonic.sega.jp/SonicOrigins/images/plus/plus-04-img.png
 create mode 100644 sonic.sega.jp/SonicOrigins/images/plus/plus-blank.png
 create mode 100644 sonic.sega.jp/SonicOrigins/images/plus/plus-knuckles.png
 create mode 100644 sonic.sega.jp/SonicOrigins/images/plus/plus-title-bg-sp.png
 create mode 100644 sonic.sega.jp/SonicOrigins/images/plus/plus-title-bg.png
 create mode 100644 sonic.sega.jp/SonicOrigins/images/plus/plus_amy.png
 create mode 100644 sonic.sega.jp/SonicOrigins/images/top-newpack-btn.png
 create mode 100644 sonic.sega.jp/SonicOrigins/js/slick.min.js
 create mode 100644 sonic.sega.jp/SonicOrigins/plus/index.html
