Already up to date.
[main e1054dbfe] files from 2022-08-10, 10:14:54
 174 files changed, 39063 insertions(+), 1292 deletions(-)
 create mode 100644 log/KrazeeTobi-2022-08-10_063032.log
 create mode 100644 sonic-movie.jp/news/2022/08/10/sonic_0810/index.html
 create mode 100644 sonic-movie.jp/sonic-movie/index.html@doing_wp_cron=1660121430.1889040470123291015625&paged=12
 create mode 100644 sonic-movie.jp/sonic-movie/index.html@doing_wp_cron=1660121430.1889040470123291015625&paged=2
 create mode 100644 sonic-movie.jp/sonic-movie/index.html@doing_wp_cron=1660121430.1889040470123291015625&paged=3
 create mode 100644 sonic-movie.jp/sonic-movie/index.html@doing_wp_cron=1660121430.1889040470123291015625&paged=4
 create mode 100644 sonic-movie.jp/sonic-movie/index.html@doing_wp_cron=1660121430.1889040470123291015625&paged=5
 create mode 100644 sonic-movie.jp/sonic-movie/index.html@doing_wp_cron=1660121430.1889040470123291015625&paged=6
 create mode 100644 sonic-movie.jp/sonic-movie/page/10/index.html@doing_wp_cron=1660121430.1889040470123291015625&paged=1
 create mode 100644 sonic-movie.jp/sonic-movie/page/10/index.html@doing_wp_cron=1660121430.1889040470123291015625&paged=11
 create mode 100644 sonic-movie.jp/sonic-movie/page/10/index.html@doing_wp_cron=1660121430.1889040470123291015625&paged=12
 create mode 100644 sonic-movie.jp/sonic-movie/page/10/index.html@doing_wp_cron=1660121430.1889040470123291015625&paged=5
 create mode 100644 sonic-movie.jp/sonic-movie/page/10/index.html@doing_wp_cron=1660121430.1889040470123291015625&paged=6
 create mode 100644 sonic-movie.jp/sonic-movie/page/10/index.html@doing_wp_cron=1660121430.1889040470123291015625&paged=7
 create mode 100644 sonic-movie.jp/sonic-movie/page/10/index.html@doing_wp_cron=1660121430.1889040470123291015625&paged=8
 create mode 100644 sonic-movie.jp/sonic-movie/page/10/index.html@doing_wp_cron=1660121430.1889040470123291015625&paged=9
 create mode 100644 sonic-movie.jp/sonic-movie/page/11/index.html@doing_wp_cron=1660121430.1889040470123291015625&paged=1
 create mode 100644 sonic-movie.jp/sonic-movie/page/11/index.html@doing_wp_cron=1660121430.1889040470123291015625&paged=10
 create mode 100644 sonic-movie.jp/sonic-movie/page/11/index.html@doing_wp_cron=1660121430.1889040470123291015625&paged=12
 create mode 100644 sonic-movie.jp/sonic-movie/page/11/index.html@doing_wp_cron=1660121430.1889040470123291015625&paged=6
 create mode 100644 sonic-movie.jp/sonic-movie/page/11/index.html@doing_wp_cron=1660121430.1889040470123291015625&paged=7
 create mode 100644 sonic-movie.jp/sonic-movie/page/11/index.html@doing_wp_cron=1660121430.1889040470123291015625&paged=8
 create mode 100644 sonic-movie.jp/sonic-movie/page/11/index.html@doing_wp_cron=1660121430.1889040470123291015625&paged=9
 create mode 100644 sonic-movie.jp/sonic-movie/page/12/index.html@doing_wp_cron=1660121430.1889040470123291015625&paged=1
 create mode 100644 sonic-movie.jp/sonic-movie/page/12/index.html@doing_wp_cron=1660121430.1889040470123291015625&paged=10
 create mode 100644 sonic-movie.jp/sonic-movie/page/12/index.html@doing_wp_cron=1660121430.1889040470123291015625&paged=11
 create mode 100644 sonic-movie.jp/sonic-movie/page/12/index.html@doing_wp_cron=1660121430.1889040470123291015625&paged=7
 create mode 100644 sonic-movie.jp/sonic-movie/page/12/index.html@doing_wp_cron=1660121430.1889040470123291015625&paged=8
 create mode 100644 sonic-movie.jp/sonic-movie/page/12/index.html@doing_wp_cron=1660121430.1889040470123291015625&paged=9
 create mode 100644 sonic-movie.jp/sonic-movie/page/2/index.html@doing_wp_cron=1660121430.1889040470123291015625&paged=1
 create mode 100644 sonic-movie.jp/sonic-movie/page/2/index.html@doing_wp_cron=1660121430.1889040470123291015625&paged=12
 create mode 100644 sonic-movie.jp/sonic-movie/page/2/index.html@doing_wp_cron=1660121430.1889040470123291015625&paged=3
 create mode 100644 sonic-movie.jp/sonic-movie/page/2/index.html@doing_wp_cron=1660121430.1889040470123291015625&paged=4
 create mode 100644 sonic-movie.jp/sonic-movie/page/2/index.html@doing_wp_cron=1660121430.1889040470123291015625&paged=5
 create mode 100644 sonic-movie.jp/sonic-movie/page/2/index.html@doing_wp_cron=1660121430.1889040470123291015625&paged=6
 create mode 100644 sonic-movie.jp/sonic-movie/page/2/index.html@doing_wp_cron=1660121430.1889040470123291015625&paged=7
 create mode 100644 sonic-movie.jp/sonic-movie/page/3/index.html@doing_wp_cron=1660121430.1889040470123291015625&paged=1
 create mode 100644 sonic-movie.jp/sonic-movie/page/3/index.html@doing_wp_cron=1660121430.1889040470123291015625&paged=12
 create mode 100644 sonic-movie.jp/sonic-movie/page/3/index.html@doing_wp_cron=1660121430.1889040470123291015625&paged=2
 create mode 100644 sonic-movie.jp/sonic-movie/page/3/index.html@doing_wp_cron=1660121430.1889040470123291015625&paged=4
 create mode 100644 sonic-movie.jp/sonic-movie/page/3/index.html@doing_wp_cron=1660121430.1889040470123291015625&paged=5
 create mode 100644 sonic-movie.jp/sonic-movie/page/3/index.html@doing_wp_cron=1660121430.1889040470123291015625&paged=6
 create mode 100644 sonic-movie.jp/sonic-movie/page/3/index.html@doing_wp_cron=1660121430.1889040470123291015625&paged=7
 create mode 100644 sonic-movie.jp/sonic-movie/page/3/index.html@doing_wp_cron=1660121430.1889040470123291015625&paged=8
 create mode 100644 sonic-movie.jp/sonic-movie/page/4/index.html@doing_wp_cron=1660121430.1889040470123291015625&paged=1
 create mode 100644 sonic-movie.jp/sonic-movie/page/4/index.html@doing_wp_cron=1660121430.1889040470123291015625&paged=12
 create mode 100644 sonic-movie.jp/sonic-movie/page/4/index.html@doing_wp_cron=1660121430.1889040470123291015625&paged=2
 create mode 100644 sonic-movie.jp/sonic-movie/page/4/index.html@doing_wp_cron=1660121430.1889040470123291015625&paged=3
 create mode 100644 sonic-movie.jp/sonic-movie/page/4/index.html@doing_wp_cron=1660121430.1889040470123291015625&paged=5
 create mode 100644 sonic-movie.jp/sonic-movie/page/4/index.html@doing_wp_cron=1660121430.1889040470123291015625&paged=6
 create mode 100644 sonic-movie.jp/sonic-movie/page/4/index.html@doing_wp_cron=1660121430.1889040470123291015625&paged=7
 create mode 100644 sonic-movie.jp/sonic-movie/page/4/index.html@doing_wp_cron=1660121430.1889040470123291015625&paged=8
 create mode 100644 sonic-movie.jp/sonic-movie/page/4/index.html@doing_wp_cron=1660121430.1889040470123291015625&paged=9
 create mode 100644 sonic-movie.jp/sonic-movie/page/5/index.html@doing_wp_cron=1660121430.1889040470123291015625&paged=1
 create mode 100644 sonic-movie.jp/sonic-movie/page/5/index.html@doing_wp_cron=1660121430.1889040470123291015625&paged=10
 create mode 100644 sonic-movie.jp/sonic-movie/page/5/index.html@doing_wp_cron=1660121430.1889040470123291015625&paged=12
 create mode 100644 sonic-movie.jp/sonic-movie/page/5/index.html@doing_wp_cron=1660121430.1889040470123291015625&paged=2
 create mode 100644 sonic-movie.jp/sonic-movie/page/5/index.html@doing_wp_cron=1660121430.1889040470123291015625&paged=3
 create mode 100644 sonic-movie.jp/sonic-movie/page/5/index.html@doing_wp_cron=1660121430.1889040470123291015625&paged=4
 create mode 100644 sonic-movie.jp/sonic-movie/page/5/index.html@doing_wp_cron=1660121430.1889040470123291015625&paged=6
 create mode 100644 sonic-movie.jp/sonic-movie/page/5/index.html@doing_wp_cron=1660121430.1889040470123291015625&paged=7
 create mode 100644 sonic-movie.jp/sonic-movie/page/5/index.html@doing_wp_cron=1660121430.1889040470123291015625&paged=8
 create mode 100644 sonic-movie.jp/sonic-movie/page/5/index.html@doing_wp_cron=1660121430.1889040470123291015625&paged=9
 create mode 100644 sonic-movie.jp/sonic-movie/page/6/index.html@doing_wp_cron=1660121430.1889040470123291015625&paged=1
 create mode 100644 sonic-movie.jp/sonic-movie/page/6/index.html@doing_wp_cron=1660121430.1889040470123291015625&paged=10
 create mode 100644 sonic-movie.jp/sonic-movie/page/6/index.html@doing_wp_cron=1660121430.1889040470123291015625&paged=11
 create mode 100644 sonic-movie.jp/sonic-movie/page/6/index.html@doing_wp_cron=1660121430.1889040470123291015625&paged=12
 create mode 100644 sonic-movie.jp/sonic-movie/page/6/index.html@doing_wp_cron=1660121430.1889040470123291015625&paged=2
 create mode 100644 sonic-movie.jp/sonic-movie/page/6/index.html@doing_wp_cron=1660121430.1889040470123291015625&paged=3
 create mode 100644 sonic-movie.jp/sonic-movie/page/6/index.html@doing_wp_cron=1660121430.1889040470123291015625&paged=4
 create mode 100644 sonic-movie.jp/sonic-movie/page/6/index.html@doing_wp_cron=1660121430.1889040470123291015625&paged=5
 create mode 100644 sonic-movie.jp/sonic-movie/page/6/index.html@doing_wp_cron=1660121430.1889040470123291015625&paged=7
 create mode 100644 sonic-movie.jp/sonic-movie/page/6/index.html@doing_wp_cron=1660121430.1889040470123291015625&paged=8
 create mode 100644 sonic-movie.jp/sonic-movie/page/6/index.html@doing_wp_cron=1660121430.1889040470123291015625&paged=9
 create mode 100644 sonic-movie.jp/sonic-movie/page/7/index.html@doing_wp_cron=1660121430.1889040470123291015625&paged=1
 create mode 100644 sonic-movie.jp/sonic-movie/page/7/index.html@doing_wp_cron=1660121430.1889040470123291015625&paged=10
 create mode 100644 sonic-movie.jp/sonic-movie/page/7/index.html@doing_wp_cron=1660121430.1889040470123291015625&paged=11
 create mode 100644 sonic-movie.jp/sonic-movie/page/7/index.html@doing_wp_cron=1660121430.1889040470123291015625&paged=12
 create mode 100644 sonic-movie.jp/sonic-movie/page/7/index.html@doing_wp_cron=1660121430.1889040470123291015625&paged=2
 create mode 100644 sonic-movie.jp/sonic-movie/page/7/index.html@doing_wp_cron=1660121430.1889040470123291015625&paged=3
 create mode 100644 sonic-movie.jp/sonic-movie/page/7/index.html@doing_wp_cron=1660121430.1889040470123291015625&paged=4
 create mode 100644 sonic-movie.jp/sonic-movie/page/7/index.html@doing_wp_cron=1660121430.1889040470123291015625&paged=5
 create mode 100644 sonic-movie.jp/sonic-movie/page/7/index.html@doing_wp_cron=1660121430.1889040470123291015625&paged=6
 create mode 100644 sonic-movie.jp/sonic-movie/page/7/index.html@doing_wp_cron=1660121430.1889040470123291015625&paged=8
 create mode 100644 sonic-movie.jp/sonic-movie/page/7/index.html@doing_wp_cron=1660121430.1889040470123291015625&paged=9
 create mode 100644 sonic-movie.jp/sonic-movie/page/8/index.html@doing_wp_cron=1660121430.1889040470123291015625&paged=1
 create mode 100644 sonic-movie.jp/sonic-movie/page/8/index.html@doing_wp_cron=1660121430.1889040470123291015625&paged=10
 create mode 100644 sonic-movie.jp/sonic-movie/page/8/index.html@doing_wp_cron=1660121430.1889040470123291015625&paged=11
 create mode 100644 sonic-movie.jp/sonic-movie/page/8/index.html@doing_wp_cron=1660121430.1889040470123291015625&paged=12
 create mode 100644 sonic-movie.jp/sonic-movie/page/8/index.html@doing_wp_cron=1660121430.1889040470123291015625&paged=3
 create mode 100644 sonic-movie.jp/sonic-movie/page/8/index.html@doing_wp_cron=1660121430.1889040470123291015625&paged=4
 create mode 100644 sonic-movie.jp/sonic-movie/page/8/index.html@doing_wp_cron=1660121430.1889040470123291015625&paged=5
 create mode 100644 sonic-movie.jp/sonic-movie/page/8/index.html@doing_wp_cron=1660121430.1889040470123291015625&paged=6
 create mode 100644 sonic-movie.jp/sonic-movie/page/8/index.html@doing_wp_cron=1660121430.1889040470123291015625&paged=7
 create mode 100644 sonic-movie.jp/sonic-movie/page/8/index.html@doing_wp_cron=1660121430.1889040470123291015625&paged=9
 create mode 100644 sonic-movie.jp/sonic-movie/page/9/index.html@doing_wp_cron=1660121430.1889040470123291015625&paged=1
 create mode 100644 sonic-movie.jp/sonic-movie/page/9/index.html@doing_wp_cron=1660121430.1889040470123291015625&paged=10
 create mode 100644 sonic-movie.jp/sonic-movie/page/9/index.html@doing_wp_cron=1660121430.1889040470123291015625&paged=11
 create mode 100644 sonic-movie.jp/sonic-movie/page/9/index.html@doing_wp_cron=1660121430.1889040470123291015625&paged=12
 create mode 100644 sonic-movie.jp/sonic-movie/page/9/index.html@doing_wp_cron=1660121430.1889040470123291015625&paged=4
 create mode 100644 sonic-movie.jp/sonic-movie/page/9/index.html@doing_wp_cron=1660121430.1889040470123291015625&paged=5
 create mode 100644 sonic-movie.jp/sonic-movie/page/9/index.html@doing_wp_cron=1660121430.1889040470123291015625&paged=6
 create mode 100644 sonic-movie.jp/sonic-movie/page/9/index.html@doing_wp_cron=1660121430.1889040470123291015625&paged=7
 create mode 100644 sonic-movie.jp/sonic-movie/page/9/index.html@doing_wp_cron=1660121430.1889040470123291015625&paged=8
 create mode 100644 sonic.sega.jp/SonicChannel/assets_c/2022/08/staffcolumn_220809_02_eye-thumb-640xauto-4704.jpg
 create mode 100644 sonic.sega.jp/SonicChannel/special/image/staffcolumn_220809_01_01.jpg
 create mode 100644 sonic.sega.jp/SonicChannel/special/image/staffcolumn_220809_01_02.jpg
 create mode 100644 sonic.sega.jp/SonicChannel/special/image/staffcolumn_220809_02_eye.jpg
 create mode 100644 sonic.sega.jp/SonicChannel/special/staffcolumn/index.html
 create mode 100644 sonic.sega.jp/SonicChannel/special/staffcolumn/toyoda.1
 create mode 100644 sonic.sega.jp/SonicChannel/special/staffcolumn/toyoda.2
 create mode 100644 sonic.sega.jp/SonicChannel/special/staffcolumn/toyoda/20220810_002968/index.html
 create mode 100644 sonic.sega.jp/SonicChannel/special/staffcolumn/toyoda/index.html
