
E:\GitHub\SonicChannelTrack>git pull 
Already up to date.

E:\GitHub\SonicChannelTrack>wget -r --no-parent --no-check-certificate http://sonic.sega.jp/ 

E:\GitHub\SonicChannelTrack>wget -r --no-parent --no-check-certificate http://sonic.sega.jp/20th/ 

E:\GitHub\SonicChannelTrack>wget -r --no-parent --no-check-certificate http://sonic.sega.jp/25th/ 

E:\GitHub\SonicChannelTrack>wget -r --no-parent --no-check-certificate http://sonic.sega.jp/30th/ 

E:\GitHub\SonicChannelTrack>wget -r --no-parent --no-check-certificate http://sonic.sega.jp/advance/ 

E:\GitHub\SonicChannelTrack>wget -r --no-parent --no-check-certificate http://sonic.sega.jp/advance2/ 

E:\GitHub\SonicChannelTrack>wget -r --no-parent --no-check-certificate http://sonic.sega.jp/advance3/ 

E:\GitHub\SonicChannelTrack>wget -r --no-parent --no-check-certificate http://sonic.sega.jp/ankokunokishi/ 

E:\GitHub\SonicChannelTrack>wget -r --no-parent --no-check-certificate http://sonic.sega.jp/batlte/ 

E:\GitHub\SonicChannelTrack>wget -r --no-parent --no-check-certificate http://sonic.sega.jp/gems/ 

E:\GitHub\SonicChannelTrack>wget -r --no-parent --no-check-certificate http://sonic.sega.jp/images/ 

E:\GitHub\SonicChannelTrack>wget -r --no-parent --no-check-certificate http://sonic.sega.jp/megacolle/ 

E:\GitHub\SonicChannelTrack>wget -r --no-parent --no-check-certificate http://sonic.sega.jp/megacolleplus/ 

E:\GitHub\SonicChannelTrack>wget -r --no-parent --no-check-certificate http://sonic.sega.jp/NightOfTheWerehog/ 

E:\GitHub\SonicChannelTrack>wget -r --no-parent --no-check-certificate http://sonic.sega.jp/pinball/ 

E:\GitHub\SonicChannelTrack>wget -r --no-parent --no-check-certificate http://sonic.sega.jp/riders/ 

E:\GitHub\SonicChannelTrack>wget -r --no-parent --no-check-certificate http://sonic.sega.jp/rush/ 

E:\GitHub\SonicChannelTrack>wget -r --no-parent --no-check-certificate http://sonic.sega.jp/rushadventure/ 

E:\GitHub\SonicChannelTrack>wget -r --no-parent --no-check-certificate http://sonic.sega.jp/secretrings/ 

E:\GitHub\SonicChannelTrack>wget -r --no-parent --no-check-certificate http://sonic.sega.jp/shadow/ 

E:\GitHub\SonicChannelTrack>wget -r --no-parent --no-check-certificate http://sonic.sega.jp/sonic/ 

E:\GitHub\SonicChannelTrack>wget -r --no-parent --no-check-certificate http://sonic.sega.jp/sonic_heroes/ 

E:\GitHub\SonicChannelTrack>wget -r --no-parent --no-check-certificate http://sonic.sega.jp/sonic3d/ 

E:\GitHub\SonicChannelTrack>wget -r --no-parent --no-check-certificate http://sonic.sega.jp/sonicadv/ 

E:\GitHub\SonicChannelTrack>wget -r --no-parent --no-check-certificate http://sonic.sega.jp/sonicadv_int/ 

E:\GitHub\SonicChannelTrack>wget -r --no-parent --no-check-certificate http://sonic.sega.jp/sonicadv2/ 

E:\GitHub\SonicChannelTrack>wget -r --no-parent --no-check-certificate http://sonic.sega.jp/SonicAllStarRacing/ 

E:\GitHub\SonicChannelTrack>wget -r --no-parent --no-check-certificate http://sonic.sega.jp/SonicChannel/ 

E:\GitHub\SonicChannelTrack>wget -r --no-parent --no-check-certificate http://sonic.sega.jp/SonicChannelOld/ 

E:\GitHub\SonicChannelTrack>wget -r --no-parent --no-check-certificate http://sonic.sega.jp/SonicChronicles/ 

E:\GitHub\SonicChannelTrack>wget -r --no-parent --no-check-certificate http://sonic.sega.jp/SonicColors/ 

E:\GitHub\SonicChannelTrack>wget -r --no-parent --no-check-certificate http://sonic.sega.jp/SonicForces/ 

E:\GitHub\SonicChannelTrack>wget -r --no-parent --no-check-certificate http://sonic.sega.jp/SonicFreeRiders/ 

E:\GitHub\SonicChannelTrack>wget -r --no-parent --no-check-certificate http://sonic.sega.jp/SonicFrontiers/ 

E:\GitHub\SonicChannelTrack>wget -r --no-parent --no-check-certificate http://sonic.sega.jp/SonicGenerations/ 

E:\GitHub\SonicChannelTrack>wget -r --no-parent --no-check-certificate http://sonic.sega.jp/sonicjam/ 

E:\GitHub\SonicChannelTrack>wget -r --no-parent --no-check-certificate http://sonic.sega.jp/SonicLostWorld/ 

E:\GitHub\SonicChannelTrack>wget -r --no-parent --no-check-certificate http://sonic.sega.jp/SonicMania/ 

E:\GitHub\SonicChannelTrack>wget -r --no-parent --no-check-certificate http://sonic.sega.jp/sonicr/ 

E:\GitHub\SonicChannelTrack>wget -r --no-parent --no-check-certificate http://sonic.sega.jp/SonicTheHedgehog4/ 

E:\GitHub\SonicChannelTrack>wget -r --no-parent --no-check-certificate http://sonic.sega.jp/SonicToon/ 

E:\GitHub\SonicChannelTrack>wget -r --no-parent --no-check-certificate http://sonic.sega.jp/SonicWorldAdventure/ 

E:\GitHub\SonicChannelTrack>wget -r --no-parent --no-check-certificate http://sonic.sega.jp/TeamSonicRacing/ 

E:\GitHub\SonicChannelTrack>wget -r --no-parent --no-check-certificate http://sonic.sega.jp/wpack/ 

E:\GitHub\SonicChannelTrack>wget -r --no-parent --no-check-certificate http://sonic.sega.jp/SonicOrigins/ 

E:\GitHub\SonicChannelTrack>wget -r --no-parent --no-check-certificate http://blog.sonic-channel.jp/ 

E:\GitHub\SonicChannelTrack>wget -r --no-parent --no-check-certificate http://sonicteam.com/ 

E:\GitHub\SonicChannelTrack>wget -r --no-parent --no-check-certificate http://www.olympicvideogames.com/marioandsonic/ 

E:\GitHub\SonicChannelTrack>wget -r --no-parent --no-check-certificate http://www.nintendo.co.jp/mario_and_sonic2010/ 

E:\GitHub\SonicChannelTrack>wget -r --no-parent --no-check-certificate http://www.nintendo.co.jp/ds/ay9j/ 

E:\GitHub\SonicChannelTrack>wget -r --no-parent --no-check-certificate http://www.nintendo.co.jp/wii/siij/ 

E:\GitHub\SonicChannelTrack>wget -r --no-parent --no-check-certificate http://www.nintendo.co.jp/wii/rwsj/ 

E:\GitHub\SonicChannelTrack>wget -r --no-parent --no-check-certificate http://www.olympicvideogames.com/sonic/ 

E:\GitHub\SonicChannelTrack>wget -r --no-parent --no-check-certificate http://sonicrunners.sega-net.com/ 

E:\GitHub\SonicChannelTrack>wget -r --no-parent --no-check-certificate http://www.nintendo.co.jp/3ds/bgxj/ 

E:\GitHub\SonicChannelTrack>wget -r --no-parent --no-check-certificate http://www.nintendo.co.jp/3ds/acmj/ 

E:\GitHub\SonicChannelTrack>wget -r --no-parent --no-check-certificate http://www.nintendo.co.jp/wiiu/abjj/ 

E:\GitHub\SonicChannelTrack>wget -r --no-parent --no-check-certificate http://www.nintendo.co.jp/wiiu/aurj/ 

E:\GitHub\SonicChannelTrack>wget -r --no-parent --no-check-certificate http://www.olympicvideogames.com/marioandsonicac/ 

E:\GitHub\SonicChannelTrack>wget -r --no-parent --no-check-certificate http://sonic-movie.jp/ 
