
E:\GitHub\SonicChannelTrack>git pull 
Already up to date.

E:\GitHub\SonicChannelTrack>wget -r --no-parent --no-check-certificate http://sonic.sega.jp/ 

E:\GitHub\SonicChannelTrack>wget -r --no-parent --no-check-certificate http://sonic.sega.jp/20th/ 

E:\GitHub\SonicChannelTrack>wget -r --no-parent --no-check-certificate http://sonic.sega.jp/25th/ 

E:\GitHub\SonicChannelTrack>wget -r --no-parent --no-check-certificate http://sonic.sega.jp/30th/ 

E:\GitHub\SonicChannelTrack>wget -r --no-parent --no-check-certificate http://sonic.sega.jp/advance/ 

E:\GitHub\SonicChannelTrack>wget -r --no-parent --no-check-certificate http://sonic.sega.jp/advance2/ 

E:\GitHub\SonicChannelTrack>wget -r --no-parent --no-check-certificate http://sonic.sega.jp/advance3/ 

E:\GitHub\SonicChannelTrack>wget -r --no-parent --no-check-certificate http://sonic.sega.jp/ankokunokishi/ 

E:\GitHub\SonicChannelTrack>wget -r --no-parent --no-check-certificate http://sonic.sega.jp/batlte/ 

E:\GitHub\SonicChannelTrack>wget -r --no-parent --no-check-certificate http://sonic.sega.jp/gems/ 

E:\GitHub\SonicChannelTrack>wget -r --no-parent --no-check-certificate http://sonic.sega.jp/images/ 

E:\GitHub\SonicChannelTrack>wget -r --no-parent --no-check-certificate http://sonic.sega.jp/megacolle/ 

E:\GitHub\SonicChannelTrack>wget -r --no-parent --no-check-certificate http://sonic.sega.jp/megacolleplus/ 

E:\GitHub\SonicChannelTrack>wget -r --no-parent --no-check-certificate http://sonic.sega.jp/NightOfTheWerehog/ 

E:\GitHub\SonicChannelTrack>wget -r --no-parent --no-check-certificate http://sonic.sega.jp/pinball/ 

E:\GitHub\SonicChannelTrack>wget -r --no-parent --no-check-certificate http://sonic.sega.jp/riders/ 

E:\GitHub\SonicChannelTrack>wget -r --no-parent --no-check-certificate http://sonic.sega.jp/rush/ 

E:\GitHub\SonicChannelTrack>wget -r --no-parent --no-check-certificate http://sonic.sega.jp/rushadventure/ 

E:\GitHub\SonicChannelTrack>wget -r --no-parent --no-check-certificate http://sonic.sega.jp/secretrings/ 

E:\GitHub\SonicChannelTrack>wget -r --no-parent --no-check-certificate http://sonic.sega.jp/shadow/ 

E:\GitHub\SonicChannelTrack>wget -r --no-parent --no-check-certificate http://sonic.sega.jp/sonic/ 

E:\GitHub\SonicChannelTrack>wget -r --no-parent --no-check-certificate http://sonic.sega.jp/sonic_heroes/ 

E:\GitHub\SonicChannelTrack>wget -r --no-parent --no-check-certificate http://sonic.sega.jp/sonic3d/ 

E:\GitHub\SonicChannelTrack>wget -r --no-parent --no-check-certificate http://sonic.sega.jp/sonicadv/ 

E:\GitHub\SonicChannelTrack>wget -r --no-parent --no-check-certificate http://sonic.sega.jp/sonicadv_int/ 

E:\GitHub\SonicChannelTrack>wget -r --no-parent --no-check-certificate http://sonic.sega.jp/sonicadv2/ 

E:\GitHub\SonicChannelTrack>wget -r --no-parent --no-check-certificate http://sonic.sega.jp/SonicAllStarRacing/ 

E:\GitHub\SonicChannelTrack>wget -r --no-parent --no-check-certificate http://sonic.sega.jp/SonicChannel/ 

E:\GitHub\SonicChannelTrack>wget -r --no-parent --no-check-certificate http://sonic.sega.jp/SonicChannelOld/ 

E:\GitHub\SonicChannelTrack>wget -r --no-parent --no-check-certificate http://sonic.sega.jp/SonicChronicles/ 

E:\GitHub\SonicChannelTrack>wget -r --no-parent --no-check-certificate http://sonic.sega.jp/SonicColors/ 

E:\GitHub\SonicChannelTrack>wget -r --no-parent --no-check-certificate http://sonic.sega.jp/SonicForces/ 

E:\GitHub\SonicChannelTrack>wget -r --no-parent --no-check-certificate http://sonic.sega.jp/SonicFreeRiders/ 

E:\GitHub\SonicChannelTrack>wget -r --no-parent --no-check-certificate http://sonic.sega.jp/SonicFrontiers/ 

E:\GitHub\SonicChannelTrack>wget -r --no-parent --no-check-certificate http://sonic.sega.jp/SonicGenerations/ 

E:\GitHub\SonicChannelTrack>wget -r --no-parent --no-check-certificate http://sonic.sega.jp/sonicjam/ 

E:\GitHub\SonicChannelTrack>wget -r --no-parent --no-check-certificate http://sonic.sega.jp/SonicLostWorld/ 

E:\GitHub\SonicChannelTrack>wget -r --no-parent --no-check-certificate http://sonic.sega.jp/SonicMania/ 

E:\GitHub\SonicChannelTrack>wget -r --no-parent --no-check-certificate http://sonic.sega.jp/sonicr/ 

E:\GitHub\SonicChannelTrack>wget -r --no-parent --no-check-certificate http://sonic.sega.jp/SonicTheHedgehog4/ 

E:\GitHub\SonicChannelTrack>wget -r --no-parent --no-check-certificate http://sonic.sega.jp/SonicToon/ 

E:\GitHub\SonicChannelTrack>wget -r --no-parent --no-check-certificate http://sonic.sega.jp/SonicWorldAdventure/ 

E:\GitHub\SonicChannelTrack>wget -r --no-parent --no-check-certificate http://sonic.sega.jp/TeamSonicRacing/ 

E:\GitHub\SonicChannelTrack>wget -r --no-parent --no-check-certificate http://sonic.sega.jp/wpack/ 

E:\GitHub\SonicChannelTrack>wget -r --no-parent --no-check-certificate http://blog.sonic-channel.jp/ 

E:\GitHub\SonicChannelTrack>wget -r --no-parent --no-check-certificate http://sonicteam.com/ 

E:\GitHub\SonicChannelTrack>wget -r --no-parent --no-check-certificate http://www.olympicvideogames.com/marioandsonic/ 

E:\GitHub\SonicChannelTrack>wget -r --no-parent --no-check-certificate http://www.nintendo.co.jp/mario_and_sonic2010/ 

E:\GitHub\SonicChannelTrack>wget -r --no-parent --no-check-certificate http://www.nintendo.co.jp/ds/ay9j/ 

E:\GitHub\SonicChannelTrack>wget -r --no-parent --no-check-certificate http://www.nintendo.co.jp/wii/siij/ 

E:\GitHub\SonicChannelTrack>wget -r --no-parent --no-check-certificate http://www.nintendo.co.jp/wii/rwsj/ 

E:\GitHub\SonicChannelTrack>wget -r --no-parent --no-check-certificate http://www.olympicvideogames.com/sonic/ 

E:\GitHub\SonicChannelTrack>wget -r --no-parent --no-check-certificate http://sonicrunners.sega-net.com/ 

E:\GitHub\SonicChannelTrack>wget -r --no-parent --no-check-certificate http://www.nintendo.co.jp/3ds/bgxj/ 

E:\GitHub\SonicChannelTrack>wget -r --no-parent --no-check-certificate http://www.nintendo.co.jp/3ds/acmj/ 

E:\GitHub\SonicChannelTrack>wget -r --no-parent --no-check-certificate http://www.nintendo.co.jp/wiiu/abjj/ 

E:\GitHub\SonicChannelTrack>wget -r --no-parent --no-check-certificate http://www.nintendo.co.jp/wiiu/aurj/ 

E:\GitHub\SonicChannelTrack>wget -r --no-parent --no-check-certificate http://www.olympicvideogames.com/marioandsonicac/ 

E:\GitHub\SonicChannelTrack>wget -r --no-parent --no-check-certificate http://sonic-movie.jp/ 

E:\GitHub\SonicChannelTrack>wget -r --no-parent --no-check-certificate http://paramount.jp/sonic-movie/ 

E:\GitHub\SonicChannelTrack>cd sonic.sega.jp 

E:\GitHub\SonicChannelTrack\sonic.sega.jp>cd SonicChannel 

E:\GitHub\SonicChannelTrack\sonic.sega.jp\SonicChannel>del character.1 

E:\GitHub\SonicChannelTrack\sonic.sega.jp\SonicChannel>del character.2 

E:\GitHub\SonicChannelTrack\sonic.sega.jp\SonicChannel>del character.3 

E:\GitHub\SonicChannelTrack\sonic.sega.jp\SonicChannel>del character.4 

E:\GitHub\SonicChannelTrack\sonic.sega.jp\SonicChannel>del character.5 

E:\GitHub\SonicChannelTrack\sonic.sega.jp\SonicChannel>del character.6 

E:\GitHub\SonicChannelTrack\sonic.sega.jp\SonicChannel>del character.7 

E:\GitHub\SonicChannelTrack\sonic.sega.jp\SonicChannel>del character.8 

E:\GitHub\SonicChannelTrack\sonic.sega.jp\SonicChannel>del character.9 

E:\GitHub\SonicChannelTrack\sonic.sega.jp\SonicChannel>del character.10 

E:\GitHub\SonicChannelTrack\sonic.sega.jp\SonicChannel>del fanart.1 

E:\GitHub\SonicChannelTrack\sonic.sega.jp\SonicChannel>del fanart.2 

E:\GitHub\SonicChannelTrack\sonic.sega.jp\SonicChannel>del fanart.3 

E:\GitHub\SonicChannelTrack\sonic.sega.jp\SonicChannel>del fanart.4 

E:\GitHub\SonicChannelTrack\sonic.sega.jp\SonicChannel>del fanart.5 

E:\GitHub\SonicChannelTrack\sonic.sega.jp\SonicChannel>del fanart.6 

E:\GitHub\SonicChannelTrack\sonic.sega.jp\SonicChannel>del fanart.7 

E:\GitHub\SonicChannelTrack\sonic.sega.jp\SonicChannel>del fanart.8 

E:\GitHub\SonicChannelTrack\sonic.sega.jp\SonicChannel>del fanart.9 

E:\GitHub\SonicChannelTrack\sonic.sega.jp\SonicChannel>del fanart.10 

E:\GitHub\SonicChannelTrack\sonic.sega.jp\SonicChannel>del special.1 

E:\GitHub\SonicChannelTrack\sonic.sega.jp\SonicChannel>del special.2 

E:\GitHub\SonicChannelTrack\sonic.sega.jp\SonicChannel>del special.3 

E:\GitHub\SonicChannelTrack\sonic.sega.jp\SonicChannel>del special.4 

E:\GitHub\SonicChannelTrack\sonic.sega.jp\SonicChannel>del special.5 

E:\GitHub\SonicChannelTrack\sonic.sega.jp\SonicChannel>del special.6 

E:\GitHub\SonicChannelTrack\sonic.sega.jp\SonicChannel>del special.7 

E:\GitHub\SonicChannelTrack\sonic.sega.jp\SonicChannel>del special.8 

E:\GitHub\SonicChannelTrack\sonic.sega.jp\SonicChannel>del special.9 

E:\GitHub\SonicChannelTrack\sonic.sega.jp\SonicChannel>del special.10 

E:\GitHub\SonicChannelTrack\sonic.sega.jp\SonicChannel>del topics.1 

E:\GitHub\SonicChannelTrack\sonic.sega.jp\SonicChannel>del topics.2 

E:\GitHub\SonicChannelTrack\sonic.sega.jp\SonicChannel>del topics.3 

E:\GitHub\SonicChannelTrack\sonic.sega.jp\SonicChannel>del topics.4 

E:\GitHub\SonicChannelTrack\sonic.sega.jp\SonicChannel>del topics.5 

E:\GitHub\SonicChannelTrack\sonic.sega.jp\SonicChannel>del topics.6 

E:\GitHub\SonicChannelTrack\sonic.sega.jp\SonicChannel>del topics.7 

E:\GitHub\SonicChannelTrack\sonic.sega.jp\SonicChannel>del topics.8 

E:\GitHub\SonicChannelTrack\sonic.sega.jp\SonicChannel>del topics.9 

E:\GitHub\SonicChannelTrack\sonic.sega.jp\SonicChannel>del topics.10 

E:\GitHub\SonicChannelTrack\sonic.sega.jp\SonicChannel>cd special 

E:\GitHub\SonicChannelTrack\sonic.sega.jp\SonicChannel\special>del coverstory.1 

E:\GitHub\SonicChannelTrack\sonic.sega.jp\SonicChannel\special>del coverstory.2 

E:\GitHub\SonicChannelTrack\sonic.sega.jp\SonicChannel\special>del coverstory.3 

E:\GitHub\SonicChannelTrack\sonic.sega.jp\SonicChannel\special>del coverstory.4 

E:\GitHub\SonicChannelTrack\sonic.sega.jp\SonicChannel\special>del coverstory.5 

E:\GitHub\SonicChannelTrack\sonic.sega.jp\SonicChannel\special>del coverstory.6 

E:\GitHub\SonicChannelTrack\sonic.sega.jp\SonicChannel\special>del coverstory.7 

E:\GitHub\SonicChannelTrack\sonic.sega.jp\SonicChannel\special>del coverstory.8 

E:\GitHub\SonicChannelTrack\sonic.sega.jp\SonicChannel\special>del coverstory.9 

E:\GitHub\SonicChannelTrack\sonic.sega.jp\SonicChannel\special>del coverstory.10 

E:\GitHub\SonicChannelTrack\sonic.sega.jp\SonicChannel\special>del ohgiri.1 

E:\GitHub\SonicChannelTrack\sonic.sega.jp\SonicChannel\special>del ohgiri.2 

E:\GitHub\SonicChannelTrack\sonic.sega.jp\SonicChannel\special>del ohgiri.3 

E:\GitHub\SonicChannelTrack\sonic.sega.jp\SonicChannel\special>del ohgiri.4 

E:\GitHub\SonicChannelTrack\sonic.sega.jp\SonicChannel\special>del ohgiri.5 

E:\GitHub\SonicChannelTrack\sonic.sega.jp\SonicChannel\special>del ohgiri.6 

E:\GitHub\SonicChannelTrack\sonic.sega.jp\SonicChannel\special>del ohgiri.7 

E:\GitHub\SonicChannelTrack\sonic.sega.jp\SonicChannel\special>del ohgiri.8 

E:\GitHub\SonicChannelTrack\sonic.sega.jp\SonicChannel\special>del ohgiri.9 

E:\GitHub\SonicChannelTrack\sonic.sega.jp\SonicChannel\special>del ohgiri.10 

E:\GitHub\SonicChannelTrack\sonic.sega.jp\SonicChannel\special>del sanpo.1 

E:\GitHub\SonicChannelTrack\sonic.sega.jp\SonicChannel\special>del sanpo.2 

E:\GitHub\SonicChannelTrack\sonic.sega.jp\SonicChannel\special>del sanpo.3 

E:\GitHub\SonicChannelTrack\sonic.sega.jp\SonicChannel\special>del sanpo.4 

E:\GitHub\SonicChannelTrack\sonic.sega.jp\SonicChannel\special>del sanpo.5 

E:\GitHub\SonicChannelTrack\sonic.sega.jp\SonicChannel\special>del sanpo.6 

E:\GitHub\SonicChannelTrack\sonic.sega.jp\SonicChannel\special>del sanpo.7 

E:\GitHub\SonicChannelTrack\sonic.sega.jp\SonicChannel\special>del sanpo.8 

E:\GitHub\SonicChannelTrack\sonic.sega.jp\SonicChannel\special>del sanpo.9 

E:\GitHub\SonicChannelTrack\sonic.sega.jp\SonicChannel\special>del sanpo.10 

E:\GitHub\SonicChannelTrack\sonic.sega.jp\SonicChannel\special>del sonic2020.1 

E:\GitHub\SonicChannelTrack\sonic.sega.jp\SonicChannel\special>del sonic2020.2 

E:\GitHub\SonicChannelTrack\sonic.sega.jp\SonicChannel\special>del sonic2020.3 

E:\GitHub\SonicChannelTrack\sonic.sega.jp\SonicChannel\special>del sonic2020.4 

E:\GitHub\SonicChannelTrack\sonic.sega.jp\SonicChannel\special>del sonic2020.5 

E:\GitHub\SonicChannelTrack\sonic.sega.jp\SonicChannel\special>del sonic2020.6 

E:\GitHub\SonicChannelTrack\sonic.sega.jp\SonicChannel\special>del sonic2020.7 

E:\GitHub\SonicChannelTrack\sonic.sega.jp\SonicChannel\special>del sonic2020.8 

E:\GitHub\SonicChannelTrack\sonic.sega.jp\SonicChannel\special>del sonic2020.9 

E:\GitHub\SonicChannelTrack\sonic.sega.jp\SonicChannel\special>del sonic2020.10 

E:\GitHub\SonicChannelTrack\sonic.sega.jp\SonicChannel\special>del sonicforces.1 

E:\GitHub\SonicChannelTrack\sonic.sega.jp\SonicChannel\special>del sonicforces.2 

E:\GitHub\SonicChannelTrack\sonic.sega.jp\SonicChannel\special>del sonicforces.3 

E:\GitHub\SonicChannelTrack\sonic.sega.jp\SonicChannel\special>del sonicforces.4 

E:\GitHub\SonicChannelTrack\sonic.sega.jp\SonicChannel\special>del sonicforces.5 

E:\GitHub\SonicChannelTrack\sonic.sega.jp\SonicChannel\special>del sonicforces.6 

E:\GitHub\SonicChannelTrack\sonic.sega.jp\SonicChannel\special>del sonicforces.7 

E:\GitHub\SonicChannelTrack\sonic.sega.jp\SonicChannel\special>del sonicforces.8 

E:\GitHub\SonicChannelTrack\sonic.sega.jp\SonicChannel\special>del sonicforces.9 

E:\GitHub\SonicChannelTrack\sonic.sega.jp\SonicChannel\special>del sonicforces.10 

E:\GitHub\SonicChannelTrack\sonic.sega.jp\SonicChannel\special>del sonicmania.1 

E:\GitHub\SonicChannelTrack\sonic.sega.jp\SonicChannel\special>del sonicmania.2 

E:\GitHub\SonicChannelTrack\sonic.sega.jp\SonicChannel\special>del sonicmania.3 

E:\GitHub\SonicChannelTrack\sonic.sega.jp\SonicChannel\special>del sonicmania.4 

E:\GitHub\SonicChannelTrack\sonic.sega.jp\SonicChannel\special>del sonicmania.5 

E:\GitHub\SonicChannelTrack\sonic.sega.jp\SonicChannel\special>del sonicmania.6 

E:\GitHub\SonicChannelTrack\sonic.sega.jp\SonicChannel\special>del sonicmania.7 

E:\GitHub\SonicChannelTrack\sonic.sega.jp\SonicChannel\special>del sonicmania.8 

E:\GitHub\SonicChannelTrack\sonic.sega.jp\SonicChannel\special>del sonicmania.9 

E:\GitHub\SonicChannelTrack\sonic.sega.jp\SonicChannel\special>del sonicmania.10 

E:\GitHub\SonicChannelTrack\sonic.sega.jp\SonicChannel\special>del sonicstationlive.1 

E:\GitHub\SonicChannelTrack\sonic.sega.jp\SonicChannel\special>del sonicstationlive.2 

E:\GitHub\SonicChannelTrack\sonic.sega.jp\SonicChannel\special>del sonicstationlive.3 

E:\GitHub\SonicChannelTrack\sonic.sega.jp\SonicChannel\special>del sonicstationlive.4 

E:\GitHub\SonicChannelTrack\sonic.sega.jp\SonicChannel\special>del sonicstationlive.5 

E:\GitHub\SonicChannelTrack\sonic.sega.jp\SonicChannel\special>del sonicstationlive.6 

E:\GitHub\SonicChannelTrack\sonic.sega.jp\SonicChannel\special>del sonicstationlive.7 

E:\GitHub\SonicChannelTrack\sonic.sega.jp\SonicChannel\special>del sonicstationlive.8 

E:\GitHub\SonicChannelTrack\sonic.sega.jp\SonicChannel\special>del sonicstationlive.9 

E:\GitHub\SonicChannelTrack\sonic.sega.jp\SonicChannel\special>del sonicstationlive.10 

E:\GitHub\SonicChannelTrack\sonic.sega.jp\SonicChannel\special>cd comic 

E:\GitHub\SonicChannelTrack\sonic.sega.jp\SonicChannel\special\comic>del 25th.1 

E:\GitHub\SonicChannelTrack\sonic.sega.jp\SonicChannel\special\comic>del 25th.2 

E:\GitHub\SonicChannelTrack\sonic.sega.jp\SonicChannel\special\comic>del 25th.3 

E:\GitHub\SonicChannelTrack\sonic.sega.jp\SonicChannel\special\comic>del 25th.4 

E:\GitHub\SonicChannelTrack\sonic.sega.jp\SonicChannel\special\comic>del 25th.5 

E:\GitHub\SonicChannelTrack\sonic.sega.jp\SonicChannel\special\comic>del 25th.6 

E:\GitHub\SonicChannelTrack\sonic.sega.jp\SonicChannel\special\comic>del 25th.7 

E:\GitHub\SonicChannelTrack\sonic.sega.jp\SonicChannel\special\comic>del 25th.8 

E:\GitHub\SonicChannelTrack\sonic.sega.jp\SonicChannel\special\comic>del 25th.9 

E:\GitHub\SonicChannelTrack\sonic.sega.jp\SonicChannel\special\comic>del 25th.10 

E:\GitHub\SonicChannelTrack\sonic.sega.jp\SonicChannel\special\comic>cd .. 

E:\GitHub\SonicChannelTrack\sonic.sega.jp\SonicChannel\special>cd soniccolors 

E:\GitHub\SonicChannelTrack\sonic.sega.jp\SonicChannel\special\soniccolors>del comics.1 

E:\GitHub\SonicChannelTrack\sonic.sega.jp\SonicChannel\special\soniccolors>del comics.2 

E:\GitHub\SonicChannelTrack\sonic.sega.jp\SonicChannel\special\soniccolors>del comics.3 

E:\GitHub\SonicChannelTrack\sonic.sega.jp\SonicChannel\special\soniccolors>del comics.4 

E:\GitHub\SonicChannelTrack\sonic.sega.jp\SonicChannel\special\soniccolors>del comics.5 

E:\GitHub\SonicChannelTrack\sonic.sega.jp\SonicChannel\special\soniccolors>del comics.6 

E:\GitHub\SonicChannelTrack\sonic.sega.jp\SonicChannel\special\soniccolors>del comics.7 

E:\GitHub\SonicChannelTrack\sonic.sega.jp\SonicChannel\special\soniccolors>del comics.8 

E:\GitHub\SonicChannelTrack\sonic.sega.jp\SonicChannel\special\soniccolors>del comics.9 

E:\GitHub\SonicChannelTrack\sonic.sega.jp\SonicChannel\special\soniccolors>del comics.10 

E:\GitHub\SonicChannelTrack\sonic.sega.jp\SonicChannel\special\soniccolors>cd .. 

E:\GitHub\SonicChannelTrack\sonic.sega.jp\SonicChannel\special>cd sonicforces 

E:\GitHub\SonicChannelTrack\sonic.sega.jp\SonicChannel\special\sonicforces>del column.1 

E:\GitHub\SonicChannelTrack\sonic.sega.jp\SonicChannel\special\sonicforces>del column.2 

E:\GitHub\SonicChannelTrack\sonic.sega.jp\SonicChannel\special\sonicforces>del column.3 

E:\GitHub\SonicChannelTrack\sonic.sega.jp\SonicChannel\special\sonicforces>del column.4 

E:\GitHub\SonicChannelTrack\sonic.sega.jp\SonicChannel\special\sonicforces>del column.5 

E:\GitHub\SonicChannelTrack\sonic.sega.jp\SonicChannel\special\sonicforces>del column.6 

E:\GitHub\SonicChannelTrack\sonic.sega.jp\SonicChannel\special\sonicforces>del column.7 

E:\GitHub\SonicChannelTrack\sonic.sega.jp\SonicChannel\special\sonicforces>del column.8 

E:\GitHub\SonicChannelTrack\sonic.sega.jp\SonicChannel\special\sonicforces>del column.9 

E:\GitHub\SonicChannelTrack\sonic.sega.jp\SonicChannel\special\sonicforces>del column.10 

E:\GitHub\SonicChannelTrack\sonic.sega.jp\SonicChannel\special\sonicforces>del comics.1 

E:\GitHub\SonicChannelTrack\sonic.sega.jp\SonicChannel\special\sonicforces>del comics.2 

E:\GitHub\SonicChannelTrack\sonic.sega.jp\SonicChannel\special\sonicforces>del comics.3 

E:\GitHub\SonicChannelTrack\sonic.sega.jp\SonicChannel\special\sonicforces>del comics.4 

E:\GitHub\SonicChannelTrack\sonic.sega.jp\SonicChannel\special\sonicforces>del comics.5 

E:\GitHub\SonicChannelTrack\sonic.sega.jp\SonicChannel\special\sonicforces>del comics.6 

E:\GitHub\SonicChannelTrack\sonic.sega.jp\SonicChannel\special\sonicforces>del comics.7 

E:\GitHub\SonicChannelTrack\sonic.sega.jp\SonicChannel\special\sonicforces>del comics.8 

E:\GitHub\SonicChannelTrack\sonic.sega.jp\SonicChannel\special\sonicforces>del comics.9 

E:\GitHub\SonicChannelTrack\sonic.sega.jp\SonicChannel\special\sonicforces>del comics.10 

E:\GitHub\SonicChannelTrack\sonic.sega.jp\SonicChannel\special\sonicforces>cd .. 

E:\GitHub\SonicChannelTrack\sonic.sega.jp\SonicChannel\special>cd soundcolumn 

E:\GitHub\SonicChannelTrack\sonic.sega.jp\SonicChannel\special\soundcolumn>del ohtani.1 

E:\GitHub\SonicChannelTrack\sonic.sega.jp\SonicChannel\special\soundcolumn>del ohtani.2 

E:\GitHub\SonicChannelTrack\sonic.sega.jp\SonicChannel\special\soundcolumn>del ohtani.3 

E:\GitHub\SonicChannelTrack\sonic.sega.jp\SonicChannel\special\soundcolumn>del ohtani.4 

E:\GitHub\SonicChannelTrack\sonic.sega.jp\SonicChannel\special\soundcolumn>del ohtani.5 

E:\GitHub\SonicChannelTrack\sonic.sega.jp\SonicChannel\special\soundcolumn>del ohtani.6 

E:\GitHub\SonicChannelTrack\sonic.sega.jp\SonicChannel\special\soundcolumn>del ohtani.7 

E:\GitHub\SonicChannelTrack\sonic.sega.jp\SonicChannel\special\soundcolumn>del ohtani.8 

E:\GitHub\SonicChannelTrack\sonic.sega.jp\SonicChannel\special\soundcolumn>del ohtani.9 

E:\GitHub\SonicChannelTrack\sonic.sega.jp\SonicChannel\special\soundcolumn>del ohtani.10 

E:\GitHub\SonicChannelTrack\sonic.sega.jp\SonicChannel\special\soundcolumn>del senoue.1 

E:\GitHub\SonicChannelTrack\sonic.sega.jp\SonicChannel\special\soundcolumn>del senoue.2 

E:\GitHub\SonicChannelTrack\sonic.sega.jp\SonicChannel\special\soundcolumn>del senoue.3 

E:\GitHub\SonicChannelTrack\sonic.sega.jp\SonicChannel\special\soundcolumn>del senoue.4 

E:\GitHub\SonicChannelTrack\sonic.sega.jp\SonicChannel\special\soundcolumn>del senoue.5 

E:\GitHub\SonicChannelTrack\sonic.sega.jp\SonicChannel\special\soundcolumn>del senoue.6 

E:\GitHub\SonicChannelTrack\sonic.sega.jp\SonicChannel\special\soundcolumn>del senoue.7 

E:\GitHub\SonicChannelTrack\sonic.sega.jp\SonicChannel\special\soundcolumn>del senoue.8 

E:\GitHub\SonicChannelTrack\sonic.sega.jp\SonicChannel\special\soundcolumn>del senoue.9 

E:\GitHub\SonicChannelTrack\sonic.sega.jp\SonicChannel\special\soundcolumn>del senoue.10 

E:\GitHub\SonicChannelTrack\sonic.sega.jp\SonicChannel\special\soundcolumn>cd .. 

E:\GitHub\SonicChannelTrack\sonic.sega.jp\SonicChannel\special>cd .. 

E:\GitHub\SonicChannelTrack\sonic.sega.jp\SonicChannel>cd special 

E:\GitHub\SonicChannelTrack\sonic.sega.jp\SonicChannel\special>del sonicnews.1 

E:\GitHub\SonicChannelTrack\sonic.sega.jp\SonicChannel\special>del sonicnews.2 

E:\GitHub\SonicChannelTrack\sonic.sega.jp\SonicChannel\special>del sonicnews.3 

E:\GitHub\SonicChannelTrack\sonic.sega.jp\SonicChannel\special>cd sns 

E:\GitHub\SonicChannelTrack\sonic.sega.jp\SonicChannel\special\sns>del akachochin.1 

E:\GitHub\SonicChannelTrack\sonic.sega.jp\SonicChannel\special\sns>del akachochin.2 

E:\GitHub\SonicChannelTrack\sonic.sega.jp\SonicChannel\special\sns>del akachochin.3 

E:\GitHub\SonicChannelTrack\sonic.sega.jp\SonicChannel\special\sns>del onsokugamers.1 

E:\GitHub\SonicChannelTrack\sonic.sega.jp\SonicChannel\special\sns>del onsokugamers.2 

E:\GitHub\SonicChannelTrack\sonic.sega.jp\SonicChannel\special\sns>del onsokugamers.3 

E:\GitHub\SonicChannelTrack\sonic.sega.jp\SonicChannel\special\sns>del sanpo.1 

E:\GitHub\SonicChannelTrack\sonic.sega.jp\SonicChannel\special\sns>del sanpo.2 

E:\GitHub\SonicChannelTrack\sonic.sega.jp\SonicChannel\special\sns>del sanpo.3 

E:\GitHub\SonicChannelTrack\sonic.sega.jp\SonicChannel\special\sns>del sonicnews.1 

E:\GitHub\SonicChannelTrack\sonic.sega.jp\SonicChannel\special\sns>del sonicnews.2 

E:\GitHub\SonicChannelTrack\sonic.sega.jp\SonicChannel\special\sns>del sonicnews.3 

E:\GitHub\SonicChannelTrack\sonic.sega.jp\SonicChannel\special\sns>del sonicstationlive.1 

E:\GitHub\SonicChannelTrack\sonic.sega.jp\SonicChannel\special\sns>del sonicstationlive.2 

E:\GitHub\SonicChannelTrack\sonic.sega.jp\SonicChannel\special\sns>del sonicstationlive.3 

E:\GitHub\SonicChannelTrack\sonic.sega.jp\SonicChannel\special\sns>del sonicstationlive.4 

E:\GitHub\SonicChannelTrack\sonic.sega.jp\SonicChannel\special\sns>cd .. 

E:\GitHub\SonicChannelTrack\sonic.sega.jp\SonicChannel\special>cd .. 

E:\GitHub\SonicChannelTrack\sonic.sega.jp\SonicChannel>cd topics 

E:\GitHub\SonicChannelTrack\sonic.sega.jp\SonicChannel\topics>del collaboration.1 

E:\GitHub\SonicChannelTrack\sonic.sega.jp\SonicChannel\topics>del collaboration.2 

E:\GitHub\SonicChannelTrack\sonic.sega.jp\SonicChannel\topics>del collaboration.3 

E:\GitHub\SonicChannelTrack\sonic.sega.jp\SonicChannel\topics>del collaboration.4 

E:\GitHub\SonicChannelTrack\sonic.sega.jp\SonicChannel\topics>del collaboration.5 

E:\GitHub\SonicChannelTrack\sonic.sega.jp\SonicChannel\topics>del collaboration.6 

E:\GitHub\SonicChannelTrack\sonic.sega.jp\SonicChannel\topics>del collaboration.7 

E:\GitHub\SonicChannelTrack\sonic.sega.jp\SonicChannel\topics>del collaboration.8 

E:\GitHub\SonicChannelTrack\sonic.sega.jp\SonicChannel\topics>del collaboration.9 

E:\GitHub\SonicChannelTrack\sonic.sega.jp\SonicChannel\topics>del collaboration.10 

E:\GitHub\SonicChannelTrack\sonic.sega.jp\SonicChannel\topics>del event.1 

E:\GitHub\SonicChannelTrack\sonic.sega.jp\SonicChannel\topics>del event.2 

E:\GitHub\SonicChannelTrack\sonic.sega.jp\SonicChannel\topics>del event.3 

E:\GitHub\SonicChannelTrack\sonic.sega.jp\SonicChannel\topics>del event.4 

E:\GitHub\SonicChannelTrack\sonic.sega.jp\SonicChannel\topics>del event.5 

E:\GitHub\SonicChannelTrack\sonic.sega.jp\SonicChannel\topics>del event.6 

E:\GitHub\SonicChannelTrack\sonic.sega.jp\SonicChannel\topics>del event.7 

E:\GitHub\SonicChannelTrack\sonic.sega.jp\SonicChannel\topics>del event.8 

E:\GitHub\SonicChannelTrack\sonic.sega.jp\SonicChannel\topics>del event.9 

E:\GitHub\SonicChannelTrack\sonic.sega.jp\SonicChannel\topics>del event.10 

E:\GitHub\SonicChannelTrack\sonic.sega.jp\SonicChannel\topics>del goods.1 

E:\GitHub\SonicChannelTrack\sonic.sega.jp\SonicChannel\topics>del goods.2 

E:\GitHub\SonicChannelTrack\sonic.sega.jp\SonicChannel\topics>del goods.3 

E:\GitHub\SonicChannelTrack\sonic.sega.jp\SonicChannel\topics>del goods.4 

E:\GitHub\SonicChannelTrack\sonic.sega.jp\SonicChannel\topics>del goods.5 

E:\GitHub\SonicChannelTrack\sonic.sega.jp\SonicChannel\topics>del goods.6 

E:\GitHub\SonicChannelTrack\sonic.sega.jp\SonicChannel\topics>del goods.7 

E:\GitHub\SonicChannelTrack\sonic.sega.jp\SonicChannel\topics>del goods.8 

E:\GitHub\SonicChannelTrack\sonic.sega.jp\SonicChannel\topics>del goods.9 

E:\GitHub\SonicChannelTrack\sonic.sega.jp\SonicChannel\topics>del goods.10 

E:\GitHub\SonicChannelTrack\sonic.sega.jp\SonicChannel\topics>del information.1 

E:\GitHub\SonicChannelTrack\sonic.sega.jp\SonicChannel\topics>del information.2 

E:\GitHub\SonicChannelTrack\sonic.sega.jp\SonicChannel\topics>del information.3 

E:\GitHub\SonicChannelTrack\sonic.sega.jp\SonicChannel\topics>del information.4 

E:\GitHub\SonicChannelTrack\sonic.sega.jp\SonicChannel\topics>del information.5 

E:\GitHub\SonicChannelTrack\sonic.sega.jp\SonicChannel\topics>del information.6 

E:\GitHub\SonicChannelTrack\sonic.sega.jp\SonicChannel\topics>del information.7 

E:\GitHub\SonicChannelTrack\sonic.sega.jp\SonicChannel\topics>del information.8 

E:\GitHub\SonicChannelTrack\sonic.sega.jp\SonicChannel\topics>del information.9 

E:\GitHub\SonicChannelTrack\sonic.sega.jp\SonicChannel\topics>del information.10 

E:\GitHub\SonicChannelTrack\sonic.sega.jp\SonicChannel\topics>del sound.1 

E:\GitHub\SonicChannelTrack\sonic.sega.jp\SonicChannel\topics>del sound.2 

E:\GitHub\SonicChannelTrack\sonic.sega.jp\SonicChannel\topics>del sound.3 

E:\GitHub\SonicChannelTrack\sonic.sega.jp\SonicChannel\topics>del sound.4 

E:\GitHub\SonicChannelTrack\sonic.sega.jp\SonicChannel\topics>del sound.5 

E:\GitHub\SonicChannelTrack\sonic.sega.jp\SonicChannel\topics>del sound.6 

E:\GitHub\SonicChannelTrack\sonic.sega.jp\SonicChannel\topics>del sound.7 

E:\GitHub\SonicChannelTrack\sonic.sega.jp\SonicChannel\topics>del sound.8 

E:\GitHub\SonicChannelTrack\sonic.sega.jp\SonicChannel\topics>del sound.9 

E:\GitHub\SonicChannelTrack\sonic.sega.jp\SonicChannel\topics>del sound.10 

E:\GitHub\SonicChannelTrack\sonic.sega.jp\SonicChannel\topics>cd goods 

E:\GitHub\SonicChannelTrack\sonic.sega.jp\SonicChannel\topics\goods>del 20190607_001917.1 

E:\GitHub\SonicChannelTrack\sonic.sega.jp\SonicChannel\topics\goods>cd .. 

E:\GitHub\SonicChannelTrack\sonic.sega.jp\SonicChannel\topics>cd ..  

E:\GitHub\SonicChannelTrack\sonic.sega.jp\SonicChannel>cd ..  

E:\GitHub\SonicChannelTrack\sonic.sega.jp>cd ..  

E:\GitHub\SonicChannelTrack>cd www.olympicvideogames.com 

E:\GitHub\SonicChannelTrack\www.olympicvideogames.com>cd sonic 

E:\GitHub\SonicChannelTrack\www.olympicvideogames.com\sonic>del br.1 

E:\GitHub\SonicChannelTrack\www.olympicvideogames.com\sonic>del cn.1 

E:\GitHub\SonicChannelTrack\www.olympicvideogames.com\sonic>del de.1 

E:\GitHub\SonicChannelTrack\www.olympicvideogames.com\sonic>del en.1 

E:\GitHub\SonicChannelTrack\www.olympicvideogames.com\sonic>del es.1 

E:\GitHub\SonicChannelTrack\www.olympicvideogames.com\sonic>del fr.1 

E:\GitHub\SonicChannelTrack\www.olympicvideogames.com\sonic>del it.1 

E:\GitHub\SonicChannelTrack\www.olympicvideogames.com\sonic>del jp.1 

E:\GitHub\SonicChannelTrack\www.olympicvideogames.com\sonic>del kr.1 

E:\GitHub\SonicChannelTrack\www.olympicvideogames.com\sonic>del nl.1 

E:\GitHub\SonicChannelTrack\www.olympicvideogames.com\sonic>del ru.1 

E:\GitHub\SonicChannelTrack\www.olympicvideogames.com\sonic>del zh.1 

E:\GitHub\SonicChannelTrack\www.olympicvideogames.com\sonic>cd .. 

E:\GitHub\SonicChannelTrack\www.olympicvideogames.com>cd .. 

E:\GitHub\SonicChannelTrack>cd sonic-movie.jp 

E:\GitHub\SonicChannelTrack\sonic-movie.jp>del news.1 

E:\GitHub\SonicChannelTrack\sonic-movie.jp>cd .. 

E:\GitHub\SonicChannelTrack>del .wget-hsts 

E:\GitHub\SonicChannelTrack>git add *.* 

E:\GitHub\SonicChannelTrack>git commit -m "files from 2022-04-17,  8:59:13" 
[main a658dd1ff] files from 2022-04-17,  8:59:13
 71 files changed, 23278 insertions(+), 15 deletions(-)
 create mode 100644 log/KrazeeTobi-2022-04-17_054716.log
 create mode 100644 sonic-movie.jp/sonic-movie/index.html@doing_wp_cron=1650181735.4742720127105712890625&paged=2
 create mode 100644 sonic-movie.jp/sonic-movie/index.html@doing_wp_cron=1650181735.4742720127105712890625&paged=3
 create mode 100644 sonic-movie.jp/sonic-movie/index.html@doing_wp_cron=1650181735.4742720127105712890625&paged=4
 create mode 100644 sonic-movie.jp/sonic-movie/index.html@doing_wp_cron=1650181735.4742720127105712890625&paged=5
 create mode 100644 sonic-movie.jp/sonic-movie/index.html@doing_wp_cron=1650181735.4742720127105712890625&paged=6
 create mode 100644 sonic-movie.jp/sonic-movie/index.html@doing_wp_cron=1650181735.4742720127105712890625&paged=9
 create mode 100644 sonic-movie.jp/sonic-movie/page/2/index.html@doing_wp_cron=1650181735.4742720127105712890625&paged=1
 create mode 100644 sonic-movie.jp/sonic-movie/page/2/index.html@doing_wp_cron=1650181735.4742720127105712890625&paged=3
 create mode 100644 sonic-movie.jp/sonic-movie/page/2/index.html@doing_wp_cron=1650181735.4742720127105712890625&paged=4
 create mode 100644 sonic-movie.jp/sonic-movie/page/2/index.html@doing_wp_cron=1650181735.4742720127105712890625&paged=5
 create mode 100644 sonic-movie.jp/sonic-movie/page/2/index.html@doing_wp_cron=1650181735.4742720127105712890625&paged=6
 create mode 100644 sonic-movie.jp/sonic-movie/page/2/index.html@doing_wp_cron=1650181735.4742720127105712890625&paged=7
 create mode 100644 sonic-movie.jp/sonic-movie/page/2/index.html@doing_wp_cron=1650181735.4742720127105712890625&paged=9
 create mode 100644 sonic-movie.jp/sonic-movie/page/3/index.html@doing_wp_cron=1650181735.4742720127105712890625&paged=1
 create mode 100644 sonic-movie.jp/sonic-movie/page/3/index.html@doing_wp_cron=1650181735.4742720127105712890625&paged=2
 create mode 100644 sonic-movie.jp/sonic-movie/page/3/index.html@doing_wp_cron=1650181735.4742720127105712890625&paged=4
 create mode 100644 sonic-movie.jp/sonic-movie/page/3/index.html@doing_wp_cron=1650181735.4742720127105712890625&paged=5
 create mode 100644 sonic-movie.jp/sonic-movie/page/3/index.html@doing_wp_cron=1650181735.4742720127105712890625&paged=6
 create mode 100644 sonic-movie.jp/sonic-movie/page/3/index.html@doing_wp_cron=1650181735.4742720127105712890625&paged=7
 create mode 100644 sonic-movie.jp/sonic-movie/page/3/index.html@doing_wp_cron=1650181735.4742720127105712890625&paged=8
 create mode 100644 sonic-movie.jp/sonic-movie/page/3/index.html@doing_wp_cron=1650181735.4742720127105712890625&paged=9
 create mode 100644 sonic-movie.jp/sonic-movie/page/4/index.html@doing_wp_cron=1650181735.4742720127105712890625&paged=1
 create mode 100644 sonic-movie.jp/sonic-movie/page/4/index.html@doing_wp_cron=1650181735.4742720127105712890625&paged=2
 create mode 100644 sonic-movie.jp/sonic-movie/page/4/index.html@doing_wp_cron=1650181735.4742720127105712890625&paged=3
 create mode 100644 sonic-movie.jp/sonic-movie/page/4/index.html@doing_wp_cron=1650181735.4742720127105712890625&paged=5
 create mode 100644 sonic-movie.jp/sonic-movie/page/4/index.html@doing_wp_cron=1650181735.4742720127105712890625&paged=6
 create mode 100644 sonic-movie.jp/sonic-movie/page/4/index.html@doing_wp_cron=1650181735.4742720127105712890625&paged=7
 create mode 100644 sonic-movie.jp/sonic-movie/page/4/index.html@doing_wp_cron=1650181735.4742720127105712890625&paged=8
 create mode 100644 sonic-movie.jp/sonic-movie/page/4/index.html@doing_wp_cron=1650181735.4742720127105712890625&paged=9
 create mode 100644 sonic-movie.jp/sonic-movie/page/5/index.html@doing_wp_cron=1650181735.4742720127105712890625&paged=1
 create mode 100644 sonic-movie.jp/sonic-movie/page/5/index.html@doing_wp_cron=1650181735.4742720127105712890625&paged=2
 create mode 100644 sonic-movie.jp/sonic-movie/page/5/index.html@doing_wp_cron=1650181735.4742720127105712890625&paged=3
 create mode 100644 sonic-movie.jp/sonic-movie/page/5/index.html@doing_wp_cron=1650181735.4742720127105712890625&paged=4
 create mode 100644 sonic-movie.jp/sonic-movie/page/5/index.html@doing_wp_cron=1650181735.4742720127105712890625&paged=6
 create mode 100644 sonic-movie.jp/sonic-movie/page/5/index.html@doing_wp_cron=1650181735.4742720127105712890625&paged=7
 create mode 100644 sonic-movie.jp/sonic-movie/page/5/index.html@doing_wp_cron=1650181735.4742720127105712890625&paged=8
 create mode 100644 sonic-movie.jp/sonic-movie/page/5/index.html@doing_wp_cron=1650181735.4742720127105712890625&paged=9
 create mode 100644 sonic-movie.jp/sonic-movie/page/6/index.html@doing_wp_cron=1650181735.4742720127105712890625&paged=1
 create mode 100644 sonic-movie.jp/sonic-movie/page/6/index.html@doing_wp_cron=1650181735.4742720127105712890625&paged=2
 create mode 100644 sonic-movie.jp/sonic-movie/page/6/index.html@doing_wp_cron=1650181735.4742720127105712890625&paged=3
 create mode 100644 sonic-movie.jp/sonic-movie/page/6/index.html@doing_wp_cron=1650181735.4742720127105712890625&paged=4
 create mode 100644 sonic-movie.jp/sonic-movie/page/6/index.html@doing_wp_cron=1650181735.4742720127105712890625&paged=5
 create mode 100644 sonic-movie.jp/sonic-movie/page/6/index.html@doing_wp_cron=1650181735.4742720127105712890625&paged=7
 create mode 100644 sonic-movie.jp/sonic-movie/page/6/index.html@doing_wp_cron=1650181735.4742720127105712890625&paged=8
 create mode 100644 sonic-movie.jp/sonic-movie/page/6/index.html@doing_wp_cron=1650181735.4742720127105712890625&paged=9
 create mode 100644 sonic-movie.jp/sonic-movie/page/7/index.html@doing_wp_cron=1650181735.4742720127105712890625&paged=1
 create mode 100644 sonic-movie.jp/sonic-movie/page/7/index.html@doing_wp_cron=1650181735.4742720127105712890625&paged=2
 create mode 100644 sonic-movie.jp/sonic-movie/page/7/index.html@doing_wp_cron=1650181735.4742720127105712890625&paged=3
 create mode 100644 sonic-movie.jp/sonic-movie/page/7/index.html@doing_wp_cron=1650181735.4742720127105712890625&paged=4
 create mode 100644 sonic-movie.jp/sonic-movie/page/7/index.html@doing_wp_cron=1650181735.4742720127105712890625&paged=5
 create mode 100644 sonic-movie.jp/sonic-movie/page/7/index.html@doing_wp_cron=1650181735.4742720127105712890625&paged=6
 create mode 100644 sonic-movie.jp/sonic-movie/page/7/index.html@doing_wp_cron=1650181735.4742720127105712890625&paged=8
 create mode 100644 sonic-movie.jp/sonic-movie/page/7/index.html@doing_wp_cron=1650181735.4742720127105712890625&paged=9
 create mode 100644 sonic-movie.jp/sonic-movie/page/8/index.html@doing_wp_cron=1650181735.4742720127105712890625&paged=1
 create mode 100644 sonic-movie.jp/sonic-movie/page/8/index.html@doing_wp_cron=1650181735.4742720127105712890625&paged=3
 create mode 100644 sonic-movie.jp/sonic-movie/page/8/index.html@doing_wp_cron=1650181735.4742720127105712890625&paged=4
 create mode 100644 sonic-movie.jp/sonic-movie/page/8/index.html@doing_wp_cron=1650181735.4742720127105712890625&paged=5
 create mode 100644 sonic-movie.jp/sonic-movie/page/8/index.html@doing_wp_cron=1650181735.4742720127105712890625&paged=6
 create mode 100644 sonic-movie.jp/sonic-movie/page/8/index.html@doing_wp_cron=1650181735.4742720127105712890625&paged=7
 create mode 100644 sonic-movie.jp/sonic-movie/page/8/index.html@doing_wp_cron=1650181735.4742720127105712890625&paged=9
 create mode 100644 sonic-movie.jp/sonic-movie/page/9/index.html@doing_wp_cron=1650181735.4742720127105712890625&paged=1
 create mode 100644 sonic-movie.jp/sonic-movie/page/9/index.html@doing_wp_cron=1650181735.4742720127105712890625&paged=4
 create mode 100644 sonic-movie.jp/sonic-movie/page/9/index.html@doing_wp_cron=1650181735.4742720127105712890625&paged=5
 create mode 100644 sonic-movie.jp/sonic-movie/page/9/index.html@doing_wp_cron=1650181735.4742720127105712890625&paged=6
 create mode 100644 sonic-movie.jp/sonic-movie/page/9/index.html@doing_wp_cron=1650181735.4742720127105712890625&paged=7
 create mode 100644 sonic-movie.jp/sonic-movie/page/9/index.html@doing_wp_cron=1650181735.4742720127105712890625&paged=8

E:\GitHub\SonicChannelTrack>git push 
