Already up to date.
Deleted file - D:\GitHub\SonicChannelTrack\www.olympicvideogames.com\sonic\br.1
Deleted file - D:\GitHub\SonicChannelTrack\www.olympicvideogames.com\sonic\cn.1
Deleted file - D:\GitHub\SonicChannelTrack\www.olympicvideogames.com\sonic\de.1
Deleted file - D:\GitHub\SonicChannelTrack\www.olympicvideogames.com\sonic\en.1
Deleted file - D:\GitHub\SonicChannelTrack\www.olympicvideogames.com\sonic\es.1
Deleted file - D:\GitHub\SonicChannelTrack\www.olympicvideogames.com\sonic\fr.1
Deleted file - D:\GitHub\SonicChannelTrack\www.olympicvideogames.com\sonic\it.1
Deleted file - D:\GitHub\SonicChannelTrack\www.olympicvideogames.com\sonic\jp.1
Deleted file - D:\GitHub\SonicChannelTrack\www.olympicvideogames.com\sonic\kr.1
Deleted file - D:\GitHub\SonicChannelTrack\www.olympicvideogames.com\sonic\nl.1
Deleted file - D:\GitHub\SonicChannelTrack\www.olympicvideogames.com\sonic\ru.1
Deleted file - D:\GitHub\SonicChannelTrack\www.olympicvideogames.com\sonic\zh.1
Deleted file - D:\GitHub\SonicChannelTrack\sonic-movie.jp\news.1
Deleted file - D:\GitHub\SonicChannelTrack\sonic-movie.jp\news\wp-includes\js\jquery\jquery-migrate.min.js@ver=3.4.1
Deleted file - D:\GitHub\SonicChannelTrack\sonic-movie.jp\news\wp-includes\js\jquery\jquery.min.js@ver=3.7.1
Deleted file - D:\GitHub\SonicChannelTrack\sonicteam.com\SonicWorldAdventure\director.1
Deleted file - D:\GitHub\SonicChannelTrack\sonicteam.com\SonicWorldAdventure\hamidashi.1
[main 0b36a0f361b] files from 2025-04-14, 13:46:25
 166 files changed, 216 insertions(+), 195 deletions(-)
 create mode 100644 log/KrazeeTobi-2025-04-14_075451.log
