Already up to date.
[main c0b91bc58] files from 2022-08-04, 10:07:44
 239 files changed, 36657 insertions(+), 471 deletions(-)
 create mode 100644 log/KrazeeTobi-2022-08-04_053139.log
 create mode 100644 sonic-movie.jp/news/2022/08/04/sonic_0804/feed/index.html
 create mode 100644 sonic-movie.jp/news/2022/08/04/sonic_0804/index.html
 create mode 100644 sonic-movie.jp/news/2022/08/index.html
 create mode 100644 sonic-movie.jp/news/index.html@p=883
 create mode 100644 sonic-movie.jp/news/wp-json/oembed/1.0/embed@url=https%3A%2F%2Fnews.eigafan.com%2Fsonic-movie%2F2022%2F08%2F04%2Fsonic_0804%2F
 create mode 100644 sonic-movie.jp/news/wp-json/oembed/1.0/embed@url=https%3A%2F%2Fnews.eigafan.com%2Fsonic-movie%2F2022%2F08%2F04%2Fsonic_0804%2F&format=xml
 create mode 100644 sonic-movie.jp/sonic-movie/index.html@doing_wp_cron=1659603180.8863570690155029296875&paged=12
 create mode 100644 sonic-movie.jp/sonic-movie/index.html@doing_wp_cron=1659603180.8863570690155029296875&paged=2
 create mode 100644 sonic-movie.jp/sonic-movie/index.html@doing_wp_cron=1659603180.8863570690155029296875&paged=3
 create mode 100644 sonic-movie.jp/sonic-movie/index.html@doing_wp_cron=1659603180.8863570690155029296875&paged=4
 create mode 100644 sonic-movie.jp/sonic-movie/index.html@doing_wp_cron=1659603180.8863570690155029296875&paged=5
 create mode 100644 sonic-movie.jp/sonic-movie/index.html@doing_wp_cron=1659603180.8863570690155029296875&paged=6
 create mode 100644 sonic-movie.jp/sonic-movie/page/10/index.html@doing_wp_cron=1659603180.8863570690155029296875&paged=1
 create mode 100644 sonic-movie.jp/sonic-movie/page/10/index.html@doing_wp_cron=1659603180.8863570690155029296875&paged=11
 create mode 100644 sonic-movie.jp/sonic-movie/page/10/index.html@doing_wp_cron=1659603180.8863570690155029296875&paged=12
 create mode 100644 sonic-movie.jp/sonic-movie/page/10/index.html@doing_wp_cron=1659603180.8863570690155029296875&paged=5
 create mode 100644 sonic-movie.jp/sonic-movie/page/10/index.html@doing_wp_cron=1659603180.8863570690155029296875&paged=6
 create mode 100644 sonic-movie.jp/sonic-movie/page/10/index.html@doing_wp_cron=1659603180.8863570690155029296875&paged=7
 create mode 100644 sonic-movie.jp/sonic-movie/page/10/index.html@doing_wp_cron=1659603180.8863570690155029296875&paged=8
 create mode 100644 sonic-movie.jp/sonic-movie/page/10/index.html@doing_wp_cron=1659603180.8863570690155029296875&paged=9
 create mode 100644 sonic-movie.jp/sonic-movie/page/11/index.html@doing_wp_cron=1659603180.8863570690155029296875&paged=1
 create mode 100644 sonic-movie.jp/sonic-movie/page/11/index.html@doing_wp_cron=1659603180.8863570690155029296875&paged=10
 create mode 100644 sonic-movie.jp/sonic-movie/page/11/index.html@doing_wp_cron=1659603180.8863570690155029296875&paged=12
 create mode 100644 sonic-movie.jp/sonic-movie/page/11/index.html@doing_wp_cron=1659603180.8863570690155029296875&paged=6
 create mode 100644 sonic-movie.jp/sonic-movie/page/11/index.html@doing_wp_cron=1659603180.8863570690155029296875&paged=7
 create mode 100644 sonic-movie.jp/sonic-movie/page/11/index.html@doing_wp_cron=1659603180.8863570690155029296875&paged=8
 create mode 100644 sonic-movie.jp/sonic-movie/page/11/index.html@doing_wp_cron=1659603180.8863570690155029296875&paged=9
 create mode 100644 sonic-movie.jp/sonic-movie/page/12/index.html@doing_wp_cron=1659603180.8863570690155029296875&paged=1
 create mode 100644 sonic-movie.jp/sonic-movie/page/12/index.html@doing_wp_cron=1659603180.8863570690155029296875&paged=10
 create mode 100644 sonic-movie.jp/sonic-movie/page/12/index.html@doing_wp_cron=1659603180.8863570690155029296875&paged=11
 create mode 100644 sonic-movie.jp/sonic-movie/page/12/index.html@doing_wp_cron=1659603180.8863570690155029296875&paged=7
 create mode 100644 sonic-movie.jp/sonic-movie/page/12/index.html@doing_wp_cron=1659603180.8863570690155029296875&paged=8
 create mode 100644 sonic-movie.jp/sonic-movie/page/12/index.html@doing_wp_cron=1659603180.8863570690155029296875&paged=9
 create mode 100644 sonic-movie.jp/sonic-movie/page/2/index.html@doing_wp_cron=1659603180.8863570690155029296875&paged=1
 create mode 100644 sonic-movie.jp/sonic-movie/page/2/index.html@doing_wp_cron=1659603180.8863570690155029296875&paged=12
 create mode 100644 sonic-movie.jp/sonic-movie/page/2/index.html@doing_wp_cron=1659603180.8863570690155029296875&paged=3
 create mode 100644 sonic-movie.jp/sonic-movie/page/2/index.html@doing_wp_cron=1659603180.8863570690155029296875&paged=4
 create mode 100644 sonic-movie.jp/sonic-movie/page/2/index.html@doing_wp_cron=1659603180.8863570690155029296875&paged=5
 create mode 100644 sonic-movie.jp/sonic-movie/page/2/index.html@doing_wp_cron=1659603180.8863570690155029296875&paged=6
 create mode 100644 sonic-movie.jp/sonic-movie/page/2/index.html@doing_wp_cron=1659603180.8863570690155029296875&paged=7
 create mode 100644 sonic-movie.jp/sonic-movie/page/3/index.html@doing_wp_cron=1659603180.8863570690155029296875&paged=1
 create mode 100644 sonic-movie.jp/sonic-movie/page/3/index.html@doing_wp_cron=1659603180.8863570690155029296875&paged=12
 create mode 100644 sonic-movie.jp/sonic-movie/page/3/index.html@doing_wp_cron=1659603180.8863570690155029296875&paged=2
 create mode 100644 sonic-movie.jp/sonic-movie/page/3/index.html@doing_wp_cron=1659603180.8863570690155029296875&paged=4
 create mode 100644 sonic-movie.jp/sonic-movie/page/3/index.html@doing_wp_cron=1659603180.8863570690155029296875&paged=5
 create mode 100644 sonic-movie.jp/sonic-movie/page/3/index.html@doing_wp_cron=1659603180.8863570690155029296875&paged=6
 create mode 100644 sonic-movie.jp/sonic-movie/page/3/index.html@doing_wp_cron=1659603180.8863570690155029296875&paged=7
 create mode 100644 sonic-movie.jp/sonic-movie/page/3/index.html@doing_wp_cron=1659603180.8863570690155029296875&paged=8
 create mode 100644 sonic-movie.jp/sonic-movie/page/4/index.html@doing_wp_cron=1659603180.8863570690155029296875&paged=1
 create mode 100644 sonic-movie.jp/sonic-movie/page/4/index.html@doing_wp_cron=1659603180.8863570690155029296875&paged=12
 create mode 100644 sonic-movie.jp/sonic-movie/page/4/index.html@doing_wp_cron=1659603180.8863570690155029296875&paged=2
 create mode 100644 sonic-movie.jp/sonic-movie/page/4/index.html@doing_wp_cron=1659603180.8863570690155029296875&paged=3
 create mode 100644 sonic-movie.jp/sonic-movie/page/4/index.html@doing_wp_cron=1659603180.8863570690155029296875&paged=5
 create mode 100644 sonic-movie.jp/sonic-movie/page/4/index.html@doing_wp_cron=1659603180.8863570690155029296875&paged=6
 create mode 100644 sonic-movie.jp/sonic-movie/page/4/index.html@doing_wp_cron=1659603180.8863570690155029296875&paged=7
 create mode 100644 sonic-movie.jp/sonic-movie/page/4/index.html@doing_wp_cron=1659603180.8863570690155029296875&paged=8
 create mode 100644 sonic-movie.jp/sonic-movie/page/4/index.html@doing_wp_cron=1659603180.8863570690155029296875&paged=9
 create mode 100644 sonic-movie.jp/sonic-movie/page/5/index.html@doing_wp_cron=1659603180.8863570690155029296875&paged=1
 create mode 100644 sonic-movie.jp/sonic-movie/page/5/index.html@doing_wp_cron=1659603180.8863570690155029296875&paged=10
 create mode 100644 sonic-movie.jp/sonic-movie/page/5/index.html@doing_wp_cron=1659603180.8863570690155029296875&paged=12
 create mode 100644 sonic-movie.jp/sonic-movie/page/5/index.html@doing_wp_cron=1659603180.8863570690155029296875&paged=2
 create mode 100644 sonic-movie.jp/sonic-movie/page/5/index.html@doing_wp_cron=1659603180.8863570690155029296875&paged=3
 create mode 100644 sonic-movie.jp/sonic-movie/page/5/index.html@doing_wp_cron=1659603180.8863570690155029296875&paged=4
 create mode 100644 sonic-movie.jp/sonic-movie/page/5/index.html@doing_wp_cron=1659603180.8863570690155029296875&paged=6
 create mode 100644 sonic-movie.jp/sonic-movie/page/5/index.html@doing_wp_cron=1659603180.8863570690155029296875&paged=7
 create mode 100644 sonic-movie.jp/sonic-movie/page/5/index.html@doing_wp_cron=1659603180.8863570690155029296875&paged=8
 create mode 100644 sonic-movie.jp/sonic-movie/page/5/index.html@doing_wp_cron=1659603180.8863570690155029296875&paged=9
 create mode 100644 sonic-movie.jp/sonic-movie/page/6/index.html@doing_wp_cron=1659603180.8863570690155029296875&paged=1
 create mode 100644 sonic-movie.jp/sonic-movie/page/6/index.html@doing_wp_cron=1659603180.8863570690155029296875&paged=10
 create mode 100644 sonic-movie.jp/sonic-movie/page/6/index.html@doing_wp_cron=1659603180.8863570690155029296875&paged=11
 create mode 100644 sonic-movie.jp/sonic-movie/page/6/index.html@doing_wp_cron=1659603180.8863570690155029296875&paged=12
 create mode 100644 sonic-movie.jp/sonic-movie/page/6/index.html@doing_wp_cron=1659603180.8863570690155029296875&paged=2
 create mode 100644 sonic-movie.jp/sonic-movie/page/6/index.html@doing_wp_cron=1659603180.8863570690155029296875&paged=3
 create mode 100644 sonic-movie.jp/sonic-movie/page/6/index.html@doing_wp_cron=1659603180.8863570690155029296875&paged=4
 create mode 100644 sonic-movie.jp/sonic-movie/page/6/index.html@doing_wp_cron=1659603180.8863570690155029296875&paged=5
 create mode 100644 sonic-movie.jp/sonic-movie/page/6/index.html@doing_wp_cron=1659603180.8863570690155029296875&paged=7
 create mode 100644 sonic-movie.jp/sonic-movie/page/6/index.html@doing_wp_cron=1659603180.8863570690155029296875&paged=8
 create mode 100644 sonic-movie.jp/sonic-movie/page/6/index.html@doing_wp_cron=1659603180.8863570690155029296875&paged=9
 create mode 100644 sonic-movie.jp/sonic-movie/page/7/index.html@doing_wp_cron=1659603180.8863570690155029296875&paged=1
 create mode 100644 sonic-movie.jp/sonic-movie/page/7/index.html@doing_wp_cron=1659603180.8863570690155029296875&paged=10
 create mode 100644 sonic-movie.jp/sonic-movie/page/7/index.html@doing_wp_cron=1659603180.8863570690155029296875&paged=11
 create mode 100644 sonic-movie.jp/sonic-movie/page/7/index.html@doing_wp_cron=1659603180.8863570690155029296875&paged=12
 create mode 100644 sonic-movie.jp/sonic-movie/page/7/index.html@doing_wp_cron=1659603180.8863570690155029296875&paged=2
 create mode 100644 sonic-movie.jp/sonic-movie/page/7/index.html@doing_wp_cron=1659603180.8863570690155029296875&paged=3
 create mode 100644 sonic-movie.jp/sonic-movie/page/7/index.html@doing_wp_cron=1659603180.8863570690155029296875&paged=4
 create mode 100644 sonic-movie.jp/sonic-movie/page/7/index.html@doing_wp_cron=1659603180.8863570690155029296875&paged=5
 create mode 100644 sonic-movie.jp/sonic-movie/page/7/index.html@doing_wp_cron=1659603180.8863570690155029296875&paged=6
 create mode 100644 sonic-movie.jp/sonic-movie/page/7/index.html@doing_wp_cron=1659603180.8863570690155029296875&paged=8
 create mode 100644 sonic-movie.jp/sonic-movie/page/7/index.html@doing_wp_cron=1659603180.8863570690155029296875&paged=9
 create mode 100644 sonic-movie.jp/sonic-movie/page/8/index.html@doing_wp_cron=1659603180.8863570690155029296875&paged=1
 create mode 100644 sonic-movie.jp/sonic-movie/page/8/index.html@doing_wp_cron=1659603180.8863570690155029296875&paged=10
 create mode 100644 sonic-movie.jp/sonic-movie/page/8/index.html@doing_wp_cron=1659603180.8863570690155029296875&paged=11
 create mode 100644 sonic-movie.jp/sonic-movie/page/8/index.html@doing_wp_cron=1659603180.8863570690155029296875&paged=12
 create mode 100644 sonic-movie.jp/sonic-movie/page/8/index.html@doing_wp_cron=1659603180.8863570690155029296875&paged=3
 create mode 100644 sonic-movie.jp/sonic-movie/page/8/index.html@doing_wp_cron=1659603180.8863570690155029296875&paged=4
 create mode 100644 sonic-movie.jp/sonic-movie/page/8/index.html@doing_wp_cron=1659603180.8863570690155029296875&paged=5
 create mode 100644 sonic-movie.jp/sonic-movie/page/8/index.html@doing_wp_cron=1659603180.8863570690155029296875&paged=6
 create mode 100644 sonic-movie.jp/sonic-movie/page/8/index.html@doing_wp_cron=1659603180.8863570690155029296875&paged=7
 create mode 100644 sonic-movie.jp/sonic-movie/page/8/index.html@doing_wp_cron=1659603180.8863570690155029296875&paged=9
 create mode 100644 sonic-movie.jp/sonic-movie/page/9/index.html@doing_wp_cron=1659603180.8863570690155029296875&paged=1
 create mode 100644 sonic-movie.jp/sonic-movie/page/9/index.html@doing_wp_cron=1659603180.8863570690155029296875&paged=10
 create mode 100644 sonic-movie.jp/sonic-movie/page/9/index.html@doing_wp_cron=1659603180.8863570690155029296875&paged=11
 create mode 100644 sonic-movie.jp/sonic-movie/page/9/index.html@doing_wp_cron=1659603180.8863570690155029296875&paged=12
 create mode 100644 sonic-movie.jp/sonic-movie/page/9/index.html@doing_wp_cron=1659603180.8863570690155029296875&paged=4
 create mode 100644 sonic-movie.jp/sonic-movie/page/9/index.html@doing_wp_cron=1659603180.8863570690155029296875&paged=5
 create mode 100644 sonic-movie.jp/sonic-movie/page/9/index.html@doing_wp_cron=1659603180.8863570690155029296875&paged=6
 create mode 100644 sonic-movie.jp/sonic-movie/page/9/index.html@doing_wp_cron=1659603180.8863570690155029296875&paged=7
 create mode 100644 sonic-movie.jp/sonic-movie/page/9/index.html@doing_wp_cron=1659603180.8863570690155029296875&paged=8
