Already up to date.
Deleted file - D:\GitHub\SonicChannelTrack\sonic.sega.jp\sonicchannel\about.1
Deleted file - D:\GitHub\SonicChannelTrack\sonic.sega.jp\sonicchannel\character.1
Deleted file - D:\GitHub\SonicChannelTrack\sonic.sega.jp\sonicchannel\fangallery.1
Deleted file - D:\GitHub\SonicChannelTrack\sonic.sega.jp\sonicchannel\special.1
Deleted file - D:\GitHub\SonicChannelTrack\sonic.sega.jp\sonicchannel\fangallery\apply.1
Deleted file - D:\GitHub\SonicChannelTrack\sonic.sega.jp\sonicchannel\fangallery\fanart.1
Deleted file - D:\GitHub\SonicChannelTrack\sonic.sega.jp\sonicchannel\fangallery\oshiete.1
Deleted file - D:\GitHub\SonicChannelTrack\sonic.sega.jp\sonicchannel\fangallery\screenshot.1
Deleted file - D:\GitHub\SonicChannelTrack\sonic.sega.jp\sonicchannel\special\sidestory.1
Deleted file - D:\GitHub\SonicChannelTrack\sonic.sega.jp\sonicchannel\special\sns.1
Deleted file - D:\GitHub\SonicChannelTrack\sonic.sega.jp\sonicchannel\special\staffcolumn.1
Deleted file - D:\GitHub\SonicChannelTrack\sonic.sega.jp\sonicchannel\special\gamecontents\soniccolors.1
Deleted file - D:\GitHub\SonicChannelTrack\sonic.sega.jp\sonicchannel\special\gamecontents\sonicforces.1
Deleted file - D:\GitHub\SonicChannelTrack\sonic.sega.jp\sonicchannel\special\gamecontents\sonicmania.1
Deleted file - D:\GitHub\SonicChannelTrack\sonic.sega.jp\sonicchannel\special\sidestory\comic.1
Deleted file - D:\GitHub\SonicChannelTrack\sonic.sega.jp\sonicchannel\special\sidestory\coverstory.1
Deleted file - D:\GitHub\SonicChannelTrack\sonic.sega.jp\sonicchannel\special\sidestory\ohgiri.1
Deleted file - D:\GitHub\SonicChannelTrack\sonic.sega.jp\sonicchannel\special\sidestory\sonicpict.1
Deleted file - D:\GitHub\SonicChannelTrack\sonic.sega.jp\sonicchannel\special\soundcolumn\ohtani.1
Deleted file - D:\GitHub\SonicChannelTrack\sonic.sega.jp\sonicchannel\special\soundcolumn\senoue.1
Deleted file - D:\GitHub\SonicChannelTrack\sonic.sega.jp\sonicchannel\topics\collaboration.1
Deleted file - D:\GitHub\SonicChannelTrack\sonic.sega.jp\sonicchannel\topics\event.1
Deleted file - D:\GitHub\SonicChannelTrack\sonic.sega.jp\sonicchannel\topics\goods.1
Deleted file - D:\GitHub\SonicChannelTrack\sonic.sega.jp\sonicchannel\topics\information.1
Deleted file - D:\GitHub\SonicChannelTrack\sonic.sega.jp\sonicchannel\topics\sound.1
Deleted file - D:\GitHub\SonicChannelTrack\sonic.sega.jp\sonicchannel\topics\goods\20190607_001917.1
Deleted file - D:\GitHub\SonicChannelTrack\sonic.sega.jp\sonicchannel\about.2
Deleted file - D:\GitHub\SonicChannelTrack\sonic.sega.jp\sonicchannel\character.2
Deleted file - D:\GitHub\SonicChannelTrack\sonic.sega.jp\sonicchannel\fangallery.2
Deleted file - D:\GitHub\SonicChannelTrack\sonic.sega.jp\sonicchannel\special.2
Deleted file - D:\GitHub\SonicChannelTrack\sonic.sega.jp\sonicchannel\fangallery\apply.2
Deleted file - D:\GitHub\SonicChannelTrack\sonic.sega.jp\sonicchannel\fangallery\fanart.2
Deleted file - D:\GitHub\SonicChannelTrack\sonic.sega.jp\sonicchannel\fangallery\oshiete.2
Deleted file - D:\GitHub\SonicChannelTrack\sonic.sega.jp\sonicchannel\fangallery\screenshot.2
Deleted file - D:\GitHub\SonicChannelTrack\sonic.sega.jp\sonicchannel\special\sidestory.2
Deleted file - D:\GitHub\SonicChannelTrack\sonic.sega.jp\sonicchannel\special\sns.2
Deleted file - D:\GitHub\SonicChannelTrack\sonic.sega.jp\sonicchannel\special\staffcolumn.2
Deleted file - D:\GitHub\SonicChannelTrack\sonic.sega.jp\sonicchannel\special\gamecontents\soniccolors.2
Deleted file - D:\GitHub\SonicChannelTrack\sonic.sega.jp\sonicchannel\special\gamecontents\sonicforces.2
Deleted file - D:\GitHub\SonicChannelTrack\sonic.sega.jp\sonicchannel\special\gamecontents\sonicmania.2
Deleted file - D:\GitHub\SonicChannelTrack\sonic.sega.jp\sonicchannel\special\sidestory\comic.2
Deleted file - D:\GitHub\SonicChannelTrack\sonic.sega.jp\sonicchannel\special\sidestory\coverstory.2
Deleted file - D:\GitHub\SonicChannelTrack\sonic.sega.jp\sonicchannel\special\sidestory\ohgiri.2
Deleted file - D:\GitHub\SonicChannelTrack\sonic.sega.jp\sonicchannel\special\sidestory\sonicpict.2
Deleted file - D:\GitHub\SonicChannelTrack\sonic.sega.jp\sonicchannel\special\soundcolumn\ohtani.2
Deleted file - D:\GitHub\SonicChannelTrack\sonic.sega.jp\sonicchannel\special\soundcolumn\senoue.2
Deleted file - D:\GitHub\SonicChannelTrack\sonic.sega.jp\sonicchannel\topics\collaboration.2
Deleted file - D:\GitHub\SonicChannelTrack\sonic.sega.jp\sonicchannel\topics\event.2
Deleted file - D:\GitHub\SonicChannelTrack\sonic.sega.jp\sonicchannel\topics\goods.2
Deleted file - D:\GitHub\SonicChannelTrack\sonic.sega.jp\sonicchannel\topics\information.2
Deleted file - D:\GitHub\SonicChannelTrack\sonic.sega.jp\sonicchannel\topics\sound.2
Deleted file - D:\GitHub\SonicChannelTrack\sonic.sega.jp\sonicchannel\about.3
Deleted file - D:\GitHub\SonicChannelTrack\sonic.sega.jp\sonicchannel\character.3
Deleted file - D:\GitHub\SonicChannelTrack\sonic.sega.jp\sonicchannel\fangallery.3
Deleted file - D:\GitHub\SonicChannelTrack\sonic.sega.jp\sonicchannel\special.3
Deleted file - D:\GitHub\SonicChannelTrack\sonic.sega.jp\sonicchannel\fangallery\apply.3
Deleted file - D:\GitHub\SonicChannelTrack\sonic.sega.jp\sonicchannel\fangallery\fanart.3
Deleted file - D:\GitHub\SonicChannelTrack\sonic.sega.jp\sonicchannel\fangallery\oshiete.3
Deleted file - D:\GitHub\SonicChannelTrack\sonic.sega.jp\sonicchannel\fangallery\screenshot.3
Deleted file - D:\GitHub\SonicChannelTrack\sonic.sega.jp\sonicchannel\special\sidestory.3
Deleted file - D:\GitHub\SonicChannelTrack\sonic.sega.jp\sonicchannel\special\staffcolumn.3
Deleted file - D:\GitHub\SonicChannelTrack\sonic.sega.jp\sonicchannel\special\gamecontents\soniccolors.3
Deleted file - D:\GitHub\SonicChannelTrack\sonic.sega.jp\sonicchannel\special\gamecontents\sonicforces.3
Deleted file - D:\GitHub\SonicChannelTrack\sonic.sega.jp\sonicchannel\special\sidestory\comic.3
Deleted file - D:\GitHub\SonicChannelTrack\sonic.sega.jp\sonicchannel\special\sidestory\coverstory.3
Deleted file - D:\GitHub\SonicChannelTrack\sonic.sega.jp\sonicchannel\special\sidestory\ohgiri.3
Deleted file - D:\GitHub\SonicChannelTrack\sonic.sega.jp\sonicchannel\special\sidestory\sonicpict.3
Deleted file - D:\GitHub\SonicChannelTrack\sonic.sega.jp\sonicchannel\topics\collaboration.3
Deleted file - D:\GitHub\SonicChannelTrack\sonic.sega.jp\sonicchannel\topics\event.3
Deleted file - D:\GitHub\SonicChannelTrack\sonic.sega.jp\sonicchannel\topics\goods.3
Deleted file - D:\GitHub\SonicChannelTrack\sonic.sega.jp\sonicchannel\topics\information.3
Deleted file - D:\GitHub\SonicChannelTrack\sonic.sega.jp\sonicchannel\topics\sound.3
Deleted file - D:\GitHub\SonicChannelTrack\sonic.sega.jp\sonicchannel\about.4
Deleted file - D:\GitHub\SonicChannelTrack\sonic.sega.jp\sonicchannel\character.4
Deleted file - D:\GitHub\SonicChannelTrack\sonic.sega.jp\sonicchannel\fangallery.4
Deleted file - D:\GitHub\SonicChannelTrack\sonic.sega.jp\sonicchannel\special\sidestory.4
Deleted file - D:\GitHub\SonicChannelTrack\sonic.sega.jp\sonicchannel\special\gamecontents\soniccolors.4
Deleted file - D:\GitHub\SonicChannelTrack\sonic.sega.jp\sonicchannel\special\sidestory\comic.4
Deleted file - D:\GitHub\SonicChannelTrack\sonic.sega.jp\sonicchannel\special\sidestory\coverstory.4
Deleted file - D:\GitHub\SonicChannelTrack\sonic.sega.jp\sonicchannel\topics\collaboration.4
Deleted file - D:\GitHub\SonicChannelTrack\sonic.sega.jp\sonicchannel\topics\event.4
Deleted file - D:\GitHub\SonicChannelTrack\sonic.sega.jp\sonicchannel\topics\goods.4
Deleted file - D:\GitHub\SonicChannelTrack\sonic.sega.jp\sonicchannel\topics\information.4
Deleted file - D:\GitHub\SonicChannelTrack\sonic.sega.jp\sonicchannel\topics\sound.4
Deleted file - D:\GitHub\SonicChannelTrack\www.olympicvideogames.com\sonic\br.1
Deleted file - D:\GitHub\SonicChannelTrack\www.olympicvideogames.com\sonic\cn.1
Deleted file - D:\GitHub\SonicChannelTrack\www.olympicvideogames.com\sonic\de.1
Deleted file - D:\GitHub\SonicChannelTrack\www.olympicvideogames.com\sonic\en.1
Deleted file - D:\GitHub\SonicChannelTrack\www.olympicvideogames.com\sonic\es.1
Deleted file - D:\GitHub\SonicChannelTrack\www.olympicvideogames.com\sonic\fr.1
Deleted file - D:\GitHub\SonicChannelTrack\www.olympicvideogames.com\sonic\it.1
Deleted file - D:\GitHub\SonicChannelTrack\www.olympicvideogames.com\sonic\jp.1
Deleted file - D:\GitHub\SonicChannelTrack\www.olympicvideogames.com\sonic\kr.1
Deleted file - D:\GitHub\SonicChannelTrack\www.olympicvideogames.com\sonic\nl.1
Deleted file - D:\GitHub\SonicChannelTrack\www.olympicvideogames.com\sonic\ru.1
Deleted file - D:\GitHub\SonicChannelTrack\www.olympicvideogames.com\sonic\zh.1
Deleted file - D:\GitHub\SonicChannelTrack\sonicteam.com\SonicWorldAdventure\director.1
Deleted file - D:\GitHub\SonicChannelTrack\sonicteam.com\SonicWorldAdventure\hamidashi.1
[main 72a8cb5674c] files from 2024-06-08, 12:30:55
 160 files changed, 2433 insertions(+), 488 deletions(-)
 create mode 100644 log/KrazeeTobi-2024-06-08_074208.log
 create mode 100644 sonic.sega.jp/SonicXShadowGenerations/assets/css/common.min.css
 create mode 100644 sonic.sega.jp/SonicXShadowGenerations/assets/css/media.min.css
 create mode 100644 sonic.sega.jp/SonicXShadowGenerations/assets/css/products.min.css
 create mode 100644 sonic.sega.jp/SonicXShadowGenerations/assets/css/top.min.css
 create mode 100644 sonic.sega.jp/SonicXShadowGenerations/assets/data/ajax-loader.gif
 create mode 100644 sonic.sega.jp/SonicXShadowGenerations/assets/data/fonts/slick.eot
 create mode 100644 sonic.sega.jp/SonicXShadowGenerations/assets/data/fonts/slick.eot@
 create mode 100644 sonic.sega.jp/SonicXShadowGenerations/assets/data/fonts/slick.svg
 create mode 100644 sonic.sega.jp/SonicXShadowGenerations/assets/data/fonts/slick.ttf
 create mode 100644 sonic.sega.jp/SonicXShadowGenerations/assets/data/fonts/slick.woff
 create mode 100644 sonic.sega.jp/SonicXShadowGenerations/assets/images/common/Arrow-l.png
 create mode 100644 sonic.sega.jp/SonicXShadowGenerations/assets/images/common/Arrow-r.png
 create mode 100644 sonic.sega.jp/SonicXShadowGenerations/assets/images/common/X.png
 create mode 100644 sonic.sega.jp/SonicXShadowGenerations/assets/images/common/close.png
 create mode 100644 sonic.sega.jp/SonicXShadowGenerations/assets/images/common/facebook.png
 create mode 100644 sonic.sega.jp/SonicXShadowGenerations/assets/images/common/guide/ceImg.jpg
 create mode 100644 sonic.sega.jp/SonicXShadowGenerations/assets/images/common/guide/coice.png
 create mode 100644 sonic.sega.jp/SonicXShadowGenerations/assets/images/common/guide/ddeImg.jpg
 create mode 100644 sonic.sega.jp/SonicXShadowGenerations/assets/images/common/guide/dlpreImg.jpg
 create mode 100644 sonic.sega.jp/SonicXShadowGenerations/assets/images/common/guide/epic.png
 create mode 100644 sonic.sega.jp/SonicXShadowGenerations/assets/images/common/guide/jp/dlBtn-active.png
 create mode 100644 sonic.sega.jp/SonicXShadowGenerations/assets/images/common/guide/jp/dlBtn-close.png
 create mode 100644 sonic.sega.jp/SonicXShadowGenerations/assets/images/common/guide/jp/dlBtn01.png
 create mode 100644 sonic.sega.jp/SonicXShadowGenerations/assets/images/common/guide/jp/dlBtn02.png
 create mode 100644 sonic.sega.jp/SonicXShadowGenerations/assets/images/common/guide/jp/dlTitle01.png
 create mode 100644 sonic.sega.jp/SonicXShadowGenerations/assets/images/common/guide/jp/dlTitle02.png
 create mode 100644 sonic.sega.jp/SonicXShadowGenerations/assets/images/common/guide/jp/dlpreTitle.png
 create mode 100644 sonic.sega.jp/SonicXShadowGenerations/assets/images/common/guide/jp/dlpreTitle02.png
 create mode 100644 sonic.sega.jp/SonicXShadowGenerations/assets/images/common/guide/jp/packBtn-active.png
 create mode 100644 sonic.sega.jp/SonicXShadowGenerations/assets/images/common/guide/jp/packBtn-close.png
 create mode 100644 sonic.sega.jp/SonicXShadowGenerations/assets/images/common/guide/jp/packBtn01.png
 create mode 100644 sonic.sega.jp/SonicXShadowGenerations/assets/images/common/guide/jp/packBtn02.png
 create mode 100644 sonic.sega.jp/SonicXShadowGenerations/assets/images/common/guide/jp/packBtn03.png
 create mode 100644 sonic.sega.jp/SonicXShadowGenerations/assets/images/common/guide/jp/packTitle01.png
 create mode 100644 sonic.sega.jp/SonicXShadowGenerations/assets/images/common/guide/jp/packTitle02.png
 create mode 100644 sonic.sega.jp/SonicXShadowGenerations/assets/images/common/guide/jp/packTitle03.png
 create mode 100644 sonic.sega.jp/SonicXShadowGenerations/assets/images/common/guide/jp/paclpreTitle.png
 create mode 100644 sonic.sega.jp/SonicXShadowGenerations/assets/images/common/guide/jp/preTitle.png
 create mode 100644 sonic.sega.jp/SonicXShadowGenerations/assets/images/common/guide/jp/subTitle.png
 create mode 100644 sonic.sega.jp/SonicXShadowGenerations/assets/images/common/guide/ms.png
 create mode 100644 sonic.sega.jp/SonicXShadowGenerations/assets/images/common/guide/paclpreImg.jpg
 create mode 100644 sonic.sega.jp/SonicXShadowGenerations/assets/images/common/guide/pageTitle.png
 create mode 100644 sonic.sega.jp/SonicXShadowGenerations/assets/images/common/guide/ps.png
 create mode 100644 sonic.sega.jp/SonicXShadowGenerations/assets/images/common/guide/ring.png
 create mode 100644 sonic.sega.jp/SonicXShadowGenerations/assets/images/common/guide/sdxImg.jpg
 create mode 100644 sonic.sega.jp/SonicXShadowGenerations/assets/images/common/guide/steam.png
 create mode 100644 sonic.sega.jp/SonicXShadowGenerations/assets/images/common/guide/switch.png
 create mode 100644 sonic.sega.jp/SonicXShadowGenerations/assets/images/common/guide/version.png
 create mode 100644 sonic.sega.jp/SonicXShadowGenerations/assets/images/common/guide/website.png
 create mode 100644 sonic.sega.jp/SonicXShadowGenerations/assets/images/common/line.png
 create mode 100644 sonic.sega.jp/SonicXShadowGenerations/assets/images/common/media/pageTitle.png
 create mode 100644 sonic.sega.jp/SonicXShadowGenerations/assets/images/common/media/play.png
 create mode 100644 sonic.sega.jp/SonicXShadowGenerations/assets/images/common/menu/chara.png
 create mode 100644 sonic.sega.jp/SonicXShadowGenerations/assets/images/common/menu/feat.png
 create mode 100644 sonic.sega.jp/SonicXShadowGenerations/assets/images/common/menu/jp/buyBtn-hover.png
 create mode 100644 sonic.sega.jp/SonicXShadowGenerations/assets/images/common/menu/jp/buyBtn.png
 create mode 100644 sonic.sega.jp/SonicXShadowGenerations/assets/images/common/menu/media.png
 create mode 100644 sonic.sega.jp/SonicXShadowGenerations/assets/images/common/menu/stage.png
 create mode 100644 sonic.sega.jp/SonicXShadowGenerations/assets/images/common/menu/story.png
 create mode 100644 sonic.sega.jp/SonicXShadowGenerations/assets/images/common/menu/whitering.webp
 create mode 100644 sonic.sega.jp/SonicXShadowGenerations/assets/images/common/plusMark.png
 create mode 100644 sonic.sega.jp/SonicXShadowGenerations/assets/images/common/sega_logo_s.svg
 create mode 100644 sonic.sega.jp/SonicXShadowGenerations/assets/images/common/top/about01-ss01.jpg
 create mode 100644 sonic.sega.jp/SonicXShadowGenerations/assets/images/common/top/about01-ss02.jpg
 create mode 100644 sonic.sega.jp/SonicXShadowGenerations/assets/images/common/top/about01-ss03.jpg
 create mode 100644 sonic.sega.jp/SonicXShadowGenerations/assets/images/common/top/about01-ss04.jpg
 create mode 100644 sonic.sega.jp/SonicXShadowGenerations/assets/images/common/top/about02-ss01.jpg
 create mode 100644 sonic.sega.jp/SonicXShadowGenerations/assets/images/common/top/about02-ss02.jpg
 create mode 100644 sonic.sega.jp/SonicXShadowGenerations/assets/images/common/top/about02-ss03.jpg
 create mode 100644 sonic.sega.jp/SonicXShadowGenerations/assets/images/common/top/about02-ss04.jpg
 create mode 100644 sonic.sega.jp/SonicXShadowGenerations/assets/images/common/top/aboutChara01.png
 create mode 100644 sonic.sega.jp/SonicXShadowGenerations/assets/images/common/top/aboutChara02.png
 create mode 100644 sonic.sega.jp/SonicXShadowGenerations/assets/images/common/top/aboutChara03.webp
 create mode 100644 sonic.sega.jp/SonicXShadowGenerations/assets/images/common/top/aboutDirt01-l.png
 create mode 100644 sonic.sega.jp/SonicXShadowGenerations/assets/images/common/top/aboutDirt01-r.png
 create mode 100644 sonic.sega.jp/SonicXShadowGenerations/assets/images/common/top/aboutDirt02-l.png
 create mode 100644 sonic.sega.jp/SonicXShadowGenerations/assets/images/common/top/aboutDirt02-r.png
 create mode 100644 sonic.sega.jp/SonicXShadowGenerations/assets/images/common/top/jp/aboutTxt01.png
 create mode 100644 sonic.sega.jp/SonicXShadowGenerations/assets/images/common/top/jp/aboutTxt02.png
 create mode 100644 sonic.sega.jp/SonicXShadowGenerations/assets/images/common/top/jp/catch.png
 create mode 100644 sonic.sega.jp/SonicXShadowGenerations/assets/images/common/top/jp/kari.png
 create mode 100644 sonic.sega.jp/SonicXShadowGenerations/assets/images/common/top/jp/kvlogo.png
 create mode 100644 sonic.sega.jp/SonicXShadowGenerations/assets/images/common/top/jp/play.png
 create mode 100644 sonic.sega.jp/SonicXShadowGenerations/assets/images/common/top/more.png
 create mode 100644 sonic.sega.jp/SonicXShadowGenerations/assets/images/common/top/newsArrow.png
 create mode 100644 sonic.sega.jp/SonicXShadowGenerations/assets/images/common/top/shadowName.png
 create mode 100644 sonic.sega.jp/SonicXShadowGenerations/assets/images/common/top/shadowmark.png
 create mode 100644 sonic.sega.jp/SonicXShadowGenerations/assets/images/common/top/sonicName.png
 create mode 100644 sonic.sega.jp/SonicXShadowGenerations/assets/images/common/top/sonicmark.png
 create mode 100644 sonic.sega.jp/SonicXShadowGenerations/assets/images/common/top/title01.png
 create mode 100644 sonic.sega.jp/SonicXShadowGenerations/assets/images/common/top/title02.png
 create mode 100644 sonic.sega.jp/SonicXShadowGenerations/assets/images/common/top/title03.png
 create mode 100644 sonic.sega.jp/SonicXShadowGenerations/assets/images/pc/bgFilter.webp
 create mode 100644 sonic.sega.jp/SonicXShadowGenerations/assets/images/pc/guide/cut.png
 create mode 100644 sonic.sega.jp/SonicXShadowGenerations/assets/images/pc/media/cut.png
 create mode 100644 sonic.sega.jp/SonicXShadowGenerations/assets/images/pc/media/movieBg01.jpg
 create mode 100644 sonic.sega.jp/SonicXShadowGenerations/assets/images/pc/media/movieBg02.jpg
 create mode 100644 sonic.sega.jp/SonicXShadowGenerations/assets/images/pc/media/movieBg03.jpg
 create mode 100644 sonic.sega.jp/SonicXShadowGenerations/assets/images/pc/media/movieBg04.jpg
 create mode 100644 sonic.sega.jp/SonicXShadowGenerations/assets/images/pc/menu/menuLine.png
 create mode 100644 sonic.sega.jp/SonicXShadowGenerations/assets/images/pc/pf.png
 create mode 100644 sonic.sega.jp/SonicXShadowGenerations/assets/images/pc/top/aboutBg.jpg
 create mode 100644 sonic.sega.jp/SonicXShadowGenerations/assets/images/pc/top/aboutTopDirt.png
 create mode 100644 sonic.sega.jp/SonicXShadowGenerations/assets/images/pc/top/jp/2in1.png
 create mode 100644 sonic.sega.jp/SonicXShadowGenerations/assets/images/pc/top/kv.png
 create mode 100644 sonic.sega.jp/SonicXShadowGenerations/assets/images/pc/top/newsBg01.jpg
 create mode 100644 sonic.sega.jp/SonicXShadowGenerations/assets/images/pc/top/newsBg02.jpg
 create mode 100644 sonic.sega.jp/SonicXShadowGenerations/assets/images/pc/top/newsBg03.jpg
 create mode 100644 sonic.sega.jp/SonicXShadowGenerations/assets/images/pc/top/newscut-side.png
 create mode 100644 sonic.sega.jp/SonicXShadowGenerations/assets/images/pc/top/newscut.png
 create mode 100644 sonic.sega.jp/SonicXShadowGenerations/assets/images/pc/top/specBg.jpg
 create mode 100644 sonic.sega.jp/SonicXShadowGenerations/assets/images/sp/bgFilter.webp
 create mode 100644 sonic.sega.jp/SonicXShadowGenerations/assets/images/sp/guide/cut.png
 create mode 100644 sonic.sega.jp/SonicXShadowGenerations/assets/images/sp/media/cut.png
 create mode 100644 sonic.sega.jp/SonicXShadowGenerations/assets/images/sp/media/movieBg01.jpg
 create mode 100644 sonic.sega.jp/SonicXShadowGenerations/assets/images/sp/media/movieBg02.jpg
 create mode 100644 sonic.sega.jp/SonicXShadowGenerations/assets/images/sp/media/movieBg03.jpg
 create mode 100644 sonic.sega.jp/SonicXShadowGenerations/assets/images/sp/media/movieBg04.jpg
 create mode 100644 sonic.sega.jp/SonicXShadowGenerations/assets/images/sp/menu/menuBg.webp
 create mode 100644 sonic.sega.jp/SonicXShadowGenerations/assets/images/sp/menu/menuLine.png
 create mode 100644 sonic.sega.jp/SonicXShadowGenerations/assets/images/sp/pf.png
 create mode 100644 sonic.sega.jp/SonicXShadowGenerations/assets/images/sp/top/aboutBg-fixed.jpg
 create mode 100644 sonic.sega.jp/SonicXShadowGenerations/assets/images/sp/top/aboutTopDirt.png
 create mode 100644 sonic.sega.jp/SonicXShadowGenerations/assets/images/sp/top/global.png
 create mode 100644 sonic.sega.jp/SonicXShadowGenerations/assets/images/sp/top/jp/2in1.png
 create mode 100644 sonic.sega.jp/SonicXShadowGenerations/assets/images/sp/top/newsBg01.jpg
 create mode 100644 sonic.sega.jp/SonicXShadowGenerations/assets/images/sp/top/newsBg02.jpg
 create mode 100644 sonic.sega.jp/SonicXShadowGenerations/assets/images/sp/top/newscut.png
 create mode 100644 sonic.sega.jp/SonicXShadowGenerations/assets/images/sp/top/specBg.jpg
 create mode 100644 sonic.sega.jp/SonicXShadowGenerations/assets/js/common.js@20240608
 create mode 100644 sonic.sega.jp/SonicXShadowGenerations/assets/js/movie.js
 create mode 100644 sonic.sega.jp/SonicXShadowGenerations/assets/js/products.js
 create mode 100644 sonic.sega.jp/SonicXShadowGenerations/assets/js/sns.js
 create mode 100644 sonic.sega.jp/SonicXShadowGenerations/assets/js/top.js
 create mode 100644 sonic.sega.jp/SonicXShadowGenerations/products.html
 create mode 100644 sonic.sega.jp/SonicXShadowGenerations/video.html
