Already up to date.
Deleted file - D:\GitHub\SonicChannelTrack\sonic.sega.jp\sonicchannel\about.1
Deleted file - D:\GitHub\SonicChannelTrack\sonic.sega.jp\sonicchannel\character.1
Deleted file - D:\GitHub\SonicChannelTrack\sonic.sega.jp\sonicchannel\fangallery.1
Deleted file - D:\GitHub\SonicChannelTrack\sonic.sega.jp\sonicchannel\special.1
Deleted file - D:\GitHub\SonicChannelTrack\sonic.sega.jp\sonicchannel\fangallery\apply.1
Deleted file - D:\GitHub\SonicChannelTrack\sonic.sega.jp\sonicchannel\fangallery\fanart.1
Deleted file - D:\GitHub\SonicChannelTrack\sonic.sega.jp\sonicchannel\fangallery\screenshot.1
Deleted file - D:\GitHub\SonicChannelTrack\sonic.sega.jp\sonicchannel\special\sidestory.1
Deleted file - D:\GitHub\SonicChannelTrack\sonic.sega.jp\sonicchannel\special\sns.1
Deleted file - D:\GitHub\SonicChannelTrack\sonic.sega.jp\sonicchannel\special\staffcolumn.1
Deleted file - D:\GitHub\SonicChannelTrack\sonic.sega.jp\sonicchannel\special\gamecontents\soniccolors.1
Deleted file - D:\GitHub\SonicChannelTrack\sonic.sega.jp\sonicchannel\special\gamecontents\sonicforces.1
Deleted file - D:\GitHub\SonicChannelTrack\sonic.sega.jp\sonicchannel\special\gamecontents\sonicmania.1
Deleted file - D:\GitHub\SonicChannelTrack\sonic.sega.jp\sonicchannel\special\sidestory\comic.1
Deleted file - D:\GitHub\SonicChannelTrack\sonic.sega.jp\sonicchannel\special\sidestory\coverstory.1
Deleted file - D:\GitHub\SonicChannelTrack\sonic.sega.jp\sonicchannel\special\sidestory\ohgiri.1
Deleted file - D:\GitHub\SonicChannelTrack\sonic.sega.jp\sonicchannel\special\soundcolumn\ohtani.1
Deleted file - D:\GitHub\SonicChannelTrack\sonic.sega.jp\sonicchannel\special\soundcolumn\senoue.1
Deleted file - D:\GitHub\SonicChannelTrack\sonic.sega.jp\sonicchannel\topics\collaboration.1
Deleted file - D:\GitHub\SonicChannelTrack\sonic.sega.jp\sonicchannel\topics\event.1
Deleted file - D:\GitHub\SonicChannelTrack\sonic.sega.jp\sonicchannel\topics\goods.1
Deleted file - D:\GitHub\SonicChannelTrack\sonic.sega.jp\sonicchannel\topics\information.1
Deleted file - D:\GitHub\SonicChannelTrack\sonic.sega.jp\sonicchannel\topics\sound.1
Deleted file - D:\GitHub\SonicChannelTrack\sonic.sega.jp\sonicchannel\topics\goods\20190607_001917.1
Deleted file - D:\GitHub\SonicChannelTrack\sonic.sega.jp\sonicchannel\about.2
Deleted file - D:\GitHub\SonicChannelTrack\sonic.sega.jp\sonicchannel\character.2
Deleted file - D:\GitHub\SonicChannelTrack\sonic.sega.jp\sonicchannel\fangallery.2
Deleted file - D:\GitHub\SonicChannelTrack\sonic.sega.jp\sonicchannel\special.2
Deleted file - D:\GitHub\SonicChannelTrack\sonic.sega.jp\sonicchannel\fangallery\apply.2
Deleted file - D:\GitHub\SonicChannelTrack\sonic.sega.jp\sonicchannel\fangallery\fanart.2
Deleted file - D:\GitHub\SonicChannelTrack\sonic.sega.jp\sonicchannel\fangallery\screenshot.2
Deleted file - D:\GitHub\SonicChannelTrack\sonic.sega.jp\sonicchannel\special\sidestory.2
Deleted file - D:\GitHub\SonicChannelTrack\sonic.sega.jp\sonicchannel\special\sns.2
Deleted file - D:\GitHub\SonicChannelTrack\sonic.sega.jp\sonicchannel\special\staffcolumn.2
Deleted file - D:\GitHub\SonicChannelTrack\sonic.sega.jp\sonicchannel\special\gamecontents\soniccolors.2
Deleted file - D:\GitHub\SonicChannelTrack\sonic.sega.jp\sonicchannel\special\gamecontents\sonicforces.2
Deleted file - D:\GitHub\SonicChannelTrack\sonic.sega.jp\sonicchannel\special\gamecontents\sonicmania.2
Deleted file - D:\GitHub\SonicChannelTrack\sonic.sega.jp\sonicchannel\special\sidestory\comic.2
Deleted file - D:\GitHub\SonicChannelTrack\sonic.sega.jp\sonicchannel\special\sidestory\coverstory.2
Deleted file - D:\GitHub\SonicChannelTrack\sonic.sega.jp\sonicchannel\special\sidestory\ohgiri.2
Deleted file - D:\GitHub\SonicChannelTrack\sonic.sega.jp\sonicchannel\special\soundcolumn\ohtani.2
Deleted file - D:\GitHub\SonicChannelTrack\sonic.sega.jp\sonicchannel\special\soundcolumn\senoue.2
Deleted file - D:\GitHub\SonicChannelTrack\sonic.sega.jp\sonicchannel\topics\collaboration.2
Deleted file - D:\GitHub\SonicChannelTrack\sonic.sega.jp\sonicchannel\topics\event.2
Deleted file - D:\GitHub\SonicChannelTrack\sonic.sega.jp\sonicchannel\topics\goods.2
Deleted file - D:\GitHub\SonicChannelTrack\sonic.sega.jp\sonicchannel\topics\information.2
Deleted file - D:\GitHub\SonicChannelTrack\sonic.sega.jp\sonicchannel\topics\sound.2
Deleted file - D:\GitHub\SonicChannelTrack\sonic.sega.jp\sonicchannel\about.3
Deleted file - D:\GitHub\SonicChannelTrack\sonic.sega.jp\sonicchannel\character.3
Deleted file - D:\GitHub\SonicChannelTrack\sonic.sega.jp\sonicchannel\fangallery.3
Deleted file - D:\GitHub\SonicChannelTrack\sonic.sega.jp\sonicchannel\fangallery\apply.3
Deleted file - D:\GitHub\SonicChannelTrack\sonic.sega.jp\sonicchannel\fangallery\fanart.3
Deleted file - D:\GitHub\SonicChannelTrack\sonic.sega.jp\sonicchannel\fangallery\screenshot.3
Deleted file - D:\GitHub\SonicChannelTrack\sonic.sega.jp\sonicchannel\special\sidestory.3
Deleted file - D:\GitHub\SonicChannelTrack\sonic.sega.jp\sonicchannel\special\sns.3
Deleted file - D:\GitHub\SonicChannelTrack\sonic.sega.jp\sonicchannel\special\staffcolumn.3
Deleted file - D:\GitHub\SonicChannelTrack\sonic.sega.jp\sonicchannel\special\gamecontents\soniccolors.3
Deleted file - D:\GitHub\SonicChannelTrack\sonic.sega.jp\sonicchannel\special\gamecontents\sonicforces.3
Deleted file - D:\GitHub\SonicChannelTrack\sonic.sega.jp\sonicchannel\special\gamecontents\sonicmania.3
Deleted file - D:\GitHub\SonicChannelTrack\sonic.sega.jp\sonicchannel\special\sidestory\comic.3
Deleted file - D:\GitHub\SonicChannelTrack\sonic.sega.jp\sonicchannel\special\sidestory\coverstory.3
Deleted file - D:\GitHub\SonicChannelTrack\sonic.sega.jp\sonicchannel\special\sidestory\ohgiri.3
Deleted file - D:\GitHub\SonicChannelTrack\sonic.sega.jp\sonicchannel\special\soundcolumn\ohtani.3
Deleted file - D:\GitHub\SonicChannelTrack\sonic.sega.jp\sonicchannel\special\soundcolumn\senoue.3
Deleted file - D:\GitHub\SonicChannelTrack\sonic.sega.jp\sonicchannel\topics\collaboration.3
Deleted file - D:\GitHub\SonicChannelTrack\sonic.sega.jp\sonicchannel\topics\event.3
Deleted file - D:\GitHub\SonicChannelTrack\sonic.sega.jp\sonicchannel\topics\goods.3
Deleted file - D:\GitHub\SonicChannelTrack\sonic.sega.jp\sonicchannel\topics\information.3
Deleted file - D:\GitHub\SonicChannelTrack\sonic.sega.jp\sonicchannel\topics\sound.3
Deleted file - D:\GitHub\SonicChannelTrack\sonic.sega.jp\sonicchannel\about.4
Deleted file - D:\GitHub\SonicChannelTrack\sonic.sega.jp\sonicchannel\character.4
Deleted file - D:\GitHub\SonicChannelTrack\sonic.sega.jp\sonicchannel\special\sidestory.4
Deleted file - D:\GitHub\SonicChannelTrack\sonic.sega.jp\sonicchannel\special\staffcolumn.4
Deleted file - D:\GitHub\SonicChannelTrack\sonic.sega.jp\sonicchannel\special\gamecontents\soniccolors.4
Deleted file - D:\GitHub\SonicChannelTrack\sonic.sega.jp\sonicchannel\special\gamecontents\sonicforces.4
Deleted file - D:\GitHub\SonicChannelTrack\sonic.sega.jp\sonicchannel\special\sidestory\comic.4
Deleted file - D:\GitHub\SonicChannelTrack\sonic.sega.jp\sonicchannel\special\sidestory\coverstory.4
Deleted file - D:\GitHub\SonicChannelTrack\sonic.sega.jp\sonicchannel\special\sidestory\ohgiri.4
Deleted file - D:\GitHub\SonicChannelTrack\sonic.sega.jp\sonicchannel\topics\collaboration.4
Deleted file - D:\GitHub\SonicChannelTrack\sonic.sega.jp\sonicchannel\topics\event.4
Deleted file - D:\GitHub\SonicChannelTrack\sonic.sega.jp\sonicchannel\topics\goods.4
Deleted file - D:\GitHub\SonicChannelTrack\sonic.sega.jp\sonicchannel\topics\information.4
Deleted file - D:\GitHub\SonicChannelTrack\sonic.sega.jp\sonicchannel\topics\sound.4
Deleted file - D:\GitHub\SonicChannelTrack\www.olympicvideogames.com\sonic\br.1
Deleted file - D:\GitHub\SonicChannelTrack\www.olympicvideogames.com\sonic\cn.1
Deleted file - D:\GitHub\SonicChannelTrack\www.olympicvideogames.com\sonic\de.1
Deleted file - D:\GitHub\SonicChannelTrack\www.olympicvideogames.com\sonic\en.1
Deleted file - D:\GitHub\SonicChannelTrack\www.olympicvideogames.com\sonic\es.1
Deleted file - D:\GitHub\SonicChannelTrack\www.olympicvideogames.com\sonic\fr.1
Deleted file - D:\GitHub\SonicChannelTrack\www.olympicvideogames.com\sonic\it.1
Deleted file - D:\GitHub\SonicChannelTrack\www.olympicvideogames.com\sonic\jp.1
Deleted file - D:\GitHub\SonicChannelTrack\www.olympicvideogames.com\sonic\kr.1
Deleted file - D:\GitHub\SonicChannelTrack\www.olympicvideogames.com\sonic\nl.1
Deleted file - D:\GitHub\SonicChannelTrack\www.olympicvideogames.com\sonic\ru.1
Deleted file - D:\GitHub\SonicChannelTrack\www.olympicvideogames.com\sonic\zh.1
Deleted file - D:\GitHub\SonicChannelTrack\sonicteam.com\SonicWorldAdventure\director.1
Deleted file - D:\GitHub\SonicChannelTrack\sonicteam.com\SonicWorldAdventure\hamidashi.1
[main 13762369240] files from 2023-10-17, 18:20:50
 72 files changed, 1352 insertions(+), 456 deletions(-)
 create mode 100644 log/KrazeeTobi-2023-10-17_124049.log
 create mode 100644 sonic.sega.jp/SonicSuperStars/assets/images/common/guide/legosonic.jpg
 create mode 100644 sonic.sega.jp/SonicSuperStars/assets/images/common/setting/jp/zoneStage-button01.png
 create mode 100644 sonic.sega.jp/SonicSuperStars/assets/images/common/setting/jp/zoneStage-button02.png
 create mode 100644 sonic.sega.jp/SonicSuperStars/assets/images/common/setting/jp/zoneStage-button03.png
 create mode 100644 sonic.sega.jp/SonicSuperStars/assets/images/common/setting/jp/zoneStage-button04.png
 create mode 100644 sonic.sega.jp/SonicSuperStars/assets/images/common/setting/jp/zoneStage01-title.png
 create mode 100644 sonic.sega.jp/SonicSuperStars/assets/images/common/setting/jp/zoneStage02-title.png
 create mode 100644 sonic.sega.jp/SonicSuperStars/assets/images/common/setting/jp/zoneStage03-title.png
 create mode 100644 sonic.sega.jp/SonicSuperStars/assets/images/common/setting/jp/zoneStage04-title.png
 create mode 100644 sonic.sega.jp/SonicSuperStars/assets/images/common/setting/jp/zoneTitle.png
 create mode 100644 sonic.sega.jp/SonicSuperStars/assets/images/common/setting/loopstarImg01.png
 create mode 100644 sonic.sega.jp/SonicSuperStars/assets/images/common/setting/loopstarImg02.png
 create mode 100644 sonic.sega.jp/SonicSuperStars/assets/images/common/setting/settingPage-header1017.jpg
 create mode 100644 sonic.sega.jp/SonicSuperStars/assets/images/common/setting/zone/zoneStage01-slide01.jpg
 create mode 100644 sonic.sega.jp/SonicSuperStars/assets/images/common/setting/zone/zoneStage01-slide02.jpg
 create mode 100644 sonic.sega.jp/SonicSuperStars/assets/images/common/setting/zone/zoneStage01-slide03.jpg
 create mode 100644 sonic.sega.jp/SonicSuperStars/assets/images/common/setting/zone/zoneStage01-slide04.jpg
 create mode 100644 sonic.sega.jp/SonicSuperStars/assets/images/common/setting/zone/zoneStage02-slide01.jpg
 create mode 100644 sonic.sega.jp/SonicSuperStars/assets/images/common/setting/zone/zoneStage02-slide02.jpg
 create mode 100644 sonic.sega.jp/SonicSuperStars/assets/images/common/setting/zone/zoneStage02-slide03.jpg
 create mode 100644 sonic.sega.jp/SonicSuperStars/assets/images/common/setting/zone/zoneStage02-slide04.jpg
 create mode 100644 sonic.sega.jp/SonicSuperStars/assets/images/common/setting/zone/zoneStage03-slide01.jpg
 create mode 100644 sonic.sega.jp/SonicSuperStars/assets/images/common/setting/zone/zoneStage03-slide02.jpg
 create mode 100644 sonic.sega.jp/SonicSuperStars/assets/images/common/setting/zone/zoneStage03-slide03.jpg
 create mode 100644 sonic.sega.jp/SonicSuperStars/assets/images/common/setting/zone/zoneStage03-slide04.jpg
 create mode 100644 sonic.sega.jp/SonicSuperStars/assets/images/common/setting/zone/zoneStage04-slide01.jpg
 create mode 100644 sonic.sega.jp/SonicSuperStars/assets/images/common/setting/zone/zoneStage04-slide02.jpg
 create mode 100644 sonic.sega.jp/SonicSuperStars/assets/images/common/setting/zone/zoneStage04-slide03.jpg
 create mode 100644 sonic.sega.jp/SonicSuperStars/assets/images/common/setting/zone/zoneStage04-slide04.jpg
 create mode 100644 sonic.sega.jp/SonicSuperStars/assets/images/common/setting/zonePattern-top02.png
 create mode 100644 sonic.sega.jp/SonicSuperStars/assets/images/common/setting/zoneStage01-img.png
 create mode 100644 sonic.sega.jp/SonicSuperStars/assets/images/common/setting/zoneStage02-img.png
 create mode 100644 sonic.sega.jp/SonicSuperStars/assets/images/common/setting/zoneStage03-img.png
 create mode 100644 sonic.sega.jp/SonicSuperStars/assets/images/common/setting/zoneStage04-img.png
 create mode 100644 sonic.sega.jp/SonicSuperStars/assets/images/common/setting/zoneStar.png
 create mode 100644 sonic.sega.jp/SonicSuperStars/assets/images/common/top/jp/kvArea-catch02-jp.png
 create mode 100644 sonic.sega.jp/SonicSuperStars/assets/images/common/video/video-thumb09.jpg
 create mode 100644 sonic.sega.jp/SonicSuperStars/assets/images/ogp/jp/1117ogp.jpg
 create mode 100644 sonic.sega.jp/SonicSuperStars/assets/images/pc/top/jp/kvArea-img02-jp-pc.jpg
 create mode 100644 sonic.sega.jp/SonicSuperStars/assets/images/sp/top/jp/kvArea-img01-jp-sp.jpg
 create mode 100644 sonic.sega.jp/SonicSuperStars/topic/20231017.html
