Already up to date.
[main 4bee3844f] files from 2022-09-15, 12:55:03
 1266 files changed, 4200 insertions(+), 3382 deletions(-)
 create mode 100644 log/KrazeeTobi-2022-09-15_081233.log
 create mode 100644 sonic.sega.jp/SonicChannel/assets_c/2022/09/staffcolumn_220915_01_eye-thumb-640xauto-4804.jpg
 create mode 100644 sonic.sega.jp/SonicChannel/special/image/staffcolumn_220915_01_01.jpg
 create mode 100644 sonic.sega.jp/SonicChannel/special/image/staffcolumn_220915_01_02.jpg
 create mode 100644 sonic.sega.jp/SonicChannel/special/image/staffcolumn_220915_01_eye.jpg
 create mode 100644 sonic.sega.jp/SonicChannel/special/staffcolumn/ryu.18
 create mode 100644 sonic.sega.jp/SonicChannel/special/staffcolumn/ryu.19
 create mode 100644 sonic.sega.jp/SonicChannel/topics/image/sound_220913_01_02.jpg
 create mode 100644 sonic.sega.jp/SonicChannel/topics/information/20220914_003006/index.html
 create mode 100644 sonic.sega.jp/SonicChannel/topics/information/20220915_003006/index.html
 create mode 100644 sonic.sega.jp/SonicFrontiers/action/css/action.css@03
 create mode 100644 sonic.sega.jp/SonicFrontiers/js/component.js@02
 create mode 100644 sonic.sega.jp/SonicFrontiers/prologue/css/prologue.css@03
 create mode 100644 sonic.sega.jp/SonicFrontiers/prologue/images/ss10-large.jpg
 create mode 100644 sonic.sega.jp/SonicFrontiers/prologue/images/ss10-thumb.jpg
 create mode 100644 sonic.sega.jp/SonicFrontiers/prologue/images/ss11-large.jpg
 create mode 100644 sonic.sega.jp/SonicFrontiers/prologue/images/ss11-thumb.jpg
 create mode 100644 sonic.sega.jp/SonicFrontiers/videos/images/video-thumb09.jpg
 create mode 100644 sonicteam.com/SonicWorldAdventure/director.14
 create mode 100644 sonicteam.com/SonicWorldAdventure/hamidashi.14
 rewrite www.nintendo.co.jp/3ds/acmj/epsode/images/ep_canime10000.jpg (99%)
 rewrite www.nintendo.co.jp/3ds/bgxj/mii/images/marathon_btn01.png (99%)
 rewrite www.nintendo.co.jp/3ds/bgxj/story/images/story_mario_chara01.png (99%)
 rewrite www.nintendo.co.jp/mario_and_sonic2010/wii/images/softdetail_base.jpg (99%)
 rewrite www.nintendo.co.jp/wii/siij/olympic/img/badminton.png (99%)
 rewrite www.nintendo.co.jp/wii/siij/olympic/movie/movie15.html@TB_iframe=true&width=960&height=630 (99%)
 rewrite www.nintendo.co.jp/wiiu/aurj/index.html (95%)
