Already up to date.
Deleted file - D:\GitHub\SonicChannelTrack\www.olympicvideogames.com\sonic\br.1
Deleted file - D:\GitHub\SonicChannelTrack\www.olympicvideogames.com\sonic\cn.1
Deleted file - D:\GitHub\SonicChannelTrack\www.olympicvideogames.com\sonic\de.1
Deleted file - D:\GitHub\SonicChannelTrack\www.olympicvideogames.com\sonic\en.1
Deleted file - D:\GitHub\SonicChannelTrack\www.olympicvideogames.com\sonic\es.1
Deleted file - D:\GitHub\SonicChannelTrack\www.olympicvideogames.com\sonic\fr.1
Deleted file - D:\GitHub\SonicChannelTrack\www.olympicvideogames.com\sonic\it.1
Deleted file - D:\GitHub\SonicChannelTrack\www.olympicvideogames.com\sonic\jp.1
Deleted file - D:\GitHub\SonicChannelTrack\www.olympicvideogames.com\sonic\kr.1
Deleted file - D:\GitHub\SonicChannelTrack\www.olympicvideogames.com\sonic\nl.1
Deleted file - D:\GitHub\SonicChannelTrack\www.olympicvideogames.com\sonic\ru.1
Deleted file - D:\GitHub\SonicChannelTrack\www.olympicvideogames.com\sonic\zh.1
Deleted file - D:\GitHub\SonicChannelTrack\sonic-movie.jp\news.1
Deleted file - D:\GitHub\SonicChannelTrack\sonic-movie.jp\news\wp-includes\js\jquery\jquery-migrate.min.js@ver=3.4.1
Deleted file - D:\GitHub\SonicChannelTrack\sonic-movie.jp\news\wp-includes\js\jquery\jquery.min.js@ver=3.7.1
Deleted file - D:\GitHub\SonicChannelTrack\sonicteam.com\SonicWorldAdventure\director.1
Deleted file - D:\GitHub\SonicChannelTrack\sonicteam.com\SonicWorldAdventure\hamidashi.1
[main fd180f6841a] files from 2025-04-23, 15:42:49
 454 files changed, 57975 insertions(+), 378 deletions(-)
 create mode 100644 log/KrazeeTobi-2025-04-23_093404.log
 create mode 100644 sonic-movie.jp/sonic-movie/index.html@doing_wp_cron=1745418149.0813419818878173828125&paged=17
 create mode 100644 sonic-movie.jp/sonic-movie/index.html@doing_wp_cron=1745418149.0813419818878173828125&paged=2
 create mode 100644 sonic-movie.jp/sonic-movie/index.html@doing_wp_cron=1745418149.0813419818878173828125&paged=3
 create mode 100644 sonic-movie.jp/sonic-movie/index.html@doing_wp_cron=1745418149.0813419818878173828125&paged=4
 create mode 100644 sonic-movie.jp/sonic-movie/index.html@doing_wp_cron=1745418149.0813419818878173828125&paged=5
 create mode 100644 sonic-movie.jp/sonic-movie/index.html@doing_wp_cron=1745418149.0813419818878173828125&paged=6
 create mode 100644 sonic-movie.jp/sonic-movie/page/10/index.html@doing_wp_cron=1745418149.0813419818878173828125&paged=1
 create mode 100644 sonic-movie.jp/sonic-movie/page/10/index.html@doing_wp_cron=1745418149.0813419818878173828125&paged=11
 create mode 100644 sonic-movie.jp/sonic-movie/page/10/index.html@doing_wp_cron=1745418149.0813419818878173828125&paged=12
 create mode 100644 sonic-movie.jp/sonic-movie/page/10/index.html@doing_wp_cron=1745418149.0813419818878173828125&paged=13
 create mode 100644 sonic-movie.jp/sonic-movie/page/10/index.html@doing_wp_cron=1745418149.0813419818878173828125&paged=14
 create mode 100644 sonic-movie.jp/sonic-movie/page/10/index.html@doing_wp_cron=1745418149.0813419818878173828125&paged=15
 create mode 100644 sonic-movie.jp/sonic-movie/page/10/index.html@doing_wp_cron=1745418149.0813419818878173828125&paged=17
 create mode 100644 sonic-movie.jp/sonic-movie/page/10/index.html@doing_wp_cron=1745418149.0813419818878173828125&paged=5
 create mode 100644 sonic-movie.jp/sonic-movie/page/10/index.html@doing_wp_cron=1745418149.0813419818878173828125&paged=6
 create mode 100644 sonic-movie.jp/sonic-movie/page/10/index.html@doing_wp_cron=1745418149.0813419818878173828125&paged=7
 create mode 100644 sonic-movie.jp/sonic-movie/page/10/index.html@doing_wp_cron=1745418149.0813419818878173828125&paged=8
 create mode 100644 sonic-movie.jp/sonic-movie/page/10/index.html@doing_wp_cron=1745418149.0813419818878173828125&paged=9
 create mode 100644 sonic-movie.jp/sonic-movie/page/11/index.html@doing_wp_cron=1745418149.0813419818878173828125&paged=1
 create mode 100644 sonic-movie.jp/sonic-movie/page/11/index.html@doing_wp_cron=1745418149.0813419818878173828125&paged=10
 create mode 100644 sonic-movie.jp/sonic-movie/page/11/index.html@doing_wp_cron=1745418149.0813419818878173828125&paged=12
 create mode 100644 sonic-movie.jp/sonic-movie/page/11/index.html@doing_wp_cron=1745418149.0813419818878173828125&paged=13
 create mode 100644 sonic-movie.jp/sonic-movie/page/11/index.html@doing_wp_cron=1745418149.0813419818878173828125&paged=14
 create mode 100644 sonic-movie.jp/sonic-movie/page/11/index.html@doing_wp_cron=1745418149.0813419818878173828125&paged=15
 create mode 100644 sonic-movie.jp/sonic-movie/page/11/index.html@doing_wp_cron=1745418149.0813419818878173828125&paged=16
 create mode 100644 sonic-movie.jp/sonic-movie/page/11/index.html@doing_wp_cron=1745418149.0813419818878173828125&paged=17
 create mode 100644 sonic-movie.jp/sonic-movie/page/11/index.html@doing_wp_cron=1745418149.0813419818878173828125&paged=6
 create mode 100644 sonic-movie.jp/sonic-movie/page/11/index.html@doing_wp_cron=1745418149.0813419818878173828125&paged=7
 create mode 100644 sonic-movie.jp/sonic-movie/page/11/index.html@doing_wp_cron=1745418149.0813419818878173828125&paged=8
 create mode 100644 sonic-movie.jp/sonic-movie/page/11/index.html@doing_wp_cron=1745418149.0813419818878173828125&paged=9
 create mode 100644 sonic-movie.jp/sonic-movie/page/12/index.html@doing_wp_cron=1745418149.0813419818878173828125&paged=1
 create mode 100644 sonic-movie.jp/sonic-movie/page/12/index.html@doing_wp_cron=1745418149.0813419818878173828125&paged=10
 create mode 100644 sonic-movie.jp/sonic-movie/page/12/index.html@doing_wp_cron=1745418149.0813419818878173828125&paged=11
 create mode 100644 sonic-movie.jp/sonic-movie/page/12/index.html@doing_wp_cron=1745418149.0813419818878173828125&paged=13
 create mode 100644 sonic-movie.jp/sonic-movie/page/12/index.html@doing_wp_cron=1745418149.0813419818878173828125&paged=14
 create mode 100644 sonic-movie.jp/sonic-movie/page/12/index.html@doing_wp_cron=1745418149.0813419818878173828125&paged=15
 create mode 100644 sonic-movie.jp/sonic-movie/page/12/index.html@doing_wp_cron=1745418149.0813419818878173828125&paged=16
 create mode 100644 sonic-movie.jp/sonic-movie/page/12/index.html@doing_wp_cron=1745418149.0813419818878173828125&paged=17
 create mode 100644 sonic-movie.jp/sonic-movie/page/12/index.html@doing_wp_cron=1745418149.0813419818878173828125&paged=7
 create mode 100644 sonic-movie.jp/sonic-movie/page/12/index.html@doing_wp_cron=1745418149.0813419818878173828125&paged=8
 create mode 100644 sonic-movie.jp/sonic-movie/page/12/index.html@doing_wp_cron=1745418149.0813419818878173828125&paged=9
 create mode 100644 sonic-movie.jp/sonic-movie/page/13/index.html@doing_wp_cron=1745418149.0813419818878173828125&paged=1
 create mode 100644 sonic-movie.jp/sonic-movie/page/13/index.html@doing_wp_cron=1745418149.0813419818878173828125&paged=10
 create mode 100644 sonic-movie.jp/sonic-movie/page/13/index.html@doing_wp_cron=1745418149.0813419818878173828125&paged=11
 create mode 100644 sonic-movie.jp/sonic-movie/page/13/index.html@doing_wp_cron=1745418149.0813419818878173828125&paged=12
 create mode 100644 sonic-movie.jp/sonic-movie/page/13/index.html@doing_wp_cron=1745418149.0813419818878173828125&paged=14
 create mode 100644 sonic-movie.jp/sonic-movie/page/13/index.html@doing_wp_cron=1745418149.0813419818878173828125&paged=15
 create mode 100644 sonic-movie.jp/sonic-movie/page/13/index.html@doing_wp_cron=1745418149.0813419818878173828125&paged=16
 create mode 100644 sonic-movie.jp/sonic-movie/page/13/index.html@doing_wp_cron=1745418149.0813419818878173828125&paged=17
 create mode 100644 sonic-movie.jp/sonic-movie/page/13/index.html@doing_wp_cron=1745418149.0813419818878173828125&paged=8
 create mode 100644 sonic-movie.jp/sonic-movie/page/13/index.html@doing_wp_cron=1745418149.0813419818878173828125&paged=9
 create mode 100644 sonic-movie.jp/sonic-movie/page/14/index.html@doing_wp_cron=1745418149.0813419818878173828125&paged=1
 create mode 100644 sonic-movie.jp/sonic-movie/page/14/index.html@doing_wp_cron=1745418149.0813419818878173828125&paged=10
 create mode 100644 sonic-movie.jp/sonic-movie/page/14/index.html@doing_wp_cron=1745418149.0813419818878173828125&paged=11
 create mode 100644 sonic-movie.jp/sonic-movie/page/14/index.html@doing_wp_cron=1745418149.0813419818878173828125&paged=12
 create mode 100644 sonic-movie.jp/sonic-movie/page/14/index.html@doing_wp_cron=1745418149.0813419818878173828125&paged=13
 create mode 100644 sonic-movie.jp/sonic-movie/page/14/index.html@doing_wp_cron=1745418149.0813419818878173828125&paged=15
 create mode 100644 sonic-movie.jp/sonic-movie/page/14/index.html@doing_wp_cron=1745418149.0813419818878173828125&paged=16
 create mode 100644 sonic-movie.jp/sonic-movie/page/14/index.html@doing_wp_cron=1745418149.0813419818878173828125&paged=17
 create mode 100644 sonic-movie.jp/sonic-movie/page/14/index.html@doing_wp_cron=1745418149.0813419818878173828125&paged=9
 create mode 100644 sonic-movie.jp/sonic-movie/page/15/index.html@doing_wp_cron=1745418149.0813419818878173828125&paged=1
 create mode 100644 sonic-movie.jp/sonic-movie/page/15/index.html@doing_wp_cron=1745418149.0813419818878173828125&paged=10
 create mode 100644 sonic-movie.jp/sonic-movie/page/15/index.html@doing_wp_cron=1745418149.0813419818878173828125&paged=11
 create mode 100644 sonic-movie.jp/sonic-movie/page/15/index.html@doing_wp_cron=1745418149.0813419818878173828125&paged=12
 create mode 100644 sonic-movie.jp/sonic-movie/page/15/index.html@doing_wp_cron=1745418149.0813419818878173828125&paged=13
 create mode 100644 sonic-movie.jp/sonic-movie/page/15/index.html@doing_wp_cron=1745418149.0813419818878173828125&paged=14
 create mode 100644 sonic-movie.jp/sonic-movie/page/15/index.html@doing_wp_cron=1745418149.0813419818878173828125&paged=16
 create mode 100644 sonic-movie.jp/sonic-movie/page/15/index.html@doing_wp_cron=1745418149.0813419818878173828125&paged=17
 create mode 100644 sonic-movie.jp/sonic-movie/page/16/index.html@doing_wp_cron=1745418149.0813419818878173828125&paged=1
 create mode 100644 sonic-movie.jp/sonic-movie/page/16/index.html@doing_wp_cron=1745418149.0813419818878173828125&paged=11
 create mode 100644 sonic-movie.jp/sonic-movie/page/16/index.html@doing_wp_cron=1745418149.0813419818878173828125&paged=12
 create mode 100644 sonic-movie.jp/sonic-movie/page/16/index.html@doing_wp_cron=1745418149.0813419818878173828125&paged=13
 create mode 100644 sonic-movie.jp/sonic-movie/page/16/index.html@doing_wp_cron=1745418149.0813419818878173828125&paged=14
 create mode 100644 sonic-movie.jp/sonic-movie/page/16/index.html@doing_wp_cron=1745418149.0813419818878173828125&paged=15
 create mode 100644 sonic-movie.jp/sonic-movie/page/16/index.html@doing_wp_cron=1745418149.0813419818878173828125&paged=17
 create mode 100644 sonic-movie.jp/sonic-movie/page/17/index.html@doing_wp_cron=1745418149.0813419818878173828125&paged=1
 create mode 100644 sonic-movie.jp/sonic-movie/page/17/index.html@doing_wp_cron=1745418149.0813419818878173828125&paged=12
 create mode 100644 sonic-movie.jp/sonic-movie/page/17/index.html@doing_wp_cron=1745418149.0813419818878173828125&paged=13
 create mode 100644 sonic-movie.jp/sonic-movie/page/17/index.html@doing_wp_cron=1745418149.0813419818878173828125&paged=14
 create mode 100644 sonic-movie.jp/sonic-movie/page/17/index.html@doing_wp_cron=1745418149.0813419818878173828125&paged=15
 create mode 100644 sonic-movie.jp/sonic-movie/page/17/index.html@doing_wp_cron=1745418149.0813419818878173828125&paged=16
 create mode 100644 sonic-movie.jp/sonic-movie/page/2/index.html@doing_wp_cron=1745418149.0813419818878173828125&paged=1
 create mode 100644 sonic-movie.jp/sonic-movie/page/2/index.html@doing_wp_cron=1745418149.0813419818878173828125&paged=17
 create mode 100644 sonic-movie.jp/sonic-movie/page/2/index.html@doing_wp_cron=1745418149.0813419818878173828125&paged=3
 create mode 100644 sonic-movie.jp/sonic-movie/page/2/index.html@doing_wp_cron=1745418149.0813419818878173828125&paged=4
 create mode 100644 sonic-movie.jp/sonic-movie/page/2/index.html@doing_wp_cron=1745418149.0813419818878173828125&paged=5
 create mode 100644 sonic-movie.jp/sonic-movie/page/2/index.html@doing_wp_cron=1745418149.0813419818878173828125&paged=6
 create mode 100644 sonic-movie.jp/sonic-movie/page/2/index.html@doing_wp_cron=1745418149.0813419818878173828125&paged=7
 create mode 100644 sonic-movie.jp/sonic-movie/page/3/index.html@doing_wp_cron=1745418149.0813419818878173828125&paged=1
 create mode 100644 sonic-movie.jp/sonic-movie/page/3/index.html@doing_wp_cron=1745418149.0813419818878173828125&paged=17
 create mode 100644 sonic-movie.jp/sonic-movie/page/3/index.html@doing_wp_cron=1745418149.0813419818878173828125&paged=2
 create mode 100644 sonic-movie.jp/sonic-movie/page/3/index.html@doing_wp_cron=1745418149.0813419818878173828125&paged=4
 create mode 100644 sonic-movie.jp/sonic-movie/page/3/index.html@doing_wp_cron=1745418149.0813419818878173828125&paged=5
 create mode 100644 sonic-movie.jp/sonic-movie/page/3/index.html@doing_wp_cron=1745418149.0813419818878173828125&paged=6
 create mode 100644 sonic-movie.jp/sonic-movie/page/3/index.html@doing_wp_cron=1745418149.0813419818878173828125&paged=7
 create mode 100644 sonic-movie.jp/sonic-movie/page/3/index.html@doing_wp_cron=1745418149.0813419818878173828125&paged=8
 create mode 100644 sonic-movie.jp/sonic-movie/page/4/index.html@doing_wp_cron=1745418149.0813419818878173828125&paged=1
 create mode 100644 sonic-movie.jp/sonic-movie/page/4/index.html@doing_wp_cron=1745418149.0813419818878173828125&paged=17
 create mode 100644 sonic-movie.jp/sonic-movie/page/4/index.html@doing_wp_cron=1745418149.0813419818878173828125&paged=2
 create mode 100644 sonic-movie.jp/sonic-movie/page/4/index.html@doing_wp_cron=1745418149.0813419818878173828125&paged=3
 create mode 100644 sonic-movie.jp/sonic-movie/page/4/index.html@doing_wp_cron=1745418149.0813419818878173828125&paged=5
 create mode 100644 sonic-movie.jp/sonic-movie/page/4/index.html@doing_wp_cron=1745418149.0813419818878173828125&paged=6
 create mode 100644 sonic-movie.jp/sonic-movie/page/4/index.html@doing_wp_cron=1745418149.0813419818878173828125&paged=7
 create mode 100644 sonic-movie.jp/sonic-movie/page/4/index.html@doing_wp_cron=1745418149.0813419818878173828125&paged=8
 create mode 100644 sonic-movie.jp/sonic-movie/page/4/index.html@doing_wp_cron=1745418149.0813419818878173828125&paged=9
 create mode 100644 sonic-movie.jp/sonic-movie/page/5/index.html@doing_wp_cron=1745418149.0813419818878173828125&paged=1
 create mode 100644 sonic-movie.jp/sonic-movie/page/5/index.html@doing_wp_cron=1745418149.0813419818878173828125&paged=10
 create mode 100644 sonic-movie.jp/sonic-movie/page/5/index.html@doing_wp_cron=1745418149.0813419818878173828125&paged=17
 create mode 100644 sonic-movie.jp/sonic-movie/page/5/index.html@doing_wp_cron=1745418149.0813419818878173828125&paged=2
 create mode 100644 sonic-movie.jp/sonic-movie/page/5/index.html@doing_wp_cron=1745418149.0813419818878173828125&paged=3
 create mode 100644 sonic-movie.jp/sonic-movie/page/5/index.html@doing_wp_cron=1745418149.0813419818878173828125&paged=4
 create mode 100644 sonic-movie.jp/sonic-movie/page/5/index.html@doing_wp_cron=1745418149.0813419818878173828125&paged=6
 create mode 100644 sonic-movie.jp/sonic-movie/page/5/index.html@doing_wp_cron=1745418149.0813419818878173828125&paged=7
 create mode 100644 sonic-movie.jp/sonic-movie/page/5/index.html@doing_wp_cron=1745418149.0813419818878173828125&paged=8
 create mode 100644 sonic-movie.jp/sonic-movie/page/5/index.html@doing_wp_cron=1745418149.0813419818878173828125&paged=9
 create mode 100644 sonic-movie.jp/sonic-movie/page/6/index.html@doing_wp_cron=1745418149.0813419818878173828125&paged=1
 create mode 100644 sonic-movie.jp/sonic-movie/page/6/index.html@doing_wp_cron=1745418149.0813419818878173828125&paged=10
 create mode 100644 sonic-movie.jp/sonic-movie/page/6/index.html@doing_wp_cron=1745418149.0813419818878173828125&paged=11
 create mode 100644 sonic-movie.jp/sonic-movie/page/6/index.html@doing_wp_cron=1745418149.0813419818878173828125&paged=17
 create mode 100644 sonic-movie.jp/sonic-movie/page/6/index.html@doing_wp_cron=1745418149.0813419818878173828125&paged=2
 create mode 100644 sonic-movie.jp/sonic-movie/page/6/index.html@doing_wp_cron=1745418149.0813419818878173828125&paged=3
 create mode 100644 sonic-movie.jp/sonic-movie/page/6/index.html@doing_wp_cron=1745418149.0813419818878173828125&paged=4
 create mode 100644 sonic-movie.jp/sonic-movie/page/6/index.html@doing_wp_cron=1745418149.0813419818878173828125&paged=5
 create mode 100644 sonic-movie.jp/sonic-movie/page/6/index.html@doing_wp_cron=1745418149.0813419818878173828125&paged=7
 create mode 100644 sonic-movie.jp/sonic-movie/page/6/index.html@doing_wp_cron=1745418149.0813419818878173828125&paged=8
 create mode 100644 sonic-movie.jp/sonic-movie/page/6/index.html@doing_wp_cron=1745418149.0813419818878173828125&paged=9
 create mode 100644 sonic-movie.jp/sonic-movie/page/7/index.html@doing_wp_cron=1745418149.0813419818878173828125&paged=1
 create mode 100644 sonic-movie.jp/sonic-movie/page/7/index.html@doing_wp_cron=1745418149.0813419818878173828125&paged=10
 create mode 100644 sonic-movie.jp/sonic-movie/page/7/index.html@doing_wp_cron=1745418149.0813419818878173828125&paged=11
 create mode 100644 sonic-movie.jp/sonic-movie/page/7/index.html@doing_wp_cron=1745418149.0813419818878173828125&paged=12
 create mode 100644 sonic-movie.jp/sonic-movie/page/7/index.html@doing_wp_cron=1745418149.0813419818878173828125&paged=17
 create mode 100644 sonic-movie.jp/sonic-movie/page/7/index.html@doing_wp_cron=1745418149.0813419818878173828125&paged=2
 create mode 100644 sonic-movie.jp/sonic-movie/page/7/index.html@doing_wp_cron=1745418149.0813419818878173828125&paged=3
 create mode 100644 sonic-movie.jp/sonic-movie/page/7/index.html@doing_wp_cron=1745418149.0813419818878173828125&paged=4
 create mode 100644 sonic-movie.jp/sonic-movie/page/7/index.html@doing_wp_cron=1745418149.0813419818878173828125&paged=5
 create mode 100644 sonic-movie.jp/sonic-movie/page/7/index.html@doing_wp_cron=1745418149.0813419818878173828125&paged=6
 create mode 100644 sonic-movie.jp/sonic-movie/page/7/index.html@doing_wp_cron=1745418149.0813419818878173828125&paged=8
 create mode 100644 sonic-movie.jp/sonic-movie/page/7/index.html@doing_wp_cron=1745418149.0813419818878173828125&paged=9
 create mode 100644 sonic-movie.jp/sonic-movie/page/8/index.html@doing_wp_cron=1745418149.0813419818878173828125&paged=1
 create mode 100644 sonic-movie.jp/sonic-movie/page/8/index.html@doing_wp_cron=1745418149.0813419818878173828125&paged=10
 create mode 100644 sonic-movie.jp/sonic-movie/page/8/index.html@doing_wp_cron=1745418149.0813419818878173828125&paged=11
 create mode 100644 sonic-movie.jp/sonic-movie/page/8/index.html@doing_wp_cron=1745418149.0813419818878173828125&paged=12
 create mode 100644 sonic-movie.jp/sonic-movie/page/8/index.html@doing_wp_cron=1745418149.0813419818878173828125&paged=13
 create mode 100644 sonic-movie.jp/sonic-movie/page/8/index.html@doing_wp_cron=1745418149.0813419818878173828125&paged=17
 create mode 100644 sonic-movie.jp/sonic-movie/page/8/index.html@doing_wp_cron=1745418149.0813419818878173828125&paged=3
 create mode 100644 sonic-movie.jp/sonic-movie/page/8/index.html@doing_wp_cron=1745418149.0813419818878173828125&paged=4
 create mode 100644 sonic-movie.jp/sonic-movie/page/8/index.html@doing_wp_cron=1745418149.0813419818878173828125&paged=5
 create mode 100644 sonic-movie.jp/sonic-movie/page/8/index.html@doing_wp_cron=1745418149.0813419818878173828125&paged=6
 create mode 100644 sonic-movie.jp/sonic-movie/page/8/index.html@doing_wp_cron=1745418149.0813419818878173828125&paged=7
 create mode 100644 sonic-movie.jp/sonic-movie/page/8/index.html@doing_wp_cron=1745418149.0813419818878173828125&paged=9
 create mode 100644 sonic-movie.jp/sonic-movie/page/9/index.html@doing_wp_cron=1745418149.0813419818878173828125&paged=1
 create mode 100644 sonic-movie.jp/sonic-movie/page/9/index.html@doing_wp_cron=1745418149.0813419818878173828125&paged=10
 create mode 100644 sonic-movie.jp/sonic-movie/page/9/index.html@doing_wp_cron=1745418149.0813419818878173828125&paged=11
 create mode 100644 sonic-movie.jp/sonic-movie/page/9/index.html@doing_wp_cron=1745418149.0813419818878173828125&paged=12
 create mode 100644 sonic-movie.jp/sonic-movie/page/9/index.html@doing_wp_cron=1745418149.0813419818878173828125&paged=13
 create mode 100644 sonic-movie.jp/sonic-movie/page/9/index.html@doing_wp_cron=1745418149.0813419818878173828125&paged=14
 create mode 100644 sonic-movie.jp/sonic-movie/page/9/index.html@doing_wp_cron=1745418149.0813419818878173828125&paged=17
 create mode 100644 sonic-movie.jp/sonic-movie/page/9/index.html@doing_wp_cron=1745418149.0813419818878173828125&paged=4
 create mode 100644 sonic-movie.jp/sonic-movie/page/9/index.html@doing_wp_cron=1745418149.0813419818878173828125&paged=5
 create mode 100644 sonic-movie.jp/sonic-movie/page/9/index.html@doing_wp_cron=1745418149.0813419818878173828125&paged=6
 create mode 100644 sonic-movie.jp/sonic-movie/page/9/index.html@doing_wp_cron=1745418149.0813419818878173828125&paged=7
 create mode 100644 sonic-movie.jp/sonic-movie/page/9/index.html@doing_wp_cron=1745418149.0813419818878173828125&paged=8
 create mode 100644 sonic.sega.jp/SonicRacingCrossWorlds/assets_teaser/css/top.min.css@upd
 create mode 100644 sonic.sega.jp/SonicRacingCrossWorlds/assets_teaser/images/common/KV-pc.webp
 create mode 100644 sonic.sega.jp/SonicRacingCrossWorlds/assets_teaser/images/common/KV-sp.webp
 create mode 100644 sonic.sega.jp/SonicRacingCrossWorlds/assets_teaser/images/common/arr-rb-l.png
 create mode 100644 sonic.sega.jp/SonicRacingCrossWorlds/assets_teaser/images/common/arr-rb-r.png
 create mode 100644 sonic.sega.jp/SonicRacingCrossWorlds/assets_teaser/images/common/arr01.webp
 create mode 100644 sonic.sega.jp/SonicRacingCrossWorlds/assets_teaser/images/common/arr02.webp
 create mode 100644 sonic.sega.jp/SonicRacingCrossWorlds/assets_teaser/images/common/beam01.webp
 create mode 100644 sonic.sega.jp/SonicRacingCrossWorlds/assets_teaser/images/common/bgobject01.png
 create mode 100644 sonic.sega.jp/SonicRacingCrossWorlds/assets_teaser/images/common/bgobject03.png
 create mode 100644 sonic.sega.jp/SonicRacingCrossWorlds/assets_teaser/images/common/btn-automovie.webp
 create mode 100644 sonic.sega.jp/SonicRacingCrossWorlds/assets_teaser/images/common/bubble.png
 create mode 100644 sonic.sega.jp/SonicRacingCrossWorlds/assets_teaser/images/common/close.png
 create mode 100644 sonic.sega.jp/SonicRacingCrossWorlds/assets_teaser/images/common/cnt/bgobject02.png
 create mode 100644 sonic.sega.jp/SonicRacingCrossWorlds/assets_teaser/images/common/cnt/chara-cs.webp
 create mode 100644 sonic.sega.jp/SonicRacingCrossWorlds/assets_teaser/images/common/cnt/chara01.png
 create mode 100644 sonic.sega.jp/SonicRacingCrossWorlds/assets_teaser/images/common/cnt/chara02.png
 create mode 100644 sonic.sega.jp/SonicRacingCrossWorlds/assets_teaser/images/common/cnt/chara03.png
 create mode 100644 sonic.sega.jp/SonicRacingCrossWorlds/assets_teaser/images/common/cnt/chara04.png
 create mode 100644 sonic.sega.jp/SonicRacingCrossWorlds/assets_teaser/images/common/cnt/chara05.png
 create mode 100644 sonic.sega.jp/SonicRacingCrossWorlds/assets_teaser/images/common/cnt/chara06.png
 create mode 100644 sonic.sega.jp/SonicRacingCrossWorlds/assets_teaser/images/common/cnt/chara07.png
 create mode 100644 sonic.sega.jp/SonicRacingCrossWorlds/assets_teaser/images/common/cnt/chara08.png
 create mode 100644 sonic.sega.jp/SonicRacingCrossWorlds/assets_teaser/images/common/cnt/chara09.png
 create mode 100644 sonic.sega.jp/SonicRacingCrossWorlds/assets_teaser/images/common/cnt/cross01.png
 create mode 100644 sonic.sega.jp/SonicRacingCrossWorlds/assets_teaser/images/common/cnt/cross02.png
 create mode 100644 sonic.sega.jp/SonicRacingCrossWorlds/assets_teaser/images/common/cnt/cross03.png
 create mode 100644 sonic.sega.jp/SonicRacingCrossWorlds/assets_teaser/images/common/cnt/cross04.png
 create mode 100644 sonic.sega.jp/SonicRacingCrossWorlds/assets_teaser/images/common/cnt/cross05.png
 create mode 100644 sonic.sega.jp/SonicRacingCrossWorlds/assets_teaser/images/common/cnt/crossBg.png
 create mode 100644 sonic.sega.jp/SonicRacingCrossWorlds/assets_teaser/images/common/cnt/kvTtile.png
 create mode 100644 sonic.sega.jp/SonicRacingCrossWorlds/assets_teaser/images/common/cnt/main01.png
 create mode 100644 sonic.sega.jp/SonicRacingCrossWorlds/assets_teaser/images/common/cnt/main02.png
 create mode 100644 sonic.sega.jp/SonicRacingCrossWorlds/assets_teaser/images/common/cnt/main03.png
 create mode 100644 sonic.sega.jp/SonicRacingCrossWorlds/assets_teaser/images/common/cnt/main04.png
 create mode 100644 sonic.sega.jp/SonicRacingCrossWorlds/assets_teaser/images/common/cnt/main05.png
 create mode 100644 sonic.sega.jp/SonicRacingCrossWorlds/assets_teaser/images/common/cnt/main06.png
 create mode 100644 sonic.sega.jp/SonicRacingCrossWorlds/assets_teaser/images/common/cnt/mainBg.png
 create mode 100644 sonic.sega.jp/SonicRacingCrossWorlds/assets_teaser/images/common/cnt/ss/cross01.png
 create mode 100644 sonic.sega.jp/SonicRacingCrossWorlds/assets_teaser/images/common/cnt/ss/cross02.png
 create mode 100644 sonic.sega.jp/SonicRacingCrossWorlds/assets_teaser/images/common/cnt/ss/cross03.png
 create mode 100644 sonic.sega.jp/SonicRacingCrossWorlds/assets_teaser/images/common/cnt/ss/cross04.png
 create mode 100644 sonic.sega.jp/SonicRacingCrossWorlds/assets_teaser/images/common/cnt/ss/cross05.png
 create mode 100644 sonic.sega.jp/SonicRacingCrossWorlds/assets_teaser/images/common/cnt/ss/main01.png
 create mode 100644 sonic.sega.jp/SonicRacingCrossWorlds/assets_teaser/images/common/cnt/ss/main02.png
 create mode 100644 sonic.sega.jp/SonicRacingCrossWorlds/assets_teaser/images/common/cnt/ss/main03.png
 create mode 100644 sonic.sega.jp/SonicRacingCrossWorlds/assets_teaser/images/common/cnt/ss/main04.png
 create mode 100644 sonic.sega.jp/SonicRacingCrossWorlds/assets_teaser/images/common/cnt/ss/main05.png
 create mode 100644 sonic.sega.jp/SonicRacingCrossWorlds/assets_teaser/images/common/cnt/ss/main06.png
 create mode 100644 sonic.sega.jp/SonicRacingCrossWorlds/assets_teaser/images/common/comingsoon.webp
 create mode 100644 sonic.sega.jp/SonicRacingCrossWorlds/assets_teaser/images/common/contentBg-pc.webp
 create mode 100644 sonic.sega.jp/SonicRacingCrossWorlds/assets_teaser/images/common/contentBg-sp.webp
 create mode 100644 sonic.sega.jp/SonicRacingCrossWorlds/assets_teaser/images/common/eg-btn.png
 create mode 100644 sonic.sega.jp/SonicRacingCrossWorlds/assets_teaser/images/common/instagram.png
 create mode 100644 sonic.sega.jp/SonicRacingCrossWorlds/assets_teaser/images/common/intro.png
 create mode 100644 sonic.sega.jp/SonicRacingCrossWorlds/assets_teaser/images/common/lang.png
 create mode 100644 sonic.sega.jp/SonicRacingCrossWorlds/assets_teaser/images/common/line-l.png
 create mode 100644 sonic.sega.jp/SonicRacingCrossWorlds/assets_teaser/images/common/line-r.png
 create mode 100644 sonic.sega.jp/SonicRacingCrossWorlds/assets_teaser/images/common/line-rb-l.png
 create mode 100644 sonic.sega.jp/SonicRacingCrossWorlds/assets_teaser/images/common/line-rb-r.png
 create mode 100644 sonic.sega.jp/SonicRacingCrossWorlds/assets_teaser/images/common/line-y-l.png
 create mode 100644 sonic.sega.jp/SonicRacingCrossWorlds/assets_teaser/images/common/line-y-r.png
 create mode 100644 sonic.sega.jp/SonicRacingCrossWorlds/assets_teaser/images/common/line01-pc.png
 create mode 100644 sonic.sega.jp/SonicRacingCrossWorlds/assets_teaser/images/common/line01-sp.png
 create mode 100644 sonic.sega.jp/SonicRacingCrossWorlds/assets_teaser/images/common/line02-pc.png
 create mode 100644 sonic.sega.jp/SonicRacingCrossWorlds/assets_teaser/images/common/line02-sp.png
 create mode 100644 sonic.sega.jp/SonicRacingCrossWorlds/assets_teaser/images/common/logo_sega.png
 create mode 100644 sonic.sega.jp/SonicRacingCrossWorlds/assets_teaser/images/common/menu/menu-close.webp
 create mode 100644 sonic.sega.jp/SonicRacingCrossWorlds/assets_teaser/images/common/menu/menu-open.webp
 create mode 100644 sonic.sega.jp/SonicRacingCrossWorlds/assets_teaser/images/common/menu/menubtn-about.webp
 create mode 100644 sonic.sega.jp/SonicRacingCrossWorlds/assets_teaser/images/common/menu/menubtn-chara.webp
 create mode 100644 sonic.sega.jp/SonicRacingCrossWorlds/assets_teaser/images/common/menu/menubtn-course.webp
 create mode 100644 sonic.sega.jp/SonicRacingCrossWorlds/assets_teaser/images/common/menu/menubtn-machine.webp
 create mode 100644 sonic.sega.jp/SonicRacingCrossWorlds/assets_teaser/images/common/menu/menubtn-video.webp
 create mode 100644 sonic.sega.jp/SonicRacingCrossWorlds/assets_teaser/images/common/mesh.png
 create mode 100644 sonic.sega.jp/SonicRacingCrossWorlds/assets_teaser/images/common/minus-rb.png
 create mode 100644 sonic.sega.jp/SonicRacingCrossWorlds/assets_teaser/images/common/minus-y.png
 create mode 100644 sonic.sega.jp/SonicRacingCrossWorlds/assets_teaser/images/common/minus.png
 create mode 100644 sonic.sega.jp/SonicRacingCrossWorlds/assets_teaser/images/common/ms-btn.png
 create mode 100644 sonic.sega.jp/SonicRacingCrossWorlds/assets_teaser/images/common/net.png
 create mode 100644 sonic.sega.jp/SonicRacingCrossWorlds/assets_teaser/images/common/pcmenu-bg.webp
 create mode 100644 sonic.sega.jp/SonicRacingCrossWorlds/assets_teaser/images/common/pf.webp
 create mode 100644 sonic.sega.jp/SonicRacingCrossWorlds/assets_teaser/images/common/plus-rb.png
 create mode 100644 sonic.sega.jp/SonicRacingCrossWorlds/assets_teaser/images/common/plus-y.png
 create mode 100644 sonic.sega.jp/SonicRacingCrossWorlds/assets_teaser/images/common/plus.png
 create mode 100644 sonic.sega.jp/SonicRacingCrossWorlds/assets_teaser/images/common/ps-btn.png
 create mode 100644 sonic.sega.jp/SonicRacingCrossWorlds/assets_teaser/images/common/sns_facebook.png
 create mode 100644 sonic.sega.jp/SonicRacingCrossWorlds/assets_teaser/images/common/sns_line.png
 create mode 100644 sonic.sega.jp/SonicRacingCrossWorlds/assets_teaser/images/common/sns_x.png
 create mode 100644 sonic.sega.jp/SonicRacingCrossWorlds/assets_teaser/images/common/st-btn.png
 create mode 100644 sonic.sega.jp/SonicRacingCrossWorlds/assets_teaser/images/common/title01.png
 create mode 100644 sonic.sega.jp/SonicRacingCrossWorlds/assets_teaser/images/common/title02.webp
 create mode 100644 sonic.sega.jp/SonicRacingCrossWorlds/assets_teaser/images/common/titleBg-rb.png
 create mode 100644 sonic.sega.jp/SonicRacingCrossWorlds/assets_teaser/images/common/titleBg-y.png
 create mode 100644 sonic.sega.jp/SonicRacingCrossWorlds/assets_teaser/images/common/titleBg.png
 create mode 100644 sonic.sega.jp/SonicRacingCrossWorlds/assets_teaser/images/common/weibo.png
 create mode 100644 sonic.sega.jp/SonicRacingCrossWorlds/assets_teaser/images/common/x-fotter.png
 create mode 100644 sonic.sega.jp/SonicRacingCrossWorlds/assets_teaser/images/jp/cnt/machine01.png
 create mode 100644 sonic.sega.jp/SonicRacingCrossWorlds/assets_teaser/images/jp/cnt/machine02.png
 create mode 100644 sonic.sega.jp/SonicRacingCrossWorlds/assets_teaser/images/jp/cnt/machine03.png
 create mode 100644 sonic.sega.jp/SonicRacingCrossWorlds/assets_teaser/images/jp/cnt/machine04.png
 create mode 100644 sonic.sega.jp/SonicRacingCrossWorlds/assets_teaser/images/jp/cnt/ss/ss01.png
 create mode 100644 sonic.sega.jp/SonicRacingCrossWorlds/assets_teaser/images/jp/cnt/ss/ss02.png
 create mode 100644 sonic.sega.jp/SonicRacingCrossWorlds/assets_teaser/images/jp/cnt/ss/ss03.png
 create mode 100644 sonic.sega.jp/SonicRacingCrossWorlds/assets_teaser/images/jp/cnt/ss01.png
 create mode 100644 sonic.sega.jp/SonicRacingCrossWorlds/assets_teaser/images/jp/cnt/ss02.png
 create mode 100644 sonic.sega.jp/SonicRacingCrossWorlds/assets_teaser/images/jp/cnt/ss03.png
 create mode 100644 sonic.sega.jp/SonicRacingCrossWorlds/assets_teaser/images/jp/con01-img01-pc.png
 create mode 100644 sonic.sega.jp/SonicRacingCrossWorlds/assets_teaser/images/jp/con01-img01-sp.png
 create mode 100644 sonic.sega.jp/SonicRacingCrossWorlds/assets_teaser/images/jp/con01-img02-pc.png
 create mode 100644 sonic.sega.jp/SonicRacingCrossWorlds/assets_teaser/images/jp/con01-img02-sp.png
 create mode 100644 sonic.sega.jp/SonicRacingCrossWorlds/assets_teaser/images/jp/logo.png
 create mode 100644 sonic.sega.jp/SonicRacingCrossWorlds/assets_teaser/images/jp/movie01.png
 create mode 100644 sonic.sega.jp/SonicRacingCrossWorlds/assets_teaser/images/jp/movie02.png
 create mode 100644 sonic.sega.jp/SonicRacingCrossWorlds/assets_teaser/js/common.js
 create mode 100644 sonic.sega.jp/SonicRacingCrossWorlds/assets_teaser/js/libs/jquery-3.7.1.min.js
 create mode 100644 sonic.sega.jp/SonicRacingCrossWorlds/assets_teaser/js/libs/jquery.colorbox-min.js
 create mode 100644 sonic.sega.jp/SonicRacingCrossWorlds/assets_teaser/js/libs/jquery.inview.min.js
 create mode 100644 sonic.sega.jp/SonicRacingCrossWorlds/assets_teaser/js/libs/lazysizes.min.5.1.2.js
 create mode 100644 sonic.sega.jp/SonicRacingCrossWorlds/assets_teaser/js/libs/lenis.min.js
 create mode 100644 sonic.sega.jp/SonicRacingCrossWorlds/assets_teaser/js/libs/slick.min.js
 create mode 100644 sonic.sega.jp/SonicRacingCrossWorlds/assets_teaser/js/libs/trig.min.js
 create mode 100644 sonic.sega.jp/SonicRacingCrossWorlds/assets_teaser/js/main.js
 create mode 100644 sonic.sega.jp/SonicRacingCrossWorlds/assets_teaser/js/youtubeCall.js
