Already up to date.
Deleted file - D:\GitHub\SonicChannelTrack\sonic.sega.jp\sonicchannel\about.1
Deleted file - D:\GitHub\SonicChannelTrack\sonic.sega.jp\sonicchannel\character.1
Deleted file - D:\GitHub\SonicChannelTrack\sonic.sega.jp\sonicchannel\fangallery.1
Deleted file - D:\GitHub\SonicChannelTrack\sonic.sega.jp\sonicchannel\special.1
Deleted file - D:\GitHub\SonicChannelTrack\sonic.sega.jp\sonicchannel\fangallery\apply.1
Deleted file - D:\GitHub\SonicChannelTrack\sonic.sega.jp\sonicchannel\fangallery\fanart.1
Deleted file - D:\GitHub\SonicChannelTrack\sonic.sega.jp\sonicchannel\fangallery\screenshot.1
Deleted file - D:\GitHub\SonicChannelTrack\sonic.sega.jp\sonicchannel\special\sidestory.1
Deleted file - D:\GitHub\SonicChannelTrack\sonic.sega.jp\sonicchannel\special\sns.1
Deleted file - D:\GitHub\SonicChannelTrack\sonic.sega.jp\sonicchannel\special\staffcolumn.1
Deleted file - D:\GitHub\SonicChannelTrack\sonic.sega.jp\sonicchannel\special\gamecontents\soniccolors.1
Deleted file - D:\GitHub\SonicChannelTrack\sonic.sega.jp\sonicchannel\special\gamecontents\sonicforces.1
Deleted file - D:\GitHub\SonicChannelTrack\sonic.sega.jp\sonicchannel\special\gamecontents\sonicmania.1
Deleted file - D:\GitHub\SonicChannelTrack\sonic.sega.jp\sonicchannel\special\sidestory\comic.1
Deleted file - D:\GitHub\SonicChannelTrack\sonic.sega.jp\sonicchannel\special\sidestory\coverstory.1
Deleted file - D:\GitHub\SonicChannelTrack\sonic.sega.jp\sonicchannel\special\sidestory\ohgiri.1
Deleted file - D:\GitHub\SonicChannelTrack\sonic.sega.jp\sonicchannel\special\soundcolumn\ohtani.1
Deleted file - D:\GitHub\SonicChannelTrack\sonic.sega.jp\sonicchannel\special\soundcolumn\senoue.1
Deleted file - D:\GitHub\SonicChannelTrack\sonic.sega.jp\sonicchannel\topics\collaboration.1
Deleted file - D:\GitHub\SonicChannelTrack\sonic.sega.jp\sonicchannel\topics\event.1
Deleted file - D:\GitHub\SonicChannelTrack\sonic.sega.jp\sonicchannel\topics\goods.1
Deleted file - D:\GitHub\SonicChannelTrack\sonic.sega.jp\sonicchannel\topics\information.1
Deleted file - D:\GitHub\SonicChannelTrack\sonic.sega.jp\sonicchannel\topics\sound.1
Deleted file - D:\GitHub\SonicChannelTrack\sonic.sega.jp\sonicchannel\topics\goods\20190607_001917.1
Deleted file - D:\GitHub\SonicChannelTrack\sonic.sega.jp\sonicchannel\about.2
Deleted file - D:\GitHub\SonicChannelTrack\sonic.sega.jp\sonicchannel\character.2
Deleted file - D:\GitHub\SonicChannelTrack\sonic.sega.jp\sonicchannel\fangallery.2
Deleted file - D:\GitHub\SonicChannelTrack\sonic.sega.jp\sonicchannel\special.2
Deleted file - D:\GitHub\SonicChannelTrack\sonic.sega.jp\sonicchannel\fangallery\apply.2
Deleted file - D:\GitHub\SonicChannelTrack\sonic.sega.jp\sonicchannel\fangallery\fanart.2
Deleted file - D:\GitHub\SonicChannelTrack\sonic.sega.jp\sonicchannel\fangallery\screenshot.2
Deleted file - D:\GitHub\SonicChannelTrack\sonic.sega.jp\sonicchannel\special\sidestory.2
Deleted file - D:\GitHub\SonicChannelTrack\sonic.sega.jp\sonicchannel\special\sns.2
Deleted file - D:\GitHub\SonicChannelTrack\sonic.sega.jp\sonicchannel\special\staffcolumn.2
Deleted file - D:\GitHub\SonicChannelTrack\sonic.sega.jp\sonicchannel\special\gamecontents\soniccolors.2
Deleted file - D:\GitHub\SonicChannelTrack\sonic.sega.jp\sonicchannel\special\gamecontents\sonicforces.2
Deleted file - D:\GitHub\SonicChannelTrack\sonic.sega.jp\sonicchannel\special\gamecontents\sonicmania.2
Deleted file - D:\GitHub\SonicChannelTrack\sonic.sega.jp\sonicchannel\special\sidestory\comic.2
Deleted file - D:\GitHub\SonicChannelTrack\sonic.sega.jp\sonicchannel\special\sidestory\coverstory.2
Deleted file - D:\GitHub\SonicChannelTrack\sonic.sega.jp\sonicchannel\special\sidestory\ohgiri.2
Deleted file - D:\GitHub\SonicChannelTrack\sonic.sega.jp\sonicchannel\special\soundcolumn\ohtani.2
Deleted file - D:\GitHub\SonicChannelTrack\sonic.sega.jp\sonicchannel\special\soundcolumn\senoue.2
Deleted file - D:\GitHub\SonicChannelTrack\sonic.sega.jp\sonicchannel\topics\collaboration.2
Deleted file - D:\GitHub\SonicChannelTrack\sonic.sega.jp\sonicchannel\topics\event.2
Deleted file - D:\GitHub\SonicChannelTrack\sonic.sega.jp\sonicchannel\topics\goods.2
Deleted file - D:\GitHub\SonicChannelTrack\sonic.sega.jp\sonicchannel\topics\information.2
Deleted file - D:\GitHub\SonicChannelTrack\sonic.sega.jp\sonicchannel\topics\sound.2
Deleted file - D:\GitHub\SonicChannelTrack\sonic.sega.jp\sonicchannel\about.3
Deleted file - D:\GitHub\SonicChannelTrack\sonic.sega.jp\sonicchannel\character.3
Deleted file - D:\GitHub\SonicChannelTrack\sonic.sega.jp\sonicchannel\fangallery.3
Deleted file - D:\GitHub\SonicChannelTrack\sonic.sega.jp\sonicchannel\fangallery\apply.3
Deleted file - D:\GitHub\SonicChannelTrack\sonic.sega.jp\sonicchannel\fangallery\fanart.3
Deleted file - D:\GitHub\SonicChannelTrack\sonic.sega.jp\sonicchannel\fangallery\screenshot.3
Deleted file - D:\GitHub\SonicChannelTrack\sonic.sega.jp\sonicchannel\special\sidestory.3
Deleted file - D:\GitHub\SonicChannelTrack\sonic.sega.jp\sonicchannel\special\sns.3
Deleted file - D:\GitHub\SonicChannelTrack\sonic.sega.jp\sonicchannel\special\staffcolumn.3
Deleted file - D:\GitHub\SonicChannelTrack\sonic.sega.jp\sonicchannel\special\gamecontents\soniccolors.3
Deleted file - D:\GitHub\SonicChannelTrack\sonic.sega.jp\sonicchannel\special\gamecontents\sonicforces.3
Deleted file - D:\GitHub\SonicChannelTrack\sonic.sega.jp\sonicchannel\special\gamecontents\sonicmania.3
Deleted file - D:\GitHub\SonicChannelTrack\sonic.sega.jp\sonicchannel\special\sidestory\comic.3
Deleted file - D:\GitHub\SonicChannelTrack\sonic.sega.jp\sonicchannel\special\sidestory\coverstory.3
Deleted file - D:\GitHub\SonicChannelTrack\sonic.sega.jp\sonicchannel\special\sidestory\ohgiri.3
Deleted file - D:\GitHub\SonicChannelTrack\sonic.sega.jp\sonicchannel\special\soundcolumn\ohtani.3
Deleted file - D:\GitHub\SonicChannelTrack\sonic.sega.jp\sonicchannel\special\soundcolumn\senoue.3
Deleted file - D:\GitHub\SonicChannelTrack\sonic.sega.jp\sonicchannel\topics\collaboration.3
Deleted file - D:\GitHub\SonicChannelTrack\sonic.sega.jp\sonicchannel\topics\event.3
Deleted file - D:\GitHub\SonicChannelTrack\sonic.sega.jp\sonicchannel\topics\goods.3
Deleted file - D:\GitHub\SonicChannelTrack\sonic.sega.jp\sonicchannel\topics\information.3
Deleted file - D:\GitHub\SonicChannelTrack\sonic.sega.jp\sonicchannel\topics\sound.3
Deleted file - D:\GitHub\SonicChannelTrack\sonic.sega.jp\sonicchannel\about.4
Deleted file - D:\GitHub\SonicChannelTrack\sonic.sega.jp\sonicchannel\character.4
Deleted file - D:\GitHub\SonicChannelTrack\sonic.sega.jp\sonicchannel\special\sidestory.4
Deleted file - D:\GitHub\SonicChannelTrack\sonic.sega.jp\sonicchannel\special\staffcolumn.4
Deleted file - D:\GitHub\SonicChannelTrack\sonic.sega.jp\sonicchannel\special\gamecontents\soniccolors.4
Deleted file - D:\GitHub\SonicChannelTrack\sonic.sega.jp\sonicchannel\special\gamecontents\sonicforces.4
Deleted file - D:\GitHub\SonicChannelTrack\sonic.sega.jp\sonicchannel\special\sidestory\comic.4
Deleted file - D:\GitHub\SonicChannelTrack\sonic.sega.jp\sonicchannel\special\sidestory\coverstory.4
Deleted file - D:\GitHub\SonicChannelTrack\sonic.sega.jp\sonicchannel\special\sidestory\ohgiri.4
Deleted file - D:\GitHub\SonicChannelTrack\sonic.sega.jp\sonicchannel\topics\collaboration.4
Deleted file - D:\GitHub\SonicChannelTrack\sonic.sega.jp\sonicchannel\topics\event.4
Deleted file - D:\GitHub\SonicChannelTrack\sonic.sega.jp\sonicchannel\topics\goods.4
Deleted file - D:\GitHub\SonicChannelTrack\sonic.sega.jp\sonicchannel\topics\information.4
Deleted file - D:\GitHub\SonicChannelTrack\sonic.sega.jp\sonicchannel\topics\sound.4
Deleted file - D:\GitHub\SonicChannelTrack\www.olympicvideogames.com\sonic\br.1
Deleted file - D:\GitHub\SonicChannelTrack\www.olympicvideogames.com\sonic\cn.1
Deleted file - D:\GitHub\SonicChannelTrack\www.olympicvideogames.com\sonic\de.1
Deleted file - D:\GitHub\SonicChannelTrack\www.olympicvideogames.com\sonic\en.1
Deleted file - D:\GitHub\SonicChannelTrack\www.olympicvideogames.com\sonic\es.1
Deleted file - D:\GitHub\SonicChannelTrack\www.olympicvideogames.com\sonic\fr.1
Deleted file - D:\GitHub\SonicChannelTrack\www.olympicvideogames.com\sonic\it.1
Deleted file - D:\GitHub\SonicChannelTrack\www.olympicvideogames.com\sonic\jp.1
Deleted file - D:\GitHub\SonicChannelTrack\www.olympicvideogames.com\sonic\kr.1
Deleted file - D:\GitHub\SonicChannelTrack\www.olympicvideogames.com\sonic\nl.1
Deleted file - D:\GitHub\SonicChannelTrack\www.olympicvideogames.com\sonic\ru.1
Deleted file - D:\GitHub\SonicChannelTrack\www.olympicvideogames.com\sonic\zh.1
Deleted file - D:\GitHub\SonicChannelTrack\sonicteam.com\SonicWorldAdventure\director.1
Deleted file - D:\GitHub\SonicChannelTrack\sonicteam.com\SonicWorldAdventure\hamidashi.1
[main b306a70cb3e] files from 2023-10-06, 11:01:19
 127 files changed, 2187 insertions(+), 727 deletions(-)
 create mode 100644 log/KrazeeTobi-2023-10-06_070422.log
 create mode 100644 sonic.sega.jp/SonicSuperStars/action/index.html
 create mode 100644 sonic.sega.jp/SonicSuperStars/assets/css/action.min.css
 create mode 100644 sonic.sega.jp/SonicSuperStars/assets/images/common/action/action-txtBg.png
 create mode 100644 sonic.sega.jp/SonicSuperStars/assets/images/common/action/action01-bg.jpg
 create mode 100644 sonic.sega.jp/SonicSuperStars/assets/images/common/action/action01-chara.png
 create mode 100644 sonic.sega.jp/SonicSuperStars/assets/images/common/action/action01-deco.png
 create mode 100644 sonic.sega.jp/SonicSuperStars/assets/images/common/action/action01-dotBottom.png
 create mode 100644 sonic.sega.jp/SonicSuperStars/assets/images/common/action/action01-dotTop.png
 create mode 100644 sonic.sega.jp/SonicSuperStars/assets/images/common/action/action01-movie.jpg
 create mode 100644 sonic.sega.jp/SonicSuperStars/assets/images/common/action/action02-bg.jpg
 create mode 100644 sonic.sega.jp/SonicSuperStars/assets/images/common/action/action02-chara.png
 create mode 100644 sonic.sega.jp/SonicSuperStars/assets/images/common/action/action02-deco.png
 create mode 100644 sonic.sega.jp/SonicSuperStars/assets/images/common/action/action02-dotBottom.png
 create mode 100644 sonic.sega.jp/SonicSuperStars/assets/images/common/action/action02-dotTop.png
 create mode 100644 sonic.sega.jp/SonicSuperStars/assets/images/common/action/action02-movie.jpg
 create mode 100644 sonic.sega.jp/SonicSuperStars/assets/images/common/action/action03-bg.jpg
 create mode 100644 sonic.sega.jp/SonicSuperStars/assets/images/common/action/action03-chara.png
 create mode 100644 sonic.sega.jp/SonicSuperStars/assets/images/common/action/action03-deco.png
 create mode 100644 sonic.sega.jp/SonicSuperStars/assets/images/common/action/action03-dotBottom.png
 create mode 100644 sonic.sega.jp/SonicSuperStars/assets/images/common/action/action03-dotTop.png
 create mode 100644 sonic.sega.jp/SonicSuperStars/assets/images/common/action/action03-movie.jpg
 create mode 100644 sonic.sega.jp/SonicSuperStars/assets/images/common/action/action04-bg.jpg
 create mode 100644 sonic.sega.jp/SonicSuperStars/assets/images/common/action/action04-chara.png
 create mode 100644 sonic.sega.jp/SonicSuperStars/assets/images/common/action/action04-deco.png
 create mode 100644 sonic.sega.jp/SonicSuperStars/assets/images/common/action/action04-dotBottom.png
 create mode 100644 sonic.sega.jp/SonicSuperStars/assets/images/common/action/action04-dotTop.png
 create mode 100644 sonic.sega.jp/SonicSuperStars/assets/images/common/action/action04-movie.jpg
 create mode 100644 sonic.sega.jp/SonicSuperStars/assets/images/common/action/action05-bg.jpg
 create mode 100644 sonic.sega.jp/SonicSuperStars/assets/images/common/action/action05-chara.png
 create mode 100644 sonic.sega.jp/SonicSuperStars/assets/images/common/action/action05-deco.png
 create mode 100644 sonic.sega.jp/SonicSuperStars/assets/images/common/action/action05-dotBottom.png
 create mode 100644 sonic.sega.jp/SonicSuperStars/assets/images/common/action/action05-dotTop.png
 create mode 100644 sonic.sega.jp/SonicSuperStars/assets/images/common/action/action05-movie.jpg
 create mode 100644 sonic.sega.jp/SonicSuperStars/assets/images/common/action/action06-bg.jpg
 create mode 100644 sonic.sega.jp/SonicSuperStars/assets/images/common/action/action06-deco.png
 create mode 100644 sonic.sega.jp/SonicSuperStars/assets/images/common/action/action06-dotBottom.png
 create mode 100644 sonic.sega.jp/SonicSuperStars/assets/images/common/action/action06-dotTop.png
 create mode 100644 sonic.sega.jp/SonicSuperStars/assets/images/common/action/action06-movie.jpg
 create mode 100644 sonic.sega.jp/SonicSuperStars/assets/images/common/action/actionPage-header01.jpg
 create mode 100644 sonic.sega.jp/SonicSuperStars/assets/images/common/action/actionPage-header02.jpg
 create mode 100644 sonic.sega.jp/SonicSuperStars/assets/images/common/action/actionPage-header03.jpg
 create mode 100644 sonic.sega.jp/SonicSuperStars/assets/images/common/action/actionPage-header04.jpg
 create mode 100644 sonic.sega.jp/SonicSuperStars/assets/images/common/action/actionPage-header05.jpg
 create mode 100644 sonic.sega.jp/SonicSuperStars/assets/images/common/action/actionPage-header06.jpg
 create mode 100644 sonic.sega.jp/SonicSuperStars/assets/images/common/action/deco-general.png
 create mode 100644 sonic.sega.jp/SonicSuperStars/assets/images/common/action/jp/action01-title.png
 create mode 100644 sonic.sega.jp/SonicSuperStars/assets/images/common/action/jp/action02-title.png
 create mode 100644 sonic.sega.jp/SonicSuperStars/assets/images/common/action/jp/action03-title.png
 create mode 100644 sonic.sega.jp/SonicSuperStars/assets/images/common/action/jp/action04-title.png
 create mode 100644 sonic.sega.jp/SonicSuperStars/assets/images/common/action/jp/action05-title.png
 create mode 100644 sonic.sega.jp/SonicSuperStars/assets/images/common/action/jp/action06-title.png
 create mode 100644 sonic.sega.jp/SonicSuperStars/assets/images/common/action/jp/actionPage-title.png
 create mode 100644 sonic.sega.jp/SonicSuperStars/assets/images/common/action/loop/action01-loop01.png
 create mode 100644 sonic.sega.jp/SonicSuperStars/assets/images/common/action/loop/action01-loop02.png
 create mode 100644 sonic.sega.jp/SonicSuperStars/assets/images/common/action/loop/action01-loop03.png
 create mode 100644 sonic.sega.jp/SonicSuperStars/assets/images/common/action/loop/action01-loop04.png
 create mode 100644 sonic.sega.jp/SonicSuperStars/assets/images/common/action/loop/action01-loop05.png
 create mode 100644 sonic.sega.jp/SonicSuperStars/assets/images/common/action/loop/action01-loop06.png
 create mode 100644 sonic.sega.jp/SonicSuperStars/assets/images/common/action/loop/action02-loop01.png
 create mode 100644 sonic.sega.jp/SonicSuperStars/assets/images/common/action/loop/action02-loop02.png
 create mode 100644 sonic.sega.jp/SonicSuperStars/assets/images/common/action/loop/action02-loop03.png
 create mode 100644 sonic.sega.jp/SonicSuperStars/assets/images/common/action/loop/action02-loop04.png
 create mode 100644 sonic.sega.jp/SonicSuperStars/assets/images/common/action/loop/action02-loop05.png
 create mode 100644 sonic.sega.jp/SonicSuperStars/assets/images/common/action/loop/action02-loop06.png
 create mode 100644 sonic.sega.jp/SonicSuperStars/assets/images/common/action/loop/action03-loop01.png
 create mode 100644 sonic.sega.jp/SonicSuperStars/assets/images/common/action/loop/action03-loop02.png
 create mode 100644 sonic.sega.jp/SonicSuperStars/assets/images/common/action/loop/action03-loop03.png
 create mode 100644 sonic.sega.jp/SonicSuperStars/assets/images/common/action/loop/action03-loop04.png
 create mode 100644 sonic.sega.jp/SonicSuperStars/assets/images/common/action/loop/action03-loop05.png
 create mode 100644 sonic.sega.jp/SonicSuperStars/assets/images/common/action/loop/action03-loop06.png
 create mode 100644 sonic.sega.jp/SonicSuperStars/assets/images/common/action/loop/action04-loop01.png
 create mode 100644 sonic.sega.jp/SonicSuperStars/assets/images/common/action/loop/action04-loop02.png
 create mode 100644 sonic.sega.jp/SonicSuperStars/assets/images/common/action/loop/action04-loop03.png
 create mode 100644 sonic.sega.jp/SonicSuperStars/assets/images/common/action/loop/action04-loop04.png
 create mode 100644 sonic.sega.jp/SonicSuperStars/assets/images/common/action/loop/action04-loop05.png
 create mode 100644 sonic.sega.jp/SonicSuperStars/assets/images/common/action/loop/action04-loop06.png
 create mode 100644 sonic.sega.jp/SonicSuperStars/assets/images/common/action/loop/action05-loop01.png
 create mode 100644 sonic.sega.jp/SonicSuperStars/assets/images/common/action/loop/action05-loop02.png
 create mode 100644 sonic.sega.jp/SonicSuperStars/assets/images/common/action/loop/action05-loop03.png
 create mode 100644 sonic.sega.jp/SonicSuperStars/assets/images/common/action/loop/action05-loop04.png
 create mode 100644 sonic.sega.jp/SonicSuperStars/assets/images/common/action/loop/action05-loop05.png
 create mode 100644 sonic.sega.jp/SonicSuperStars/assets/images/common/action/loop/action05-loop06.png
 create mode 100644 sonic.sega.jp/SonicSuperStars/assets/images/common/action/loop/action05-loop07.png
 create mode 100644 sonic.sega.jp/SonicSuperStars/assets/images/common/action/loop/action05-loop08.png
 create mode 100644 sonic.sega.jp/SonicSuperStars/assets/images/common/action/loop/action05-loop09.png
 create mode 100644 sonic.sega.jp/SonicSuperStars/assets/images/common/action/loop/action06-loop01.png
 create mode 100644 sonic.sega.jp/SonicSuperStars/assets/images/common/action/loop/action06-loop02.png
 create mode 100644 sonic.sega.jp/SonicSuperStars/assets/images/common/action/loop/action06-loop03.png
 create mode 100644 sonic.sega.jp/SonicSuperStars/assets/images/common/action/loop/action06-loop04.png
 create mode 100644 sonic.sega.jp/SonicSuperStars/assets/images/common/action/loop/action06-loop05.png
 create mode 100644 sonic.sega.jp/SonicSuperStars/assets/images/common/action/loop/action06-loop06.png
 create mode 100644 sonic.sega.jp/SonicSuperStars/assets/images/common/action/loop/action06-loop07.png
 create mode 100644 sonic.sega.jp/SonicSuperStars/assets/images/common/action/loop/action06-loop08.png
 create mode 100644 sonic.sega.jp/SonicSuperStars/assets/images/common/action/loop/action06-loop09.png
 create mode 100644 sonic.sega.jp/SonicSuperStars/assets/images/common/action/loop/action06-loop10.png
 create mode 100644 sonic.sega.jp/SonicSuperStars/assets/images/common/comic/jp/comicPage-header01.jpg
 create mode 100644 sonic.sega.jp/SonicSuperStars/assets/images/common/comic/jp/comicPage-header02.jpg
 create mode 100644 sonic.sega.jp/SonicSuperStars/assets/images/common/comic/jp/comicPage-title.png
 create mode 100644 sonic.sega.jp/SonicSuperStars/assets/images/common/comic/jp/comicPage01-01.jpg
 create mode 100644 sonic.sega.jp/SonicSuperStars/assets/images/common/comic/jp/comicPage01-02.jpg
 create mode 100644 sonic.sega.jp/SonicSuperStars/assets/images/common/comic/jp/comicPage01-03.jpg
 create mode 100644 sonic.sega.jp/SonicSuperStars/assets/images/common/comic/jp/comicPage01-04.jpg
 create mode 100644 sonic.sega.jp/SonicSuperStars/assets/images/common/comic/jp/comicPage02-01.jpg
 create mode 100644 sonic.sega.jp/SonicSuperStars/assets/images/common/comic/jp/comicPage02-02.jpg
 create mode 100644 sonic.sega.jp/SonicSuperStars/assets/images/common/comic/jp/comicPage02-03.jpg
 create mode 100644 sonic.sega.jp/SonicSuperStars/assets/images/common/comic/jp/comicPage02-04.jpg
 create mode 100644 sonic.sega.jp/SonicSuperStars/assets/images/common/top/future2023.png
 create mode 100644 sonic.sega.jp/SonicSuperStars/assets/images/common/video/video-thumb07.jpg
 create mode 100644 sonic.sega.jp/SonicSuperStars/assets/images/ogp/jp/ogp20231006-01.jpg
 create mode 100644 sonic.sega.jp/SonicSuperStars/assets/images/ogp/jp/ogp20231006-02.jpg
 create mode 100644 sonic.sega.jp/SonicSuperStars/assets/js/action.js
 create mode 100644 sonic.sega.jp/SonicSuperStars/comic/index.html
 create mode 100644 sonic.sega.jp/SonicSuperStars/comic/index2.html
