Already up to date.
[main ef86126fb] files from 2022-06-17,  6:51:08
 116 files changed, 6674 insertions(+), 6805 deletions(-)
 create mode 100644 log/KrazeeTobi-2022-06-16_121513.log
 create mode 100644 log/KrazeeTobi-2022-06-17_025646.log
 create mode 100644 sonic.sega.jp/SonicChannel/assets_c/2022/06/calendar_2207_amy_thm-thumb-220x220-4641.jpg
 create mode 100644 sonic.sega.jp/SonicChannel/assets_c/2022/06/event_220617_01_eye-thumb-640xauto-4646.jpg
 create mode 100644 sonic.sega.jp/SonicChannel/assets_c/2022/06/event_220617_02_eye-thumb-640xauto-4645.jpg
 create mode 100644 sonic.sega.jp/SonicChannel/assets_c/2022/06/event_220617_03_eye-thumb-640xauto-4651.jpg
 create mode 100644 sonic.sega.jp/SonicChannel/assets_c/2022/06/wallpaper_213_amy_17_pc-thumb-640xauto-4640.png
 create mode 100644 sonic.sega.jp/SonicChannel/assets_c/2022/06/wallpaper_213_amy_17_pc_thm-thumb-220x220-4643.jpg
 create mode 100644 sonic.sega.jp/SonicChannel/assets_c/2022/06/wallpaper_213_amy_17_sp_thm-thumb-220x220-4644.jpg
 rewrite sonic.sega.jp/SonicChannel/atom.xml (60%)
 create mode 100644 sonic.sega.jp/SonicChannel/enjoy/image/calendar_2207_amy.pdf
 create mode 100644 sonic.sega.jp/SonicChannel/enjoy/image/wallpaper_213_amy_17_pc.png
 create mode 100644 sonic.sega.jp/SonicChannel/enjoy/image/wallpaper_213_amy_17_sp.png
 create mode 100644 sonic.sega.jp/SonicChannel/fanart/image/apply_2208_eye.png
 create mode 100644 sonic.sega.jp/SonicChannel/special/ohgiri/20220617_002920/index.html
 create mode 100644 sonic.sega.jp/SonicChannel/topics/event/20220616_002925/index.html
 create mode 100644 sonic.sega.jp/SonicChannel/topics/event/20220617_002921/index.html
 create mode 100644 sonic.sega.jp/SonicChannel/topics/event/20220617_002922/index.html
 create mode 100644 sonic.sega.jp/SonicChannel/topics/image/event_220617_01_01.jpg
 create mode 100644 sonic.sega.jp/SonicChannel/topics/image/event_220617_01_02.jpg
 create mode 100644 sonic.sega.jp/SonicChannel/topics/image/event_220617_01_03.jpg
 create mode 100644 sonic.sega.jp/SonicChannel/topics/image/event_220617_01_04.jpg
 create mode 100644 sonic.sega.jp/SonicChannel/topics/image/event_220617_01_eye.jpg
 create mode 100644 sonic.sega.jp/SonicChannel/topics/image/event_220617_02_eye.jpg
 create mode 100644 sonic.sega.jp/SonicChannel/topics/image/event_220617_03_eye.jpg
 rewrite sonic.sega.jp/SonicOrigins/css/common.css (99%)
 create mode 100644 sonic.sega.jp/SonicOrigins/css/common.css@02
