Already up to date.
Deleted file - D:\GitHub\SonicChannelTrack\sonic.sega.jp\sonicchannel\about.1
Deleted file - D:\GitHub\SonicChannelTrack\sonic.sega.jp\sonicchannel\character.1
Deleted file - D:\GitHub\SonicChannelTrack\sonic.sega.jp\sonicchannel\fangallery.1
Deleted file - D:\GitHub\SonicChannelTrack\sonic.sega.jp\sonicchannel\special.1
Deleted file - D:\GitHub\SonicChannelTrack\sonic.sega.jp\sonicchannel\fangallery\apply.1
Deleted file - D:\GitHub\SonicChannelTrack\sonic.sega.jp\sonicchannel\fangallery\fanart.1
Deleted file - D:\GitHub\SonicChannelTrack\sonic.sega.jp\sonicchannel\fangallery\screenshot.1
Deleted file - D:\GitHub\SonicChannelTrack\sonic.sega.jp\sonicchannel\special\sidestory.1
Deleted file - D:\GitHub\SonicChannelTrack\sonic.sega.jp\sonicchannel\special\sns.1
Deleted file - D:\GitHub\SonicChannelTrack\sonic.sega.jp\sonicchannel\special\staffcolumn.1
Deleted file - D:\GitHub\SonicChannelTrack\sonic.sega.jp\sonicchannel\special\gamecontents\soniccolors.1
Deleted file - D:\GitHub\SonicChannelTrack\sonic.sega.jp\sonicchannel\special\gamecontents\sonicforces.1
Deleted file - D:\GitHub\SonicChannelTrack\sonic.sega.jp\sonicchannel\special\gamecontents\sonicmania.1
Deleted file - D:\GitHub\SonicChannelTrack\sonic.sega.jp\sonicchannel\special\sidestory\comic.1
Deleted file - D:\GitHub\SonicChannelTrack\sonic.sega.jp\sonicchannel\special\sidestory\coverstory.1
Deleted file - D:\GitHub\SonicChannelTrack\sonic.sega.jp\sonicchannel\special\sidestory\ohgiri.1
Deleted file - D:\GitHub\SonicChannelTrack\sonic.sega.jp\sonicchannel\special\soundcolumn\ohtani.1
Deleted file - D:\GitHub\SonicChannelTrack\sonic.sega.jp\sonicchannel\special\soundcolumn\senoue.1
Deleted file - D:\GitHub\SonicChannelTrack\sonic.sega.jp\sonicchannel\topics\collaboration.1
Deleted file - D:\GitHub\SonicChannelTrack\sonic.sega.jp\sonicchannel\topics\event.1
Deleted file - D:\GitHub\SonicChannelTrack\sonic.sega.jp\sonicchannel\topics\goods.1
Deleted file - D:\GitHub\SonicChannelTrack\sonic.sega.jp\sonicchannel\topics\information.1
Deleted file - D:\GitHub\SonicChannelTrack\sonic.sega.jp\sonicchannel\topics\sound.1
Deleted file - D:\GitHub\SonicChannelTrack\sonic.sega.jp\sonicchannel\topics\goods\20190607_001917.1
Deleted file - D:\GitHub\SonicChannelTrack\sonic.sega.jp\sonicchannel\about.2
Deleted file - D:\GitHub\SonicChannelTrack\sonic.sega.jp\sonicchannel\character.2
Deleted file - D:\GitHub\SonicChannelTrack\sonic.sega.jp\sonicchannel\fangallery.2
Deleted file - D:\GitHub\SonicChannelTrack\sonic.sega.jp\sonicchannel\special.2
Deleted file - D:\GitHub\SonicChannelTrack\sonic.sega.jp\sonicchannel\fangallery\apply.2
Deleted file - D:\GitHub\SonicChannelTrack\sonic.sega.jp\sonicchannel\fangallery\fanart.2
Deleted file - D:\GitHub\SonicChannelTrack\sonic.sega.jp\sonicchannel\fangallery\screenshot.2
Deleted file - D:\GitHub\SonicChannelTrack\sonic.sega.jp\sonicchannel\special\sidestory.2
Deleted file - D:\GitHub\SonicChannelTrack\sonic.sega.jp\sonicchannel\special\sns.2
Deleted file - D:\GitHub\SonicChannelTrack\sonic.sega.jp\sonicchannel\special\staffcolumn.2
Deleted file - D:\GitHub\SonicChannelTrack\sonic.sega.jp\sonicchannel\special\gamecontents\soniccolors.2
Deleted file - D:\GitHub\SonicChannelTrack\sonic.sega.jp\sonicchannel\special\gamecontents\sonicforces.2
Deleted file - D:\GitHub\SonicChannelTrack\sonic.sega.jp\sonicchannel\special\gamecontents\sonicmania.2
Deleted file - D:\GitHub\SonicChannelTrack\sonic.sega.jp\sonicchannel\special\sidestory\comic.2
Deleted file - D:\GitHub\SonicChannelTrack\sonic.sega.jp\sonicchannel\special\sidestory\coverstory.2
Deleted file - D:\GitHub\SonicChannelTrack\sonic.sega.jp\sonicchannel\special\sidestory\ohgiri.2
Deleted file - D:\GitHub\SonicChannelTrack\sonic.sega.jp\sonicchannel\special\soundcolumn\ohtani.2
Deleted file - D:\GitHub\SonicChannelTrack\sonic.sega.jp\sonicchannel\special\soundcolumn\senoue.2
Deleted file - D:\GitHub\SonicChannelTrack\sonic.sega.jp\sonicchannel\topics\collaboration.2
Deleted file - D:\GitHub\SonicChannelTrack\sonic.sega.jp\sonicchannel\topics\event.2
Deleted file - D:\GitHub\SonicChannelTrack\sonic.sega.jp\sonicchannel\topics\goods.2
Deleted file - D:\GitHub\SonicChannelTrack\sonic.sega.jp\sonicchannel\topics\information.2
Deleted file - D:\GitHub\SonicChannelTrack\sonic.sega.jp\sonicchannel\topics\sound.2
Deleted file - D:\GitHub\SonicChannelTrack\sonic.sega.jp\sonicchannel\about.3
Deleted file - D:\GitHub\SonicChannelTrack\sonic.sega.jp\sonicchannel\character.3
Deleted file - D:\GitHub\SonicChannelTrack\sonic.sega.jp\sonicchannel\fangallery\apply.3
Deleted file - D:\GitHub\SonicChannelTrack\sonic.sega.jp\sonicchannel\fangallery\fanart.3
Deleted file - D:\GitHub\SonicChannelTrack\sonic.sega.jp\sonicchannel\fangallery\screenshot.3
Deleted file - D:\GitHub\SonicChannelTrack\sonic.sega.jp\sonicchannel\special\sidestory.3
Deleted file - D:\GitHub\SonicChannelTrack\sonic.sega.jp\sonicchannel\special\sns.3
Deleted file - D:\GitHub\SonicChannelTrack\sonic.sega.jp\sonicchannel\special\staffcolumn.3
Deleted file - D:\GitHub\SonicChannelTrack\sonic.sega.jp\sonicchannel\special\gamecontents\soniccolors.3
Deleted file - D:\GitHub\SonicChannelTrack\sonic.sega.jp\sonicchannel\special\gamecontents\sonicforces.3
Deleted file - D:\GitHub\SonicChannelTrack\sonic.sega.jp\sonicchannel\special\gamecontents\sonicmania.3
Deleted file - D:\GitHub\SonicChannelTrack\sonic.sega.jp\sonicchannel\special\sidestory\comic.3
Deleted file - D:\GitHub\SonicChannelTrack\sonic.sega.jp\sonicchannel\special\sidestory\coverstory.3
Deleted file - D:\GitHub\SonicChannelTrack\sonic.sega.jp\sonicchannel\special\sidestory\ohgiri.3
Deleted file - D:\GitHub\SonicChannelTrack\sonic.sega.jp\sonicchannel\special\soundcolumn\ohtani.3
Deleted file - D:\GitHub\SonicChannelTrack\sonic.sega.jp\sonicchannel\special\soundcolumn\senoue.3
Deleted file - D:\GitHub\SonicChannelTrack\sonic.sega.jp\sonicchannel\topics\collaboration.3
Deleted file - D:\GitHub\SonicChannelTrack\sonic.sega.jp\sonicchannel\topics\event.3
Deleted file - D:\GitHub\SonicChannelTrack\sonic.sega.jp\sonicchannel\topics\goods.3
Deleted file - D:\GitHub\SonicChannelTrack\sonic.sega.jp\sonicchannel\topics\information.3
Deleted file - D:\GitHub\SonicChannelTrack\sonic.sega.jp\sonicchannel\topics\sound.3
Deleted file - D:\GitHub\SonicChannelTrack\sonic.sega.jp\sonicchannel\about.4
Deleted file - D:\GitHub\SonicChannelTrack\sonic.sega.jp\sonicchannel\character.4
Deleted file - D:\GitHub\SonicChannelTrack\sonic.sega.jp\sonicchannel\special\staffcolumn.4
Deleted file - D:\GitHub\SonicChannelTrack\sonic.sega.jp\sonicchannel\special\gamecontents\soniccolors.4
Deleted file - D:\GitHub\SonicChannelTrack\sonic.sega.jp\sonicchannel\special\sidestory\ohgiri.4
Deleted file - D:\GitHub\SonicChannelTrack\sonic.sega.jp\sonicchannel\topics\collaboration.4
Deleted file - D:\GitHub\SonicChannelTrack\sonic.sega.jp\sonicchannel\topics\event.4
Deleted file - D:\GitHub\SonicChannelTrack\sonic.sega.jp\sonicchannel\topics\goods.4
Deleted file - D:\GitHub\SonicChannelTrack\sonic.sega.jp\sonicchannel\topics\information.4
Deleted file - D:\GitHub\SonicChannelTrack\sonic.sega.jp\sonicchannel\topics\sound.4
Deleted file - D:\GitHub\SonicChannelTrack\www.olympicvideogames.com\sonic\br.1
Deleted file - D:\GitHub\SonicChannelTrack\www.olympicvideogames.com\sonic\cn.1
Deleted file - D:\GitHub\SonicChannelTrack\www.olympicvideogames.com\sonic\de.1
Deleted file - D:\GitHub\SonicChannelTrack\www.olympicvideogames.com\sonic\en.1
Deleted file - D:\GitHub\SonicChannelTrack\www.olympicvideogames.com\sonic\es.1
Deleted file - D:\GitHub\SonicChannelTrack\www.olympicvideogames.com\sonic\fr.1
Deleted file - D:\GitHub\SonicChannelTrack\www.olympicvideogames.com\sonic\it.1
Deleted file - D:\GitHub\SonicChannelTrack\www.olympicvideogames.com\sonic\jp.1
Deleted file - D:\GitHub\SonicChannelTrack\www.olympicvideogames.com\sonic\kr.1
Deleted file - D:\GitHub\SonicChannelTrack\www.olympicvideogames.com\sonic\nl.1
Deleted file - D:\GitHub\SonicChannelTrack\www.olympicvideogames.com\sonic\ru.1
Deleted file - D:\GitHub\SonicChannelTrack\www.olympicvideogames.com\sonic\zh.1
Deleted file - D:\GitHub\SonicChannelTrack\sonicteam.com\SonicWorldAdventure\director.1
Deleted file - D:\GitHub\SonicChannelTrack\sonicteam.com\SonicWorldAdventure\hamidashi.1
[main d95dc8660ff] files from 2023-12-20, 11:49:43
 64 files changed, 1650 insertions(+), 69 deletions(-)
 create mode 100644 log/KrazeeTobi-2023-12-19_194507.log
 create mode 100644 log/KrazeeTobi-2023-12-20_073814.log
 create mode 100644 sonic.sega.jp/SonicFrontiers/images/top/button-sale-holiday.png
 create mode 100644 sonic.sega.jp/SonicFrontiers/information/231220.html
 create mode 100644 sonic.sega.jp/SonicFrontiers/information/images/ogp-231220.jpg
 create mode 100644 sonic.sega.jp/SonicSuperStars/assets/images/ogp/jp/winter2023.jpg
 create mode 100644 sonic.sega.jp/SonicSuperStars/campaign/2023winter/assets/css/top.min.css
 create mode 100644 sonic.sega.jp/SonicSuperStars/campaign/2023winter/assets/images/common/KVcatch.png
 create mode 100644 sonic.sega.jp/SonicSuperStars/campaign/2023winter/assets/images/common/KVlogo.png
 create mode 100644 sonic.sega.jp/SonicSuperStars/campaign/2023winter/assets/images/common/KVsnow-lotate.png
 create mode 100644 sonic.sega.jp/SonicSuperStars/campaign/2023winter/assets/images/common/about-dotTop.png
 create mode 100644 sonic.sega.jp/SonicSuperStars/campaign/2023winter/assets/images/common/bottomTriangle-red.png
 create mode 100644 sonic.sega.jp/SonicSuperStars/campaign/2023winter/assets/images/common/bottomTriangle-yellow.png
 create mode 100644 sonic.sega.jp/SonicSuperStars/campaign/2023winter/assets/images/common/btnBuy-close.png
 create mode 100644 sonic.sega.jp/SonicSuperStars/campaign/2023winter/assets/images/common/btnBuy-shop01.png
 create mode 100644 sonic.sega.jp/SonicSuperStars/campaign/2023winter/assets/images/common/btnBuy-shop02.png
 create mode 100644 sonic.sega.jp/SonicSuperStars/campaign/2023winter/assets/images/common/btnBuy-shop03.png
 create mode 100644 sonic.sega.jp/SonicSuperStars/campaign/2023winter/assets/images/common/btnBuy-shop04.png
 create mode 100644 sonic.sega.jp/SonicSuperStars/campaign/2023winter/assets/images/common/btnBuy-shop05.png
 create mode 100644 sonic.sega.jp/SonicSuperStars/campaign/2023winter/assets/images/common/btnBuy-treeL-white.png
 create mode 100644 sonic.sega.jp/SonicSuperStars/campaign/2023winter/assets/images/common/btnBuy-treeL.png
 create mode 100644 sonic.sega.jp/SonicSuperStars/campaign/2023winter/assets/images/common/btnBuy-treeR-white.png
 create mode 100644 sonic.sega.jp/SonicSuperStars/campaign/2023winter/assets/images/common/btnBuy-treeR.png
 create mode 100644 sonic.sega.jp/SonicSuperStars/campaign/2023winter/assets/images/common/buy-arrow-l.png
 create mode 100644 sonic.sega.jp/SonicSuperStars/campaign/2023winter/assets/images/common/buy-arrow-r.png
 create mode 100644 sonic.sega.jp/SonicSuperStars/campaign/2023winter/assets/images/common/dm.gif
 create mode 100644 sonic.sega.jp/SonicSuperStars/campaign/2023winter/assets/images/common/topTriangle-red.png
 create mode 100644 sonic.sega.jp/SonicSuperStars/campaign/2023winter/assets/images/common/topTriangle-yellow.png
 create mode 100644 sonic.sega.jp/SonicSuperStars/campaign/2023winter/assets/images/pc/KVbg.jpg
 create mode 100644 sonic.sega.jp/SonicSuperStars/campaign/2023winter/assets/images/pc/KVheros.png
 create mode 100644 sonic.sega.jp/SonicSuperStars/campaign/2023winter/assets/images/pc/KVsonic.png
 create mode 100644 sonic.sega.jp/SonicSuperStars/campaign/2023winter/assets/images/pc/btnBuy-chara01.png
 create mode 100644 sonic.sega.jp/SonicSuperStars/campaign/2023winter/assets/images/pc/btnBuy-chara02.png
 create mode 100644 sonic.sega.jp/SonicSuperStars/campaign/2023winter/assets/images/pc/btnBuy-chara03.png
 create mode 100644 sonic.sega.jp/SonicSuperStars/campaign/2023winter/assets/images/pc/btnBuy-chara04.png
 create mode 100644 sonic.sega.jp/SonicSuperStars/campaign/2023winter/assets/images/pc/btnBuy-close-bg.png
 create mode 100644 sonic.sega.jp/SonicSuperStars/campaign/2023winter/assets/images/pc/btnBuy-open-bg.png
 create mode 100644 sonic.sega.jp/SonicSuperStars/campaign/2023winter/assets/images/pc/btnBuy.png
 create mode 100644 sonic.sega.jp/SonicSuperStars/campaign/2023winter/assets/images/pc/fixedbg.jpg
 create mode 100644 sonic.sega.jp/SonicSuperStars/campaign/2023winter/assets/images/pc/gaidbg-star.png.jpg.png
 create mode 100644 sonic.sega.jp/SonicSuperStars/campaign/2023winter/assets/images/sp/KVbg.jpg
 create mode 100644 sonic.sega.jp/SonicSuperStars/campaign/2023winter/assets/images/sp/KVheroes.png
 create mode 100644 sonic.sega.jp/SonicSuperStars/campaign/2023winter/assets/images/sp/KVsonic.png
 create mode 100644 sonic.sega.jp/SonicSuperStars/campaign/2023winter/assets/images/sp/btnBuy-chara01.png
 create mode 100644 sonic.sega.jp/SonicSuperStars/campaign/2023winter/assets/images/sp/btnBuy-chara02.png
 create mode 100644 sonic.sega.jp/SonicSuperStars/campaign/2023winter/assets/images/sp/btnBuy-chara03.png
 create mode 100644 sonic.sega.jp/SonicSuperStars/campaign/2023winter/assets/images/sp/btnBuy-chara04.png
 create mode 100644 sonic.sega.jp/SonicSuperStars/campaign/2023winter/assets/images/sp/btnBuy-close-bg.png
 create mode 100644 sonic.sega.jp/SonicSuperStars/campaign/2023winter/assets/images/sp/btnBuy-open-bg.png
 create mode 100644 sonic.sega.jp/SonicSuperStars/campaign/2023winter/assets/images/sp/fixedbg.jpg
 create mode 100644 sonic.sega.jp/SonicSuperStars/campaign/2023winter/assets/images/sp/gaidbg-star.jpg
 create mode 100644 sonic.sega.jp/SonicSuperStars/campaign/2023winter/assets/js/component.js
 create mode 100644 sonic.sega.jp/SonicSuperStars/campaign/2023winter/assets/js/libs/jquery-x.x.js
 create mode 100644 sonic.sega.jp/SonicSuperStars/campaign/2023winter/assets/js/libs/jquery.colorbox-min.js
 create mode 100644 sonic.sega.jp/SonicSuperStars/campaign/2023winter/assets/js/libs/jquery.inview.min.js
 create mode 100644 sonic.sega.jp/SonicSuperStars/campaign/2023winter/assets/js/libs/lazysizes_custom.min.js
 create mode 100644 sonic.sega.jp/SonicSuperStars/campaign/2023winter/assets/js/main.js
 create mode 100644 sonic.sega.jp/SonicSuperStars/campaign/2023winter/index.html
 create mode 100644 sonic.sega.jp/SonicSuperStars/topic/20231220.html
