Already up to date.
Deleted file - D:\GitHub\SonicChannelTrack\sonic.sega.jp\sonicchannel\about.1
Deleted file - D:\GitHub\SonicChannelTrack\sonic.sega.jp\sonicchannel\character.1
Deleted file - D:\GitHub\SonicChannelTrack\sonic.sega.jp\sonicchannel\fangallery.1
Deleted file - D:\GitHub\SonicChannelTrack\sonic.sega.jp\sonicchannel\special.1
Deleted file - D:\GitHub\SonicChannelTrack\sonic.sega.jp\sonicchannel\fangallery\apply.1
Deleted file - D:\GitHub\SonicChannelTrack\sonic.sega.jp\sonicchannel\fangallery\fanart.1
Deleted file - D:\GitHub\SonicChannelTrack\sonic.sega.jp\sonicchannel\fangallery\oshiete.1
Deleted file - D:\GitHub\SonicChannelTrack\sonic.sega.jp\sonicchannel\fangallery\screenshot.1
Deleted file - D:\GitHub\SonicChannelTrack\sonic.sega.jp\sonicchannel\special\sidestory.1
Deleted file - D:\GitHub\SonicChannelTrack\sonic.sega.jp\sonicchannel\special\sns.1
Deleted file - D:\GitHub\SonicChannelTrack\sonic.sega.jp\sonicchannel\special\staffcolumn.1
Deleted file - D:\GitHub\SonicChannelTrack\sonic.sega.jp\sonicchannel\special\gamecontents\soniccolors.1
Deleted file - D:\GitHub\SonicChannelTrack\sonic.sega.jp\sonicchannel\special\gamecontents\sonicforces.1
Deleted file - D:\GitHub\SonicChannelTrack\sonic.sega.jp\sonicchannel\special\gamecontents\sonicmania.1
Deleted file - D:\GitHub\SonicChannelTrack\sonic.sega.jp\sonicchannel\special\sidestory\comic.1
Deleted file - D:\GitHub\SonicChannelTrack\sonic.sega.jp\sonicchannel\special\sidestory\coverstory.1
Deleted file - D:\GitHub\SonicChannelTrack\sonic.sega.jp\sonicchannel\special\sidestory\ohgiri.1
Deleted file - D:\GitHub\SonicChannelTrack\sonic.sega.jp\sonicchannel\special\sidestory\sonicpict.1
Deleted file - D:\GitHub\SonicChannelTrack\sonic.sega.jp\sonicchannel\special\soundcolumn\ohtani.1
Deleted file - D:\GitHub\SonicChannelTrack\sonic.sega.jp\sonicchannel\special\soundcolumn\senoue.1
Deleted file - D:\GitHub\SonicChannelTrack\sonic.sega.jp\sonicchannel\topics\collaboration.1
Deleted file - D:\GitHub\SonicChannelTrack\sonic.sega.jp\sonicchannel\topics\event.1
Deleted file - D:\GitHub\SonicChannelTrack\sonic.sega.jp\sonicchannel\topics\goods.1
Deleted file - D:\GitHub\SonicChannelTrack\sonic.sega.jp\sonicchannel\topics\information.1
Deleted file - D:\GitHub\SonicChannelTrack\sonic.sega.jp\sonicchannel\topics\sound.1
Deleted file - D:\GitHub\SonicChannelTrack\sonic.sega.jp\sonicchannel\about.2
Deleted file - D:\GitHub\SonicChannelTrack\sonic.sega.jp\sonicchannel\character.2
Deleted file - D:\GitHub\SonicChannelTrack\sonic.sega.jp\sonicchannel\fangallery.2
Deleted file - D:\GitHub\SonicChannelTrack\sonic.sega.jp\sonicchannel\special.2
Deleted file - D:\GitHub\SonicChannelTrack\sonic.sega.jp\sonicchannel\fangallery\apply.2
Deleted file - D:\GitHub\SonicChannelTrack\sonic.sega.jp\sonicchannel\fangallery\fanart.2
Deleted file - D:\GitHub\SonicChannelTrack\sonic.sega.jp\sonicchannel\fangallery\oshiete.2
Deleted file - D:\GitHub\SonicChannelTrack\sonic.sega.jp\sonicchannel\fangallery\screenshot.2
Deleted file - D:\GitHub\SonicChannelTrack\sonic.sega.jp\sonicchannel\special\sidestory.2
Deleted file - D:\GitHub\SonicChannelTrack\sonic.sega.jp\sonicchannel\special\sns.2
Deleted file - D:\GitHub\SonicChannelTrack\sonic.sega.jp\sonicchannel\special\staffcolumn.2
Deleted file - D:\GitHub\SonicChannelTrack\sonic.sega.jp\sonicchannel\special\gamecontents\soniccolors.2
Deleted file - D:\GitHub\SonicChannelTrack\sonic.sega.jp\sonicchannel\special\gamecontents\sonicforces.2
Deleted file - D:\GitHub\SonicChannelTrack\sonic.sega.jp\sonicchannel\special\gamecontents\sonicmania.2
Deleted file - D:\GitHub\SonicChannelTrack\sonic.sega.jp\sonicchannel\special\sidestory\comic.2
Deleted file - D:\GitHub\SonicChannelTrack\sonic.sega.jp\sonicchannel\special\sidestory\coverstory.2
Deleted file - D:\GitHub\SonicChannelTrack\sonic.sega.jp\sonicchannel\special\sidestory\ohgiri.2
Deleted file - D:\GitHub\SonicChannelTrack\sonic.sega.jp\sonicchannel\special\sidestory\sonicpict.2
Deleted file - D:\GitHub\SonicChannelTrack\sonic.sega.jp\sonicchannel\special\soundcolumn\ohtani.2
Deleted file - D:\GitHub\SonicChannelTrack\sonic.sega.jp\sonicchannel\special\soundcolumn\senoue.2
Deleted file - D:\GitHub\SonicChannelTrack\sonic.sega.jp\sonicchannel\topics\collaboration.2
Deleted file - D:\GitHub\SonicChannelTrack\sonic.sega.jp\sonicchannel\topics\event.2
Deleted file - D:\GitHub\SonicChannelTrack\sonic.sega.jp\sonicchannel\topics\goods.2
Deleted file - D:\GitHub\SonicChannelTrack\sonic.sega.jp\sonicchannel\topics\information.2
Deleted file - D:\GitHub\SonicChannelTrack\sonic.sega.jp\sonicchannel\topics\sound.2
Deleted file - D:\GitHub\SonicChannelTrack\sonic.sega.jp\sonicchannel\about.3
Deleted file - D:\GitHub\SonicChannelTrack\sonic.sega.jp\sonicchannel\character.3
Deleted file - D:\GitHub\SonicChannelTrack\sonic.sega.jp\sonicchannel\fangallery.3
Deleted file - D:\GitHub\SonicChannelTrack\sonic.sega.jp\sonicchannel\special.3
Deleted file - D:\GitHub\SonicChannelTrack\sonic.sega.jp\sonicchannel\fangallery\apply.3
Deleted file - D:\GitHub\SonicChannelTrack\sonic.sega.jp\sonicchannel\fangallery\fanart.3
Deleted file - D:\GitHub\SonicChannelTrack\sonic.sega.jp\sonicchannel\fangallery\oshiete.3
Deleted file - D:\GitHub\SonicChannelTrack\sonic.sega.jp\sonicchannel\fangallery\screenshot.3
Deleted file - D:\GitHub\SonicChannelTrack\sonic.sega.jp\sonicchannel\special\sidestory.3
Deleted file - D:\GitHub\SonicChannelTrack\sonic.sega.jp\sonicchannel\special\sns.3
Deleted file - D:\GitHub\SonicChannelTrack\sonic.sega.jp\sonicchannel\special\staffcolumn.3
Deleted file - D:\GitHub\SonicChannelTrack\sonic.sega.jp\sonicchannel\special\gamecontents\soniccolors.3
Deleted file - D:\GitHub\SonicChannelTrack\sonic.sega.jp\sonicchannel\special\gamecontents\sonicforces.3
Deleted file - D:\GitHub\SonicChannelTrack\sonic.sega.jp\sonicchannel\special\gamecontents\sonicmania.3
Deleted file - D:\GitHub\SonicChannelTrack\sonic.sega.jp\sonicchannel\special\sidestory\comic.3
Deleted file - D:\GitHub\SonicChannelTrack\sonic.sega.jp\sonicchannel\special\sidestory\coverstory.3
Deleted file - D:\GitHub\SonicChannelTrack\sonic.sega.jp\sonicchannel\special\sidestory\ohgiri.3
Deleted file - D:\GitHub\SonicChannelTrack\sonic.sega.jp\sonicchannel\special\sidestory\sonicpict.3
Deleted file - D:\GitHub\SonicChannelTrack\sonic.sega.jp\sonicchannel\special\soundcolumn\ohtani.3
Deleted file - D:\GitHub\SonicChannelTrack\sonic.sega.jp\sonicchannel\special\soundcolumn\senoue.3
Deleted file - D:\GitHub\SonicChannelTrack\sonic.sega.jp\sonicchannel\topics\collaboration.3
Deleted file - D:\GitHub\SonicChannelTrack\sonic.sega.jp\sonicchannel\topics\event.3
Deleted file - D:\GitHub\SonicChannelTrack\sonic.sega.jp\sonicchannel\topics\goods.3
Deleted file - D:\GitHub\SonicChannelTrack\sonic.sega.jp\sonicchannel\topics\information.3
Deleted file - D:\GitHub\SonicChannelTrack\sonic.sega.jp\sonicchannel\topics\sound.3
Deleted file - D:\GitHub\SonicChannelTrack\sonic.sega.jp\sonicchannel\about.4
Deleted file - D:\GitHub\SonicChannelTrack\sonic.sega.jp\sonicchannel\character.4
Deleted file - D:\GitHub\SonicChannelTrack\sonic.sega.jp\sonicchannel\fangallery.4
Deleted file - D:\GitHub\SonicChannelTrack\sonic.sega.jp\sonicchannel\fangallery\apply.4
Deleted file - D:\GitHub\SonicChannelTrack\sonic.sega.jp\sonicchannel\fangallery\fanart.4
Deleted file - D:\GitHub\SonicChannelTrack\sonic.sega.jp\sonicchannel\fangallery\oshiete.4
Deleted file - D:\GitHub\SonicChannelTrack\sonic.sega.jp\sonicchannel\fangallery\screenshot.4
Deleted file - D:\GitHub\SonicChannelTrack\sonic.sega.jp\sonicchannel\special\sidestory.4
Deleted file - D:\GitHub\SonicChannelTrack\sonic.sega.jp\sonicchannel\special\sns.4
Deleted file - D:\GitHub\SonicChannelTrack\sonic.sega.jp\sonicchannel\special\staffcolumn.4
Deleted file - D:\GitHub\SonicChannelTrack\sonic.sega.jp\sonicchannel\special\gamecontents\soniccolors.4
Deleted file - D:\GitHub\SonicChannelTrack\sonic.sega.jp\sonicchannel\special\gamecontents\sonicforces.4
Deleted file - D:\GitHub\SonicChannelTrack\sonic.sega.jp\sonicchannel\special\sidestory\comic.4
Deleted file - D:\GitHub\SonicChannelTrack\sonic.sega.jp\sonicchannel\special\sidestory\coverstory.4
Deleted file - D:\GitHub\SonicChannelTrack\sonic.sega.jp\sonicchannel\special\sidestory\ohgiri.4
Deleted file - D:\GitHub\SonicChannelTrack\sonic.sega.jp\sonicchannel\special\sidestory\sonicpict.4
Deleted file - D:\GitHub\SonicChannelTrack\sonic.sega.jp\sonicchannel\topics\collaboration.4
Deleted file - D:\GitHub\SonicChannelTrack\sonic.sega.jp\sonicchannel\topics\event.4
Deleted file - D:\GitHub\SonicChannelTrack\sonic.sega.jp\sonicchannel\topics\goods.4
Deleted file - D:\GitHub\SonicChannelTrack\sonic.sega.jp\sonicchannel\topics\information.4
Deleted file - D:\GitHub\SonicChannelTrack\sonic.sega.jp\sonicchannel\topics\sound.4
Deleted file - D:\GitHub\SonicChannelTrack\sonic.sega.jp\sonicchannel\about.5
Deleted file - D:\GitHub\SonicChannelTrack\sonic.sega.jp\sonicchannel\character.5
Deleted file - D:\GitHub\SonicChannelTrack\sonic.sega.jp\sonicchannel\fangallery.5
Deleted file - D:\GitHub\SonicChannelTrack\sonic.sega.jp\sonicchannel\special\sidestory.5
Deleted file - D:\GitHub\SonicChannelTrack\sonic.sega.jp\sonicchannel\special\gamecontents\soniccolors.5
Deleted file - D:\GitHub\SonicChannelTrack\sonic.sega.jp\sonicchannel\special\sidestory\comic.5
Deleted file - D:\GitHub\SonicChannelTrack\sonic.sega.jp\sonicchannel\special\sidestory\coverstory.5
Deleted file - D:\GitHub\SonicChannelTrack\sonic.sega.jp\sonicchannel\topics\collaboration.5
Deleted file - D:\GitHub\SonicChannelTrack\sonic.sega.jp\sonicchannel\topics\event.5
Deleted file - D:\GitHub\SonicChannelTrack\sonic.sega.jp\sonicchannel\topics\goods.5
Deleted file - D:\GitHub\SonicChannelTrack\sonic.sega.jp\sonicchannel\topics\information.5
Deleted file - D:\GitHub\SonicChannelTrack\sonic.sega.jp\sonicchannel\topics\sound.5
Deleted file - D:\GitHub\SonicChannelTrack\sonic.sega.jp\sonicchannel\about.6
Deleted file - D:\GitHub\SonicChannelTrack\sonic.sega.jp\sonicchannel\character.6
Deleted file - D:\GitHub\SonicChannelTrack\sonic.sega.jp\sonicchannel\fangallery.6
Deleted file - D:\GitHub\SonicChannelTrack\sonic.sega.jp\sonicchannel\special\sidestory.6
Deleted file - D:\GitHub\SonicChannelTrack\sonic.sega.jp\sonicchannel\special\gamecontents\soniccolors.6
Deleted file - D:\GitHub\SonicChannelTrack\sonic.sega.jp\sonicchannel\special\sidestory\comic.6
Deleted file - D:\GitHub\SonicChannelTrack\sonic.sega.jp\sonicchannel\special\sidestory\coverstory.6
Deleted file - D:\GitHub\SonicChannelTrack\sonic.sega.jp\sonicchannel\topics\collaboration.6
Deleted file - D:\GitHub\SonicChannelTrack\sonic.sega.jp\sonicchannel\topics\event.6
Deleted file - D:\GitHub\SonicChannelTrack\sonic.sega.jp\sonicchannel\topics\goods.6
Deleted file - D:\GitHub\SonicChannelTrack\sonic.sega.jp\sonicchannel\topics\information.6
Deleted file - D:\GitHub\SonicChannelTrack\sonic.sega.jp\sonicchannel\topics\sound.6
Deleted file - D:\GitHub\SonicChannelTrack\www.olympicvideogames.com\sonic\br.1
Deleted file - D:\GitHub\SonicChannelTrack\www.olympicvideogames.com\sonic\cn.1
Deleted file - D:\GitHub\SonicChannelTrack\www.olympicvideogames.com\sonic\de.1
Deleted file - D:\GitHub\SonicChannelTrack\www.olympicvideogames.com\sonic\en.1
Deleted file - D:\GitHub\SonicChannelTrack\www.olympicvideogames.com\sonic\es.1
Deleted file - D:\GitHub\SonicChannelTrack\www.olympicvideogames.com\sonic\fr.1
Deleted file - D:\GitHub\SonicChannelTrack\www.olympicvideogames.com\sonic\it.1
Deleted file - D:\GitHub\SonicChannelTrack\www.olympicvideogames.com\sonic\jp.1
Deleted file - D:\GitHub\SonicChannelTrack\www.olympicvideogames.com\sonic\kr.1
Deleted file - D:\GitHub\SonicChannelTrack\www.olympicvideogames.com\sonic\nl.1
Deleted file - D:\GitHub\SonicChannelTrack\www.olympicvideogames.com\sonic\ru.1
Deleted file - D:\GitHub\SonicChannelTrack\www.olympicvideogames.com\sonic\zh.1
Deleted file - D:\GitHub\SonicChannelTrack\sonic-movie.jp\news.1
Deleted file - D:\GitHub\SonicChannelTrack\sonic-movie.jp\news\wp-includes\js\jquery\jquery-migrate.min.js@ver=1.4.1
Deleted file - D:\GitHub\SonicChannelTrack\sonicteam.com\SonicWorldAdventure\director.1
Deleted file - D:\GitHub\SonicChannelTrack\sonicteam.com\SonicWorldAdventure\hamidashi.1
[main ea6860ab116] files from 2024-11-02, 16:43:07
 299 files changed, 45693 insertions(+), 6504 deletions(-)
 create mode 100644 log/KrazeeTobi-2024-11-02_091944.log
 create mode 100644 log/KrazeeTobi-2024-11-02_111509.log
 create mode 100644 sonic-movie.jp/sonic-movie/index.html@doing_wp_cron=1730564648.3865160942077636718750&paged=14
 create mode 100644 sonic-movie.jp/sonic-movie/index.html@doing_wp_cron=1730564648.3865160942077636718750&paged=2
 create mode 100644 sonic-movie.jp/sonic-movie/index.html@doing_wp_cron=1730564648.3865160942077636718750&paged=3
 create mode 100644 sonic-movie.jp/sonic-movie/index.html@doing_wp_cron=1730564648.3865160942077636718750&paged=4
 create mode 100644 sonic-movie.jp/sonic-movie/index.html@doing_wp_cron=1730564648.3865160942077636718750&paged=5
 create mode 100644 sonic-movie.jp/sonic-movie/index.html@doing_wp_cron=1730564648.3865160942077636718750&paged=6
 create mode 100644 sonic-movie.jp/sonic-movie/page/10/index.html@doing_wp_cron=1730564648.3865160942077636718750&paged=1
 create mode 100644 sonic-movie.jp/sonic-movie/page/10/index.html@doing_wp_cron=1730564648.3865160942077636718750&paged=11
 create mode 100644 sonic-movie.jp/sonic-movie/page/10/index.html@doing_wp_cron=1730564648.3865160942077636718750&paged=12
 create mode 100644 sonic-movie.jp/sonic-movie/page/10/index.html@doing_wp_cron=1730564648.3865160942077636718750&paged=13
 create mode 100644 sonic-movie.jp/sonic-movie/page/10/index.html@doing_wp_cron=1730564648.3865160942077636718750&paged=14
 create mode 100644 sonic-movie.jp/sonic-movie/page/10/index.html@doing_wp_cron=1730564648.3865160942077636718750&paged=5
 create mode 100644 sonic-movie.jp/sonic-movie/page/10/index.html@doing_wp_cron=1730564648.3865160942077636718750&paged=6
 create mode 100644 sonic-movie.jp/sonic-movie/page/10/index.html@doing_wp_cron=1730564648.3865160942077636718750&paged=7
 create mode 100644 sonic-movie.jp/sonic-movie/page/10/index.html@doing_wp_cron=1730564648.3865160942077636718750&paged=8
 create mode 100644 sonic-movie.jp/sonic-movie/page/10/index.html@doing_wp_cron=1730564648.3865160942077636718750&paged=9
 create mode 100644 sonic-movie.jp/sonic-movie/page/11/index.html@doing_wp_cron=1730564648.3865160942077636718750&paged=1
 create mode 100644 sonic-movie.jp/sonic-movie/page/11/index.html@doing_wp_cron=1730564648.3865160942077636718750&paged=10
 create mode 100644 sonic-movie.jp/sonic-movie/page/11/index.html@doing_wp_cron=1730564648.3865160942077636718750&paged=12
 create mode 100644 sonic-movie.jp/sonic-movie/page/11/index.html@doing_wp_cron=1730564648.3865160942077636718750&paged=13
 create mode 100644 sonic-movie.jp/sonic-movie/page/11/index.html@doing_wp_cron=1730564648.3865160942077636718750&paged=14
 create mode 100644 sonic-movie.jp/sonic-movie/page/11/index.html@doing_wp_cron=1730564648.3865160942077636718750&paged=6
 create mode 100644 sonic-movie.jp/sonic-movie/page/11/index.html@doing_wp_cron=1730564648.3865160942077636718750&paged=7
 create mode 100644 sonic-movie.jp/sonic-movie/page/11/index.html@doing_wp_cron=1730564648.3865160942077636718750&paged=8
 create mode 100644 sonic-movie.jp/sonic-movie/page/11/index.html@doing_wp_cron=1730564648.3865160942077636718750&paged=9
 create mode 100644 sonic-movie.jp/sonic-movie/page/12/index.html@doing_wp_cron=1730564648.3865160942077636718750&paged=1
 create mode 100644 sonic-movie.jp/sonic-movie/page/12/index.html@doing_wp_cron=1730564648.3865160942077636718750&paged=10
 create mode 100644 sonic-movie.jp/sonic-movie/page/12/index.html@doing_wp_cron=1730564648.3865160942077636718750&paged=11
 create mode 100644 sonic-movie.jp/sonic-movie/page/12/index.html@doing_wp_cron=1730564648.3865160942077636718750&paged=13
 create mode 100644 sonic-movie.jp/sonic-movie/page/12/index.html@doing_wp_cron=1730564648.3865160942077636718750&paged=14
 create mode 100644 sonic-movie.jp/sonic-movie/page/12/index.html@doing_wp_cron=1730564648.3865160942077636718750&paged=7
 create mode 100644 sonic-movie.jp/sonic-movie/page/12/index.html@doing_wp_cron=1730564648.3865160942077636718750&paged=8
 create mode 100644 sonic-movie.jp/sonic-movie/page/12/index.html@doing_wp_cron=1730564648.3865160942077636718750&paged=9
 create mode 100644 sonic-movie.jp/sonic-movie/page/13/index.html@doing_wp_cron=1730564648.3865160942077636718750&paged=1
 create mode 100644 sonic-movie.jp/sonic-movie/page/13/index.html@doing_wp_cron=1730564648.3865160942077636718750&paged=10
 create mode 100644 sonic-movie.jp/sonic-movie/page/13/index.html@doing_wp_cron=1730564648.3865160942077636718750&paged=11
 create mode 100644 sonic-movie.jp/sonic-movie/page/13/index.html@doing_wp_cron=1730564648.3865160942077636718750&paged=12
 create mode 100644 sonic-movie.jp/sonic-movie/page/13/index.html@doing_wp_cron=1730564648.3865160942077636718750&paged=14
 create mode 100644 sonic-movie.jp/sonic-movie/page/13/index.html@doing_wp_cron=1730564648.3865160942077636718750&paged=8
 create mode 100644 sonic-movie.jp/sonic-movie/page/13/index.html@doing_wp_cron=1730564648.3865160942077636718750&paged=9
 create mode 100644 sonic-movie.jp/sonic-movie/page/14/index.html@doing_wp_cron=1730564648.3865160942077636718750&paged=1
 create mode 100644 sonic-movie.jp/sonic-movie/page/14/index.html@doing_wp_cron=1730564648.3865160942077636718750&paged=10
 create mode 100644 sonic-movie.jp/sonic-movie/page/14/index.html@doing_wp_cron=1730564648.3865160942077636718750&paged=11
 create mode 100644 sonic-movie.jp/sonic-movie/page/14/index.html@doing_wp_cron=1730564648.3865160942077636718750&paged=12
 create mode 100644 sonic-movie.jp/sonic-movie/page/14/index.html@doing_wp_cron=1730564648.3865160942077636718750&paged=13
 create mode 100644 sonic-movie.jp/sonic-movie/page/14/index.html@doing_wp_cron=1730564648.3865160942077636718750&paged=9
 create mode 100644 sonic-movie.jp/sonic-movie/page/2/index.html@doing_wp_cron=1730564648.3865160942077636718750&paged=1
 create mode 100644 sonic-movie.jp/sonic-movie/page/2/index.html@doing_wp_cron=1730564648.3865160942077636718750&paged=14
 create mode 100644 sonic-movie.jp/sonic-movie/page/2/index.html@doing_wp_cron=1730564648.3865160942077636718750&paged=3
 create mode 100644 sonic-movie.jp/sonic-movie/page/2/index.html@doing_wp_cron=1730564648.3865160942077636718750&paged=4
 create mode 100644 sonic-movie.jp/sonic-movie/page/2/index.html@doing_wp_cron=1730564648.3865160942077636718750&paged=5
 create mode 100644 sonic-movie.jp/sonic-movie/page/2/index.html@doing_wp_cron=1730564648.3865160942077636718750&paged=6
 create mode 100644 sonic-movie.jp/sonic-movie/page/2/index.html@doing_wp_cron=1730564648.3865160942077636718750&paged=7
 create mode 100644 sonic-movie.jp/sonic-movie/page/3/index.html@doing_wp_cron=1730564648.3865160942077636718750&paged=1
 create mode 100644 sonic-movie.jp/sonic-movie/page/3/index.html@doing_wp_cron=1730564648.3865160942077636718750&paged=14
 create mode 100644 sonic-movie.jp/sonic-movie/page/3/index.html@doing_wp_cron=1730564648.3865160942077636718750&paged=2
 create mode 100644 sonic-movie.jp/sonic-movie/page/3/index.html@doing_wp_cron=1730564648.3865160942077636718750&paged=4
 create mode 100644 sonic-movie.jp/sonic-movie/page/3/index.html@doing_wp_cron=1730564648.3865160942077636718750&paged=5
 create mode 100644 sonic-movie.jp/sonic-movie/page/3/index.html@doing_wp_cron=1730564648.3865160942077636718750&paged=6
 create mode 100644 sonic-movie.jp/sonic-movie/page/3/index.html@doing_wp_cron=1730564648.3865160942077636718750&paged=7
 create mode 100644 sonic-movie.jp/sonic-movie/page/3/index.html@doing_wp_cron=1730564648.3865160942077636718750&paged=8
 create mode 100644 sonic-movie.jp/sonic-movie/page/4/index.html@doing_wp_cron=1730564648.3865160942077636718750&paged=1
 create mode 100644 sonic-movie.jp/sonic-movie/page/4/index.html@doing_wp_cron=1730564648.3865160942077636718750&paged=14
 create mode 100644 sonic-movie.jp/sonic-movie/page/4/index.html@doing_wp_cron=1730564648.3865160942077636718750&paged=2
 create mode 100644 sonic-movie.jp/sonic-movie/page/4/index.html@doing_wp_cron=1730564648.3865160942077636718750&paged=3
 create mode 100644 sonic-movie.jp/sonic-movie/page/4/index.html@doing_wp_cron=1730564648.3865160942077636718750&paged=5
 create mode 100644 sonic-movie.jp/sonic-movie/page/4/index.html@doing_wp_cron=1730564648.3865160942077636718750&paged=6
 create mode 100644 sonic-movie.jp/sonic-movie/page/4/index.html@doing_wp_cron=1730564648.3865160942077636718750&paged=7
 create mode 100644 sonic-movie.jp/sonic-movie/page/4/index.html@doing_wp_cron=1730564648.3865160942077636718750&paged=8
 create mode 100644 sonic-movie.jp/sonic-movie/page/4/index.html@doing_wp_cron=1730564648.3865160942077636718750&paged=9
 create mode 100644 sonic-movie.jp/sonic-movie/page/5/index.html@doing_wp_cron=1730564648.3865160942077636718750&paged=1
 create mode 100644 sonic-movie.jp/sonic-movie/page/5/index.html@doing_wp_cron=1730564648.3865160942077636718750&paged=10
 create mode 100644 sonic-movie.jp/sonic-movie/page/5/index.html@doing_wp_cron=1730564648.3865160942077636718750&paged=14
 create mode 100644 sonic-movie.jp/sonic-movie/page/5/index.html@doing_wp_cron=1730564648.3865160942077636718750&paged=2
 create mode 100644 sonic-movie.jp/sonic-movie/page/5/index.html@doing_wp_cron=1730564648.3865160942077636718750&paged=3
 create mode 100644 sonic-movie.jp/sonic-movie/page/5/index.html@doing_wp_cron=1730564648.3865160942077636718750&paged=4
 create mode 100644 sonic-movie.jp/sonic-movie/page/5/index.html@doing_wp_cron=1730564648.3865160942077636718750&paged=6
 create mode 100644 sonic-movie.jp/sonic-movie/page/5/index.html@doing_wp_cron=1730564648.3865160942077636718750&paged=7
 create mode 100644 sonic-movie.jp/sonic-movie/page/5/index.html@doing_wp_cron=1730564648.3865160942077636718750&paged=8
 create mode 100644 sonic-movie.jp/sonic-movie/page/5/index.html@doing_wp_cron=1730564648.3865160942077636718750&paged=9
 create mode 100644 sonic-movie.jp/sonic-movie/page/6/index.html@doing_wp_cron=1730564648.3865160942077636718750&paged=1
 create mode 100644 sonic-movie.jp/sonic-movie/page/6/index.html@doing_wp_cron=1730564648.3865160942077636718750&paged=10
 create mode 100644 sonic-movie.jp/sonic-movie/page/6/index.html@doing_wp_cron=1730564648.3865160942077636718750&paged=11
 create mode 100644 sonic-movie.jp/sonic-movie/page/6/index.html@doing_wp_cron=1730564648.3865160942077636718750&paged=14
 create mode 100644 sonic-movie.jp/sonic-movie/page/6/index.html@doing_wp_cron=1730564648.3865160942077636718750&paged=2
 create mode 100644 sonic-movie.jp/sonic-movie/page/6/index.html@doing_wp_cron=1730564648.3865160942077636718750&paged=3
 create mode 100644 sonic-movie.jp/sonic-movie/page/6/index.html@doing_wp_cron=1730564648.3865160942077636718750&paged=4
 create mode 100644 sonic-movie.jp/sonic-movie/page/6/index.html@doing_wp_cron=1730564648.3865160942077636718750&paged=5
 create mode 100644 sonic-movie.jp/sonic-movie/page/6/index.html@doing_wp_cron=1730564648.3865160942077636718750&paged=7
 create mode 100644 sonic-movie.jp/sonic-movie/page/6/index.html@doing_wp_cron=1730564648.3865160942077636718750&paged=8
 create mode 100644 sonic-movie.jp/sonic-movie/page/6/index.html@doing_wp_cron=1730564648.3865160942077636718750&paged=9
 create mode 100644 sonic-movie.jp/sonic-movie/page/7/index.html@doing_wp_cron=1730564648.3865160942077636718750&paged=1
 create mode 100644 sonic-movie.jp/sonic-movie/page/7/index.html@doing_wp_cron=1730564648.3865160942077636718750&paged=10
 create mode 100644 sonic-movie.jp/sonic-movie/page/7/index.html@doing_wp_cron=1730564648.3865160942077636718750&paged=11
 create mode 100644 sonic-movie.jp/sonic-movie/page/7/index.html@doing_wp_cron=1730564648.3865160942077636718750&paged=12
 create mode 100644 sonic-movie.jp/sonic-movie/page/7/index.html@doing_wp_cron=1730564648.3865160942077636718750&paged=14
 create mode 100644 sonic-movie.jp/sonic-movie/page/7/index.html@doing_wp_cron=1730564648.3865160942077636718750&paged=2
 create mode 100644 sonic-movie.jp/sonic-movie/page/7/index.html@doing_wp_cron=1730564648.3865160942077636718750&paged=3
 create mode 100644 sonic-movie.jp/sonic-movie/page/7/index.html@doing_wp_cron=1730564648.3865160942077636718750&paged=4
 create mode 100644 sonic-movie.jp/sonic-movie/page/7/index.html@doing_wp_cron=1730564648.3865160942077636718750&paged=5
 create mode 100644 sonic-movie.jp/sonic-movie/page/7/index.html@doing_wp_cron=1730564648.3865160942077636718750&paged=6
 create mode 100644 sonic-movie.jp/sonic-movie/page/7/index.html@doing_wp_cron=1730564648.3865160942077636718750&paged=8
 create mode 100644 sonic-movie.jp/sonic-movie/page/7/index.html@doing_wp_cron=1730564648.3865160942077636718750&paged=9
 create mode 100644 sonic-movie.jp/sonic-movie/page/8/index.html@doing_wp_cron=1730564648.3865160942077636718750&paged=1
 create mode 100644 sonic-movie.jp/sonic-movie/page/8/index.html@doing_wp_cron=1730564648.3865160942077636718750&paged=10
 create mode 100644 sonic-movie.jp/sonic-movie/page/8/index.html@doing_wp_cron=1730564648.3865160942077636718750&paged=11
 create mode 100644 sonic-movie.jp/sonic-movie/page/8/index.html@doing_wp_cron=1730564648.3865160942077636718750&paged=12
 create mode 100644 sonic-movie.jp/sonic-movie/page/8/index.html@doing_wp_cron=1730564648.3865160942077636718750&paged=13
 create mode 100644 sonic-movie.jp/sonic-movie/page/8/index.html@doing_wp_cron=1730564648.3865160942077636718750&paged=14
 create mode 100644 sonic-movie.jp/sonic-movie/page/8/index.html@doing_wp_cron=1730564648.3865160942077636718750&paged=3
 create mode 100644 sonic-movie.jp/sonic-movie/page/8/index.html@doing_wp_cron=1730564648.3865160942077636718750&paged=4
 create mode 100644 sonic-movie.jp/sonic-movie/page/8/index.html@doing_wp_cron=1730564648.3865160942077636718750&paged=5
 create mode 100644 sonic-movie.jp/sonic-movie/page/8/index.html@doing_wp_cron=1730564648.3865160942077636718750&paged=6
 create mode 100644 sonic-movie.jp/sonic-movie/page/8/index.html@doing_wp_cron=1730564648.3865160942077636718750&paged=7
 create mode 100644 sonic-movie.jp/sonic-movie/page/8/index.html@doing_wp_cron=1730564648.3865160942077636718750&paged=9
 create mode 100644 sonic-movie.jp/sonic-movie/page/9/index.html@doing_wp_cron=1730564648.3865160942077636718750&paged=1
 create mode 100644 sonic-movie.jp/sonic-movie/page/9/index.html@doing_wp_cron=1730564648.3865160942077636718750&paged=10
 create mode 100644 sonic-movie.jp/sonic-movie/page/9/index.html@doing_wp_cron=1730564648.3865160942077636718750&paged=11
 create mode 100644 sonic-movie.jp/sonic-movie/page/9/index.html@doing_wp_cron=1730564648.3865160942077636718750&paged=12
 create mode 100644 sonic-movie.jp/sonic-movie/page/9/index.html@doing_wp_cron=1730564648.3865160942077636718750&paged=13
 create mode 100644 sonic-movie.jp/sonic-movie/page/9/index.html@doing_wp_cron=1730564648.3865160942077636718750&paged=14
 create mode 100644 sonic-movie.jp/sonic-movie/page/9/index.html@doing_wp_cron=1730564648.3865160942077636718750&paged=4
 create mode 100644 sonic-movie.jp/sonic-movie/page/9/index.html@doing_wp_cron=1730564648.3865160942077636718750&paged=5
 create mode 100644 sonic-movie.jp/sonic-movie/page/9/index.html@doing_wp_cron=1730564648.3865160942077636718750&paged=6
 create mode 100644 sonic-movie.jp/sonic-movie/page/9/index.html@doing_wp_cron=1730564648.3865160942077636718750&paged=7
 create mode 100644 sonic-movie.jp/sonic-movie/page/9/index.html@doing_wp_cron=1730564648.3865160942077636718750&paged=8
 create mode 100644 sonic.sega.jp/SonicChannel/assets_c/2024/10/sonicpict_241031_01_eye-thumb-640xauto-5870.jpg
 create mode 100644 sonic.sega.jp/SonicChannel/assets_c/2024/10/staffcolumn_241101_01_eye-thumb-640xauto-5863.jpg
 create mode 100644 sonic.sega.jp/SonicChannel/assets_c/2024/10/wallpaper_240_blaze_16_pc_thm-thumb-220x220-5865.jpg
 create mode 100644 sonic.sega.jp/SonicChannel/assets_c/2024/10/wallpaper_240_blaze_16_sp_thm-thumb-200x200-5867.jpg
 create mode 100644 sonic.sega.jp/SonicChannel/assets_c/2024/11/fanart_2411_eye-thumb-640xauto-5873.jpg
 create mode 100644 sonic.sega.jp/SonicChannel/assets_c/2024/11/screenshot_2411_eye-thumb-640xauto-5872.jpg
 create mode 100644 sonic.sega.jp/SonicChannel/enjoy/image/wallpaper_240_blaze_16_pc.png
 create mode 100644 sonic.sega.jp/SonicChannel/enjoy/image/wallpaper_240_blaze_16_sp.png
 create mode 100644 sonic.sega.jp/SonicChannel/fangallery/fanart/20241101_008706/index.html
 create mode 100644 sonic.sega.jp/SonicChannel/fangallery/fanart/image/2411_0001.jpg
 create mode 100644 sonic.sega.jp/SonicChannel/fangallery/fanart/image/2411_0002.jpg
 create mode 100644 sonic.sega.jp/SonicChannel/fangallery/fanart/image/2411_0003.jpg
 create mode 100644 sonic.sega.jp/SonicChannel/fangallery/fanart/image/2411_0004.jpg
 create mode 100644 sonic.sega.jp/SonicChannel/fangallery/fanart/image/2411_0005.jpg
 create mode 100644 sonic.sega.jp/SonicChannel/fangallery/fanart/image/2411_0006.jpg
 create mode 100644 sonic.sega.jp/SonicChannel/fangallery/fanart/image/2411_0007.jpg
 create mode 100644 sonic.sega.jp/SonicChannel/fangallery/fanart/image/2411_0008.jpg
 create mode 100644 sonic.sega.jp/SonicChannel/fangallery/fanart/image/2411_0009.jpg
 create mode 100644 sonic.sega.jp/SonicChannel/fangallery/fanart/image/2411_0010.jpg
 create mode 100644 sonic.sega.jp/SonicChannel/fangallery/fanart/image/2411_0011.jpg
 create mode 100644 sonic.sega.jp/SonicChannel/fangallery/fanart/image/2411_0012.jpg
 create mode 100644 sonic.sega.jp/SonicChannel/fangallery/fanart/image/2411_0013.jpg
 create mode 100644 sonic.sega.jp/SonicChannel/fangallery/fanart/image/2411_0014.jpg
 create mode 100644 sonic.sega.jp/SonicChannel/fangallery/fanart/image/2411_0015.jpg
 create mode 100644 sonic.sega.jp/SonicChannel/fangallery/fanart/image/2411_0016.jpg
 create mode 100644 sonic.sega.jp/SonicChannel/fangallery/fanart/image/2411_0017.jpg
 create mode 100644 sonic.sega.jp/SonicChannel/fangallery/fanart/image/2411_0018.jpg
 create mode 100644 sonic.sega.jp/SonicChannel/fangallery/fanart/image/2411_0019.jpg
 create mode 100644 sonic.sega.jp/SonicChannel/fangallery/fanart/image/2411_0020.jpg
 create mode 100644 sonic.sega.jp/SonicChannel/fangallery/fanart/image/2411_0021.jpg
 create mode 100644 sonic.sega.jp/SonicChannel/fangallery/fanart/image/2411_0022.jpg
 create mode 100644 sonic.sega.jp/SonicChannel/fangallery/fanart/image/2411_0023.jpg
 create mode 100644 sonic.sega.jp/SonicChannel/fangallery/fanart/image/2411_0024.jpg
 create mode 100644 sonic.sega.jp/SonicChannel/fangallery/fanart/image/2411_0025.jpg
 create mode 100644 sonic.sega.jp/SonicChannel/fangallery/fanart/image/2411_0026.jpg
 create mode 100644 sonic.sega.jp/SonicChannel/fangallery/fanart/image/2411_0027.jpg
 create mode 100644 sonic.sega.jp/SonicChannel/fangallery/fanart/image/2411_0028.jpg
 create mode 100644 sonic.sega.jp/SonicChannel/fangallery/fanart/image/2411_0029.jpg
 create mode 100644 sonic.sega.jp/SonicChannel/fangallery/fanart/image/2411_0030.jpg
 create mode 100644 sonic.sega.jp/SonicChannel/fangallery/fanart/image/s2411_0001.jpg
 create mode 100644 sonic.sega.jp/SonicChannel/fangallery/fanart/image/s2411_0002.jpg
 create mode 100644 sonic.sega.jp/SonicChannel/fangallery/fanart/image/s2411_0003.jpg
 create mode 100644 sonic.sega.jp/SonicChannel/fangallery/fanart/image/s2411_0004.jpg
 create mode 100644 sonic.sega.jp/SonicChannel/fangallery/fanart/image/s2411_0005.jpg
 create mode 100644 sonic.sega.jp/SonicChannel/fangallery/fanart/image/s2411_0006.jpg
 create mode 100644 sonic.sega.jp/SonicChannel/fangallery/fanart/image/s2411_0007.jpg
 create mode 100644 sonic.sega.jp/SonicChannel/fangallery/fanart/image/s2411_0008.jpg
 create mode 100644 sonic.sega.jp/SonicChannel/fangallery/fanart/image/s2411_0009.jpg
 create mode 100644 sonic.sega.jp/SonicChannel/fangallery/fanart/image/s2411_0010.jpg
 create mode 100644 sonic.sega.jp/SonicChannel/fangallery/fanart/image/s2411_0011.jpg
 create mode 100644 sonic.sega.jp/SonicChannel/fangallery/fanart/image/s2411_0012.jpg
 create mode 100644 sonic.sega.jp/SonicChannel/fangallery/fanart/image/s2411_0013.jpg
 create mode 100644 sonic.sega.jp/SonicChannel/fangallery/fanart/image/s2411_0014.jpg
 create mode 100644 sonic.sega.jp/SonicChannel/fangallery/fanart/image/s2411_0015.jpg
 create mode 100644 sonic.sega.jp/SonicChannel/fangallery/fanart/image/s2411_0016.jpg
 create mode 100644 sonic.sega.jp/SonicChannel/fangallery/fanart/image/s2411_0017.jpg
 create mode 100644 sonic.sega.jp/SonicChannel/fangallery/fanart/image/s2411_0018.jpg
 create mode 100644 sonic.sega.jp/SonicChannel/fangallery/fanart/image/s2411_0019.jpg
 create mode 100644 sonic.sega.jp/SonicChannel/fangallery/fanart/image/s2411_0020.jpg
 create mode 100644 sonic.sega.jp/SonicChannel/fangallery/fanart/image/s2411_0021.jpg
 create mode 100644 sonic.sega.jp/SonicChannel/fangallery/fanart/image/s2411_0022.jpg
 create mode 100644 sonic.sega.jp/SonicChannel/fangallery/fanart/image/s2411_0023.jpg
 create mode 100644 sonic.sega.jp/SonicChannel/fangallery/fanart/image/s2411_0024.jpg
 create mode 100644 sonic.sega.jp/SonicChannel/fangallery/fanart/image/s2411_0025.jpg
 create mode 100644 sonic.sega.jp/SonicChannel/fangallery/fanart/image/s2411_0026.jpg
 create mode 100644 sonic.sega.jp/SonicChannel/fangallery/fanart/image/s2411_0027.jpg
 create mode 100644 sonic.sega.jp/SonicChannel/fangallery/fanart/image/s2411_0028.jpg
 create mode 100644 sonic.sega.jp/SonicChannel/fangallery/fanart/image/s2411_0029.jpg
 create mode 100644 sonic.sega.jp/SonicChannel/fangallery/fanart/image/s2411_0030.jpg
 create mode 100644 sonic.sega.jp/SonicChannel/fangallery/image/fanart_2411_eye.jpg
 create mode 100644 sonic.sega.jp/SonicChannel/fangallery/image/screenshot_2411_eye.jpg
 create mode 100644 sonic.sega.jp/SonicChannel/fangallery/screenshot/20241101_008705/index.html
 create mode 100644 sonic.sega.jp/SonicChannel/fangallery/screenshot/image/2411_0001.jpg
 create mode 100644 sonic.sega.jp/SonicChannel/fangallery/screenshot/image/2411_0002.jpg
 create mode 100644 sonic.sega.jp/SonicChannel/fangallery/screenshot/image/2411_0003.jpg
 create mode 100644 sonic.sega.jp/SonicChannel/fangallery/screenshot/image/2411_0004.jpg
 create mode 100644 sonic.sega.jp/SonicChannel/fangallery/screenshot/image/2411_0005.jpg
 create mode 100644 sonic.sega.jp/SonicChannel/fangallery/screenshot/image/2411_0006.jpg
 create mode 100644 sonic.sega.jp/SonicChannel/fangallery/screenshot/image/2411_0007.jpg
 create mode 100644 sonic.sega.jp/SonicChannel/fangallery/screenshot/image/s2411_0001.jpg
 create mode 100644 sonic.sega.jp/SonicChannel/fangallery/screenshot/image/s2411_0002.jpg
 create mode 100644 sonic.sega.jp/SonicChannel/fangallery/screenshot/image/s2411_0003.jpg
 create mode 100644 sonic.sega.jp/SonicChannel/fangallery/screenshot/image/s2411_0004.jpg
 create mode 100644 sonic.sega.jp/SonicChannel/fangallery/screenshot/image/s2411_0005.jpg
 create mode 100644 sonic.sega.jp/SonicChannel/fangallery/screenshot/image/s2411_0006.jpg
 create mode 100644 sonic.sega.jp/SonicChannel/fangallery/screenshot/image/s2411_0007.jpg
 create mode 100644 sonic.sega.jp/SonicChannel/special/image/sonicpict_241031_01_01.jpg
 create mode 100644 sonic.sega.jp/SonicChannel/special/image/sonicpict_241031_01_eye.jpg
 create mode 100644 sonic.sega.jp/SonicChannel/special/image/staffcolumn_241101_01_01.jpg
 create mode 100644 sonic.sega.jp/SonicChannel/special/image/staffcolumn_241101_01_eye.jpg
 create mode 100644 sonic.sega.jp/SonicChannel/special/sidestory/sonicpict/20241031_008703/index.html
 create mode 100644 sonic.sega.jp/SonicChannel/special/sidestory/sonicpict/index_6.html
 create mode 100644 sonic.sega.jp/SonicChannel/special/staffcolumn/20241101_008702/index.html
