Already up to date.
[main b6a8bd763a] files from 2023-03-01,  8:53:29
 143 files changed, 4574 insertions(+), 3532 deletions(-)
 create mode 100644 sonic.sega.jp/SonicChannel/assets_c/2023/02/staffcolumn_230301_01_eye-thumb-640xauto-5037.jpg
 create mode 100644 sonic.sega.jp/SonicChannel/assets_c/2023/02/wallpaper_220_tails_16_pc_thm-thumb-220x220-5039.png
 create mode 100644 sonic.sega.jp/SonicChannel/assets_c/2023/02/wallpaper_220_tails_16_sp_thm-thumb-220x220-5038.png
 create mode 100644 sonic.sega.jp/SonicChannel/assets_c/2023/03/fanart_2303_eye-thumb-640xauto-5043.jpg
 create mode 100644 sonic.sega.jp/SonicChannel/enjoy/image/wallpaper_220_tails_16_pc.png
 create mode 100644 sonic.sega.jp/SonicChannel/enjoy/image/wallpaper_220_tails_16_sp.png
 create mode 100644 sonic.sega.jp/SonicChannel/fanart/20230301_008244/index.html
 create mode 100644 sonic.sega.jp/SonicChannel/fanart/image/2303_0001.jpg
 create mode 100644 sonic.sega.jp/SonicChannel/fanart/image/2303_0002.jpg
 create mode 100644 sonic.sega.jp/SonicChannel/fanart/image/2303_0003.jpg
 create mode 100644 sonic.sega.jp/SonicChannel/fanart/image/2303_0004.jpg
 create mode 100644 sonic.sega.jp/SonicChannel/fanart/image/2303_0005.jpg
 create mode 100644 sonic.sega.jp/SonicChannel/fanart/image/2303_0006.jpg
 create mode 100644 sonic.sega.jp/SonicChannel/fanart/image/2303_0007.jpg
 create mode 100644 sonic.sega.jp/SonicChannel/fanart/image/2303_0008.jpg
 create mode 100644 sonic.sega.jp/SonicChannel/fanart/image/2303_0009.jpg
 create mode 100644 sonic.sega.jp/SonicChannel/fanart/image/2303_0010.jpg
 create mode 100644 sonic.sega.jp/SonicChannel/fanart/image/2303_0011.jpg
 create mode 100644 sonic.sega.jp/SonicChannel/fanart/image/2303_0012.jpg
 create mode 100644 sonic.sega.jp/SonicChannel/fanart/image/2303_0013.jpg
 create mode 100644 sonic.sega.jp/SonicChannel/fanart/image/2303_0014.jpg
 create mode 100644 sonic.sega.jp/SonicChannel/fanart/image/2303_0015.jpg
 create mode 100644 sonic.sega.jp/SonicChannel/fanart/image/2303_0016.jpg
 create mode 100644 sonic.sega.jp/SonicChannel/fanart/image/2303_0017.jpg
 create mode 100644 sonic.sega.jp/SonicChannel/fanart/image/2303_0018.jpg
 create mode 100644 sonic.sega.jp/SonicChannel/fanart/image/2303_0019.jpg
 create mode 100644 sonic.sega.jp/SonicChannel/fanart/image/2303_0020.jpg
 create mode 100644 sonic.sega.jp/SonicChannel/fanart/image/2303_0021.jpg
 create mode 100644 sonic.sega.jp/SonicChannel/fanart/image/2303_0022.jpg
 create mode 100644 sonic.sega.jp/SonicChannel/fanart/image/2303_0023.jpg
 create mode 100644 sonic.sega.jp/SonicChannel/fanart/image/2303_0024.jpg
 create mode 100644 sonic.sega.jp/SonicChannel/fanart/image/2303_0025.jpg
 create mode 100644 sonic.sega.jp/SonicChannel/fanart/image/2303_0026.jpg
 create mode 100644 sonic.sega.jp/SonicChannel/fanart/image/2303_0027.jpg
 create mode 100644 sonic.sega.jp/SonicChannel/fanart/image/2303_0028.jpg
 create mode 100644 sonic.sega.jp/SonicChannel/fanart/image/2303_0029.jpg
 create mode 100644 sonic.sega.jp/SonicChannel/fanart/image/2303_0030.jpg
 create mode 100644 sonic.sega.jp/SonicChannel/fanart/image/fanart_2303_eye.jpg
 create mode 100644 sonic.sega.jp/SonicChannel/fanart/image/s2303_0001.jpg
 create mode 100644 sonic.sega.jp/SonicChannel/fanart/image/s2303_0002.jpg
 create mode 100644 sonic.sega.jp/SonicChannel/fanart/image/s2303_0003.jpg
 create mode 100644 sonic.sega.jp/SonicChannel/fanart/image/s2303_0004.jpg
 create mode 100644 sonic.sega.jp/SonicChannel/fanart/image/s2303_0005.jpg
 create mode 100644 sonic.sega.jp/SonicChannel/fanart/image/s2303_0006.jpg
 create mode 100644 sonic.sega.jp/SonicChannel/fanart/image/s2303_0007.jpg
 create mode 100644 sonic.sega.jp/SonicChannel/fanart/image/s2303_0008.jpg
 create mode 100644 sonic.sega.jp/SonicChannel/fanart/image/s2303_0009.jpg
 create mode 100644 sonic.sega.jp/SonicChannel/fanart/image/s2303_0010.jpg
 create mode 100644 sonic.sega.jp/SonicChannel/fanart/image/s2303_0011.jpg
 create mode 100644 sonic.sega.jp/SonicChannel/fanart/image/s2303_0012.jpg
 create mode 100644 sonic.sega.jp/SonicChannel/fanart/image/s2303_0013.jpg
 create mode 100644 sonic.sega.jp/SonicChannel/fanart/image/s2303_0014.jpg
 create mode 100644 sonic.sega.jp/SonicChannel/fanart/image/s2303_0015.jpg
 create mode 100644 sonic.sega.jp/SonicChannel/fanart/image/s2303_0016.jpg
 create mode 100644 sonic.sega.jp/SonicChannel/fanart/image/s2303_0017.jpg
 create mode 100644 sonic.sega.jp/SonicChannel/fanart/image/s2303_0018.jpg
 create mode 100644 sonic.sega.jp/SonicChannel/fanart/image/s2303_0019.jpg
 create mode 100644 sonic.sega.jp/SonicChannel/fanart/image/s2303_0020.jpg
 create mode 100644 sonic.sega.jp/SonicChannel/fanart/image/s2303_0021.jpg
 create mode 100644 sonic.sega.jp/SonicChannel/fanart/image/s2303_0022.jpg
 create mode 100644 sonic.sega.jp/SonicChannel/fanart/image/s2303_0023.jpg
 create mode 100644 sonic.sega.jp/SonicChannel/fanart/image/s2303_0024.jpg
 create mode 100644 sonic.sega.jp/SonicChannel/fanart/image/s2303_0025.jpg
 create mode 100644 sonic.sega.jp/SonicChannel/fanart/image/s2303_0026.jpg
 create mode 100644 sonic.sega.jp/SonicChannel/fanart/image/s2303_0027.jpg
 create mode 100644 sonic.sega.jp/SonicChannel/fanart/image/s2303_0028.jpg
 create mode 100644 sonic.sega.jp/SonicChannel/fanart/image/s2303_0029.jpg
 create mode 100644 sonic.sega.jp/SonicChannel/fanart/image/s2303_0030.jpg
 create mode 100644 sonic.sega.jp/SonicChannel/special/image/staffcolumn_230301_01_01.jpg
 create mode 100644 sonic.sega.jp/SonicChannel/special/image/staffcolumn_230301_01_eye.jpg
 create mode 100644 sonic.sega.jp/SonicChannel/special/staffcolumn/tomoko/20230301_008239/index.html
 create mode 100644 sonic.sega.jp/SonicFrontiers/images/top/button-sale-spring.png
 create mode 100644 sonic.sega.jp/SonicFrontiers/information/230301.html
 create mode 100644 sonic.sega.jp/SonicFrontiers/information/images/ogp-230301.jpg
