Already up to date.
Deleted file - D:\GitHub\SonicChannelTrack\sonic.sega.jp\sonicchannel\about.1
Deleted file - D:\GitHub\SonicChannelTrack\sonic.sega.jp\sonicchannel\character.1
Deleted file - D:\GitHub\SonicChannelTrack\sonic.sega.jp\sonicchannel\fangallery.1
Deleted file - D:\GitHub\SonicChannelTrack\sonic.sega.jp\sonicchannel\special.1
Deleted file - D:\GitHub\SonicChannelTrack\sonic.sega.jp\sonicchannel\fangallery\apply.1
Deleted file - D:\GitHub\SonicChannelTrack\sonic.sega.jp\sonicchannel\fangallery\fanart.1
Deleted file - D:\GitHub\SonicChannelTrack\sonic.sega.jp\sonicchannel\fangallery\oshiete.1
Deleted file - D:\GitHub\SonicChannelTrack\sonic.sega.jp\sonicchannel\fangallery\screenshot.1
Deleted file - D:\GitHub\SonicChannelTrack\sonic.sega.jp\sonicchannel\special\sidestory.1
Deleted file - D:\GitHub\SonicChannelTrack\sonic.sega.jp\sonicchannel\special\sns.1
Deleted file - D:\GitHub\SonicChannelTrack\sonic.sega.jp\sonicchannel\special\staffcolumn.1
Deleted file - D:\GitHub\SonicChannelTrack\sonic.sega.jp\sonicchannel\special\gamecontents\soniccolors.1
Deleted file - D:\GitHub\SonicChannelTrack\sonic.sega.jp\sonicchannel\special\gamecontents\sonicforces.1
Deleted file - D:\GitHub\SonicChannelTrack\sonic.sega.jp\sonicchannel\special\gamecontents\sonicmania.1
Deleted file - D:\GitHub\SonicChannelTrack\sonic.sega.jp\sonicchannel\special\sidestory\comic.1
Deleted file - D:\GitHub\SonicChannelTrack\sonic.sega.jp\sonicchannel\special\sidestory\coverstory.1
Deleted file - D:\GitHub\SonicChannelTrack\sonic.sega.jp\sonicchannel\special\sidestory\ohgiri.1
Deleted file - D:\GitHub\SonicChannelTrack\sonic.sega.jp\sonicchannel\special\sidestory\sonicpict.1
Deleted file - D:\GitHub\SonicChannelTrack\sonic.sega.jp\sonicchannel\special\soundcolumn\ohtani.1
Deleted file - D:\GitHub\SonicChannelTrack\sonic.sega.jp\sonicchannel\special\soundcolumn\senoue.1
Deleted file - D:\GitHub\SonicChannelTrack\sonic.sega.jp\sonicchannel\topics\collaboration.1
Deleted file - D:\GitHub\SonicChannelTrack\sonic.sega.jp\sonicchannel\topics\event.1
Deleted file - D:\GitHub\SonicChannelTrack\sonic.sega.jp\sonicchannel\topics\goods.1
Deleted file - D:\GitHub\SonicChannelTrack\sonic.sega.jp\sonicchannel\topics\information.1
Deleted file - D:\GitHub\SonicChannelTrack\sonic.sega.jp\sonicchannel\topics\sound.1
Deleted file - D:\GitHub\SonicChannelTrack\sonic.sega.jp\sonicchannel\topics\goods\20190607_001917.1
Deleted file - D:\GitHub\SonicChannelTrack\sonic.sega.jp\sonicchannel\about.2
Deleted file - D:\GitHub\SonicChannelTrack\sonic.sega.jp\sonicchannel\character.2
Deleted file - D:\GitHub\SonicChannelTrack\sonic.sega.jp\sonicchannel\fangallery.2
Deleted file - D:\GitHub\SonicChannelTrack\sonic.sega.jp\sonicchannel\special.2
Deleted file - D:\GitHub\SonicChannelTrack\sonic.sega.jp\sonicchannel\fangallery\apply.2
Deleted file - D:\GitHub\SonicChannelTrack\sonic.sega.jp\sonicchannel\fangallery\fanart.2
Deleted file - D:\GitHub\SonicChannelTrack\sonic.sega.jp\sonicchannel\fangallery\oshiete.2
Deleted file - D:\GitHub\SonicChannelTrack\sonic.sega.jp\sonicchannel\fangallery\screenshot.2
Deleted file - D:\GitHub\SonicChannelTrack\sonic.sega.jp\sonicchannel\special\sidestory.2
Deleted file - D:\GitHub\SonicChannelTrack\sonic.sega.jp\sonicchannel\special\sns.2
Deleted file - D:\GitHub\SonicChannelTrack\sonic.sega.jp\sonicchannel\special\staffcolumn.2
Deleted file - D:\GitHub\SonicChannelTrack\sonic.sega.jp\sonicchannel\special\gamecontents\soniccolors.2
Deleted file - D:\GitHub\SonicChannelTrack\sonic.sega.jp\sonicchannel\special\gamecontents\sonicforces.2
Deleted file - D:\GitHub\SonicChannelTrack\sonic.sega.jp\sonicchannel\special\gamecontents\sonicmania.2
Deleted file - D:\GitHub\SonicChannelTrack\sonic.sega.jp\sonicchannel\special\sidestory\comic.2
Deleted file - D:\GitHub\SonicChannelTrack\sonic.sega.jp\sonicchannel\special\sidestory\coverstory.2
Deleted file - D:\GitHub\SonicChannelTrack\sonic.sega.jp\sonicchannel\special\sidestory\ohgiri.2
Deleted file - D:\GitHub\SonicChannelTrack\sonic.sega.jp\sonicchannel\special\sidestory\sonicpict.2
Deleted file - D:\GitHub\SonicChannelTrack\sonic.sega.jp\sonicchannel\special\soundcolumn\ohtani.2
Deleted file - D:\GitHub\SonicChannelTrack\sonic.sega.jp\sonicchannel\special\soundcolumn\senoue.2
Deleted file - D:\GitHub\SonicChannelTrack\sonic.sega.jp\sonicchannel\topics\collaboration.2
Deleted file - D:\GitHub\SonicChannelTrack\sonic.sega.jp\sonicchannel\topics\event.2
Deleted file - D:\GitHub\SonicChannelTrack\sonic.sega.jp\sonicchannel\topics\goods.2
Deleted file - D:\GitHub\SonicChannelTrack\sonic.sega.jp\sonicchannel\topics\information.2
Deleted file - D:\GitHub\SonicChannelTrack\sonic.sega.jp\sonicchannel\topics\sound.2
Deleted file - D:\GitHub\SonicChannelTrack\sonic.sega.jp\sonicchannel\about.3
Deleted file - D:\GitHub\SonicChannelTrack\sonic.sega.jp\sonicchannel\character.3
Deleted file - D:\GitHub\SonicChannelTrack\sonic.sega.jp\sonicchannel\fangallery.3
Deleted file - D:\GitHub\SonicChannelTrack\sonic.sega.jp\sonicchannel\fangallery\apply.3
Deleted file - D:\GitHub\SonicChannelTrack\sonic.sega.jp\sonicchannel\fangallery\fanart.3
Deleted file - D:\GitHub\SonicChannelTrack\sonic.sega.jp\sonicchannel\fangallery\oshiete.3
Deleted file - D:\GitHub\SonicChannelTrack\sonic.sega.jp\sonicchannel\fangallery\screenshot.3
Deleted file - D:\GitHub\SonicChannelTrack\sonic.sega.jp\sonicchannel\special\sidestory.3
Deleted file - D:\GitHub\SonicChannelTrack\sonic.sega.jp\sonicchannel\special\staffcolumn.3
Deleted file - D:\GitHub\SonicChannelTrack\sonic.sega.jp\sonicchannel\special\gamecontents\soniccolors.3
Deleted file - D:\GitHub\SonicChannelTrack\sonic.sega.jp\sonicchannel\special\gamecontents\sonicforces.3
Deleted file - D:\GitHub\SonicChannelTrack\sonic.sega.jp\sonicchannel\special\sidestory\comic.3
Deleted file - D:\GitHub\SonicChannelTrack\sonic.sega.jp\sonicchannel\special\sidestory\coverstory.3
Deleted file - D:\GitHub\SonicChannelTrack\sonic.sega.jp\sonicchannel\special\sidestory\ohgiri.3
Deleted file - D:\GitHub\SonicChannelTrack\sonic.sega.jp\sonicchannel\special\sidestory\sonicpict.3
Deleted file - D:\GitHub\SonicChannelTrack\sonic.sega.jp\sonicchannel\topics\collaboration.3
Deleted file - D:\GitHub\SonicChannelTrack\sonic.sega.jp\sonicchannel\topics\event.3
Deleted file - D:\GitHub\SonicChannelTrack\sonic.sega.jp\sonicchannel\topics\goods.3
Deleted file - D:\GitHub\SonicChannelTrack\sonic.sega.jp\sonicchannel\topics\information.3
Deleted file - D:\GitHub\SonicChannelTrack\sonic.sega.jp\sonicchannel\topics\sound.3
Deleted file - D:\GitHub\SonicChannelTrack\sonic.sega.jp\sonicchannel\about.4
Deleted file - D:\GitHub\SonicChannelTrack\sonic.sega.jp\sonicchannel\character.4
Deleted file - D:\GitHub\SonicChannelTrack\sonic.sega.jp\sonicchannel\fangallery.4
Deleted file - D:\GitHub\SonicChannelTrack\sonic.sega.jp\sonicchannel\special\sidestory.4
Deleted file - D:\GitHub\SonicChannelTrack\sonic.sega.jp\sonicchannel\special\gamecontents\soniccolors.4
Deleted file - D:\GitHub\SonicChannelTrack\sonic.sega.jp\sonicchannel\special\gamecontents\sonicforces.4
Deleted file - D:\GitHub\SonicChannelTrack\sonic.sega.jp\sonicchannel\special\sidestory\comic.4
Deleted file - D:\GitHub\SonicChannelTrack\sonic.sega.jp\sonicchannel\special\sidestory\coverstory.4
Deleted file - D:\GitHub\SonicChannelTrack\sonic.sega.jp\sonicchannel\topics\collaboration.4
Deleted file - D:\GitHub\SonicChannelTrack\sonic.sega.jp\sonicchannel\topics\event.4
Deleted file - D:\GitHub\SonicChannelTrack\sonic.sega.jp\sonicchannel\topics\goods.4
Deleted file - D:\GitHub\SonicChannelTrack\sonic.sega.jp\sonicchannel\topics\information.4
Deleted file - D:\GitHub\SonicChannelTrack\sonic.sega.jp\sonicchannel\topics\sound.4
Deleted file - D:\GitHub\SonicChannelTrack\www.olympicvideogames.com\sonic\br.1
Deleted file - D:\GitHub\SonicChannelTrack\www.olympicvideogames.com\sonic\cn.1
Deleted file - D:\GitHub\SonicChannelTrack\www.olympicvideogames.com\sonic\de.1
Deleted file - D:\GitHub\SonicChannelTrack\www.olympicvideogames.com\sonic\en.1
Deleted file - D:\GitHub\SonicChannelTrack\www.olympicvideogames.com\sonic\es.1
Deleted file - D:\GitHub\SonicChannelTrack\www.olympicvideogames.com\sonic\fr.1
Deleted file - D:\GitHub\SonicChannelTrack\www.olympicvideogames.com\sonic\it.1
Deleted file - D:\GitHub\SonicChannelTrack\www.olympicvideogames.com\sonic\jp.1
Deleted file - D:\GitHub\SonicChannelTrack\www.olympicvideogames.com\sonic\kr.1
Deleted file - D:\GitHub\SonicChannelTrack\www.olympicvideogames.com\sonic\nl.1
Deleted file - D:\GitHub\SonicChannelTrack\www.olympicvideogames.com\sonic\ru.1
Deleted file - D:\GitHub\SonicChannelTrack\www.olympicvideogames.com\sonic\zh.1
Deleted file - D:\GitHub\SonicChannelTrack\sonic-movie.jp\news.1
Deleted file - D:\GitHub\SonicChannelTrack\sonic-movie.jp\news\wp-includes\js\jquery\jquery-migrate.min.js@ver=1.4.1
Deleted file - D:\GitHub\SonicChannelTrack\sonicteam.com\SonicWorldAdventure\director.1
Deleted file - D:\GitHub\SonicChannelTrack\sonicteam.com\SonicWorldAdventure\hamidashi.1
[main e6ea8120d93] files from 2024-08-28, 12:43:43
 715 files changed, 39933 insertions(+), 2122 deletions(-)
 create mode 100644 log/KrazeeTobi-2024-08-28_080437.log
 create mode 100644 sonic-movie.jp/css/common.css
 create mode 100644 sonic-movie.jp/css/reset.css
 create mode 100644 sonic-movie.jp/images/blur_date.png
 create mode 100644 sonic-movie.jp/images/blur_logo.png
 create mode 100644 sonic-movie.jp/images/btn_news.png
 create mode 100644 sonic-movie.jp/images/btn_news_o.png
 create mode 100644 sonic-movie.jp/images/btn_trailer.png
 create mode 100644 sonic-movie.jp/images/btn_trailer_o.png
 create mode 100644 sonic-movie.jp/images/credit1.png
 create mode 100644 sonic-movie.jp/images/credit2.png
 create mode 100644 sonic-movie.jp/images/date.png
 create mode 100644 sonic-movie.jp/images/fb.png
 create mode 100644 sonic-movie.jp/images/insta.png
 create mode 100644 sonic-movie.jp/images/line.png
 create mode 100644 sonic-movie.jp/images/logo.jpg
 create mode 100644 sonic-movie.jp/images/sns.png
 create mode 100644 sonic-movie.jp/images/tiktok.png
 create mode 100644 sonic-movie.jp/images/x.png
 create mode 100644 sonic-movie.jp/images/youtube.png
 create mode 100644 sonic-movie.jp/images/yt_close.png
 create mode 100644 sonic-movie.jp/js/index.js
 create mode 100644 sonic-movie.jp/js/jquery.youtube.js
 create mode 100644 sonic-movie.jp/news/2019/05/03/tsr/feed/index.html
 create mode 100644 sonic-movie.jp/news/2019/05/03/tsr/index.html
 create mode 100644 sonic-movie.jp/news/2019/11/12/new/feed/index.html
 create mode 100644 sonic-movie.jp/news/2019/11/12/new/index.html
 create mode 100644 sonic-movie.jp/news/2019/12/10/tsr2/feed/index.html
 create mode 100644 sonic-movie.jp/news/2019/12/10/tsr2/index.html
 create mode 100644 sonic-movie.jp/news/2019/12/27/babysonic/feed/index.html
 create mode 100644 sonic-movie.jp/news/2019/12/27/babysonic/index.html
 create mode 100644 sonic-movie.jp/news/2020/01/01/us_trailer/feed/index.html
 create mode 100644 sonic-movie.jp/news/2020/01/01/us_trailer/index.html
 create mode 100644 sonic-movie.jp/news/2020/01/22/fukikae/feed/index.html
 create mode 100644 sonic-movie.jp/news/2020/01/22/fukikae/index.html
 create mode 100644 sonic-movie.jp/news/2020/01/28/ice-cross/feed/index.html
 create mode 100644 sonic-movie.jp/news/2020/01/28/ice-cross/index.html
 create mode 100644 sonic-movie.jp/news/2020/02/10/sonic_pumax/feed/index.html
 create mode 100644 sonic-movie.jp/news/2020/02/10/sonic_pumax/index.html
 create mode 100644 sonic-movie.jp/news/2020/02/12/sonic_0212/feed/index.html
 create mode 100644 sonic-movie.jp/news/2020/02/12/sonic_0212/index.html
 create mode 100644 sonic-movie.jp/news/2020/02/17/sonic_0217/feed/index.html
 create mode 100644 sonic-movie.jp/news/2020/02/17/sonic_0217/index.html
 create mode 100644 sonic-movie.jp/news/2020/02/17/sonic_opening/feed/index.html
 create mode 100644 sonic-movie.jp/news/2020/02/17/sonic_opening/index.html
 create mode 100644 sonic-movie.jp/news/2020/02/19/sonic_0219/feed/index.html
 create mode 100644 sonic-movie.jp/news/2020/02/19/sonic_0219/index.html
 create mode 100644 sonic-movie.jp/news/2020/02/21/sonic_0221/feed/index.html
 create mode 100644 sonic-movie.jp/news/2020/02/21/sonic_0221/index.html
 create mode 100644 sonic-movie.jp/news/2020/02/26/sonic_0226/feed/index.html
 create mode 100644 sonic-movie.jp/news/2020/02/26/sonic_0226/index.html
 create mode 100644 sonic-movie.jp/news/2020/02/27/sonic_0227/feed/index.html
 create mode 100644 sonic-movie.jp/news/2020/02/27/sonic_0227/index.html
 create mode 100644 sonic-movie.jp/news/2020/02/27/sonic_shakeys/feed/index.html
 create mode 100644 sonic-movie.jp/news/2020/02/27/sonic_shakeys/index.html
 create mode 100644 sonic-movie.jp/news/2020/03/06/sonic_0306/feed/index.html
 create mode 100644 sonic-movie.jp/news/2020/03/06/sonic_0306/index.html
 create mode 100644 sonic-movie.jp/news/2020/03/09/sonic_0309/feed/index.html
 create mode 100644 sonic-movie.jp/news/2020/03/09/sonic_0309/index.html
 create mode 100644 sonic-movie.jp/news/2020/03/10/sonic_0310/feed/index.html
 create mode 100644 sonic-movie.jp/news/2020/03/10/sonic_0310/index.html
 create mode 100644 sonic-movie.jp/news/2020/06/01/sonic_0601/feed/index.html
 create mode 100644 sonic-movie.jp/news/2020/06/01/sonic_0601/index.html
 create mode 100644 sonic-movie.jp/news/2020/06/04/instantwin/feed/index.html
 create mode 100644 sonic-movie.jp/news/2020/06/04/instantwin/index.html
 create mode 100644 sonic-movie.jp/news/2020/06/12/game/feed/index.html
 create mode 100644 sonic-movie.jp/news/2020/06/12/game/index.html
 create mode 100644 sonic-movie.jp/news/2020/06/12/stamp/feed/index.html
 create mode 100644 sonic-movie.jp/news/2020/06/12/stamp/index.html
 create mode 100644 sonic-movie.jp/news/2020/06/14/sonic0614/feed/index.html
 create mode 100644 sonic-movie.jp/news/2020/06/14/sonic0614/index.html
 create mode 100644 sonic-movie.jp/news/2020/06/17/sonic_0617/feed/index.html
 create mode 100644 sonic-movie.jp/news/2020/06/17/sonic_0617/index.html
 create mode 100644 sonic-movie.jp/news/2020/06/19/sonic_0619/feed/index.html
 create mode 100644 sonic-movie.jp/news/2020/06/19/sonic_0619/index.html
 create mode 100644 sonic-movie.jp/news/2020/06/22/sonic_0622/feed/index.html
 create mode 100644 sonic-movie.jp/news/2020/06/22/sonic_0622/index.html
 create mode 100644 sonic-movie.jp/news/2020/06/23/sonic_0623/feed/index.html
 create mode 100644 sonic-movie.jp/news/2020/06/23/sonic_0623/index.html
 create mode 100644 sonic-movie.jp/news/2020/06/24/sonic_sega/feed/index.html
 create mode 100644 sonic-movie.jp/news/2020/06/24/sonic_sega/index.html
 create mode 100644 sonic-movie.jp/news/2020/06/25/sonic_0625/feed/index.html
 create mode 100644 sonic-movie.jp/news/2020/06/25/sonic_0625/index.html
 create mode 100644 sonic-movie.jp/news/2020/06/25/sonic_queen/feed/index.html
 create mode 100644 sonic-movie.jp/news/2020/06/25/sonic_queen/index.html
 create mode 100644 sonic-movie.jp/news/2020/06/25/sonic_vs/feed/index.html
 create mode 100644 sonic-movie.jp/news/2020/06/25/sonic_vs/index.html
 create mode 100644 sonic-movie.jp/news/2020/06/26/sonic_0626/feed/index.html
 create mode 100644 sonic-movie.jp/news/2020/06/26/sonic_0626/index.html
 create mode 100644 sonic-movie.jp/news/2020/06/29/sonic_0629/feed/index.html
 create mode 100644 sonic-movie.jp/news/2020/06/29/sonic_0629/index.html
 create mode 100644 sonic-movie.jp/news/2021/12/10/sonic_1210/feed/index.html
 create mode 100644 sonic-movie.jp/news/2021/12/10/sonic_1210/index.html
 create mode 100644 sonic-movie.jp/news/2022/03/04/sonic_0304/feed/index.html
 create mode 100644 sonic-movie.jp/news/2022/03/04/sonic_0304/index.html
 create mode 100644 sonic-movie.jp/news/2022/03/16/sonic_0316/index.html
 create mode 100644 sonic-movie.jp/news/2022/04/07/sonic_0406/feed/index.html
 create mode 100644 sonic-movie.jp/news/2022/04/07/sonic_0406/index.html
 create mode 100644 sonic-movie.jp/news/2022/04/08/sonic_0408/feed/index.html
 create mode 100644 sonic-movie.jp/news/2022/04/08/sonic_0408/index.html
 create mode 100644 sonic-movie.jp/news/2022/04/11/sonic_0411/feed/index.html
 create mode 100644 sonic-movie.jp/news/2022/04/11/sonic_0411/index.html
 create mode 100644 sonic-movie.jp/news/2022/04/22/sonic_0422/feed/index.html
 create mode 100644 sonic-movie.jp/news/2022/04/22/sonic_0422/index.html
 create mode 100644 sonic-movie.jp/news/2022/05/06/sonic_0506/feed/index.html
 create mode 100644 sonic-movie.jp/news/2022/05/06/sonic_0506/index.html
 create mode 100644 sonic-movie.jp/news/2022/06/27/sonic_0627/feed/index.html
 create mode 100644 sonic-movie.jp/news/2022/06/27/sonic_0627/index.html
 create mode 100644 sonic-movie.jp/news/2022/06/28/sonic_0628/feed/index.html
 create mode 100644 sonic-movie.jp/news/2022/06/28/sonic_0628/index.html
 create mode 100644 sonic-movie.jp/news/2022/07/01/sonic_0701/feed/index.html
 create mode 100644 sonic-movie.jp/news/2022/07/01/sonic_0701/index.html
 create mode 100644 sonic-movie.jp/news/2022/07/05/sonic_0705/feed/index.html
 create mode 100644 sonic-movie.jp/news/2022/07/05/sonic_0705/index.html
 create mode 100644 sonic-movie.jp/news/2022/07/13/sonic_0713/feed/index.html
 create mode 100644 sonic-movie.jp/news/2022/07/13/sonic_0713/index.html
 create mode 100644 sonic-movie.jp/news/2022/07/15/sonic_0715/feed/index.html
 create mode 100644 sonic-movie.jp/news/2022/07/15/sonic_0715/index.html
 create mode 100644 sonic-movie.jp/news/2022/07/15/sonic_0715_01/feed/index.html
 create mode 100644 sonic-movie.jp/news/2022/07/15/sonic_0715_01/index.html
 create mode 100644 sonic-movie.jp/news/2022/07/21/sonic_0721/feed/index.html
 create mode 100644 sonic-movie.jp/news/2022/07/21/sonic_0721/index.html
 create mode 100644 sonic-movie.jp/news/2022/07/22/sonic_0722/feed/index.html
 create mode 100644 sonic-movie.jp/news/2022/07/22/sonic_0722/index.html
 create mode 100644 sonic-movie.jp/news/2022/07/25/sonic_0725/feed/index.html
 create mode 100644 sonic-movie.jp/news/2022/07/25/sonic_0725/index.html
 create mode 100644 sonic-movie.jp/news/2022/07/26/sonic_0726/feed/index.html
 create mode 100644 sonic-movie.jp/news/2022/07/26/sonic_0726/index.html
 create mode 100644 sonic-movie.jp/news/2022/07/29/sonic_0729/feed/index.html
 create mode 100644 sonic-movie.jp/news/2022/07/29/sonic_0729/index.html
 create mode 100644 sonic-movie.jp/news/2022/08/04/sonic_0804/feed/index.html
 create mode 100644 sonic-movie.jp/news/2022/08/04/sonic_0804/index.html
 create mode 100644 sonic-movie.jp/news/2022/08/05/sonic_0805/feed/index.html
 create mode 100644 sonic-movie.jp/news/2022/08/05/sonic_0805/index.html
 create mode 100644 sonic-movie.jp/news/2022/08/08/sonic_0808/feed/index.html
 create mode 100644 sonic-movie.jp/news/2022/08/08/sonic_0808/index.html
 create mode 100644 sonic-movie.jp/news/2022/08/10/sonic_0810/feed/index.html
 create mode 100644 sonic-movie.jp/news/2022/08/10/sonic_0810/index.html
 create mode 100644 sonic-movie.jp/news/2022/08/16/sonic_0816/feed/index.html
 create mode 100644 sonic-movie.jp/news/2022/08/16/sonic_0816/index.html
 create mode 100644 sonic-movie.jp/news/2022/08/18/sonic_0818/feed/index.html
 create mode 100644 sonic-movie.jp/news/2022/08/18/sonic_0818/index.html
 create mode 100644 sonic-movie.jp/news/2022/08/19/0819_sonic/feed/index.html
 create mode 100644 sonic-movie.jp/news/2022/08/19/0819_sonic/index.html
 create mode 100644 sonic-movie.jp/news/2022/08/19/sonic_0819_01/feed/index.html
 create mode 100644 sonic-movie.jp/news/2022/08/19/sonic_0819_01/index.html
 create mode 100644 sonic-movie.jp/news/2022/08/22/sonic_0822/feed/index.html
 create mode 100644 sonic-movie.jp/news/2022/08/22/sonic_0822/index.html
 create mode 100644 sonic-movie.jp/news/2022/08/29/sonic_0829/feed/index.html
 create mode 100644 sonic-movie.jp/news/2022/08/29/sonic_0829/index.html
 create mode 100644 sonic-movie.jp/news/2024/08/27/sonic_0827/feed/index.html
 create mode 100644 sonic-movie.jp/news/2024/08/27/sonic_0827/index.html
 create mode 100644 sonic-movie.jp/news/category/campaign/feed/index.html
 create mode 100644 sonic-movie.jp/news/category/campaign/index.html
 create mode 100644 sonic-movie.jp/news/category/event/feed/index.html
 create mode 100644 sonic-movie.jp/news/category/event/index.html
 create mode 100644 sonic-movie.jp/news/category/information/feed/index.html
 create mode 100644 sonic-movie.jp/news/category/information/index.html
 create mode 100644 sonic-movie.jp/news/category/information/page/10/index.html
 create mode 100644 sonic-movie.jp/news/category/information/page/11/index.html
 create mode 100644 sonic-movie.jp/news/category/information/page/12/index.html
 create mode 100644 sonic-movie.jp/news/category/information/page/13/index.html
 create mode 100644 sonic-movie.jp/news/category/information/page/2/index.html
 create mode 100644 sonic-movie.jp/news/category/information/page/3/index.html
 create mode 100644 sonic-movie.jp/news/category/information/page/4/index.html
 create mode 100644 sonic-movie.jp/news/category/information/page/5/index.html
 create mode 100644 sonic-movie.jp/news/category/information/page/6/index.html
 create mode 100644 sonic-movie.jp/news/category/information/page/7/index.html
 create mode 100644 sonic-movie.jp/news/category/information/page/8/index.html
 create mode 100644 sonic-movie.jp/news/category/information/page/9/index.html
 create mode 100644 sonic-movie.jp/news/index.html
 create mode 100644 sonic-movie.jp/news/index.html@p=1
 create mode 100644 sonic-movie.jp/news/index.html@p=10
 create mode 100644 sonic-movie.jp/news/index.html@p=155
 create mode 100644 sonic-movie.jp/news/index.html@p=185
 create mode 100644 sonic-movie.jp/news/index.html@p=199
 create mode 100644 sonic-movie.jp/news/index.html@p=216
 create mode 100644 sonic-movie.jp/news/index.html@p=23
 create mode 100644 sonic-movie.jp/news/index.html@p=245
 create mode 100644 sonic-movie.jp/news/index.html@p=264
 create mode 100644 sonic-movie.jp/news/index.html@p=30
 create mode 100644 sonic-movie.jp/news/index.html@p=304
 create mode 100644 sonic-movie.jp/news/index.html@p=396
 create mode 100644 sonic-movie.jp/news/index.html@p=421
 create mode 100644 sonic-movie.jp/news/index.html@p=433
 create mode 100644 sonic-movie.jp/news/index.html@p=452
 create mode 100644 sonic-movie.jp/news/index.html@p=46
 create mode 100644 sonic-movie.jp/news/index.html@p=486
 create mode 100644 sonic-movie.jp/news/index.html@p=493
 create mode 100644 sonic-movie.jp/news/index.html@p=495
 create mode 100644 sonic-movie.jp/news/index.html@p=523
 create mode 100644 sonic-movie.jp/news/index.html@p=532
 create mode 100644 sonic-movie.jp/news/index.html@p=542
 create mode 100644 sonic-movie.jp/news/index.html@p=56
 create mode 100644 sonic-movie.jp/news/index.html@p=562
 create mode 100644 sonic-movie.jp/news/index.html@p=591
 create mode 100644 sonic-movie.jp/news/index.html@p=60
 create mode 100644 sonic-movie.jp/news/index.html@p=608
 create mode 100644 sonic-movie.jp/news/index.html@p=631
 create mode 100644 sonic-movie.jp/news/index.html@p=647
 create mode 100644 sonic-movie.jp/news/index.html@p=651
 create mode 100644 sonic-movie.jp/news/index.html@p=664
 create mode 100644 sonic-movie.jp/news/index.html@p=675
 create mode 100644 sonic-movie.jp/news/index.html@p=697
 create mode 100644 sonic-movie.jp/news/index.html@p=706
 create mode 100644 sonic-movie.jp/news/index.html@p=729
 create mode 100644 sonic-movie.jp/news/index.html@p=743
 create mode 100644 sonic-movie.jp/news/index.html@p=755
 create mode 100644 sonic-movie.jp/news/index.html@p=767
 create mode 100644 sonic-movie.jp/news/index.html@p=79
 create mode 100644 sonic-movie.jp/news/index.html@p=795
 create mode 100644 sonic-movie.jp/news/index.html@p=808
 create mode 100644 sonic-movie.jp/news/index.html@p=817
 create mode 100644 sonic-movie.jp/news/index.html@p=823
 create mode 100644 sonic-movie.jp/news/index.html@p=826
 create mode 100644 sonic-movie.jp/news/index.html@p=838
 create mode 100644 sonic-movie.jp/news/index.html@p=840
 create mode 100644 sonic-movie.jp/news/index.html@p=845
 create mode 100644 sonic-movie.jp/news/index.html@p=852
 create mode 100644 sonic-movie.jp/news/index.html@p=858
 create mode 100644 sonic-movie.jp/news/index.html@p=861
 create mode 100644 sonic-movie.jp/news/index.html@p=868
 create mode 100644 sonic-movie.jp/news/index.html@p=877
 create mode 100644 sonic-movie.jp/news/index.html@p=883
 create mode 100644 sonic-movie.jp/news/index.html@p=885
 create mode 100644 sonic-movie.jp/news/index.html@p=887
 create mode 100644 sonic-movie.jp/news/index.html@p=892
 create mode 100644 sonic-movie.jp/news/index.html@p=901
 create mode 100644 sonic-movie.jp/news/index.html@p=906
 create mode 100644 sonic-movie.jp/news/index.html@p=917
 create mode 100644 sonic-movie.jp/news/index.html@p=922
 create mode 100644 sonic-movie.jp/news/index.html@p=932
 create mode 100644 sonic-movie.jp/news/index.html@p=94
 create mode 100644 sonic-movie.jp/news/index.html@p=953
 create mode 100644 sonic-movie.jp/news/index.html@p=963
 create mode 100644 sonic-movie.jp/news/page/10/index.html
 create mode 100644 sonic-movie.jp/news/page/11/index.html
 create mode 100644 sonic-movie.jp/news/page/12/index.html
 create mode 100644 sonic-movie.jp/news/page/13/index.html
 create mode 100644 sonic-movie.jp/news/page/14/index.html
 create mode 100644 sonic-movie.jp/news/page/2/index.html
 create mode 100644 sonic-movie.jp/news/page/3/index.html
 create mode 100644 sonic-movie.jp/news/page/4/index.html
 create mode 100644 sonic-movie.jp/news/page/5/index.html
 create mode 100644 sonic-movie.jp/news/page/6/index.html
 create mode 100644 sonic-movie.jp/news/page/7/index.html
 create mode 100644 sonic-movie.jp/news/page/8/index.html
 create mode 100644 sonic-movie.jp/news/page/9/index.html
 create mode 100644 sonic-movie.jp/news/wp-content/themes/sonic_v2/css/base.css@v=240827
 create mode 100644 sonic-movie.jp/news/wp-content/themes/sonic_v2/img/img_header.jpg
 create mode 100644 sonic-movie.jp/news/wp-content/themes/sonic_v2/js/index.js
 create mode 100644 sonic-movie.jp/news/wp-content/uploads/sites/81/2019/05/SONIC_INTL_RING_FLIP_DGTL_1_SHT_JPN-203x300.jpg
 create mode 100644 sonic-movie.jp/news/wp-content/uploads/sites/81/2019/05/SONIC_INTL_RING_FLIP_DGTL_1_SHT_JPN-692x1024.jpg
 create mode 100644 sonic-movie.jp/news/wp-content/uploads/sites/81/2019/05/SONIC_INTL_RING_FLIP_DGTL_1_SHT_JPN-768x1137.jpg
 create mode 100644 sonic-movie.jp/news/wp-content/uploads/sites/81/2019/05/SONIC_INTL_RING_FLIP_DGTL_1_SHT_JPN.jpg
 create mode 100644 sonic-movie.jp/news/wp-content/uploads/sites/81/2019/11/sonic_art_jpn_R-212x300.jpg
 create mode 100644 sonic-movie.jp/news/wp-content/uploads/sites/81/2019/11/sonic_art_jpn_R-724x1024.jpg
 create mode 100644 sonic-movie.jp/news/wp-content/uploads/sites/81/2019/11/sonic_art_jpn_R-768x1087.jpg
 create mode 100644 sonic-movie.jp/news/wp-content/uploads/sites/81/2019/11/sonic_art_jpn_R.jpg
 create mode 100644 sonic-movie.jp/news/wp-content/uploads/sites/81/2019/12/BS_pos_R-212x300.jpg
 create mode 100644 sonic-movie.jp/news/wp-content/uploads/sites/81/2019/12/BS_pos_R-724x1024.jpg
 create mode 100644 sonic-movie.jp/news/wp-content/uploads/sites/81/2019/12/BS_pos_R-768x1086.jpg
 create mode 100644 sonic-movie.jp/news/wp-content/uploads/sites/81/2019/12/BS_pos_R.jpg
 create mode 100644 sonic-movie.jp/news/wp-content/uploads/sites/81/2019/12/STH-FF-006_R-1024x429.jpg
 create mode 100644 sonic-movie.jp/news/wp-content/uploads/sites/81/2019/12/STH-FF-006_R-300x126.jpg
 create mode 100644 sonic-movie.jp/news/wp-content/uploads/sites/81/2019/12/STH-FF-006_R-768x322.jpg
 create mode 100644 sonic-movie.jp/news/wp-content/uploads/sites/81/2019/12/STH-FF-006_R.jpg
 create mode 100644 sonic-movie.jp/news/wp-content/uploads/sites/81/2019/12/STH-FF-008_R-1024x429.jpg
 create mode 100644 sonic-movie.jp/news/wp-content/uploads/sites/81/2019/12/STH-FF-008_R-300x126.jpg
 create mode 100644 sonic-movie.jp/news/wp-content/uploads/sites/81/2019/12/STH-FF-008_R-768x322.jpg
 create mode 100644 sonic-movie.jp/news/wp-content/uploads/sites/81/2019/12/STH-FF-008_R.jpg
 create mode 100644 sonic-movie.jp/news/wp-content/uploads/sites/81/2019/12/STH-FF-012s_R-1024x425.jpg
 create mode 100644 sonic-movie.jp/news/wp-content/uploads/sites/81/2019/12/STH-FF-012s_R-300x125.jpg
 create mode 100644 sonic-movie.jp/news/wp-content/uploads/sites/81/2019/12/STH-FF-012s_R-768x319.jpg
 create mode 100644 sonic-movie.jp/news/wp-content/uploads/sites/81/2019/12/STH-FF-012s_R.jpg
 create mode 100644 sonic-movie.jp/news/wp-content/uploads/sites/81/2019/12/STH-FF-018_R-1024x431.jpg
 create mode 100644 sonic-movie.jp/news/wp-content/uploads/sites/81/2019/12/STH-FF-018_R-300x126.jpg
 create mode 100644 sonic-movie.jp/news/wp-content/uploads/sites/81/2019/12/STH-FF-018_R-768x323.jpg
 create mode 100644 sonic-movie.jp/news/wp-content/uploads/sites/81/2019/12/STH-FF-018_R.jpg
 create mode 100644 sonic-movie.jp/news/wp-content/uploads/sites/81/2019/12/thumbnail_BS_keychain_Jp-135x300.jpg
 create mode 100644 sonic-movie.jp/news/wp-content/uploads/sites/81/2019/12/thumbnail_BS_keychain_Jp-462x1024.jpg
 create mode 100644 sonic-movie.jp/news/wp-content/uploads/sites/81/2019/12/thumbnail_BS_keychain_Jp.jpg
 create mode 100644 sonic-movie.jp/news/wp-content/uploads/sites/81/2019/12/thumbnail_SONIC_nurie_sample-214x300.jpg
 create mode 100644 sonic-movie.jp/news/wp-content/uploads/sites/81/2019/12/thumbnail_SONIC_nurie_sample.jpg
 create mode 100644 sonic-movie.jp/news/wp-content/uploads/sites/81/2020/01/26A1738_R-1024x683.jpg
 create mode 100644 sonic-movie.jp/news/wp-content/uploads/sites/81/2020/01/26A1738_R-300x200.jpg
 create mode 100644 sonic-movie.jp/news/wp-content/uploads/sites/81/2020/01/26A1738_R-768x512.jpg
 create mode 100644 sonic-movie.jp/news/wp-content/uploads/sites/81/2020/01/26A1738_R.jpg
 create mode 100644 sonic-movie.jp/news/wp-content/uploads/sites/81/2020/02/-e1582701351117.jpg
 create mode 100644 sonic-movie.jp/news/wp-content/uploads/sites/81/2020/02/8A72FD06-4B10-4665-875D-8E4301411486_R-300x200.jpg
 create mode 100644 sonic-movie.jp/news/wp-content/uploads/sites/81/2020/02/8A72FD06-4B10-4665-875D-8E4301411486_R.jpg
 create mode 100644 sonic-movie.jp/news/wp-content/uploads/sites/81/2020/02/AAA5275-e1582078959134.jpg
 create mode 100644 sonic-movie.jp/news/wp-content/uploads/sites/81/2020/02/AAA5321-e1582078648388.jpg
 create mode 100644 sonic-movie.jp/news/wp-content/uploads/sites/81/2020/02/AAA5403-e1582078924182.jpg
 create mode 100644 sonic-movie.jp/news/wp-content/uploads/sites/81/2020/02/RBIC_JP_LIFE_JH_7582_R-1024x682.jpg
 create mode 100644 sonic-movie.jp/news/wp-content/uploads/sites/81/2020/02/RBIC_JP_LIFE_JH_7582_R-300x200.jpg
 create mode 100644 sonic-movie.jp/news/wp-content/uploads/sites/81/2020/02/RBIC_JP_LIFE_JH_7582_R-768x512.jpg
 create mode 100644 sonic-movie.jp/news/wp-content/uploads/sites/81/2020/02/RBIC_JP_LIFE_JH_7582_R.jpg
 create mode 100644 sonic-movie.jp/news/wp-content/uploads/sites/81/2020/02/SONIC_jpn_B1_2nd_R-212x300.jpg
 create mode 100644 sonic-movie.jp/news/wp-content/uploads/sites/81/2020/02/SONIC_jpn_B1_2nd_R-724x1024.jpg
 create mode 100644 sonic-movie.jp/news/wp-content/uploads/sites/81/2020/02/SONIC_jpn_B1_2nd_R-768x1086.jpg
 create mode 100644 sonic-movie.jp/news/wp-content/uploads/sites/81/2020/02/SONIC_jpn_B1_2nd_R.jpg
 create mode 100644 sonic-movie.jp/news/wp-content/uploads/sites/81/2020/02/STH-FF-012s_R-1-e1582683046796.jpg
 create mode 100644 sonic-movie.jp/news/wp-content/uploads/sites/81/2020/02/STH-FF-012s_R-e1581921927334.jpg
 create mode 100644 sonic-movie.jp/news/wp-content/uploads/sites/81/2020/02/STH-FF-031_R-1-e1581922001984.jpg
 create mode 100644 sonic-movie.jp/news/wp-content/uploads/sites/81/2020/02/STH-FF-031_R-2-e1582683597316.jpg
 create mode 100644 sonic-movie.jp/news/wp-content/uploads/sites/81/2020/03/AAA6588_R-1024x683.jpg
 create mode 100644 sonic-movie.jp/news/wp-content/uploads/sites/81/2020/03/AAA6588_R-300x200.jpg
 create mode 100644 sonic-movie.jp/news/wp-content/uploads/sites/81/2020/03/AAA6588_R-768x512.jpg
 create mode 100644 sonic-movie.jp/news/wp-content/uploads/sites/81/2020/03/AAA6588_R.jpg
 create mode 100644 sonic-movie.jp/news/wp-content/uploads/sites/81/2020/03/AAA6619_R-1024x683.jpg
 create mode 100644 sonic-movie.jp/news/wp-content/uploads/sites/81/2020/03/AAA6619_R-300x200.jpg
 create mode 100644 sonic-movie.jp/news/wp-content/uploads/sites/81/2020/03/AAA6619_R-768x512.jpg
 create mode 100644 sonic-movie.jp/news/wp-content/uploads/sites/81/2020/03/AAA6619_R.jpg
 create mode 100644 sonic-movie.jp/news/wp-content/uploads/sites/81/2020/03/AAA6806_R-1024x683.jpg
 create mode 100644 sonic-movie.jp/news/wp-content/uploads/sites/81/2020/03/AAA6806_R-300x200.jpg
 create mode 100644 sonic-movie.jp/news/wp-content/uploads/sites/81/2020/03/AAA6806_R-768x512.jpg
 create mode 100644 sonic-movie.jp/news/wp-content/uploads/sites/81/2020/03/AAA6806_R.jpg
 create mode 100644 sonic-movie.jp/news/wp-content/uploads/sites/81/2020/03/SONIC_jpn_B1-212x300.jpg
 create mode 100644 sonic-movie.jp/news/wp-content/uploads/sites/81/2020/03/SONIC_jpn_B1-724x1024.jpg
 create mode 100644 sonic-movie.jp/news/wp-content/uploads/sites/81/2020/03/SONIC_jpn_B1-768x1086.jpg
 create mode 100644 sonic-movie.jp/news/wp-content/uploads/sites/81/2020/03/SONIC_jpn_B1.jpg
 create mode 100644 sonic-movie.jp/news/wp-content/uploads/sites/81/2020/06/1-1.jpg
 create mode 100644 sonic-movie.jp/news/wp-content/uploads/sites/81/2020/06/3448C742-FF1C-4114-AC5B-7756303F5FCF.jpg
 create mode 100644 sonic-movie.jp/news/wp-content/uploads/sites/81/2020/06/5803ECB0-BD82-4C5A-BB4C-B129A94C8969.jpg
 create mode 100644 sonic-movie.jp/news/wp-content/uploads/sites/81/2020/06/6EBF5BD3-288C-4E5B-8D44-724FC26024EF.jpg
 create mode 100644 sonic-movie.jp/news/wp-content/uploads/sites/81/2020/06/98C4A401-7B5B-4663-A514-7AC805C5CF3D.jpg
 create mode 100644 sonic-movie.jp/news/wp-content/uploads/sites/81/2020/06/A3.jpg
 create mode 100644 sonic-movie.jp/news/wp-content/uploads/sites/81/2020/06/AAA0562-s.jpg
 create mode 100644 sonic-movie.jp/news/wp-content/uploads/sites/81/2020/06/AAA0577-s.jpg
 create mode 100644 sonic-movie.jp/news/wp-content/uploads/sites/81/2020/06/AAA0657-s.jpg
 create mode 100644 sonic-movie.jp/news/wp-content/uploads/sites/81/2020/06/AAA5275.jpg
 create mode 100644 sonic-movie.jp/news/wp-content/uploads/sites/81/2020/06/AAA5412.jpg
 create mode 100644 sonic-movie.jp/news/wp-content/uploads/sites/81/2020/06/SONIC_GAMBA_TU_B3_fix.jpg
 create mode 100644 sonic-movie.jp/news/wp-content/uploads/sites/81/2020/06/STH-FF-019R2_R.jpg
 create mode 100644 sonic-movie.jp/news/wp-content/uploads/sites/81/2022/03/220316-212x300.jpg
 create mode 100644 sonic-movie.jp/news/wp-content/uploads/sites/81/2022/03/220316-724x1024.jpg
 create mode 100644 sonic-movie.jp/news/wp-content/uploads/sites/81/2022/03/220316-768x1087.jpg
 create mode 100644 sonic-movie.jp/news/wp-content/uploads/sites/81/2022/03/220316.jpg
 create mode 100644 sonic-movie.jp/news/wp-content/uploads/sites/81/2022/03/220316_01-300x131.jpg
 create mode 100644 sonic-movie.jp/news/wp-content/uploads/sites/81/2022/03/220316_01-768x336.jpg
 create mode 100644 sonic-movie.jp/news/wp-content/uploads/sites/81/2022/03/220316_01.jpg
 create mode 100644 sonic-movie.jp/news/wp-content/uploads/sites/81/2022/03/220316_02-300x126.jpg
 create mode 100644 sonic-movie.jp/news/wp-content/uploads/sites/81/2022/03/220316_02-768x322.jpg
 create mode 100644 sonic-movie.jp/news/wp-content/uploads/sites/81/2022/03/220316_02.jpg
 create mode 100644 sonic-movie.jp/news/wp-content/uploads/sites/81/2022/03/220316_03.jpg
 create mode 100644 sonic-movie.jp/news/wp-content/uploads/sites/81/2022/03/news-300x150.jpg
 create mode 100644 sonic-movie.jp/news/wp-content/uploads/sites/81/2022/03/news-768x384.jpg
 create mode 100644 sonic-movie.jp/news/wp-content/uploads/sites/81/2022/03/news.jpg
 create mode 100644 sonic-movie.jp/news/wp-content/uploads/sites/81/2022/04/220406_01-300x181.jpg
 create mode 100644 sonic-movie.jp/news/wp-content/uploads/sites/81/2022/04/220406_01-768x464.jpg
 create mode 100644 sonic-movie.jp/news/wp-content/uploads/sites/81/2022/04/220406_01.jpg
 create mode 100644 sonic-movie.jp/news/wp-content/uploads/sites/81/2022/04/220406_02-300x200.jpg
 create mode 100644 sonic-movie.jp/news/wp-content/uploads/sites/81/2022/04/220406_02-768x512.jpg
 create mode 100644 sonic-movie.jp/news/wp-content/uploads/sites/81/2022/04/220406_02.jpg
 create mode 100644 sonic-movie.jp/news/wp-content/uploads/sites/81/2022/04/220406_03-300x200.jpg
 create mode 100644 sonic-movie.jp/news/wp-content/uploads/sites/81/2022/04/220406_03-768x512.jpg
 create mode 100644 sonic-movie.jp/news/wp-content/uploads/sites/81/2022/04/220406_03.jpg
 create mode 100644 sonic-movie.jp/news/wp-content/uploads/sites/81/2022/04/220406_04-300x200.jpg
 create mode 100644 sonic-movie.jp/news/wp-content/uploads/sites/81/2022/04/220406_04-768x512.jpg
 create mode 100644 sonic-movie.jp/news/wp-content/uploads/sites/81/2022/04/220406_04.jpg
 create mode 100644 sonic-movie.jp/news/wp-content/uploads/sites/81/2022/04/220406_05-300x200.jpg
 create mode 100644 sonic-movie.jp/news/wp-content/uploads/sites/81/2022/04/220406_05-768x512.jpg
 create mode 100644 sonic-movie.jp/news/wp-content/uploads/sites/81/2022/04/220406_05.jpg
 create mode 100644 sonic-movie.jp/news/wp-content/uploads/sites/81/2022/04/news_220408-300x200.jpg
 create mode 100644 sonic-movie.jp/news/wp-content/uploads/sites/81/2022/04/news_220408-768x511.jpg
 create mode 100644 sonic-movie.jp/news/wp-content/uploads/sites/81/2022/04/news_220408.jpg
 create mode 100644 sonic-movie.jp/news/wp-content/uploads/sites/81/2022/04/news_220408_01-200x300.jpg
 create mode 100644 sonic-movie.jp/news/wp-content/uploads/sites/81/2022/04/news_220408_01-683x1024.jpg
 create mode 100644 sonic-movie.jp/news/wp-content/uploads/sites/81/2022/04/news_220408_01-768x1152.jpg
 create mode 100644 sonic-movie.jp/news/wp-content/uploads/sites/81/2022/04/news_220408_01.jpg
 create mode 100644 sonic-movie.jp/news/wp-content/uploads/sites/81/2022/04/news_220408_02-200x300.jpg
 create mode 100644 sonic-movie.jp/news/wp-content/uploads/sites/81/2022/04/news_220408_02-683x1024.jpg
 create mode 100644 sonic-movie.jp/news/wp-content/uploads/sites/81/2022/04/news_220408_02-768x1152.jpg
 create mode 100644 sonic-movie.jp/news/wp-content/uploads/sites/81/2022/04/news_220408_02.jpg
 create mode 100644 sonic-movie.jp/news/wp-content/uploads/sites/81/2022/04/news_220408_03-200x300.jpg
 create mode 100644 sonic-movie.jp/news/wp-content/uploads/sites/81/2022/04/news_220408_03-683x1024.jpg
 create mode 100644 sonic-movie.jp/news/wp-content/uploads/sites/81/2022/04/news_220408_03-768x1152.jpg
 create mode 100644 sonic-movie.jp/news/wp-content/uploads/sites/81/2022/04/news_220408_03.jpg
 create mode 100644 sonic-movie.jp/news/wp-content/uploads/sites/81/2022/04/news_220408_04-300x200.jpg
 create mode 100644 sonic-movie.jp/news/wp-content/uploads/sites/81/2022/04/news_220408_04-768x512.jpg
 create mode 100644 sonic-movie.jp/news/wp-content/uploads/sites/81/2022/04/news_220408_04.jpg
 create mode 100644 sonic-movie.jp/news/wp-content/uploads/sites/81/2022/04/news_220422-300x169.jpg
 create mode 100644 sonic-movie.jp/news/wp-content/uploads/sites/81/2022/04/news_220422-768x432.jpg
 create mode 100644 sonic-movie.jp/news/wp-content/uploads/sites/81/2022/04/news_220422.jpg
 create mode 100644 sonic-movie.jp/news/wp-content/uploads/sites/81/2022/04/news_220422_01-1-300x225.jpg
 create mode 100644 sonic-movie.jp/news/wp-content/uploads/sites/81/2022/04/news_220422_01-1-768x576.jpg
 create mode 100644 sonic-movie.jp/news/wp-content/uploads/sites/81/2022/04/news_220422_01-1.jpg
 create mode 100644 sonic-movie.jp/news/wp-content/uploads/sites/81/2022/04/news_220422_02-300x225.jpg
 create mode 100644 sonic-movie.jp/news/wp-content/uploads/sites/81/2022/04/news_220422_02-768x576.jpg
 create mode 100644 sonic-movie.jp/news/wp-content/uploads/sites/81/2022/04/news_220422_02.jpg
 create mode 100644 sonic-movie.jp/news/wp-content/uploads/sites/81/2022/04/news_220422_03-300x225.jpg
 create mode 100644 sonic-movie.jp/news/wp-content/uploads/sites/81/2022/04/news_220422_03-768x576.jpg
 create mode 100644 sonic-movie.jp/news/wp-content/uploads/sites/81/2022/04/news_220422_03.jpg
 create mode 100644 sonic-movie.jp/news/wp-content/uploads/sites/81/2022/06/STH2-FF-073-1024x429.jpg
 create mode 100644 sonic-movie.jp/news/wp-content/uploads/sites/81/2022/06/STH2-FF-073-1536x644.jpg
 create mode 100644 sonic-movie.jp/news/wp-content/uploads/sites/81/2022/06/STH2-FF-073-2048x858.jpg
 create mode 100644 sonic-movie.jp/news/wp-content/uploads/sites/81/2022/06/STH2-FF-073-300x126.jpg
 create mode 100644 sonic-movie.jp/news/wp-content/uploads/sites/81/2022/06/STH2-FF-073-768x322.jpg
 create mode 100644 sonic-movie.jp/news/wp-content/uploads/sites/81/2022/06/STH2-FF-091K-1024x429.jpg
 create mode 100644 sonic-movie.jp/news/wp-content/uploads/sites/81/2022/06/STH2-FF-091K-1536x644.jpg
 create mode 100644 sonic-movie.jp/news/wp-content/uploads/sites/81/2022/06/STH2-FF-091K-2048x858.jpg
 create mode 100644 sonic-movie.jp/news/wp-content/uploads/sites/81/2022/06/STH2-FF-091K-300x126.jpg
 create mode 100644 sonic-movie.jp/news/wp-content/uploads/sites/81/2022/06/STH2-FF-091K-768x322.jpg
 create mode 100644 sonic-movie.jp/news/wp-content/uploads/sites/81/2022/06/news_220627_01-300x100.jpg
 create mode 100644 sonic-movie.jp/news/wp-content/uploads/sites/81/2022/06/news_220627_01.jpg
 create mode 100644 sonic-movie.jp/news/wp-content/uploads/sites/81/2022/06/news_220627_02-254x300.jpg
 create mode 100644 sonic-movie.jp/news/wp-content/uploads/sites/81/2022/06/news_220627_02-768x907.jpg
 create mode 100644 sonic-movie.jp/news/wp-content/uploads/sites/81/2022/06/news_220627_02-867x1024.jpg
 create mode 100644 sonic-movie.jp/news/wp-content/uploads/sites/81/2022/06/news_220627_02.jpg
 create mode 100644 sonic-movie.jp/news/wp-content/uploads/sites/81/2022/06/news_220701_01-212x300.jpg
 create mode 100644 sonic-movie.jp/news/wp-content/uploads/sites/81/2022/06/news_220701_01-724x1024.jpg
 create mode 100644 sonic-movie.jp/news/wp-content/uploads/sites/81/2022/06/news_220701_01-768x1087.jpg
 create mode 100644 sonic-movie.jp/news/wp-content/uploads/sites/81/2022/06/news_220701_01.jpg
 create mode 100644 sonic-movie.jp/news/wp-content/uploads/sites/81/2022/06/present-280x300.jpg
 create mode 100644 sonic-movie.jp/news/wp-content/uploads/sites/81/2022/06/present-768x822.jpg
 create mode 100644 sonic-movie.jp/news/wp-content/uploads/sites/81/2022/06/present-957x1024.jpg
 create mode 100644 sonic-movie.jp/news/wp-content/uploads/sites/81/2022/06/present.jpg
 create mode 100644 sonic-movie.jp/news/wp-content/uploads/sites/81/2022/07/01-300x200.jpg
 create mode 100644 sonic-movie.jp/news/wp-content/uploads/sites/81/2022/07/01-768x512.jpg
 create mode 100644 sonic-movie.jp/news/wp-content/uploads/sites/81/2022/07/01.jpg
 create mode 100644 sonic-movie.jp/news/wp-content/uploads/sites/81/2022/07/02-300x200.jpg
 create mode 100644 sonic-movie.jp/news/wp-content/uploads/sites/81/2022/07/02-768x512.jpg
 create mode 100644 sonic-movie.jp/news/wp-content/uploads/sites/81/2022/07/02.jpg
 create mode 100644 sonic-movie.jp/news/wp-content/uploads/sites/81/2022/07/220721-300x200.jpg
 create mode 100644 sonic-movie.jp/news/wp-content/uploads/sites/81/2022/07/220721-768x512.jpg
 create mode 100644 sonic-movie.jp/news/wp-content/uploads/sites/81/2022/07/220721.jpg
 create mode 100644 sonic-movie.jp/news/wp-content/uploads/sites/81/2022/07/220726_01-300x155.jpg
 create mode 100644 sonic-movie.jp/news/wp-content/uploads/sites/81/2022/07/220726_01-768x398.jpg
 create mode 100644 sonic-movie.jp/news/wp-content/uploads/sites/81/2022/07/220726_01.jpg
 create mode 100644 sonic-movie.jp/news/wp-content/uploads/sites/81/2022/07/220726_03-300x200.jpg
 create mode 100644 sonic-movie.jp/news/wp-content/uploads/sites/81/2022/07/220726_03-768x511.jpg
 create mode 100644 sonic-movie.jp/news/wp-content/uploads/sites/81/2022/07/220726_03.jpg
 create mode 100644 sonic-movie.jp/news/wp-content/uploads/sites/81/2022/07/220726_04-300x200.jpg
 create mode 100644 sonic-movie.jp/news/wp-content/uploads/sites/81/2022/07/220726_04-768x511.jpg
 create mode 100644 sonic-movie.jp/news/wp-content/uploads/sites/81/2022/07/220726_04.jpg
 create mode 100644 sonic-movie.jp/news/wp-content/uploads/sites/81/2022/07/220727_02-300x200.jpg
 create mode 100644 sonic-movie.jp/news/wp-content/uploads/sites/81/2022/07/220727_02-768x512.jpg
 create mode 100644 sonic-movie.jp/news/wp-content/uploads/sites/81/2022/07/220727_02.jpg
 create mode 100644 sonic-movie.jp/news/wp-content/uploads/sites/81/2022/07/news_220715-212x300.jpg
 create mode 100644 sonic-movie.jp/news/wp-content/uploads/sites/81/2022/07/news_220715-724x1024.jpg
 create mode 100644 sonic-movie.jp/news/wp-content/uploads/sites/81/2022/07/news_220715-768x1086.jpg
 create mode 100644 sonic-movie.jp/news/wp-content/uploads/sites/81/2022/07/news_220715.jpg
 create mode 100644 sonic-movie.jp/news/wp-content/uploads/sites/81/2022/07/news_220722-212x300.jpg
 create mode 100644 sonic-movie.jp/news/wp-content/uploads/sites/81/2022/07/news_220722-724x1024.jpg
 create mode 100644 sonic-movie.jp/news/wp-content/uploads/sites/81/2022/07/news_220722-768x1087.jpg
 create mode 100644 sonic-movie.jp/news/wp-content/uploads/sites/81/2022/07/news_220722.jpg
 create mode 100644 sonic-movie.jp/news/wp-content/uploads/sites/81/2022/07/news_220725-1-1024x482.jpg
 create mode 100644 sonic-movie.jp/news/wp-content/uploads/sites/81/2022/07/news_220725-1-300x141.jpg
 create mode 100644 sonic-movie.jp/news/wp-content/uploads/sites/81/2022/07/news_220725-1-768x361.jpg
 create mode 100644 sonic-movie.jp/news/wp-content/uploads/sites/81/2022/07/news_220725-1.jpg
 create mode 100644 sonic-movie.jp/news/wp-content/uploads/sites/81/2022/07/news_220729-212x300.jpg
 create mode 100644 sonic-movie.jp/news/wp-content/uploads/sites/81/2022/07/news_220729-724x1024.jpg
 create mode 100644 sonic-movie.jp/news/wp-content/uploads/sites/81/2022/07/news_220729-768x1087.jpg
 create mode 100644 sonic-movie.jp/news/wp-content/uploads/sites/81/2022/07/news_220729.jpg
 create mode 100644 sonic-movie.jp/news/wp-content/uploads/sites/81/2022/07/prizes-181x300.png
 create mode 100644 sonic-movie.jp/news/wp-content/uploads/sites/81/2022/07/prizes-618x1024.png
 create mode 100644 sonic-movie.jp/news/wp-content/uploads/sites/81/2022/07/prizes-768x1273.png
 create mode 100644 sonic-movie.jp/news/wp-content/uploads/sites/81/2022/07/prizes-927x1536.png
 create mode 100644 sonic-movie.jp/news/wp-content/uploads/sites/81/2022/07/prizes.png
 create mode 100644 sonic-movie.jp/news/wp-content/uploads/sites/81/2022/08/01-1-300x129.jpg
 create mode 100644 sonic-movie.jp/news/wp-content/uploads/sites/81/2022/08/01-1-768x330.jpg
 create mode 100644 sonic-movie.jp/news/wp-content/uploads/sites/81/2022/08/01-1.jpg
 create mode 100644 sonic-movie.jp/news/wp-content/uploads/sites/81/2022/08/01-2-300x200.jpg
 create mode 100644 sonic-movie.jp/news/wp-content/uploads/sites/81/2022/08/01-2-768x512.jpg
 create mode 100644 sonic-movie.jp/news/wp-content/uploads/sites/81/2022/08/01-2.jpg
 create mode 100644 sonic-movie.jp/news/wp-content/uploads/sites/81/2022/08/01-300x200.jpg
 create mode 100644 sonic-movie.jp/news/wp-content/uploads/sites/81/2022/08/01-768x512.jpg
 create mode 100644 sonic-movie.jp/news/wp-content/uploads/sites/81/2022/08/01.jpg
 create mode 100644 sonic-movie.jp/news/wp-content/uploads/sites/81/2022/08/02-1-300x89.jpg
 create mode 100644 sonic-movie.jp/news/wp-content/uploads/sites/81/2022/08/02-1-768x228.jpg
 create mode 100644 sonic-movie.jp/news/wp-content/uploads/sites/81/2022/08/02-1.jpg
 create mode 100644 sonic-movie.jp/news/wp-content/uploads/sites/81/2022/08/02-2-300x200.jpg
 create mode 100644 sonic-movie.jp/news/wp-content/uploads/sites/81/2022/08/02-2-768x512.jpg
 create mode 100644 sonic-movie.jp/news/wp-content/uploads/sites/81/2022/08/02-2.jpg
 create mode 100644 sonic-movie.jp/news/wp-content/uploads/sites/81/2022/08/02-300x200.jpg
 create mode 100644 sonic-movie.jp/news/wp-content/uploads/sites/81/2022/08/02-768x512.jpg
 create mode 100644 sonic-movie.jp/news/wp-content/uploads/sites/81/2022/08/02.jpg
 create mode 100644 sonic-movie.jp/news/wp-content/uploads/sites/81/2022/08/03-1-1024x288.jpg
 create mode 100644 sonic-movie.jp/news/wp-content/uploads/sites/81/2022/08/03-1-300x84.jpg
 create mode 100644 sonic-movie.jp/news/wp-content/uploads/sites/81/2022/08/03-1-768x216.jpg
 create mode 100644 sonic-movie.jp/news/wp-content/uploads/sites/81/2022/08/03-1.jpg
 create mode 100644 sonic-movie.jp/news/wp-content/uploads/sites/81/2022/08/03-300x200.jpg
 create mode 100644 sonic-movie.jp/news/wp-content/uploads/sites/81/2022/08/03-768x512.jpg
 create mode 100644 sonic-movie.jp/news/wp-content/uploads/sites/81/2022/08/03.jpg
 create mode 100644 sonic-movie.jp/news/wp-content/uploads/sites/81/2022/08/04-1-300x200.jpg
 create mode 100644 sonic-movie.jp/news/wp-content/uploads/sites/81/2022/08/04-1-768x512.jpg
 create mode 100644 sonic-movie.jp/news/wp-content/uploads/sites/81/2022/08/04-1.jpg
 create mode 100644 sonic-movie.jp/news/wp-content/uploads/sites/81/2022/08/04-300x200.jpg
 create mode 100644 sonic-movie.jp/news/wp-content/uploads/sites/81/2022/08/04-768x512.jpg
 create mode 100644 sonic-movie.jp/news/wp-content/uploads/sites/81/2022/08/04.jpg
 create mode 100644 sonic-movie.jp/news/wp-content/uploads/sites/81/2022/08/05-300x200.jpg
 create mode 100644 sonic-movie.jp/news/wp-content/uploads/sites/81/2022/08/05-768x512.jpg
 create mode 100644 sonic-movie.jp/news/wp-content/uploads/sites/81/2022/08/05.jpg
 create mode 100644 sonic-movie.jp/news/wp-content/uploads/sites/81/2022/08/06-300x200.jpg
 create mode 100644 sonic-movie.jp/news/wp-content/uploads/sites/81/2022/08/06-768x512.jpg
 create mode 100644 sonic-movie.jp/news/wp-content/uploads/sites/81/2022/08/06.jpg
 create mode 100644 sonic-movie.jp/news/wp-content/uploads/sites/81/2022/08/07-300x200.jpg
 create mode 100644 sonic-movie.jp/news/wp-content/uploads/sites/81/2022/08/07-768x512.jpg
 create mode 100644 sonic-movie.jp/news/wp-content/uploads/sites/81/2022/08/07.jpg
 create mode 100644 sonic-movie.jp/news/wp-content/uploads/sites/81/2022/08/08-300x200.jpg
 create mode 100644 sonic-movie.jp/news/wp-content/uploads/sites/81/2022/08/08-768x512.jpg
 create mode 100644 sonic-movie.jp/news/wp-content/uploads/sites/81/2022/08/08.jpg
 create mode 100644 sonic-movie.jp/news/wp-content/uploads/sites/81/2022/08/09-300x200.jpg
 create mode 100644 sonic-movie.jp/news/wp-content/uploads/sites/81/2022/08/09-768x512.jpg
 create mode 100644 sonic-movie.jp/news/wp-content/uploads/sites/81/2022/08/09.jpg
 create mode 100644 sonic-movie.jp/news/wp-content/uploads/sites/81/2022/08/10-300x261.jpg
 create mode 100644 sonic-movie.jp/news/wp-content/uploads/sites/81/2022/08/10-768x668.jpg
 create mode 100644 sonic-movie.jp/news/wp-content/uploads/sites/81/2022/08/10.jpg
 create mode 100644 sonic-movie.jp/news/wp-content/uploads/sites/81/2022/08/220819_02-300x169.png
 create mode 100644 sonic-movie.jp/news/wp-content/uploads/sites/81/2022/08/220819_02-768x432.png
 create mode 100644 sonic-movie.jp/news/wp-content/uploads/sites/81/2022/08/220819_02.png
 create mode 100644 sonic-movie.jp/news/wp-content/uploads/sites/81/2022/08/220829-300x126.jpg
 create mode 100644 sonic-movie.jp/news/wp-content/uploads/sites/81/2022/08/220829-768x322.jpg
 create mode 100644 sonic-movie.jp/news/wp-content/uploads/sites/81/2022/08/220829.jpg
 create mode 100644 sonic-movie.jp/news/wp-content/uploads/sites/81/2022/08/photo-output-1-1024x769.jpg
 create mode 100644 sonic-movie.jp/news/wp-content/uploads/sites/81/2022/08/photo-output-1-1536x1154.jpg
 create mode 100644 sonic-movie.jp/news/wp-content/uploads/sites/81/2022/08/photo-output-1-300x225.jpg
 create mode 100644 sonic-movie.jp/news/wp-content/uploads/sites/81/2022/08/photo-output-1-768x577.jpg
 create mode 100644 sonic-movie.jp/news/wp-content/uploads/sites/81/2022/08/photo-output-1.jpg
 create mode 100644 sonic-movie.jp/news/wp-content/uploads/sites/81/2022/08/present-256x300.jpg
 create mode 100644 sonic-movie.jp/news/wp-content/uploads/sites/81/2022/08/present-768x898.jpg
 create mode 100644 sonic-movie.jp/news/wp-content/uploads/sites/81/2022/08/present-875x1024.jpg
 create mode 100644 sonic-movie.jp/news/wp-content/uploads/sites/81/2022/08/present.jpg
 create mode 100644 sonic-movie.jp/news/wp-content/uploads/sites/81/2022/08/sonic2_v3-1024x579.jpg
 create mode 100644 sonic-movie.jp/news/wp-content/uploads/sites/81/2022/08/sonic2_v3-300x170.jpg
 create mode 100644 sonic-movie.jp/news/wp-content/uploads/sites/81/2022/08/sonic2_v3-768x434.jpg
 create mode 100644 sonic-movie.jp/news/wp-content/uploads/sites/81/2022/08/sonic2_v3.jpg
 create mode 100644 sonic-movie.jp/news/wp-content/uploads/sites/81/2022/08/sonic_movieticket_nyu-01-218x300.png
 create mode 100644 sonic-movie.jp/news/wp-content/uploads/sites/81/2022/08/sonic_movieticket_nyu-01-744x1024.png
 create mode 100644 sonic-movie.jp/news/wp-content/uploads/sites/81/2022/08/sonic_movieticket_nyu-01-768x1057.png
 create mode 100644 sonic-movie.jp/news/wp-content/uploads/sites/81/2022/08/sonic_movieticket_nyu-01.png
 create mode 100644 sonic-movie.jp/news/wp-content/uploads/sites/81/2024/08/240827-200x300.jpg
 create mode 100644 sonic-movie.jp/news/wp-content/uploads/sites/81/2024/08/240827-682x1024.jpg
 create mode 100644 sonic-movie.jp/news/wp-content/uploads/sites/81/2024/08/240827-768x1154.jpg
 create mode 100644 sonic-movie.jp/news/wp-content/uploads/sites/81/2024/08/240827.jpg
 create mode 100644 sonic-movie.jp/news/wp-includes/css/dist/block-library/style.min.css
 create mode 100644 sonic-movie.jp/news/wp-includes/js/jquery/jquery.js@ver=1.12.4-wp
 create mode 100644 sonic-movie.jp/news/wp-includes/wlwmanifest.xml
 create mode 100644 sonic-movie.jp/news/wp-json/index.html
 create mode 100644 sonic-movie.jp/news/wp-json/oembed/1.0/embed@url=https%3A%2F%2Fnews.eigafan.com%2Fsonic-movie%2F2019%2F05%2F03%2Ftsr%2F
 create mode 100644 sonic-movie.jp/news/wp-json/oembed/1.0/embed@url=https%3A%2F%2Fnews.eigafan.com%2Fsonic-movie%2F2019%2F05%2F03%2Ftsr%2F&format=xml
 create mode 100644 sonic-movie.jp/news/wp-json/oembed/1.0/embed@url=https%3A%2F%2Fnews.eigafan.com%2Fsonic-movie%2F2019%2F11%2F12%2Fnew%2F
 create mode 100644 sonic-movie.jp/news/wp-json/oembed/1.0/embed@url=https%3A%2F%2Fnews.eigafan.com%2Fsonic-movie%2F2019%2F11%2F12%2Fnew%2F&format=xml
 create mode 100644 sonic-movie.jp/news/wp-json/oembed/1.0/embed@url=https%3A%2F%2Fnews.eigafan.com%2Fsonic-movie%2F2019%2F12%2F10%2Ftsr2%2F
 create mode 100644 sonic-movie.jp/news/wp-json/oembed/1.0/embed@url=https%3A%2F%2Fnews.eigafan.com%2Fsonic-movie%2F2019%2F12%2F10%2Ftsr2%2F&format=xml
 create mode 100644 sonic-movie.jp/news/wp-json/oembed/1.0/embed@url=https%3A%2F%2Fnews.eigafan.com%2Fsonic-movie%2F2019%2F12%2F27%2Fbabysonic%2F
 create mode 100644 sonic-movie.jp/news/wp-json/oembed/1.0/embed@url=https%3A%2F%2Fnews.eigafan.com%2Fsonic-movie%2F2019%2F12%2F27%2Fbabysonic%2F&format=xml
 create mode 100644 sonic-movie.jp/news/wp-json/oembed/1.0/embed@url=https%3A%2F%2Fnews.eigafan.com%2Fsonic-movie%2F2020%2F01%2F01%2Fus_trailer%2F
 create mode 100644 sonic-movie.jp/news/wp-json/oembed/1.0/embed@url=https%3A%2F%2Fnews.eigafan.com%2Fsonic-movie%2F2020%2F01%2F01%2Fus_trailer%2F&format=xml
 create mode 100644 sonic-movie.jp/news/wp-json/oembed/1.0/embed@url=https%3A%2F%2Fnews.eigafan.com%2Fsonic-movie%2F2020%2F01%2F22%2Ffukikae%2F
 create mode 100644 sonic-movie.jp/news/wp-json/oembed/1.0/embed@url=https%3A%2F%2Fnews.eigafan.com%2Fsonic-movie%2F2020%2F01%2F22%2Ffukikae%2F&format=xml
 create mode 100644 sonic-movie.jp/news/wp-json/oembed/1.0/embed@url=https%3A%2F%2Fnews.eigafan.com%2Fsonic-movie%2F2020%2F01%2F28%2Fice-cross%2F
 create mode 100644 sonic-movie.jp/news/wp-json/oembed/1.0/embed@url=https%3A%2F%2Fnews.eigafan.com%2Fsonic-movie%2F2020%2F01%2F28%2Fice-cross%2F&format=xml
 create mode 100644 sonic-movie.jp/news/wp-json/oembed/1.0/embed@url=https%3A%2F%2Fnews.eigafan.com%2Fsonic-movie%2F2020%2F02%2F10%2Fsonic_pumax%2F
 create mode 100644 sonic-movie.jp/news/wp-json/oembed/1.0/embed@url=https%3A%2F%2Fnews.eigafan.com%2Fsonic-movie%2F2020%2F02%2F10%2Fsonic_pumax%2F&format=xml
 create mode 100644 sonic-movie.jp/news/wp-json/oembed/1.0/embed@url=https%3A%2F%2Fnews.eigafan.com%2Fsonic-movie%2F2020%2F02%2F12%2Fsonic_0212%2F
 create mode 100644 sonic-movie.jp/news/wp-json/oembed/1.0/embed@url=https%3A%2F%2Fnews.eigafan.com%2Fsonic-movie%2F2020%2F02%2F12%2Fsonic_0212%2F&format=xml
 create mode 100644 sonic-movie.jp/news/wp-json/oembed/1.0/embed@url=https%3A%2F%2Fnews.eigafan.com%2Fsonic-movie%2F2020%2F02%2F17%2Fsonic_0217%2F
 create mode 100644 sonic-movie.jp/news/wp-json/oembed/1.0/embed@url=https%3A%2F%2Fnews.eigafan.com%2Fsonic-movie%2F2020%2F02%2F17%2Fsonic_0217%2F&format=xml
 create mode 100644 sonic-movie.jp/news/wp-json/oembed/1.0/embed@url=https%3A%2F%2Fnews.eigafan.com%2Fsonic-movie%2F2020%2F02%2F17%2Fsonic_opening%2F
 create mode 100644 sonic-movie.jp/news/wp-json/oembed/1.0/embed@url=https%3A%2F%2Fnews.eigafan.com%2Fsonic-movie%2F2020%2F02%2F17%2Fsonic_opening%2F&format=xml
 create mode 100644 sonic-movie.jp/news/wp-json/oembed/1.0/embed@url=https%3A%2F%2Fnews.eigafan.com%2Fsonic-movie%2F2020%2F02%2F19%2Fsonic_0219%2F
 create mode 100644 sonic-movie.jp/news/wp-json/oembed/1.0/embed@url=https%3A%2F%2Fnews.eigafan.com%2Fsonic-movie%2F2020%2F02%2F19%2Fsonic_0219%2F&format=xml
 create mode 100644 sonic-movie.jp/news/wp-json/oembed/1.0/embed@url=https%3A%2F%2Fnews.eigafan.com%2Fsonic-movie%2F2020%2F02%2F21%2Fsonic_0221%2F
 create mode 100644 sonic-movie.jp/news/wp-json/oembed/1.0/embed@url=https%3A%2F%2Fnews.eigafan.com%2Fsonic-movie%2F2020%2F02%2F21%2Fsonic_0221%2F&format=xml
 create mode 100644 sonic-movie.jp/news/wp-json/oembed/1.0/embed@url=https%3A%2F%2Fnews.eigafan.com%2Fsonic-movie%2F2020%2F02%2F26%2Fsonic_0226%2F
 create mode 100644 sonic-movie.jp/news/wp-json/oembed/1.0/embed@url=https%3A%2F%2Fnews.eigafan.com%2Fsonic-movie%2F2020%2F02%2F26%2Fsonic_0226%2F&format=xml
 create mode 100644 sonic-movie.jp/news/wp-json/oembed/1.0/embed@url=https%3A%2F%2Fnews.eigafan.com%2Fsonic-movie%2F2020%2F02%2F27%2Fsonic_0227%2F
 create mode 100644 sonic-movie.jp/news/wp-json/oembed/1.0/embed@url=https%3A%2F%2Fnews.eigafan.com%2Fsonic-movie%2F2020%2F02%2F27%2Fsonic_0227%2F&format=xml
 create mode 100644 sonic-movie.jp/news/wp-json/oembed/1.0/embed@url=https%3A%2F%2Fnews.eigafan.com%2Fsonic-movie%2F2020%2F02%2F27%2Fsonic_shakeys%2F
 create mode 100644 sonic-movie.jp/news/wp-json/oembed/1.0/embed@url=https%3A%2F%2Fnews.eigafan.com%2Fsonic-movie%2F2020%2F02%2F27%2Fsonic_shakeys%2F&format=xml
 create mode 100644 sonic-movie.jp/news/wp-json/oembed/1.0/embed@url=https%3A%2F%2Fnews.eigafan.com%2Fsonic-movie%2F2020%2F03%2F06%2Fsonic_0306%2F
 create mode 100644 sonic-movie.jp/news/wp-json/oembed/1.0/embed@url=https%3A%2F%2Fnews.eigafan.com%2Fsonic-movie%2F2020%2F03%2F06%2Fsonic_0306%2F&format=xml
 create mode 100644 sonic-movie.jp/news/wp-json/oembed/1.0/embed@url=https%3A%2F%2Fnews.eigafan.com%2Fsonic-movie%2F2020%2F03%2F09%2Fsonic_0309%2F
 create mode 100644 sonic-movie.jp/news/wp-json/oembed/1.0/embed@url=https%3A%2F%2Fnews.eigafan.com%2Fsonic-movie%2F2020%2F03%2F09%2Fsonic_0309%2F&format=xml
 create mode 100644 sonic-movie.jp/news/wp-json/oembed/1.0/embed@url=https%3A%2F%2Fnews.eigafan.com%2Fsonic-movie%2F2020%2F03%2F10%2Fsonic_0310%2F
 create mode 100644 sonic-movie.jp/news/wp-json/oembed/1.0/embed@url=https%3A%2F%2Fnews.eigafan.com%2Fsonic-movie%2F2020%2F03%2F10%2Fsonic_0310%2F&format=xml
 create mode 100644 sonic-movie.jp/news/wp-json/oembed/1.0/embed@url=https%3A%2F%2Fnews.eigafan.com%2Fsonic-movie%2F2020%2F06%2F01%2Fsonic_0601%2F
 create mode 100644 sonic-movie.jp/news/wp-json/oembed/1.0/embed@url=https%3A%2F%2Fnews.eigafan.com%2Fsonic-movie%2F2020%2F06%2F01%2Fsonic_0601%2F&format=xml
 create mode 100644 sonic-movie.jp/news/wp-json/oembed/1.0/embed@url=https%3A%2F%2Fnews.eigafan.com%2Fsonic-movie%2F2020%2F06%2F04%2Finstantwin%2F
 create mode 100644 sonic-movie.jp/news/wp-json/oembed/1.0/embed@url=https%3A%2F%2Fnews.eigafan.com%2Fsonic-movie%2F2020%2F06%2F04%2Finstantwin%2F&format=xml
 create mode 100644 sonic-movie.jp/news/wp-json/oembed/1.0/embed@url=https%3A%2F%2Fnews.eigafan.com%2Fsonic-movie%2F2020%2F06%2F12%2Fgame%2F
 create mode 100644 sonic-movie.jp/news/wp-json/oembed/1.0/embed@url=https%3A%2F%2Fnews.eigafan.com%2Fsonic-movie%2F2020%2F06%2F12%2Fgame%2F&format=xml
 create mode 100644 sonic-movie.jp/news/wp-json/oembed/1.0/embed@url=https%3A%2F%2Fnews.eigafan.com%2Fsonic-movie%2F2020%2F06%2F12%2Fstamp%2F
 create mode 100644 sonic-movie.jp/news/wp-json/oembed/1.0/embed@url=https%3A%2F%2Fnews.eigafan.com%2Fsonic-movie%2F2020%2F06%2F12%2Fstamp%2F&format=xml
 create mode 100644 sonic-movie.jp/news/wp-json/oembed/1.0/embed@url=https%3A%2F%2Fnews.eigafan.com%2Fsonic-movie%2F2020%2F06%2F14%2Fsonic0614%2F
 create mode 100644 sonic-movie.jp/news/wp-json/oembed/1.0/embed@url=https%3A%2F%2Fnews.eigafan.com%2Fsonic-movie%2F2020%2F06%2F14%2Fsonic0614%2F&format=xml
 create mode 100644 sonic-movie.jp/news/wp-json/oembed/1.0/embed@url=https%3A%2F%2Fnews.eigafan.com%2Fsonic-movie%2F2020%2F06%2F17%2Fsonic_0617%2F
 create mode 100644 sonic-movie.jp/news/wp-json/oembed/1.0/embed@url=https%3A%2F%2Fnews.eigafan.com%2Fsonic-movie%2F2020%2F06%2F17%2Fsonic_0617%2F&format=xml
 create mode 100644 sonic-movie.jp/news/wp-json/oembed/1.0/embed@url=https%3A%2F%2Fnews.eigafan.com%2Fsonic-movie%2F2020%2F06%2F19%2Fsonic_0619%2F
 create mode 100644 sonic-movie.jp/news/wp-json/oembed/1.0/embed@url=https%3A%2F%2Fnews.eigafan.com%2Fsonic-movie%2F2020%2F06%2F19%2Fsonic_0619%2F&format=xml
 create mode 100644 sonic-movie.jp/news/wp-json/oembed/1.0/embed@url=https%3A%2F%2Fnews.eigafan.com%2Fsonic-movie%2F2020%2F06%2F22%2Fsonic_0622%2F
 create mode 100644 sonic-movie.jp/news/wp-json/oembed/1.0/embed@url=https%3A%2F%2Fnews.eigafan.com%2Fsonic-movie%2F2020%2F06%2F22%2Fsonic_0622%2F&format=xml
 create mode 100644 sonic-movie.jp/news/wp-json/oembed/1.0/embed@url=https%3A%2F%2Fnews.eigafan.com%2Fsonic-movie%2F2020%2F06%2F23%2Fsonic_0623%2F
 create mode 100644 sonic-movie.jp/news/wp-json/oembed/1.0/embed@url=https%3A%2F%2Fnews.eigafan.com%2Fsonic-movie%2F2020%2F06%2F23%2Fsonic_0623%2F&format=xml
 create mode 100644 sonic-movie.jp/news/wp-json/oembed/1.0/embed@url=https%3A%2F%2Fnews.eigafan.com%2Fsonic-movie%2F2020%2F06%2F24%2Fsonic_sega%2F
 create mode 100644 sonic-movie.jp/news/wp-json/oembed/1.0/embed@url=https%3A%2F%2Fnews.eigafan.com%2Fsonic-movie%2F2020%2F06%2F24%2Fsonic_sega%2F&format=xml
 create mode 100644 sonic-movie.jp/news/wp-json/oembed/1.0/embed@url=https%3A%2F%2Fnews.eigafan.com%2Fsonic-movie%2F2020%2F06%2F25%2Fsonic_0625%2F
 create mode 100644 sonic-movie.jp/news/wp-json/oembed/1.0/embed@url=https%3A%2F%2Fnews.eigafan.com%2Fsonic-movie%2F2020%2F06%2F25%2Fsonic_0625%2F&format=xml
 create mode 100644 sonic-movie.jp/news/wp-json/oembed/1.0/embed@url=https%3A%2F%2Fnews.eigafan.com%2Fsonic-movie%2F2020%2F06%2F25%2Fsonic_queen%2F
 create mode 100644 sonic-movie.jp/news/wp-json/oembed/1.0/embed@url=https%3A%2F%2Fnews.eigafan.com%2Fsonic-movie%2F2020%2F06%2F25%2Fsonic_queen%2F&format=xml
 create mode 100644 sonic-movie.jp/news/wp-json/oembed/1.0/embed@url=https%3A%2F%2Fnews.eigafan.com%2Fsonic-movie%2F2020%2F06%2F25%2Fsonic_vs%2F
 create mode 100644 sonic-movie.jp/news/wp-json/oembed/1.0/embed@url=https%3A%2F%2Fnews.eigafan.com%2Fsonic-movie%2F2020%2F06%2F25%2Fsonic_vs%2F&format=xml
 create mode 100644 sonic-movie.jp/news/wp-json/oembed/1.0/embed@url=https%3A%2F%2Fnews.eigafan.com%2Fsonic-movie%2F2020%2F06%2F26%2Fsonic_0626%2F
 create mode 100644 sonic-movie.jp/news/wp-json/oembed/1.0/embed@url=https%3A%2F%2Fnews.eigafan.com%2Fsonic-movie%2F2020%2F06%2F26%2Fsonic_0626%2F&format=xml
 create mode 100644 sonic-movie.jp/news/wp-json/oembed/1.0/embed@url=https%3A%2F%2Fnews.eigafan.com%2Fsonic-movie%2F2020%2F06%2F29%2Fsonic_0629%2F
 create mode 100644 sonic-movie.jp/news/wp-json/oembed/1.0/embed@url=https%3A%2F%2Fnews.eigafan.com%2Fsonic-movie%2F2020%2F06%2F29%2Fsonic_0629%2F&format=xml
 create mode 100644 sonic-movie.jp/news/wp-json/oembed/1.0/embed@url=https%3A%2F%2Fnews.eigafan.com%2Fsonic-movie%2F2021%2F12%2F10%2Fsonic_1210%2F
 create mode 100644 sonic-movie.jp/news/wp-json/oembed/1.0/embed@url=https%3A%2F%2Fnews.eigafan.com%2Fsonic-movie%2F2021%2F12%2F10%2Fsonic_1210%2F&format=xml
 create mode 100644 sonic-movie.jp/news/wp-json/oembed/1.0/embed@url=https%3A%2F%2Fnews.eigafan.com%2Fsonic-movie%2F2022%2F03%2F04%2Fsonic_0304%2F
 create mode 100644 sonic-movie.jp/news/wp-json/oembed/1.0/embed@url=https%3A%2F%2Fnews.eigafan.com%2Fsonic-movie%2F2022%2F03%2F04%2Fsonic_0304%2F&format=xml
 create mode 100644 sonic-movie.jp/news/wp-json/oembed/1.0/embed@url=https%3A%2F%2Fnews.eigafan.com%2Fsonic-movie%2F2022%2F03%2F16%2Fsonic_0316%2F
 create mode 100644 sonic-movie.jp/news/wp-json/oembed/1.0/embed@url=https%3A%2F%2Fnews.eigafan.com%2Fsonic-movie%2F2022%2F03%2F16%2Fsonic_0316%2F&format=xml
 create mode 100644 sonic-movie.jp/news/wp-json/oembed/1.0/embed@url=https%3A%2F%2Fnews.eigafan.com%2Fsonic-movie%2F2022%2F04%2F07%2Fsonic_0406%2F
 create mode 100644 sonic-movie.jp/news/wp-json/oembed/1.0/embed@url=https%3A%2F%2Fnews.eigafan.com%2Fsonic-movie%2F2022%2F04%2F07%2Fsonic_0406%2F&format=xml
 create mode 100644 sonic-movie.jp/news/wp-json/oembed/1.0/embed@url=https%3A%2F%2Fnews.eigafan.com%2Fsonic-movie%2F2022%2F04%2F08%2Fsonic_0408%2F
 create mode 100644 sonic-movie.jp/news/wp-json/oembed/1.0/embed@url=https%3A%2F%2Fnews.eigafan.com%2Fsonic-movie%2F2022%2F04%2F08%2Fsonic_0408%2F&format=xml
 create mode 100644 sonic-movie.jp/news/wp-json/oembed/1.0/embed@url=https%3A%2F%2Fnews.eigafan.com%2Fsonic-movie%2F2022%2F04%2F11%2Fsonic_0411%2F
 create mode 100644 sonic-movie.jp/news/wp-json/oembed/1.0/embed@url=https%3A%2F%2Fnews.eigafan.com%2Fsonic-movie%2F2022%2F04%2F11%2Fsonic_0411%2F&format=xml
 create mode 100644 sonic-movie.jp/news/wp-json/oembed/1.0/embed@url=https%3A%2F%2Fnews.eigafan.com%2Fsonic-movie%2F2022%2F04%2F22%2Fsonic_0422%2F
 create mode 100644 sonic-movie.jp/news/wp-json/oembed/1.0/embed@url=https%3A%2F%2Fnews.eigafan.com%2Fsonic-movie%2F2022%2F04%2F22%2Fsonic_0422%2F&format=xml
 create mode 100644 sonic-movie.jp/news/wp-json/oembed/1.0/embed@url=https%3A%2F%2Fnews.eigafan.com%2Fsonic-movie%2F2022%2F05%2F06%2Fsonic_0506%2F
 create mode 100644 sonic-movie.jp/news/wp-json/oembed/1.0/embed@url=https%3A%2F%2Fnews.eigafan.com%2Fsonic-movie%2F2022%2F05%2F06%2Fsonic_0506%2F&format=xml
 create mode 100644 sonic-movie.jp/news/wp-json/oembed/1.0/embed@url=https%3A%2F%2Fnews.eigafan.com%2Fsonic-movie%2F2022%2F06%2F27%2Fsonic_0627%2F
 create mode 100644 sonic-movie.jp/news/wp-json/oembed/1.0/embed@url=https%3A%2F%2Fnews.eigafan.com%2Fsonic-movie%2F2022%2F06%2F27%2Fsonic_0627%2F&format=xml
 create mode 100644 sonic-movie.jp/news/wp-json/oembed/1.0/embed@url=https%3A%2F%2Fnews.eigafan.com%2Fsonic-movie%2F2022%2F06%2F28%2Fsonic_0628%2F
 create mode 100644 sonic-movie.jp/news/wp-json/oembed/1.0/embed@url=https%3A%2F%2Fnews.eigafan.com%2Fsonic-movie%2F2022%2F06%2F28%2Fsonic_0628%2F&format=xml
 create mode 100644 sonic-movie.jp/news/wp-json/oembed/1.0/embed@url=https%3A%2F%2Fnews.eigafan.com%2Fsonic-movie%2F2022%2F07%2F01%2Fsonic_0701%2F
 create mode 100644 sonic-movie.jp/news/wp-json/oembed/1.0/embed@url=https%3A%2F%2Fnews.eigafan.com%2Fsonic-movie%2F2022%2F07%2F01%2Fsonic_0701%2F&format=xml
 create mode 100644 sonic-movie.jp/news/wp-json/oembed/1.0/embed@url=https%3A%2F%2Fnews.eigafan.com%2Fsonic-movie%2F2022%2F07%2F05%2Fsonic_0705%2F
 create mode 100644 sonic-movie.jp/news/wp-json/oembed/1.0/embed@url=https%3A%2F%2Fnews.eigafan.com%2Fsonic-movie%2F2022%2F07%2F05%2Fsonic_0705%2F&format=xml
 create mode 100644 sonic-movie.jp/news/wp-json/oembed/1.0/embed@url=https%3A%2F%2Fnews.eigafan.com%2Fsonic-movie%2F2022%2F07%2F13%2Fsonic_0713%2F
 create mode 100644 sonic-movie.jp/news/wp-json/oembed/1.0/embed@url=https%3A%2F%2Fnews.eigafan.com%2Fsonic-movie%2F2022%2F07%2F13%2Fsonic_0713%2F&format=xml
 create mode 100644 sonic-movie.jp/news/wp-json/oembed/1.0/embed@url=https%3A%2F%2Fnews.eigafan.com%2Fsonic-movie%2F2022%2F07%2F15%2Fsonic_0715%2F
 create mode 100644 sonic-movie.jp/news/wp-json/oembed/1.0/embed@url=https%3A%2F%2Fnews.eigafan.com%2Fsonic-movie%2F2022%2F07%2F15%2Fsonic_0715%2F&format=xml
 create mode 100644 sonic-movie.jp/news/wp-json/oembed/1.0/embed@url=https%3A%2F%2Fnews.eigafan.com%2Fsonic-movie%2F2022%2F07%2F15%2Fsonic_0715_01%2F
 create mode 100644 sonic-movie.jp/news/wp-json/oembed/1.0/embed@url=https%3A%2F%2Fnews.eigafan.com%2Fsonic-movie%2F2022%2F07%2F15%2Fsonic_0715_01%2F&format=xml
 create mode 100644 sonic-movie.jp/news/wp-json/oembed/1.0/embed@url=https%3A%2F%2Fnews.eigafan.com%2Fsonic-movie%2F2022%2F07%2F21%2Fsonic_0721%2F
 create mode 100644 sonic-movie.jp/news/wp-json/oembed/1.0/embed@url=https%3A%2F%2Fnews.eigafan.com%2Fsonic-movie%2F2022%2F07%2F21%2Fsonic_0721%2F&format=xml
 create mode 100644 sonic-movie.jp/news/wp-json/oembed/1.0/embed@url=https%3A%2F%2Fnews.eigafan.com%2Fsonic-movie%2F2022%2F07%2F22%2Fsonic_0722%2F
 create mode 100644 sonic-movie.jp/news/wp-json/oembed/1.0/embed@url=https%3A%2F%2Fnews.eigafan.com%2Fsonic-movie%2F2022%2F07%2F22%2Fsonic_0722%2F&format=xml
 create mode 100644 sonic-movie.jp/news/wp-json/oembed/1.0/embed@url=https%3A%2F%2Fnews.eigafan.com%2Fsonic-movie%2F2022%2F07%2F25%2Fsonic_0725%2F
 create mode 100644 sonic-movie.jp/news/wp-json/oembed/1.0/embed@url=https%3A%2F%2Fnews.eigafan.com%2Fsonic-movie%2F2022%2F07%2F26%2Fsonic_0726%2F
 create mode 100644 sonic-movie.jp/news/wp-json/oembed/1.0/embed@url=https%3A%2F%2Fnews.eigafan.com%2Fsonic-movie%2F2022%2F07%2F26%2Fsonic_0726%2F&format=xml
 create mode 100644 sonic-movie.jp/news/wp-json/oembed/1.0/embed@url=https%3A%2F%2Fnews.eigafan.com%2Fsonic-movie%2F2022%2F07%2F29%2Fsonic_0729%2F
 create mode 100644 sonic-movie.jp/news/wp-json/oembed/1.0/embed@url=https%3A%2F%2Fnews.eigafan.com%2Fsonic-movie%2F2022%2F07%2F29%2Fsonic_0729%2F&format=xml
 create mode 100644 sonic-movie.jp/news/wp-json/oembed/1.0/embed@url=https%3A%2F%2Fnews.eigafan.com%2Fsonic-movie%2F2022%2F08%2F04%2Fsonic_0804%2F
 create mode 100644 sonic-movie.jp/news/wp-json/oembed/1.0/embed@url=https%3A%2F%2Fnews.eigafan.com%2Fsonic-movie%2F2022%2F08%2F04%2Fsonic_0804%2F&format=xml
 create mode 100644 sonic-movie.jp/news/wp-json/oembed/1.0/embed@url=https%3A%2F%2Fnews.eigafan.com%2Fsonic-movie%2F2022%2F08%2F05%2Fsonic_0805%2F
 create mode 100644 sonic-movie.jp/news/wp-json/oembed/1.0/embed@url=https%3A%2F%2Fnews.eigafan.com%2Fsonic-movie%2F2022%2F08%2F05%2Fsonic_0805%2F&format=xml
 create mode 100644 sonic-movie.jp/news/wp-json/oembed/1.0/embed@url=https%3A%2F%2Fnews.eigafan.com%2Fsonic-movie%2F2022%2F08%2F08%2Fsonic_0808%2F
 create mode 100644 sonic-movie.jp/news/wp-json/oembed/1.0/embed@url=https%3A%2F%2Fnews.eigafan.com%2Fsonic-movie%2F2022%2F08%2F08%2Fsonic_0808%2F&format=xml
 create mode 100644 sonic-movie.jp/news/wp-json/oembed/1.0/embed@url=https%3A%2F%2Fnews.eigafan.com%2Fsonic-movie%2F2022%2F08%2F10%2Fsonic_0810%2F
 create mode 100644 sonic-movie.jp/news/wp-json/oembed/1.0/embed@url=https%3A%2F%2Fnews.eigafan.com%2Fsonic-movie%2F2022%2F08%2F10%2Fsonic_0810%2F&format=xml
 create mode 100644 sonic-movie.jp/news/wp-json/oembed/1.0/embed@url=https%3A%2F%2Fnews.eigafan.com%2Fsonic-movie%2F2022%2F08%2F16%2Fsonic_0816%2F
 create mode 100644 sonic-movie.jp/news/wp-json/oembed/1.0/embed@url=https%3A%2F%2Fnews.eigafan.com%2Fsonic-movie%2F2022%2F08%2F16%2Fsonic_0816%2F&format=xml
 create mode 100644 sonic-movie.jp/news/wp-json/oembed/1.0/embed@url=https%3A%2F%2Fnews.eigafan.com%2Fsonic-movie%2F2022%2F08%2F18%2Fsonic_0818%2F
 create mode 100644 sonic-movie.jp/news/wp-json/oembed/1.0/embed@url=https%3A%2F%2Fnews.eigafan.com%2Fsonic-movie%2F2022%2F08%2F18%2Fsonic_0818%2F&format=xml
 create mode 100644 sonic-movie.jp/news/wp-json/oembed/1.0/embed@url=https%3A%2F%2Fnews.eigafan.com%2Fsonic-movie%2F2022%2F08%2F19%2F0819_sonic%2F
 create mode 100644 sonic-movie.jp/news/wp-json/oembed/1.0/embed@url=https%3A%2F%2Fnews.eigafan.com%2Fsonic-movie%2F2022%2F08%2F19%2F0819_sonic%2F&format=xml
 create mode 100644 sonic-movie.jp/news/wp-json/oembed/1.0/embed@url=https%3A%2F%2Fnews.eigafan.com%2Fsonic-movie%2F2022%2F08%2F19%2Fsonic_0819_01%2F
 create mode 100644 sonic-movie.jp/news/wp-json/oembed/1.0/embed@url=https%3A%2F%2Fnews.eigafan.com%2Fsonic-movie%2F2022%2F08%2F19%2Fsonic_0819_01%2F&format=xml
 create mode 100644 sonic-movie.jp/news/wp-json/oembed/1.0/embed@url=https%3A%2F%2Fnews.eigafan.com%2Fsonic-movie%2F2022%2F08%2F22%2Fsonic_0822%2F
 create mode 100644 sonic-movie.jp/news/wp-json/oembed/1.0/embed@url=https%3A%2F%2Fnews.eigafan.com%2Fsonic-movie%2F2022%2F08%2F22%2Fsonic_0822%2F&format=xml
 create mode 100644 sonic-movie.jp/news/wp-json/oembed/1.0/embed@url=https%3A%2F%2Fnews.eigafan.com%2Fsonic-movie%2F2022%2F08%2F29%2Fsonic_0829%2F
 create mode 100644 sonic-movie.jp/news/wp-json/oembed/1.0/embed@url=https%3A%2F%2Fnews.eigafan.com%2Fsonic-movie%2F2022%2F08%2F29%2Fsonic_0829%2F&format=xml
 create mode 100644 sonic-movie.jp/news/wp-json/oembed/1.0/embed@url=https%3A%2F%2Fnews.eigafan.com%2Fsonic-movie%2F2024%2F08%2F27%2Fsonic_0827%2F
 create mode 100644 sonic-movie.jp/news/wp-json/oembed/1.0/embed@url=https%3A%2F%2Fnews.eigafan.com%2Fsonic-movie%2F2024%2F08%2F27%2Fsonic_0827%2F&format=xml
 create mode 100644 sonic-movie.jp/news/xmlrpc.php@rsd
 create mode 100644 sonic.sega.jp/SonicChannel/assets_c/2024/08/event_240623_01_eye-thumb-640xauto-5766.jpg
 create mode 100644 sonic.sega.jp/SonicChannel/assets_c/2024/08/event_240623_02_eye-thumb-640xauto-5764.jpg
 create mode 100644 sonic.sega.jp/SonicChannel/assets_c/2024/08/event_240730_01_eye-thumb-640xauto-5767.jpg
 create mode 100644 sonic.sega.jp/SonicChannel/assets_c/2024/08/event_240730_02_eye-thumb-640xauto-5768.jpg
 create mode 100644 sonic.sega.jp/SonicChannel/assets_c/2024/08/event_240827_01_eye-thumb-640xauto-5765.jpg
 create mode 100644 sonic.sega.jp/SonicChannel/assets_c/2024/08/event_240827_02_eye-thumb-640xauto-5769.jpg
 create mode 100644 sonic.sega.jp/SonicChannel/topics/event/20240623_008645/index.html
 create mode 100644 sonic.sega.jp/SonicChannel/topics/event/20240623_008648/index.html
 create mode 100644 sonic.sega.jp/SonicChannel/topics/event/20240730_008646/index.html
 create mode 100644 sonic.sega.jp/SonicChannel/topics/event/20240730_008649/index.html
 create mode 100644 sonic.sega.jp/SonicChannel/topics/event/20240828_008647/index.html
 create mode 100644 sonic.sega.jp/SonicChannel/topics/event/20240828_008650/index.html
 create mode 100644 sonic.sega.jp/SonicChannel/topics/image/event_240623_01_eye.jpg
 create mode 100644 sonic.sega.jp/SonicChannel/topics/image/event_240623_02_eye.jpg
 create mode 100644 sonic.sega.jp/SonicChannel/topics/image/event_240730_01_eye.jpg
 create mode 100644 sonic.sega.jp/SonicChannel/topics/image/event_240730_02_eye.jpg
 create mode 100644 sonic.sega.jp/SonicChannel/topics/image/event_240827_01_eye.jpg
 create mode 100644 sonic.sega.jp/SonicChannel/topics/image/event_240827_02_eye.jpg
