Already up to date.
Deleted file - D:\GitHub\SonicChannelTrack\sonic.sega.jp\sonicchannel\about.1
Deleted file - D:\GitHub\SonicChannelTrack\sonic.sega.jp\sonicchannel\character.1
Deleted file - D:\GitHub\SonicChannelTrack\sonic.sega.jp\sonicchannel\fangallery.1
Deleted file - D:\GitHub\SonicChannelTrack\sonic.sega.jp\sonicchannel\special.1
Deleted file - D:\GitHub\SonicChannelTrack\sonic.sega.jp\sonicchannel\fangallery\apply.1
Deleted file - D:\GitHub\SonicChannelTrack\sonic.sega.jp\sonicchannel\fangallery\fanart.1
Deleted file - D:\GitHub\SonicChannelTrack\sonic.sega.jp\sonicchannel\fangallery\oshiete.1
Deleted file - D:\GitHub\SonicChannelTrack\sonic.sega.jp\sonicchannel\fangallery\screenshot.1
Deleted file - D:\GitHub\SonicChannelTrack\sonic.sega.jp\sonicchannel\special\sidestory.1
Deleted file - D:\GitHub\SonicChannelTrack\sonic.sega.jp\sonicchannel\special\sns.1
Deleted file - D:\GitHub\SonicChannelTrack\sonic.sega.jp\sonicchannel\special\staffcolumn.1
Deleted file - D:\GitHub\SonicChannelTrack\sonic.sega.jp\sonicchannel\special\gamecontents\soniccolors.1
Deleted file - D:\GitHub\SonicChannelTrack\sonic.sega.jp\sonicchannel\special\gamecontents\sonicforces.1
Deleted file - D:\GitHub\SonicChannelTrack\sonic.sega.jp\sonicchannel\special\gamecontents\sonicmania.1
Deleted file - D:\GitHub\SonicChannelTrack\sonic.sega.jp\sonicchannel\special\sidestory\comic.1
Deleted file - D:\GitHub\SonicChannelTrack\sonic.sega.jp\sonicchannel\special\sidestory\coverstory.1
Deleted file - D:\GitHub\SonicChannelTrack\sonic.sega.jp\sonicchannel\special\sidestory\ohgiri.1
Deleted file - D:\GitHub\SonicChannelTrack\sonic.sega.jp\sonicchannel\special\sidestory\sonicpict.1
Deleted file - D:\GitHub\SonicChannelTrack\sonic.sega.jp\sonicchannel\special\soundcolumn\ohtani.1
Deleted file - D:\GitHub\SonicChannelTrack\sonic.sega.jp\sonicchannel\special\soundcolumn\senoue.1
Deleted file - D:\GitHub\SonicChannelTrack\sonic.sega.jp\sonicchannel\topics\collaboration.1
Deleted file - D:\GitHub\SonicChannelTrack\sonic.sega.jp\sonicchannel\topics\event.1
Deleted file - D:\GitHub\SonicChannelTrack\sonic.sega.jp\sonicchannel\topics\goods.1
Deleted file - D:\GitHub\SonicChannelTrack\sonic.sega.jp\sonicchannel\topics\information.1
Deleted file - D:\GitHub\SonicChannelTrack\sonic.sega.jp\sonicchannel\topics\sound.1
Deleted file - D:\GitHub\SonicChannelTrack\sonic.sega.jp\sonicchannel\about.2
Deleted file - D:\GitHub\SonicChannelTrack\sonic.sega.jp\sonicchannel\character.2
Deleted file - D:\GitHub\SonicChannelTrack\sonic.sega.jp\sonicchannel\fangallery.2
Deleted file - D:\GitHub\SonicChannelTrack\sonic.sega.jp\sonicchannel\special.2
Deleted file - D:\GitHub\SonicChannelTrack\sonic.sega.jp\sonicchannel\fangallery\apply.2
Deleted file - D:\GitHub\SonicChannelTrack\sonic.sega.jp\sonicchannel\fangallery\fanart.2
Deleted file - D:\GitHub\SonicChannelTrack\sonic.sega.jp\sonicchannel\fangallery\oshiete.2
Deleted file - D:\GitHub\SonicChannelTrack\sonic.sega.jp\sonicchannel\fangallery\screenshot.2
Deleted file - D:\GitHub\SonicChannelTrack\sonic.sega.jp\sonicchannel\special\sidestory.2
Deleted file - D:\GitHub\SonicChannelTrack\sonic.sega.jp\sonicchannel\special\sns.2
Deleted file - D:\GitHub\SonicChannelTrack\sonic.sega.jp\sonicchannel\special\staffcolumn.2
Deleted file - D:\GitHub\SonicChannelTrack\sonic.sega.jp\sonicchannel\special\gamecontents\soniccolors.2
Deleted file - D:\GitHub\SonicChannelTrack\sonic.sega.jp\sonicchannel\special\gamecontents\sonicforces.2
Deleted file - D:\GitHub\SonicChannelTrack\sonic.sega.jp\sonicchannel\special\gamecontents\sonicmania.2
Deleted file - D:\GitHub\SonicChannelTrack\sonic.sega.jp\sonicchannel\special\sidestory\comic.2
Deleted file - D:\GitHub\SonicChannelTrack\sonic.sega.jp\sonicchannel\special\sidestory\coverstory.2
Deleted file - D:\GitHub\SonicChannelTrack\sonic.sega.jp\sonicchannel\special\sidestory\ohgiri.2
Deleted file - D:\GitHub\SonicChannelTrack\sonic.sega.jp\sonicchannel\special\sidestory\sonicpict.2
Deleted file - D:\GitHub\SonicChannelTrack\sonic.sega.jp\sonicchannel\special\soundcolumn\ohtani.2
Deleted file - D:\GitHub\SonicChannelTrack\sonic.sega.jp\sonicchannel\special\soundcolumn\senoue.2
Deleted file - D:\GitHub\SonicChannelTrack\sonic.sega.jp\sonicchannel\topics\collaboration.2
Deleted file - D:\GitHub\SonicChannelTrack\sonic.sega.jp\sonicchannel\topics\event.2
Deleted file - D:\GitHub\SonicChannelTrack\sonic.sega.jp\sonicchannel\topics\goods.2
Deleted file - D:\GitHub\SonicChannelTrack\sonic.sega.jp\sonicchannel\topics\information.2
Deleted file - D:\GitHub\SonicChannelTrack\sonic.sega.jp\sonicchannel\topics\sound.2
Deleted file - D:\GitHub\SonicChannelTrack\sonic.sega.jp\sonicchannel\about.3
Deleted file - D:\GitHub\SonicChannelTrack\sonic.sega.jp\sonicchannel\character.3
Deleted file - D:\GitHub\SonicChannelTrack\sonic.sega.jp\sonicchannel\fangallery.3
Deleted file - D:\GitHub\SonicChannelTrack\sonic.sega.jp\sonicchannel\fangallery\apply.3
Deleted file - D:\GitHub\SonicChannelTrack\sonic.sega.jp\sonicchannel\fangallery\fanart.3
Deleted file - D:\GitHub\SonicChannelTrack\sonic.sega.jp\sonicchannel\fangallery\oshiete.3
Deleted file - D:\GitHub\SonicChannelTrack\sonic.sega.jp\sonicchannel\fangallery\screenshot.3
Deleted file - D:\GitHub\SonicChannelTrack\sonic.sega.jp\sonicchannel\special\sidestory.3
Deleted file - D:\GitHub\SonicChannelTrack\sonic.sega.jp\sonicchannel\special\staffcolumn.3
Deleted file - D:\GitHub\SonicChannelTrack\sonic.sega.jp\sonicchannel\special\gamecontents\soniccolors.3
Deleted file - D:\GitHub\SonicChannelTrack\sonic.sega.jp\sonicchannel\special\gamecontents\sonicforces.3
Deleted file - D:\GitHub\SonicChannelTrack\sonic.sega.jp\sonicchannel\special\sidestory\comic.3
Deleted file - D:\GitHub\SonicChannelTrack\sonic.sega.jp\sonicchannel\special\sidestory\coverstory.3
Deleted file - D:\GitHub\SonicChannelTrack\sonic.sega.jp\sonicchannel\special\sidestory\ohgiri.3
Deleted file - D:\GitHub\SonicChannelTrack\sonic.sega.jp\sonicchannel\special\sidestory\sonicpict.3
Deleted file - D:\GitHub\SonicChannelTrack\sonic.sega.jp\sonicchannel\topics\collaboration.3
Deleted file - D:\GitHub\SonicChannelTrack\sonic.sega.jp\sonicchannel\topics\event.3
Deleted file - D:\GitHub\SonicChannelTrack\sonic.sega.jp\sonicchannel\topics\goods.3
Deleted file - D:\GitHub\SonicChannelTrack\sonic.sega.jp\sonicchannel\topics\information.3
Deleted file - D:\GitHub\SonicChannelTrack\sonic.sega.jp\sonicchannel\topics\sound.3
Deleted file - D:\GitHub\SonicChannelTrack\sonic.sega.jp\sonicchannel\about.4
Deleted file - D:\GitHub\SonicChannelTrack\sonic.sega.jp\sonicchannel\character.4
Deleted file - D:\GitHub\SonicChannelTrack\sonic.sega.jp\sonicchannel\fangallery.4
Deleted file - D:\GitHub\SonicChannelTrack\sonic.sega.jp\sonicchannel\fangallery\apply.4
Deleted file - D:\GitHub\SonicChannelTrack\sonic.sega.jp\sonicchannel\fangallery\fanart.4
Deleted file - D:\GitHub\SonicChannelTrack\sonic.sega.jp\sonicchannel\fangallery\oshiete.4
Deleted file - D:\GitHub\SonicChannelTrack\sonic.sega.jp\sonicchannel\fangallery\screenshot.4
Deleted file - D:\GitHub\SonicChannelTrack\sonic.sega.jp\sonicchannel\special\sidestory.4
Deleted file - D:\GitHub\SonicChannelTrack\sonic.sega.jp\sonicchannel\special\staffcolumn.4
Deleted file - D:\GitHub\SonicChannelTrack\sonic.sega.jp\sonicchannel\special\gamecontents\soniccolors.4
Deleted file - D:\GitHub\SonicChannelTrack\sonic.sega.jp\sonicchannel\special\gamecontents\sonicforces.4
Deleted file - D:\GitHub\SonicChannelTrack\sonic.sega.jp\sonicchannel\special\sidestory\comic.4
Deleted file - D:\GitHub\SonicChannelTrack\sonic.sega.jp\sonicchannel\special\sidestory\coverstory.4
Deleted file - D:\GitHub\SonicChannelTrack\sonic.sega.jp\sonicchannel\special\sidestory\sonicpict.4
Deleted file - D:\GitHub\SonicChannelTrack\sonic.sega.jp\sonicchannel\topics\collaboration.4
Deleted file - D:\GitHub\SonicChannelTrack\sonic.sega.jp\sonicchannel\topics\event.4
Deleted file - D:\GitHub\SonicChannelTrack\sonic.sega.jp\sonicchannel\topics\goods.4
Deleted file - D:\GitHub\SonicChannelTrack\sonic.sega.jp\sonicchannel\topics\information.4
Deleted file - D:\GitHub\SonicChannelTrack\sonic.sega.jp\sonicchannel\topics\sound.4
Deleted file - D:\GitHub\SonicChannelTrack\www.olympicvideogames.com\sonic\br.1
Deleted file - D:\GitHub\SonicChannelTrack\www.olympicvideogames.com\sonic\cn.1
Deleted file - D:\GitHub\SonicChannelTrack\www.olympicvideogames.com\sonic\de.1
Deleted file - D:\GitHub\SonicChannelTrack\www.olympicvideogames.com\sonic\en.1
Deleted file - D:\GitHub\SonicChannelTrack\www.olympicvideogames.com\sonic\es.1
Deleted file - D:\GitHub\SonicChannelTrack\www.olympicvideogames.com\sonic\fr.1
Deleted file - D:\GitHub\SonicChannelTrack\www.olympicvideogames.com\sonic\it.1
Deleted file - D:\GitHub\SonicChannelTrack\www.olympicvideogames.com\sonic\jp.1
Deleted file - D:\GitHub\SonicChannelTrack\www.olympicvideogames.com\sonic\kr.1
Deleted file - D:\GitHub\SonicChannelTrack\www.olympicvideogames.com\sonic\nl.1
Deleted file - D:\GitHub\SonicChannelTrack\www.olympicvideogames.com\sonic\ru.1
Deleted file - D:\GitHub\SonicChannelTrack\www.olympicvideogames.com\sonic\zh.1
Deleted file - D:\GitHub\SonicChannelTrack\sonic-movie.jp\news.1
Deleted file - D:\GitHub\SonicChannelTrack\sonic-movie.jp\news\wp-includes\js\jquery\jquery-migrate.min.js@ver=1.4.1
Deleted file - D:\GitHub\SonicChannelTrack\sonicteam.com\SonicWorldAdventure\director.1
Deleted file - D:\GitHub\SonicChannelTrack\sonicteam.com\SonicWorldAdventure\hamidashi.1
[main e882b41ede1] files from 2024-12-27, 14:56:15
 312 files changed, 52434 insertions(+), 3531 deletions(-)
 create mode 100644 log/KrazeeTobi-2024-12-27_083616.log
 create mode 100644 sonic-movie.jp/sonic-movie/index.html@doing_wp_cron=1735308908.7817471027374267578125&paged=16
 create mode 100644 sonic-movie.jp/sonic-movie/index.html@doing_wp_cron=1735308908.7817471027374267578125&paged=2
 create mode 100644 sonic-movie.jp/sonic-movie/index.html@doing_wp_cron=1735308908.7817471027374267578125&paged=3
 create mode 100644 sonic-movie.jp/sonic-movie/index.html@doing_wp_cron=1735308908.7817471027374267578125&paged=4
 create mode 100644 sonic-movie.jp/sonic-movie/index.html@doing_wp_cron=1735308908.7817471027374267578125&paged=5
 create mode 100644 sonic-movie.jp/sonic-movie/index.html@doing_wp_cron=1735308908.7817471027374267578125&paged=6
 create mode 100644 sonic-movie.jp/sonic-movie/page/10/index.html@doing_wp_cron=1735308908.7817471027374267578125&paged=1
 create mode 100644 sonic-movie.jp/sonic-movie/page/10/index.html@doing_wp_cron=1735308908.7817471027374267578125&paged=11
 create mode 100644 sonic-movie.jp/sonic-movie/page/10/index.html@doing_wp_cron=1735308908.7817471027374267578125&paged=12
 create mode 100644 sonic-movie.jp/sonic-movie/page/10/index.html@doing_wp_cron=1735308908.7817471027374267578125&paged=13
 create mode 100644 sonic-movie.jp/sonic-movie/page/10/index.html@doing_wp_cron=1735308908.7817471027374267578125&paged=14
 create mode 100644 sonic-movie.jp/sonic-movie/page/10/index.html@doing_wp_cron=1735308908.7817471027374267578125&paged=15
 create mode 100644 sonic-movie.jp/sonic-movie/page/10/index.html@doing_wp_cron=1735308908.7817471027374267578125&paged=16
 create mode 100644 sonic-movie.jp/sonic-movie/page/10/index.html@doing_wp_cron=1735308908.7817471027374267578125&paged=5
 create mode 100644 sonic-movie.jp/sonic-movie/page/10/index.html@doing_wp_cron=1735308908.7817471027374267578125&paged=6
 create mode 100644 sonic-movie.jp/sonic-movie/page/10/index.html@doing_wp_cron=1735308908.7817471027374267578125&paged=7
 create mode 100644 sonic-movie.jp/sonic-movie/page/10/index.html@doing_wp_cron=1735308908.7817471027374267578125&paged=8
 create mode 100644 sonic-movie.jp/sonic-movie/page/10/index.html@doing_wp_cron=1735308908.7817471027374267578125&paged=9
 create mode 100644 sonic-movie.jp/sonic-movie/page/11/index.html@doing_wp_cron=1735308908.7817471027374267578125&paged=1
 create mode 100644 sonic-movie.jp/sonic-movie/page/11/index.html@doing_wp_cron=1735308908.7817471027374267578125&paged=10
 create mode 100644 sonic-movie.jp/sonic-movie/page/11/index.html@doing_wp_cron=1735308908.7817471027374267578125&paged=12
 create mode 100644 sonic-movie.jp/sonic-movie/page/11/index.html@doing_wp_cron=1735308908.7817471027374267578125&paged=13
 create mode 100644 sonic-movie.jp/sonic-movie/page/11/index.html@doing_wp_cron=1735308908.7817471027374267578125&paged=14
 create mode 100644 sonic-movie.jp/sonic-movie/page/11/index.html@doing_wp_cron=1735308908.7817471027374267578125&paged=15
 create mode 100644 sonic-movie.jp/sonic-movie/page/11/index.html@doing_wp_cron=1735308908.7817471027374267578125&paged=16
 create mode 100644 sonic-movie.jp/sonic-movie/page/11/index.html@doing_wp_cron=1735308908.7817471027374267578125&paged=6
 create mode 100644 sonic-movie.jp/sonic-movie/page/11/index.html@doing_wp_cron=1735308908.7817471027374267578125&paged=7
 create mode 100644 sonic-movie.jp/sonic-movie/page/11/index.html@doing_wp_cron=1735308908.7817471027374267578125&paged=8
 create mode 100644 sonic-movie.jp/sonic-movie/page/11/index.html@doing_wp_cron=1735308908.7817471027374267578125&paged=9
 create mode 100644 sonic-movie.jp/sonic-movie/page/12/index.html@doing_wp_cron=1735308908.7817471027374267578125&paged=1
 create mode 100644 sonic-movie.jp/sonic-movie/page/12/index.html@doing_wp_cron=1735308908.7817471027374267578125&paged=10
 create mode 100644 sonic-movie.jp/sonic-movie/page/12/index.html@doing_wp_cron=1735308908.7817471027374267578125&paged=11
 create mode 100644 sonic-movie.jp/sonic-movie/page/12/index.html@doing_wp_cron=1735308908.7817471027374267578125&paged=13
 create mode 100644 sonic-movie.jp/sonic-movie/page/12/index.html@doing_wp_cron=1735308908.7817471027374267578125&paged=14
 create mode 100644 sonic-movie.jp/sonic-movie/page/12/index.html@doing_wp_cron=1735308908.7817471027374267578125&paged=15
 create mode 100644 sonic-movie.jp/sonic-movie/page/12/index.html@doing_wp_cron=1735308908.7817471027374267578125&paged=16
 create mode 100644 sonic-movie.jp/sonic-movie/page/12/index.html@doing_wp_cron=1735308908.7817471027374267578125&paged=7
 create mode 100644 sonic-movie.jp/sonic-movie/page/12/index.html@doing_wp_cron=1735308908.7817471027374267578125&paged=8
 create mode 100644 sonic-movie.jp/sonic-movie/page/12/index.html@doing_wp_cron=1735308908.7817471027374267578125&paged=9
 create mode 100644 sonic-movie.jp/sonic-movie/page/13/index.html@doing_wp_cron=1735308908.7817471027374267578125&paged=1
 create mode 100644 sonic-movie.jp/sonic-movie/page/13/index.html@doing_wp_cron=1735308908.7817471027374267578125&paged=10
 create mode 100644 sonic-movie.jp/sonic-movie/page/13/index.html@doing_wp_cron=1735308908.7817471027374267578125&paged=11
 create mode 100644 sonic-movie.jp/sonic-movie/page/13/index.html@doing_wp_cron=1735308908.7817471027374267578125&paged=12
 create mode 100644 sonic-movie.jp/sonic-movie/page/13/index.html@doing_wp_cron=1735308908.7817471027374267578125&paged=14
 create mode 100644 sonic-movie.jp/sonic-movie/page/13/index.html@doing_wp_cron=1735308908.7817471027374267578125&paged=15
 create mode 100644 sonic-movie.jp/sonic-movie/page/13/index.html@doing_wp_cron=1735308908.7817471027374267578125&paged=16
 create mode 100644 sonic-movie.jp/sonic-movie/page/13/index.html@doing_wp_cron=1735308908.7817471027374267578125&paged=8
 create mode 100644 sonic-movie.jp/sonic-movie/page/13/index.html@doing_wp_cron=1735308908.7817471027374267578125&paged=9
 create mode 100644 sonic-movie.jp/sonic-movie/page/14/index.html@doing_wp_cron=1735308908.7817471027374267578125&paged=1
 create mode 100644 sonic-movie.jp/sonic-movie/page/14/index.html@doing_wp_cron=1735308908.7817471027374267578125&paged=10
 create mode 100644 sonic-movie.jp/sonic-movie/page/14/index.html@doing_wp_cron=1735308908.7817471027374267578125&paged=11
 create mode 100644 sonic-movie.jp/sonic-movie/page/14/index.html@doing_wp_cron=1735308908.7817471027374267578125&paged=12
 create mode 100644 sonic-movie.jp/sonic-movie/page/14/index.html@doing_wp_cron=1735308908.7817471027374267578125&paged=13
 create mode 100644 sonic-movie.jp/sonic-movie/page/14/index.html@doing_wp_cron=1735308908.7817471027374267578125&paged=15
 create mode 100644 sonic-movie.jp/sonic-movie/page/14/index.html@doing_wp_cron=1735308908.7817471027374267578125&paged=16
 create mode 100644 sonic-movie.jp/sonic-movie/page/14/index.html@doing_wp_cron=1735308908.7817471027374267578125&paged=9
 create mode 100644 sonic-movie.jp/sonic-movie/page/15/index.html@doing_wp_cron=1735308908.7817471027374267578125&paged=1
 create mode 100644 sonic-movie.jp/sonic-movie/page/15/index.html@doing_wp_cron=1735308908.7817471027374267578125&paged=10
 create mode 100644 sonic-movie.jp/sonic-movie/page/15/index.html@doing_wp_cron=1735308908.7817471027374267578125&paged=11
 create mode 100644 sonic-movie.jp/sonic-movie/page/15/index.html@doing_wp_cron=1735308908.7817471027374267578125&paged=12
 create mode 100644 sonic-movie.jp/sonic-movie/page/15/index.html@doing_wp_cron=1735308908.7817471027374267578125&paged=13
 create mode 100644 sonic-movie.jp/sonic-movie/page/15/index.html@doing_wp_cron=1735308908.7817471027374267578125&paged=14
 create mode 100644 sonic-movie.jp/sonic-movie/page/15/index.html@doing_wp_cron=1735308908.7817471027374267578125&paged=16
 create mode 100644 sonic-movie.jp/sonic-movie/page/16/index.html@doing_wp_cron=1735308908.7817471027374267578125&paged=1
 create mode 100644 sonic-movie.jp/sonic-movie/page/16/index.html@doing_wp_cron=1735308908.7817471027374267578125&paged=11
 create mode 100644 sonic-movie.jp/sonic-movie/page/16/index.html@doing_wp_cron=1735308908.7817471027374267578125&paged=12
 create mode 100644 sonic-movie.jp/sonic-movie/page/16/index.html@doing_wp_cron=1735308908.7817471027374267578125&paged=13
 create mode 100644 sonic-movie.jp/sonic-movie/page/16/index.html@doing_wp_cron=1735308908.7817471027374267578125&paged=14
 create mode 100644 sonic-movie.jp/sonic-movie/page/16/index.html@doing_wp_cron=1735308908.7817471027374267578125&paged=15
 create mode 100644 sonic-movie.jp/sonic-movie/page/2/index.html@doing_wp_cron=1735308908.7817471027374267578125&paged=1
 create mode 100644 sonic-movie.jp/sonic-movie/page/2/index.html@doing_wp_cron=1735308908.7817471027374267578125&paged=16
 create mode 100644 sonic-movie.jp/sonic-movie/page/2/index.html@doing_wp_cron=1735308908.7817471027374267578125&paged=3
 create mode 100644 sonic-movie.jp/sonic-movie/page/2/index.html@doing_wp_cron=1735308908.7817471027374267578125&paged=4
 create mode 100644 sonic-movie.jp/sonic-movie/page/2/index.html@doing_wp_cron=1735308908.7817471027374267578125&paged=5
 create mode 100644 sonic-movie.jp/sonic-movie/page/2/index.html@doing_wp_cron=1735308908.7817471027374267578125&paged=6
 create mode 100644 sonic-movie.jp/sonic-movie/page/2/index.html@doing_wp_cron=1735308908.7817471027374267578125&paged=7
 create mode 100644 sonic-movie.jp/sonic-movie/page/3/index.html@doing_wp_cron=1735308908.7817471027374267578125&paged=1
 create mode 100644 sonic-movie.jp/sonic-movie/page/3/index.html@doing_wp_cron=1735308908.7817471027374267578125&paged=16
 create mode 100644 sonic-movie.jp/sonic-movie/page/3/index.html@doing_wp_cron=1735308908.7817471027374267578125&paged=2
 create mode 100644 sonic-movie.jp/sonic-movie/page/3/index.html@doing_wp_cron=1735308908.7817471027374267578125&paged=4
 create mode 100644 sonic-movie.jp/sonic-movie/page/3/index.html@doing_wp_cron=1735308908.7817471027374267578125&paged=5
 create mode 100644 sonic-movie.jp/sonic-movie/page/3/index.html@doing_wp_cron=1735308908.7817471027374267578125&paged=6
 create mode 100644 sonic-movie.jp/sonic-movie/page/3/index.html@doing_wp_cron=1735308908.7817471027374267578125&paged=7
 create mode 100644 sonic-movie.jp/sonic-movie/page/3/index.html@doing_wp_cron=1735308908.7817471027374267578125&paged=8
 create mode 100644 sonic-movie.jp/sonic-movie/page/4/index.html@doing_wp_cron=1735308908.7817471027374267578125&paged=1
 create mode 100644 sonic-movie.jp/sonic-movie/page/4/index.html@doing_wp_cron=1735308908.7817471027374267578125&paged=16
 create mode 100644 sonic-movie.jp/sonic-movie/page/4/index.html@doing_wp_cron=1735308908.7817471027374267578125&paged=2
 create mode 100644 sonic-movie.jp/sonic-movie/page/4/index.html@doing_wp_cron=1735308908.7817471027374267578125&paged=3
 create mode 100644 sonic-movie.jp/sonic-movie/page/4/index.html@doing_wp_cron=1735308908.7817471027374267578125&paged=5
 create mode 100644 sonic-movie.jp/sonic-movie/page/4/index.html@doing_wp_cron=1735308908.7817471027374267578125&paged=6
 create mode 100644 sonic-movie.jp/sonic-movie/page/4/index.html@doing_wp_cron=1735308908.7817471027374267578125&paged=7
 create mode 100644 sonic-movie.jp/sonic-movie/page/4/index.html@doing_wp_cron=1735308908.7817471027374267578125&paged=8
 create mode 100644 sonic-movie.jp/sonic-movie/page/4/index.html@doing_wp_cron=1735308908.7817471027374267578125&paged=9
 create mode 100644 sonic-movie.jp/sonic-movie/page/5/index.html@doing_wp_cron=1735308908.7817471027374267578125&paged=1
 create mode 100644 sonic-movie.jp/sonic-movie/page/5/index.html@doing_wp_cron=1735308908.7817471027374267578125&paged=10
 create mode 100644 sonic-movie.jp/sonic-movie/page/5/index.html@doing_wp_cron=1735308908.7817471027374267578125&paged=16
 create mode 100644 sonic-movie.jp/sonic-movie/page/5/index.html@doing_wp_cron=1735308908.7817471027374267578125&paged=2
 create mode 100644 sonic-movie.jp/sonic-movie/page/5/index.html@doing_wp_cron=1735308908.7817471027374267578125&paged=3
 create mode 100644 sonic-movie.jp/sonic-movie/page/5/index.html@doing_wp_cron=1735308908.7817471027374267578125&paged=4
 create mode 100644 sonic-movie.jp/sonic-movie/page/5/index.html@doing_wp_cron=1735308908.7817471027374267578125&paged=6
 create mode 100644 sonic-movie.jp/sonic-movie/page/5/index.html@doing_wp_cron=1735308908.7817471027374267578125&paged=7
 create mode 100644 sonic-movie.jp/sonic-movie/page/5/index.html@doing_wp_cron=1735308908.7817471027374267578125&paged=8
 create mode 100644 sonic-movie.jp/sonic-movie/page/5/index.html@doing_wp_cron=1735308908.7817471027374267578125&paged=9
 create mode 100644 sonic-movie.jp/sonic-movie/page/6/index.html@doing_wp_cron=1735308908.7817471027374267578125&paged=1
 create mode 100644 sonic-movie.jp/sonic-movie/page/6/index.html@doing_wp_cron=1735308908.7817471027374267578125&paged=10
 create mode 100644 sonic-movie.jp/sonic-movie/page/6/index.html@doing_wp_cron=1735308908.7817471027374267578125&paged=11
 create mode 100644 sonic-movie.jp/sonic-movie/page/6/index.html@doing_wp_cron=1735308908.7817471027374267578125&paged=16
 create mode 100644 sonic-movie.jp/sonic-movie/page/6/index.html@doing_wp_cron=1735308908.7817471027374267578125&paged=2
 create mode 100644 sonic-movie.jp/sonic-movie/page/6/index.html@doing_wp_cron=1735308908.7817471027374267578125&paged=3
 create mode 100644 sonic-movie.jp/sonic-movie/page/6/index.html@doing_wp_cron=1735308908.7817471027374267578125&paged=4
 create mode 100644 sonic-movie.jp/sonic-movie/page/6/index.html@doing_wp_cron=1735308908.7817471027374267578125&paged=5
 create mode 100644 sonic-movie.jp/sonic-movie/page/6/index.html@doing_wp_cron=1735308908.7817471027374267578125&paged=7
 create mode 100644 sonic-movie.jp/sonic-movie/page/6/index.html@doing_wp_cron=1735308908.7817471027374267578125&paged=8
 create mode 100644 sonic-movie.jp/sonic-movie/page/6/index.html@doing_wp_cron=1735308908.7817471027374267578125&paged=9
 create mode 100644 sonic-movie.jp/sonic-movie/page/7/index.html@doing_wp_cron=1735308908.7817471027374267578125&paged=1
 create mode 100644 sonic-movie.jp/sonic-movie/page/7/index.html@doing_wp_cron=1735308908.7817471027374267578125&paged=10
 create mode 100644 sonic-movie.jp/sonic-movie/page/7/index.html@doing_wp_cron=1735308908.7817471027374267578125&paged=11
 create mode 100644 sonic-movie.jp/sonic-movie/page/7/index.html@doing_wp_cron=1735308908.7817471027374267578125&paged=12
 create mode 100644 sonic-movie.jp/sonic-movie/page/7/index.html@doing_wp_cron=1735308908.7817471027374267578125&paged=16
 create mode 100644 sonic-movie.jp/sonic-movie/page/7/index.html@doing_wp_cron=1735308908.7817471027374267578125&paged=2
 create mode 100644 sonic-movie.jp/sonic-movie/page/7/index.html@doing_wp_cron=1735308908.7817471027374267578125&paged=3
 create mode 100644 sonic-movie.jp/sonic-movie/page/7/index.html@doing_wp_cron=1735308908.7817471027374267578125&paged=4
 create mode 100644 sonic-movie.jp/sonic-movie/page/7/index.html@doing_wp_cron=1735308908.7817471027374267578125&paged=5
 create mode 100644 sonic-movie.jp/sonic-movie/page/7/index.html@doing_wp_cron=1735308908.7817471027374267578125&paged=6
 create mode 100644 sonic-movie.jp/sonic-movie/page/7/index.html@doing_wp_cron=1735308908.7817471027374267578125&paged=8
 create mode 100644 sonic-movie.jp/sonic-movie/page/7/index.html@doing_wp_cron=1735308908.7817471027374267578125&paged=9
 create mode 100644 sonic-movie.jp/sonic-movie/page/8/index.html@doing_wp_cron=1735308908.7817471027374267578125&paged=1
 create mode 100644 sonic-movie.jp/sonic-movie/page/8/index.html@doing_wp_cron=1735308908.7817471027374267578125&paged=10
 create mode 100644 sonic-movie.jp/sonic-movie/page/8/index.html@doing_wp_cron=1735308908.7817471027374267578125&paged=11
 create mode 100644 sonic-movie.jp/sonic-movie/page/8/index.html@doing_wp_cron=1735308908.7817471027374267578125&paged=12
 create mode 100644 sonic-movie.jp/sonic-movie/page/8/index.html@doing_wp_cron=1735308908.7817471027374267578125&paged=13
 create mode 100644 sonic-movie.jp/sonic-movie/page/8/index.html@doing_wp_cron=1735308908.7817471027374267578125&paged=16
 create mode 100644 sonic-movie.jp/sonic-movie/page/8/index.html@doing_wp_cron=1735308908.7817471027374267578125&paged=3
 create mode 100644 sonic-movie.jp/sonic-movie/page/8/index.html@doing_wp_cron=1735308908.7817471027374267578125&paged=4
 create mode 100644 sonic-movie.jp/sonic-movie/page/8/index.html@doing_wp_cron=1735308908.7817471027374267578125&paged=5
 create mode 100644 sonic-movie.jp/sonic-movie/page/8/index.html@doing_wp_cron=1735308908.7817471027374267578125&paged=6
 create mode 100644 sonic-movie.jp/sonic-movie/page/8/index.html@doing_wp_cron=1735308908.7817471027374267578125&paged=7
 create mode 100644 sonic-movie.jp/sonic-movie/page/8/index.html@doing_wp_cron=1735308908.7817471027374267578125&paged=9
 create mode 100644 sonic-movie.jp/sonic-movie/page/9/index.html@doing_wp_cron=1735308908.7817471027374267578125&paged=1
 create mode 100644 sonic-movie.jp/sonic-movie/page/9/index.html@doing_wp_cron=1735308908.7817471027374267578125&paged=10
 create mode 100644 sonic-movie.jp/sonic-movie/page/9/index.html@doing_wp_cron=1735308908.7817471027374267578125&paged=11
 create mode 100644 sonic-movie.jp/sonic-movie/page/9/index.html@doing_wp_cron=1735308908.7817471027374267578125&paged=12
 create mode 100644 sonic-movie.jp/sonic-movie/page/9/index.html@doing_wp_cron=1735308908.7817471027374267578125&paged=13
 create mode 100644 sonic-movie.jp/sonic-movie/page/9/index.html@doing_wp_cron=1735308908.7817471027374267578125&paged=14
 create mode 100644 sonic-movie.jp/sonic-movie/page/9/index.html@doing_wp_cron=1735308908.7817471027374267578125&paged=16
 create mode 100644 sonic-movie.jp/sonic-movie/page/9/index.html@doing_wp_cron=1735308908.7817471027374267578125&paged=4
 create mode 100644 sonic-movie.jp/sonic-movie/page/9/index.html@doing_wp_cron=1735308908.7817471027374267578125&paged=5
 create mode 100644 sonic-movie.jp/sonic-movie/page/9/index.html@doing_wp_cron=1735308908.7817471027374267578125&paged=6
 create mode 100644 sonic-movie.jp/sonic-movie/page/9/index.html@doing_wp_cron=1735308908.7817471027374267578125&paged=7
 create mode 100644 sonic-movie.jp/sonic-movie/page/9/index.html@doing_wp_cron=1735308908.7817471027374267578125&paged=8
 create mode 100644 sonic.sega.jp/SonicChannel/assets_c/2024/12/fanart_2501_eye-thumb-640xauto-5954.jpg
 create mode 100644 sonic.sega.jp/SonicChannel/assets_c/2024/12/goods_241227_01_eye-thumb-640xauto-5953.jpg
 create mode 100644 sonic.sega.jp/SonicChannel/assets_c/2024/12/goods_241227_02_eye-thumb-640xauto-5952.jpg
 create mode 100644 sonic.sega.jp/SonicChannel/assets_c/2024/12/screenshot_2501_eye-thumb-640xauto-5955.jpg
 create mode 100644 sonic.sega.jp/SonicChannel/fangallery/fanart/20241227_008757/index.html
 create mode 100644 sonic.sega.jp/SonicChannel/fangallery/fanart/image/2501_0001.jpg
 create mode 100644 sonic.sega.jp/SonicChannel/fangallery/fanart/image/2501_0002.jpg
 create mode 100644 sonic.sega.jp/SonicChannel/fangallery/fanart/image/2501_0003.jpg
 create mode 100644 sonic.sega.jp/SonicChannel/fangallery/fanart/image/2501_0004.jpg
 create mode 100644 sonic.sega.jp/SonicChannel/fangallery/fanart/image/2501_0005.jpg
 create mode 100644 sonic.sega.jp/SonicChannel/fangallery/fanart/image/2501_0006.jpg
 create mode 100644 sonic.sega.jp/SonicChannel/fangallery/fanart/image/2501_0007.jpg
 create mode 100644 sonic.sega.jp/SonicChannel/fangallery/fanart/image/2501_0008.jpg
 create mode 100644 sonic.sega.jp/SonicChannel/fangallery/fanart/image/2501_0009.jpg
 create mode 100644 sonic.sega.jp/SonicChannel/fangallery/fanart/image/2501_0010.jpg
 create mode 100644 sonic.sega.jp/SonicChannel/fangallery/fanart/image/2501_0011.jpg
 create mode 100644 sonic.sega.jp/SonicChannel/fangallery/fanart/image/2501_0012.jpg
 create mode 100644 sonic.sega.jp/SonicChannel/fangallery/fanart/image/2501_0013.jpg
 create mode 100644 sonic.sega.jp/SonicChannel/fangallery/fanart/image/2501_0014.jpg
 create mode 100644 sonic.sega.jp/SonicChannel/fangallery/fanart/image/2501_0015.jpg
 create mode 100644 sonic.sega.jp/SonicChannel/fangallery/fanart/image/2501_0016.jpg
 create mode 100644 sonic.sega.jp/SonicChannel/fangallery/fanart/image/2501_0017.jpg
 create mode 100644 sonic.sega.jp/SonicChannel/fangallery/fanart/image/2501_0018.jpg
 create mode 100644 sonic.sega.jp/SonicChannel/fangallery/fanart/image/2501_0019.jpg
 create mode 100644 sonic.sega.jp/SonicChannel/fangallery/fanart/image/2501_0020.jpg
 create mode 100644 sonic.sega.jp/SonicChannel/fangallery/fanart/image/2501_0021.jpg
 create mode 100644 sonic.sega.jp/SonicChannel/fangallery/fanart/image/2501_0022.jpg
 create mode 100644 sonic.sega.jp/SonicChannel/fangallery/fanart/image/2501_0023.jpg
 create mode 100644 sonic.sega.jp/SonicChannel/fangallery/fanart/image/2501_0024.jpg
 create mode 100644 sonic.sega.jp/SonicChannel/fangallery/fanart/image/2501_0025.jpg
 create mode 100644 sonic.sega.jp/SonicChannel/fangallery/fanart/image/2501_0026.jpg
 create mode 100644 sonic.sega.jp/SonicChannel/fangallery/fanart/image/2501_0027.jpg
 create mode 100644 sonic.sega.jp/SonicChannel/fangallery/fanart/image/2501_0028.jpg
 create mode 100644 sonic.sega.jp/SonicChannel/fangallery/fanart/image/2501_0029.jpg
 create mode 100644 sonic.sega.jp/SonicChannel/fangallery/fanart/image/2501_0030.jpg
 create mode 100644 sonic.sega.jp/SonicChannel/fangallery/fanart/image/s2501_0001.jpg
 create mode 100644 sonic.sega.jp/SonicChannel/fangallery/fanart/image/s2501_0002.jpg
 create mode 100644 sonic.sega.jp/SonicChannel/fangallery/fanart/image/s2501_0003.jpg
 create mode 100644 sonic.sega.jp/SonicChannel/fangallery/fanart/image/s2501_0004.jpg
 create mode 100644 sonic.sega.jp/SonicChannel/fangallery/fanart/image/s2501_0005.jpg
 create mode 100644 sonic.sega.jp/SonicChannel/fangallery/fanart/image/s2501_0006.jpg
 create mode 100644 sonic.sega.jp/SonicChannel/fangallery/fanart/image/s2501_0007.jpg
 create mode 100644 sonic.sega.jp/SonicChannel/fangallery/fanart/image/s2501_0008.jpg
 create mode 100644 sonic.sega.jp/SonicChannel/fangallery/fanart/image/s2501_0009.jpg
 create mode 100644 sonic.sega.jp/SonicChannel/fangallery/fanart/image/s2501_0010.jpg
 create mode 100644 sonic.sega.jp/SonicChannel/fangallery/fanart/image/s2501_0011.jpg
 create mode 100644 sonic.sega.jp/SonicChannel/fangallery/fanart/image/s2501_0012.jpg
 create mode 100644 sonic.sega.jp/SonicChannel/fangallery/fanart/image/s2501_0013.jpg
 create mode 100644 sonic.sega.jp/SonicChannel/fangallery/fanart/image/s2501_0014.jpg
 create mode 100644 sonic.sega.jp/SonicChannel/fangallery/fanart/image/s2501_0015.jpg
 create mode 100644 sonic.sega.jp/SonicChannel/fangallery/fanart/image/s2501_0016.jpg
 create mode 100644 sonic.sega.jp/SonicChannel/fangallery/fanart/image/s2501_0017.jpg
 create mode 100644 sonic.sega.jp/SonicChannel/fangallery/fanart/image/s2501_0018.jpg
 create mode 100644 sonic.sega.jp/SonicChannel/fangallery/fanart/image/s2501_0019.jpg
 create mode 100644 sonic.sega.jp/SonicChannel/fangallery/fanart/image/s2501_0020.jpg
 create mode 100644 sonic.sega.jp/SonicChannel/fangallery/fanart/image/s2501_0021.jpg
 create mode 100644 sonic.sega.jp/SonicChannel/fangallery/fanart/image/s2501_0022.jpg
 create mode 100644 sonic.sega.jp/SonicChannel/fangallery/fanart/image/s2501_0023.jpg
 create mode 100644 sonic.sega.jp/SonicChannel/fangallery/fanart/image/s2501_0024.jpg
 create mode 100644 sonic.sega.jp/SonicChannel/fangallery/fanart/image/s2501_0025.jpg
 create mode 100644 sonic.sega.jp/SonicChannel/fangallery/fanart/image/s2501_0026.jpg
 create mode 100644 sonic.sega.jp/SonicChannel/fangallery/fanart/image/s2501_0027.jpg
 create mode 100644 sonic.sega.jp/SonicChannel/fangallery/fanart/image/s2501_0028.jpg
 create mode 100644 sonic.sega.jp/SonicChannel/fangallery/fanart/image/s2501_0029.jpg
 create mode 100644 sonic.sega.jp/SonicChannel/fangallery/fanart/image/s2501_0030.jpg
 create mode 100644 sonic.sega.jp/SonicChannel/fangallery/image/fanart_2501_eye.jpg
 create mode 100644 sonic.sega.jp/SonicChannel/fangallery/image/screenshot_2501_eye.jpg
 create mode 100644 sonic.sega.jp/SonicChannel/fangallery/screenshot/20241227_008756/index.html
 create mode 100644 sonic.sega.jp/SonicChannel/fangallery/screenshot/image/2501_0001.jpg
 create mode 100644 sonic.sega.jp/SonicChannel/fangallery/screenshot/image/2501_0002.jpg
 create mode 100644 sonic.sega.jp/SonicChannel/fangallery/screenshot/image/2501_0003.jpg
 create mode 100644 sonic.sega.jp/SonicChannel/fangallery/screenshot/image/2501_0004.jpg
 create mode 100644 sonic.sega.jp/SonicChannel/fangallery/screenshot/image/2501_0005.jpg
 create mode 100644 sonic.sega.jp/SonicChannel/fangallery/screenshot/image/2501_0006.jpg
 create mode 100644 sonic.sega.jp/SonicChannel/fangallery/screenshot/image/2501_0007.jpg
 create mode 100644 sonic.sega.jp/SonicChannel/fangallery/screenshot/image/2501_0008.jpg
 create mode 100644 sonic.sega.jp/SonicChannel/fangallery/screenshot/image/s2501_0001.jpg
 create mode 100644 sonic.sega.jp/SonicChannel/fangallery/screenshot/image/s2501_0002.jpg
 create mode 100644 sonic.sega.jp/SonicChannel/fangallery/screenshot/image/s2501_0003.jpg
 create mode 100644 sonic.sega.jp/SonicChannel/fangallery/screenshot/image/s2501_0004.jpg
 create mode 100644 sonic.sega.jp/SonicChannel/fangallery/screenshot/image/s2501_0005.jpg
 create mode 100644 sonic.sega.jp/SonicChannel/fangallery/screenshot/image/s2501_0006.jpg
 create mode 100644 sonic.sega.jp/SonicChannel/fangallery/screenshot/image/s2501_0007.jpg
 create mode 100644 sonic.sega.jp/SonicChannel/fangallery/screenshot/image/s2501_0008.jpg
 create mode 100644 sonic.sega.jp/SonicChannel/topics/goods/20241227_008754/index.html
 create mode 100644 sonic.sega.jp/SonicChannel/topics/goods/20241227_008755/index.html
 create mode 100644 sonic.sega.jp/SonicChannel/topics/image/goods_241227_01_01.jpg
 create mode 100644 sonic.sega.jp/SonicChannel/topics/image/goods_241227_01_02.jpg
 create mode 100644 sonic.sega.jp/SonicChannel/topics/image/goods_241227_01_03.jpg
 create mode 100644 sonic.sega.jp/SonicChannel/topics/image/goods_241227_01_04.jpg
 create mode 100644 sonic.sega.jp/SonicChannel/topics/image/goods_241227_01_05.jpg
 create mode 100644 sonic.sega.jp/SonicChannel/topics/image/goods_241227_01_06.jpg
 create mode 100644 sonic.sega.jp/SonicChannel/topics/image/goods_241227_01_07.jpg
 create mode 100644 sonic.sega.jp/SonicChannel/topics/image/goods_241227_01_08.jpg
 create mode 100644 sonic.sega.jp/SonicChannel/topics/image/goods_241227_01_09.jpg
 create mode 100644 sonic.sega.jp/SonicChannel/topics/image/goods_241227_01_10.jpg
 create mode 100644 sonic.sega.jp/SonicChannel/topics/image/goods_241227_01_11.jpg
 create mode 100644 sonic.sega.jp/SonicChannel/topics/image/goods_241227_01_eye.jpg
 create mode 100644 sonic.sega.jp/SonicChannel/topics/image/goods_241227_02_01.jpg
 create mode 100644 sonic.sega.jp/SonicChannel/topics/image/goods_241227_02_02.jpg
 create mode 100644 sonic.sega.jp/SonicChannel/topics/image/goods_241227_02_03.jpg
 create mode 100644 sonic.sega.jp/SonicChannel/topics/image/goods_241227_02_04.jpg
 create mode 100644 sonic.sega.jp/SonicChannel/topics/image/goods_241227_02_05.jpg
 create mode 100644 sonic.sega.jp/SonicChannel/topics/image/goods_241227_02_06.jpg
 create mode 100644 sonic.sega.jp/SonicChannel/topics/image/goods_241227_02_07.jpg
 create mode 100644 sonic.sega.jp/SonicChannel/topics/image/goods_241227_02_08.jpg
 create mode 100644 sonic.sega.jp/SonicChannel/topics/image/goods_241227_02_09.jpg
 create mode 100644 sonic.sega.jp/SonicChannel/topics/image/goods_241227_02_10.jpg
 create mode 100644 sonic.sega.jp/SonicChannel/topics/image/goods_241227_02_eye.jpg
