Already up to date.
[main d936a3a8f] files from 2022-05-04,  5:01:09
 39 files changed, 2583 insertions(+), 4772 deletions(-)
 create mode 100644 archives/cesa-tgs-old/all.bat
 delete mode 100644 archives/cesa-tgs/1996.bat
 delete mode 100644 archives/cesa-tgs/1997.bat
 delete mode 100644 archives/cesa-tgs/1998.bat
 delete mode 100644 archives/cesa-tgs/1999.bat
 create mode 100644 archives/cesa-tgs/2007/April/6/tgs/index.html
 create mode 100644 archives/cesa-tgs/2007/December/2/tgs/index.html
 create mode 100644 archives/cesa-tgs/2007/February/3/tgs/index.html
 create mode 100644 archives/cesa-tgs/2007/June/7/tgs/index.html
 create mode 100644 archives/cesa-tgs/2007/October/15/tgs/index.html
 create mode 100644 archives/cesa-tgs/2008/April/5/tgs/index.html
 create mode 100644 archives/cesa-tgs/2008/February/4/tgs/index.html
 create mode 100644 archives/cesa-tgs/2009/December/24/tgs/20091022_news.html
 create mode 100644 archives/cesa-tgs/2009/October/24/tgs/20091022_news.html
 create mode 100644 archives/cesa-tgs/2009/October/7/tgs/index.html
 create mode 100644 archives/cesa-tgs/2010/December/22/tgs/20091022_news.html
 create mode 100644 archives/cesa-tgs/2011/June/30/tgs/20091022_news.html
 create mode 100644 archives/cesa-tgs/2011/June/4/tgs/20091022_news.html
 create mode 100644 archives/cesa-tgs/2012/May/13/tgs/index.html
 delete mode 100644 archives/cesa-tgs/2013.bat
 delete mode 100644 archives/cesa-tgs/2014.bat
 delete mode 100644 archives/cesa-tgs/2015.bat
 delete mode 100644 archives/cesa-tgs/2016.bat
 delete mode 100644 archives/cesa-tgs/2017.bat
 delete mode 100644 archives/cesa-tgs/2018.bat
 delete mode 100644 archives/cesa-tgs/2019.bat
 delete mode 100644 archives/cesa-tgs/2020.bat
 delete mode 100644 archives/cesa-tgs/2021.bat
 create mode 100644 archives/nikkei-tgs/all.bat
 create mode 100644 archives/tgs-cesa/all.bat
 create mode 100644 archives/tgssega/2017.bat
 create mode 100644 archives/tgssega/2018.bat
 create mode 100644 archives/tgssega/2019.bat
 create mode 100644 archives/tgssega/2020.bat
 create mode 100644 archives/tgssega/2021.bat
 create mode 100644 archives/tgssega/all.bat
 create mode 100644 log/KrazeeTobi-2022-05-04_015235.log
