Already up to date.
[main e82e2a7910] files from 2022-11-09, 11:53:47
 81 files changed, 1950 insertions(+), 1593 deletions(-)
 create mode 100644 log/KrazeeTobi-2022-11-09_083703.log
 create mode 100644 sonic.sega.jp/SonicChannel/assets_c/2022/11/collabo_221109_01_eye-thumb-640xauto-4899.jpg
 create mode 100644 sonic.sega.jp/SonicChannel/assets_c/2022/11/event_221108_01_eye-thumb-640xauto-4902.jpg
 create mode 100644 sonic.sega.jp/SonicChannel/topics/collaboration/20221109_003063/index.html
 create mode 100644 sonic.sega.jp/SonicChannel/topics/image/collabo_221109_01_01.jpg
 create mode 100644 sonic.sega.jp/SonicChannel/topics/image/collabo_221109_01_02.jpg
 create mode 100644 sonic.sega.jp/SonicChannel/topics/image/collabo_221109_01_03.jpg
 create mode 100644 sonic.sega.jp/SonicChannel/topics/image/collabo_221109_01_eye.jpg
 create mode 100644 sonic.sega.jp/SonicChannel/topics/image/event_221108_01_01.jpg
 create mode 100644 sonic.sega.jp/SonicChannel/topics/image/event_221108_01_02.jpg
 create mode 100644 sonic.sega.jp/SonicChannel/topics/image/event_221108_01_03.jpg
 create mode 100644 sonic.sega.jp/SonicChannel/topics/image/event_221108_01_04.jpg
 create mode 100644 sonic.sega.jp/SonicChannel/topics/image/event_221108_01_05.jpg
 create mode 100644 sonic.sega.jp/SonicChannel/topics/image/event_221108_01_06.jpg
 create mode 100644 sonic.sega.jp/SonicChannel/topics/image/event_221108_01_07.jpg
 create mode 100644 sonic.sega.jp/SonicChannel/topics/image/event_221108_01_08.jpg
 create mode 100644 sonic.sega.jp/SonicChannel/topics/image/event_221108_01_09.jpg
 create mode 100644 sonic.sega.jp/SonicChannel/topics/image/event_221108_01_10.jpg
 create mode 100644 sonic.sega.jp/SonicChannel/topics/image/event_221108_01_eye.jpg
