Already up to date.
[main 4551c905a1] files from 2022-11-01, 13:46:27
 273 files changed, 45063 insertions(+), 1688 deletions(-)
 create mode 100644 log/KrazeeTobi-2022-11-01_095155.log
 create mode 100644 sonic-movie.jp/sonic-movie/index.html@doing_wp_cron=1667309324.7623949050903320312500&paged=13
 create mode 100644 sonic-movie.jp/sonic-movie/index.html@doing_wp_cron=1667309324.7623949050903320312500&paged=2
 create mode 100644 sonic-movie.jp/sonic-movie/index.html@doing_wp_cron=1667309324.7623949050903320312500&paged=3
 create mode 100644 sonic-movie.jp/sonic-movie/index.html@doing_wp_cron=1667309324.7623949050903320312500&paged=4
 create mode 100644 sonic-movie.jp/sonic-movie/index.html@doing_wp_cron=1667309324.7623949050903320312500&paged=5
 create mode 100644 sonic-movie.jp/sonic-movie/index.html@doing_wp_cron=1667309324.7623949050903320312500&paged=6
 create mode 100644 sonic-movie.jp/sonic-movie/page/10/index.html@doing_wp_cron=1667309324.7623949050903320312500&paged=1
 create mode 100644 sonic-movie.jp/sonic-movie/page/10/index.html@doing_wp_cron=1667309324.7623949050903320312500&paged=11
 create mode 100644 sonic-movie.jp/sonic-movie/page/10/index.html@doing_wp_cron=1667309324.7623949050903320312500&paged=12
 create mode 100644 sonic-movie.jp/sonic-movie/page/10/index.html@doing_wp_cron=1667309324.7623949050903320312500&paged=13
 create mode 100644 sonic-movie.jp/sonic-movie/page/10/index.html@doing_wp_cron=1667309324.7623949050903320312500&paged=5
 create mode 100644 sonic-movie.jp/sonic-movie/page/10/index.html@doing_wp_cron=1667309324.7623949050903320312500&paged=6
 create mode 100644 sonic-movie.jp/sonic-movie/page/10/index.html@doing_wp_cron=1667309324.7623949050903320312500&paged=7
 create mode 100644 sonic-movie.jp/sonic-movie/page/10/index.html@doing_wp_cron=1667309324.7623949050903320312500&paged=8
 create mode 100644 sonic-movie.jp/sonic-movie/page/10/index.html@doing_wp_cron=1667309324.7623949050903320312500&paged=9
 create mode 100644 sonic-movie.jp/sonic-movie/page/11/index.html@doing_wp_cron=1667309324.7623949050903320312500&paged=1
 create mode 100644 sonic-movie.jp/sonic-movie/page/11/index.html@doing_wp_cron=1667309324.7623949050903320312500&paged=10
 create mode 100644 sonic-movie.jp/sonic-movie/page/11/index.html@doing_wp_cron=1667309324.7623949050903320312500&paged=12
 create mode 100644 sonic-movie.jp/sonic-movie/page/11/index.html@doing_wp_cron=1667309324.7623949050903320312500&paged=13
 create mode 100644 sonic-movie.jp/sonic-movie/page/11/index.html@doing_wp_cron=1667309324.7623949050903320312500&paged=6
 create mode 100644 sonic-movie.jp/sonic-movie/page/11/index.html@doing_wp_cron=1667309324.7623949050903320312500&paged=7
 create mode 100644 sonic-movie.jp/sonic-movie/page/11/index.html@doing_wp_cron=1667309324.7623949050903320312500&paged=8
 create mode 100644 sonic-movie.jp/sonic-movie/page/11/index.html@doing_wp_cron=1667309324.7623949050903320312500&paged=9
 create mode 100644 sonic-movie.jp/sonic-movie/page/12/index.html@doing_wp_cron=1667309324.7623949050903320312500&paged=1
 create mode 100644 sonic-movie.jp/sonic-movie/page/12/index.html@doing_wp_cron=1667309324.7623949050903320312500&paged=10
 create mode 100644 sonic-movie.jp/sonic-movie/page/12/index.html@doing_wp_cron=1667309324.7623949050903320312500&paged=11
 create mode 100644 sonic-movie.jp/sonic-movie/page/12/index.html@doing_wp_cron=1667309324.7623949050903320312500&paged=13
 create mode 100644 sonic-movie.jp/sonic-movie/page/12/index.html@doing_wp_cron=1667309324.7623949050903320312500&paged=7
 create mode 100644 sonic-movie.jp/sonic-movie/page/12/index.html@doing_wp_cron=1667309324.7623949050903320312500&paged=8
 create mode 100644 sonic-movie.jp/sonic-movie/page/12/index.html@doing_wp_cron=1667309324.7623949050903320312500&paged=9
 create mode 100644 sonic-movie.jp/sonic-movie/page/13/index.html@doing_wp_cron=1667309324.7623949050903320312500&paged=1
 create mode 100644 sonic-movie.jp/sonic-movie/page/13/index.html@doing_wp_cron=1667309324.7623949050903320312500&paged=10
 create mode 100644 sonic-movie.jp/sonic-movie/page/13/index.html@doing_wp_cron=1667309324.7623949050903320312500&paged=11
 create mode 100644 sonic-movie.jp/sonic-movie/page/13/index.html@doing_wp_cron=1667309324.7623949050903320312500&paged=12
 create mode 100644 sonic-movie.jp/sonic-movie/page/13/index.html@doing_wp_cron=1667309324.7623949050903320312500&paged=8
 create mode 100644 sonic-movie.jp/sonic-movie/page/13/index.html@doing_wp_cron=1667309324.7623949050903320312500&paged=9
 create mode 100644 sonic-movie.jp/sonic-movie/page/2/index.html@doing_wp_cron=1667309324.7623949050903320312500&paged=1
 create mode 100644 sonic-movie.jp/sonic-movie/page/2/index.html@doing_wp_cron=1667309324.7623949050903320312500&paged=13
 create mode 100644 sonic-movie.jp/sonic-movie/page/2/index.html@doing_wp_cron=1667309324.7623949050903320312500&paged=3
 create mode 100644 sonic-movie.jp/sonic-movie/page/2/index.html@doing_wp_cron=1667309324.7623949050903320312500&paged=4
 create mode 100644 sonic-movie.jp/sonic-movie/page/2/index.html@doing_wp_cron=1667309324.7623949050903320312500&paged=5
 create mode 100644 sonic-movie.jp/sonic-movie/page/2/index.html@doing_wp_cron=1667309324.7623949050903320312500&paged=6
 create mode 100644 sonic-movie.jp/sonic-movie/page/2/index.html@doing_wp_cron=1667309324.7623949050903320312500&paged=7
 create mode 100644 sonic-movie.jp/sonic-movie/page/3/index.html@doing_wp_cron=1667309324.7623949050903320312500&paged=1
 create mode 100644 sonic-movie.jp/sonic-movie/page/3/index.html@doing_wp_cron=1667309324.7623949050903320312500&paged=13
 create mode 100644 sonic-movie.jp/sonic-movie/page/3/index.html@doing_wp_cron=1667309324.7623949050903320312500&paged=2
 create mode 100644 sonic-movie.jp/sonic-movie/page/3/index.html@doing_wp_cron=1667309324.7623949050903320312500&paged=4
 create mode 100644 sonic-movie.jp/sonic-movie/page/3/index.html@doing_wp_cron=1667309324.7623949050903320312500&paged=5
 create mode 100644 sonic-movie.jp/sonic-movie/page/3/index.html@doing_wp_cron=1667309324.7623949050903320312500&paged=6
 create mode 100644 sonic-movie.jp/sonic-movie/page/3/index.html@doing_wp_cron=1667309324.7623949050903320312500&paged=7
 create mode 100644 sonic-movie.jp/sonic-movie/page/3/index.html@doing_wp_cron=1667309324.7623949050903320312500&paged=8
 create mode 100644 sonic-movie.jp/sonic-movie/page/4/index.html@doing_wp_cron=1667309324.7623949050903320312500&paged=1
 create mode 100644 sonic-movie.jp/sonic-movie/page/4/index.html@doing_wp_cron=1667309324.7623949050903320312500&paged=13
 create mode 100644 sonic-movie.jp/sonic-movie/page/4/index.html@doing_wp_cron=1667309324.7623949050903320312500&paged=2
 create mode 100644 sonic-movie.jp/sonic-movie/page/4/index.html@doing_wp_cron=1667309324.7623949050903320312500&paged=3
 create mode 100644 sonic-movie.jp/sonic-movie/page/4/index.html@doing_wp_cron=1667309324.7623949050903320312500&paged=5
 create mode 100644 sonic-movie.jp/sonic-movie/page/4/index.html@doing_wp_cron=1667309324.7623949050903320312500&paged=6
 create mode 100644 sonic-movie.jp/sonic-movie/page/4/index.html@doing_wp_cron=1667309324.7623949050903320312500&paged=7
 create mode 100644 sonic-movie.jp/sonic-movie/page/4/index.html@doing_wp_cron=1667309324.7623949050903320312500&paged=8
 create mode 100644 sonic-movie.jp/sonic-movie/page/4/index.html@doing_wp_cron=1667309324.7623949050903320312500&paged=9
 create mode 100644 sonic-movie.jp/sonic-movie/page/5/index.html@doing_wp_cron=1667309324.7623949050903320312500&paged=1
 create mode 100644 sonic-movie.jp/sonic-movie/page/5/index.html@doing_wp_cron=1667309324.7623949050903320312500&paged=10
 create mode 100644 sonic-movie.jp/sonic-movie/page/5/index.html@doing_wp_cron=1667309324.7623949050903320312500&paged=13
 create mode 100644 sonic-movie.jp/sonic-movie/page/5/index.html@doing_wp_cron=1667309324.7623949050903320312500&paged=2
 create mode 100644 sonic-movie.jp/sonic-movie/page/5/index.html@doing_wp_cron=1667309324.7623949050903320312500&paged=3
 create mode 100644 sonic-movie.jp/sonic-movie/page/5/index.html@doing_wp_cron=1667309324.7623949050903320312500&paged=4
 create mode 100644 sonic-movie.jp/sonic-movie/page/5/index.html@doing_wp_cron=1667309324.7623949050903320312500&paged=6
 create mode 100644 sonic-movie.jp/sonic-movie/page/5/index.html@doing_wp_cron=1667309324.7623949050903320312500&paged=7
 create mode 100644 sonic-movie.jp/sonic-movie/page/5/index.html@doing_wp_cron=1667309324.7623949050903320312500&paged=8
 create mode 100644 sonic-movie.jp/sonic-movie/page/5/index.html@doing_wp_cron=1667309324.7623949050903320312500&paged=9
 create mode 100644 sonic-movie.jp/sonic-movie/page/6/index.html@doing_wp_cron=1667309324.7623949050903320312500&paged=1
 create mode 100644 sonic-movie.jp/sonic-movie/page/6/index.html@doing_wp_cron=1667309324.7623949050903320312500&paged=10
 create mode 100644 sonic-movie.jp/sonic-movie/page/6/index.html@doing_wp_cron=1667309324.7623949050903320312500&paged=11
 create mode 100644 sonic-movie.jp/sonic-movie/page/6/index.html@doing_wp_cron=1667309324.7623949050903320312500&paged=13
 create mode 100644 sonic-movie.jp/sonic-movie/page/6/index.html@doing_wp_cron=1667309324.7623949050903320312500&paged=2
 create mode 100644 sonic-movie.jp/sonic-movie/page/6/index.html@doing_wp_cron=1667309324.7623949050903320312500&paged=3
 create mode 100644 sonic-movie.jp/sonic-movie/page/6/index.html@doing_wp_cron=1667309324.7623949050903320312500&paged=4
 create mode 100644 sonic-movie.jp/sonic-movie/page/6/index.html@doing_wp_cron=1667309324.7623949050903320312500&paged=5
 create mode 100644 sonic-movie.jp/sonic-movie/page/6/index.html@doing_wp_cron=1667309324.7623949050903320312500&paged=7
 create mode 100644 sonic-movie.jp/sonic-movie/page/6/index.html@doing_wp_cron=1667309324.7623949050903320312500&paged=8
 create mode 100644 sonic-movie.jp/sonic-movie/page/6/index.html@doing_wp_cron=1667309324.7623949050903320312500&paged=9
 create mode 100644 sonic-movie.jp/sonic-movie/page/7/index.html@doing_wp_cron=1667309324.7623949050903320312500&paged=1
 create mode 100644 sonic-movie.jp/sonic-movie/page/7/index.html@doing_wp_cron=1667309324.7623949050903320312500&paged=10
 create mode 100644 sonic-movie.jp/sonic-movie/page/7/index.html@doing_wp_cron=1667309324.7623949050903320312500&paged=11
 create mode 100644 sonic-movie.jp/sonic-movie/page/7/index.html@doing_wp_cron=1667309324.7623949050903320312500&paged=12
 create mode 100644 sonic-movie.jp/sonic-movie/page/7/index.html@doing_wp_cron=1667309324.7623949050903320312500&paged=13
 create mode 100644 sonic-movie.jp/sonic-movie/page/7/index.html@doing_wp_cron=1667309324.7623949050903320312500&paged=2
 create mode 100644 sonic-movie.jp/sonic-movie/page/7/index.html@doing_wp_cron=1667309324.7623949050903320312500&paged=3
 create mode 100644 sonic-movie.jp/sonic-movie/page/7/index.html@doing_wp_cron=1667309324.7623949050903320312500&paged=4
 create mode 100644 sonic-movie.jp/sonic-movie/page/7/index.html@doing_wp_cron=1667309324.7623949050903320312500&paged=5
 create mode 100644 sonic-movie.jp/sonic-movie/page/7/index.html@doing_wp_cron=1667309324.7623949050903320312500&paged=6
 create mode 100644 sonic-movie.jp/sonic-movie/page/7/index.html@doing_wp_cron=1667309324.7623949050903320312500&paged=8
 create mode 100644 sonic-movie.jp/sonic-movie/page/7/index.html@doing_wp_cron=1667309324.7623949050903320312500&paged=9
 create mode 100644 sonic-movie.jp/sonic-movie/page/8/index.html@doing_wp_cron=1667309324.7623949050903320312500&paged=1
 create mode 100644 sonic-movie.jp/sonic-movie/page/8/index.html@doing_wp_cron=1667309324.7623949050903320312500&paged=10
 create mode 100644 sonic-movie.jp/sonic-movie/page/8/index.html@doing_wp_cron=1667309324.7623949050903320312500&paged=11
 create mode 100644 sonic-movie.jp/sonic-movie/page/8/index.html@doing_wp_cron=1667309324.7623949050903320312500&paged=12
 create mode 100644 sonic-movie.jp/sonic-movie/page/8/index.html@doing_wp_cron=1667309324.7623949050903320312500&paged=13
 create mode 100644 sonic-movie.jp/sonic-movie/page/8/index.html@doing_wp_cron=1667309324.7623949050903320312500&paged=3
 create mode 100644 sonic-movie.jp/sonic-movie/page/8/index.html@doing_wp_cron=1667309324.7623949050903320312500&paged=4
 create mode 100644 sonic-movie.jp/sonic-movie/page/8/index.html@doing_wp_cron=1667309324.7623949050903320312500&paged=5
 create mode 100644 sonic-movie.jp/sonic-movie/page/8/index.html@doing_wp_cron=1667309324.7623949050903320312500&paged=6
 create mode 100644 sonic-movie.jp/sonic-movie/page/8/index.html@doing_wp_cron=1667309324.7623949050903320312500&paged=7
 create mode 100644 sonic-movie.jp/sonic-movie/page/8/index.html@doing_wp_cron=1667309324.7623949050903320312500&paged=9
 create mode 100644 sonic-movie.jp/sonic-movie/page/9/index.html@doing_wp_cron=1667309324.7623949050903320312500&paged=1
 create mode 100644 sonic-movie.jp/sonic-movie/page/9/index.html@doing_wp_cron=1667309324.7623949050903320312500&paged=10
 create mode 100644 sonic-movie.jp/sonic-movie/page/9/index.html@doing_wp_cron=1667309324.7623949050903320312500&paged=11
 create mode 100644 sonic-movie.jp/sonic-movie/page/9/index.html@doing_wp_cron=1667309324.7623949050903320312500&paged=12
 create mode 100644 sonic-movie.jp/sonic-movie/page/9/index.html@doing_wp_cron=1667309324.7623949050903320312500&paged=13
 create mode 100644 sonic-movie.jp/sonic-movie/page/9/index.html@doing_wp_cron=1667309324.7623949050903320312500&paged=4
 create mode 100644 sonic-movie.jp/sonic-movie/page/9/index.html@doing_wp_cron=1667309324.7623949050903320312500&paged=5
 create mode 100644 sonic-movie.jp/sonic-movie/page/9/index.html@doing_wp_cron=1667309324.7623949050903320312500&paged=6
 create mode 100644 sonic-movie.jp/sonic-movie/page/9/index.html@doing_wp_cron=1667309324.7623949050903320312500&paged=7
 create mode 100644 sonic-movie.jp/sonic-movie/page/9/index.html@doing_wp_cron=1667309324.7623949050903320312500&paged=8
 create mode 100644 sonic.sega.jp/SonicChannel/assets_c/2022/10/event_221101_01_eye-thumb-640xauto-4880.jpg
 create mode 100644 sonic.sega.jp/SonicChannel/assets_c/2022/11/0bed35c961b10861afc1c2327be71aeeaaac7e22-thumb-640xauto-4883.jpg
 create mode 100644 sonic.sega.jp/SonicChannel/assets_c/2022/11/fanart_2211_eye-thumb-640xauto-4885.jpg
 create mode 100644 sonic.sega.jp/SonicChannel/banner/image/banner_221101_01_eye.jpg
 create mode 100644 sonic.sega.jp/SonicChannel/fanart/20221101_003050/index.html
 create mode 100644 sonic.sega.jp/SonicChannel/fanart/image/2211_0001.jpg
 create mode 100644 sonic.sega.jp/SonicChannel/fanart/image/2211_0002.jpg
 create mode 100644 sonic.sega.jp/SonicChannel/fanart/image/2211_0003.jpg
 create mode 100644 sonic.sega.jp/SonicChannel/fanart/image/2211_0004.jpg
 create mode 100644 sonic.sega.jp/SonicChannel/fanart/image/2211_0005.jpg
 create mode 100644 sonic.sega.jp/SonicChannel/fanart/image/2211_0006.jpg
 create mode 100644 sonic.sega.jp/SonicChannel/fanart/image/2211_0007.jpg
 create mode 100644 sonic.sega.jp/SonicChannel/fanart/image/2211_0008.jpg
 create mode 100644 sonic.sega.jp/SonicChannel/fanart/image/2211_0009.jpg
 create mode 100644 sonic.sega.jp/SonicChannel/fanart/image/2211_0010.jpg
 create mode 100644 sonic.sega.jp/SonicChannel/fanart/image/2211_0011.jpg
 create mode 100644 sonic.sega.jp/SonicChannel/fanart/image/2211_0012.jpg
 create mode 100644 sonic.sega.jp/SonicChannel/fanart/image/2211_0013.jpg
 create mode 100644 sonic.sega.jp/SonicChannel/fanart/image/2211_0014.jpg
 create mode 100644 sonic.sega.jp/SonicChannel/fanart/image/2211_0015.jpg
 create mode 100644 sonic.sega.jp/SonicChannel/fanart/image/2211_0016.jpg
 create mode 100644 sonic.sega.jp/SonicChannel/fanart/image/2211_0017.jpg
 create mode 100644 sonic.sega.jp/SonicChannel/fanart/image/2211_0018.jpg
 create mode 100644 sonic.sega.jp/SonicChannel/fanart/image/2211_0019.jpg
 create mode 100644 sonic.sega.jp/SonicChannel/fanart/image/2211_0020.jpg
 create mode 100644 sonic.sega.jp/SonicChannel/fanart/image/2211_0021.jpg
 create mode 100644 sonic.sega.jp/SonicChannel/fanart/image/2211_0022.jpg
 create mode 100644 sonic.sega.jp/SonicChannel/fanart/image/2211_0023.jpg
 create mode 100644 sonic.sega.jp/SonicChannel/fanart/image/2211_0024.jpg
 create mode 100644 sonic.sega.jp/SonicChannel/fanart/image/2211_0025.jpg
 create mode 100644 sonic.sega.jp/SonicChannel/fanart/image/2211_0026.jpg
 create mode 100644 sonic.sega.jp/SonicChannel/fanart/image/2211_0027.jpg
 create mode 100644 sonic.sega.jp/SonicChannel/fanart/image/2211_0028.jpg
 create mode 100644 sonic.sega.jp/SonicChannel/fanart/image/2211_0029.jpg
 create mode 100644 sonic.sega.jp/SonicChannel/fanart/image/2211_0030.jpg
 create mode 100644 sonic.sega.jp/SonicChannel/fanart/image/fanart_2211_eye.jpg
 create mode 100644 sonic.sega.jp/SonicChannel/fanart/image/s2211_0001.jpg
 create mode 100644 sonic.sega.jp/SonicChannel/fanart/image/s2211_0002.jpg
 create mode 100644 sonic.sega.jp/SonicChannel/fanart/image/s2211_0003.jpg
 create mode 100644 sonic.sega.jp/SonicChannel/fanart/image/s2211_0004.jpg
 create mode 100644 sonic.sega.jp/SonicChannel/fanart/image/s2211_0005.jpg
 create mode 100644 sonic.sega.jp/SonicChannel/fanart/image/s2211_0006.jpg
 create mode 100644 sonic.sega.jp/SonicChannel/fanart/image/s2211_0007.jpg
 create mode 100644 sonic.sega.jp/SonicChannel/fanart/image/s2211_0008.jpg
 create mode 100644 sonic.sega.jp/SonicChannel/fanart/image/s2211_0009.jpg
 create mode 100644 sonic.sega.jp/SonicChannel/fanart/image/s2211_0010.jpg
 create mode 100644 sonic.sega.jp/SonicChannel/fanart/image/s2211_0011.jpg
 create mode 100644 sonic.sega.jp/SonicChannel/fanart/image/s2211_0012.jpg
 create mode 100644 sonic.sega.jp/SonicChannel/fanart/image/s2211_0013.jpg
 create mode 100644 sonic.sega.jp/SonicChannel/fanart/image/s2211_0014.jpg
 create mode 100644 sonic.sega.jp/SonicChannel/fanart/image/s2211_0015.jpg
 create mode 100644 sonic.sega.jp/SonicChannel/fanart/image/s2211_0016.jpg
 create mode 100644 sonic.sega.jp/SonicChannel/fanart/image/s2211_0017.jpg
 create mode 100644 sonic.sega.jp/SonicChannel/fanart/image/s2211_0018.jpg
 create mode 100644 sonic.sega.jp/SonicChannel/fanart/image/s2211_0019.jpg
 create mode 100644 sonic.sega.jp/SonicChannel/fanart/image/s2211_0020.jpg
 create mode 100644 sonic.sega.jp/SonicChannel/fanart/image/s2211_0021.jpg
 create mode 100644 sonic.sega.jp/SonicChannel/fanart/image/s2211_0022.jpg
 create mode 100644 sonic.sega.jp/SonicChannel/fanart/image/s2211_0023.jpg
 create mode 100644 sonic.sega.jp/SonicChannel/fanart/image/s2211_0024.jpg
 create mode 100644 sonic.sega.jp/SonicChannel/fanart/image/s2211_0025.jpg
 create mode 100644 sonic.sega.jp/SonicChannel/fanart/image/s2211_0026.jpg
 create mode 100644 sonic.sega.jp/SonicChannel/fanart/image/s2211_0027.jpg
 create mode 100644 sonic.sega.jp/SonicChannel/fanart/image/s2211_0028.jpg
 create mode 100644 sonic.sega.jp/SonicChannel/fanart/image/s2211_0029.jpg
 create mode 100644 sonic.sega.jp/SonicChannel/fanart/image/s2211_0030.jpg
 create mode 100644 sonic.sega.jp/SonicChannel/special/staffcolumn/edo.4
 create mode 100644 sonic.sega.jp/SonicChannel/special/staffcolumn/edo.5
 create mode 100644 sonic.sega.jp/SonicChannel/special/staffcolumn/edo.6
 create mode 100644 sonic.sega.jp/SonicChannel/topics/event/20221101_003047/index.html
 create mode 100644 sonic.sega.jp/SonicChannel/topics/image/0bed35c961b10861afc1c2327be71aeeaaac7e22.jpg
 create mode 100644 sonic.sega.jp/SonicChannel/topics/image/event_221101_01_eye.jpg
