Already up to date.
[main 5473ca0019] files from 2023-01-01, 11:40:26
 134 files changed, 3386 insertions(+), 2765 deletions(-)
 create mode 100644 log/KrazeeTobi-2023-01-01_074221.log
 create mode 100644 sonic.sega.jp/SonicChannel/assets_c/2022/12/fanart_2301_eye-thumb-640xauto-4980.jpg
 create mode 100644 sonic.sega.jp/SonicChannel/assets_c/2022/12/staffcolumn_230101_01_eye-thumb-640xauto-4991.jpg
 create mode 100644 sonic.sega.jp/SonicChannel/assets_c/2022/12/wallpaper_218_ssonic_04_pc_thm-thumb-220x220-4987.jpg
 create mode 100644 sonic.sega.jp/SonicChannel/assets_c/2022/12/wallpaper_218_ssonic_04_sp_thm-thumb-220x220-4989.jpg
 create mode 100644 sonic.sega.jp/SonicChannel/enjoy/image/wallpaper_218_ssonic_04_pc.jpg
 create mode 100644 sonic.sega.jp/SonicChannel/enjoy/image/wallpaper_218_ssonic_04_sp.jpg
 create mode 100644 sonic.sega.jp/SonicChannel/fanart/20230101_003109/index.html
 create mode 100644 sonic.sega.jp/SonicChannel/fanart/image/2301_0001.jpg
 create mode 100644 sonic.sega.jp/SonicChannel/fanart/image/2301_0002.jpg
 create mode 100644 sonic.sega.jp/SonicChannel/fanart/image/2301_0003.jpg
 create mode 100644 sonic.sega.jp/SonicChannel/fanart/image/2301_0004.jpg
 create mode 100644 sonic.sega.jp/SonicChannel/fanart/image/2301_0005.jpg
 create mode 100644 sonic.sega.jp/SonicChannel/fanart/image/2301_0006.jpg
 create mode 100644 sonic.sega.jp/SonicChannel/fanart/image/2301_0007.jpg
 create mode 100644 sonic.sega.jp/SonicChannel/fanart/image/2301_0008.jpg
 create mode 100644 sonic.sega.jp/SonicChannel/fanart/image/2301_0009.jpg
 create mode 100644 sonic.sega.jp/SonicChannel/fanart/image/2301_0010.jpg
 create mode 100644 sonic.sega.jp/SonicChannel/fanart/image/2301_0011.jpg
 create mode 100644 sonic.sega.jp/SonicChannel/fanart/image/2301_0012.jpg
 create mode 100644 sonic.sega.jp/SonicChannel/fanart/image/2301_0013.jpg
 create mode 100644 sonic.sega.jp/SonicChannel/fanart/image/2301_0014.jpg
 create mode 100644 sonic.sega.jp/SonicChannel/fanart/image/2301_0015.jpg
 create mode 100644 sonic.sega.jp/SonicChannel/fanart/image/2301_0016.jpg
 create mode 100644 sonic.sega.jp/SonicChannel/fanart/image/2301_0017.jpg
 create mode 100644 sonic.sega.jp/SonicChannel/fanart/image/2301_0018.jpg
 create mode 100644 sonic.sega.jp/SonicChannel/fanart/image/2301_0019.jpg
 create mode 100644 sonic.sega.jp/SonicChannel/fanart/image/2301_0020.jpg
 create mode 100644 sonic.sega.jp/SonicChannel/fanart/image/2301_0021.jpg
 create mode 100644 sonic.sega.jp/SonicChannel/fanart/image/2301_0022.jpg
 create mode 100644 sonic.sega.jp/SonicChannel/fanart/image/2301_0023.jpg
 create mode 100644 sonic.sega.jp/SonicChannel/fanart/image/2301_0024.jpg
 create mode 100644 sonic.sega.jp/SonicChannel/fanart/image/2301_0025.jpg
 create mode 100644 sonic.sega.jp/SonicChannel/fanart/image/2301_0026.jpg
 create mode 100644 sonic.sega.jp/SonicChannel/fanart/image/2301_0027.jpg
 create mode 100644 sonic.sega.jp/SonicChannel/fanart/image/2301_0028.jpg
 create mode 100644 sonic.sega.jp/SonicChannel/fanart/image/2301_0029.jpg
 create mode 100644 sonic.sega.jp/SonicChannel/fanart/image/2301_0030.jpg
 create mode 100644 sonic.sega.jp/SonicChannel/fanart/image/fanart_2301_eye.jpg
 create mode 100644 sonic.sega.jp/SonicChannel/fanart/image/s2301_0001.jpg
 create mode 100644 sonic.sega.jp/SonicChannel/fanart/image/s2301_0002.jpg
 create mode 100644 sonic.sega.jp/SonicChannel/fanart/image/s2301_0003.jpg
 create mode 100644 sonic.sega.jp/SonicChannel/fanart/image/s2301_0004.jpg
 create mode 100644 sonic.sega.jp/SonicChannel/fanart/image/s2301_0005.jpg
 create mode 100644 sonic.sega.jp/SonicChannel/fanart/image/s2301_0006.jpg
 create mode 100644 sonic.sega.jp/SonicChannel/fanart/image/s2301_0007.jpg
 create mode 100644 sonic.sega.jp/SonicChannel/fanart/image/s2301_0008.jpg
 create mode 100644 sonic.sega.jp/SonicChannel/fanart/image/s2301_0009.jpg
 create mode 100644 sonic.sega.jp/SonicChannel/fanart/image/s2301_0010.jpg
 create mode 100644 sonic.sega.jp/SonicChannel/fanart/image/s2301_0011.jpg
 create mode 100644 sonic.sega.jp/SonicChannel/fanart/image/s2301_0012.jpg
 create mode 100644 sonic.sega.jp/SonicChannel/fanart/image/s2301_0013.jpg
 create mode 100644 sonic.sega.jp/SonicChannel/fanart/image/s2301_0014.jpg
 create mode 100644 sonic.sega.jp/SonicChannel/fanart/image/s2301_0015.jpg
 create mode 100644 sonic.sega.jp/SonicChannel/fanart/image/s2301_0016.jpg
 create mode 100644 sonic.sega.jp/SonicChannel/fanart/image/s2301_0017.jpg
 create mode 100644 sonic.sega.jp/SonicChannel/fanart/image/s2301_0018.jpg
 create mode 100644 sonic.sega.jp/SonicChannel/fanart/image/s2301_0019.jpg
 create mode 100644 sonic.sega.jp/SonicChannel/fanart/image/s2301_0020.jpg
 create mode 100644 sonic.sega.jp/SonicChannel/fanart/image/s2301_0021.jpg
 create mode 100644 sonic.sega.jp/SonicChannel/fanart/image/s2301_0022.jpg
 create mode 100644 sonic.sega.jp/SonicChannel/fanart/image/s2301_0023.jpg
 create mode 100644 sonic.sega.jp/SonicChannel/fanart/image/s2301_0024.jpg
 create mode 100644 sonic.sega.jp/SonicChannel/fanart/image/s2301_0025.jpg
 create mode 100644 sonic.sega.jp/SonicChannel/fanart/image/s2301_0026.jpg
 create mode 100644 sonic.sega.jp/SonicChannel/fanart/image/s2301_0027.jpg
 create mode 100644 sonic.sega.jp/SonicChannel/fanart/image/s2301_0028.jpg
 create mode 100644 sonic.sega.jp/SonicChannel/fanart/image/s2301_0029.jpg
 create mode 100644 sonic.sega.jp/SonicChannel/fanart/image/s2301_0030.jpg
 create mode 100644 sonic.sega.jp/SonicChannel/special/image/staffcolumn_230101_01_01.jpg
 create mode 100644 sonic.sega.jp/SonicChannel/special/image/staffcolumn_230101_01_02.jpg
 create mode 100644 sonic.sega.jp/SonicChannel/special/image/staffcolumn_230101_01_03.jpg
 create mode 100644 sonic.sega.jp/SonicChannel/special/image/staffcolumn_230101_01_eye.jpg
 create mode 100644 sonic.sega.jp/SonicChannel/special/staffcolumn/toyoda/20230101_003117/index.html
