Already up to date.
[main 850f98ad9a] files from 2022-11-30, 11:00:59
 101 files changed, 3247 insertions(+), 3232 deletions(-)
 create mode 100644 log/KrazeeTobi-2022-11-30_070728.log
 create mode 100644 sonic.sega.jp/SonicChannel/assets_c/2022/11/sanpo_221130_01_eye-thumb-640xauto-4955.jpg
 create mode 100644 sonic.sega.jp/SonicChannel/assets_c/2022/11/wallpaper_SonicFrontiers_jp_pc_01_thm-thumb-220x220-4930.jpg
 create mode 100644 sonic.sega.jp/SonicChannel/assets_c/2022/11/wallpaper_SonicFrontiers_jp_pc_02_thm-thumb-220x220-4927.jpg
 create mode 100644 sonic.sega.jp/SonicChannel/assets_c/2022/11/wallpaper_SonicFrontiers_jp_pc_03_thm-thumb-220x220-4931.jpg
 create mode 100644 sonic.sega.jp/SonicChannel/assets_c/2022/11/wallpaper_SonicFrontiers_jp_pc_04_thm-thumb-220x220-4929.jpg
 create mode 100644 sonic.sega.jp/SonicChannel/assets_c/2022/11/wallpaper_SonicFrontiers_jp_pc_05_thm-thumb-220x220-4932.jpg
 create mode 100644 sonic.sega.jp/SonicChannel/assets_c/2022/11/wallpaper_SonicFrontiers_jp_pc_06_thm-thumb-220x220-4928.jpg
 create mode 100644 sonic.sega.jp/SonicChannel/assets_c/2022/11/wallpaper_SonicFrontiers_jp_pc_07_thm-thumb-220x220-4934.jpg
 create mode 100644 sonic.sega.jp/SonicChannel/assets_c/2022/11/wallpaper_SonicFrontiers_jp_pc_08_thm-thumb-220x220-4933.jpg
 create mode 100644 sonic.sega.jp/SonicChannel/assets_c/2022/11/wallpaper_SonicFrontiers_jp_sp_01_thm-thumb-220x220-4946.jpg
 create mode 100644 sonic.sega.jp/SonicChannel/assets_c/2022/11/wallpaper_SonicFrontiers_jp_sp_02_thm-thumb-220x220-4945.jpg
 create mode 100644 sonic.sega.jp/SonicChannel/special/image/sanpo_221130_01_01.jpg
 create mode 100644 sonic.sega.jp/SonicChannel/special/image/sanpo_221130_01_eye.jpg
 create mode 100644 sonic.sega.jp/SonicChannel/special/sns/sanpo/20221130_003089/index.html
 rewrite www.nintendo.co.jp/3ds/acmj/medley/images/medley_img_06.png (100%)
 rewrite www.nintendo.co.jp/3ds/bgxj/common/css/shared.css (99%)
 rewrite www.nintendo.co.jp/wiiu/abjj/amiibo/files/img/index/league/txt02.png (99%)
 rewrite www.nintendo.co.jp/wiiu/abjj/sports/files/img/index/battle/bg.png (99%)
 rewrite www.nintendo.co.jp/wiiu/aurj/mode/online_i3.html (92%)
