Already up to date.
[main b2de4064f0] files from 2022-09-22,  9:45:45
 151 files changed, 405 insertions(+), 416 deletions(-)
 create mode 100644 log/KrazeeTobi-2022-09-22_055152.log
 rewrite sonic.sega.jp/SonicChannel/assets_c/2015/06/calendar_1011_eggman_thm-thumb-220x220-664.gif (100%)
 rewrite sonic.sega.jp/SonicChannel/assets_c/2015/06/calendar_1012_wave-storm_thm-thumb-220x220-666.gif (100%)
 rewrite sonic.sega.jp/SonicChannel/assets_c/2015/06/calendar_1101_sonic_thm-thumb-220x220-668.gif (100%)
 rewrite sonic.sega.jp/SonicChannel/assets_c/2015/06/calendar_1102_amy_thm-thumb-220x220-670.gif (100%)
 rewrite sonic.sega.jp/SonicChannel/assets_c/2015/06/calendar_1103_tails_thm-thumb-220x220-672.gif (100%)
 rewrite sonic.sega.jp/SonicChannel/assets_c/2015/06/calendar_1104_knuckles_thm-thumb-220x220-674.gif (100%)
 rewrite sonic.sega.jp/SonicChannel/assets_c/2015/06/calendar_1105_rouge_thm-thumb-220x220-676.gif (100%)
 rewrite sonic.sega.jp/SonicChannel/assets_c/2015/06/calendar_1106_eggman_thm-thumb-220x220-678.gif (100%)
 rewrite sonic.sega.jp/SonicChannel/assets_c/2015/06/calendar_1107_shadow_thm-thumb-220x220-680.gif (100%)
 rewrite sonic.sega.jp/SonicChannel/assets_c/2015/06/calendar_1108_blaze_thm-thumb-220x220-682.gif (100%)
 rewrite sonic.sega.jp/SonicChannel/assets_c/2015/06/calendar_1109_silver_thm-thumb-220x220-684.gif (100%)
 rewrite sonic.sega.jp/SonicChannel/assets_c/2015/06/calendar_1110_cream_thm-thumb-220x220-686.gif (100%)
 rewrite sonic.sega.jp/SonicChannel/assets_c/2015/06/calendar_1111_espio_thm-thumb-220x220-688.gif (100%)
 rewrite sonic.sega.jp/SonicChannel/assets_c/2015/06/calendar_1112_sonic_thm-thumb-220x220-690.gif (100%)
 rewrite sonic.sega.jp/SonicChannel/assets_c/2015/06/calendar_1201_supersonic_thm-thumb-220x220-692.gif (100%)
 rewrite sonic.sega.jp/SonicChannel/assets_c/2015/06/calendar_1202_amy_thm-thumb-220x220-694.gif (100%)
 rewrite sonic.sega.jp/SonicChannel/assets_c/2015/06/calendar_1203_vector_thm-thumb-220x220-696.gif (100%)
 rewrite sonic.sega.jp/SonicChannel/assets_c/2015/06/calendar_1204_sonic_thm-thumb-220x220-698.gif (100%)
 rewrite sonic.sega.jp/SonicChannel/assets_c/2015/06/calendar_1205_tails_thm-thumb-220x220-700.gif (100%)
 rewrite sonic.sega.jp/SonicChannel/assets_c/2015/06/calendar_1206_silver_thm-thumb-220x220-702.gif (100%)
 rewrite sonic.sega.jp/SonicChannel/assets_c/2015/06/calendar_1207_charmy_thm-thumb-220x220-704.gif (100%)
 rewrite sonic.sega.jp/SonicChannel/assets_c/2015/06/calendar_1208_knuckles_thm-thumb-220x220-706.gif (100%)
 rewrite sonic.sega.jp/SonicChannel/assets_c/2015/06/calendar_1209_rouge_thm-thumb-220x220-708.gif (100%)
 rewrite sonic.sega.jp/SonicChannel/assets_c/2015/06/calendar_1210_cream_thm-thumb-220x220-712.gif (100%)
 rewrite sonic.sega.jp/SonicChannel/assets_c/2015/06/calendar_1211_shadow_thm-thumb-220x220-714.gif (100%)
 rewrite sonic.sega.jp/SonicChannel/assets_c/2015/06/calendar_1212_blaze_thm-thumb-220x220-716.gif (100%)
 rewrite sonic.sega.jp/SonicChannel/assets_c/2015/06/calendar_1301_sonic_thm-thumb-220x220-718.gif (100%)
 rewrite sonic.sega.jp/SonicChannel/assets_c/2015/06/calendar_1302_amy_thm-thumb-220x220-720.gif (100%)
 rewrite sonic.sega.jp/SonicChannel/assets_c/2015/06/calendar_1303_cream_thm-thumb-220x220-722.gif (100%)
 rewrite sonic.sega.jp/SonicChannel/assets_c/2015/06/calendar_1304_tails_thm-thumb-220x220-724.gif (100%)
 rewrite sonic.sega.jp/SonicChannel/assets_c/2015/06/calendar_1305_knuckles_thm-thumb-220x220-726.gif (100%)
 rewrite sonic.sega.jp/SonicChannel/assets_c/2015/06/event_150604_01_01-thumb-640xauto-1093.jpg (100%)
 rewrite sonic.sega.jp/SonicChannel/assets_c/2015/09/wallpaper_131_metal_03_thm-thumb-220x220-2022.gif (100%)
 rewrite sonic.sega.jp/SonicChannel/assets_c/2015/10/wallpaper_132_tikal_02_thm-thumb-220x220-2044.gif (100%)
 rewrite sonic.sega.jp/SonicChannel/assets_c/2015/11/wallpaper_133_silver_09_thm-thumb-220x220-2060.gif (100%)
 rewrite sonic.sega.jp/SonicChannel/assets_c/2015/12/wallpaper_134_eggman_05_thm-thumb-220x220-2072.gif (100%)
 rewrite sonic.sega.jp/SonicChannel/assets_c/2016/01/wallpaper_135_shadow_11_thm-thumb-220x220-2086.gif (100%)
 rewrite sonic.sega.jp/SonicChannel/assets_c/2016/02/wallpaper_136_cream_08_thm-thumb-220x220-2094.gif (100%)
 rewrite sonic.sega.jp/SonicChannel/assets_c/2016/03/wallpaper_137_amy_11_thm-thumb-220x220-2114.png (100%)
 rewrite sonic.sega.jp/SonicChannel/assets_c/2016/04/wallpaper_138_tails_10_thm-thumb-220x220-2129.png (100%)
 rewrite sonic.sega.jp/SonicChannel/assets_c/2016/05/wallpaper_139_sonic_19_thm-thumb-220x220-2169.png (100%)
 rewrite sonic.sega.jp/SonicChannel/assets_c/2016/06/wallpaper_140_sticks_02_thm-thumb-220x220-2190.png (100%)
 rewrite sonic.sega.jp/SonicChannel/assets_c/2016/07/wallpaper_141_wave_03_thm-thumb-220x220-2211.png (100%)
 rewrite sonic.sega.jp/SonicChannel/assets_c/2016/08/wallpaper_142_knuckles_11_thm-thumb-220x220-2237.jpg (100%)
 rewrite sonic.sega.jp/SonicChannel/assets_c/2016/09/wallpaper_143_silver_10_thm-thumb-220x220-2389.png (100%)
 rewrite sonic.sega.jp/SonicChannel/assets_c/2016/10/wallpaper_144_rouge_10_thm-thumb-220x220-2410.jpg (100%)
 rewrite sonic.sega.jp/SonicChannel/assets_c/2016/11/wallpaper_145_blaze_09_thm-thumb-220x220-2436.jpg (100%)
 rewrite sonic.sega.jp/SonicChannel/assets_c/2017/06/information_170623_04_eye-thumb-640xauto-2541.jpg (100%)
 rewrite sonic.sega.jp/SonicChannel/assets_c/2017/06/information_170623_05_eye-thumb-640xauto-2550.jpg (100%)
 rewrite sonic.sega.jp/SonicChannel/assets_c/2017/06/information_170623_09_eye-thumb-640xauto-2554.jpg (100%)
 rewrite sonic.sega.jp/SonicChannel/assets_c/2017/07/information_170707_01_eye-thumb-640xauto-2559.jpg (100%)
 rewrite sonic.sega.jp/SonicChannel/assets_c/2017/08/information_170804_01_eye-thumb-640xauto-2576.jpg (100%)
 rewrite sonic.sega.jp/SonicChannel/assets_c/2017/08/information_170811_01_eye-thumb-640xauto-2582.jpg (100%)
 rewrite sonic.sega.jp/SonicChannel/assets_c/2017/08/information_170816_01_eye-thumb-640xauto-2628.jpg (100%)
 rewrite sonic.sega.jp/SonicChannel/assets_c/2018/01/sound_180117_01_eye-thumb-640xauto-3001.jpg (100%)
 rewrite sonic.sega.jp/SonicChannel/assets_c/2018/11/goods_181105_01_eye-thumb-640xauto-3285.jpg (100%)
 rewrite sonic.sega.jp/SonicChannel/assets_c/2018/11/goods_181105_02_eye-thumb-640xauto-3287.jpg (100%)
 rewrite sonic.sega.jp/SonicChannel/assets_c/2018/11/goods_181115_01_eye-thumb-640xauto-3305.jpg (100%)
 rewrite sonic.sega.jp/SonicChannel/assets_c/2018/11/goods_181115_02_eye-thumb-640xauto-3307.jpg (100%)
 rewrite sonic.sega.jp/SonicChannel/assets_c/2018/11/goods_181115_03_eye-thumb-640xauto-3309.jpg (100%)
 rewrite sonic.sega.jp/SonicChannel/assets_c/2018/11/goods_181129_01_eye-thumb-640xauto-3319.jpg (100%)
 rewrite sonic.sega.jp/SonicChannel/assets_c/2018/11/sound_181109_01_eye-thumb-640xauto-3302.jpg (100%)
 rewrite sonic.sega.jp/SonicChannel/assets_c/2018/12/goods_181102_01_eye-thumb-640xauto-3337.jpg (100%)
 rewrite sonic.sega.jp/SonicChannel/assets_c/2018/12/goods_181205_01_eye-thumb-640xauto-3322.jpg (100%)
 rewrite sonic.sega.jp/SonicChannel/assets_c/2018/12/goods_181205_02_eye-thumb-640xauto-3324.jpg (100%)
 rewrite sonic.sega.jp/SonicChannel/assets_c/2018/12/goods_181228_02_eye-thumb-640xauto-3339.jpg (100%)
 rewrite sonic.sega.jp/SonicChannel/assets_c/2018/12/goods_181228_03_eye-thumb-640xauto-3341.jpg (100%)
 rewrite sonic.sega.jp/SonicChannel/assets_c/2018/12/goods_181228_04_eye-thumb-640xauto-3343.jpg (100%)
 rewrite sonic.sega.jp/SonicChannel/assets_c/2018/12/goods_190109_01_eye-thumb-640xauto-3350.jpg (100%)
 rewrite sonic.sega.jp/SonicChannel/assets_c/2018/12/sound_181227_01_eye-thumb-640xauto-3347.jpg (100%)
 rewrite sonic.sega.jp/SonicChannel/assets_c/2019/01/goods_190118_01_eye-thumb-640xauto-3354.jpg (100%)
 rewrite sonic.sega.jp/SonicChannel/assets_c/2019/01/goods_190128_01_eye-thumb-640xauto-3360.jpg (100%)
 rewrite sonic.sega.jp/SonicChannel/assets_c/2019/01/goods_190128_02_eye-thumb-640xauto-3362.jpg (100%)
 rewrite sonic.sega.jp/SonicChannel/assets_c/2019/01/goods_190128_03_eye-thumb-640xauto-3364.jpg (100%)
 rewrite sonic.sega.jp/SonicChannel/assets_c/2019/01/goods_190128_04_eye-thumb-640xauto-3366.jpg (100%)
 rewrite sonic.sega.jp/SonicChannel/assets_c/2019/01/goods_190128_05_eye-thumb-640xauto-3368.jpg (100%)
 rewrite sonic.sega.jp/SonicChannel/assets_c/2019/01/goods_190128_06_eye-thumb-640xauto-3370.jpg (100%)
 rewrite sonic.sega.jp/SonicChannel/assets_c/2019/04/goods_190425_01_eye-thumb-640xauto-3412.jpg (100%)
 rewrite sonic.sega.jp/SonicChannel/assets_c/2019/05/goods_190517_01_eye-thumb-640xauto-3427.jpg (100%)
 rewrite sonic.sega.jp/SonicChannel/assets_c/2019/05/sound_190529_01_eye-thumb-640xauto-3445.jpg (100%)
 rewrite sonic.sega.jp/SonicChannel/assets_c/2019/05/sound_190529_02_eye-thumb-640xauto-3450.jpg (100%)
 rewrite sonic.sega.jp/SonicChannel/assets_c/2019/06/goods_190607_01_eye-thumb-640xauto-3456.jpg (100%)
 rewrite sonic.sega.jp/SonicChannel/assets_c/2019/06/goods_190614_01_eye-thumb-640xauto-3462.jpg (100%)
 rewrite sonic.sega.jp/SonicChannel/assets_c/2019/06/goods_190621_01_eye-thumb-640xauto-3467.jpg (100%)
 rewrite sonic.sega.jp/SonicChannel/assets_c/2019/06/goods_190621_02_eye-thumb-640xauto-3469.jpg (100%)
 rewrite sonic.sega.jp/SonicChannel/assets_c/2019/07/goods_180802_01_eye-thumb-640xauto-3514.jpg (100%)
 rewrite sonic.sega.jp/SonicChannel/assets_c/2019/07/goods_190702_01_eye-thumb-640xauto-3486.jpg (100%)
 rewrite sonic.sega.jp/SonicChannel/assets_c/2019/07/goods_190702_02_eye-thumb-640xauto-3488.jpg (100%)
 rewrite sonic.sega.jp/SonicChannel/assets_c/2019/07/goods_190705_01_eye-thumb-640xauto-3490.jpg (100%)
 rewrite sonic.sega.jp/SonicChannel/assets_c/2019/07/goods_190705_02_eye-thumb-640xauto-3492.jpg (100%)
 rewrite sonic.sega.jp/SonicChannel/assets_c/2019/07/goods_190711_01_eye-thumb-640xauto-3504.jpg (100%)
 rewrite sonic.sega.jp/SonicChannel/assets_c/2019/09/goods_190904_01_eye-thumb-640xauto-3539.jpg (100%)
 rewrite sonic.sega.jp/SonicChannel/assets_c/2019/09/goods_190905_01_eye-thumb-640xauto-3541.jpg (100%)
 rewrite sonic.sega.jp/SonicChannel/assets_c/2019/09/goods_190905_02_eye-thumb-220x220-3543.jpg (100%)
 rewrite sonic.sega.jp/SonicChannel/assets_c/2019/09/goods_190905_03_eye-thumb-640xauto-3544.jpg (100%)
 rewrite sonic.sega.jp/SonicChannel/assets_c/2019/09/goods_190905_04_eye-thumb-640xauto-3545.jpg (100%)
 rewrite sonic.sega.jp/SonicChannel/assets_c/2019/09/goods_190909_01_eye-thumb-640xauto-3556.jpg (100%)
 rewrite sonic.sega.jp/SonicChannel/assets_c/2019/09/goods_190909_02_eye-thumb-640xauto-3559.jpg (100%)
 rewrite sonic.sega.jp/SonicChannel/assets_c/2019/10/banner_191008_MS-thumb-460x460-3577.png (100%)
 rewrite sonic.sega.jp/SonicChannel/assets_c/2019/10/goods_190908_01_eye-thumb-640xauto-3576.jpg (100%)
 rewrite sonic.sega.jp/SonicChannel/assets_c/2019/10/goods_191003_01_eye-thumb-640xauto-3574.jpg (100%)
 rewrite sonic.sega.jp/SonicChannel/assets_c/2019/11/goods_191119_01_eye-thumb-640xauto-3601.jpg (100%)
 rewrite sonic.sega.jp/SonicChannel/assets_c/2020/01/goods_200122_01_eye-thumb-640xauto-3687.jpg (100%)
 rewrite sonic.sega.jp/SonicChannel/assets_c/2020/02/goods_200225_01_eye-thumb-640xauto-3707.jpg (100%)
 rewrite sonic.sega.jp/SonicChannel/assets_c/2020/02/goods_200225_02_eye-thumb-640xauto-3709.jpg (100%)
 rewrite sonic.sega.jp/SonicChannel/assets_c/2020/03/goods_0319_01_eye-thumb-640xauto-3720.jpg (100%)
 rewrite sonic.sega.jp/SonicChannel/assets_c/2020/03/goods_200327_01_eye-thumb-640xauto-3730.jpg (100%)
 rewrite sonic.sega.jp/SonicChannel/assets_c/2020/04/goods_200401_01_eye-thumb-640xauto-3735.jpg (100%)
 rewrite sonic.sega.jp/SonicChannel/assets_c/2020/04/sound_200415_01_eye-thumb-640xauto-3740.jpg (100%)
 rewrite sonic.sega.jp/SonicChannel/assets_c/2020/05/sound_200528_01_eye-thumb-640xauto-3770.jpg (100%)
 rewrite sonic.sega.jp/SonicChannel/assets_c/2021/03/link_instagram-thumb-220x220-4129.png (100%)
 rewrite sonic.sega.jp/SonicChannel/assets_c/2021/03/link_youtube-thumb-220x220-4131.jpg (100%)
 rewrite www.nintendo.co.jp/wiiu/abjj/files/img/movie/rugby.gif (99%)
 rewrite www.nintendo.co.jp/wiiu/abjj/sports/movie/digest.html (94%)
