Already up to date.
[main 29f6c9343] files from 2022-08-11, 11:06:27
 200 files changed, 4144 insertions(+), 2054 deletions(-)
 create mode 100644 log/KrazeeTobi-2022-08-11_071647.log
 create mode 100644 sonic-movie.jp/news/2022/08/10/sonic_0810/feed/index.html
 create mode 100644 sonic-movie.jp/news/index.html@p=901
 create mode 100644 sonic-movie.jp/news/wp-json/oembed/1.0/embed@url=https%3A%2F%2Fnews.eigafan.com%2Fsonic-movie%2F2022%2F08%2F10%2Fsonic_0810%2F
 create mode 100644 sonic-movie.jp/news/wp-json/oembed/1.0/embed@url=https%3A%2F%2Fnews.eigafan.com%2Fsonic-movie%2F2022%2F08%2F10%2Fsonic_0810%2F&format=xml
 create mode 100644 sonic.sega.jp/SonicChannel/assets_c/2022/08/staffcolumn_220810_01_eye-thumb-640xauto-4703.jpg
 create mode 100644 sonic.sega.jp/SonicChannel/special/image/staffcolumn_220810_01_01.jpg
 create mode 100644 sonic.sega.jp/SonicChannel/special/image/staffcolumn_220810_01_02.jpg
 create mode 100644 sonic.sega.jp/SonicChannel/special/image/staffcolumn_220810_01_03.jpg
 create mode 100644 sonic.sega.jp/SonicChannel/special/image/staffcolumn_220810_01_04.jpg
 create mode 100644 sonic.sega.jp/SonicChannel/special/image/staffcolumn_220810_01_05.jpg
 create mode 100644 sonic.sega.jp/SonicChannel/special/image/staffcolumn_220810_01_06.jpg
 create mode 100644 sonic.sega.jp/SonicChannel/special/image/staffcolumn_220810_01_07.jpg
 create mode 100644 sonic.sega.jp/SonicChannel/special/image/staffcolumn_220810_01_08.jpg
 create mode 100644 sonic.sega.jp/SonicChannel/special/image/staffcolumn_220810_01_09.jpg
 create mode 100644 sonic.sega.jp/SonicChannel/special/image/staffcolumn_220810_01_10.jpg
 create mode 100644 sonic.sega.jp/SonicChannel/special/image/staffcolumn_220810_01_11.jpg
 create mode 100644 sonic.sega.jp/SonicChannel/special/image/staffcolumn_220810_01_12.jpg
 create mode 100644 sonic.sega.jp/SonicChannel/special/image/staffcolumn_220810_01_13.jpg
 create mode 100644 sonic.sega.jp/SonicChannel/special/image/staffcolumn_220810_01_14.jpg
 create mode 100644 sonic.sega.jp/SonicChannel/special/image/staffcolumn_220810_01_15.jpg
 create mode 100644 sonic.sega.jp/SonicChannel/special/image/staffcolumn_220810_01_16.jpg
 create mode 100644 sonic.sega.jp/SonicChannel/special/image/staffcolumn_220810_01_17.jpg
 create mode 100644 sonic.sega.jp/SonicChannel/special/image/staffcolumn_220810_01_19.jpg
 create mode 100644 sonic.sega.jp/SonicChannel/special/image/staffcolumn_220810_01_20.jpg
 create mode 100644 sonic.sega.jp/SonicChannel/special/image/staffcolumn_220810_01_21.jpg
 create mode 100644 sonic.sega.jp/SonicChannel/special/image/staffcolumn_220810_01_22.jpg
 create mode 100644 sonic.sega.jp/SonicChannel/special/image/staffcolumn_220810_01_23.jpg
 create mode 100644 sonic.sega.jp/SonicChannel/special/image/staffcolumn_220810_01_24.jpg
 create mode 100644 sonic.sega.jp/SonicChannel/special/image/staffcolumn_220810_01_25.jpg
 create mode 100644 sonic.sega.jp/SonicChannel/special/image/staffcolumn_220810_01_eye.jpg
 create mode 100644 sonic.sega.jp/SonicChannel/special/staffcolumn/fujiki.1
 create mode 100644 sonic.sega.jp/SonicChannel/special/staffcolumn/fujiki.2
 create mode 100644 sonic.sega.jp/SonicChannel/special/staffcolumn/fujiki/20220811_002967/index.html
 create mode 100644 sonic.sega.jp/SonicChannel/special/staffcolumn/fujiki/index.html
 create mode 100644 sonic.sega.jp/SonicChannel/special/staffcolumn/toyoda.3
 create mode 100644 sonic.sega.jp/SonicChannel/special/staffcolumn/toyoda.4
