Already up to date.
Deleted file - D:\GitHub\SonicChannelTrack\sonic.sega.jp\sonicchannel\about.1
Deleted file - D:\GitHub\SonicChannelTrack\sonic.sega.jp\sonicchannel\character.1
Deleted file - D:\GitHub\SonicChannelTrack\sonic.sega.jp\sonicchannel\fangallery.1
Deleted file - D:\GitHub\SonicChannelTrack\sonic.sega.jp\sonicchannel\special.1
Deleted file - D:\GitHub\SonicChannelTrack\sonic.sega.jp\sonicchannel\fangallery\apply.1
Deleted file - D:\GitHub\SonicChannelTrack\sonic.sega.jp\sonicchannel\fangallery\fanart.1
Deleted file - D:\GitHub\SonicChannelTrack\sonic.sega.jp\sonicchannel\fangallery\oshiete.1
Deleted file - D:\GitHub\SonicChannelTrack\sonic.sega.jp\sonicchannel\fangallery\screenshot.1
Deleted file - D:\GitHub\SonicChannelTrack\sonic.sega.jp\sonicchannel\special\sidestory.1
Deleted file - D:\GitHub\SonicChannelTrack\sonic.sega.jp\sonicchannel\special\sns.1
Deleted file - D:\GitHub\SonicChannelTrack\sonic.sega.jp\sonicchannel\special\staffcolumn.1
Deleted file - D:\GitHub\SonicChannelTrack\sonic.sega.jp\sonicchannel\special\gamecontents\soniccolors.1
Deleted file - D:\GitHub\SonicChannelTrack\sonic.sega.jp\sonicchannel\special\gamecontents\sonicforces.1
Deleted file - D:\GitHub\SonicChannelTrack\sonic.sega.jp\sonicchannel\special\gamecontents\sonicmania.1
Deleted file - D:\GitHub\SonicChannelTrack\sonic.sega.jp\sonicchannel\special\sidestory\comic.1
Deleted file - D:\GitHub\SonicChannelTrack\sonic.sega.jp\sonicchannel\special\sidestory\coverstory.1
Deleted file - D:\GitHub\SonicChannelTrack\sonic.sega.jp\sonicchannel\special\sidestory\ohgiri.1
Deleted file - D:\GitHub\SonicChannelTrack\sonic.sega.jp\sonicchannel\special\sidestory\sonicpict.1
Deleted file - D:\GitHub\SonicChannelTrack\sonic.sega.jp\sonicchannel\special\soundcolumn\ohtani.1
Deleted file - D:\GitHub\SonicChannelTrack\sonic.sega.jp\sonicchannel\special\soundcolumn\senoue.1
Deleted file - D:\GitHub\SonicChannelTrack\sonic.sega.jp\sonicchannel\topics\collaboration.1
Deleted file - D:\GitHub\SonicChannelTrack\sonic.sega.jp\sonicchannel\topics\event.1
Deleted file - D:\GitHub\SonicChannelTrack\sonic.sega.jp\sonicchannel\topics\goods.1
Deleted file - D:\GitHub\SonicChannelTrack\sonic.sega.jp\sonicchannel\topics\information.1
Deleted file - D:\GitHub\SonicChannelTrack\sonic.sega.jp\sonicchannel\topics\sound.1
Deleted file - D:\GitHub\SonicChannelTrack\sonic.sega.jp\sonicchannel\topics\goods\20190607_001917.1
Deleted file - D:\GitHub\SonicChannelTrack\sonic.sega.jp\sonicchannel\about.2
Deleted file - D:\GitHub\SonicChannelTrack\sonic.sega.jp\sonicchannel\character.2
Deleted file - D:\GitHub\SonicChannelTrack\sonic.sega.jp\sonicchannel\fangallery.2
Deleted file - D:\GitHub\SonicChannelTrack\sonic.sega.jp\sonicchannel\special.2
Deleted file - D:\GitHub\SonicChannelTrack\sonic.sega.jp\sonicchannel\fangallery\apply.2
Deleted file - D:\GitHub\SonicChannelTrack\sonic.sega.jp\sonicchannel\fangallery\fanart.2
Deleted file - D:\GitHub\SonicChannelTrack\sonic.sega.jp\sonicchannel\fangallery\oshiete.2
Deleted file - D:\GitHub\SonicChannelTrack\sonic.sega.jp\sonicchannel\fangallery\screenshot.2
Deleted file - D:\GitHub\SonicChannelTrack\sonic.sega.jp\sonicchannel\special\sidestory.2
Deleted file - D:\GitHub\SonicChannelTrack\sonic.sega.jp\sonicchannel\special\sns.2
Deleted file - D:\GitHub\SonicChannelTrack\sonic.sega.jp\sonicchannel\special\staffcolumn.2
Deleted file - D:\GitHub\SonicChannelTrack\sonic.sega.jp\sonicchannel\special\gamecontents\soniccolors.2
Deleted file - D:\GitHub\SonicChannelTrack\sonic.sega.jp\sonicchannel\special\gamecontents\sonicforces.2
Deleted file - D:\GitHub\SonicChannelTrack\sonic.sega.jp\sonicchannel\special\gamecontents\sonicmania.2
Deleted file - D:\GitHub\SonicChannelTrack\sonic.sega.jp\sonicchannel\special\sidestory\comic.2
Deleted file - D:\GitHub\SonicChannelTrack\sonic.sega.jp\sonicchannel\special\sidestory\coverstory.2
Deleted file - D:\GitHub\SonicChannelTrack\sonic.sega.jp\sonicchannel\special\sidestory\ohgiri.2
Deleted file - D:\GitHub\SonicChannelTrack\sonic.sega.jp\sonicchannel\special\sidestory\sonicpict.2
Deleted file - D:\GitHub\SonicChannelTrack\sonic.sega.jp\sonicchannel\special\soundcolumn\ohtani.2
Deleted file - D:\GitHub\SonicChannelTrack\sonic.sega.jp\sonicchannel\special\soundcolumn\senoue.2
Deleted file - D:\GitHub\SonicChannelTrack\sonic.sega.jp\sonicchannel\topics\collaboration.2
Deleted file - D:\GitHub\SonicChannelTrack\sonic.sega.jp\sonicchannel\topics\event.2
Deleted file - D:\GitHub\SonicChannelTrack\sonic.sega.jp\sonicchannel\topics\goods.2
Deleted file - D:\GitHub\SonicChannelTrack\sonic.sega.jp\sonicchannel\topics\information.2
Deleted file - D:\GitHub\SonicChannelTrack\sonic.sega.jp\sonicchannel\topics\sound.2
Deleted file - D:\GitHub\SonicChannelTrack\sonic.sega.jp\sonicchannel\about.3
Deleted file - D:\GitHub\SonicChannelTrack\sonic.sega.jp\sonicchannel\character.3
Deleted file - D:\GitHub\SonicChannelTrack\sonic.sega.jp\sonicchannel\fangallery.3
Deleted file - D:\GitHub\SonicChannelTrack\sonic.sega.jp\sonicchannel\fangallery\apply.3
Deleted file - D:\GitHub\SonicChannelTrack\sonic.sega.jp\sonicchannel\fangallery\fanart.3
Deleted file - D:\GitHub\SonicChannelTrack\sonic.sega.jp\sonicchannel\fangallery\oshiete.3
Deleted file - D:\GitHub\SonicChannelTrack\sonic.sega.jp\sonicchannel\fangallery\screenshot.3
Deleted file - D:\GitHub\SonicChannelTrack\sonic.sega.jp\sonicchannel\special\sidestory.3
Deleted file - D:\GitHub\SonicChannelTrack\sonic.sega.jp\sonicchannel\special\staffcolumn.3
Deleted file - D:\GitHub\SonicChannelTrack\sonic.sega.jp\sonicchannel\special\gamecontents\soniccolors.3
Deleted file - D:\GitHub\SonicChannelTrack\sonic.sega.jp\sonicchannel\special\gamecontents\sonicforces.3
Deleted file - D:\GitHub\SonicChannelTrack\sonic.sega.jp\sonicchannel\special\sidestory\comic.3
Deleted file - D:\GitHub\SonicChannelTrack\sonic.sega.jp\sonicchannel\special\sidestory\coverstory.3
Deleted file - D:\GitHub\SonicChannelTrack\sonic.sega.jp\sonicchannel\special\sidestory\ohgiri.3
Deleted file - D:\GitHub\SonicChannelTrack\sonic.sega.jp\sonicchannel\special\sidestory\sonicpict.3
Deleted file - D:\GitHub\SonicChannelTrack\sonic.sega.jp\sonicchannel\topics\collaboration.3
Deleted file - D:\GitHub\SonicChannelTrack\sonic.sega.jp\sonicchannel\topics\event.3
Deleted file - D:\GitHub\SonicChannelTrack\sonic.sega.jp\sonicchannel\topics\goods.3
Deleted file - D:\GitHub\SonicChannelTrack\sonic.sega.jp\sonicchannel\topics\information.3
Deleted file - D:\GitHub\SonicChannelTrack\sonic.sega.jp\sonicchannel\topics\sound.3
Deleted file - D:\GitHub\SonicChannelTrack\sonic.sega.jp\sonicchannel\about.4
Deleted file - D:\GitHub\SonicChannelTrack\sonic.sega.jp\sonicchannel\character.4
Deleted file - D:\GitHub\SonicChannelTrack\sonic.sega.jp\sonicchannel\fangallery.4
Deleted file - D:\GitHub\SonicChannelTrack\sonic.sega.jp\sonicchannel\special\sidestory.4
Deleted file - D:\GitHub\SonicChannelTrack\sonic.sega.jp\sonicchannel\special\gamecontents\soniccolors.4
Deleted file - D:\GitHub\SonicChannelTrack\sonic.sega.jp\sonicchannel\special\sidestory\comic.4
Deleted file - D:\GitHub\SonicChannelTrack\sonic.sega.jp\sonicchannel\special\sidestory\coverstory.4
Deleted file - D:\GitHub\SonicChannelTrack\sonic.sega.jp\sonicchannel\topics\collaboration.4
Deleted file - D:\GitHub\SonicChannelTrack\sonic.sega.jp\sonicchannel\topics\event.4
Deleted file - D:\GitHub\SonicChannelTrack\sonic.sega.jp\sonicchannel\topics\goods.4
Deleted file - D:\GitHub\SonicChannelTrack\sonic.sega.jp\sonicchannel\topics\information.4
Deleted file - D:\GitHub\SonicChannelTrack\sonic.sega.jp\sonicchannel\topics\sound.4
Deleted file - D:\GitHub\SonicChannelTrack\www.olympicvideogames.com\sonic\br.1
Deleted file - D:\GitHub\SonicChannelTrack\www.olympicvideogames.com\sonic\cn.1
Deleted file - D:\GitHub\SonicChannelTrack\www.olympicvideogames.com\sonic\de.1
Deleted file - D:\GitHub\SonicChannelTrack\www.olympicvideogames.com\sonic\en.1
Deleted file - D:\GitHub\SonicChannelTrack\www.olympicvideogames.com\sonic\es.1
Deleted file - D:\GitHub\SonicChannelTrack\www.olympicvideogames.com\sonic\fr.1
Deleted file - D:\GitHub\SonicChannelTrack\www.olympicvideogames.com\sonic\it.1
Deleted file - D:\GitHub\SonicChannelTrack\www.olympicvideogames.com\sonic\jp.1
Deleted file - D:\GitHub\SonicChannelTrack\www.olympicvideogames.com\sonic\kr.1
Deleted file - D:\GitHub\SonicChannelTrack\www.olympicvideogames.com\sonic\nl.1
Deleted file - D:\GitHub\SonicChannelTrack\www.olympicvideogames.com\sonic\ru.1
Deleted file - D:\GitHub\SonicChannelTrack\www.olympicvideogames.com\sonic\zh.1
Deleted file - D:\GitHub\SonicChannelTrack\sonicteam.com\SonicWorldAdventure\director.1
Deleted file - D:\GitHub\SonicChannelTrack\sonicteam.com\SonicWorldAdventure\hamidashi.1
[main c4bfc191d62] files from 2024-07-03, 11:53:37
 94 files changed, 14602 insertions(+), 439 deletions(-)
 create mode 100644 log/KrazeeTobi-2024-07-03_065910.log
 create mode 100644 sonic.sega.jp/SonicXShadowGenerations/assets/css/chara.min.css
 create mode 100644 sonic.sega.jp/SonicXShadowGenerations/assets/css/story.min.css
 create mode 100644 sonic.sega.jp/SonicXShadowGenerations/assets/images/common/chara/pageTitle.png
 create mode 100644 sonic.sega.jp/SonicXShadowGenerations/assets/images/common/guide/ceBtn.jpg
 create mode 100644 sonic.sega.jp/SonicXShadowGenerations/assets/images/common/guide/sdxImg-02.jpg
 create mode 100644 sonic.sega.jp/SonicXShadowGenerations/assets/images/common/loadingBg.jpg
 create mode 100644 sonic.sega.jp/SonicXShadowGenerations/assets/images/common/news/detailIcon.png
 create mode 100644 sonic.sega.jp/SonicXShadowGenerations/assets/images/common/story/pageTitle.png
 create mode 100644 sonic.sega.jp/SonicXShadowGenerations/assets/images/common/story/story01-ss01.jpg
 create mode 100644 sonic.sega.jp/SonicXShadowGenerations/assets/images/common/story/story01-ss02.jpg
 create mode 100644 sonic.sega.jp/SonicXShadowGenerations/assets/images/common/story/story01-ss03.jpg
 create mode 100644 sonic.sega.jp/SonicXShadowGenerations/assets/images/common/story/story01-ss04.jpg
 create mode 100644 sonic.sega.jp/SonicXShadowGenerations/assets/images/common/story/story01-ss05.jpg
 create mode 100644 sonic.sega.jp/SonicXShadowGenerations/assets/images/common/story/story02-ss01.jpg
 create mode 100644 sonic.sega.jp/SonicXShadowGenerations/assets/images/common/story/story02-ss02.jpg
 create mode 100644 sonic.sega.jp/SonicXShadowGenerations/assets/images/common/story/story02-ss03.jpg
 create mode 100644 sonic.sega.jp/SonicXShadowGenerations/assets/images/common/story/story02-ss04.jpg
 create mode 100644 sonic.sega.jp/SonicXShadowGenerations/assets/images/common/story/story02-ss05.jpg
 create mode 100644 sonic.sega.jp/SonicXShadowGenerations/assets/images/pc/chara/changeBtn-hover.png
 create mode 100644 sonic.sega.jp/SonicXShadowGenerations/assets/images/pc/chara/changeBtn.png
 create mode 100644 sonic.sega.jp/SonicXShadowGenerations/assets/images/pc/chara/charaMark01.png
 create mode 100644 sonic.sega.jp/SonicXShadowGenerations/assets/images/pc/chara/charaMark02.png
 create mode 100644 sonic.sega.jp/SonicXShadowGenerations/assets/images/pc/chara/cut01-pc.png
 create mode 100644 sonic.sega.jp/SonicXShadowGenerations/assets/images/pc/chara/cut02-pc.png
 create mode 100644 sonic.sega.jp/SonicXShadowGenerations/assets/images/pc/story/storyMark01.png
 create mode 100644 sonic.sega.jp/SonicXShadowGenerations/assets/images/pc/story/storyMark02.png
 create mode 100644 sonic.sega.jp/SonicXShadowGenerations/assets/images/pc/story/storyTitle01.png
 create mode 100644 sonic.sega.jp/SonicXShadowGenerations/assets/images/pc/story/storyTitle02.png
 create mode 100644 sonic.sega.jp/SonicXShadowGenerations/assets/images/pc/story/storyssBackImg01.png
 create mode 100644 sonic.sega.jp/SonicXShadowGenerations/assets/images/pc/story/storyssBackImg02.png
 create mode 100644 sonic.sega.jp/SonicXShadowGenerations/assets/images/pc/story/storyssFrontImg01.png
 create mode 100644 sonic.sega.jp/SonicXShadowGenerations/assets/images/pc/story/storyssFrontImg02.png
 create mode 100644 sonic.sega.jp/SonicXShadowGenerations/assets/images/sp/chage01-btn.png
 create mode 100644 sonic.sega.jp/SonicXShadowGenerations/assets/images/sp/chage01.png
 create mode 100644 sonic.sega.jp/SonicXShadowGenerations/assets/images/sp/chage02-btn.png
 create mode 100644 sonic.sega.jp/SonicXShadowGenerations/assets/images/sp/chage02.png
 create mode 100644 sonic.sega.jp/SonicXShadowGenerations/assets/images/sp/chara/changeBtn.png
 create mode 100644 sonic.sega.jp/SonicXShadowGenerations/assets/images/sp/chara/charaMark01.png
 create mode 100644 sonic.sega.jp/SonicXShadowGenerations/assets/images/sp/chara/charaMark02.png
 create mode 100644 sonic.sega.jp/SonicXShadowGenerations/assets/images/sp/chara/cs01.png
 create mode 100644 sonic.sega.jp/SonicXShadowGenerations/assets/images/sp/chara/cs02.png
 create mode 100644 sonic.sega.jp/SonicXShadowGenerations/assets/images/sp/chara/cut01.png
 create mode 100644 sonic.sega.jp/SonicXShadowGenerations/assets/images/sp/chara/cut02.png
 create mode 100644 sonic.sega.jp/SonicXShadowGenerations/assets/images/sp/story/storyssBackImg01.png
 create mode 100644 sonic.sega.jp/SonicXShadowGenerations/assets/images/sp/story/storyssBackImg02.png
 create mode 100644 sonic.sega.jp/SonicXShadowGenerations/assets/images/sp/story/storyssFrontImg01.png
 create mode 100644 sonic.sega.jp/SonicXShadowGenerations/assets/images/sp/story/storyssFrontImg02.png
 create mode 100644 sonic.sega.jp/SonicXShadowGenerations/assets/js/chara.js
 create mode 100644 sonic.sega.jp/SonicXShadowGenerations/assets/js/common.min.js
 create mode 100644 sonic.sega.jp/SonicXShadowGenerations/assets/js/common.min.js@20240608
 create mode 100644 sonic.sega.jp/SonicXShadowGenerations/assets/js/libs/tsparticles.bundle.js
 create mode 100644 sonic.sega.jp/SonicXShadowGenerations/assets/js/sns.min.js
 create mode 100644 sonic.sega.jp/SonicXShadowGenerations/assets/js/story.js
 create mode 100644 sonic.sega.jp/SonicXShadowGenerations/character.html
 create mode 100644 sonic.sega.jp/SonicXShadowGenerations/story.html
