Already up to date.
[main 442c04792b] files from 2022-10-11, 18:10:28
 671 files changed, 2449 insertions(+), 55363 deletions(-)
 delete mode 100644 archives/nikkei-tgs/2020/May/16/tgs/2020/en/exhibition/indie_games.html
 delete mode 100644 archives/sonicteam/2005/April/21/psogc/minhiro/event/event45.html
 delete mode 100644 archives/sonicteam/2005/April/21/psogc/minhiro/event/event48.html
 delete mode 100644 archives/sonicteam/2005/April/21/psogc/minhiro/event/event_13_1.html
 delete mode 100644 archives/sonicteam/2005/April/21/psogc/minhiro/event/event_23.html
 delete mode 100644 archives/sonicteam/2005/April/21/psogc/minhiro/event/event_25.html
 delete mode 100644 archives/sonicteam/2005/April/21/psogc/minhiro/ichimai/ichi_72.html
 delete mode 100644 archives/sonicteam/2005/April/29/3title/sonic2b/ja/bbs/menu.html
 delete mode 100644 archives/sonicteam/2005/April/29/fromteam/interview/kawamura/chao2.jpg
 delete mode 100644 archives/sonicteam/2005/April/29/psogc/pc/index_on.html
 delete mode 100644 archives/sonicteam/2005/April/29/tgs2001fall/SA2B_gamen/svsgc_01.jpg
 delete mode 100644 archives/sonicteam/2005/April/29/tgs2001fall/SA2B_gamen/svsgc_02.jpg
 delete mode 100644 archives/sonicteam/2005/April/29/tgs2001fall/SA2B_gamen/svsgc_04.jpg
 delete mode 100644 archives/sonicteam/2005/August/18/3title/sonic2b/ja/race.html
 delete mode 100644 archives/sonicteam/2005/August/18/atom/sec2.html
 delete mode 100644 archives/sonicteam/2005/August/18/pso/minhiro2/image/bu_rule1.png
 delete mode 100644 archives/sonicteam/2005/August/18/pso/minhiro2/toukou/t_lobby.html
 delete mode 100644 archives/sonicteam/2005/August/18/pso3/image/42.html
 delete mode 100644 archives/sonicteam/2005/August/18/psogc/minhiro/fc_3/repo/huca.jpg
 delete mode 100644 archives/sonicteam/2005/August/18/psogc/minhiro/fc_3/repo/repo7_6.jpg
 delete mode 100644 archives/sonicteam/2005/August/18/psogc/pc/index.html
 delete mode 100644 archives/sonicteam/2005/August/18/sonic2b/en/summary_e.html
 delete mode 100644 archives/sonicteam/2005/August/18/sonic_battle/battle_str.html
 delete mode 100644 archives/sonicteam/2005/August/18/sonicadv2/0525/shots_boss_e.html
 delete mode 100644 archives/sonicteam/2005/August/18/sonicadvdx/mission.html
 delete mode 100644 archives/sonicteam/2005/August/18/sonicx/song_ed3.html
 delete mode 100644 archives/sonicteam/2005/August/19/3title/sonic2b/ja/story.html
 delete mode 100644 archives/sonicteam/2005/August/19/chJ/index.html
 delete mode 100644 archives/sonicteam/2005/August/19/chao/en/index.html
 delete mode 100644 archives/sonicteam/2005/August/19/chao/ja/chao_lab.html
 delete mode 100644 archives/sonicteam/2005/August/19/giantegg/ge_story.html
 delete mode 100644 archives/sonicteam/2005/August/19/index.html
 delete mode 100644 archives/sonicteam/2005/August/19/nights/cm/cm.html
 delete mode 100644 archives/sonicteam/2005/August/19/nights/contents.html
 delete mode 100644 archives/sonicteam/2005/August/19/pso/minhiro2/illust/i_171.html
 delete mode 100644 archives/sonicteam/2005/August/19/pso/minhiro2/illust/i_172.html
 delete mode 100644 archives/sonicteam/2005/August/19/pso/minhiro2/illust/i_258.html
 delete mode 100644 archives/sonicteam/2005/August/19/pso/minhiro2/illust/i_259.html
 delete mode 100644 archives/sonicteam/2005/August/19/pso/minhiro2/illust/i_276.html
 delete mode 100644 archives/sonicteam/2005/August/19/pso/minhiro2/illust/i_285.html
 delete mode 100644 archives/sonicteam/2005/August/19/pso/minhiro2/illust/i_292.html
 delete mode 100644 archives/sonicteam/2005/August/19/pso/minhiro2/illust/i_295.html
 delete mode 100644 archives/sonicteam/2005/August/19/pso/minhiro2/illust/i_296.html
 delete mode 100644 archives/sonicteam/2005/August/19/pso/minhiro2/illust/i_313.html
 delete mode 100644 archives/sonicteam/2005/August/19/pso/minhiro2/illust/i_315.html
 delete mode 100644 archives/sonicteam/2005/August/19/pso/minhiro2/illust/i_317.html
 delete mode 100644 archives/sonicteam/2005/August/19/pso/minhiro2/illust/i_322.html
 delete mode 100644 archives/sonicteam/2005/August/19/pso/minhiro2/illust/i_324.html
 delete mode 100644 archives/sonicteam/2005/August/19/pso/minhiro2/illust/i_325.html
 delete mode 100644 archives/sonicteam/2005/August/19/pso/minhiro2/illust/i_326.html
 delete mode 100644 archives/sonicteam/2005/August/19/pso/minhiro2/illust/i_334.html
 delete mode 100644 archives/sonicteam/2005/August/19/pso/minhiro2/illust/i_344.html
 delete mode 100644 archives/sonicteam/2005/August/19/pso/minhiro2/illust/i_346.html
 delete mode 100644 archives/sonicteam/2005/August/19/pso/minhiro2/illust/i_348.html
 delete mode 100644 archives/sonicteam/2005/August/19/pso/minhiro2/illust/i_349.html
 delete mode 100644 archives/sonicteam/2005/August/19/pso/minhiro2/illust/i_384.html
 delete mode 100644 archives/sonicteam/2005/August/19/pso/minhiro2/illust/i_387.html
 delete mode 100644 archives/sonicteam/2005/August/19/pso/minhiro2/illust/i_390.html
 delete mode 100644 archives/sonicteam/2005/August/19/pso/minhiro2/illust/i_394.html
 delete mode 100644 archives/sonicteam/2005/August/19/pso/minhiro2/illust/i_397.html
 delete mode 100644 archives/sonicteam/2005/August/19/pso/minhiro2/illust/i_400.html
 delete mode 100644 archives/sonicteam/2005/August/19/pso/minhiro2/illust/i_403.html
 delete mode 100644 archives/sonicteam/2005/August/19/pso/minhiro2/illust/i_430.html
 delete mode 100644 archives/sonicteam/2005/August/19/pso/minhiro2/illust/i_445.html
 delete mode 100644 archives/sonicteam/2005/August/19/pso/minhiro2/illust/image/i_166_s.png
 delete mode 100644 archives/sonicteam/2005/August/19/pso/minhiro2/illust/image/i_191_s.png
 delete mode 100644 archives/sonicteam/2005/August/19/pso/minhiro2/illust/image/i_268.jpg
 delete mode 100644 archives/sonicteam/2005/August/19/pso/minhiro2/illust/image/i_333.jpg
 delete mode 100644 archives/sonicteam/2005/August/19/pso/minhiro2/illust/image/i_377_s.png
 delete mode 100644 archives/sonicteam/2005/August/19/pso/minhiro2/illust/image/i_451_s.png
 delete mode 100644 archives/sonicteam/2005/August/19/pso/minhiro2/illust/image/i_468.jpg
 delete mode 100644 archives/sonicteam/2005/August/19/pso/minhiro2/illust/image/i_475_s.png
 delete mode 100644 archives/sonicteam/2005/August/19/pso/minhiro2/lobby/image/lobby039_1.jpg
 delete mode 100644 archives/sonicteam/2005/August/19/pso/minhiro2/lobby/image/lobby051_2.jpg
 delete mode 100644 archives/sonicteam/2005/August/19/pso/minhiro2/lobby/lobby012_1.html
 delete mode 100644 archives/sonicteam/2005/August/19/pso/minhiro2/lobby/lobby020_1.html
 delete mode 100644 archives/sonicteam/2005/August/19/pso/minhiro2/lobby/lobby028_1.html
 delete mode 100644 archives/sonicteam/2005/August/19/pso/minhiro2/lobby/lobby031_1.html
 delete mode 100644 archives/sonicteam/2005/August/19/pso/minhiro2/lobby/lobby032_1.html
 delete mode 100644 archives/sonicteam/2005/August/19/pso/minhiro2/lobby/lobby038_1.html
 delete mode 100644 archives/sonicteam/2005/August/19/pso/minhiro2/lobby/lobby040_1.html
 delete mode 100644 archives/sonicteam/2005/August/19/pso/minhiro2/lobby/lobby067_1.html
 delete mode 100644 archives/sonicteam/2005/August/19/pso/minhiro2/lobby/lobby076_1.html
 delete mode 100644 archives/sonicteam/2005/August/19/pso/minhiro2/shuyaku/s_023.html
 delete mode 100644 archives/sonicteam/2005/August/19/pso/minhiro2/shuyaku/s_026.html
 delete mode 100644 archives/sonicteam/2005/August/19/pso/minhiro2/shuyaku/s_033.html
 delete mode 100644 archives/sonicteam/2005/August/19/pso/minhiro2/shuyaku/s_036.html
 delete mode 100644 archives/sonicteam/2005/August/19/pso3/dengeki/righth.html
 delete mode 100644 archives/sonicteam/2005/August/19/pso3/illust/entry/051.html
 delete mode 100644 archives/sonicteam/2005/August/19/pso3/image/42.html
 delete mode 100644 archives/sonicteam/2005/August/19/pso3/nindrea/title02.png
 delete mode 100644 archives/sonicteam/2005/August/19/psogc/manual_norikae.html
 delete mode 100644 archives/sonicteam/2005/August/19/psogc/minhiro/ichimai/i54_2.jpg
 delete mode 100644 archives/sonicteam/2005/August/19/psogc/minhiro/ichimai/i54_4.jpg
 delete mode 100644 archives/sonicteam/2005/August/19/psogc/minhiro/illust/21_30.html
 delete mode 100644 archives/sonicteam/2005/August/19/psogc/minhiro/illust/341_350.html
 delete mode 100644 archives/sonicteam/2005/August/19/psogc/minhiro/illust/51_60.html
 delete mode 100644 archives/sonicteam/2005/August/19/psogc/minhiro/illust/71_80.html
 delete mode 100644 archives/sonicteam/2005/August/19/psogc/minhiro/illust/illust08.html
 delete mode 100644 archives/sonicteam/2005/August/19/psogc/minhiro/illust/illust219.html
 delete mode 100644 archives/sonicteam/2005/August/19/psogc/minhiro/illust/illust26.html
 delete mode 100644 archives/sonicteam/2005/August/19/psogc/minhiro/illust/illust33.html
 delete mode 100644 archives/sonicteam/2005/August/19/psogc/minhiro/illust/illust39.html
 delete mode 100644 archives/sonicteam/2005/August/19/psogc/minhiro/illust/illust439.html
 delete mode 100644 archives/sonicteam/2005/August/19/psogc/minhiro/illust/illust447.html
 delete mode 100644 archives/sonicteam/2005/August/19/psogc/minhiro/illust/illust463.html
 delete mode 100644 archives/sonicteam/2005/August/19/psogc/minhiro/illust/illust471.html
 delete mode 100644 archives/sonicteam/2005/August/19/psogc/minhiro/illust/illust473.html
 delete mode 100644 archives/sonicteam/2005/August/19/psogc/minhiro/illust/illust474.html
 delete mode 100644 archives/sonicteam/2005/August/19/psogc/minhiro/illust/illust52.html
 delete mode 100644 archives/sonicteam/2005/August/19/psogc/minhiro/illust/illust58.html
 delete mode 100644 archives/sonicteam/2005/August/19/psogc/minhiro/illust/illust62.html
 delete mode 100644 archives/sonicteam/2005/August/19/psogc/minhiro/illust/illust74.html
 delete mode 100644 archives/sonicteam/2005/August/19/psogc/minhiro/illust/illust_226_s.png
 delete mode 100644 archives/sonicteam/2005/August/19/psogc/minhiro/illust/illust_251.jpg
 delete mode 100644 archives/sonicteam/2005/August/19/psogc/minhiro/illust/illust_252_s.png
 delete mode 100644 archives/sonicteam/2005/August/19/psogc/minhiro/illust/illust_409_s.png
 delete mode 100644 archives/sonicteam/2005/August/19/psogc/minhiro/illust/illust_439_s.png
 delete mode 100644 archives/sonicteam/2005/August/19/psogc/minhiro/illust/illust_455_s.png
 delete mode 100644 archives/sonicteam/2005/August/19/psogc/minhiro/illust/illust_60_s.png
 delete mode 100644 archives/sonicteam/2005/August/19/psogc/minhiro/illust/illust_95.jpg
 delete mode 100644 archives/sonicteam/2005/August/19/psogc/minhiro/illust/t_401_410.png
 delete mode 100644 archives/sonicteam/2005/August/19/psogc/minhiro/novel/nv46_50.html
 delete mode 100644 archives/sonicteam/2005/August/19/psogc/minhiro/team/team102_1.jpg
 delete mode 100644 archives/sonicteam/2005/August/19/psogc/minhiro/team/team102_t.png
 delete mode 100644 archives/sonicteam/2005/August/19/psogc/minhiro/team/team136_1.jpg
 delete mode 100644 archives/sonicteam/2005/August/19/psogc/minhiro/team/team158_t.png
 delete mode 100644 archives/sonicteam/2005/August/19/psogc/minhiro/team/team168_1.jpg
 delete mode 100644 archives/sonicteam/2005/August/19/psogc/minhiro/team/team178_1.jpg
 delete mode 100644 archives/sonicteam/2005/August/19/psogc/minhiro/team/team18_1.jpg
 delete mode 100644 archives/sonicteam/2005/August/19/psogc/minhiro/team/team251_t.png
 delete mode 100644 archives/sonicteam/2005/August/19/psogc/minhiro/team/team32_1.jpg
 delete mode 100644 archives/sonicteam/2005/August/19/psogc/minhiro/team/team41_t.png
 delete mode 100644 archives/sonicteam/2005/August/19/psogc/minhiro/team/team74_t.png
 delete mode 100644 archives/sonicteam/2005/August/19/psogc/minhiro/team/team_05.html
 delete mode 100644 archives/sonicteam/2005/August/19/psogc/minhiro/team/team_101.html
 delete mode 100644 archives/sonicteam/2005/August/19/psogc/minhiro/team/team_106.html
 delete mode 100644 archives/sonicteam/2005/August/19/psogc/minhiro/team/team_109_log.html
 delete mode 100644 archives/sonicteam/2005/August/19/psogc/minhiro/team/team_117.html
 delete mode 100644 archives/sonicteam/2005/August/19/psogc/minhiro/team/team_119.html
 delete mode 100644 archives/sonicteam/2005/August/19/psogc/minhiro/team/team_128.html
 delete mode 100644 archives/sonicteam/2005/August/19/psogc/minhiro/team/team_139.html
 delete mode 100644 archives/sonicteam/2005/August/19/psogc/minhiro/team/team_142.html
 delete mode 100644 archives/sonicteam/2005/August/19/psogc/minhiro/team/team_153_log.html
 delete mode 100644 archives/sonicteam/2005/August/19/psogc/minhiro/team/team_154.html
 delete mode 100644 archives/sonicteam/2005/August/19/psogc/minhiro/team/team_174.html
 delete mode 100644 archives/sonicteam/2005/August/19/psogc/minhiro/team/team_185.html
 delete mode 100644 archives/sonicteam/2005/August/19/psogc/minhiro/team/team_186.html
 delete mode 100644 archives/sonicteam/2005/August/19/psogc/minhiro/team/team_199.html
 delete mode 100644 archives/sonicteam/2005/August/19/psogc/minhiro/team/team_21.html
 delete mode 100644 archives/sonicteam/2005/August/19/psogc/minhiro/team/team_217.html
 delete mode 100644 archives/sonicteam/2005/August/19/psogc/minhiro/team/team_218.html
 delete mode 100644 archives/sonicteam/2005/August/19/psogc/minhiro/team/team_226.html
 delete mode 100644 archives/sonicteam/2005/August/19/psogc/minhiro/team/team_234.html
 delete mode 100644 archives/sonicteam/2005/August/19/psogc/minhiro/team/team_265.html
 delete mode 100644 archives/sonicteam/2005/August/19/psogc/minhiro/team/team_268.html
 delete mode 100644 archives/sonicteam/2005/August/19/psogc/minhiro/team/team_284.html
 delete mode 100644 archives/sonicteam/2005/August/19/psogc/minhiro/team/team_288.html
 delete mode 100644 archives/sonicteam/2005/August/19/psogc/minhiro/team/team_49.html
 delete mode 100644 archives/sonicteam/2005/August/19/psogc/minhiro/team/team_79.html
 delete mode 100644 archives/sonicteam/2005/August/19/psogc/minhiro/team/team_93.html
 delete mode 100644 archives/sonicteam/2005/August/19/psogc/minhiro/team/team_95.html
 delete mode 100644 archives/sonicteam/2005/August/19/puyofever/dl_wp3.html
 delete mode 100644 archives/sonicteam/2005/August/19/puyofever/dl_wp7.html
 delete mode 100644 archives/sonicteam/2005/August/19/puyofever/dl_wp8.html
 delete mode 100644 archives/sonicteam/2005/August/19/puyofever/info_dc.html
 delete mode 100644 archives/sonicteam/2005/August/19/puyofever/new12.html
 delete mode 100644 archives/sonicteam/2005/August/19/robots.txt
 delete mode 100644 archives/sonicteam/2005/August/19/sonic2b/en/chara2p_e.html
 delete mode 100644 archives/sonicteam/2005/August/19/sonic2b/en/index.html
 delete mode 100644 archives/sonicteam/2005/August/19/sonic_battle/images/btl_ss04d.gif
 delete mode 100644 archives/sonicteam/2005/August/19/sonic_cafe/pengo/pengo.html
 delete mode 100644 archives/sonicteam/2005/August/19/sonicadvdx/images/pts1c.jpg
 delete mode 100644 archives/sonicteam/2005/August/19/sonicadvdx/images/s_card.jpg
 delete mode 100644 archives/sonicteam/2005/August/21/sonicjam/index.html
 delete mode 100644 archives/sonicteam/2005/August/22/3title/sonic2b/ja/hint/menu.html
 delete mode 100644 archives/sonicteam/2005/August/22/chao/en/index.html
 delete mode 100644 archives/sonicteam/2005/August/22/pso/minhiro2/illust/image/i_183.jpg
 delete mode 100644 archives/sonicteam/2005/August/22/pso/minhiro2/illust/image/i_323.jpg
 delete mode 100644 archives/sonicteam/2005/August/22/pso/minhiro2/illust/image/i_333.jpg
 delete mode 100644 archives/sonicteam/2005/August/22/pso/minhiro2/illust/image/i_359.jpg
 delete mode 100644 archives/sonicteam/2005/August/22/pso/minhiro2/illust/image/i_502_s.png
 delete mode 100644 archives/sonicteam/2005/August/22/pso/minhiro2/lobby/lobby037_1.html
 delete mode 100644 archives/sonicteam/2005/August/22/pso/minhiro2/lobby/lobby038_1.html
 delete mode 100644 archives/sonicteam/2005/August/22/pso/minhiro2/lobby/lobby039_1.html
 delete mode 100644 archives/sonicteam/2005/August/22/pso/minhiro2/lobby/lobby044_1.html
 delete mode 100644 archives/sonicteam/2005/August/22/pso/minhiro2/shuyaku/s_026.html
 delete mode 100644 archives/sonicteam/2005/August/22/psogc/minhiro/fc_3/repo/fonm.jpg
 delete mode 100644 archives/sonicteam/2005/August/22/puyofever/dl_wp5.html
 delete mode 100644 archives/sonicteam/2005/August/23/index.html
 delete mode 100644 archives/sonicteam/2005/August/23/pso/index.html
 delete mode 100644 archives/sonicteam/2005/August/23/pso/index2.html
 delete mode 100644 archives/sonicteam/2005/August/23/pso/minhiro2/illust/i_496.html
 delete mode 100644 archives/sonicteam/2005/August/23/psogc/minhiro/illust/illust_396_s.png
 delete mode 100644 archives/sonicteam/2005/August/23/robots.txt
 delete mode 100644 archives/sonicteam/2005/August/24/3title/sonic2b/ja/bbs/index.html
 delete mode 100644 archives/sonicteam/2005/August/24/3title/sonic2b/ja/chao.html
 delete mode 100644 archives/sonicteam/2005/August/24/3title/sonic2b/ja/chara2p_dark.html
 delete mode 100644 archives/sonicteam/2005/August/24/3title/sonic2b/ja/hint/title/title_dark.jpg
 delete mode 100644 archives/sonicteam/2005/August/24/3title/sonic2b/ja/index.html
 delete mode 100644 archives/sonicteam/2005/August/24/3title/sonic2b/ja/movies.html
 delete mode 100644 archives/sonicteam/2005/August/24/3title/sonic2b/shots/sty_d.jpg
 delete mode 100644 archives/sonicteam/2005/August/24/3title/sonicadvance/sonicadvance_b.html
 delete mode 100644 archives/sonicteam/2005/August/24/atom/sec2.html
 delete mode 100644 archives/sonicteam/2005/August/24/cafe/event/index.html
 delete mode 100644 archives/sonicteam/2005/August/24/cafe/kart/index.html
 delete mode 100644 archives/sonicteam/2005/August/24/cafe/sonicjump/index.html
 delete mode 100644 archives/sonicteam/2005/August/24/chao/en/chao_lab_adv.html
 delete mode 100644 archives/sonicteam/2005/August/24/chao/en/chao_lab_adv2b.html
 delete mode 100644 archives/sonicteam/2005/August/24/chao/en/chao_lab_advdx.html
 delete mode 100644 archives/sonicteam/2005/August/24/chao/en/gift_papercraft.html
 delete mode 100644 archives/sonicteam/2005/August/24/chao/en/index.html
 delete mode 100644 archives/sonicteam/2005/August/24/chao/index_bottom.html
 delete mode 100644 archives/sonicteam/2005/August/24/chao/ja/chao_lab_adv2b.html
 delete mode 100644 archives/sonicteam/2005/August/24/chao_hp/en/gift_wallpaper_menu.htm
 delete mode 100644 archives/sonicteam/2005/August/24/giantegg/ge_stage03.html
 delete mode 100644 archives/sonicteam/2005/August/24/giantegg/ge_vs.html
 delete mode 100644 archives/sonicteam/2005/August/24/giantegg/imgvst3.html
 delete mode 100644 archives/sonicteam/2005/August/24/index.html
 delete mode 100644 archives/sonicteam/2005/August/24/newtitle.html
 delete mode 100644 archives/sonicteam/2005/August/24/nights/ftp/nclock.lzh
 delete mode 100644 archives/sonicteam/2005/August/24/nights/snd/nsnd/box/strabox/stra4.html
 delete mode 100644 archives/sonicteam/2005/August/24/nights/snd/nsnd/dd.html
 delete mode 100644 archives/sonicteam/2005/August/24/nights/snd/nsnd/image/gimon/adima_3.gif
 delete mode 100644 archives/sonicteam/2005/August/24/nights/snd/nsnd/situmon/aadima.html
 delete mode 100644 archives/sonicteam/2005/August/24/nights/snd/nsnd/situmon/dss.html
 delete mode 100644 archives/sonicteam/2005/August/24/nights/snd/nsnd/situmon/nayami.html
 delete mode 100644 archives/sonicteam/2005/August/24/pso/index.html
 delete mode 100644 archives/sonicteam/2005/August/24/pso/minhiro2/illust/i_205.html
 delete mode 100644 archives/sonicteam/2005/August/24/pso/minhiro2/illust/i_214.html
 delete mode 100644 archives/sonicteam/2005/August/24/pso/minhiro2/illust/i_216.html
 delete mode 100644 archives/sonicteam/2005/August/24/pso/minhiro2/illust/i_219.html
 delete mode 100644 archives/sonicteam/2005/August/24/pso/minhiro2/illust/i_220.html
 delete mode 100644 archives/sonicteam/2005/August/24/pso/minhiro2/illust/i_248.html
 delete mode 100644 archives/sonicteam/2005/August/24/pso/minhiro2/illust/i_250.html
 delete mode 100644 archives/sonicteam/2005/August/24/pso/minhiro2/illust/i_251.html
 delete mode 100644 archives/sonicteam/2005/August/24/pso/minhiro2/illust/i_252.html
 delete mode 100644 archives/sonicteam/2005/August/24/pso/minhiro2/illust/i_254.html
 delete mode 100644 archives/sonicteam/2005/August/24/pso/minhiro2/illust/i_257.html
 delete mode 100644 archives/sonicteam/2005/August/24/pso/minhiro2/illust/i_258.html
 delete mode 100644 archives/sonicteam/2005/August/24/pso/minhiro2/illust/i_259.html
 delete mode 100644 archives/sonicteam/2005/August/24/pso/minhiro2/illust/i_260.html
 delete mode 100644 archives/sonicteam/2005/August/24/pso/minhiro2/illust/i_262.html
 delete mode 100644 archives/sonicteam/2005/August/24/pso/minhiro2/illust/i_263.html
 delete mode 100644 archives/sonicteam/2005/August/24/pso/minhiro2/illust/i_268.html
 delete mode 100644 archives/sonicteam/2005/August/24/pso/minhiro2/illust/i_270.html
 delete mode 100644 archives/sonicteam/2005/August/24/pso/minhiro2/illust/i_271.html
 delete mode 100644 archives/sonicteam/2005/August/24/pso/minhiro2/illust/i_274.html
 delete mode 100644 archives/sonicteam/2005/August/24/pso/minhiro2/illust/i_275.html
 delete mode 100644 archives/sonicteam/2005/August/24/pso/minhiro2/illust/i_276.html
 delete mode 100644 archives/sonicteam/2005/August/24/pso/minhiro2/illust/i_281.html
 delete mode 100644 archives/sonicteam/2005/August/24/pso/minhiro2/illust/i_282.html
 delete mode 100644 archives/sonicteam/2005/August/24/pso/minhiro2/illust/i_283.html
 delete mode 100644 archives/sonicteam/2005/August/24/pso/minhiro2/illust/i_284.html
 delete mode 100644 archives/sonicteam/2005/August/24/pso/minhiro2/illust/i_286.html
 delete mode 100644 archives/sonicteam/2005/August/24/pso/minhiro2/illust/i_287.html
 delete mode 100644 archives/sonicteam/2005/August/24/pso/minhiro2/illust/i_288.html
 delete mode 100644 archives/sonicteam/2005/August/24/pso/minhiro2/illust/i_292.html
 delete mode 100644 archives/sonicteam/2005/August/24/pso/minhiro2/illust/i_293.html
 delete mode 100644 archives/sonicteam/2005/August/24/pso/minhiro2/illust/i_294.html
 delete mode 100644 archives/sonicteam/2005/August/24/pso/minhiro2/illust/i_297.html
 delete mode 100644 archives/sonicteam/2005/August/24/pso/minhiro2/illust/i_300.html
 delete mode 100644 archives/sonicteam/2005/August/24/pso/minhiro2/illust/i_332.html
 delete mode 100644 archives/sonicteam/2005/August/24/pso/minhiro2/illust/i_333.html
 delete mode 100644 archives/sonicteam/2005/August/24/pso/minhiro2/illust/i_334.html
 delete mode 100644 archives/sonicteam/2005/August/24/pso/minhiro2/illust/i_335.html
 delete mode 100644 archives/sonicteam/2005/August/24/pso/minhiro2/illust/i_336.html
 delete mode 100644 archives/sonicteam/2005/August/24/pso/minhiro2/illust/i_337.html
 delete mode 100644 archives/sonicteam/2005/August/24/pso/minhiro2/illust/i_338.html
 delete mode 100644 archives/sonicteam/2005/August/24/pso/minhiro2/illust/i_340.html
 delete mode 100644 archives/sonicteam/2005/August/24/pso/minhiro2/illust/i_341.html
 delete mode 100644 archives/sonicteam/2005/August/24/pso/minhiro2/illust/i_342.html
 delete mode 100644 archives/sonicteam/2005/August/24/pso/minhiro2/illust/i_344.html
 delete mode 100644 archives/sonicteam/2005/August/24/pso/minhiro2/illust/i_346.html
 delete mode 100644 archives/sonicteam/2005/August/24/pso/minhiro2/illust/i_347.html
 delete mode 100644 archives/sonicteam/2005/August/24/pso/minhiro2/illust/i_348.html
 delete mode 100644 archives/sonicteam/2005/August/24/pso/minhiro2/illust/i_349.html
 delete mode 100644 archives/sonicteam/2005/August/24/pso/minhiro2/illust/i_350.html
 delete mode 100644 archives/sonicteam/2005/August/24/pso/minhiro2/illust/i_352.html
 delete mode 100644 archives/sonicteam/2005/August/24/pso/minhiro2/illust/i_353.html
 delete mode 100644 archives/sonicteam/2005/August/24/pso/minhiro2/illust/i_354.html
 delete mode 100644 archives/sonicteam/2005/August/24/pso/minhiro2/illust/i_356.html
 delete mode 100644 archives/sonicteam/2005/August/24/pso/minhiro2/illust/i_357.html
 delete mode 100644 archives/sonicteam/2005/August/24/pso/minhiro2/illust/i_367.html
 delete mode 100644 archives/sonicteam/2005/August/24/pso/minhiro2/illust/i_413.html
 delete mode 100644 archives/sonicteam/2005/August/24/pso/minhiro2/illust/i_420.html
 delete mode 100644 archives/sonicteam/2005/August/24/pso/minhiro2/illust/i_423.html
 delete mode 100644 archives/sonicteam/2005/August/24/pso/minhiro2/illust/i_424.html
 delete mode 100644 archives/sonicteam/2005/August/24/pso/minhiro2/illust/i_426.html
 delete mode 100644 archives/sonicteam/2005/August/24/pso/minhiro2/illust/i_427.html
 delete mode 100644 archives/sonicteam/2005/August/24/pso/minhiro2/illust/i_428.html
 delete mode 100644 archives/sonicteam/2005/August/24/pso/minhiro2/illust/i_429.html
 delete mode 100644 archives/sonicteam/2005/August/24/pso/minhiro2/illust/i_430.html
 delete mode 100644 archives/sonicteam/2005/August/24/pso/minhiro2/illust/i_431.html
 delete mode 100644 archives/sonicteam/2005/August/24/pso/minhiro2/illust/i_441.html
 delete mode 100644 archives/sonicteam/2005/August/24/pso/minhiro2/illust/i_446.html
 delete mode 100644 archives/sonicteam/2005/August/24/pso/minhiro2/illust/i_450.html
 delete mode 100644 archives/sonicteam/2005/August/24/pso/minhiro2/illust/i_482.html
 delete mode 100644 archives/sonicteam/2005/August/24/pso/minhiro2/illust/i_483.html
 delete mode 100644 archives/sonicteam/2005/August/24/pso/minhiro2/illust/i_484.html
 delete mode 100644 archives/sonicteam/2005/August/24/pso/minhiro2/illust/i_485.html
 delete mode 100644 archives/sonicteam/2005/August/24/pso/minhiro2/illust/i_486.html
 delete mode 100644 archives/sonicteam/2005/August/24/pso/minhiro2/illust/i_489.html
 delete mode 100644 archives/sonicteam/2005/August/24/pso/minhiro2/illust/i_490.html
 delete mode 100644 archives/sonicteam/2005/August/24/pso/minhiro2/illust/i_498.html
 delete mode 100644 archives/sonicteam/2005/August/24/pso/minhiro2/illust/i_513.html
 delete mode 100644 archives/sonicteam/2005/August/24/pso/minhiro2/illust/image/i_176.jpg
 delete mode 100644 archives/sonicteam/2005/August/24/pso/minhiro2/illust/image/i_182.jpg
 delete mode 100644 archives/sonicteam/2005/August/24/pso/minhiro2/illust/image/i_182_s.png
 delete mode 100644 archives/sonicteam/2005/August/24/pso/minhiro2/illust/image/i_191_s.png
 delete mode 100644 archives/sonicteam/2005/August/24/pso/minhiro2/illust/image/i_265.jpg
 delete mode 100644 archives/sonicteam/2005/August/24/pso/minhiro2/illust/image/i_285.jpg
 delete mode 100644 archives/sonicteam/2005/August/24/pso/minhiro2/illust/image/i_295_s.png
 delete mode 100644 archives/sonicteam/2005/August/24/pso/minhiro2/illust/image/i_304_s.png
 delete mode 100644 archives/sonicteam/2005/August/24/pso/minhiro2/illust/image/i_333_s.png
 delete mode 100644 archives/sonicteam/2005/August/24/pso/minhiro2/illust/image/i_343.jpg
 delete mode 100644 archives/sonicteam/2005/August/24/pso/minhiro2/illust/image/i_349_s.png
 delete mode 100644 archives/sonicteam/2005/August/24/pso/minhiro2/illust/image/i_358_s.png
 delete mode 100644 archives/sonicteam/2005/August/24/pso/minhiro2/illust/image/i_359.jpg
 delete mode 100644 archives/sonicteam/2005/August/24/pso/minhiro2/illust/image/i_368.jpg
 delete mode 100644 archives/sonicteam/2005/August/24/pso/minhiro2/illust/image/i_408_s.png
 delete mode 100644 archives/sonicteam/2005/August/24/pso/minhiro2/illust/image/i_423.jpg
 delete mode 100644 archives/sonicteam/2005/August/24/pso/minhiro2/illust/image/i_430_s.png
 delete mode 100644 archives/sonicteam/2005/August/24/pso/minhiro2/illust/image/i_433_s.png
 delete mode 100644 archives/sonicteam/2005/August/24/pso/minhiro2/illust/image/i_452.jpg
 delete mode 100644 archives/sonicteam/2005/August/24/pso/minhiro2/illust/image/i_468.jpg
 delete mode 100644 archives/sonicteam/2005/August/24/pso/minhiro2/illust/image/i_469.jpg
 delete mode 100644 archives/sonicteam/2005/August/24/pso/minhiro2/illust/image/i_475_s.png
 delete mode 100644 archives/sonicteam/2005/August/24/pso/minhiro2/illust/image/i_476_s.png
 delete mode 100644 archives/sonicteam/2005/August/24/pso/minhiro2/illust/image/i_477_s.png
 delete mode 100644 archives/sonicteam/2005/August/24/pso/minhiro2/illust/image/i_491_s.png
 delete mode 100644 archives/sonicteam/2005/August/24/pso/minhiro2/illust/image/i_502.jpg
 delete mode 100644 archives/sonicteam/2005/August/24/pso/minhiro2/illust/image/i_509_s.png
 delete mode 100644 archives/sonicteam/2005/August/24/pso/minhiro2/image/bu_rule1.png
 delete mode 100644 archives/sonicteam/2005/August/24/pso/minhiro2/image/nurse.gif
 delete mode 100644 archives/sonicteam/2005/August/24/pso/minhiro2/image/rhw.gif
 delete mode 100644 archives/sonicteam/2005/August/24/pso/minhiro2/lobby/image/lobby005_5.jpg
 delete mode 100644 archives/sonicteam/2005/August/24/pso/minhiro2/lobby/image/lobby007_2.jpg
 delete mode 100644 archives/sonicteam/2005/August/24/pso/minhiro2/lobby/image/lobby012_4.jpg
 delete mode 100644 archives/sonicteam/2005/August/24/pso/minhiro2/lobby/image/lobby019_3.jpg
 delete mode 100644 archives/sonicteam/2005/August/24/pso/minhiro2/lobby/image/lobby021_1.jpg
 delete mode 100644 archives/sonicteam/2005/August/24/pso/minhiro2/lobby/image/lobby034_4.jpg
 delete mode 100644 archives/sonicteam/2005/August/24/pso/minhiro2/lobby/image/lobby042_3.jpg
 delete mode 100644 archives/sonicteam/2005/August/24/pso/minhiro2/lobby/image/lobby042_4.jpg
 delete mode 100644 archives/sonicteam/2005/August/24/pso/minhiro2/lobby/image/lobby051_2.jpg
 delete mode 100644 archives/sonicteam/2005/August/24/pso/minhiro2/lobby/image/lobby059_1.jpg
 delete mode 100644 archives/sonicteam/2005/August/24/pso/minhiro2/lobby/image/lobby059_2.jpg
 delete mode 100644 archives/sonicteam/2005/August/24/pso/minhiro2/lobby/image/lobby066_2.jpg
 delete mode 100644 archives/sonicteam/2005/August/24/pso/minhiro2/lobby/image/lobby072_3.jpg
 delete mode 100644 archives/sonicteam/2005/August/24/pso/minhiro2/lobby/lobby001_1.html
 delete mode 100644 archives/sonicteam/2005/August/24/pso/minhiro2/lobby/lobby004_1.html
 delete mode 100644 archives/sonicteam/2005/August/24/pso/minhiro2/lobby/lobby012_1.html
 delete mode 100644 archives/sonicteam/2005/August/24/pso/minhiro2/lobby/lobby017_1.html
 delete mode 100644 archives/sonicteam/2005/August/24/pso/minhiro2/lobby/lobby019_1.html
 delete mode 100644 archives/sonicteam/2005/August/24/pso/minhiro2/lobby/lobby021_1.html
 delete mode 100644 archives/sonicteam/2005/August/24/pso/minhiro2/lobby/lobby062_1.html
 delete mode 100644 archives/sonicteam/2005/August/24/pso/minhiro2/lobby/lobby064_1.html
 delete mode 100644 archives/sonicteam/2005/August/24/pso/minhiro2/lobby/lobby065_1.html
 delete mode 100644 archives/sonicteam/2005/August/24/pso/minhiro2/lobby/lobby066_1.html
 delete mode 100644 archives/sonicteam/2005/August/24/pso/minhiro2/lobby/lobby067_1.html
 delete mode 100644 archives/sonicteam/2005/August/24/pso/minhiro2/lobby/lobby070_1.html
 delete mode 100644 archives/sonicteam/2005/August/24/pso/minhiro2/lobby/lobby074_1.html
 delete mode 100644 archives/sonicteam/2005/August/24/pso/minhiro2/menu.html
 delete mode 100644 archives/sonicteam/2005/August/24/pso/minhiro2/shuyaku/s_025.html
 delete mode 100644 archives/sonicteam/2005/August/24/pso/minhiro2/shuyaku/s_028.html
 delete mode 100644 archives/sonicteam/2005/August/24/pso/minhiro2/shuyaku/s_031.html
 delete mode 100644 archives/sonicteam/2005/August/24/pso/minhiro2/shuyaku/s_032.html
 delete mode 100644 archives/sonicteam/2005/August/24/pso3/nindrea/nindrea05.jpg
 delete mode 100644 archives/sonicteam/2005/August/24/pso3/nindrea/title03.png
 delete mode 100644 archives/sonicteam/2005/August/24/psogc/minhiro/ichimai/i54_2.jpg
 delete mode 100644 archives/sonicteam/2005/August/24/psogc/minhiro/ichimai/i54_4.jpg
 delete mode 100644 archives/sonicteam/2005/August/24/psogc/minhiro/illust/311_320.html
 delete mode 100644 archives/sonicteam/2005/August/24/psogc/minhiro/illust/341_350.html
 delete mode 100644 archives/sonicteam/2005/August/24/psogc/minhiro/illust/illust01.html
 delete mode 100644 archives/sonicteam/2005/August/24/psogc/minhiro/illust/illust03.html
 delete mode 100644 archives/sonicteam/2005/August/24/psogc/minhiro/illust/illust04.html
 delete mode 100644 archives/sonicteam/2005/August/24/psogc/minhiro/illust/illust06.html
 delete mode 100644 archives/sonicteam/2005/August/24/psogc/minhiro/illust/illust08.html
 delete mode 100644 archives/sonicteam/2005/August/24/psogc/minhiro/illust/illust09.html
 delete mode 100644 archives/sonicteam/2005/August/24/psogc/minhiro/illust/illust10.html
 delete mode 100644 archives/sonicteam/2005/August/24/psogc/minhiro/illust/illust204.html
 delete mode 100644 archives/sonicteam/2005/August/24/psogc/minhiro/illust/illust210.html
 delete mode 100644 archives/sonicteam/2005/August/24/psogc/minhiro/illust/illust212.html
 delete mode 100644 archives/sonicteam/2005/August/24/psogc/minhiro/illust/illust215.html
 delete mode 100644 archives/sonicteam/2005/August/24/psogc/minhiro/illust/illust221.html
 delete mode 100644 archives/sonicteam/2005/August/24/psogc/minhiro/illust/illust25.html
 delete mode 100644 archives/sonicteam/2005/August/24/psogc/minhiro/illust/illust29.html
 delete mode 100644 archives/sonicteam/2005/August/24/psogc/minhiro/illust/illust307.html
 delete mode 100644 archives/sonicteam/2005/August/24/psogc/minhiro/illust/illust311.html
 delete mode 100644 archives/sonicteam/2005/August/24/psogc/minhiro/illust/illust318.html
 delete mode 100644 archives/sonicteam/2005/August/24/psogc/minhiro/illust/illust326.html
 delete mode 100644 archives/sonicteam/2005/August/24/psogc/minhiro/illust/illust328.html
 delete mode 100644 archives/sonicteam/2005/August/24/psogc/minhiro/illust/illust335.html
 delete mode 100644 archives/sonicteam/2005/August/24/psogc/minhiro/illust/illust336.html
 delete mode 100644 archives/sonicteam/2005/August/24/psogc/minhiro/illust/illust338.html
 delete mode 100644 archives/sonicteam/2005/August/24/psogc/minhiro/illust/illust339.html
 delete mode 100644 archives/sonicteam/2005/August/24/psogc/minhiro/illust/illust340.html
 delete mode 100644 archives/sonicteam/2005/August/24/psogc/minhiro/illust/illust344.html
 delete mode 100644 archives/sonicteam/2005/August/24/psogc/minhiro/illust/illust35.html
 delete mode 100644 archives/sonicteam/2005/August/24/psogc/minhiro/illust/illust368.html
 delete mode 100644 archives/sonicteam/2005/August/24/psogc/minhiro/illust/illust37.html
 delete mode 100644 archives/sonicteam/2005/August/24/psogc/minhiro/illust/illust373.html
 delete mode 100644 archives/sonicteam/2005/August/24/psogc/minhiro/illust/illust39.html
 delete mode 100644 archives/sonicteam/2005/August/24/psogc/minhiro/illust/illust392.html
 delete mode 100644 archives/sonicteam/2005/August/24/psogc/minhiro/illust/illust394.html
 delete mode 100644 archives/sonicteam/2005/August/24/psogc/minhiro/illust/illust398.html
 delete mode 100644 archives/sonicteam/2005/August/24/psogc/minhiro/illust/illust401.html
 delete mode 100644 archives/sonicteam/2005/August/24/psogc/minhiro/illust/illust41.html
 delete mode 100644 archives/sonicteam/2005/August/24/psogc/minhiro/illust/illust410.html
 delete mode 100644 archives/sonicteam/2005/August/24/psogc/minhiro/illust/illust424.html
 delete mode 100644 archives/sonicteam/2005/August/24/psogc/minhiro/illust/illust429.html
 delete mode 100644 archives/sonicteam/2005/August/24/psogc/minhiro/illust/illust431.html
 delete mode 100644 archives/sonicteam/2005/August/24/psogc/minhiro/illust/illust436.html
 delete mode 100644 archives/sonicteam/2005/August/24/psogc/minhiro/illust/illust439.html
 delete mode 100644 archives/sonicteam/2005/August/24/psogc/minhiro/illust/illust449.html
 delete mode 100644 archives/sonicteam/2005/August/24/psogc/minhiro/illust/illust452.html
 delete mode 100644 archives/sonicteam/2005/August/24/psogc/minhiro/illust/illust455.html
 delete mode 100644 archives/sonicteam/2005/August/24/psogc/minhiro/illust/illust462.html
 delete mode 100644 archives/sonicteam/2005/August/24/psogc/minhiro/illust/illust463.html
 delete mode 100644 archives/sonicteam/2005/August/24/psogc/minhiro/illust/illust466.html
 delete mode 100644 archives/sonicteam/2005/August/24/psogc/minhiro/illust/illust472.html
 delete mode 100644 archives/sonicteam/2005/August/24/psogc/minhiro/illust/illust473.html
 delete mode 100644 archives/sonicteam/2005/August/24/psogc/minhiro/illust/illust475.html
 delete mode 100644 archives/sonicteam/2005/August/24/psogc/minhiro/illust/illust476.html
 delete mode 100644 archives/sonicteam/2005/August/24/psogc/minhiro/illust/illust478.html
 delete mode 100644 archives/sonicteam/2005/August/24/psogc/minhiro/illust/illust48.html
 delete mode 100644 archives/sonicteam/2005/August/24/psogc/minhiro/illust/illust480.html
 delete mode 100644 archives/sonicteam/2005/August/24/psogc/minhiro/illust/illust481.html
 delete mode 100644 archives/sonicteam/2005/August/24/psogc/minhiro/illust/illust52.html
 delete mode 100644 archives/sonicteam/2005/August/24/psogc/minhiro/illust/illust68.html
 delete mode 100644 archives/sonicteam/2005/August/24/psogc/minhiro/illust/illust78.html
 delete mode 100644 archives/sonicteam/2005/August/24/psogc/minhiro/illust/illust94.html
 delete mode 100644 archives/sonicteam/2005/August/24/psogc/minhiro/illust/illust98.html
 delete mode 100644 archives/sonicteam/2005/August/24/psogc/minhiro/illust/illust_203_s.png
 delete mode 100644 archives/sonicteam/2005/August/24/psogc/minhiro/illust/illust_204.jpg
 delete mode 100644 archives/sonicteam/2005/August/24/psogc/minhiro/illust/illust_218_s.png
 delete mode 100644 archives/sonicteam/2005/August/24/psogc/minhiro/illust/illust_219.jpg
 delete mode 100644 archives/sonicteam/2005/August/24/psogc/minhiro/illust/illust_226_s.png
 delete mode 100644 archives/sonicteam/2005/August/24/psogc/minhiro/illust/illust_251.jpg
 delete mode 100644 archives/sonicteam/2005/August/24/psogc/minhiro/illust/illust_251_s.png
 delete mode 100644 archives/sonicteam/2005/August/24/psogc/minhiro/illust/illust_252_s.png
 delete mode 100644 archives/sonicteam/2005/August/24/psogc/minhiro/illust/illust_259.jpg
 delete mode 100644 archives/sonicteam/2005/August/24/psogc/minhiro/illust/illust_308.jpg
 delete mode 100644 archives/sonicteam/2005/August/24/psogc/minhiro/illust/illust_35_s.png
 delete mode 100644 archives/sonicteam/2005/August/24/psogc/minhiro/illust/illust_372_s.png
 delete mode 100644 archives/sonicteam/2005/August/24/psogc/minhiro/illust/illust_422_s.png
 delete mode 100644 archives/sonicteam/2005/August/24/psogc/minhiro/illust/illust_431.jpg
 delete mode 100644 archives/sonicteam/2005/August/24/psogc/minhiro/illust/illust_455_s.png
 delete mode 100644 archives/sonicteam/2005/August/24/psogc/minhiro/illust/illust_484.jpg
 delete mode 100644 archives/sonicteam/2005/August/24/psogc/minhiro/illust/illust_51_s.png
 delete mode 100644 archives/sonicteam/2005/August/24/psogc/minhiro/illust/illust_61.jpg
 delete mode 100644 archives/sonicteam/2005/August/24/psogc/minhiro/illust/illust_81.jpg
 delete mode 100644 archives/sonicteam/2005/August/24/psogc/minhiro/illust/illust_84.jpg
 delete mode 100644 archives/sonicteam/2005/August/24/psogc/minhiro/illust/kako_illust.html
 delete mode 100644 archives/sonicteam/2005/August/24/psogc/minhiro/illust/t_431_440.png
 delete mode 100644 archives/sonicteam/2005/August/24/psogc/minhiro/team/team102_t.png
 delete mode 100644 archives/sonicteam/2005/August/24/psogc/minhiro/team/team116_1.jpg
 delete mode 100644 archives/sonicteam/2005/August/24/psogc/minhiro/team/team168_1.jpg
 delete mode 100644 archives/sonicteam/2005/August/24/psogc/minhiro/team/team168_t.png
 delete mode 100644 archives/sonicteam/2005/August/24/psogc/minhiro/team/team224_2_t.png
 delete mode 100644 archives/sonicteam/2005/August/24/psogc/minhiro/team/team252_1.jpg
 delete mode 100644 archives/sonicteam/2005/August/24/psogc/minhiro/team/team261_1.jpg
 delete mode 100644 archives/sonicteam/2005/August/24/psogc/minhiro/team/team269_1.jpg
 delete mode 100644 archives/sonicteam/2005/August/24/psogc/minhiro/team/team269_t.png
 delete mode 100644 archives/sonicteam/2005/August/24/psogc/minhiro/team/team277_t.png
 delete mode 100644 archives/sonicteam/2005/August/24/psogc/minhiro/team/team286_t.png
 delete mode 100644 archives/sonicteam/2005/August/24/psogc/minhiro/team/team297_1.jpg
 delete mode 100644 archives/sonicteam/2005/August/24/psogc/minhiro/team/team42_t.png
 delete mode 100644 archives/sonicteam/2005/August/24/psogc/minhiro/team/team98_2_t.png
 delete mode 100644 archives/sonicteam/2005/August/24/psogc/minhiro/team/team_02.html
 delete mode 100644 archives/sonicteam/2005/August/24/psogc/minhiro/team/team_03.html
 delete mode 100644 archives/sonicteam/2005/August/24/psogc/minhiro/team/team_04.html
 delete mode 100644 archives/sonicteam/2005/August/24/psogc/minhiro/team/team_102.html
 delete mode 100644 archives/sonicteam/2005/August/24/psogc/minhiro/team/team_105.html
 delete mode 100644 archives/sonicteam/2005/August/24/psogc/minhiro/team/team_109.html
 delete mode 100644 archives/sonicteam/2005/August/24/psogc/minhiro/team/team_112.html
 delete mode 100644 archives/sonicteam/2005/August/24/psogc/minhiro/team/team_116.html
 delete mode 100644 archives/sonicteam/2005/August/24/psogc/minhiro/team/team_117.html
 delete mode 100644 archives/sonicteam/2005/August/24/psogc/minhiro/team/team_118.html
 delete mode 100644 archives/sonicteam/2005/August/24/psogc/minhiro/team/team_119.html
 delete mode 100644 archives/sonicteam/2005/August/24/psogc/minhiro/team/team_125.html
 delete mode 100644 archives/sonicteam/2005/August/24/psogc/minhiro/team/team_129.html
 delete mode 100644 archives/sonicteam/2005/August/24/psogc/minhiro/team/team_130.html
 delete mode 100644 archives/sonicteam/2005/August/24/psogc/minhiro/team/team_138.html
 delete mode 100644 archives/sonicteam/2005/August/24/psogc/minhiro/team/team_141.html
 delete mode 100644 archives/sonicteam/2005/August/24/psogc/minhiro/team/team_143.html
 delete mode 100644 archives/sonicteam/2005/August/24/psogc/minhiro/team/team_15.html
 delete mode 100644 archives/sonicteam/2005/August/24/psogc/minhiro/team/team_153_log.html
 delete mode 100644 archives/sonicteam/2005/August/24/psogc/minhiro/team/team_159.html
 delete mode 100644 archives/sonicteam/2005/August/24/psogc/minhiro/team/team_16.html
 delete mode 100644 archives/sonicteam/2005/August/24/psogc/minhiro/team/team_162.html
 delete mode 100644 archives/sonicteam/2005/August/24/psogc/minhiro/team/team_162_log.html
 delete mode 100644 archives/sonicteam/2005/August/24/psogc/minhiro/team/team_163.html
 delete mode 100644 archives/sonicteam/2005/August/24/psogc/minhiro/team/team_165.html
 delete mode 100644 archives/sonicteam/2005/August/24/psogc/minhiro/team/team_167.html
 delete mode 100644 archives/sonicteam/2005/August/24/psogc/minhiro/team/team_170.html
 delete mode 100644 archives/sonicteam/2005/August/24/psogc/minhiro/team/team_175.html
 delete mode 100644 archives/sonicteam/2005/August/24/psogc/minhiro/team/team_177_log.html
 delete mode 100644 archives/sonicteam/2005/August/24/psogc/minhiro/team/team_180.html
 delete mode 100644 archives/sonicteam/2005/August/24/psogc/minhiro/team/team_181.html
 delete mode 100644 archives/sonicteam/2005/August/24/psogc/minhiro/team/team_183.html
 delete mode 100644 archives/sonicteam/2005/August/24/psogc/minhiro/team/team_184.html
 delete mode 100644 archives/sonicteam/2005/August/24/psogc/minhiro/team/team_185.html
 delete mode 100644 archives/sonicteam/2005/August/24/psogc/minhiro/team/team_186.html
 delete mode 100644 archives/sonicteam/2005/August/24/psogc/minhiro/team/team_187.html
 delete mode 100644 archives/sonicteam/2005/August/24/psogc/minhiro/team/team_196.html
 delete mode 100644 archives/sonicteam/2005/August/24/psogc/minhiro/team/team_198.html
 delete mode 100644 archives/sonicteam/2005/August/24/psogc/minhiro/team/team_201.html
 delete mode 100644 archives/sonicteam/2005/August/24/psogc/minhiro/team/team_204.html
 delete mode 100644 archives/sonicteam/2005/August/24/psogc/minhiro/team/team_205.html
 delete mode 100644 archives/sonicteam/2005/August/24/psogc/minhiro/team/team_21.html
 delete mode 100644 archives/sonicteam/2005/August/24/psogc/minhiro/team/team_212.html
 delete mode 100644 archives/sonicteam/2005/August/24/psogc/minhiro/team/team_213.html
 delete mode 100644 archives/sonicteam/2005/August/24/psogc/minhiro/team/team_215.html
 delete mode 100644 archives/sonicteam/2005/August/24/psogc/minhiro/team/team_217.html
 delete mode 100644 archives/sonicteam/2005/August/24/psogc/minhiro/team/team_218.html
 delete mode 100644 archives/sonicteam/2005/August/24/psogc/minhiro/team/team_219.html
 delete mode 100644 archives/sonicteam/2005/August/24/psogc/minhiro/team/team_220.html
 delete mode 100644 archives/sonicteam/2005/August/24/psogc/minhiro/team/team_223.html
 delete mode 100644 archives/sonicteam/2005/August/24/psogc/minhiro/team/team_226.html
 delete mode 100644 archives/sonicteam/2005/August/24/psogc/minhiro/team/team_227.html
 delete mode 100644 archives/sonicteam/2005/August/24/psogc/minhiro/team/team_229.html
 delete mode 100644 archives/sonicteam/2005/August/24/psogc/minhiro/team/team_230.html
 delete mode 100644 archives/sonicteam/2005/August/24/psogc/minhiro/team/team_232_log.html
 delete mode 100644 archives/sonicteam/2005/August/24/psogc/minhiro/team/team_234.html
 delete mode 100644 archives/sonicteam/2005/August/24/psogc/minhiro/team/team_234_log.html
 delete mode 100644 archives/sonicteam/2005/August/24/psogc/minhiro/team/team_236.html
 delete mode 100644 archives/sonicteam/2005/August/24/psogc/minhiro/team/team_237.html
 delete mode 100644 archives/sonicteam/2005/August/24/psogc/minhiro/team/team_238.html
 delete mode 100644 archives/sonicteam/2005/August/24/psogc/minhiro/team/team_256.html
 delete mode 100644 archives/sonicteam/2005/August/24/psogc/minhiro/team/team_26.html
 delete mode 100644 archives/sonicteam/2005/August/24/psogc/minhiro/team/team_265.html
 delete mode 100644 archives/sonicteam/2005/August/24/psogc/minhiro/team/team_268.html
 delete mode 100644 archives/sonicteam/2005/August/24/psogc/minhiro/team/team_269.html
 delete mode 100644 archives/sonicteam/2005/August/24/psogc/minhiro/team/team_270.html
 delete mode 100644 archives/sonicteam/2005/August/24/psogc/minhiro/team/team_272.html
 delete mode 100644 archives/sonicteam/2005/August/24/psogc/minhiro/team/team_275.html
 delete mode 100644 archives/sonicteam/2005/August/24/psogc/minhiro/team/team_277.html
 delete mode 100644 archives/sonicteam/2005/August/24/psogc/minhiro/team/team_280.html
 delete mode 100644 archives/sonicteam/2005/August/24/psogc/minhiro/team/team_281.html
 delete mode 100644 archives/sonicteam/2005/August/24/psogc/minhiro/team/team_282.html
 delete mode 100644 archives/sonicteam/2005/August/24/psogc/minhiro/team/team_283.html
 delete mode 100644 archives/sonicteam/2005/August/24/psogc/minhiro/team/team_284.html
 delete mode 100644 archives/sonicteam/2005/August/24/psogc/minhiro/team/team_285.html
 delete mode 100644 archives/sonicteam/2005/August/24/psogc/minhiro/team/team_286.html
 delete mode 100644 archives/sonicteam/2005/August/24/psogc/minhiro/team/team_287.html
 delete mode 100644 archives/sonicteam/2005/August/24/psogc/minhiro/team/team_288.html
 delete mode 100644 archives/sonicteam/2005/August/24/psogc/minhiro/team/team_290.html
 delete mode 100644 archives/sonicteam/2005/August/24/psogc/minhiro/team/team_293.html
 delete mode 100644 archives/sonicteam/2005/August/24/psogc/minhiro/team/team_40.html
 delete mode 100644 archives/sonicteam/2005/August/24/psogc/minhiro/team/team_49.html
 delete mode 100644 archives/sonicteam/2005/August/24/psogc/minhiro/team/team_57.html
 delete mode 100644 archives/sonicteam/2005/August/24/psogc/minhiro/team/team_60.html
 delete mode 100644 archives/sonicteam/2005/August/24/psogc/minhiro/team/team_68.html
 delete mode 100644 archives/sonicteam/2005/August/24/psogc/minhiro/team/team_69.html
 delete mode 100644 archives/sonicteam/2005/August/24/psogc/minhiro/team/team_71.html
 delete mode 100644 archives/sonicteam/2005/August/24/psogc/minhiro/team/team_75.html
 delete mode 100644 archives/sonicteam/2005/August/24/psogc/minhiro/team/team_76.html
 delete mode 100644 archives/sonicteam/2005/August/24/psogc/minhiro/team/team_77.html
 delete mode 100644 archives/sonicteam/2005/August/24/psogc/minhiro/team/team_80.html
 delete mode 100644 archives/sonicteam/2005/August/24/psogc/minhiro/team/team_83.html
 delete mode 100644 archives/sonicteam/2005/August/24/psogc/minhiro/team/team_92.html
 delete mode 100644 archives/sonicteam/2005/August/24/psogc/minhiro/team/team_95.html
 delete mode 100644 archives/sonicteam/2005/August/24/psogc/pc/bbs.html
 delete mode 100644 archives/sonicteam/2005/August/24/psogc/pc/faq_n_modem.html
 delete mode 100644 archives/sonicteam/2005/August/24/puyofever/dl_wp7.html
 delete mode 100644 archives/sonicteam/2005/August/24/puyofever/images/dl_wp06.jpg
 delete mode 100644 archives/sonicteam/2005/August/24/puyofever/pf_15pzl.html
 delete mode 100644 archives/sonicteam/2005/August/24/puyofever/pf_bowl.html
 delete mode 100644 archives/sonicteam/2005/August/24/puyofever/pf_pat.html
 delete mode 100644 archives/sonicteam/2005/August/24/puyofever/pf_slot.html
 delete mode 100644 archives/sonicteam/2005/August/24/robots.txt
 delete mode 100644 archives/sonicteam/2005/August/24/sonic2b/en/chara2p_dark_e.html
 delete mode 100644 archives/sonicteam/2005/August/24/sonic2b/en/chara2p_e.html
 delete mode 100644 archives/sonicteam/2005/August/24/sonic2b/ja/index.html
 delete mode 100644 archives/sonicteam/2005/August/24/sonic3d/index.html
 delete mode 100644 archives/sonicteam/2005/August/24/sonic_battle/battle_str.html
 delete mode 100644 archives/sonicteam/2005/August/24/sonic_battle/images/btn2_btl_stm0.gif
 delete mode 100644 archives/sonicteam/2005/August/24/sonicadv2/index.html
 delete mode 100644 archives/sonicteam/2005/August/24/sonicadvdx/images/pts1c.jpg
 delete mode 100644 archives/sonicteam/2005/August/24/sonicadvdx/images/ptsd1a.jpg
 delete mode 100644 archives/sonicteam/2005/August/24/sonicadvdx/images/s_card.jpg
 delete mode 100644 archives/sonicteam/2005/August/24/sonicmega/index.html
 delete mode 100644 archives/sonicteam/2005/August/24/sonicx/image/dvd11l.jpg
 delete mode 100644 archives/sonicteam/2005/August/24/sonicx/index.html
 delete mode 100644 archives/sonicteam/2005/February/4/cafe/harrier/index.html
 delete mode 100644 archives/sonicteam/2005/February/4/pso3/top_e.html
 delete mode 100644 archives/sonicteam/2005/February/4/sonicx/dvd.html
 delete mode 100644 archives/sonicteam/2005/February/4/sonicx/new.html
 delete mode 100644 archives/sonicteam/old/seganights/2002.bat
 delete mode 100644 archives/sonicteam/old/seganights/2003.bat
 delete mode 100644 archives/sonicteam/old/seganights/2004.bat
 create mode 100644 log/KrazeeTobi-2022-10-11_121454.log
 create mode 100644 sonic.sega.jp/SonicChannel/assets_c/2022/10/collabo_221011_01_eye-thumb-640xauto-4828.jpg
 create mode 100644 sonic.sega.jp/SonicChannel/assets_c/2022/10/event_221011_01_eye-thumb-640xauto-4830.jpg
 create mode 100644 sonic.sega.jp/SonicChannel/topics/collaboration/20221011_003028/index.html
 create mode 100644 sonic.sega.jp/SonicChannel/topics/event/20221011_003030/index.html
 create mode 100644 sonic.sega.jp/SonicChannel/topics/image/collabo_221011_01_01.jpg
 create mode 100644 sonic.sega.jp/SonicChannel/topics/image/collabo_221011_01_02.jpg
 create mode 100644 sonic.sega.jp/SonicChannel/topics/image/collabo_221011_01_03.jpg
 create mode 100644 sonic.sega.jp/SonicChannel/topics/image/collabo_221011_01_04.jpg
 create mode 100644 sonic.sega.jp/SonicChannel/topics/image/collabo_221011_01_05.jpg
 create mode 100644 sonic.sega.jp/SonicChannel/topics/image/collabo_221011_01_06.jpg
 create mode 100644 sonic.sega.jp/SonicChannel/topics/image/collabo_221011_01_eye.jpg
 create mode 100644 sonic.sega.jp/SonicChannel/topics/image/event_221011_01_01.jpg
 create mode 100644 sonic.sega.jp/SonicChannel/topics/image/event_221011_01_02.jpg
 create mode 100644 sonic.sega.jp/SonicChannel/topics/image/event_221011_01_03.jpg
 create mode 100644 sonic.sega.jp/SonicChannel/topics/image/event_221011_01_04.jpg
 create mode 100644 sonic.sega.jp/SonicChannel/topics/image/event_221011_01_eye.jpg
 rewrite www.nintendo.co.jp/ds/ay9j/player/img2/player14.gif (100%)
 rewrite www.nintendo.co.jp/wii/siij/common/img/fmenu07.jpg (100%)
