Already up to date.
Deleted file - D:\GitHub\SonicChannelTrack\sonic.sega.jp\sonicchannel\about.1
Deleted file - D:\GitHub\SonicChannelTrack\sonic.sega.jp\sonicchannel\character.1
Deleted file - D:\GitHub\SonicChannelTrack\sonic.sega.jp\sonicchannel\fangallery.1
Deleted file - D:\GitHub\SonicChannelTrack\sonic.sega.jp\sonicchannel\special.1
Deleted file - D:\GitHub\SonicChannelTrack\sonic.sega.jp\sonicchannel\fangallery\apply.1
Deleted file - D:\GitHub\SonicChannelTrack\sonic.sega.jp\sonicchannel\fangallery\fanart.1
Deleted file - D:\GitHub\SonicChannelTrack\sonic.sega.jp\sonicchannel\fangallery\oshiete.1
Deleted file - D:\GitHub\SonicChannelTrack\sonic.sega.jp\sonicchannel\fangallery\screenshot.1
Deleted file - D:\GitHub\SonicChannelTrack\sonic.sega.jp\sonicchannel\special\sidestory.1
Deleted file - D:\GitHub\SonicChannelTrack\sonic.sega.jp\sonicchannel\special\sns.1
Deleted file - D:\GitHub\SonicChannelTrack\sonic.sega.jp\sonicchannel\special\staffcolumn.1
Deleted file - D:\GitHub\SonicChannelTrack\sonic.sega.jp\sonicchannel\special\gamecontents\soniccolors.1
Deleted file - D:\GitHub\SonicChannelTrack\sonic.sega.jp\sonicchannel\special\gamecontents\sonicforces.1
Deleted file - D:\GitHub\SonicChannelTrack\sonic.sega.jp\sonicchannel\special\gamecontents\sonicmania.1
Deleted file - D:\GitHub\SonicChannelTrack\sonic.sega.jp\sonicchannel\special\sidestory\comic.1
Deleted file - D:\GitHub\SonicChannelTrack\sonic.sega.jp\sonicchannel\special\sidestory\coverstory.1
Deleted file - D:\GitHub\SonicChannelTrack\sonic.sega.jp\sonicchannel\special\sidestory\ohgiri.1
Deleted file - D:\GitHub\SonicChannelTrack\sonic.sega.jp\sonicchannel\special\sidestory\sonicpict.1
Deleted file - D:\GitHub\SonicChannelTrack\sonic.sega.jp\sonicchannel\special\soundcolumn\ohtani.1
Deleted file - D:\GitHub\SonicChannelTrack\sonic.sega.jp\sonicchannel\special\soundcolumn\senoue.1
Deleted file - D:\GitHub\SonicChannelTrack\sonic.sega.jp\sonicchannel\topics\collaboration.1
Deleted file - D:\GitHub\SonicChannelTrack\sonic.sega.jp\sonicchannel\topics\event.1
Deleted file - D:\GitHub\SonicChannelTrack\sonic.sega.jp\sonicchannel\topics\goods.1
Deleted file - D:\GitHub\SonicChannelTrack\sonic.sega.jp\sonicchannel\topics\information.1
Deleted file - D:\GitHub\SonicChannelTrack\sonic.sega.jp\sonicchannel\topics\sound.1
Deleted file - D:\GitHub\SonicChannelTrack\sonic.sega.jp\sonicchannel\about.2
Deleted file - D:\GitHub\SonicChannelTrack\sonic.sega.jp\sonicchannel\character.2
Deleted file - D:\GitHub\SonicChannelTrack\sonic.sega.jp\sonicchannel\fangallery.2
Deleted file - D:\GitHub\SonicChannelTrack\sonic.sega.jp\sonicchannel\special.2
Deleted file - D:\GitHub\SonicChannelTrack\sonic.sega.jp\sonicchannel\fangallery\apply.2
Deleted file - D:\GitHub\SonicChannelTrack\sonic.sega.jp\sonicchannel\fangallery\fanart.2
Deleted file - D:\GitHub\SonicChannelTrack\sonic.sega.jp\sonicchannel\fangallery\oshiete.2
Deleted file - D:\GitHub\SonicChannelTrack\sonic.sega.jp\sonicchannel\fangallery\screenshot.2
Deleted file - D:\GitHub\SonicChannelTrack\sonic.sega.jp\sonicchannel\special\sidestory.2
Deleted file - D:\GitHub\SonicChannelTrack\sonic.sega.jp\sonicchannel\special\sns.2
Deleted file - D:\GitHub\SonicChannelTrack\sonic.sega.jp\sonicchannel\special\staffcolumn.2
Deleted file - D:\GitHub\SonicChannelTrack\sonic.sega.jp\sonicchannel\special\gamecontents\soniccolors.2
Deleted file - D:\GitHub\SonicChannelTrack\sonic.sega.jp\sonicchannel\special\gamecontents\sonicforces.2
Deleted file - D:\GitHub\SonicChannelTrack\sonic.sega.jp\sonicchannel\special\gamecontents\sonicmania.2
Deleted file - D:\GitHub\SonicChannelTrack\sonic.sega.jp\sonicchannel\special\sidestory\comic.2
Deleted file - D:\GitHub\SonicChannelTrack\sonic.sega.jp\sonicchannel\special\sidestory\coverstory.2
Deleted file - D:\GitHub\SonicChannelTrack\sonic.sega.jp\sonicchannel\special\sidestory\ohgiri.2
Deleted file - D:\GitHub\SonicChannelTrack\sonic.sega.jp\sonicchannel\special\sidestory\sonicpict.2
Deleted file - D:\GitHub\SonicChannelTrack\sonic.sega.jp\sonicchannel\special\soundcolumn\ohtani.2
Deleted file - D:\GitHub\SonicChannelTrack\sonic.sega.jp\sonicchannel\special\soundcolumn\senoue.2
Deleted file - D:\GitHub\SonicChannelTrack\sonic.sega.jp\sonicchannel\topics\collaboration.2
Deleted file - D:\GitHub\SonicChannelTrack\sonic.sega.jp\sonicchannel\topics\event.2
Deleted file - D:\GitHub\SonicChannelTrack\sonic.sega.jp\sonicchannel\topics\goods.2
Deleted file - D:\GitHub\SonicChannelTrack\sonic.sega.jp\sonicchannel\topics\information.2
Deleted file - D:\GitHub\SonicChannelTrack\sonic.sega.jp\sonicchannel\topics\sound.2
Deleted file - D:\GitHub\SonicChannelTrack\sonic.sega.jp\sonicchannel\about.3
Deleted file - D:\GitHub\SonicChannelTrack\sonic.sega.jp\sonicchannel\character.3
Deleted file - D:\GitHub\SonicChannelTrack\sonic.sega.jp\sonicchannel\fangallery.3
Deleted file - D:\GitHub\SonicChannelTrack\sonic.sega.jp\sonicchannel\fangallery\apply.3
Deleted file - D:\GitHub\SonicChannelTrack\sonic.sega.jp\sonicchannel\fangallery\fanart.3
Deleted file - D:\GitHub\SonicChannelTrack\sonic.sega.jp\sonicchannel\fangallery\oshiete.3
Deleted file - D:\GitHub\SonicChannelTrack\sonic.sega.jp\sonicchannel\fangallery\screenshot.3
Deleted file - D:\GitHub\SonicChannelTrack\sonic.sega.jp\sonicchannel\special\sidestory.3
Deleted file - D:\GitHub\SonicChannelTrack\sonic.sega.jp\sonicchannel\special\staffcolumn.3
Deleted file - D:\GitHub\SonicChannelTrack\sonic.sega.jp\sonicchannel\special\gamecontents\soniccolors.3
Deleted file - D:\GitHub\SonicChannelTrack\sonic.sega.jp\sonicchannel\special\gamecontents\sonicforces.3
Deleted file - D:\GitHub\SonicChannelTrack\sonic.sega.jp\sonicchannel\special\sidestory\comic.3
Deleted file - D:\GitHub\SonicChannelTrack\sonic.sega.jp\sonicchannel\special\sidestory\coverstory.3
Deleted file - D:\GitHub\SonicChannelTrack\sonic.sega.jp\sonicchannel\special\sidestory\ohgiri.3
Deleted file - D:\GitHub\SonicChannelTrack\sonic.sega.jp\sonicchannel\special\sidestory\sonicpict.3
Deleted file - D:\GitHub\SonicChannelTrack\sonic.sega.jp\sonicchannel\topics\collaboration.3
Deleted file - D:\GitHub\SonicChannelTrack\sonic.sega.jp\sonicchannel\topics\event.3
Deleted file - D:\GitHub\SonicChannelTrack\sonic.sega.jp\sonicchannel\topics\goods.3
Deleted file - D:\GitHub\SonicChannelTrack\sonic.sega.jp\sonicchannel\topics\information.3
Deleted file - D:\GitHub\SonicChannelTrack\sonic.sega.jp\sonicchannel\topics\sound.3
Deleted file - D:\GitHub\SonicChannelTrack\sonic.sega.jp\sonicchannel\about.4
Deleted file - D:\GitHub\SonicChannelTrack\sonic.sega.jp\sonicchannel\character.4
Deleted file - D:\GitHub\SonicChannelTrack\sonic.sega.jp\sonicchannel\fangallery.4
Deleted file - D:\GitHub\SonicChannelTrack\sonic.sega.jp\sonicchannel\fangallery\apply.4
Deleted file - D:\GitHub\SonicChannelTrack\sonic.sega.jp\sonicchannel\fangallery\fanart.4
Deleted file - D:\GitHub\SonicChannelTrack\sonic.sega.jp\sonicchannel\fangallery\oshiete.4
Deleted file - D:\GitHub\SonicChannelTrack\sonic.sega.jp\sonicchannel\fangallery\screenshot.4
Deleted file - D:\GitHub\SonicChannelTrack\sonic.sega.jp\sonicchannel\special\sidestory.4
Deleted file - D:\GitHub\SonicChannelTrack\sonic.sega.jp\sonicchannel\special\staffcolumn.4
Deleted file - D:\GitHub\SonicChannelTrack\sonic.sega.jp\sonicchannel\special\gamecontents\soniccolors.4
Deleted file - D:\GitHub\SonicChannelTrack\sonic.sega.jp\sonicchannel\special\gamecontents\sonicforces.4
Deleted file - D:\GitHub\SonicChannelTrack\sonic.sega.jp\sonicchannel\special\sidestory\comic.4
Deleted file - D:\GitHub\SonicChannelTrack\sonic.sega.jp\sonicchannel\special\sidestory\coverstory.4
Deleted file - D:\GitHub\SonicChannelTrack\sonic.sega.jp\sonicchannel\special\sidestory\sonicpict.4
Deleted file - D:\GitHub\SonicChannelTrack\sonic.sega.jp\sonicchannel\topics\collaboration.4
Deleted file - D:\GitHub\SonicChannelTrack\sonic.sega.jp\sonicchannel\topics\event.4
Deleted file - D:\GitHub\SonicChannelTrack\sonic.sega.jp\sonicchannel\topics\goods.4
Deleted file - D:\GitHub\SonicChannelTrack\sonic.sega.jp\sonicchannel\topics\information.4
Deleted file - D:\GitHub\SonicChannelTrack\sonic.sega.jp\sonicchannel\topics\sound.4
Deleted file - D:\GitHub\SonicChannelTrack\www.olympicvideogames.com\sonic\br.1
Deleted file - D:\GitHub\SonicChannelTrack\www.olympicvideogames.com\sonic\cn.1
Deleted file - D:\GitHub\SonicChannelTrack\www.olympicvideogames.com\sonic\de.1
Deleted file - D:\GitHub\SonicChannelTrack\www.olympicvideogames.com\sonic\en.1
Deleted file - D:\GitHub\SonicChannelTrack\www.olympicvideogames.com\sonic\es.1
Deleted file - D:\GitHub\SonicChannelTrack\www.olympicvideogames.com\sonic\fr.1
Deleted file - D:\GitHub\SonicChannelTrack\www.olympicvideogames.com\sonic\it.1
Deleted file - D:\GitHub\SonicChannelTrack\www.olympicvideogames.com\sonic\jp.1
Deleted file - D:\GitHub\SonicChannelTrack\www.olympicvideogames.com\sonic\kr.1
Deleted file - D:\GitHub\SonicChannelTrack\www.olympicvideogames.com\sonic\nl.1
Deleted file - D:\GitHub\SonicChannelTrack\www.olympicvideogames.com\sonic\ru.1
Deleted file - D:\GitHub\SonicChannelTrack\www.olympicvideogames.com\sonic\zh.1
Deleted file - D:\GitHub\SonicChannelTrack\sonic-movie.jp\news.1
Deleted file - D:\GitHub\SonicChannelTrack\sonic-movie.jp\news\wp-includes\js\jquery\jquery-migrate.min.js@ver=1.4.1
Deleted file - D:\GitHub\SonicChannelTrack\sonicteam.com\SonicWorldAdventure\director.1
Deleted file - D:\GitHub\SonicChannelTrack\sonicteam.com\SonicWorldAdventure\hamidashi.1
[main 891a91faa99] files from 2024-12-25, 12:40:10
 261 files changed, 4662 insertions(+), 3498 deletions(-)
 create mode 100644 log/KrazeeTobi-2024-12-25_081923.log
 create mode 100644 sonic-movie.jp/images/bnr_tokuten.jpg
 create mode 100644 sonic-movie.jp/news/2024/12/25/sonic_1225/index.html
 create mode 100644 sonic-movie.jp/news/index.html@p=1139
 create mode 100644 sonic-movie.jp/news/wp-content/uploads/sites/81/2024/12/nyupre1080_1080_2-1024x1024.jpg
 create mode 100644 sonic-movie.jp/news/wp-content/uploads/sites/81/2024/12/nyupre1080_1080_2-150x150.jpg
 create mode 100644 sonic-movie.jp/news/wp-content/uploads/sites/81/2024/12/nyupre1080_1080_2-300x300.jpg
 create mode 100644 sonic-movie.jp/news/wp-content/uploads/sites/81/2024/12/nyupre1080_1080_2-768x768.jpg
 create mode 100644 sonic-movie.jp/news/wp-content/uploads/sites/81/2024/12/nyupre1080_1080_2.jpg
 create mode 100644 sonic-movie.jp/news/wp-json/oembed/1.0/embed@url=https%3A%2F%2Fnews.eigafan.com%2Fsonic-movie%2F2024%2F12%2F25%2Fsonic_1225%2F
 create mode 100644 sonic-movie.jp/news/wp-json/oembed/1.0/embed@url=https%3A%2F%2Fnews.eigafan.com%2Fsonic-movie%2F2024%2F12%2F25%2Fsonic_1225%2F&format=xml
 create mode 100644 sonic.sega.jp/SonicChannel/assets_c/2024/12/goods_241225_01_eye-thumb-640xauto-5950.jpg
 create mode 100644 sonic.sega.jp/SonicChannel/assets_c/2024/12/goods_241225_02_eye-thumb-640xauto-5949.jpg
 create mode 100644 sonic.sega.jp/SonicChannel/assets_c/2024/12/goods_241225_03_eye-thumb-640xauto-5951.jpg
 create mode 100644 sonic.sega.jp/SonicChannel/topics/goods/20241225_008750/index.html
 create mode 100644 sonic.sega.jp/SonicChannel/topics/goods/20241225_008751/index.html
 create mode 100644 sonic.sega.jp/SonicChannel/topics/goods/20241225_008752/index.html
 create mode 100644 sonic.sega.jp/SonicChannel/topics/image/goods_241225_01_01.jpg
 create mode 100644 sonic.sega.jp/SonicChannel/topics/image/goods_241225_01_02.jpg
 create mode 100644 sonic.sega.jp/SonicChannel/topics/image/goods_241225_01_03.jpg
 create mode 100644 sonic.sega.jp/SonicChannel/topics/image/goods_241225_01_04.jpg
 create mode 100644 sonic.sega.jp/SonicChannel/topics/image/goods_241225_01_05.jpg
 create mode 100644 sonic.sega.jp/SonicChannel/topics/image/goods_241225_01_eye.jpg
 create mode 100644 sonic.sega.jp/SonicChannel/topics/image/goods_241225_02_01.jpg
 create mode 100644 sonic.sega.jp/SonicChannel/topics/image/goods_241225_02_02.jpg
 create mode 100644 sonic.sega.jp/SonicChannel/topics/image/goods_241225_02_03.jpg
 create mode 100644 sonic.sega.jp/SonicChannel/topics/image/goods_241225_02_04.jpg
 create mode 100644 sonic.sega.jp/SonicChannel/topics/image/goods_241225_02_eye.jpg
 create mode 100644 sonic.sega.jp/SonicChannel/topics/image/goods_241225_03_01.jpg
 create mode 100644 sonic.sega.jp/SonicChannel/topics/image/goods_241225_03_02.jpg
 create mode 100644 sonic.sega.jp/SonicChannel/topics/image/goods_241225_03_03.jpg
 create mode 100644 sonic.sega.jp/SonicChannel/topics/image/goods_241225_03_04.jpg
 create mode 100644 sonic.sega.jp/SonicChannel/topics/image/goods_241225_03_05.jpg
 create mode 100644 sonic.sega.jp/SonicChannel/topics/image/goods_241225_03_06.jpg
 create mode 100644 sonic.sega.jp/SonicChannel/topics/image/goods_241225_03_07.jpg
 create mode 100644 sonic.sega.jp/SonicChannel/topics/image/goods_241225_03_08.jpg
 create mode 100644 sonic.sega.jp/SonicChannel/topics/image/goods_241225_03_09.jpg
 create mode 100644 sonic.sega.jp/SonicChannel/topics/image/goods_241225_03_10.jpg
 create mode 100644 sonic.sega.jp/SonicChannel/topics/image/goods_241225_03_11.jpg
 create mode 100644 sonic.sega.jp/SonicChannel/topics/image/goods_241225_03_12.jpg
 create mode 100644 sonic.sega.jp/SonicChannel/topics/image/goods_241225_03_13.jpg
 create mode 100644 sonic.sega.jp/SonicChannel/topics/image/goods_241225_03_14.jpg
 create mode 100644 sonic.sega.jp/SonicChannel/topics/image/goods_241225_03_15.jpg
 create mode 100644 sonic.sega.jp/SonicChannel/topics/image/goods_241225_03_16.jpg
 create mode 100644 sonic.sega.jp/SonicChannel/topics/image/goods_241225_03_17.jpg
 create mode 100644 sonic.sega.jp/SonicChannel/topics/image/goods_241225_03_18.jpg
 create mode 100644 sonic.sega.jp/SonicChannel/topics/image/goods_241225_03_19.jpg
 create mode 100644 sonic.sega.jp/SonicChannel/topics/image/goods_241225_03_eye.jpg
