Already up to date.
Deleted file - D:\GitHub\SonicChannelTrack\sonic.sega.jp\SonicChannel\topics\goods\20250718_008991.1
Deleted file - D:\GitHub\SonicChannelTrack\sonic.sega.jp\SonicChannel\topics\goods\20250718_008992.1
Deleted file - D:\GitHub\SonicChannelTrack\sonic.sega.jp\SonicChannel\topics\goods\20250718_008993.1
Deleted file - D:\GitHub\SonicChannelTrack\sonic.sega.jp\SonicChannel\topics\goods\20250718_008994.1
Deleted file - D:\GitHub\SonicChannelTrack\sonic.sega.jp\SonicChannel\topics\goods\20250718_008995.1
Deleted file - D:\GitHub\SonicChannelTrack\sonic.sega.jp\SonicChannel\topics\goods\20250718_008996.1
Deleted file - D:\GitHub\SonicChannelTrack\sonic.sega.jp\SonicChannel\topics\goods\20250718_008997.1
Deleted file - D:\GitHub\SonicChannelTrack\sonic.sega.jp\SonicChannel\topics\goods\20250718_008998.1
Deleted file - D:\GitHub\SonicChannelTrack\sonic.sega.jp\SonicChannel\topics\goods\20250718_008999.1
Deleted file - D:\GitHub\SonicChannelTrack\sonic.sega.jp\SonicChannel\topics\goods\20250718_009000.1
Deleted file - D:\GitHub\SonicChannelTrack\sonic.sega.jp\SonicChannel\topics\goods\20250718_009001.1
Deleted file - D:\GitHub\SonicChannelTrack\sonic.sega.jp\SonicChannel\topics\goods\20250718_009002.1
Deleted file - D:\GitHub\SonicChannelTrack\sonic.sega.jp\SonicChannel\topics\goods\20250718_009003.1
Deleted file - D:\GitHub\SonicChannelTrack\sonic.sega.jp\SonicChannel\topics\goods\20250718_009004.1
Deleted file - D:\GitHub\SonicChannelTrack\sonic.sega.jp\SonicChannel\topics\goods\20250718_009005.1
Deleted file - D:\GitHub\SonicChannelTrack\sonic.sega.jp\SonicChannel\topics\goods\20250718_009006.1
Deleted file - D:\GitHub\SonicChannelTrack\sonic.sega.jp\SonicChannel\topics\goods\20250718_008991.2
Deleted file - D:\GitHub\SonicChannelTrack\sonic.sega.jp\SonicChannel\topics\goods\20250718_008992.2
Deleted file - D:\GitHub\SonicChannelTrack\sonic.sega.jp\SonicChannel\topics\goods\20250718_008993.2
Deleted file - D:\GitHub\SonicChannelTrack\sonic.sega.jp\SonicChannel\topics\goods\20250718_008994.2
Deleted file - D:\GitHub\SonicChannelTrack\sonic.sega.jp\SonicChannel\topics\goods\20250718_008995.2
Deleted file - D:\GitHub\SonicChannelTrack\sonic.sega.jp\SonicChannel\topics\goods\20250718_008996.2
Deleted file - D:\GitHub\SonicChannelTrack\sonic.sega.jp\SonicChannel\topics\goods\20250718_008997.2
Deleted file - D:\GitHub\SonicChannelTrack\sonic.sega.jp\SonicChannel\topics\goods\20250718_008998.2
Deleted file - D:\GitHub\SonicChannelTrack\sonic.sega.jp\SonicChannel\topics\goods\20250718_008999.2
Deleted file - D:\GitHub\SonicChannelTrack\sonic.sega.jp\SonicChannel\topics\goods\20250718_009000.2
Deleted file - D:\GitHub\SonicChannelTrack\sonic.sega.jp\SonicChannel\topics\goods\20250718_009001.2
Deleted file - D:\GitHub\SonicChannelTrack\sonic.sega.jp\SonicChannel\topics\goods\20250718_009002.2
Deleted file - D:\GitHub\SonicChannelTrack\sonic.sega.jp\SonicChannel\topics\goods\20250718_009003.2
Deleted file - D:\GitHub\SonicChannelTrack\sonic.sega.jp\SonicChannel\topics\goods\20250718_009004.2
Deleted file - D:\GitHub\SonicChannelTrack\sonic.sega.jp\SonicChannel\topics\goods\20250718_009005.2
Deleted file - D:\GitHub\SonicChannelTrack\sonic.sega.jp\SonicChannel\topics\goods\20250718_009006.2
Deleted file - D:\GitHub\SonicChannelTrack\www.olympicvideogames.com\sonic\br.1
Deleted file - D:\GitHub\SonicChannelTrack\www.olympicvideogames.com\sonic\cn.1
Deleted file - D:\GitHub\SonicChannelTrack\www.olympicvideogames.com\sonic\de.1
Deleted file - D:\GitHub\SonicChannelTrack\www.olympicvideogames.com\sonic\en.1
Deleted file - D:\GitHub\SonicChannelTrack\www.olympicvideogames.com\sonic\es.1
Deleted file - D:\GitHub\SonicChannelTrack\www.olympicvideogames.com\sonic\fr.1
Deleted file - D:\GitHub\SonicChannelTrack\www.olympicvideogames.com\sonic\it.1
Deleted file - D:\GitHub\SonicChannelTrack\www.olympicvideogames.com\sonic\jp.1
Deleted file - D:\GitHub\SonicChannelTrack\www.olympicvideogames.com\sonic\kr.1
Deleted file - D:\GitHub\SonicChannelTrack\www.olympicvideogames.com\sonic\nl.1
Deleted file - D:\GitHub\SonicChannelTrack\www.olympicvideogames.com\sonic\ru.1
Deleted file - D:\GitHub\SonicChannelTrack\www.olympicvideogames.com\sonic\zh.1
Deleted file - D:\GitHub\SonicChannelTrack\sonicteam.com\SonicWorldAdventure\director.1
Deleted file - D:\GitHub\SonicChannelTrack\sonicteam.com\SonicWorldAdventure\hamidashi.1
[main e9ea2c06163] files from 2025-08-22, 19:32:20
 557 files changed, 34454 insertions(+), 5541 deletions(-)
 create mode 100644 log/KrazeeTobi-2025-08-22_130455.log
 create mode 100644 sonic.sega.jp/SonicChannel/assets_c/2025/08/calendar_2509_thm-thumb-220x220-16912.jpg
 create mode 100644 sonic.sega.jp/SonicChannel/assets_c/2025/08/event_250822_01_ogp-thumb-640xauto-16911.jpg
 create mode 100644 sonic.sega.jp/SonicChannel/assets_c/2025/08/ohtani_250822_01_ogp-thumb-640xauto-16910.jpg
 create mode 100644 sonic.sega.jp/SonicChannel/assets_c/2025/08/senoue_250822_01_ogp-thumb-640xauto-16920.jpg
 create mode 100644 sonic.sega.jp/SonicChannel/assets_c/2025/08/sonicpict_250822_01_ogp-thumb-640xauto-16915.jpg
 create mode 100644 sonic.sega.jp/SonicChannel/special/sidestory/sonicpict/20250822_009038/index.html
 create mode 100644 sonic.sega.jp/SonicChannel/special/staffcolumn/soundcolumn/ohtani/20150701_000031/index.html
 create mode 100644 sonic.sega.jp/SonicChannel/special/staffcolumn/soundcolumn/ohtani/20150724_000537/index.html
 create mode 100644 sonic.sega.jp/SonicChannel/special/staffcolumn/soundcolumn/ohtani/20150828_000591/index.html
 create mode 100644 sonic.sega.jp/SonicChannel/special/staffcolumn/soundcolumn/ohtani/20150925_000896/index.html
 create mode 100644 sonic.sega.jp/SonicChannel/special/staffcolumn/soundcolumn/ohtani/20151023_000910/index.html
 create mode 100644 sonic.sega.jp/SonicChannel/special/staffcolumn/soundcolumn/ohtani/20151127_000934/index.html
 create mode 100644 sonic.sega.jp/SonicChannel/special/staffcolumn/soundcolumn/ohtani/20151229_000961/index.html
 create mode 100644 sonic.sega.jp/SonicChannel/special/staffcolumn/soundcolumn/ohtani/20160129_000973/index.html
 create mode 100644 sonic.sega.jp/SonicChannel/special/staffcolumn/soundcolumn/ohtani/20160226_000988/index.html
 create mode 100644 sonic.sega.jp/SonicChannel/special/staffcolumn/soundcolumn/ohtani/20160304_001001/index.html
 create mode 100644 sonic.sega.jp/SonicChannel/special/staffcolumn/soundcolumn/ohtani/20160325_001014/index.html
 create mode 100644 sonic.sega.jp/SonicChannel/special/staffcolumn/soundcolumn/ohtani/20160422_001036/index.html
 create mode 100644 sonic.sega.jp/SonicChannel/special/staffcolumn/soundcolumn/ohtani/20160527_001048/index.html
 create mode 100644 sonic.sega.jp/SonicChannel/special/staffcolumn/soundcolumn/ohtani/20160624_001063/index.html
 create mode 100644 sonic.sega.jp/SonicChannel/special/staffcolumn/soundcolumn/ohtani/20160701_001077/index.html
 create mode 100644 sonic.sega.jp/SonicChannel/special/staffcolumn/soundcolumn/ohtani/20160715_001081/index.html
 create mode 100644 sonic.sega.jp/SonicChannel/special/staffcolumn/soundcolumn/ohtani/20160722_001095/index.html
 create mode 100644 sonic.sega.jp/SonicChannel/special/staffcolumn/soundcolumn/ohtani/20160729_001082/index.html
 create mode 100644 sonic.sega.jp/SonicChannel/special/staffcolumn/soundcolumn/ohtani/20160916_001154/index.html
 create mode 100644 sonic.sega.jp/SonicChannel/special/staffcolumn/soundcolumn/ohtani/20161028_001207/index.html
 create mode 100644 sonic.sega.jp/SonicChannel/special/staffcolumn/soundcolumn/ohtani/20161125_001240/index.html
 create mode 100644 sonic.sega.jp/SonicChannel/special/staffcolumn/soundcolumn/ohtani/20161229_001271/index.html
 create mode 100644 sonic.sega.jp/SonicChannel/special/staffcolumn/soundcolumn/ohtani/20170127_001286/index.html
 create mode 100644 sonic.sega.jp/SonicChannel/special/staffcolumn/soundcolumn/ohtani/20170421_001338/index.html
 create mode 100644 sonic.sega.jp/SonicChannel/special/staffcolumn/soundcolumn/ohtani/20170623_001369/index.html
 create mode 100644 sonic.sega.jp/SonicChannel/special/staffcolumn/soundcolumn/ohtani/20170714_001382/index.html
 create mode 100644 sonic.sega.jp/SonicChannel/special/staffcolumn/soundcolumn/ohtani/20170728_001389/index.html
 create mode 100644 sonic.sega.jp/SonicChannel/special/staffcolumn/soundcolumn/ohtani/20170901_001406/index.html
 create mode 100644 sonic.sega.jp/SonicChannel/special/staffcolumn/soundcolumn/ohtani/20170929_001449/index.html
 create mode 100644 sonic.sega.jp/SonicChannel/special/staffcolumn/soundcolumn/ohtani/20171013_001459/index.html
 create mode 100644 sonic.sega.jp/SonicChannel/special/staffcolumn/soundcolumn/ohtani/20250822_009035/index.html
 create mode 100644 sonic.sega.jp/SonicChannel/special/staffcolumn/soundcolumn/ohtani/index.html
 create mode 100644 sonic.sega.jp/SonicChannel/special/staffcolumn/soundcolumn/ohtani/index_2.html
 create mode 100644 sonic.sega.jp/SonicChannel/special/staffcolumn/soundcolumn/ohtani/index_3.html
 create mode 100644 sonic.sega.jp/SonicChannel/special/staffcolumn/soundcolumn/senoue/20150710_000530/index.html
 create mode 100644 sonic.sega.jp/SonicChannel/special/staffcolumn/soundcolumn/senoue/20150807_000551/index.html
 create mode 100644 sonic.sega.jp/SonicChannel/special/staffcolumn/soundcolumn/senoue/20150911_000885/index.html
 create mode 100644 sonic.sega.jp/SonicChannel/special/staffcolumn/soundcolumn/senoue/20151009_000901/index.html
 create mode 100644 sonic.sega.jp/SonicChannel/special/staffcolumn/soundcolumn/senoue/20151116_000922/index.html
 create mode 100644 sonic.sega.jp/SonicChannel/special/staffcolumn/soundcolumn/senoue/20151211_000945/index.html
 create mode 100644 sonic.sega.jp/SonicChannel/special/staffcolumn/soundcolumn/senoue/20160115_000965/index.html
 create mode 100644 sonic.sega.jp/SonicChannel/special/staffcolumn/soundcolumn/senoue/20160212_000987/index.html
 create mode 100644 sonic.sega.jp/SonicChannel/special/staffcolumn/soundcolumn/senoue/20160408_001024/index.html
 create mode 100644 sonic.sega.jp/SonicChannel/special/staffcolumn/soundcolumn/senoue/20160415_001027/index.html
 create mode 100644 sonic.sega.jp/SonicChannel/special/staffcolumn/soundcolumn/senoue/20160513_001043/index.html
 create mode 100644 sonic.sega.jp/SonicChannel/special/staffcolumn/soundcolumn/senoue/20160610_001060/index.html
 create mode 100644 sonic.sega.jp/SonicChannel/special/staffcolumn/soundcolumn/senoue/20160708_001084/index.html
 create mode 100644 sonic.sega.jp/SonicChannel/special/staffcolumn/soundcolumn/senoue/20160826_001120/index.html
 create mode 100644 sonic.sega.jp/SonicChannel/special/staffcolumn/soundcolumn/senoue/20161014_001186/index.html
 create mode 100644 sonic.sega.jp/SonicChannel/special/staffcolumn/soundcolumn/senoue/20161111_001219/index.html
 create mode 100644 sonic.sega.jp/SonicChannel/special/staffcolumn/soundcolumn/senoue/20161209_001252/index.html
 create mode 100644 sonic.sega.jp/SonicChannel/special/staffcolumn/soundcolumn/senoue/20170113_001277/index.html
 create mode 100644 sonic.sega.jp/SonicChannel/special/staffcolumn/soundcolumn/senoue/20170217_001303/index.html
 create mode 100644 sonic.sega.jp/SonicChannel/special/staffcolumn/soundcolumn/senoue/20170818_001397/index.html
 create mode 100644 sonic.sega.jp/SonicChannel/special/staffcolumn/soundcolumn/senoue/20250822_009039/index.html
 create mode 100644 sonic.sega.jp/SonicChannel/special/staffcolumn/soundcolumn/senoue/index.html
 create mode 100644 sonic.sega.jp/SonicChannel/special/staffcolumn/soundcolumn/senoue/index_2.html
 create mode 100644 sonic.sega.jp/SonicChannel/special/staffcolumn/soundcolumn/senoue/index_3.html
 create mode 100644 sonic.sega.jp/SonicChannel/topics/event/20250822_009036/index.html
 create mode 100644 sonic.sega.jp/SonicChannel/upload_images/calendar_2509.pdf
 create mode 100644 sonic.sega.jp/SonicChannel/upload_images/event_130325_01_03.jpg
 create mode 100644 sonic.sega.jp/SonicChannel/upload_images/event_160823_01_01.jpg
 create mode 100644 sonic.sega.jp/SonicChannel/upload_images/event_250822_01_ogp.jpg
 create mode 100644 sonic.sega.jp/SonicChannel/upload_images/goods_130325_03_01.jpg
 create mode 100644 sonic.sega.jp/SonicChannel/upload_images/ohtani_250822_01_ogp.jpg
 create mode 100644 sonic.sega.jp/SonicChannel/upload_images/ohtani_eyeCatch.jpg
 create mode 100644 sonic.sega.jp/SonicChannel/upload_images/senoue_151116_01.jpg
 create mode 100644 sonic.sega.jp/SonicChannel/upload_images/senoue_250822_01_ogp.jpg
 create mode 100644 sonic.sega.jp/SonicChannel/upload_images/senoue_eyeCatch.jpg
 create mode 100644 sonic.sega.jp/SonicChannel/upload_images/sonicpict_250822_01_ogp.jpg
 create mode 100644 sonic.sega.jp/sonic.sega.jp/SonicChannel/upload_images/calendar_2509.pdf
 create mode 100644 sonic.sega.jp/sonic.sega.jp/SonicChannel/upload_images/calendar_2509_thm.jpg
 create mode 100644 sonic.sega.jp/sonic.sega.jp/SonicChannel/upload_images/ohtani_150701_01.jpg
 create mode 100644 sonic.sega.jp/sonic.sega.jp/SonicChannel/upload_images/ohtani_150701_02.jpg
 create mode 100644 sonic.sega.jp/sonic.sega.jp/SonicChannel/upload_images/ohtani_150701_03.jpg
 create mode 100644 sonic.sega.jp/sonic.sega.jp/SonicChannel/upload_images/ohtani_150701_04.jpg
 create mode 100644 sonic.sega.jp/sonic.sega.jp/SonicChannel/upload_images/ohtani_150724_01.jpg
 create mode 100644 sonic.sega.jp/sonic.sega.jp/SonicChannel/upload_images/ohtani_150724_02.jpg
 create mode 100644 sonic.sega.jp/sonic.sega.jp/SonicChannel/upload_images/ohtani_150724_03.jpg
 create mode 100644 sonic.sega.jp/sonic.sega.jp/SonicChannel/upload_images/ohtani_150724_04.jpg
 create mode 100644 sonic.sega.jp/sonic.sega.jp/SonicChannel/upload_images/ohtani_150828_01.jpg
 create mode 100644 sonic.sega.jp/sonic.sega.jp/SonicChannel/upload_images/ohtani_150828_02.jpg
 create mode 100644 sonic.sega.jp/sonic.sega.jp/SonicChannel/upload_images/ohtani_150828_03.jpg
 create mode 100644 sonic.sega.jp/sonic.sega.jp/SonicChannel/upload_images/ohtani_150828_04.jpg
 create mode 100644 sonic.sega.jp/sonic.sega.jp/SonicChannel/upload_images/ohtani_150828_05.jpg
 create mode 100644 sonic.sega.jp/sonic.sega.jp/SonicChannel/upload_images/ohtani_150828_06.jpg
 create mode 100644 sonic.sega.jp/sonic.sega.jp/SonicChannel/upload_images/ohtani_150828_07.jpg
 create mode 100644 sonic.sega.jp/sonic.sega.jp/SonicChannel/upload_images/ohtani_150925_01.jpg
 create mode 100644 sonic.sega.jp/sonic.sega.jp/SonicChannel/upload_images/ohtani_150925_02.jpg
 create mode 100644 sonic.sega.jp/sonic.sega.jp/SonicChannel/upload_images/ohtani_150925_04.jpg
 create mode 100644 sonic.sega.jp/sonic.sega.jp/SonicChannel/upload_images/ohtani_150925_05.jpg
 create mode 100644 sonic.sega.jp/sonic.sega.jp/SonicChannel/upload_images/ohtani_150925_06.jpg
 create mode 100644 sonic.sega.jp/sonic.sega.jp/SonicChannel/upload_images/ohtani_150925_07.jpg
 create mode 100644 sonic.sega.jp/sonic.sega.jp/SonicChannel/upload_images/ohtani_150925_08.jpg
 create mode 100644 sonic.sega.jp/sonic.sega.jp/SonicChannel/upload_images/ohtani_151021_01.jpg
 create mode 100644 sonic.sega.jp/sonic.sega.jp/SonicChannel/upload_images/ohtani_151021_02.jpg
 create mode 100644 sonic.sega.jp/sonic.sega.jp/SonicChannel/upload_images/ohtani_151021_03.jpg
 create mode 100644 sonic.sega.jp/sonic.sega.jp/SonicChannel/upload_images/ohtani_151021_04.jpg
 create mode 100644 sonic.sega.jp/sonic.sega.jp/SonicChannel/upload_images/ohtani_151021_05.jpg
 create mode 100644 sonic.sega.jp/sonic.sega.jp/SonicChannel/upload_images/ohtani_151021_06.gif
 create mode 100644 sonic.sega.jp/sonic.sega.jp/SonicChannel/upload_images/ohtani_151021_07.gif
 create mode 100644 sonic.sega.jp/sonic.sega.jp/SonicChannel/upload_images/ohtani_151127_01.jpg
 create mode 100644 sonic.sega.jp/sonic.sega.jp/SonicChannel/upload_images/ohtani_151127_02.jpg
 create mode 100644 sonic.sega.jp/sonic.sega.jp/SonicChannel/upload_images/ohtani_151127_03.jpg
 create mode 100644 sonic.sega.jp/sonic.sega.jp/SonicChannel/upload_images/ohtani_151127_04.jpg
 create mode 100644 sonic.sega.jp/sonic.sega.jp/SonicChannel/upload_images/ohtani_151127_05.jpg
 create mode 100644 sonic.sega.jp/sonic.sega.jp/SonicChannel/upload_images/ohtani_151127_06.jpg
 create mode 100644 sonic.sega.jp/sonic.sega.jp/SonicChannel/upload_images/ohtani_151229_01.jpg
 create mode 100644 sonic.sega.jp/sonic.sega.jp/SonicChannel/upload_images/ohtani_151229_02.jpg
 create mode 100644 sonic.sega.jp/sonic.sega.jp/SonicChannel/upload_images/ohtani_151229_03.jpg
 create mode 100644 sonic.sega.jp/sonic.sega.jp/SonicChannel/upload_images/ohtani_151229_04.jpg
 create mode 100644 sonic.sega.jp/sonic.sega.jp/SonicChannel/upload_images/ohtani_151229_05.jpg
 create mode 100644 sonic.sega.jp/sonic.sega.jp/SonicChannel/upload_images/ohtani_151229_06.jpg
 create mode 100644 sonic.sega.jp/sonic.sega.jp/SonicChannel/upload_images/ohtani_151229_07.jpg
 create mode 100644 sonic.sega.jp/sonic.sega.jp/SonicChannel/upload_images/ohtani_151229_12.jpg
 create mode 100644 sonic.sega.jp/sonic.sega.jp/SonicChannel/upload_images/ohtani_151229_16.jpg
 create mode 100644 sonic.sega.jp/sonic.sega.jp/SonicChannel/upload_images/ohtani_151229_17.jpg
 create mode 100644 sonic.sega.jp/sonic.sega.jp/SonicChannel/upload_images/ohtani_151229_18.jpg
 create mode 100644 sonic.sega.jp/sonic.sega.jp/SonicChannel/upload_images/ohtani_160129_01.jpg
 create mode 100644 sonic.sega.jp/sonic.sega.jp/SonicChannel/upload_images/ohtani_160129_03.jpg
 create mode 100644 sonic.sega.jp/sonic.sega.jp/SonicChannel/upload_images/ohtani_160129_04.jpg
 create mode 100644 sonic.sega.jp/sonic.sega.jp/SonicChannel/upload_images/ohtani_160129_05.jpg
 create mode 100644 sonic.sega.jp/sonic.sega.jp/SonicChannel/upload_images/ohtani_160129_06.jpg
 create mode 100644 sonic.sega.jp/sonic.sega.jp/SonicChannel/upload_images/ohtani_160129_07.jpg
 create mode 100644 sonic.sega.jp/sonic.sega.jp/SonicChannel/upload_images/ohtani_160129_08.jpg
 create mode 100644 sonic.sega.jp/sonic.sega.jp/SonicChannel/upload_images/ohtani_160129_09.jpg
 create mode 100644 sonic.sega.jp/sonic.sega.jp/SonicChannel/upload_images/ohtani_160226_01.jpg
 create mode 100644 sonic.sega.jp/sonic.sega.jp/SonicChannel/upload_images/ohtani_160226_02.jpg
 create mode 100644 sonic.sega.jp/sonic.sega.jp/SonicChannel/upload_images/ohtani_160226_03.jpg
 create mode 100644 sonic.sega.jp/sonic.sega.jp/SonicChannel/upload_images/ohtani_160226_04.jpg
 create mode 100644 sonic.sega.jp/sonic.sega.jp/SonicChannel/upload_images/ohtani_160304_01.jpg
 create mode 100644 sonic.sega.jp/sonic.sega.jp/SonicChannel/upload_images/ohtani_160304_02.jpg
 create mode 100644 sonic.sega.jp/sonic.sega.jp/SonicChannel/upload_images/ohtani_160304_03.jpg
 create mode 100644 sonic.sega.jp/sonic.sega.jp/SonicChannel/upload_images/ohtani_160304_04.jpg
 create mode 100644 sonic.sega.jp/sonic.sega.jp/SonicChannel/upload_images/ohtani_160304_05.jpg
 create mode 100644 sonic.sega.jp/sonic.sega.jp/SonicChannel/upload_images/ohtani_160304_06.jpg
 create mode 100644 sonic.sega.jp/sonic.sega.jp/SonicChannel/upload_images/ohtani_160304_07.jpg
 create mode 100644 sonic.sega.jp/sonic.sega.jp/SonicChannel/upload_images/ohtani_160325_01.jpg
 create mode 100644 sonic.sega.jp/sonic.sega.jp/SonicChannel/upload_images/ohtani_160325_02.jpg
 create mode 100644 sonic.sega.jp/sonic.sega.jp/SonicChannel/upload_images/ohtani_160325_03.jpg
 create mode 100644 sonic.sega.jp/sonic.sega.jp/SonicChannel/upload_images/ohtani_160325_04.jpg
 create mode 100644 sonic.sega.jp/sonic.sega.jp/SonicChannel/upload_images/ohtani_160325_05.jpg
 create mode 100644 sonic.sega.jp/sonic.sega.jp/SonicChannel/upload_images/ohtani_160325_06.jpg
 create mode 100644 sonic.sega.jp/sonic.sega.jp/SonicChannel/upload_images/ohtani_160325_07.jpg
 create mode 100644 sonic.sega.jp/sonic.sega.jp/SonicChannel/upload_images/ohtani_160325_08.jpg
 create mode 100644 sonic.sega.jp/sonic.sega.jp/SonicChannel/upload_images/ohtani_160422_01.jpg
 create mode 100644 sonic.sega.jp/sonic.sega.jp/SonicChannel/upload_images/ohtani_160422_02.jpg
 create mode 100644 sonic.sega.jp/sonic.sega.jp/SonicChannel/upload_images/ohtani_160422_03.jpg
 create mode 100644 sonic.sega.jp/sonic.sega.jp/SonicChannel/upload_images/ohtani_160422_04.jpg
 create mode 100644 sonic.sega.jp/sonic.sega.jp/SonicChannel/upload_images/ohtani_160422_05.jpg
 create mode 100644 sonic.sega.jp/sonic.sega.jp/SonicChannel/upload_images/ohtani_160422_06.jpg
 create mode 100644 sonic.sega.jp/sonic.sega.jp/SonicChannel/upload_images/ohtani_160422_07.jpg
 create mode 100644 sonic.sega.jp/sonic.sega.jp/SonicChannel/upload_images/ohtani_160527_01.jpg
 create mode 100644 sonic.sega.jp/sonic.sega.jp/SonicChannel/upload_images/ohtani_160527_02.jpg
 create mode 100644 sonic.sega.jp/sonic.sega.jp/SonicChannel/upload_images/ohtani_160527_03.jpg
 create mode 100644 sonic.sega.jp/sonic.sega.jp/SonicChannel/upload_images/ohtani_160527_04.jpg
 create mode 100644 sonic.sega.jp/sonic.sega.jp/SonicChannel/upload_images/ohtani_160624_01.jpg
 create mode 100644 sonic.sega.jp/sonic.sega.jp/SonicChannel/upload_images/ohtani_160624_02.jpg
 create mode 100644 sonic.sega.jp/sonic.sega.jp/SonicChannel/upload_images/ohtani_160624_03.jpg
 create mode 100644 sonic.sega.jp/sonic.sega.jp/SonicChannel/upload_images/ohtani_160624_04.jpg
 create mode 100644 sonic.sega.jp/sonic.sega.jp/SonicChannel/upload_images/ohtani_160624_19.jpg
 create mode 100644 sonic.sega.jp/sonic.sega.jp/SonicChannel/upload_images/ohtani_160701_01.jpg
 create mode 100644 sonic.sega.jp/sonic.sega.jp/SonicChannel/upload_images/ohtani_160701_02.jpg
 create mode 100644 sonic.sega.jp/sonic.sega.jp/SonicChannel/upload_images/ohtani_160701_09.jpg
 create mode 100644 sonic.sega.jp/sonic.sega.jp/SonicChannel/upload_images/ohtani_160715_01.jpg
 create mode 100644 sonic.sega.jp/sonic.sega.jp/SonicChannel/upload_images/ohtani_160715_02.jpg
 create mode 100644 sonic.sega.jp/sonic.sega.jp/SonicChannel/upload_images/ohtani_160715_03.jpg
 create mode 100644 sonic.sega.jp/sonic.sega.jp/SonicChannel/upload_images/ohtani_160715_14.jpg
 create mode 100644 sonic.sega.jp/sonic.sega.jp/SonicChannel/upload_images/ohtani_160722_01.jpg
 create mode 100644 sonic.sega.jp/sonic.sega.jp/SonicChannel/upload_images/ohtani_160722_02.jpg
 create mode 100644 sonic.sega.jp/sonic.sega.jp/SonicChannel/upload_images/ohtani_160722_03.jpg
 create mode 100644 sonic.sega.jp/sonic.sega.jp/SonicChannel/upload_images/ohtani_160722_04.jpg
 create mode 100644 sonic.sega.jp/sonic.sega.jp/SonicChannel/upload_images/ohtani_160722_05.jpg
 create mode 100644 sonic.sega.jp/sonic.sega.jp/SonicChannel/upload_images/ohtani_160722_06.jpg
 create mode 100644 sonic.sega.jp/sonic.sega.jp/SonicChannel/upload_images/ohtani_160722_07.jpg
 create mode 100644 sonic.sega.jp/sonic.sega.jp/SonicChannel/upload_images/ohtani_160722_08.jpg
 create mode 100644 sonic.sega.jp/sonic.sega.jp/SonicChannel/upload_images/ohtani_160722_09.jpg
 create mode 100644 sonic.sega.jp/sonic.sega.jp/SonicChannel/upload_images/ohtani_160729_09.jpg
 create mode 100644 sonic.sega.jp/sonic.sega.jp/SonicChannel/upload_images/ohtani_160729_10.jpg
 create mode 100644 sonic.sega.jp/sonic.sega.jp/SonicChannel/upload_images/ohtani_160916_01.jpg
 create mode 100644 sonic.sega.jp/sonic.sega.jp/SonicChannel/upload_images/ohtani_160916_02.jpg
 create mode 100644 sonic.sega.jp/sonic.sega.jp/SonicChannel/upload_images/ohtani_160916_03.jpg
 create mode 100644 sonic.sega.jp/sonic.sega.jp/SonicChannel/upload_images/ohtani_161028_01.jpg
 create mode 100644 sonic.sega.jp/sonic.sega.jp/SonicChannel/upload_images/ohtani_161028_02.jpg
 create mode 100644 sonic.sega.jp/sonic.sega.jp/SonicChannel/upload_images/ohtani_161028_03.jpg
 create mode 100644 sonic.sega.jp/sonic.sega.jp/SonicChannel/upload_images/ohtani_161028_04.jpg
 create mode 100644 sonic.sega.jp/sonic.sega.jp/SonicChannel/upload_images/ohtani_161028_05.jpg
 create mode 100644 sonic.sega.jp/sonic.sega.jp/SonicChannel/upload_images/ohtani_161028_06.jpg
 create mode 100644 sonic.sega.jp/sonic.sega.jp/SonicChannel/upload_images/ohtani_161028_07.jpg
 create mode 100644 sonic.sega.jp/sonic.sega.jp/SonicChannel/upload_images/ohtani_161028_08.jpg
 create mode 100644 sonic.sega.jp/sonic.sega.jp/SonicChannel/upload_images/ohtani_161028_09.jpg
 create mode 100644 sonic.sega.jp/sonic.sega.jp/SonicChannel/upload_images/ohtani_161125_01.jpg
 create mode 100644 sonic.sega.jp/sonic.sega.jp/SonicChannel/upload_images/ohtani_161125_02.jpg
 create mode 100644 sonic.sega.jp/sonic.sega.jp/SonicChannel/upload_images/ohtani_161125_03.jpg
 create mode 100644 sonic.sega.jp/sonic.sega.jp/SonicChannel/upload_images/ohtani_161125_04.jpg
 create mode 100644 sonic.sega.jp/sonic.sega.jp/SonicChannel/upload_images/ohtani_161125_05.jpg
 create mode 100644 sonic.sega.jp/sonic.sega.jp/SonicChannel/upload_images/ohtani_161125_06.jpg
 create mode 100644 sonic.sega.jp/sonic.sega.jp/SonicChannel/upload_images/ohtani_161125_07.jpg
 create mode 100644 sonic.sega.jp/sonic.sega.jp/SonicChannel/upload_images/ohtani_161125_08.jpg
 create mode 100644 sonic.sega.jp/sonic.sega.jp/SonicChannel/upload_images/ohtani_161125_09.jpg
 create mode 100644 sonic.sega.jp/sonic.sega.jp/SonicChannel/upload_images/ohtani_161125_10.jpg
 create mode 100644 sonic.sega.jp/sonic.sega.jp/SonicChannel/upload_images/ohtani_161125_11.jpg
 create mode 100644 sonic.sega.jp/sonic.sega.jp/SonicChannel/upload_images/ohtani_161229_01.jpg
 create mode 100644 sonic.sega.jp/sonic.sega.jp/SonicChannel/upload_images/ohtani_161229_02.jpg
 create mode 100644 sonic.sega.jp/sonic.sega.jp/SonicChannel/upload_images/ohtani_161229_03.jpg
 create mode 100644 sonic.sega.jp/sonic.sega.jp/SonicChannel/upload_images/ohtani_161229_04.jpg
 create mode 100644 sonic.sega.jp/sonic.sega.jp/SonicChannel/upload_images/ohtani_161229_06.jpg
 create mode 100644 sonic.sega.jp/sonic.sega.jp/SonicChannel/upload_images/ohtani_170127_01.jpg
 create mode 100644 sonic.sega.jp/sonic.sega.jp/SonicChannel/upload_images/ohtani_170127_02.jpg
 create mode 100644 sonic.sega.jp/sonic.sega.jp/SonicChannel/upload_images/ohtani_170127_03.jpg
 create mode 100644 sonic.sega.jp/sonic.sega.jp/SonicChannel/upload_images/ohtani_170127_04.jpg
 create mode 100644 sonic.sega.jp/sonic.sega.jp/SonicChannel/upload_images/ohtani_170421_01.jpg
 create mode 100644 sonic.sega.jp/sonic.sega.jp/SonicChannel/upload_images/ohtani_170421_02.jpg
 create mode 100644 sonic.sega.jp/sonic.sega.jp/SonicChannel/upload_images/ohtani_170421_03.jpg
 create mode 100644 sonic.sega.jp/sonic.sega.jp/SonicChannel/upload_images/ohtani_170421_04.jpg
 create mode 100644 sonic.sega.jp/sonic.sega.jp/SonicChannel/upload_images/ohtani_170421_05.jpg
 create mode 100644 sonic.sega.jp/sonic.sega.jp/SonicChannel/upload_images/ohtani_170623_01.png
 create mode 100644 sonic.sega.jp/sonic.sega.jp/SonicChannel/upload_images/ohtani_170623_02.jpg
 create mode 100644 sonic.sega.jp/sonic.sega.jp/SonicChannel/upload_images/ohtani_170623_03.jpg
 create mode 100644 sonic.sega.jp/sonic.sega.jp/SonicChannel/upload_images/ohtani_170623_04.jpg
 create mode 100644 sonic.sega.jp/sonic.sega.jp/SonicChannel/upload_images/ohtani_170623_05.jpg
 create mode 100644 sonic.sega.jp/sonic.sega.jp/SonicChannel/upload_images/ohtani_170623_06.jpg
 create mode 100644 sonic.sega.jp/sonic.sega.jp/SonicChannel/upload_images/ohtani_170623_07.jpg
 create mode 100644 sonic.sega.jp/sonic.sega.jp/SonicChannel/upload_images/ohtani_170714_01.jpg
 create mode 100644 sonic.sega.jp/sonic.sega.jp/SonicChannel/upload_images/ohtani_170714_02.jpg
 create mode 100644 sonic.sega.jp/sonic.sega.jp/SonicChannel/upload_images/ohtani_170714_03.jpg
 create mode 100644 sonic.sega.jp/sonic.sega.jp/SonicChannel/upload_images/ohtani_170728_01.jpg
 create mode 100644 sonic.sega.jp/sonic.sega.jp/SonicChannel/upload_images/ohtani_170728_02.jpg
 create mode 100644 sonic.sega.jp/sonic.sega.jp/SonicChannel/upload_images/ohtani_170728_03.jpg
 create mode 100644 sonic.sega.jp/sonic.sega.jp/SonicChannel/upload_images/ohtani_170728_04.jpg
 create mode 100644 sonic.sega.jp/sonic.sega.jp/SonicChannel/upload_images/ohtani_170728_05.jpg
 create mode 100644 sonic.sega.jp/sonic.sega.jp/SonicChannel/upload_images/ohtani_170728_06.jpg
 create mode 100644 sonic.sega.jp/sonic.sega.jp/SonicChannel/upload_images/ohtani_170728_07.jpg
 create mode 100644 sonic.sega.jp/sonic.sega.jp/SonicChannel/upload_images/ohtani_170728_08.jpg
 create mode 100644 sonic.sega.jp/sonic.sega.jp/SonicChannel/upload_images/ohtani_170901_01.jpg
 create mode 100644 sonic.sega.jp/sonic.sega.jp/SonicChannel/upload_images/ohtani_170901_02.jpg
 create mode 100644 sonic.sega.jp/sonic.sega.jp/SonicChannel/upload_images/ohtani_170901_03.jpg
 create mode 100644 sonic.sega.jp/sonic.sega.jp/SonicChannel/upload_images/ohtani_170901_04.jpg
 create mode 100644 sonic.sega.jp/sonic.sega.jp/SonicChannel/upload_images/ohtani_170929_01.jpg
 create mode 100644 sonic.sega.jp/sonic.sega.jp/SonicChannel/upload_images/ohtani_170929_02.jpg
 create mode 100644 sonic.sega.jp/sonic.sega.jp/SonicChannel/upload_images/ohtani_170929_03.jpg
 create mode 100644 sonic.sega.jp/sonic.sega.jp/SonicChannel/upload_images/ohtani_170929_04_thm.jpg
 create mode 100644 sonic.sega.jp/sonic.sega.jp/SonicChannel/upload_images/ohtani_170929_05_thm.jpg
 create mode 100644 sonic.sega.jp/sonic.sega.jp/SonicChannel/upload_images/ohtani_170929_06_thm.jpg
 create mode 100644 sonic.sega.jp/sonic.sega.jp/SonicChannel/upload_images/ohtani_170929_07_thm.jpg
 create mode 100644 sonic.sega.jp/sonic.sega.jp/SonicChannel/upload_images/ohtani_170929_08_thm.jpg
 create mode 100644 sonic.sega.jp/sonic.sega.jp/SonicChannel/upload_images/ohtani_170929_09_thm.jpg
 create mode 100644 sonic.sega.jp/sonic.sega.jp/SonicChannel/upload_images/ohtani_170929_10_thm.jpg
 create mode 100644 sonic.sega.jp/sonic.sega.jp/SonicChannel/upload_images/ohtani_170929_11_thm.jpg
 create mode 100644 sonic.sega.jp/sonic.sega.jp/SonicChannel/upload_images/ohtani_171013_01.jpg
 create mode 100644 sonic.sega.jp/sonic.sega.jp/SonicChannel/upload_images/ohtani_171013_01_large.jpg
 create mode 100644 sonic.sega.jp/sonic.sega.jp/SonicChannel/upload_images/ohtani_171013_02.jpg
 create mode 100644 sonic.sega.jp/sonic.sega.jp/SonicChannel/upload_images/ohtani_171013_02_large.jpg
 create mode 100644 sonic.sega.jp/sonic.sega.jp/SonicChannel/upload_images/ohtani_171013_03.jpg
 create mode 100644 sonic.sega.jp/sonic.sega.jp/SonicChannel/upload_images/ohtani_171013_03_large.jpg
 create mode 100644 sonic.sega.jp/sonic.sega.jp/SonicChannel/upload_images/ohtani_171013_04.jpg
 create mode 100644 sonic.sega.jp/sonic.sega.jp/SonicChannel/upload_images/ohtani_171013_04_large.jpg
 create mode 100644 sonic.sega.jp/sonic.sega.jp/SonicChannel/upload_images/ohtani_171013_05.jpg
 create mode 100644 sonic.sega.jp/sonic.sega.jp/SonicChannel/upload_images/ohtani_171013_05_large.jpg
 create mode 100644 sonic.sega.jp/sonic.sega.jp/SonicChannel/upload_images/ohtani_171013_06.jpg
 create mode 100644 sonic.sega.jp/sonic.sega.jp/SonicChannel/upload_images/ohtani_171013_06_large.jpg
 create mode 100644 sonic.sega.jp/sonic.sega.jp/SonicChannel/upload_images/ohtani_171013_07.jpg
 create mode 100644 sonic.sega.jp/sonic.sega.jp/SonicChannel/upload_images/ohtani_171013_07_large.jpg
 create mode 100644 sonic.sega.jp/sonic.sega.jp/SonicChannel/upload_images/ohtani_171013_08.jpg
 create mode 100644 sonic.sega.jp/sonic.sega.jp/SonicChannel/upload_images/ohtani_171013_08_large.jpg
 create mode 100644 sonic.sega.jp/sonic.sega.jp/SonicChannel/upload_images/ohtani_171013_09.jpg
 create mode 100644 sonic.sega.jp/sonic.sega.jp/SonicChannel/upload_images/ohtani_171013_09_large.jpg
 create mode 100644 sonic.sega.jp/sonic.sega.jp/SonicChannel/upload_images/ohtani_171013_10.jpg
 create mode 100644 sonic.sega.jp/sonic.sega.jp/SonicChannel/upload_images/ohtani_171013_10_large.jpg
 create mode 100644 sonic.sega.jp/sonic.sega.jp/SonicChannel/upload_images/ohtani_171013_11.jpg
 create mode 100644 sonic.sega.jp/sonic.sega.jp/SonicChannel/upload_images/ohtani_171013_11_large.jpg
 create mode 100644 sonic.sega.jp/sonic.sega.jp/SonicChannel/upload_images/ohtani_171013_12.jpg
 create mode 100644 sonic.sega.jp/sonic.sega.jp/SonicChannel/upload_images/ohtani_171013_12_large.jpg
 create mode 100644 sonic.sega.jp/sonic.sega.jp/SonicChannel/upload_images/ohtani_171013_13.jpg
 create mode 100644 sonic.sega.jp/sonic.sega.jp/SonicChannel/upload_images/ohtani_250822_01_01.jpg
 create mode 100644 sonic.sega.jp/sonic.sega.jp/SonicChannel/upload_images/ohtani_250822_01_02.jpg
 create mode 100644 sonic.sega.jp/sonic.sega.jp/SonicChannel/upload_images/ohtani_250822_01_03.jpg
 create mode 100644 sonic.sega.jp/sonic.sega.jp/SonicChannel/upload_images/senoue_150710_01.jpg
 create mode 100644 sonic.sega.jp/sonic.sega.jp/SonicChannel/upload_images/senoue_150710_02.jpg
 create mode 100644 sonic.sega.jp/sonic.sega.jp/SonicChannel/upload_images/senoue_150710_03.jpg
 create mode 100644 sonic.sega.jp/sonic.sega.jp/SonicChannel/upload_images/senoue_150710_04.jpg
 create mode 100644 sonic.sega.jp/sonic.sega.jp/SonicChannel/upload_images/senoue_150710_05.jpg
 create mode 100644 sonic.sega.jp/sonic.sega.jp/SonicChannel/upload_images/senoue_150807_01.jpg
 create mode 100644 sonic.sega.jp/sonic.sega.jp/SonicChannel/upload_images/senoue_150807_02.jpg
 create mode 100644 sonic.sega.jp/sonic.sega.jp/SonicChannel/upload_images/senoue_150807_03.jpg
 create mode 100644 sonic.sega.jp/sonic.sega.jp/SonicChannel/upload_images/senoue_150807_04.jpg
 create mode 100644 sonic.sega.jp/sonic.sega.jp/SonicChannel/upload_images/senoue_150807_05_thm.jpg
 create mode 100644 sonic.sega.jp/sonic.sega.jp/SonicChannel/upload_images/senoue_150807_06_thm.jpg
 create mode 100644 sonic.sega.jp/sonic.sega.jp/SonicChannel/upload_images/senoue_150807_07_thm.jpg
 create mode 100644 sonic.sega.jp/sonic.sega.jp/SonicChannel/upload_images/senoue_150807_08_thm.jpg
 create mode 100644 sonic.sega.jp/sonic.sega.jp/SonicChannel/upload_images/senoue_150807_09_thm.jpg
 create mode 100644 sonic.sega.jp/sonic.sega.jp/SonicChannel/upload_images/senoue_150807_10_thm.jpg
 create mode 100644 sonic.sega.jp/sonic.sega.jp/SonicChannel/upload_images/senoue_150911_01.jpg
 create mode 100644 sonic.sega.jp/sonic.sega.jp/SonicChannel/upload_images/senoue_150911_02.jpg
 create mode 100644 sonic.sega.jp/sonic.sega.jp/SonicChannel/upload_images/senoue_150911_03.jpg
 create mode 100644 sonic.sega.jp/sonic.sega.jp/SonicChannel/upload_images/senoue_150911_04.jpg
 create mode 100644 sonic.sega.jp/sonic.sega.jp/SonicChannel/upload_images/senoue_151009_01.jpg
 create mode 100644 sonic.sega.jp/sonic.sega.jp/SonicChannel/upload_images/senoue_151009_02.jpg
 create mode 100644 sonic.sega.jp/sonic.sega.jp/SonicChannel/upload_images/senoue_151009_03.jpg
 create mode 100644 sonic.sega.jp/sonic.sega.jp/SonicChannel/upload_images/senoue_151009_04.jpg
 create mode 100644 sonic.sega.jp/sonic.sega.jp/SonicChannel/upload_images/senoue_151009_05.jpg
 create mode 100644 sonic.sega.jp/sonic.sega.jp/SonicChannel/upload_images/senoue_151116_01.jpg
 create mode 100644 sonic.sega.jp/sonic.sega.jp/SonicChannel/upload_images/senoue_151116_02.jpg
 create mode 100644 sonic.sega.jp/sonic.sega.jp/SonicChannel/upload_images/senoue_151116_03.jpg
 create mode 100644 sonic.sega.jp/sonic.sega.jp/SonicChannel/upload_images/senoue_151116_04.jpg
 create mode 100644 sonic.sega.jp/sonic.sega.jp/SonicChannel/upload_images/senoue_151116_05.jpg
 create mode 100644 sonic.sega.jp/sonic.sega.jp/SonicChannel/upload_images/senoue_151116_06.jpg
 create mode 100644 sonic.sega.jp/sonic.sega.jp/SonicChannel/upload_images/senoue_151116_07.jpg
 create mode 100644 sonic.sega.jp/sonic.sega.jp/SonicChannel/upload_images/senoue_151116_08.jpg
 create mode 100644 sonic.sega.jp/sonic.sega.jp/SonicChannel/upload_images/senoue_151116_09.jpg
 create mode 100644 sonic.sega.jp/sonic.sega.jp/SonicChannel/upload_images/senoue_151116_10.jpg
 create mode 100644 sonic.sega.jp/sonic.sega.jp/SonicChannel/upload_images/senoue_151116_11.jpg
 create mode 100644 sonic.sega.jp/sonic.sega.jp/SonicChannel/upload_images/senoue_151116_12.jpg
 create mode 100644 sonic.sega.jp/sonic.sega.jp/SonicChannel/upload_images/senoue_151211_01.jpg
 create mode 100644 sonic.sega.jp/sonic.sega.jp/SonicChannel/upload_images/senoue_151211_02.jpg
 create mode 100644 sonic.sega.jp/sonic.sega.jp/SonicChannel/upload_images/senoue_151211_03.jpg
 create mode 100644 sonic.sega.jp/sonic.sega.jp/SonicChannel/upload_images/senoue_151211_04.jpg
 create mode 100644 sonic.sega.jp/sonic.sega.jp/SonicChannel/upload_images/senoue_151211_05.jpg
 create mode 100644 sonic.sega.jp/sonic.sega.jp/SonicChannel/upload_images/senoue_151211_06.jpg
 create mode 100644 sonic.sega.jp/sonic.sega.jp/SonicChannel/upload_images/senoue_151211_07.jpg
 create mode 100644 sonic.sega.jp/sonic.sega.jp/SonicChannel/upload_images/senoue_151211_08.jpg
 create mode 100644 sonic.sega.jp/sonic.sega.jp/SonicChannel/upload_images/senoue_151211_09.jpg
 create mode 100644 sonic.sega.jp/sonic.sega.jp/SonicChannel/upload_images/senoue_151211_10.jpg
 create mode 100644 sonic.sega.jp/sonic.sega.jp/SonicChannel/upload_images/senoue_151211_11.jpg
 create mode 100644 sonic.sega.jp/sonic.sega.jp/SonicChannel/upload_images/senoue_151211_12.jpg
 create mode 100644 sonic.sega.jp/sonic.sega.jp/SonicChannel/upload_images/senoue_151211_20.jpg
 create mode 100644 sonic.sega.jp/sonic.sega.jp/SonicChannel/upload_images/senoue_151211_21.jpg
 create mode 100644 sonic.sega.jp/sonic.sega.jp/SonicChannel/upload_images/senoue_151211_22.jpg
 create mode 100644 sonic.sega.jp/sonic.sega.jp/SonicChannel/upload_images/senoue_151211_23.jpg
 create mode 100644 sonic.sega.jp/sonic.sega.jp/SonicChannel/upload_images/senoue_151211_30.jpg
 create mode 100644 sonic.sega.jp/sonic.sega.jp/SonicChannel/upload_images/senoue_151211_31.jpg
 create mode 100644 sonic.sega.jp/sonic.sega.jp/SonicChannel/upload_images/senoue_151211_32.jpg
 create mode 100644 sonic.sega.jp/sonic.sega.jp/SonicChannel/upload_images/senoue_160115_01.jpg
 create mode 100644 sonic.sega.jp/sonic.sega.jp/SonicChannel/upload_images/senoue_160115_02.jpg
 create mode 100644 sonic.sega.jp/sonic.sega.jp/SonicChannel/upload_images/senoue_160115_03.jpg
 create mode 100644 sonic.sega.jp/sonic.sega.jp/SonicChannel/upload_images/senoue_160115_04.jpg
 create mode 100644 sonic.sega.jp/sonic.sega.jp/SonicChannel/upload_images/senoue_160115_05.jpg
 create mode 100644 sonic.sega.jp/sonic.sega.jp/SonicChannel/upload_images/senoue_160115_06.jpg
 create mode 100644 sonic.sega.jp/sonic.sega.jp/SonicChannel/upload_images/senoue_160115_07.jpg
 create mode 100644 sonic.sega.jp/sonic.sega.jp/SonicChannel/upload_images/senoue_160212_01.jpg
 create mode 100644 sonic.sega.jp/sonic.sega.jp/SonicChannel/upload_images/senoue_160212_03.jpg
 create mode 100644 sonic.sega.jp/sonic.sega.jp/SonicChannel/upload_images/senoue_160212_04.jpg
 create mode 100644 sonic.sega.jp/sonic.sega.jp/SonicChannel/upload_images/senoue_160408_01.jpg
 create mode 100644 sonic.sega.jp/sonic.sega.jp/SonicChannel/upload_images/senoue_160408_02.jpg
 create mode 100644 sonic.sega.jp/sonic.sega.jp/SonicChannel/upload_images/senoue_160408_03.jpg
 create mode 100644 sonic.sega.jp/sonic.sega.jp/SonicChannel/upload_images/senoue_160408_04.jpg
 create mode 100644 sonic.sega.jp/sonic.sega.jp/SonicChannel/upload_images/senoue_160408_05.jpg
 create mode 100644 sonic.sega.jp/sonic.sega.jp/SonicChannel/upload_images/senoue_160408_06.jpg
 create mode 100644 sonic.sega.jp/sonic.sega.jp/SonicChannel/upload_images/senoue_160408_07.jpg
 create mode 100644 sonic.sega.jp/sonic.sega.jp/SonicChannel/upload_images/senoue_160415_01.jpg
 create mode 100644 sonic.sega.jp/sonic.sega.jp/SonicChannel/upload_images/senoue_160415_02.jpg
 create mode 100644 sonic.sega.jp/sonic.sega.jp/SonicChannel/upload_images/senoue_160415_03.jpg
 create mode 100644 sonic.sega.jp/sonic.sega.jp/SonicChannel/upload_images/senoue_160415_04.jpg
 create mode 100644 sonic.sega.jp/sonic.sega.jp/SonicChannel/upload_images/senoue_160415_05.jpg
 create mode 100644 sonic.sega.jp/sonic.sega.jp/SonicChannel/upload_images/senoue_160513_01.jpg
 create mode 100644 sonic.sega.jp/sonic.sega.jp/SonicChannel/upload_images/senoue_160513_02.jpg
 create mode 100644 sonic.sega.jp/sonic.sega.jp/SonicChannel/upload_images/senoue_160513_03.jpg
 create mode 100644 sonic.sega.jp/sonic.sega.jp/SonicChannel/upload_images/senoue_160610_01.jpg
 create mode 100644 sonic.sega.jp/sonic.sega.jp/SonicChannel/upload_images/senoue_160610_02.jpg
 create mode 100644 sonic.sega.jp/sonic.sega.jp/SonicChannel/upload_images/senoue_160610_03.jpg
 create mode 100644 sonic.sega.jp/sonic.sega.jp/SonicChannel/upload_images/senoue_160610_04.jpg
 create mode 100644 sonic.sega.jp/sonic.sega.jp/SonicChannel/upload_images/senoue_160610_05.jpg
 create mode 100644 sonic.sega.jp/sonic.sega.jp/SonicChannel/upload_images/senoue_160610_06.jpg
 create mode 100644 sonic.sega.jp/sonic.sega.jp/SonicChannel/upload_images/senoue_160708_01.jpg
 create mode 100644 sonic.sega.jp/sonic.sega.jp/SonicChannel/upload_images/senoue_160708_02.jpg
 create mode 100644 sonic.sega.jp/sonic.sega.jp/SonicChannel/upload_images/senoue_160708_03.jpg
 create mode 100644 sonic.sega.jp/sonic.sega.jp/SonicChannel/upload_images/senoue_160708_04.jpg
 create mode 100644 sonic.sega.jp/sonic.sega.jp/SonicChannel/upload_images/senoue_160826_01.jpg
 create mode 100644 sonic.sega.jp/sonic.sega.jp/SonicChannel/upload_images/senoue_160826_02.jpg
 create mode 100644 sonic.sega.jp/sonic.sega.jp/SonicChannel/upload_images/senoue_160826_03.jpg
 create mode 100644 sonic.sega.jp/sonic.sega.jp/SonicChannel/upload_images/senoue_160826_05.jpg
 create mode 100644 sonic.sega.jp/sonic.sega.jp/SonicChannel/upload_images/senoue_160826_06.jpg
 create mode 100644 sonic.sega.jp/sonic.sega.jp/SonicChannel/upload_images/senoue_160826_07.jpg
 create mode 100644 sonic.sega.jp/sonic.sega.jp/SonicChannel/upload_images/senoue_160826_08.jpg
 create mode 100644 sonic.sega.jp/sonic.sega.jp/SonicChannel/upload_images/senoue_160826_09.jpg
 create mode 100644 sonic.sega.jp/sonic.sega.jp/SonicChannel/upload_images/senoue_160826_10.jpg
 create mode 100644 sonic.sega.jp/sonic.sega.jp/SonicChannel/upload_images/senoue_161014_01.jpg
 create mode 100644 sonic.sega.jp/sonic.sega.jp/SonicChannel/upload_images/senoue_161014_02.jpg
 create mode 100644 sonic.sega.jp/sonic.sega.jp/SonicChannel/upload_images/senoue_161014_03.jpg
 create mode 100644 sonic.sega.jp/sonic.sega.jp/SonicChannel/upload_images/senoue_161014_04.jpg
 create mode 100644 sonic.sega.jp/sonic.sega.jp/SonicChannel/upload_images/senoue_161111_01.jpg
 create mode 100644 sonic.sega.jp/sonic.sega.jp/SonicChannel/upload_images/senoue_161111_02.jpg
 create mode 100644 sonic.sega.jp/sonic.sega.jp/SonicChannel/upload_images/senoue_161209_01.jpg
 create mode 100644 sonic.sega.jp/sonic.sega.jp/SonicChannel/upload_images/senoue_161209_02.jpg
 create mode 100644 sonic.sega.jp/sonic.sega.jp/SonicChannel/upload_images/senoue_161209_03.jpg
 create mode 100644 sonic.sega.jp/sonic.sega.jp/SonicChannel/upload_images/senoue_161209_04.jpg
 create mode 100644 sonic.sega.jp/sonic.sega.jp/SonicChannel/upload_images/senoue_161209_05.jpg
 create mode 100644 sonic.sega.jp/sonic.sega.jp/SonicChannel/upload_images/senoue_170113_01.jpg
 create mode 100644 sonic.sega.jp/sonic.sega.jp/SonicChannel/upload_images/senoue_170113_02.jpg
 create mode 100644 sonic.sega.jp/sonic.sega.jp/SonicChannel/upload_images/senoue_170113_03.jpg
 create mode 100644 sonic.sega.jp/sonic.sega.jp/SonicChannel/upload_images/senoue_170113_04.jpg
 create mode 100644 sonic.sega.jp/sonic.sega.jp/SonicChannel/upload_images/senoue_170113_05.jpg
 create mode 100644 sonic.sega.jp/sonic.sega.jp/SonicChannel/upload_images/senoue_170113_06.jpg
 create mode 100644 sonic.sega.jp/sonic.sega.jp/SonicChannel/upload_images/senoue_170113_07.jpg
 create mode 100644 sonic.sega.jp/sonic.sega.jp/SonicChannel/upload_images/senoue_170113_08.jpg
 create mode 100644 sonic.sega.jp/sonic.sega.jp/SonicChannel/upload_images/senoue_170217_01.jpg
 create mode 100644 sonic.sega.jp/sonic.sega.jp/SonicChannel/upload_images/senoue_170217_02.jpg
 create mode 100644 sonic.sega.jp/sonic.sega.jp/SonicChannel/upload_images/senoue_170217_03.jpg
 create mode 100644 sonic.sega.jp/sonic.sega.jp/SonicChannel/upload_images/senoue_170818_01.jpg
 create mode 100644 sonic.sega.jp/sonic.sega.jp/SonicChannel/upload_images/senoue_170818_02.jpg
 create mode 100644 sonic.sega.jp/sonic.sega.jp/SonicChannel/upload_images/senoue_170818_03.jpg
 create mode 100644 sonic.sega.jp/sonic.sega.jp/SonicChannel/upload_images/senoue_180223_08_large.jpg
 create mode 100644 sonic.sega.jp/sonic.sega.jp/SonicChannel/upload_images/senoue_180223_09_large.jpg
 create mode 100644 sonic.sega.jp/sonic.sega.jp/SonicChannel/upload_images/senoue_180223_10_large.jpg
 create mode 100644 sonic.sega.jp/sonic.sega.jp/SonicChannel/upload_images/senoue_180316_a1_large.jpg
 create mode 100644 sonic.sega.jp/sonic.sega.jp/SonicChannel/upload_images/senoue_180316_a2_large.jpg
 create mode 100644 sonic.sega.jp/sonic.sega.jp/SonicChannel/upload_images/senoue_180316_a3_large.jpg
 create mode 100644 sonic.sega.jp/sonic.sega.jp/SonicChannel/upload_images/senoue_180316_a4_large.jpg
 create mode 100644 sonic.sega.jp/sonic.sega.jp/SonicChannel/upload_images/senoue_180316_b1_large.jpg
 create mode 100644 sonic.sega.jp/sonic.sega.jp/SonicChannel/upload_images/senoue_180316_b2_large.jpg
 create mode 100644 sonic.sega.jp/sonic.sega.jp/SonicChannel/upload_images/senoue_180316_b3_large.jpg
 create mode 100644 sonic.sega.jp/sonic.sega.jp/SonicChannel/upload_images/senoue_180316_b4_large.jpg
 create mode 100644 sonic.sega.jp/sonic.sega.jp/SonicChannel/upload_images/senoue_250822_01_01.jpg
 create mode 100644 sonic.sega.jp/sonic.sega.jp/SonicChannel/upload_images/senoue_250822_01_02.jpg
 create mode 100644 sonic.sega.jp/sonic.sega.jp/SonicChannel/upload_images/senoue_250822_01_03.jpg
 create mode 100644 sonic.sega.jp/sonic.sega.jp/SonicChannel/upload_images/senoue_250822_01_04.jpg
 create mode 100644 sonic.sega.jp/sonic.sega.jp/SonicChannel/upload_images/senoue_250822_01_05.jpg
 create mode 100644 sonic.sega.jp/sonic.sega.jp/SonicChannel/upload_images/senoue_250822_01_06.jpg
 create mode 100644 sonic.sega.jp/sonic.sega.jp/SonicChannel/upload_images/senoue_250822_01_07.jpg
 create mode 100644 sonic.sega.jp/sonic.sega.jp/SonicChannel/upload_images/senoue_250822_01_08.jpg
 create mode 100644 sonic.sega.jp/sonic.sega.jp/SonicChannel/upload_images/sonicpict_250822_01_01.jpg
 create mode 100644 sonic.sega.jp/sonic.sega.jp/SonicForces/common/css/common-bg/bg.gif
 create mode 100644 sonic.sega.jp/sonic.sega.jp/SonicForces/common/css/common-bg/pc_bg1.png
 create mode 100644 sonic.sega.jp/sonic.sega.jp/SonicForces/common/css/common-bg/pc_bg2.png
 create mode 100644 sonic.sega.jp/sonic.sega.jp/SonicForces/common/css/common-class/newInfo.png
 create mode 100644 sonic.sega.jp/sonic.sega.jp/SonicForces/common/css/common-class/newInfo2.png
 create mode 100644 sonic.sega.jp/sonic.sega.jp/SonicForces/common/css/nav/button_top.gif
 create mode 100644 sonic.sega.jp/sonic.sega.jp/SonicForces/common/css/pc_style.css
 create mode 100644 sonic.sega.jp/sonic.sega.jp/SonicForces/common/css/swipebox/icons.png
 create mode 100644 sonic.sega.jp/sonic.sega.jp/SonicForces/common/css/swipebox/loader.gif
 create mode 100644 sonic.sega.jp/sonic.sega.jp/SonicForces/common/image/banner_SonicMania.jpg
 create mode 100644 sonic.sega.jp/sonic.sega.jp/SonicForces/common/image/banner_manual.png
 create mode 100644 sonic.sega.jp/sonic.sega.jp/SonicForces/common/image/header_SonicChannel.gif
 create mode 100644 sonic.sega.jp/sonic.sega.jp/SonicForces/common/image/header_sega.gif
 create mode 100644 sonic.sega.jp/sonic.sega.jp/SonicForces/common/image/icon_facebook.png
 create mode 100644 sonic.sega.jp/sonic.sega.jp/SonicForces/common/image/icon_google.png
 create mode 100644 sonic.sega.jp/sonic.sega.jp/SonicForces/common/image/icon_line.png
 create mode 100644 sonic.sega.jp/sonic.sega.jp/SonicForces/common/image/icon_twitter.png
 create mode 100644 sonic.sega.jp/sonic.sega.jp/SonicForces/common/image/loading.gif
 create mode 100644 sonic.sega.jp/sonic.sega.jp/SonicForces/common/image/logo2.png
 create mode 100644 sonic.sega.jp/sonic.sega.jp/SonicForces/common/image/logo_sonicchannel.gif
 create mode 100644 sonic.sega.jp/sonic.sega.jp/SonicForces/common/image/movie_12.jpg
 create mode 100644 sonic.sega.jp/sonic.sega.jp/SonicForces/common/image/movie_15.jpg
 create mode 100644 sonic.sega.jp/sonic.sega.jp/SonicForces/common/image/movie_18.jpg
 create mode 100644 sonic.sega.jp/sonic.sega.jp/SonicForces/common/image/nav-bg.png
 create mode 100644 sonic.sega.jp/sonic.sega.jp/SonicForces/common/image/nav-character_default.gif
 create mode 100644 sonic.sega.jp/sonic.sega.jp/SonicForces/common/image/nav-character_over.gif
 create mode 100644 sonic.sega.jp/sonic.sega.jp/SonicForces/common/image/nav-dlc_default.gif
 create mode 100644 sonic.sega.jp/sonic.sega.jp/SonicForces/common/image/nav-dlc_over.gif
 create mode 100644 sonic.sega.jp/sonic.sega.jp/SonicForces/common/image/nav-game_default.gif
 create mode 100644 sonic.sega.jp/sonic.sega.jp/SonicForces/common/image/nav-game_over.gif
 create mode 100644 sonic.sega.jp/sonic.sega.jp/SonicForces/common/image/nav-movie_default.gif
 create mode 100644 sonic.sega.jp/sonic.sega.jp/SonicForces/common/image/nav-movie_over.gif
 create mode 100644 sonic.sega.jp/sonic.sega.jp/SonicForces/common/image/platform_ps4.png
 create mode 100644 sonic.sega.jp/sonic.sega.jp/SonicForces/common/image/platform_steam.png
 create mode 100644 sonic.sega.jp/sonic.sega.jp/SonicForces/common/image/platform_switch.png
 create mode 100644 sonic.sega.jp/sonic.sega.jp/SonicForces/common/image/platform_xbox.png
 create mode 100644 sonic.sega.jp/sonic.sega.jp/SonicForces/common/js/pc_import.js@20170907
 create mode 100644 sonic.sega.jp/sonic.sega.jp/SonicForces/css/common-contents/twitter-button.gif
 create mode 100644 sonic.sega.jp/sonic.sega.jp/SonicForces/css/nav/h1.png
 create mode 100644 sonic.sega.jp/sonic.sega.jp/SonicForces/css/pc_style.css
 create mode 100644 sonic.sega.jp/sonic.sega.jp/SonicForces/image/banner_column.jpg
 create mode 100644 sonic.sega.jp/sonic.sega.jp/SonicForces/image/banner_comics.jpg
 create mode 100644 sonic.sega.jp/sonic.sega.jp/SonicForces/image/banner_demo.jpg
 create mode 100644 sonic.sega.jp/sonic.sega.jp/SonicForces/image/banner_segafes2018.jpg
 create mode 100644 sonic.sega.jp/sonic.sega.jp/SonicForces/image/pc_info.png
 create mode 100644 sonic.sega.jp/sonic.sega.jp/SonicForces/image/pc_main.jpg
 create mode 100644 sonic.sega.jp/sonic.sega.jp/SonicForces/image/pc_movie.png
 create mode 100644 sonic.sega.jp/sonic.sega.jp/SonicForces/image/pc_spec.png
 create mode 100644 sonic.sega.jp/sonic.sega.jp/SonicForces/image/pc_twitter.png
 create mode 100644 sonic.sega.jp/sonic.sega.jp/SonicForces/index.html
