Already up to date.
Deleted file - D:\GitHub\SonicChannelTrack\sonic.sega.jp\SonicChannel\topics\goods\20250718_008991.1
Deleted file - D:\GitHub\SonicChannelTrack\sonic.sega.jp\SonicChannel\topics\goods\20250718_008992.1
Deleted file - D:\GitHub\SonicChannelTrack\sonic.sega.jp\SonicChannel\topics\goods\20250718_008993.1
Deleted file - D:\GitHub\SonicChannelTrack\sonic.sega.jp\SonicChannel\topics\goods\20250718_008994.1
Deleted file - D:\GitHub\SonicChannelTrack\sonic.sega.jp\SonicChannel\topics\goods\20250718_008995.1
Deleted file - D:\GitHub\SonicChannelTrack\sonic.sega.jp\SonicChannel\topics\goods\20250718_008996.1
Deleted file - D:\GitHub\SonicChannelTrack\sonic.sega.jp\SonicChannel\topics\goods\20250718_008997.1
Deleted file - D:\GitHub\SonicChannelTrack\sonic.sega.jp\SonicChannel\topics\goods\20250718_008998.1
Deleted file - D:\GitHub\SonicChannelTrack\sonic.sega.jp\SonicChannel\topics\goods\20250718_008999.1
Deleted file - D:\GitHub\SonicChannelTrack\sonic.sega.jp\SonicChannel\topics\goods\20250718_009000.1
Deleted file - D:\GitHub\SonicChannelTrack\sonic.sega.jp\SonicChannel\topics\goods\20250718_009001.1
Deleted file - D:\GitHub\SonicChannelTrack\sonic.sega.jp\SonicChannel\topics\goods\20250718_009002.1
Deleted file - D:\GitHub\SonicChannelTrack\sonic.sega.jp\SonicChannel\topics\goods\20250718_009003.1
Deleted file - D:\GitHub\SonicChannelTrack\sonic.sega.jp\SonicChannel\topics\goods\20250718_009004.1
Deleted file - D:\GitHub\SonicChannelTrack\sonic.sega.jp\SonicChannel\topics\goods\20250718_009005.1
Deleted file - D:\GitHub\SonicChannelTrack\sonic.sega.jp\SonicChannel\topics\goods\20250718_009006.1
Deleted file - D:\GitHub\SonicChannelTrack\sonic.sega.jp\SonicChannel\topics\goods\20250718_008991.2
Deleted file - D:\GitHub\SonicChannelTrack\sonic.sega.jp\SonicChannel\topics\goods\20250718_008992.2
Deleted file - D:\GitHub\SonicChannelTrack\sonic.sega.jp\SonicChannel\topics\goods\20250718_008993.2
Deleted file - D:\GitHub\SonicChannelTrack\sonic.sega.jp\SonicChannel\topics\goods\20250718_008994.2
Deleted file - D:\GitHub\SonicChannelTrack\sonic.sega.jp\SonicChannel\topics\goods\20250718_008995.2
Deleted file - D:\GitHub\SonicChannelTrack\sonic.sega.jp\SonicChannel\topics\goods\20250718_008996.2
Deleted file - D:\GitHub\SonicChannelTrack\sonic.sega.jp\SonicChannel\topics\goods\20250718_008997.2
Deleted file - D:\GitHub\SonicChannelTrack\sonic.sega.jp\SonicChannel\topics\goods\20250718_008998.2
Deleted file - D:\GitHub\SonicChannelTrack\sonic.sega.jp\SonicChannel\topics\goods\20250718_008999.2
Deleted file - D:\GitHub\SonicChannelTrack\sonic.sega.jp\SonicChannel\topics\goods\20250718_009000.2
Deleted file - D:\GitHub\SonicChannelTrack\sonic.sega.jp\SonicChannel\topics\goods\20250718_009001.2
Deleted file - D:\GitHub\SonicChannelTrack\sonic.sega.jp\SonicChannel\topics\goods\20250718_009002.2
Deleted file - D:\GitHub\SonicChannelTrack\sonic.sega.jp\SonicChannel\topics\goods\20250718_009003.2
Deleted file - D:\GitHub\SonicChannelTrack\sonic.sega.jp\SonicChannel\topics\goods\20250718_009004.2
Deleted file - D:\GitHub\SonicChannelTrack\sonic.sega.jp\SonicChannel\topics\goods\20250718_009005.2
Deleted file - D:\GitHub\SonicChannelTrack\sonic.sega.jp\SonicChannel\topics\goods\20250718_009006.2
Deleted file - D:\GitHub\SonicChannelTrack\www.olympicvideogames.com\sonic\br.1
Deleted file - D:\GitHub\SonicChannelTrack\www.olympicvideogames.com\sonic\cn.1
Deleted file - D:\GitHub\SonicChannelTrack\www.olympicvideogames.com\sonic\de.1
Deleted file - D:\GitHub\SonicChannelTrack\www.olympicvideogames.com\sonic\en.1
Deleted file - D:\GitHub\SonicChannelTrack\www.olympicvideogames.com\sonic\es.1
Deleted file - D:\GitHub\SonicChannelTrack\www.olympicvideogames.com\sonic\fr.1
Deleted file - D:\GitHub\SonicChannelTrack\www.olympicvideogames.com\sonic\it.1
Deleted file - D:\GitHub\SonicChannelTrack\www.olympicvideogames.com\sonic\jp.1
Deleted file - D:\GitHub\SonicChannelTrack\www.olympicvideogames.com\sonic\kr.1
Deleted file - D:\GitHub\SonicChannelTrack\www.olympicvideogames.com\sonic\nl.1
Deleted file - D:\GitHub\SonicChannelTrack\www.olympicvideogames.com\sonic\ru.1
Deleted file - D:\GitHub\SonicChannelTrack\www.olympicvideogames.com\sonic\zh.1
Deleted file - D:\GitHub\SonicChannelTrack\sonicteam.com\SonicWorldAdventure\director.1
Deleted file - D:\GitHub\SonicChannelTrack\sonicteam.com\SonicWorldAdventure\hamidashi.1
[main f3062145be9] files from 2025-08-19, 19:11:53
 232 files changed, 17920 insertions(+), 40 deletions(-)
 create mode 100644 log/KrazeeTobi-2025-08-19_130042.log
 create mode 100644 sonic.sega.jp/SonicChannel/assets_c/2015/06/ohtani_eyeCatch-thumb-640xauto-1238.jpg
 create mode 100644 sonic.sega.jp/SonicChannel/assets_c/2015/07/senoue_eyeCatch-thumb-640xauto-1251.jpg
 create mode 100644 sonic.sega.jp/SonicChannel/assets_c/2017/07/ohtani_eye2-thumb-640xauto-2563.jpg
 create mode 100644 sonic.sega.jp/SonicChannel/assets_c/2017/08/senoue_eye-thumb-640xauto-2607.jpg
 create mode 100644 sonic.sega.jp/SonicChannel/assets_c/2018/01/ohtani_180119_eye-thumb-640xauto-3004.jpg
 create mode 100644 sonic.sega.jp/SonicChannel/assets_c/2018/01/senoeue_180131_eye-thumb-640xauto-3016.jpg
 create mode 100644 sonic.sega.jp/SonicChannel/assets_c/2018/02/ohtani_180209_eye-thumb-640xauto-3019.jpg
 create mode 100644 sonic.sega.jp/SonicChannel/assets_c/2018/02/senoue_180223_eye-thumb-640xauto-3029.jpg
 create mode 100644 sonic.sega.jp/SonicChannel/assets_c/2018/03/ohtani_180329_eye-thumb-640xauto-3062.jpg
 create mode 100644 sonic.sega.jp/SonicChannel/assets_c/2018/03/senoue_180316_eye-thumb-640xauto-3049.jpg
 create mode 100644 sonic.sega.jp/SonicChannel/assets_c/2018/03/senoue_180329_eye-thumb-640xauto-3060.jpg
 create mode 100644 sonic.sega.jp/SonicChannel/assets_c/2018/07/ohtani_180731_eye-thumb-640xauto-3188.jpg
 create mode 100644 sonic.sega.jp/SonicChannel/assets_c/2018/08/ohtani_180831_eye-thumb-640xauto-3219.jpg
 create mode 100644 sonic.sega.jp/SonicChannel/assets_c/2018/10/senoue_181019_eye-thumb-640xauto-3277.jpg
 create mode 100644 sonic.sega.jp/SonicChannel/assets_c/2018/11/ohtani_181207_eye-thumb-640xauto-3300.jpg
 create mode 100644 sonic.sega.jp/SonicChannel/assets_c/2018/11/senoue_181207_eye-thumb-640xauto-3304.jpg
 create mode 100644 sonic.sega.jp/SonicChannel/assets_c/2019/04/senoue_190412_eye-thumb-640xauto-3411.jpg
 create mode 100644 sonic.sega.jp/SonicChannel/assets_c/2019/06/ohtani_190628_eye-thumb-640xauto-3483.jpg
 create mode 100644 sonic.sega.jp/SonicChannel/assets_c/2019/12/senoue_191220_eye-thumb-640xauto-3643.jpg
 create mode 100644 sonic.sega.jp/SonicChannel/assets_c/2020/07/ohtani_200717_eye-thumb-640xauto-3826.jpg
 create mode 100644 sonic.sega.jp/SonicChannel/assets_c/2020/10/ohtani_201002_eye-thumb-640xauto-3891.jpg
 create mode 100644 sonic.sega.jp/SonicChannel/assets_c/2021/03/ohtani_210324_eye-thumb-640xauto-4128.jpg
 create mode 100644 sonic.sega.jp/SonicChannel/special/staffcolumn/index_7.html
 create mode 100644 sonic.sega.jp/SonicChannel/special/staffcolumn/index_8.html
 create mode 100644 sonic.sega.jp/SonicChannel/special/staffcolumn/index_9.html
 create mode 100644 sonic.sega.jp/SonicChannel/special/staffcolumn/soundcolumn/ohtani/20171102_001476/index.html
 create mode 100644 sonic.sega.jp/SonicChannel/special/staffcolumn/soundcolumn/ohtani/20171110_001486/index.html
 create mode 100644 sonic.sega.jp/SonicChannel/special/staffcolumn/soundcolumn/ohtani/20171215_001514/index.html
 create mode 100644 sonic.sega.jp/SonicChannel/special/staffcolumn/soundcolumn/ohtani/20180119_001529/index.html
 create mode 100644 sonic.sega.jp/SonicChannel/special/staffcolumn/soundcolumn/ohtani/20180209_001544/index.html
 create mode 100644 sonic.sega.jp/SonicChannel/special/staffcolumn/soundcolumn/ohtani/20180330_001574/index.html
 create mode 100644 sonic.sega.jp/SonicChannel/special/staffcolumn/soundcolumn/ohtani/20180419_001585/index.html
 create mode 100644 sonic.sega.jp/SonicChannel/special/staffcolumn/soundcolumn/ohtani/20180731_001673/index.html
 create mode 100644 sonic.sega.jp/SonicChannel/special/staffcolumn/soundcolumn/ohtani/20180831_001698/index.html
 create mode 100644 sonic.sega.jp/SonicChannel/special/staffcolumn/soundcolumn/ohtani/20181214_001768/index.html
 create mode 100644 sonic.sega.jp/SonicChannel/special/staffcolumn/soundcolumn/ohtani/20190628_001942/index.html
 create mode 100644 sonic.sega.jp/SonicChannel/special/staffcolumn/soundcolumn/ohtani/20200717_002278/index.html
 create mode 100644 sonic.sega.jp/SonicChannel/special/staffcolumn/soundcolumn/ohtani/20201002_002341/index.html
 create mode 100644 sonic.sega.jp/SonicChannel/special/staffcolumn/soundcolumn/ohtani/20210324_002532/index.html
 create mode 100644 sonic.sega.jp/SonicChannel/special/staffcolumn/soundcolumn/senoue/20171020_001467/index.html
 create mode 100644 sonic.sega.jp/SonicChannel/special/staffcolumn/soundcolumn/senoue/20171207_001509/index.html
 create mode 100644 sonic.sega.jp/SonicChannel/special/staffcolumn/soundcolumn/senoue/20171228_001524/index.html
 create mode 100644 sonic.sega.jp/SonicChannel/special/staffcolumn/soundcolumn/senoue/20180111_001525/index.html
 create mode 100644 sonic.sega.jp/SonicChannel/special/staffcolumn/soundcolumn/senoue/20180131_001540/index.html
 create mode 100644 sonic.sega.jp/SonicChannel/special/staffcolumn/soundcolumn/senoue/20180223_001554/index.html
 create mode 100644 sonic.sega.jp/SonicChannel/special/staffcolumn/soundcolumn/senoue/20180316_001567/index.html
 create mode 100644 sonic.sega.jp/SonicChannel/special/staffcolumn/soundcolumn/senoue/20180329_001572/index.html
 create mode 100644 sonic.sega.jp/SonicChannel/special/staffcolumn/soundcolumn/senoue/20181019_001752/index.html
 create mode 100644 sonic.sega.jp/SonicChannel/special/staffcolumn/soundcolumn/senoue/20181220_001770/index.html
 create mode 100644 sonic.sega.jp/SonicChannel/special/staffcolumn/soundcolumn/senoue/20190412_001877/index.html
 create mode 100644 sonic.sega.jp/SonicChannel/special/staffcolumn/soundcolumn/senoue/20191223_002090/index.html
 create mode 100644 sonic.sega.jp/SonicChannel/upload_images/ohtani_180119_eye.jpg
 create mode 100644 sonic.sega.jp/SonicChannel/upload_images/ohtani_180209_eye.jpg
 create mode 100644 sonic.sega.jp/SonicChannel/upload_images/ohtani_180329_eye.jpg
 create mode 100644 sonic.sega.jp/SonicChannel/upload_images/ohtani_180731_eye.jpg
 create mode 100644 sonic.sega.jp/SonicChannel/upload_images/ohtani_180831_eye.jpg
 create mode 100644 sonic.sega.jp/SonicChannel/upload_images/ohtani_181207_eye.jpg
 create mode 100644 sonic.sega.jp/SonicChannel/upload_images/ohtani_190628_eye.jpg
 create mode 100644 sonic.sega.jp/SonicChannel/upload_images/ohtani_200717_eye.jpg
 create mode 100644 sonic.sega.jp/SonicChannel/upload_images/ohtani_201002_eye.jpg
 create mode 100644 sonic.sega.jp/SonicChannel/upload_images/ohtani_210324_eye.jpg
 create mode 100644 sonic.sega.jp/SonicChannel/upload_images/ohtani_eye2.jpg
 create mode 100644 sonic.sega.jp/SonicChannel/upload_images/senoeue_180131_eye.jpg
 create mode 100644 sonic.sega.jp/SonicChannel/upload_images/senoue_180223_eye.jpg
 create mode 100644 sonic.sega.jp/SonicChannel/upload_images/senoue_180316_eye.jpg
 create mode 100644 sonic.sega.jp/SonicChannel/upload_images/senoue_180329_eye.jpg
 create mode 100644 sonic.sega.jp/SonicChannel/upload_images/senoue_181019_eye.jpg
 create mode 100644 sonic.sega.jp/SonicChannel/upload_images/senoue_181207_eye.jpg
 create mode 100644 sonic.sega.jp/SonicChannel/upload_images/senoue_190412_eye.jpg
 create mode 100644 sonic.sega.jp/SonicChannel/upload_images/senoue_191220_eye.jpg
 create mode 100644 sonic.sega.jp/SonicChannel/upload_images/senoue_eye.jpg
 create mode 100644 sonic.sega.jp/sonic.sega.jp/SonicChannel/upload_images/goods_200602_01_eye.jpg
 create mode 100644 sonic.sega.jp/sonic.sega.jp/SonicChannel/upload_images/ohtani_171110_01.jpg
 create mode 100644 sonic.sega.jp/sonic.sega.jp/SonicChannel/upload_images/ohtani_171110_02.jpg
 create mode 100644 sonic.sega.jp/sonic.sega.jp/SonicChannel/upload_images/ohtani_171110_03.jpg
 create mode 100644 sonic.sega.jp/sonic.sega.jp/SonicChannel/upload_images/ohtani_171110_04.jpg
 create mode 100644 sonic.sega.jp/sonic.sega.jp/SonicChannel/upload_images/ohtani_171110_05.jpg
 create mode 100644 sonic.sega.jp/sonic.sega.jp/SonicChannel/upload_images/ohtani_171215_01.jpg
 create mode 100644 sonic.sega.jp/sonic.sega.jp/SonicChannel/upload_images/ohtani_171215_02.jpg
 create mode 100644 sonic.sega.jp/sonic.sega.jp/SonicChannel/upload_images/ohtani_171215_03.jpg
 create mode 100644 sonic.sega.jp/sonic.sega.jp/SonicChannel/upload_images/ohtani_171215_04.jpg
 create mode 100644 sonic.sega.jp/sonic.sega.jp/SonicChannel/upload_images/ohtani_171215_05.jpg
 create mode 100644 sonic.sega.jp/sonic.sega.jp/SonicChannel/upload_images/ohtani_171215_06.jpg
 create mode 100644 sonic.sega.jp/sonic.sega.jp/SonicChannel/upload_images/ohtani_171215_07.jpg
 create mode 100644 sonic.sega.jp/sonic.sega.jp/SonicChannel/upload_images/ohtani_171215_08.jpg
 create mode 100644 sonic.sega.jp/sonic.sega.jp/SonicChannel/upload_images/ohtani_171215_09.jpg
 create mode 100644 sonic.sega.jp/sonic.sega.jp/SonicChannel/upload_images/ohtani_171215_A Hero Will Rise_01.jpg
 create mode 100644 sonic.sega.jp/sonic.sega.jp/SonicChannel/upload_images/ohtani_171215_A Hero Will Rise_02.jpg
 create mode 100644 sonic.sega.jp/sonic.sega.jp/SonicChannel/upload_images/ohtani_171215_On The Edge_01.jpg
 create mode 100644 sonic.sega.jp/sonic.sega.jp/SonicChannel/upload_images/ohtani_171215_On The Edge_02.jpg
 create mode 100644 sonic.sega.jp/sonic.sega.jp/SonicChannel/upload_images/ohtani_180119_01.jpg
 create mode 100644 sonic.sega.jp/sonic.sega.jp/SonicChannel/upload_images/ohtani_180119_02.jpg
 create mode 100644 sonic.sega.jp/sonic.sega.jp/SonicChannel/upload_images/ohtani_180119_03.jpg
 create mode 100644 sonic.sega.jp/sonic.sega.jp/SonicChannel/upload_images/ohtani_180119_04.jpg
 create mode 100644 sonic.sega.jp/sonic.sega.jp/SonicChannel/upload_images/ohtani_180119_05.jpg
 create mode 100644 sonic.sega.jp/sonic.sega.jp/SonicChannel/upload_images/ohtani_180119_06.jpg
 create mode 100644 sonic.sega.jp/sonic.sega.jp/SonicChannel/upload_images/ohtani_180119_07.jpg
 create mode 100644 sonic.sega.jp/sonic.sega.jp/SonicChannel/upload_images/ohtani_180119_08.jpg
 create mode 100644 sonic.sega.jp/sonic.sega.jp/SonicChannel/upload_images/ohtani_180119_09.jpg
 create mode 100644 sonic.sega.jp/sonic.sega.jp/SonicChannel/upload_images/ohtani_180119_10.jpg
 create mode 100644 sonic.sega.jp/sonic.sega.jp/SonicChannel/upload_images/ohtani_180119_11.jpg
 create mode 100644 sonic.sega.jp/sonic.sega.jp/SonicChannel/upload_images/ohtani_180119_12.jpg
 create mode 100644 sonic.sega.jp/sonic.sega.jp/SonicChannel/upload_images/ohtani_180119_13.jpg
 create mode 100644 sonic.sega.jp/sonic.sega.jp/SonicChannel/upload_images/ohtani_180209_01.jpg
 create mode 100644 sonic.sega.jp/sonic.sega.jp/SonicChannel/upload_images/ohtani_180209_02.jpg
 create mode 100644 sonic.sega.jp/sonic.sega.jp/SonicChannel/upload_images/ohtani_180209_03.jpg
 create mode 100644 sonic.sega.jp/sonic.sega.jp/SonicChannel/upload_images/ohtani_180209_04.jpg
 create mode 100644 sonic.sega.jp/sonic.sega.jp/SonicChannel/upload_images/ohtani_180209_05.jpg
 create mode 100644 sonic.sega.jp/sonic.sega.jp/SonicChannel/upload_images/ohtani_180209_06.jpg
 create mode 100644 sonic.sega.jp/sonic.sega.jp/SonicChannel/upload_images/ohtani_180209_07.jpg
 create mode 100644 sonic.sega.jp/sonic.sega.jp/SonicChannel/upload_images/ohtani_180209_08.jpg
 create mode 100644 sonic.sega.jp/sonic.sega.jp/SonicChannel/upload_images/ohtani_180209_09.jpg
 create mode 100644 sonic.sega.jp/sonic.sega.jp/SonicChannel/upload_images/ohtani_180209_10.jpg
 create mode 100644 sonic.sega.jp/sonic.sega.jp/SonicChannel/upload_images/ohtani_180209_11.jpg
 create mode 100644 sonic.sega.jp/sonic.sega.jp/SonicChannel/upload_images/ohtani_180209_12.jpg
 create mode 100644 sonic.sega.jp/sonic.sega.jp/SonicChannel/upload_images/ohtani_180209_13.jpg
 create mode 100644 sonic.sega.jp/sonic.sega.jp/SonicChannel/upload_images/ohtani_180329_01.jpg
 create mode 100644 sonic.sega.jp/sonic.sega.jp/SonicChannel/upload_images/ohtani_180329_02.jpg
 create mode 100644 sonic.sega.jp/sonic.sega.jp/SonicChannel/upload_images/ohtani_180329_03.jpg
 create mode 100644 sonic.sega.jp/sonic.sega.jp/SonicChannel/upload_images/ohtani_180329_04.jpg
 create mode 100644 sonic.sega.jp/sonic.sega.jp/SonicChannel/upload_images/ohtani_180419_01.jpg
 create mode 100644 sonic.sega.jp/sonic.sega.jp/SonicChannel/upload_images/ohtani_180419_04.jpg
 create mode 100644 sonic.sega.jp/sonic.sega.jp/SonicChannel/upload_images/ohtani_180419_05.jpg
 create mode 100644 sonic.sega.jp/sonic.sega.jp/SonicChannel/upload_images/ohtani_180419_06.jpg
 create mode 100644 sonic.sega.jp/sonic.sega.jp/SonicChannel/upload_images/ohtani_180419_07.jpg
 create mode 100644 sonic.sega.jp/sonic.sega.jp/SonicChannel/upload_images/ohtani_180419_08.jpg
 create mode 100644 sonic.sega.jp/sonic.sega.jp/SonicChannel/upload_images/ohtani_180419_09.jpg
 create mode 100644 sonic.sega.jp/sonic.sega.jp/SonicChannel/upload_images/ohtani_180419_10.jpg
 create mode 100644 sonic.sega.jp/sonic.sega.jp/SonicChannel/upload_images/ohtani_180419_11.jpg
 create mode 100644 sonic.sega.jp/sonic.sega.jp/SonicChannel/upload_images/ohtani_180731_01.jpg
 create mode 100644 sonic.sega.jp/sonic.sega.jp/SonicChannel/upload_images/ohtani_180731_02.jpg
 create mode 100644 sonic.sega.jp/sonic.sega.jp/SonicChannel/upload_images/ohtani_180731_03.jpg
 create mode 100644 sonic.sega.jp/sonic.sega.jp/SonicChannel/upload_images/ohtani_180731_04.jpg
 create mode 100644 sonic.sega.jp/sonic.sega.jp/SonicChannel/upload_images/ohtani_180831_01.jpg
 create mode 100644 sonic.sega.jp/sonic.sega.jp/SonicChannel/upload_images/ohtani_180831_02.jpg
 create mode 100644 sonic.sega.jp/sonic.sega.jp/SonicChannel/upload_images/ohtani_180831_03.jpg
 create mode 100644 sonic.sega.jp/sonic.sega.jp/SonicChannel/upload_images/ohtani_180831_04.jpg
 create mode 100644 sonic.sega.jp/sonic.sega.jp/SonicChannel/upload_images/ohtani_180831_05.png
 create mode 100644 sonic.sega.jp/sonic.sega.jp/SonicChannel/upload_images/ohtani_180831_06.png
 create mode 100644 sonic.sega.jp/sonic.sega.jp/SonicChannel/upload_images/ohtani_181207_01.jpg
 create mode 100644 sonic.sega.jp/sonic.sega.jp/SonicChannel/upload_images/ohtani_181207_02.jpg
 create mode 100644 sonic.sega.jp/sonic.sega.jp/SonicChannel/upload_images/ohtani_181207_03.jpg
 create mode 100644 sonic.sega.jp/sonic.sega.jp/SonicChannel/upload_images/ohtani_190628_01.jpg
 create mode 100644 sonic.sega.jp/sonic.sega.jp/SonicChannel/upload_images/ohtani_190628_02.jpg
 create mode 100644 sonic.sega.jp/sonic.sega.jp/SonicChannel/upload_images/ohtani_190628_03.jpg
 create mode 100644 sonic.sega.jp/sonic.sega.jp/SonicChannel/upload_images/ohtani_190628_04.jpg
 create mode 100644 sonic.sega.jp/sonic.sega.jp/SonicChannel/upload_images/ohtani_190628_05.jpg
 create mode 100644 sonic.sega.jp/sonic.sega.jp/SonicChannel/upload_images/ohtani_200717_01.jpg
 create mode 100644 sonic.sega.jp/sonic.sega.jp/SonicChannel/upload_images/ohtani_201002_01.jpg
 create mode 100644 sonic.sega.jp/sonic.sega.jp/SonicChannel/upload_images/ohtani_201002_02.jpg
 create mode 100644 sonic.sega.jp/sonic.sega.jp/SonicChannel/upload_images/ohtani_201002_03.jpg
 create mode 100644 sonic.sega.jp/sonic.sega.jp/SonicChannel/upload_images/ohtani_201002_04.jpg
 create mode 100644 sonic.sega.jp/sonic.sega.jp/SonicChannel/upload_images/ohtani_201002_05.jpg
 create mode 100644 sonic.sega.jp/sonic.sega.jp/SonicChannel/upload_images/ohtani_201002_06.jpg
 create mode 100644 sonic.sega.jp/sonic.sega.jp/SonicChannel/upload_images/ohtani_201002_07.jpg
 create mode 100644 sonic.sega.jp/sonic.sega.jp/SonicChannel/upload_images/ohtani_201002_08.jpg
 create mode 100644 sonic.sega.jp/sonic.sega.jp/SonicChannel/upload_images/ohtani_201002_09.jpg
 create mode 100644 sonic.sega.jp/sonic.sega.jp/SonicChannel/upload_images/ohtani_201002_10.png
 create mode 100644 sonic.sega.jp/sonic.sega.jp/SonicChannel/upload_images/ohtani_210324_01.jpg
 create mode 100644 sonic.sega.jp/sonic.sega.jp/SonicChannel/upload_images/ohtani_210324_02.jpg
 create mode 100644 sonic.sega.jp/sonic.sega.jp/SonicChannel/upload_images/ohtani_210324_03.jpg
 create mode 100644 sonic.sega.jp/sonic.sega.jp/SonicChannel/upload_images/senoue_171020_01.jpg
 create mode 100644 sonic.sega.jp/sonic.sega.jp/SonicChannel/upload_images/senoue_171020_02.png
 create mode 100644 sonic.sega.jp/sonic.sega.jp/SonicChannel/upload_images/senoue_171020_03.jpg
 create mode 100644 sonic.sega.jp/sonic.sega.jp/SonicChannel/upload_images/senoue_171208_01.jpg
 create mode 100644 sonic.sega.jp/sonic.sega.jp/SonicChannel/upload_images/senoue_171208_02.jpg
 create mode 100644 sonic.sega.jp/sonic.sega.jp/SonicChannel/upload_images/senoue_171228_01.jpg
 create mode 100644 sonic.sega.jp/sonic.sega.jp/SonicChannel/upload_images/senoue_171228_02.jpg
 create mode 100644 sonic.sega.jp/sonic.sega.jp/SonicChannel/upload_images/senoue_180111_01.jpg
 create mode 100644 sonic.sega.jp/sonic.sega.jp/SonicChannel/upload_images/senoue_180111_02.jpg
 create mode 100644 sonic.sega.jp/sonic.sega.jp/SonicChannel/upload_images/senoue_180131_01.jpg
 create mode 100644 sonic.sega.jp/sonic.sega.jp/SonicChannel/upload_images/senoue_180131_02.jpg
 create mode 100644 sonic.sega.jp/sonic.sega.jp/SonicChannel/upload_images/senoue_180131_04.jpg
 create mode 100644 sonic.sega.jp/sonic.sega.jp/SonicChannel/upload_images/senoue_180131_05.jpg
 create mode 100644 sonic.sega.jp/sonic.sega.jp/SonicChannel/upload_images/senoue_180131_07.jpg
 create mode 100644 sonic.sega.jp/sonic.sega.jp/SonicChannel/upload_images/senoue_180131_10.jpg
 create mode 100644 sonic.sega.jp/sonic.sega.jp/SonicChannel/upload_images/senoue_180131_11.jpg
 create mode 100644 sonic.sega.jp/sonic.sega.jp/SonicChannel/upload_images/senoue_180223_01.jpg
 create mode 100644 sonic.sega.jp/sonic.sega.jp/SonicChannel/upload_images/senoue_180223_02.jpg
 create mode 100644 sonic.sega.jp/sonic.sega.jp/SonicChannel/upload_images/senoue_180223_03.jpg
 create mode 100644 sonic.sega.jp/sonic.sega.jp/SonicChannel/upload_images/senoue_180223_04.jpg
 create mode 100644 sonic.sega.jp/sonic.sega.jp/SonicChannel/upload_images/senoue_180223_05.jpg
 create mode 100644 sonic.sega.jp/sonic.sega.jp/SonicChannel/upload_images/senoue_180223_06.jpg
 create mode 100644 sonic.sega.jp/sonic.sega.jp/SonicChannel/upload_images/senoue_180223_07.jpg
 create mode 100644 sonic.sega.jp/sonic.sega.jp/SonicChannel/upload_images/senoue_180223_08.jpg
 create mode 100644 sonic.sega.jp/sonic.sega.jp/SonicChannel/upload_images/senoue_180223_09.jpg
 create mode 100644 sonic.sega.jp/sonic.sega.jp/SonicChannel/upload_images/senoue_180223_10.jpg
 create mode 100644 sonic.sega.jp/sonic.sega.jp/SonicChannel/upload_images/senoue_180223_11.jpg
 create mode 100644 sonic.sega.jp/sonic.sega.jp/SonicChannel/upload_images/senoue_180316_01.jpg
 create mode 100644 sonic.sega.jp/sonic.sega.jp/SonicChannel/upload_images/senoue_180316_02.jpg
 create mode 100644 sonic.sega.jp/sonic.sega.jp/SonicChannel/upload_images/senoue_180316_03.jpg
 create mode 100644 sonic.sega.jp/sonic.sega.jp/SonicChannel/upload_images/senoue_180316_a1.jpg
 create mode 100644 sonic.sega.jp/sonic.sega.jp/SonicChannel/upload_images/senoue_180316_a2.jpg
 create mode 100644 sonic.sega.jp/sonic.sega.jp/SonicChannel/upload_images/senoue_180316_a3.jpg
 create mode 100644 sonic.sega.jp/sonic.sega.jp/SonicChannel/upload_images/senoue_180316_a4.jpg
 create mode 100644 sonic.sega.jp/sonic.sega.jp/SonicChannel/upload_images/senoue_180316_b1.jpg
 create mode 100644 sonic.sega.jp/sonic.sega.jp/SonicChannel/upload_images/senoue_180316_b2.jpg
 create mode 100644 sonic.sega.jp/sonic.sega.jp/SonicChannel/upload_images/senoue_180316_b3.jpg
 create mode 100644 sonic.sega.jp/sonic.sega.jp/SonicChannel/upload_images/senoue_180316_b4.jpg
 create mode 100644 sonic.sega.jp/sonic.sega.jp/SonicChannel/upload_images/senoue_180329_01.png
 create mode 100644 sonic.sega.jp/sonic.sega.jp/SonicChannel/upload_images/senoue_180329_02.png
 create mode 100644 sonic.sega.jp/sonic.sega.jp/SonicChannel/upload_images/senoue_180329_03.png
 create mode 100644 sonic.sega.jp/sonic.sega.jp/SonicChannel/upload_images/senoue_180329_04_01.png
 create mode 100644 sonic.sega.jp/sonic.sega.jp/SonicChannel/upload_images/senoue_180329_05.png
 create mode 100644 sonic.sega.jp/sonic.sega.jp/SonicChannel/upload_images/senoue_180329_06.png
 create mode 100644 sonic.sega.jp/sonic.sega.jp/SonicChannel/upload_images/senoue_180329_07.png
 create mode 100644 sonic.sega.jp/sonic.sega.jp/SonicChannel/upload_images/senoue_180329_08.png
 create mode 100644 sonic.sega.jp/sonic.sega.jp/SonicChannel/upload_images/senoue_180329_09.png
 create mode 100644 sonic.sega.jp/sonic.sega.jp/SonicChannel/upload_images/senoue_180329_10.png
 create mode 100644 sonic.sega.jp/sonic.sega.jp/SonicChannel/upload_images/senoue_180329_11.png
 create mode 100644 sonic.sega.jp/sonic.sega.jp/SonicChannel/upload_images/senoue_180329_12.jpg
 create mode 100644 sonic.sega.jp/sonic.sega.jp/SonicChannel/upload_images/senoue_180329_13.jpg
 create mode 100644 sonic.sega.jp/sonic.sega.jp/SonicChannel/upload_images/senoue_181019_01.jpg
 create mode 100644 sonic.sega.jp/sonic.sega.jp/SonicChannel/upload_images/senoue_181019_02.jpg
 create mode 100644 sonic.sega.jp/sonic.sega.jp/SonicChannel/upload_images/senoue_181019_03.jpg
 create mode 100644 sonic.sega.jp/sonic.sega.jp/SonicChannel/upload_images/senoue_181019_04.jpg
 create mode 100644 sonic.sega.jp/sonic.sega.jp/SonicChannel/upload_images/senoue_181019_05.jpg
 create mode 100644 sonic.sega.jp/sonic.sega.jp/SonicChannel/upload_images/senoue_181207_01.jpg
 create mode 100644 sonic.sega.jp/sonic.sega.jp/SonicChannel/upload_images/senoue_181207_02.jpg
 create mode 100644 sonic.sega.jp/sonic.sega.jp/SonicChannel/upload_images/senoue_181207_03.jpg
 create mode 100644 sonic.sega.jp/sonic.sega.jp/SonicChannel/upload_images/senoue_190412_01.jpg
 create mode 100644 sonic.sega.jp/sonic.sega.jp/SonicChannel/upload_images/senoue_190412_02.jpg
 create mode 100644 sonic.sega.jp/sonic.sega.jp/SonicChannel/upload_images/senoue_191220_01.jpg
 create mode 100644 sonic.sega.jp/sonic.sega.jp/SonicChannel/upload_images/senoue_191220_02.jpg
