Already up to date.
Deleted file - D:\GitHub\SonicChannelTrack\sonic.sega.jp\sonicchannel\about.1
Deleted file - D:\GitHub\SonicChannelTrack\sonic.sega.jp\sonicchannel\character.1
Deleted file - D:\GitHub\SonicChannelTrack\sonic.sega.jp\sonicchannel\fangallery.1
Deleted file - D:\GitHub\SonicChannelTrack\sonic.sega.jp\sonicchannel\special.1
Deleted file - D:\GitHub\SonicChannelTrack\sonic.sega.jp\sonicchannel\fangallery\apply.1
Deleted file - D:\GitHub\SonicChannelTrack\sonic.sega.jp\sonicchannel\fangallery\fanart.1
Deleted file - D:\GitHub\SonicChannelTrack\sonic.sega.jp\sonicchannel\fangallery\oshiete.1
Deleted file - D:\GitHub\SonicChannelTrack\sonic.sega.jp\sonicchannel\fangallery\screenshot.1
Deleted file - D:\GitHub\SonicChannelTrack\sonic.sega.jp\sonicchannel\special\sidestory.1
Deleted file - D:\GitHub\SonicChannelTrack\sonic.sega.jp\sonicchannel\special\sns.1
Deleted file - D:\GitHub\SonicChannelTrack\sonic.sega.jp\sonicchannel\special\staffcolumn.1
Deleted file - D:\GitHub\SonicChannelTrack\sonic.sega.jp\sonicchannel\special\gamecontents\soniccolors.1
Deleted file - D:\GitHub\SonicChannelTrack\sonic.sega.jp\sonicchannel\special\gamecontents\sonicforces.1
Deleted file - D:\GitHub\SonicChannelTrack\sonic.sega.jp\sonicchannel\special\gamecontents\sonicmania.1
Deleted file - D:\GitHub\SonicChannelTrack\sonic.sega.jp\sonicchannel\special\sidestory\comic.1
Deleted file - D:\GitHub\SonicChannelTrack\sonic.sega.jp\sonicchannel\special\sidestory\coverstory.1
Deleted file - D:\GitHub\SonicChannelTrack\sonic.sega.jp\sonicchannel\special\sidestory\ohgiri.1
Deleted file - D:\GitHub\SonicChannelTrack\sonic.sega.jp\sonicchannel\special\sidestory\sonicpict.1
Deleted file - D:\GitHub\SonicChannelTrack\sonic.sega.jp\sonicchannel\special\soundcolumn\ohtani.1
Deleted file - D:\GitHub\SonicChannelTrack\sonic.sega.jp\sonicchannel\special\soundcolumn\senoue.1
Deleted file - D:\GitHub\SonicChannelTrack\sonic.sega.jp\sonicchannel\topics\collaboration.1
Deleted file - D:\GitHub\SonicChannelTrack\sonic.sega.jp\sonicchannel\topics\event.1
Deleted file - D:\GitHub\SonicChannelTrack\sonic.sega.jp\sonicchannel\topics\goods.1
Deleted file - D:\GitHub\SonicChannelTrack\sonic.sega.jp\sonicchannel\topics\information.1
Deleted file - D:\GitHub\SonicChannelTrack\sonic.sega.jp\sonicchannel\topics\sound.1
Deleted file - D:\GitHub\SonicChannelTrack\sonic.sega.jp\sonicchannel\topics\goods\20190607_001917.1
Deleted file - D:\GitHub\SonicChannelTrack\sonic.sega.jp\sonicchannel\about.2
Deleted file - D:\GitHub\SonicChannelTrack\sonic.sega.jp\sonicchannel\character.2
Deleted file - D:\GitHub\SonicChannelTrack\sonic.sega.jp\sonicchannel\fangallery.2
Deleted file - D:\GitHub\SonicChannelTrack\sonic.sega.jp\sonicchannel\special.2
Deleted file - D:\GitHub\SonicChannelTrack\sonic.sega.jp\sonicchannel\fangallery\apply.2
Deleted file - D:\GitHub\SonicChannelTrack\sonic.sega.jp\sonicchannel\fangallery\fanart.2
Deleted file - D:\GitHub\SonicChannelTrack\sonic.sega.jp\sonicchannel\fangallery\oshiete.2
Deleted file - D:\GitHub\SonicChannelTrack\sonic.sega.jp\sonicchannel\fangallery\screenshot.2
Deleted file - D:\GitHub\SonicChannelTrack\sonic.sega.jp\sonicchannel\special\sidestory.2
Deleted file - D:\GitHub\SonicChannelTrack\sonic.sega.jp\sonicchannel\special\sns.2
Deleted file - D:\GitHub\SonicChannelTrack\sonic.sega.jp\sonicchannel\special\staffcolumn.2
Deleted file - D:\GitHub\SonicChannelTrack\sonic.sega.jp\sonicchannel\special\gamecontents\soniccolors.2
Deleted file - D:\GitHub\SonicChannelTrack\sonic.sega.jp\sonicchannel\special\gamecontents\sonicforces.2
Deleted file - D:\GitHub\SonicChannelTrack\sonic.sega.jp\sonicchannel\special\gamecontents\sonicmania.2
Deleted file - D:\GitHub\SonicChannelTrack\sonic.sega.jp\sonicchannel\special\sidestory\comic.2
Deleted file - D:\GitHub\SonicChannelTrack\sonic.sega.jp\sonicchannel\special\sidestory\coverstory.2
Deleted file - D:\GitHub\SonicChannelTrack\sonic.sega.jp\sonicchannel\special\sidestory\ohgiri.2
Deleted file - D:\GitHub\SonicChannelTrack\sonic.sega.jp\sonicchannel\special\sidestory\sonicpict.2
Deleted file - D:\GitHub\SonicChannelTrack\sonic.sega.jp\sonicchannel\special\soundcolumn\ohtani.2
Deleted file - D:\GitHub\SonicChannelTrack\sonic.sega.jp\sonicchannel\special\soundcolumn\senoue.2
Deleted file - D:\GitHub\SonicChannelTrack\sonic.sega.jp\sonicchannel\topics\collaboration.2
Deleted file - D:\GitHub\SonicChannelTrack\sonic.sega.jp\sonicchannel\topics\event.2
Deleted file - D:\GitHub\SonicChannelTrack\sonic.sega.jp\sonicchannel\topics\goods.2
Deleted file - D:\GitHub\SonicChannelTrack\sonic.sega.jp\sonicchannel\topics\information.2
Deleted file - D:\GitHub\SonicChannelTrack\sonic.sega.jp\sonicchannel\topics\sound.2
Deleted file - D:\GitHub\SonicChannelTrack\sonic.sega.jp\sonicchannel\about.3
Deleted file - D:\GitHub\SonicChannelTrack\sonic.sega.jp\sonicchannel\character.3
Deleted file - D:\GitHub\SonicChannelTrack\sonic.sega.jp\sonicchannel\fangallery.3
Deleted file - D:\GitHub\SonicChannelTrack\sonic.sega.jp\sonicchannel\fangallery\apply.3
Deleted file - D:\GitHub\SonicChannelTrack\sonic.sega.jp\sonicchannel\fangallery\fanart.3
Deleted file - D:\GitHub\SonicChannelTrack\sonic.sega.jp\sonicchannel\fangallery\oshiete.3
Deleted file - D:\GitHub\SonicChannelTrack\sonic.sega.jp\sonicchannel\fangallery\screenshot.3
Deleted file - D:\GitHub\SonicChannelTrack\sonic.sega.jp\sonicchannel\special\sidestory.3
Deleted file - D:\GitHub\SonicChannelTrack\sonic.sega.jp\sonicchannel\special\staffcolumn.3
Deleted file - D:\GitHub\SonicChannelTrack\sonic.sega.jp\sonicchannel\special\gamecontents\soniccolors.3
Deleted file - D:\GitHub\SonicChannelTrack\sonic.sega.jp\sonicchannel\special\gamecontents\sonicforces.3
Deleted file - D:\GitHub\SonicChannelTrack\sonic.sega.jp\sonicchannel\special\sidestory\comic.3
Deleted file - D:\GitHub\SonicChannelTrack\sonic.sega.jp\sonicchannel\special\sidestory\coverstory.3
Deleted file - D:\GitHub\SonicChannelTrack\sonic.sega.jp\sonicchannel\special\sidestory\ohgiri.3
Deleted file - D:\GitHub\SonicChannelTrack\sonic.sega.jp\sonicchannel\special\sidestory\sonicpict.3
Deleted file - D:\GitHub\SonicChannelTrack\sonic.sega.jp\sonicchannel\topics\collaboration.3
Deleted file - D:\GitHub\SonicChannelTrack\sonic.sega.jp\sonicchannel\topics\event.3
Deleted file - D:\GitHub\SonicChannelTrack\sonic.sega.jp\sonicchannel\topics\goods.3
Deleted file - D:\GitHub\SonicChannelTrack\sonic.sega.jp\sonicchannel\topics\information.3
Deleted file - D:\GitHub\SonicChannelTrack\sonic.sega.jp\sonicchannel\topics\sound.3
Deleted file - D:\GitHub\SonicChannelTrack\sonic.sega.jp\sonicchannel\about.4
Deleted file - D:\GitHub\SonicChannelTrack\sonic.sega.jp\sonicchannel\character.4
Deleted file - D:\GitHub\SonicChannelTrack\sonic.sega.jp\sonicchannel\fangallery.4
Deleted file - D:\GitHub\SonicChannelTrack\sonic.sega.jp\sonicchannel\special\sidestory.4
Deleted file - D:\GitHub\SonicChannelTrack\sonic.sega.jp\sonicchannel\special\gamecontents\soniccolors.4
Deleted file - D:\GitHub\SonicChannelTrack\sonic.sega.jp\sonicchannel\special\gamecontents\sonicforces.4
Deleted file - D:\GitHub\SonicChannelTrack\sonic.sega.jp\sonicchannel\special\sidestory\comic.4
Deleted file - D:\GitHub\SonicChannelTrack\sonic.sega.jp\sonicchannel\topics\collaboration.4
Deleted file - D:\GitHub\SonicChannelTrack\sonic.sega.jp\sonicchannel\topics\event.4
Deleted file - D:\GitHub\SonicChannelTrack\sonic.sega.jp\sonicchannel\topics\goods.4
Deleted file - D:\GitHub\SonicChannelTrack\sonic.sega.jp\sonicchannel\topics\information.4
Deleted file - D:\GitHub\SonicChannelTrack\sonic.sega.jp\sonicchannel\topics\sound.4
Deleted file - D:\GitHub\SonicChannelTrack\www.olympicvideogames.com\sonic\br.1
Deleted file - D:\GitHub\SonicChannelTrack\www.olympicvideogames.com\sonic\cn.1
Deleted file - D:\GitHub\SonicChannelTrack\www.olympicvideogames.com\sonic\de.1
Deleted file - D:\GitHub\SonicChannelTrack\www.olympicvideogames.com\sonic\en.1
Deleted file - D:\GitHub\SonicChannelTrack\www.olympicvideogames.com\sonic\es.1
Deleted file - D:\GitHub\SonicChannelTrack\www.olympicvideogames.com\sonic\fr.1
Deleted file - D:\GitHub\SonicChannelTrack\www.olympicvideogames.com\sonic\it.1
Deleted file - D:\GitHub\SonicChannelTrack\www.olympicvideogames.com\sonic\jp.1
Deleted file - D:\GitHub\SonicChannelTrack\www.olympicvideogames.com\sonic\kr.1
Deleted file - D:\GitHub\SonicChannelTrack\www.olympicvideogames.com\sonic\nl.1
Deleted file - D:\GitHub\SonicChannelTrack\www.olympicvideogames.com\sonic\ru.1
Deleted file - D:\GitHub\SonicChannelTrack\www.olympicvideogames.com\sonic\zh.1
Deleted file - D:\GitHub\SonicChannelTrack\sonic-movie.jp\news.1
Deleted file - D:\GitHub\SonicChannelTrack\sonic-movie.jp\news\wp-includes\js\jquery\jquery-migrate.min.js@ver=1.4.1
Deleted file - D:\GitHub\SonicChannelTrack\sonicteam.com\SonicWorldAdventure\director.1
Deleted file - D:\GitHub\SonicChannelTrack\sonicteam.com\SonicWorldAdventure\hamidashi.1
[main ab52bf287ba] files from 2024-09-13, 12:53:47
 55 files changed, 1172 insertions(+), 5 deletions(-)
 create mode 100644 log/KrazeeTobi-2024-09-13_072333.log
 create mode 100644 sonic.sega.jp/SonicXShadowGenerations/assets/css/stage.min.css
 create mode 100644 sonic.sega.jp/SonicXShadowGenerations/assets/images/common/stage/arrow-r.png
 create mode 100644 sonic.sega.jp/SonicXShadowGenerations/assets/images/common/stage/arrow.png
 create mode 100644 sonic.sega.jp/SonicXShadowGenerations/assets/images/common/stage/pageTitle.png
 create mode 100644 sonic.sega.jp/SonicXShadowGenerations/assets/images/common/stage/stage01-01ss01.jpg
 create mode 100644 sonic.sega.jp/SonicXShadowGenerations/assets/images/common/stage/stage01-01ss02.jpg
 create mode 100644 sonic.sega.jp/SonicXShadowGenerations/assets/images/common/stage/stage01-02ss01.jpg
 create mode 100644 sonic.sega.jp/SonicXShadowGenerations/assets/images/common/stage/stage01-02ss02.jpg
 create mode 100644 sonic.sega.jp/SonicXShadowGenerations/assets/images/common/stage/stage01-03ss01.jpg
 create mode 100644 sonic.sega.jp/SonicXShadowGenerations/assets/images/common/stage/stage01-03ss02.jpg
 create mode 100644 sonic.sega.jp/SonicXShadowGenerations/assets/images/common/stage/stage02-01ss01.jpg
 create mode 100644 sonic.sega.jp/SonicXShadowGenerations/assets/images/common/stage/stage02-01ss02.jpg
 create mode 100644 sonic.sega.jp/SonicXShadowGenerations/assets/images/common/stage/stage02-02ss01.jpg
 create mode 100644 sonic.sega.jp/SonicXShadowGenerations/assets/images/common/stage/stage02-02ss02.jpg
 create mode 100644 sonic.sega.jp/SonicXShadowGenerations/assets/images/common/stage/stage02-03ss01.jpg
 create mode 100644 sonic.sega.jp/SonicXShadowGenerations/assets/images/common/stage/stage02-03ss02.jpg
 create mode 100644 sonic.sega.jp/SonicXShadowGenerations/assets/images/common/stage/stageBtn01-01.png
 create mode 100644 sonic.sega.jp/SonicXShadowGenerations/assets/images/common/stage/stageBtn01-02.png
 create mode 100644 sonic.sega.jp/SonicXShadowGenerations/assets/images/common/stage/stageBtn01-03.png
 create mode 100644 sonic.sega.jp/SonicXShadowGenerations/assets/images/common/stage/stageBtn02-01.png
 create mode 100644 sonic.sega.jp/SonicXShadowGenerations/assets/images/common/stage/stageBtn02-02.png
 create mode 100644 sonic.sega.jp/SonicXShadowGenerations/assets/images/common/stage/stageBtn02-03.png
 create mode 100644 sonic.sega.jp/SonicXShadowGenerations/assets/images/common/stage/stageImg01-01.png
 create mode 100644 sonic.sega.jp/SonicXShadowGenerations/assets/images/common/stage/stageImg01-02.png
 create mode 100644 sonic.sega.jp/SonicXShadowGenerations/assets/images/common/stage/stageImg01-03.png
 create mode 100644 sonic.sega.jp/SonicXShadowGenerations/assets/images/common/stage/stageImg02-01.png
 create mode 100644 sonic.sega.jp/SonicXShadowGenerations/assets/images/common/stage/stageImg02-02.png
 create mode 100644 sonic.sega.jp/SonicXShadowGenerations/assets/images/common/stage/stageImg02-03.png
 create mode 100644 sonic.sega.jp/SonicXShadowGenerations/assets/images/pc/stage/Title01.png
 create mode 100644 sonic.sega.jp/SonicXShadowGenerations/assets/images/pc/stage/Title02.png
 create mode 100644 sonic.sega.jp/SonicXShadowGenerations/assets/images/pc/stage/boxLine01.png
 create mode 100644 sonic.sega.jp/SonicXShadowGenerations/assets/images/pc/stage/boxLine02.png
 create mode 100644 sonic.sega.jp/SonicXShadowGenerations/assets/images/pc/stage/stageTitle01-01.png
 create mode 100644 sonic.sega.jp/SonicXShadowGenerations/assets/images/pc/stage/stageTitle01-02.png
 create mode 100644 sonic.sega.jp/SonicXShadowGenerations/assets/images/pc/stage/stageTitle01-03.png
 create mode 100644 sonic.sega.jp/SonicXShadowGenerations/assets/images/pc/stage/stageTitle02-01.png
 create mode 100644 sonic.sega.jp/SonicXShadowGenerations/assets/images/pc/stage/stageTitle02-02.png
 create mode 100644 sonic.sega.jp/SonicXShadowGenerations/assets/images/pc/stage/stageTitle02-03.png
 create mode 100644 sonic.sega.jp/SonicXShadowGenerations/assets/images/sp/stage/Title01.png
 create mode 100644 sonic.sega.jp/SonicXShadowGenerations/assets/images/sp/stage/Title02.png
 create mode 100644 sonic.sega.jp/SonicXShadowGenerations/assets/images/sp/stage/boxLine01.png
 create mode 100644 sonic.sega.jp/SonicXShadowGenerations/assets/images/sp/stage/boxLine02.png
 create mode 100644 sonic.sega.jp/SonicXShadowGenerations/assets/images/sp/stage/stageTitle01-01.png
 create mode 100644 sonic.sega.jp/SonicXShadowGenerations/assets/images/sp/stage/stageTitle01-02.png
 create mode 100644 sonic.sega.jp/SonicXShadowGenerations/assets/images/sp/stage/stageTitle01-03.png
 create mode 100644 sonic.sega.jp/SonicXShadowGenerations/assets/images/sp/stage/stageTitle02-01.png
 create mode 100644 sonic.sega.jp/SonicXShadowGenerations/assets/images/sp/stage/stageTitle02-02.png
 create mode 100644 sonic.sega.jp/SonicXShadowGenerations/assets/images/sp/stage/stageTitle02-03.png
 create mode 100644 sonic.sega.jp/SonicXShadowGenerations/assets/js/stage.js
 create mode 100644 sonic.sega.jp/SonicXShadowGenerations/stage.html
