Already up to date.
[main 0aef99644] files from 2022-08-18, 12:35:56
 223 files changed, 4921 insertions(+), 2769 deletions(-)
 create mode 100644 log/KrazeeTobi-2022-08-18_083518.log
 create mode 100644 sonic-movie.jp/news/2022/08/18/sonic_0818/feed/index.html
 create mode 100644 sonic-movie.jp/news/2022/08/18/sonic_0818/index.html
 create mode 100644 sonic-movie.jp/news/2022/08/page/2/index.html
 create mode 100644 sonic-movie.jp/news/index.html@p=906
 create mode 100644 sonic-movie.jp/news/page/13/index.html
 create mode 100644 sonic-movie.jp/news/wp-content/uploads/sites/81/2022/08/photo-output-1-1024x769.jpg
 create mode 100644 sonic-movie.jp/news/wp-content/uploads/sites/81/2022/08/photo-output-1-1536x1154.jpg
 create mode 100644 sonic-movie.jp/news/wp-content/uploads/sites/81/2022/08/photo-output-1-300x225.jpg
 create mode 100644 sonic-movie.jp/news/wp-content/uploads/sites/81/2022/08/photo-output-1-768x577.jpg
 create mode 100644 sonic-movie.jp/news/wp-content/uploads/sites/81/2022/08/photo-output-1.jpg
 create mode 100644 sonic-movie.jp/news/wp-content/uploads/sites/81/2022/08/sonic2_v3-1024x579.jpg
 create mode 100644 sonic-movie.jp/news/wp-content/uploads/sites/81/2022/08/sonic2_v3-300x170.jpg
 create mode 100644 sonic-movie.jp/news/wp-content/uploads/sites/81/2022/08/sonic2_v3-768x434.jpg
 create mode 100644 sonic-movie.jp/news/wp-content/uploads/sites/81/2022/08/sonic2_v3.jpg
 create mode 100644 sonic-movie.jp/news/wp-content/uploads/sites/81/2022/08/sonic_movieticket_nyu-01-218x300.png
 create mode 100644 sonic-movie.jp/news/wp-content/uploads/sites/81/2022/08/sonic_movieticket_nyu-01-744x1024.png
 create mode 100644 sonic-movie.jp/news/wp-content/uploads/sites/81/2022/08/sonic_movieticket_nyu-01-768x1057.png
 create mode 100644 sonic-movie.jp/news/wp-content/uploads/sites/81/2022/08/sonic_movieticket_nyu-01.png
 create mode 100644 sonic-movie.jp/news/wp-json/oembed/1.0/embed@url=https%3A%2F%2Fnews.eigafan.com%2Fsonic-movie%2F2022%2F08%2F18%2Fsonic_0818%2F
 create mode 100644 sonic-movie.jp/news/wp-json/oembed/1.0/embed@url=https%3A%2F%2Fnews.eigafan.com%2Fsonic-movie%2F2022%2F08%2F18%2Fsonic_0818%2F&format=xml
 create mode 100644 sonic.sega.jp/SonicChannel/assets_c/2022/08/information_220817_01_eye-thumb-640xauto-4713.jpg
 create mode 100644 sonic.sega.jp/SonicChannel/special/staffcolumn/fujiki.15
 create mode 100644 sonic.sega.jp/SonicChannel/special/staffcolumn/fujiki.16
 create mode 100644 sonic.sega.jp/SonicChannel/special/staffcolumn/toyoda.17
 create mode 100644 sonic.sega.jp/SonicChannel/special/staffcolumn/toyoda.18
 create mode 100644 sonic.sega.jp/SonicChannel/topics/image/information_220817_01_01.jpg
 create mode 100644 sonic.sega.jp/SonicChannel/topics/image/information_220817_01_02.jpg
 create mode 100644 sonic.sega.jp/SonicChannel/topics/image/information_220817_01_03.jpg
 create mode 100644 sonic.sega.jp/SonicChannel/topics/image/information_220817_01_04.jpg
 create mode 100644 sonic.sega.jp/SonicChannel/topics/image/information_220817_01_05.jpg
 create mode 100644 sonic.sega.jp/SonicChannel/topics/image/information_220817_01_06.jpg
 create mode 100644 sonic.sega.jp/SonicChannel/topics/image/information_220817_01_07.jpg
 create mode 100644 sonic.sega.jp/SonicChannel/topics/image/information_220817_01_08.jpg
 create mode 100644 sonic.sega.jp/SonicChannel/topics/image/information_220817_01_09.jpg
 create mode 100644 sonic.sega.jp/SonicChannel/topics/image/information_220817_01_10.jpg
 create mode 100644 sonic.sega.jp/SonicChannel/topics/image/information_220817_01_11.jpg
 create mode 100644 sonic.sega.jp/SonicChannel/topics/image/information_220817_01_12.jpg
 create mode 100644 sonic.sega.jp/SonicChannel/topics/image/information_220817_01_eye.jpg
 create mode 100644 sonic.sega.jp/SonicChannel/topics/information/20220818_002974/index.html
