Already up to date.
Deleted file - D:\GitHub\SonicChannelTrack\sonic.sega.jp\sonicchannel\about.1
Deleted file - D:\GitHub\SonicChannelTrack\sonic.sega.jp\sonicchannel\character.1
Deleted file - D:\GitHub\SonicChannelTrack\sonic.sega.jp\sonicchannel\fangallery.1
Deleted file - D:\GitHub\SonicChannelTrack\sonic.sega.jp\sonicchannel\special.1
Deleted file - D:\GitHub\SonicChannelTrack\sonic.sega.jp\sonicchannel\fangallery\apply.1
Deleted file - D:\GitHub\SonicChannelTrack\sonic.sega.jp\sonicchannel\fangallery\fanart.1
Deleted file - D:\GitHub\SonicChannelTrack\sonic.sega.jp\sonicchannel\fangallery\oshiete.1
Deleted file - D:\GitHub\SonicChannelTrack\sonic.sega.jp\sonicchannel\fangallery\screenshot.1
Deleted file - D:\GitHub\SonicChannelTrack\sonic.sega.jp\sonicchannel\fangallery\apply\20250124_008770.1
Deleted file - D:\GitHub\SonicChannelTrack\sonic.sega.jp\sonicchannel\special\sidestory.1
Deleted file - D:\GitHub\SonicChannelTrack\sonic.sega.jp\sonicchannel\special\sns.1
Deleted file - D:\GitHub\SonicChannelTrack\sonic.sega.jp\sonicchannel\special\staffcolumn.1
Deleted file - D:\GitHub\SonicChannelTrack\sonic.sega.jp\sonicchannel\special\gamecontents\soniccolors.1
Deleted file - D:\GitHub\SonicChannelTrack\sonic.sega.jp\sonicchannel\special\gamecontents\sonicforces.1
Deleted file - D:\GitHub\SonicChannelTrack\sonic.sega.jp\sonicchannel\special\gamecontents\sonicmania.1
Deleted file - D:\GitHub\SonicChannelTrack\sonic.sega.jp\sonicchannel\special\sidestory\comic.1
Deleted file - D:\GitHub\SonicChannelTrack\sonic.sega.jp\sonicchannel\special\sidestory\coverstory.1
Deleted file - D:\GitHub\SonicChannelTrack\sonic.sega.jp\sonicchannel\special\sidestory\ohgiri.1
Deleted file - D:\GitHub\SonicChannelTrack\sonic.sega.jp\sonicchannel\special\sidestory\sonicpict.1
Deleted file - D:\GitHub\SonicChannelTrack\sonic.sega.jp\sonicchannel\special\soundcolumn\ohtani.1
Deleted file - D:\GitHub\SonicChannelTrack\sonic.sega.jp\sonicchannel\special\soundcolumn\senoue.1
Deleted file - D:\GitHub\SonicChannelTrack\sonic.sega.jp\sonicchannel\topics\collaboration.1
Deleted file - D:\GitHub\SonicChannelTrack\sonic.sega.jp\sonicchannel\topics\event.1
Deleted file - D:\GitHub\SonicChannelTrack\sonic.sega.jp\sonicchannel\topics\goods.1
Deleted file - D:\GitHub\SonicChannelTrack\sonic.sega.jp\sonicchannel\topics\information.1
Deleted file - D:\GitHub\SonicChannelTrack\sonic.sega.jp\sonicchannel\topics\sound.1
Deleted file - D:\GitHub\SonicChannelTrack\sonic.sega.jp\sonicchannel\about.2
Deleted file - D:\GitHub\SonicChannelTrack\sonic.sega.jp\sonicchannel\character.2
Deleted file - D:\GitHub\SonicChannelTrack\sonic.sega.jp\sonicchannel\fangallery.2
Deleted file - D:\GitHub\SonicChannelTrack\sonic.sega.jp\sonicchannel\special.2
Deleted file - D:\GitHub\SonicChannelTrack\sonic.sega.jp\sonicchannel\fangallery\apply.2
Deleted file - D:\GitHub\SonicChannelTrack\sonic.sega.jp\sonicchannel\fangallery\fanart.2
Deleted file - D:\GitHub\SonicChannelTrack\sonic.sega.jp\sonicchannel\fangallery\oshiete.2
Deleted file - D:\GitHub\SonicChannelTrack\sonic.sega.jp\sonicchannel\fangallery\screenshot.2
Deleted file - D:\GitHub\SonicChannelTrack\sonic.sega.jp\sonicchannel\fangallery\apply\20250124_008770.2
Deleted file - D:\GitHub\SonicChannelTrack\sonic.sega.jp\sonicchannel\special\sidestory.2
Deleted file - D:\GitHub\SonicChannelTrack\sonic.sega.jp\sonicchannel\special\sns.2
Deleted file - D:\GitHub\SonicChannelTrack\sonic.sega.jp\sonicchannel\special\staffcolumn.2
Deleted file - D:\GitHub\SonicChannelTrack\sonic.sega.jp\sonicchannel\special\gamecontents\soniccolors.2
Deleted file - D:\GitHub\SonicChannelTrack\sonic.sega.jp\sonicchannel\special\gamecontents\sonicforces.2
Deleted file - D:\GitHub\SonicChannelTrack\sonic.sega.jp\sonicchannel\special\gamecontents\sonicmania.2
Deleted file - D:\GitHub\SonicChannelTrack\sonic.sega.jp\sonicchannel\special\sidestory\comic.2
Deleted file - D:\GitHub\SonicChannelTrack\sonic.sega.jp\sonicchannel\special\sidestory\coverstory.2
Deleted file - D:\GitHub\SonicChannelTrack\sonic.sega.jp\sonicchannel\special\sidestory\ohgiri.2
Deleted file - D:\GitHub\SonicChannelTrack\sonic.sega.jp\sonicchannel\special\sidestory\sonicpict.2
Deleted file - D:\GitHub\SonicChannelTrack\sonic.sega.jp\sonicchannel\special\soundcolumn\ohtani.2
Deleted file - D:\GitHub\SonicChannelTrack\sonic.sega.jp\sonicchannel\special\soundcolumn\senoue.2
Deleted file - D:\GitHub\SonicChannelTrack\sonic.sega.jp\sonicchannel\topics\collaboration.2
Deleted file - D:\GitHub\SonicChannelTrack\sonic.sega.jp\sonicchannel\topics\event.2
Deleted file - D:\GitHub\SonicChannelTrack\sonic.sega.jp\sonicchannel\topics\goods.2
Deleted file - D:\GitHub\SonicChannelTrack\sonic.sega.jp\sonicchannel\topics\information.2
Deleted file - D:\GitHub\SonicChannelTrack\sonic.sega.jp\sonicchannel\topics\sound.2
Deleted file - D:\GitHub\SonicChannelTrack\sonic.sega.jp\sonicchannel\about.3
Deleted file - D:\GitHub\SonicChannelTrack\sonic.sega.jp\sonicchannel\character.3
Deleted file - D:\GitHub\SonicChannelTrack\sonic.sega.jp\sonicchannel\fangallery.3
Deleted file - D:\GitHub\SonicChannelTrack\sonic.sega.jp\sonicchannel\special.3
Deleted file - D:\GitHub\SonicChannelTrack\sonic.sega.jp\sonicchannel\fangallery\apply.3
Deleted file - D:\GitHub\SonicChannelTrack\sonic.sega.jp\sonicchannel\fangallery\fanart.3
Deleted file - D:\GitHub\SonicChannelTrack\sonic.sega.jp\sonicchannel\fangallery\oshiete.3
Deleted file - D:\GitHub\SonicChannelTrack\sonic.sega.jp\sonicchannel\fangallery\screenshot.3
Deleted file - D:\GitHub\SonicChannelTrack\sonic.sega.jp\sonicchannel\fangallery\apply\20250124_008770.3
Deleted file - D:\GitHub\SonicChannelTrack\sonic.sega.jp\sonicchannel\special\sidestory.3
Deleted file - D:\GitHub\SonicChannelTrack\sonic.sega.jp\sonicchannel\special\sns.3
Deleted file - D:\GitHub\SonicChannelTrack\sonic.sega.jp\sonicchannel\special\staffcolumn.3
Deleted file - D:\GitHub\SonicChannelTrack\sonic.sega.jp\sonicchannel\special\gamecontents\soniccolors.3
Deleted file - D:\GitHub\SonicChannelTrack\sonic.sega.jp\sonicchannel\special\gamecontents\sonicforces.3
Deleted file - D:\GitHub\SonicChannelTrack\sonic.sega.jp\sonicchannel\special\gamecontents\sonicmania.3
Deleted file - D:\GitHub\SonicChannelTrack\sonic.sega.jp\sonicchannel\special\sidestory\comic.3
Deleted file - D:\GitHub\SonicChannelTrack\sonic.sega.jp\sonicchannel\special\sidestory\coverstory.3
Deleted file - D:\GitHub\SonicChannelTrack\sonic.sega.jp\sonicchannel\special\sidestory\ohgiri.3
Deleted file - D:\GitHub\SonicChannelTrack\sonic.sega.jp\sonicchannel\special\sidestory\sonicpict.3
Deleted file - D:\GitHub\SonicChannelTrack\sonic.sega.jp\sonicchannel\special\soundcolumn\ohtani.3
Deleted file - D:\GitHub\SonicChannelTrack\sonic.sega.jp\sonicchannel\special\soundcolumn\senoue.3
Deleted file - D:\GitHub\SonicChannelTrack\sonic.sega.jp\sonicchannel\topics\collaboration.3
Deleted file - D:\GitHub\SonicChannelTrack\sonic.sega.jp\sonicchannel\topics\event.3
Deleted file - D:\GitHub\SonicChannelTrack\sonic.sega.jp\sonicchannel\topics\goods.3
Deleted file - D:\GitHub\SonicChannelTrack\sonic.sega.jp\sonicchannel\topics\information.3
Deleted file - D:\GitHub\SonicChannelTrack\sonic.sega.jp\sonicchannel\topics\sound.3
Deleted file - D:\GitHub\SonicChannelTrack\sonic.sega.jp\sonicchannel\about.4
Deleted file - D:\GitHub\SonicChannelTrack\sonic.sega.jp\sonicchannel\character.4
Deleted file - D:\GitHub\SonicChannelTrack\sonic.sega.jp\sonicchannel\fangallery.4
Deleted file - D:\GitHub\SonicChannelTrack\sonic.sega.jp\sonicchannel\fangallery\apply.4
Deleted file - D:\GitHub\SonicChannelTrack\sonic.sega.jp\sonicchannel\fangallery\fanart.4
Deleted file - D:\GitHub\SonicChannelTrack\sonic.sega.jp\sonicchannel\fangallery\oshiete.4
Deleted file - D:\GitHub\SonicChannelTrack\sonic.sega.jp\sonicchannel\fangallery\screenshot.4
Deleted file - D:\GitHub\SonicChannelTrack\sonic.sega.jp\sonicchannel\fangallery\apply\20250124_008770.4
Deleted file - D:\GitHub\SonicChannelTrack\sonic.sega.jp\sonicchannel\special\sidestory.4
Deleted file - D:\GitHub\SonicChannelTrack\sonic.sega.jp\sonicchannel\special\sns.4
Deleted file - D:\GitHub\SonicChannelTrack\sonic.sega.jp\sonicchannel\special\staffcolumn.4
Deleted file - D:\GitHub\SonicChannelTrack\sonic.sega.jp\sonicchannel\special\gamecontents\soniccolors.4
Deleted file - D:\GitHub\SonicChannelTrack\sonic.sega.jp\sonicchannel\special\gamecontents\sonicforces.4
Deleted file - D:\GitHub\SonicChannelTrack\sonic.sega.jp\sonicchannel\special\gamecontents\sonicmania.4
Deleted file - D:\GitHub\SonicChannelTrack\sonic.sega.jp\sonicchannel\special\sidestory\comic.4
Deleted file - D:\GitHub\SonicChannelTrack\sonic.sega.jp\sonicchannel\special\sidestory\coverstory.4
Deleted file - D:\GitHub\SonicChannelTrack\sonic.sega.jp\sonicchannel\special\sidestory\sonicpict.4
Deleted file - D:\GitHub\SonicChannelTrack\sonic.sega.jp\sonicchannel\special\soundcolumn\ohtani.4
Deleted file - D:\GitHub\SonicChannelTrack\sonic.sega.jp\sonicchannel\special\soundcolumn\senoue.4
Deleted file - D:\GitHub\SonicChannelTrack\sonic.sega.jp\sonicchannel\topics\collaboration.4
Deleted file - D:\GitHub\SonicChannelTrack\sonic.sega.jp\sonicchannel\topics\event.4
Deleted file - D:\GitHub\SonicChannelTrack\sonic.sega.jp\sonicchannel\topics\goods.4
Deleted file - D:\GitHub\SonicChannelTrack\sonic.sega.jp\sonicchannel\topics\information.4
Deleted file - D:\GitHub\SonicChannelTrack\sonic.sega.jp\sonicchannel\topics\sound.4
Deleted file - D:\GitHub\SonicChannelTrack\www.olympicvideogames.com\sonic\br.1
Deleted file - D:\GitHub\SonicChannelTrack\www.olympicvideogames.com\sonic\cn.1
Deleted file - D:\GitHub\SonicChannelTrack\www.olympicvideogames.com\sonic\de.1
Deleted file - D:\GitHub\SonicChannelTrack\www.olympicvideogames.com\sonic\en.1
Deleted file - D:\GitHub\SonicChannelTrack\www.olympicvideogames.com\sonic\es.1
Deleted file - D:\GitHub\SonicChannelTrack\www.olympicvideogames.com\sonic\fr.1
Deleted file - D:\GitHub\SonicChannelTrack\www.olympicvideogames.com\sonic\it.1
Deleted file - D:\GitHub\SonicChannelTrack\www.olympicvideogames.com\sonic\jp.1
Deleted file - D:\GitHub\SonicChannelTrack\www.olympicvideogames.com\sonic\kr.1
Deleted file - D:\GitHub\SonicChannelTrack\www.olympicvideogames.com\sonic\nl.1
Deleted file - D:\GitHub\SonicChannelTrack\www.olympicvideogames.com\sonic\ru.1
Deleted file - D:\GitHub\SonicChannelTrack\www.olympicvideogames.com\sonic\zh.1
Deleted file - D:\GitHub\SonicChannelTrack\sonic-movie.jp\news.1
Deleted file - D:\GitHub\SonicChannelTrack\sonic-movie.jp\news\wp-includes\js\jquery\jquery-migrate.min.js@ver=1.4.1
Deleted file - D:\GitHub\SonicChannelTrack\sonicteam.com\SonicWorldAdventure\director.1
Deleted file - D:\GitHub\SonicChannelTrack\sonicteam.com\SonicWorldAdventure\hamidashi.1
[main 66a1775f44d] files from 2025-02-13, 14:17:04
 109 files changed, 1315 insertions(+), 136 deletions(-)
 create mode 100644 log/KrazeeTobi-2025-02-13_083704.log
 create mode 100644 sonic.sega.jp/SonicRacingCrossWorlds/ClosedNetworkTest/index.html
 create mode 100644 sonic.sega.jp/SonicRacingCrossWorlds/assets/images/common/KV-pc.webp
 create mode 100644 sonic.sega.jp/SonicRacingCrossWorlds/assets/images/common/KV-sp.webp
 create mode 100644 sonic.sega.jp/SonicRacingCrossWorlds/assets/images/common/arr-rb-l.png
 create mode 100644 sonic.sega.jp/SonicRacingCrossWorlds/assets/images/common/arr-rb-r.png
 create mode 100644 sonic.sega.jp/SonicRacingCrossWorlds/assets/images/common/arr01.webp
 create mode 100644 sonic.sega.jp/SonicRacingCrossWorlds/assets/images/common/arr02.webp
 create mode 100644 sonic.sega.jp/SonicRacingCrossWorlds/assets/images/common/beam01.webp
 create mode 100644 sonic.sega.jp/SonicRacingCrossWorlds/assets/images/common/bgobject01.png
 create mode 100644 sonic.sega.jp/SonicRacingCrossWorlds/assets/images/common/bgobject03.png
 create mode 100644 sonic.sega.jp/SonicRacingCrossWorlds/assets/images/common/bubble.png
 create mode 100644 sonic.sega.jp/SonicRacingCrossWorlds/assets/images/common/close.png
 create mode 100644 sonic.sega.jp/SonicRacingCrossWorlds/assets/images/common/cnt/bgobject02.png
 create mode 100644 sonic.sega.jp/SonicRacingCrossWorlds/assets/images/common/cnt/chara01.png
 create mode 100644 sonic.sega.jp/SonicRacingCrossWorlds/assets/images/common/cnt/chara02.png
 create mode 100644 sonic.sega.jp/SonicRacingCrossWorlds/assets/images/common/cnt/chara03.png
 create mode 100644 sonic.sega.jp/SonicRacingCrossWorlds/assets/images/common/cnt/chara04.png
 create mode 100644 sonic.sega.jp/SonicRacingCrossWorlds/assets/images/common/cnt/chara05.png
 create mode 100644 sonic.sega.jp/SonicRacingCrossWorlds/assets/images/common/cnt/chara06.png
 create mode 100644 sonic.sega.jp/SonicRacingCrossWorlds/assets/images/common/cnt/chara07.png
 create mode 100644 sonic.sega.jp/SonicRacingCrossWorlds/assets/images/common/cnt/chara08.png
 create mode 100644 sonic.sega.jp/SonicRacingCrossWorlds/assets/images/common/cnt/chara09.png
 create mode 100644 sonic.sega.jp/SonicRacingCrossWorlds/assets/images/common/cnt/cross01.png
 create mode 100644 sonic.sega.jp/SonicRacingCrossWorlds/assets/images/common/cnt/cross02.png
 create mode 100644 sonic.sega.jp/SonicRacingCrossWorlds/assets/images/common/cnt/cross03.png
 create mode 100644 sonic.sega.jp/SonicRacingCrossWorlds/assets/images/common/cnt/cross04.png
 create mode 100644 sonic.sega.jp/SonicRacingCrossWorlds/assets/images/common/cnt/cross05.png
 create mode 100644 sonic.sega.jp/SonicRacingCrossWorlds/assets/images/common/cnt/crossBg.png
 create mode 100644 sonic.sega.jp/SonicRacingCrossWorlds/assets/images/common/cnt/kvTtile.png
 create mode 100644 sonic.sega.jp/SonicRacingCrossWorlds/assets/images/common/cnt/main01.png
 create mode 100644 sonic.sega.jp/SonicRacingCrossWorlds/assets/images/common/cnt/main02.png
 create mode 100644 sonic.sega.jp/SonicRacingCrossWorlds/assets/images/common/cnt/main03.png
 create mode 100644 sonic.sega.jp/SonicRacingCrossWorlds/assets/images/common/cnt/main04.png
 create mode 100644 sonic.sega.jp/SonicRacingCrossWorlds/assets/images/common/cnt/main05.png
 create mode 100644 sonic.sega.jp/SonicRacingCrossWorlds/assets/images/common/cnt/main06.png
 create mode 100644 sonic.sega.jp/SonicRacingCrossWorlds/assets/images/common/cnt/mainBg.png
 create mode 100644 sonic.sega.jp/SonicRacingCrossWorlds/assets/images/common/cnt/ss/cross01.png
 create mode 100644 sonic.sega.jp/SonicRacingCrossWorlds/assets/images/common/cnt/ss/cross02.png
 create mode 100644 sonic.sega.jp/SonicRacingCrossWorlds/assets/images/common/cnt/ss/cross03.png
 create mode 100644 sonic.sega.jp/SonicRacingCrossWorlds/assets/images/common/cnt/ss/cross04.png
 create mode 100644 sonic.sega.jp/SonicRacingCrossWorlds/assets/images/common/cnt/ss/cross05.png
 create mode 100644 sonic.sega.jp/SonicRacingCrossWorlds/assets/images/common/cnt/ss/main01.png
 create mode 100644 sonic.sega.jp/SonicRacingCrossWorlds/assets/images/common/cnt/ss/main02.png
 create mode 100644 sonic.sega.jp/SonicRacingCrossWorlds/assets/images/common/cnt/ss/main03.png
 create mode 100644 sonic.sega.jp/SonicRacingCrossWorlds/assets/images/common/cnt/ss/main04.png
 create mode 100644 sonic.sega.jp/SonicRacingCrossWorlds/assets/images/common/cnt/ss/main05.png
 create mode 100644 sonic.sega.jp/SonicRacingCrossWorlds/assets/images/common/cnt/ss/main06.png
 create mode 100644 sonic.sega.jp/SonicRacingCrossWorlds/assets/images/common/contentBg-pc.webp
 create mode 100644 sonic.sega.jp/SonicRacingCrossWorlds/assets/images/common/contentBg-sp.webp
 create mode 100644 sonic.sega.jp/SonicRacingCrossWorlds/assets/images/common/eg-btn.png
 create mode 100644 sonic.sega.jp/SonicRacingCrossWorlds/assets/images/common/intro.png
 create mode 100644 sonic.sega.jp/SonicRacingCrossWorlds/assets/images/common/line-l.png
 create mode 100644 sonic.sega.jp/SonicRacingCrossWorlds/assets/images/common/line-r.png
 create mode 100644 sonic.sega.jp/SonicRacingCrossWorlds/assets/images/common/line-rb-l.png
 create mode 100644 sonic.sega.jp/SonicRacingCrossWorlds/assets/images/common/line-rb-r.png
 create mode 100644 sonic.sega.jp/SonicRacingCrossWorlds/assets/images/common/line-y-l.png
 create mode 100644 sonic.sega.jp/SonicRacingCrossWorlds/assets/images/common/line-y-r.png
 create mode 100644 sonic.sega.jp/SonicRacingCrossWorlds/assets/images/common/line01-pc.png
 create mode 100644 sonic.sega.jp/SonicRacingCrossWorlds/assets/images/common/line01-sp.png
 create mode 100644 sonic.sega.jp/SonicRacingCrossWorlds/assets/images/common/line02-pc.png
 create mode 100644 sonic.sega.jp/SonicRacingCrossWorlds/assets/images/common/line02-sp.png
 create mode 100644 sonic.sega.jp/SonicRacingCrossWorlds/assets/images/common/mesh.png
 create mode 100644 sonic.sega.jp/SonicRacingCrossWorlds/assets/images/common/minus-rb.png
 create mode 100644 sonic.sega.jp/SonicRacingCrossWorlds/assets/images/common/minus-y.png
 create mode 100644 sonic.sega.jp/SonicRacingCrossWorlds/assets/images/common/minus.png
 create mode 100644 sonic.sega.jp/SonicRacingCrossWorlds/assets/images/common/ms-btn.png
 create mode 100644 sonic.sega.jp/SonicRacingCrossWorlds/assets/images/common/net.png
 create mode 100644 sonic.sega.jp/SonicRacingCrossWorlds/assets/images/common/plus-rb.png
 create mode 100644 sonic.sega.jp/SonicRacingCrossWorlds/assets/images/common/plus-y.png
 create mode 100644 sonic.sega.jp/SonicRacingCrossWorlds/assets/images/common/plus.png
 create mode 100644 sonic.sega.jp/SonicRacingCrossWorlds/assets/images/common/ps-btn.png
 create mode 100644 sonic.sega.jp/SonicRacingCrossWorlds/assets/images/common/st-btn.png
 create mode 100644 sonic.sega.jp/SonicRacingCrossWorlds/assets/images/common/title01.png
 create mode 100644 sonic.sega.jp/SonicRacingCrossWorlds/assets/images/common/title02.png
 create mode 100644 sonic.sega.jp/SonicRacingCrossWorlds/assets/images/common/titleBg-rb.png
 create mode 100644 sonic.sega.jp/SonicRacingCrossWorlds/assets/images/common/titleBg-y.png
 create mode 100644 sonic.sega.jp/SonicRacingCrossWorlds/assets/images/common/titleBg.png
 create mode 100644 sonic.sega.jp/SonicRacingCrossWorlds/assets/images/common/x-fotter.png
 create mode 100644 sonic.sega.jp/SonicRacingCrossWorlds/assets/images/jp/btn-cnt.png
 create mode 100644 sonic.sega.jp/SonicRacingCrossWorlds/assets/images/jp/ceroKT_s.svg
 create mode 100644 sonic.sega.jp/SonicRacingCrossWorlds/assets/images/jp/cnt/btn-manual.png
 create mode 100644 sonic.sega.jp/SonicRacingCrossWorlds/assets/images/jp/cnt/machine01.png
 create mode 100644 sonic.sega.jp/SonicRacingCrossWorlds/assets/images/jp/cnt/machine02.png
 create mode 100644 sonic.sega.jp/SonicRacingCrossWorlds/assets/images/jp/cnt/machine03.png
 create mode 100644 sonic.sega.jp/SonicRacingCrossWorlds/assets/images/jp/cnt/machine04.png
 create mode 100644 sonic.sega.jp/SonicRacingCrossWorlds/assets/images/jp/cnt/ss/ss01.png
 create mode 100644 sonic.sega.jp/SonicRacingCrossWorlds/assets/images/jp/cnt/ss/ss02.png
 create mode 100644 sonic.sega.jp/SonicRacingCrossWorlds/assets/images/jp/cnt/ss/ss03.png
 create mode 100644 sonic.sega.jp/SonicRacingCrossWorlds/assets/images/jp/cnt/ss/ss04.png
 create mode 100644 sonic.sega.jp/SonicRacingCrossWorlds/assets/images/jp/cnt/ss01.png
 create mode 100644 sonic.sega.jp/SonicRacingCrossWorlds/assets/images/jp/cnt/ss02.png
 create mode 100644 sonic.sega.jp/SonicRacingCrossWorlds/assets/images/jp/cnt/ss03.png
 create mode 100644 sonic.sega.jp/SonicRacingCrossWorlds/assets/images/jp/cnt/ss04.png
 create mode 100644 sonic.sega.jp/SonicRacingCrossWorlds/assets/images/jp/con01-img01-pc.png
 create mode 100644 sonic.sega.jp/SonicRacingCrossWorlds/assets/images/jp/con01-img01-sp.png
 create mode 100644 sonic.sega.jp/SonicRacingCrossWorlds/assets/images/jp/con01-img02-pc.png
 create mode 100644 sonic.sega.jp/SonicRacingCrossWorlds/assets/images/jp/con01-img02-sp.png
 create mode 100644 sonic.sega.jp/SonicRacingCrossWorlds/assets/images/jp/movie02.png
 create mode 100644 sonic.sega.jp/SonicRacingCrossWorlds/assets/images/jp/reward.png
 create mode 100644 sonic.sega.jp/SonicRacingCrossWorlds/assets/images/jp/title01.png
 create mode 100644 sonic.sega.jp/SonicRacingCrossWorlds/assets/js/libs/lenis.min.js
