Already up to date.
Deleted file - D:\GitHub\SonicChannelTrack\www.olympicvideogames.com\sonic\br.1
Deleted file - D:\GitHub\SonicChannelTrack\www.olympicvideogames.com\sonic\cn.1
Deleted file - D:\GitHub\SonicChannelTrack\www.olympicvideogames.com\sonic\de.1
Deleted file - D:\GitHub\SonicChannelTrack\www.olympicvideogames.com\sonic\en.1
Deleted file - D:\GitHub\SonicChannelTrack\www.olympicvideogames.com\sonic\es.1
Deleted file - D:\GitHub\SonicChannelTrack\www.olympicvideogames.com\sonic\fr.1
Deleted file - D:\GitHub\SonicChannelTrack\www.olympicvideogames.com\sonic\it.1
Deleted file - D:\GitHub\SonicChannelTrack\www.olympicvideogames.com\sonic\jp.1
Deleted file - D:\GitHub\SonicChannelTrack\www.olympicvideogames.com\sonic\kr.1
Deleted file - D:\GitHub\SonicChannelTrack\www.olympicvideogames.com\sonic\nl.1
Deleted file - D:\GitHub\SonicChannelTrack\www.olympicvideogames.com\sonic\ru.1
Deleted file - D:\GitHub\SonicChannelTrack\www.olympicvideogames.com\sonic\zh.1
Deleted file - D:\GitHub\SonicChannelTrack\sonic-movie.jp\news.1
Deleted file - D:\GitHub\SonicChannelTrack\sonic-movie.jp\news\wp-includes\js\jquery\jquery-migrate.min.js@ver=3.4.1
Deleted file - D:\GitHub\SonicChannelTrack\sonic-movie.jp\news\wp-includes\js\jquery\jquery.min.js@ver=3.7.1
Deleted file - D:\GitHub\SonicChannelTrack\sonicteam.com\SonicWorldAdventure\director.1
Deleted file - D:\GitHub\SonicChannelTrack\sonicteam.com\SonicWorldAdventure\hamidashi.1
[main de7ccd5fef2] files from 2025-04-09, 16:33:46
 210 files changed, 2625 insertions(+), 2369 deletions(-)
 create mode 100644 log/KrazeeTobi-2025-04-09_080922.log
 create mode 100644 sonic.sega.jp/SonicChannel/assets_c/2025/04/information_250409_01_ogp-thumb-640xauto-15908.jpg
 create mode 100644 sonic.sega.jp/SonicChannel/assets_c/2025/04/wallpaper_245_amy_20_pc_thm-thumb-200x200-15903.jpg
 create mode 100644 sonic.sega.jp/SonicChannel/assets_c/2025/04/wallpaper_245_amy_20_sp_thm-thumb-200x200-15904.jpg
 create mode 100644 sonic.sega.jp/SonicChannel/topics/information/20250409_008912/index.html
 create mode 100644 sonic.sega.jp/SonicChannel/upload_images/information_250409_01_ogp.jpg
 create mode 100644 sonic.sega.jp/sonic.sega.jp/SonicChannel/upload_images/information_250409_01_01.jpg
 create mode 100644 sonic.sega.jp/sonic.sega.jp/SonicChannel/upload_images/information_250409_01_02.jpg
 create mode 100644 sonic.sega.jp/sonic.sega.jp/SonicChannel/upload_images/information_250409_01_03.jpg
