Already up to date.
[main d53e3842c35] files from 2023-04-28, 11:33:39
 379 files changed, 7156 insertions(+), 5211 deletions(-)
 create mode 100644 log/KrazeeTobi-2023-04-28_073616.log
 create mode 100644 sonic.sega.jp/SonicChannel/assets_c/2023/04/apply_screenshot_2305_eye-thumb-640xauto-5147.jpg
 create mode 100644 sonic.sega.jp/SonicChannel/assets_c/2023/04/apply_screenshot_2306_eye-thumb-640xauto-5145.jpg
 create mode 100644 sonic.sega.jp/SonicChannel/assets_c/2023/04/fanart_2305_eye-thumb-640xauto-5144.jpg
 create mode 100644 sonic.sega.jp/SonicChannel/assets_c/2023/04/goods_230427_01_eye-thumb-640xauto-5149.jpg
 create mode 100644 sonic.sega.jp/SonicChannel/assets_c/2023/04/screenshot_2305_eye-thumb-640xauto-5146.jpg
 create mode 100644 sonic.sega.jp/SonicChannel/assets_c/2023/04/staffcolumn_230428_01_eye-thumb-640xauto-5129.jpg
 create mode 100644 sonic.sega.jp/SonicChannel/assets_c/2023/04/wallpaper_222_rouge_17_pc_thm-thumb-220x220-5141.png
 create mode 100644 sonic.sega.jp/SonicChannel/assets_c/2023/04/wallpaper_222_rouge_17_sp_thm-thumb-220x220-5143.png
 create mode 100644 sonic.sega.jp/SonicChannel/enjoy/image/staffcolumn_230428_01_01.jpg
 create mode 100644 sonic.sega.jp/SonicChannel/enjoy/image/wallpaper_222_rouge_17_pc.png
 create mode 100644 sonic.sega.jp/SonicChannel/enjoy/image/wallpaper_222_rouge_17_sp.png
 create mode 100644 sonic.sega.jp/SonicChannel/fangallery/fanart/20230428_008280/index.html
 create mode 100644 sonic.sega.jp/SonicChannel/fangallery/fanart/image/2305_0001.jpg
 create mode 100644 sonic.sega.jp/SonicChannel/fangallery/fanart/image/2305_0002.jpg
 create mode 100644 sonic.sega.jp/SonicChannel/fangallery/fanart/image/2305_0003.jpg
 create mode 100644 sonic.sega.jp/SonicChannel/fangallery/fanart/image/2305_0004.jpg
 create mode 100644 sonic.sega.jp/SonicChannel/fangallery/fanart/image/2305_0005.jpg
 create mode 100644 sonic.sega.jp/SonicChannel/fangallery/fanart/image/2305_0006.jpg
 create mode 100644 sonic.sega.jp/SonicChannel/fangallery/fanart/image/2305_0007.jpg
 create mode 100644 sonic.sega.jp/SonicChannel/fangallery/fanart/image/2305_0008.jpg
 create mode 100644 sonic.sega.jp/SonicChannel/fangallery/fanart/image/2305_0009.jpg
 create mode 100644 sonic.sega.jp/SonicChannel/fangallery/fanart/image/2305_0010.jpg
 create mode 100644 sonic.sega.jp/SonicChannel/fangallery/fanart/image/2305_0011.jpg
 create mode 100644 sonic.sega.jp/SonicChannel/fangallery/fanart/image/2305_0012.jpg
 create mode 100644 sonic.sega.jp/SonicChannel/fangallery/fanart/image/2305_0013.jpg
 create mode 100644 sonic.sega.jp/SonicChannel/fangallery/fanart/image/2305_0014.jpg
 create mode 100644 sonic.sega.jp/SonicChannel/fangallery/fanart/image/2305_0015.jpg
 create mode 100644 sonic.sega.jp/SonicChannel/fangallery/fanart/image/2305_0016.jpg
 create mode 100644 sonic.sega.jp/SonicChannel/fangallery/fanart/image/2305_0017.jpg
 create mode 100644 sonic.sega.jp/SonicChannel/fangallery/fanart/image/2305_0018.jpg
 create mode 100644 sonic.sega.jp/SonicChannel/fangallery/fanart/image/2305_0019.jpg
 create mode 100644 sonic.sega.jp/SonicChannel/fangallery/fanart/image/2305_0020.jpg
 create mode 100644 sonic.sega.jp/SonicChannel/fangallery/fanart/image/2305_0021.jpg
 create mode 100644 sonic.sega.jp/SonicChannel/fangallery/fanart/image/2305_0023.jpg
 create mode 100644 sonic.sega.jp/SonicChannel/fangallery/fanart/image/2305_0024.jpg
 create mode 100644 sonic.sega.jp/SonicChannel/fangallery/fanart/image/2305_0025.jpg
 create mode 100644 sonic.sega.jp/SonicChannel/fangallery/fanart/image/s2305_0001.jpg
 create mode 100644 sonic.sega.jp/SonicChannel/fangallery/fanart/image/s2305_0002.jpg
 create mode 100644 sonic.sega.jp/SonicChannel/fangallery/fanart/image/s2305_0003.jpg
 create mode 100644 sonic.sega.jp/SonicChannel/fangallery/fanart/image/s2305_0004.jpg
 create mode 100644 sonic.sega.jp/SonicChannel/fangallery/fanart/image/s2305_0005.jpg
 create mode 100644 sonic.sega.jp/SonicChannel/fangallery/fanart/image/s2305_0006.jpg
 create mode 100644 sonic.sega.jp/SonicChannel/fangallery/fanart/image/s2305_0007.jpg
 create mode 100644 sonic.sega.jp/SonicChannel/fangallery/fanart/image/s2305_0008.jpg
 create mode 100644 sonic.sega.jp/SonicChannel/fangallery/fanart/image/s2305_0009.jpg
 create mode 100644 sonic.sega.jp/SonicChannel/fangallery/fanart/image/s2305_0010.jpg
 create mode 100644 sonic.sega.jp/SonicChannel/fangallery/fanart/image/s2305_0011.jpg
 create mode 100644 sonic.sega.jp/SonicChannel/fangallery/fanart/image/s2305_0012.jpg
 create mode 100644 sonic.sega.jp/SonicChannel/fangallery/fanart/image/s2305_0013.jpg
 create mode 100644 sonic.sega.jp/SonicChannel/fangallery/fanart/image/s2305_0014.jpg
 create mode 100644 sonic.sega.jp/SonicChannel/fangallery/fanart/image/s2305_0015.jpg
 create mode 100644 sonic.sega.jp/SonicChannel/fangallery/fanart/image/s2305_0016.jpg
 create mode 100644 sonic.sega.jp/SonicChannel/fangallery/fanart/image/s2305_0017.jpg
 create mode 100644 sonic.sega.jp/SonicChannel/fangallery/fanart/image/s2305_0018.jpg
 create mode 100644 sonic.sega.jp/SonicChannel/fangallery/fanart/image/s2305_0019.jpg
 create mode 100644 sonic.sega.jp/SonicChannel/fangallery/fanart/image/s2305_0020.jpg
 create mode 100644 sonic.sega.jp/SonicChannel/fangallery/fanart/image/s2305_0021.jpg
 create mode 100644 sonic.sega.jp/SonicChannel/fangallery/fanart/image/s2305_0023.jpg
 create mode 100644 sonic.sega.jp/SonicChannel/fangallery/fanart/image/s2305_0024.jpg
 create mode 100644 sonic.sega.jp/SonicChannel/fangallery/fanart/image/s2305_0025.jpg
 create mode 100644 sonic.sega.jp/SonicChannel/fangallery/image/apply_screenshot_2305_eye.jpg
 create mode 100644 sonic.sega.jp/SonicChannel/fangallery/image/apply_screenshot_2306_eye.jpg
 create mode 100644 sonic.sega.jp/SonicChannel/fangallery/image/fanart_2305_eye.jpg
 create mode 100644 sonic.sega.jp/SonicChannel/fangallery/image/screenshot_2305_eye.jpg
 create mode 100644 sonic.sega.jp/SonicChannel/fangallery/index_5.html
 create mode 100644 sonic.sega.jp/SonicChannel/fangallery/screenshot.1
 create mode 100644 sonic.sega.jp/SonicChannel/fangallery/screenshot.2
 create mode 100644 sonic.sega.jp/SonicChannel/fangallery/screenshot/20230428_008279/index.html
 create mode 100644 sonic.sega.jp/SonicChannel/fangallery/screenshot/image/2305_0001.jpg
 create mode 100644 sonic.sega.jp/SonicChannel/fangallery/screenshot/image/2305_0002.jpg
 create mode 100644 sonic.sega.jp/SonicChannel/fangallery/screenshot/image/2305_0003.jpg
 create mode 100644 sonic.sega.jp/SonicChannel/fangallery/screenshot/image/2305_0004.jpg
 create mode 100644 sonic.sega.jp/SonicChannel/fangallery/screenshot/image/2305_0005.jpg
 create mode 100644 sonic.sega.jp/SonicChannel/fangallery/screenshot/image/2305_0006.jpg
 create mode 100644 sonic.sega.jp/SonicChannel/fangallery/screenshot/image/2305_0007.jpg
 create mode 100644 sonic.sega.jp/SonicChannel/fangallery/screenshot/image/2305_0008.jpg
 create mode 100644 sonic.sega.jp/SonicChannel/fangallery/screenshot/image/s2305_0001.jpg
 create mode 100644 sonic.sega.jp/SonicChannel/fangallery/screenshot/image/s2305_0002.jpg
 create mode 100644 sonic.sega.jp/SonicChannel/fangallery/screenshot/image/s2305_0003.jpg
 create mode 100644 sonic.sega.jp/SonicChannel/fangallery/screenshot/image/s2305_0004.jpg
 create mode 100644 sonic.sega.jp/SonicChannel/fangallery/screenshot/image/s2305_0005.jpg
 create mode 100644 sonic.sega.jp/SonicChannel/fangallery/screenshot/image/s2305_0006.jpg
 create mode 100644 sonic.sega.jp/SonicChannel/fangallery/screenshot/image/s2305_0007.jpg
 create mode 100644 sonic.sega.jp/SonicChannel/fangallery/screenshot/image/s2305_0008.jpg
 create mode 100644 sonic.sega.jp/SonicChannel/fangallery/screenshot/index.html
 create mode 100644 sonic.sega.jp/SonicChannel/special/image/staffcolumn_230428_01_eye.jpg
 create mode 100644 sonic.sega.jp/SonicChannel/special/staffcolumn/20230428_008274/index.html
 create mode 100644 sonic.sega.jp/SonicChannel/topics/goods/20230428_008282/index.html
 create mode 100644 sonic.sega.jp/SonicChannel/topics/image/goods_230427_01_01.jpg
 create mode 100644 sonic.sega.jp/SonicChannel/topics/image/goods_230427_01_02.jpg
 create mode 100644 sonic.sega.jp/SonicChannel/topics/image/goods_230427_01_03.jpg
 create mode 100644 sonic.sega.jp/SonicChannel/topics/image/goods_230427_01_eye.jpg
