Already up to date.
[main 6ba34263f6] files from 2022-11-17,  8:11:32
 581 files changed, 100877 insertions(+), 172 deletions(-)
 create mode 100644 archives/nikkei-tgs-old/2003/April/5/tgs/b_day.html
 create mode 100644 archives/nikkei-tgs-old/2003/April/5/tgs/b_day_main.html
 create mode 100644 archives/nikkei-tgs-old/2003/April/5/tgs/h_outline.html
 create mode 100644 archives/nikkei-tgs-old/2003/April/5/tgs/h_outline_main.html
 create mode 100644 archives/nikkei-tgs-old/2003/April/5/tgs/head.html
 create mode 100644 archives/nikkei-tgs-old/2003/April/5/tgs/image/info_photo.jpg
 create mode 100644 archives/nikkei-tgs-old/2003/April/5/tgs/image/info_subtitle.gif
 create mode 100644 archives/nikkei-tgs-old/2003/April/5/tgs/image/keyword_head.gif
 create mode 100644 archives/nikkei-tgs-old/2003/April/5/tgs/image/keyword_subtitle.gif
 create mode 100644 archives/nikkei-tgs-old/2003/April/5/tgs/image/tgs2002bpstext.jpg
 create mode 100644 archives/nikkei-tgs-old/2003/April/5/tgs/index.html
 create mode 100644 archives/nikkei-tgs-old/2003/April/5/tgs/keyword.html
 create mode 100644 archives/nikkei-tgs-old/2003/April/5/tgs/keyword01.html
 create mode 100644 archives/nikkei-tgs-old/2003/April/5/tgs/keyword02.html
 create mode 100644 archives/nikkei-tgs-old/2003/April/5/tgs/keyword_main.html
 create mode 100644 archives/nikkei-tgs-old/2003/April/5/tgs/keyword_main01.html
 create mode 100644 archives/nikkei-tgs-old/2003/April/5/tgs/keyword_main02.html
 create mode 100644 archives/nikkei-tgs-old/2003/April/5/tgs/main.html
 create mode 100644 archives/nikkei-tgs-old/2003/April/5/tgs/regist/index.html
 create mode 100644 archives/nikkei-tgs-old/2003/April/5/tgs/regist/regist_en.html
 create mode 100644 archives/nikkei-tgs-old/2003/April/5/tgs/regist/style.css
 create mode 100644 archives/nikkei-tgs-old/2003/August/14/tgs/head_keyword.html
 create mode 100644 archives/nikkei-tgs-old/2003/August/14/tgs/keyword_main.html
 create mode 100644 archives/nikkei-tgs-old/2003/August/14/tgs/keyword_main01.html
 create mode 100644 archives/nikkei-tgs-old/2003/August/14/tgs/regist/style.css
 create mode 100644 archives/nikkei-tgs-old/2003/August/3/tgs/b_day.html
 create mode 100644 archives/nikkei-tgs-old/2003/August/3/tgs/h_outline.html
 create mode 100644 archives/nikkei-tgs-old/2003/August/3/tgs/index.html
 create mode 100644 archives/nikkei-tgs-old/2003/August/3/tgs/keyword_main02.html
 create mode 100644 archives/nikkei-tgs-old/2003/August/4/tgs/b_day_main.html
 create mode 100644 archives/nikkei-tgs-old/2003/August/4/tgs/h_outline_main.html
 create mode 100644 archives/nikkei-tgs-old/2003/August/4/tgs/head.html
 create mode 100644 archives/nikkei-tgs-old/2003/August/4/tgs/keyword01.html
 create mode 100644 archives/nikkei-tgs-old/2003/August/4/tgs/keyword02.html
 create mode 100644 archives/nikkei-tgs-old/2003/August/4/tgs/main.html
 create mode 100644 archives/nikkei-tgs-old/2003/December/11/tgs/tgs/exhi/snk.html
 create mode 100644 archives/nikkei-tgs-old/2003/December/12/tgs/tgs/end.html
 create mode 100644 archives/nikkei-tgs-old/2003/December/12/tgs/tgs/exhi/js/css.js
 create mode 100644 archives/nikkei-tgs-old/2003/December/12/tgs/tgs/index.html
 create mode 100644 archives/nikkei-tgs-old/2003/December/12/tgs/tgs/mapl.html
 create mode 100644 archives/nikkei-tgs-old/2003/December/13/tgs/keyword02.html
 create mode 100644 archives/nikkei-tgs-old/2003/December/13/tgs/tgs/access.html
 create mode 100644 archives/nikkei-tgs-old/2003/December/13/tgs/tgs/gaiyo.html
 create mode 100644 archives/nikkei-tgs-old/2003/December/13/tgs/tgs/list.html
 create mode 100644 archives/nikkei-tgs-old/2003/December/13/tgs/tgs/old.html
 create mode 100644 archives/nikkei-tgs-old/2003/December/13/tgs/tgs/release.html
 create mode 100644 archives/nikkei-tgs-old/2003/December/13/tgs/tgs/tgs.html
 create mode 100644 archives/nikkei-tgs-old/2003/December/13/tgs/tgs/tgsch.html
 create mode 100644 archives/nikkei-tgs-old/2003/December/13/tgs/tgs/ticket.html
 create mode 100644 archives/nikkei-tgs-old/2003/December/14/tgs/head_keyword.html
 create mode 100644 archives/nikkei-tgs-old/2003/December/14/tgs/tgs/english/access.html
 create mode 100644 archives/nikkei-tgs-old/2003/December/14/tgs/tgs/english/gaiyo.html
 create mode 100644 archives/nikkei-tgs-old/2003/December/14/tgs/tgs/english/js/css.js
 create mode 100644 archives/nikkei-tgs-old/2003/December/14/tgs/tgs/english/release.html
 create mode 100644 archives/nikkei-tgs-old/2003/December/14/tgs/tgs/english/tgs.html
 create mode 100644 archives/nikkei-tgs-old/2003/December/14/tgs/tgs/english/ticket.html
 create mode 100644 archives/nikkei-tgs-old/2003/December/14/tgs/tgs/exhi/atlus.html
 create mode 100644 archives/nikkei-tgs-old/2003/December/14/tgs/tgs/exhi/atx.html
 create mode 100644 archives/nikkei-tgs-old/2003/December/14/tgs/tgs/exhi/beijin.html
 create mode 100644 archives/nikkei-tgs-old/2003/December/14/tgs/tgs/exhi/bp.html
 create mode 100644 archives/nikkei-tgs-old/2003/December/14/tgs/tgs/exhi/capcom.html
 create mode 100644 archives/nikkei-tgs-old/2003/December/14/tgs/tgs/exhi/cri.html
 create mode 100644 archives/nikkei-tgs-old/2003/December/14/tgs/tgs/exhi/dev.html
 create mode 100644 archives/nikkei-tgs-old/2003/December/14/tgs/tgs/exhi/digital.html
 create mode 100644 archives/nikkei-tgs-old/2003/December/14/tgs/tgs/exhi/dragon.html
 create mode 100644 archives/nikkei-tgs-old/2003/December/14/tgs/tgs/exhi/dv_ccom.html
 create mode 100644 archives/nikkei-tgs-old/2003/December/14/tgs/tgs/exhi/dv_dis.html
 create mode 100644 archives/nikkei-tgs-old/2003/December/14/tgs/tgs/exhi/dv_hi.html
 create mode 100644 archives/nikkei-tgs-old/2003/December/14/tgs/tgs/exhi/dv_metro.html
 create mode 100644 archives/nikkei-tgs-old/2003/December/14/tgs/tgs/exhi/enter.html
 create mode 100644 archives/nikkei-tgs-old/2003/December/14/tgs/tgs/exhi/from.html
 create mode 100644 archives/nikkei-tgs-old/2003/December/14/tgs/tgs/exhi/gakken.html
 create mode 100644 archives/nikkei-tgs-old/2003/December/14/tgs/tgs/exhi/ganho.html
 create mode 100644 archives/nikkei-tgs-old/2003/December/14/tgs/tgs/exhi/gs_aso.html
 create mode 100644 archives/nikkei-tgs-old/2003/December/14/tgs/tgs/exhi/gs_bantan.html
 create mode 100644 archives/nikkei-tgs-old/2003/December/14/tgs/tgs/exhi/gs_cyuo.html
 create mode 100644 archives/nikkei-tgs-old/2003/December/14/tgs/tgs/exhi/gs_denshi.html
 create mode 100644 archives/nikkei-tgs-old/2003/December/14/tgs/tgs/exhi/gs_human.html
 create mode 100644 archives/nikkei-tgs-old/2003/December/14/tgs/tgs/exhi/gs_kanagawa.html
 create mode 100644 archives/nikkei-tgs-old/2003/December/14/tgs/tgs/exhi/gs_media.html
 create mode 100644 archives/nikkei-tgs-old/2003/December/14/tgs/tgs/exhi/gs_niigatacomp.html
 create mode 100644 archives/nikkei-tgs-old/2003/December/14/tgs/tgs/exhi/gs_niigatakoka.html
 create mode 100644 archives/nikkei-tgs-old/2003/December/14/tgs/tgs/exhi/gs_sapporo.html
 create mode 100644 archives/nikkei-tgs-old/2003/December/14/tgs/tgs/exhi/gs_tokyonetwave.html
 create mode 100644 archives/nikkei-tgs-old/2003/December/14/tgs/tgs/exhi/hamster.html
 create mode 100644 archives/nikkei-tgs-old/2003/December/14/tgs/tgs/exhi/higashinihon.html
 create mode 100644 archives/nikkei-tgs-old/2003/December/14/tgs/tgs/exhi/hobby.html
 create mode 100644 archives/nikkei-tgs-old/2003/December/14/tgs/tgs/exhi/kohei.html
 create mode 100644 archives/nikkei-tgs-old/2003/December/14/tgs/tgs/exhi/konami.html
 create mode 100644 archives/nikkei-tgs-old/2003/December/14/tgs/tgs/exhi/kospa.html
 create mode 100644 archives/nikkei-tgs-old/2003/December/14/tgs/tgs/exhi/land.html
 create mode 100644 archives/nikkei-tgs-old/2003/December/14/tgs/tgs/exhi/machida.html
 create mode 100644 archives/nikkei-tgs-old/2003/December/14/tgs/tgs/exhi/marine.html
 create mode 100644 archives/nikkei-tgs-old/2003/December/14/tgs/tgs/exhi/media.html
 create mode 100644 archives/nikkei-tgs-old/2003/December/14/tgs/tgs/exhi/micro.html
 create mode 100644 archives/nikkei-tgs-old/2003/December/14/tgs/tgs/exhi/nagoya.html
 create mode 100644 archives/nikkei-tgs-old/2003/December/14/tgs/tgs/exhi/namco.html
 create mode 100644 archives/nikkei-tgs-old/2003/December/14/tgs/tgs/exhi/nc.html
 create mode 100644 archives/nikkei-tgs-old/2003/December/14/tgs/tgs/exhi/netdragon.html
 create mode 100644 archives/nikkei-tgs-old/2003/December/14/tgs/tgs/exhi/niigata.html
 create mode 100644 archives/nikkei-tgs-old/2003/December/14/tgs/tgs/exhi/ntt.html
 create mode 100644 archives/nikkei-tgs-old/2003/December/14/tgs/tgs/exhi/out.html
 create mode 100644 archives/nikkei-tgs-old/2003/December/14/tgs/tgs/exhi/pc_bostic.html
 create mode 100644 archives/nikkei-tgs-old/2003/December/14/tgs/tgs/exhi/pc_intel.html
 create mode 100644 archives/nikkei-tgs-old/2003/December/14/tgs/tgs/exhi/pc_nc.html
 create mode 100644 archives/nikkei-tgs-old/2003/December/14/tgs/tgs/exhi/sanwa.html
 create mode 100644 archives/nikkei-tgs-old/2003/December/14/tgs/tgs/exhi/sega.html
 create mode 100644 archives/nikkei-tgs-old/2003/December/14/tgs/tgs/exhi/sl_al.html
 create mode 100644 archives/nikkei-tgs-old/2003/December/14/tgs/tgs/exhi/sl_atlus.html
 create mode 100644 archives/nikkei-tgs-old/2003/December/14/tgs/tgs/exhi/sl_broccoli.html
 create mode 100644 archives/nikkei-tgs-old/2003/December/14/tgs/tgs/exhi/sl_enter.html
 create mode 100644 archives/nikkei-tgs-old/2003/December/14/tgs/tgs/exhi/sl_hobby.html
 create mode 100644 archives/nikkei-tgs-old/2003/December/14/tgs/tgs/exhi/sl_kid.html
 create mode 100644 archives/nikkei-tgs-old/2003/December/14/tgs/tgs/exhi/sl_konami.html
 create mode 100644 archives/nikkei-tgs-old/2003/December/14/tgs/tgs/exhi/sl_mediai.html
 create mode 100644 archives/nikkei-tgs-old/2003/December/14/tgs/tgs/exhi/sl_ntt.html
 create mode 100644 archives/nikkei-tgs-old/2003/December/14/tgs/tgs/exhi/sl_tecmo.html
 create mode 100644 archives/nikkei-tgs-old/2003/December/14/tgs/tgs/exhi/soft.html
 create mode 100644 archives/nikkei-tgs-old/2003/December/14/tgs/tgs/exhi/solid.html
 create mode 100644 archives/nikkei-tgs-old/2003/December/14/tgs/tgs/exhi/square.html
 create mode 100644 archives/nikkei-tgs-old/2003/December/14/tgs/tgs/exhi/success.html
 create mode 100644 archives/nikkei-tgs-old/2003/December/14/tgs/tgs/exhi/summy.html
 create mode 100644 archives/nikkei-tgs-old/2003/December/14/tgs/tgs/exhi/swenix.html
 create mode 100644 archives/nikkei-tgs-old/2003/December/14/tgs/tgs/exhi/tb_beverly.html
 create mode 100644 archives/nikkei-tgs-old/2003/December/14/tgs/tgs/exhi/tb_capcom.html
 create mode 100644 archives/nikkei-tgs-old/2003/December/14/tgs/tgs/exhi/tb_fujimi.html
 create mode 100644 archives/nikkei-tgs-old/2003/December/14/tgs/tgs/exhi/tb_gra.html
 create mode 100644 archives/nikkei-tgs-old/2003/December/14/tgs/tgs/exhi/tb_hanayama.html
 create mode 100644 archives/nikkei-tgs-old/2003/December/14/tgs/tgs/exhi/tb_sony.html
 create mode 100644 archives/nikkei-tgs-old/2003/December/14/tgs/tgs/exhi/tecmo.html
 create mode 100644 archives/nikkei-tgs-old/2003/December/14/tgs/tgs/exhi/tokyo.html
 create mode 100644 archives/nikkei-tgs-old/2003/December/14/tgs/tgs/exhi/tokyomusic.html
 create mode 100644 archives/nikkei-tgs-old/2003/December/14/tgs/tgs/exhi/tokyotec.html
 create mode 100644 archives/nikkei-tgs-old/2003/December/14/tgs/tgs/exhi/tommy.html
 create mode 100644 archives/nikkei-tgs-old/2003/December/14/tgs/tgs/exhi/uc.html
 create mode 100644 archives/nikkei-tgs-old/2003/December/14/tgs/tgs/exhi/world.html
 create mode 100644 archives/nikkei-tgs-old/2003/December/14/tgs/tgs/release10.html
 create mode 100644 archives/nikkei-tgs-old/2003/December/14/tgs/tgs/release11.html
 create mode 100644 archives/nikkei-tgs-old/2003/December/14/tgs/tgs/release2.html
 create mode 100644 archives/nikkei-tgs-old/2003/December/14/tgs/tgs/release4.html
 create mode 100644 archives/nikkei-tgs-old/2003/December/14/tgs/tgs/release5.html
 create mode 100644 archives/nikkei-tgs-old/2003/December/14/tgs/tgs/release6.html
 create mode 100644 archives/nikkei-tgs-old/2003/December/14/tgs/tgs/release7.html
 create mode 100644 archives/nikkei-tgs-old/2003/December/14/tgs/tgs/release9.html
 create mode 100644 archives/nikkei-tgs-old/2003/December/15/tgs/h_outline.html
 create mode 100644 archives/nikkei-tgs-old/2003/December/15/tgs/head.html
 create mode 100644 archives/nikkei-tgs-old/2003/December/15/tgs/index.html
 create mode 100644 archives/nikkei-tgs-old/2003/December/15/tgs/main.html
 create mode 100644 archives/nikkei-tgs-old/2003/December/15/tgs/tgs/english/imgs/r3_1.pdf
 create mode 100644 archives/nikkei-tgs-old/2003/December/15/tgs/tgs/english/imgs/r3_2.pdf
 create mode 100644 archives/nikkei-tgs-old/2003/December/15/tgs/tgs/english/release1.html
 create mode 100644 archives/nikkei-tgs-old/2003/December/15/tgs/tgs/english/release2.html
 create mode 100644 archives/nikkei-tgs-old/2003/December/15/tgs/tgs/english/release3.html
 create mode 100644 archives/nikkei-tgs-old/2003/December/15/tgs/tgs/english/release4.html
 create mode 100644 archives/nikkei-tgs-old/2003/December/15/tgs/tgs/imgs/f_rasse.jpg
 create mode 100644 archives/nikkei-tgs-old/2003/December/16/tgs/b_day_main.html
 create mode 100644 archives/nikkei-tgs-old/2003/December/16/tgs/h_outline_main.html
 create mode 100644 archives/nikkei-tgs-old/2003/December/16/tgs/head_b_day.html
 create mode 100644 archives/nikkei-tgs-old/2003/December/16/tgs/keyword01.html
 create mode 100644 archives/nikkei-tgs-old/2003/December/16/tgs/tgs/english/imgs/r3_5.pdf
 create mode 100644 archives/nikkei-tgs-old/2003/December/16/tgs/tgs/english/imgs/r3_6.pdf
 create mode 100644 archives/nikkei-tgs-old/2003/December/16/tgs/tgs/event.html
 create mode 100644 archives/nikkei-tgs-old/2003/December/17/tgs/tgs/english/imgs/r3_7.pdf
 create mode 100644 archives/nikkei-tgs-old/2003/December/18/tgs/keyword_main01.html
 create mode 100644 archives/nikkei-tgs-old/2003/December/18/tgs/regist/index.html
 create mode 100644 archives/nikkei-tgs-old/2003/December/21/tgs/regist/index.html
 create mode 100644 archives/nikkei-tgs-old/2003/December/21/tgs/regist/style.css
 create mode 100644 archives/nikkei-tgs-old/2003/December/24/tgs/tgs/exhi/media.html
 create mode 100644 archives/nikkei-tgs-old/2003/December/24/tgs/tgs/index.html
 create mode 100644 archives/nikkei-tgs-old/2003/December/26/tgs/regist/regist_en.html
 create mode 100644 archives/nikkei-tgs-old/2003/February/12/tgs/keyword02.html
 create mode 100644 archives/nikkei-tgs-old/2003/February/22/tgs/head.html
 create mode 100644 archives/nikkei-tgs-old/2003/February/22/tgs/keyword_main02.html
 create mode 100644 archives/nikkei-tgs-old/2003/February/27/tgs/b_day.html
 create mode 100644 archives/nikkei-tgs-old/2003/February/27/tgs/h_outline.html
 create mode 100644 archives/nikkei-tgs-old/2003/February/27/tgs/keyword.html
 create mode 100644 archives/nikkei-tgs-old/2003/February/27/tgs/keyword01.html
 create mode 100644 archives/nikkei-tgs-old/2003/January/11/tgs/image/btn_privacypolicy.gif
 create mode 100644 archives/nikkei-tgs-old/2003/January/11/tgs/image/copyright.gif
 create mode 100644 archives/nikkei-tgs-old/2003/January/11/tgs/image/gtv2002.gif
 create mode 100644 archives/nikkei-tgs-old/2003/January/11/tgs/image/keyword_head2.gif
 create mode 100644 archives/nikkei-tgs-old/2003/January/11/tgs/image/keyword_subtitle3.gif
 create mode 100644 archives/nikkei-tgs-old/2003/January/11/tgs/image/line_3.gif
 create mode 100644 archives/nikkei-tgs-old/2003/January/11/tgs/image/menu_1.gif
 create mode 100644 archives/nikkei-tgs-old/2003/January/11/tgs/image/menu_2.gif
 create mode 100644 archives/nikkei-tgs-old/2003/January/11/tgs/image/menu_2_on.gif
 create mode 100644 archives/nikkei-tgs-old/2003/January/11/tgs/image/menu_3_on.gif
 create mode 100644 archives/nikkei-tgs-old/2003/January/11/tgs/image/menu_4.gif
 create mode 100644 archives/nikkei-tgs-old/2003/January/11/tgs/image/menu_4_on.gif
 create mode 100644 archives/nikkei-tgs-old/2003/January/11/tgs/image/menu_5.gif
 create mode 100644 archives/nikkei-tgs-old/2003/January/11/tgs/image/menu_5_on.gif
 create mode 100644 archives/nikkei-tgs-old/2003/January/11/tgs/image/menu_6.gif
 create mode 100644 archives/nikkei-tgs-old/2003/January/11/tgs/image/menu_6_on.gif
 create mode 100644 archives/nikkei-tgs-old/2003/January/11/tgs/image/menu_slice_1.gif
 create mode 100644 archives/nikkei-tgs-old/2003/January/11/tgs/image/menu_slice_3.gif
 create mode 100644 archives/nikkei-tgs-old/2003/January/11/tgs/image/menu_slice_4.gif
 create mode 100644 archives/nikkei-tgs-old/2003/January/11/tgs/image/space.gif
 create mode 100644 archives/nikkei-tgs-old/2003/January/11/tgs/image/sponsor_neonline.gif
 create mode 100644 archives/nikkei-tgs-old/2003/January/11/tgs/image/sponsor_wpcareana.gif
 create mode 100644 archives/nikkei-tgs-old/2003/January/11/tgs/image/sponsorsite_head.gif
 create mode 100644 archives/nikkei-tgs-old/2003/January/11/tgs/image/tgs2002bpstext2.jpg
 create mode 100644 archives/nikkei-tgs-old/2003/January/14/tgs/image/bday_subtitle_1.gif
 create mode 100644 archives/nikkei-tgs-old/2003/January/14/tgs/image/bday_subtitle_2.gif
 create mode 100644 archives/nikkei-tgs-old/2003/January/14/tgs/image/head_slice_1.jpg
 create mode 100644 archives/nikkei-tgs-old/2003/January/14/tgs/image/head_slice_2.jpg
 create mode 100644 archives/nikkei-tgs-old/2003/January/14/tgs/image/head_slice_3.jpg
 create mode 100644 archives/nikkei-tgs-old/2003/July/1/tgs/keyword01.html
 create mode 100644 archives/nikkei-tgs-old/2003/July/1/tgs/regist/index.html
 create mode 100644 archives/nikkei-tgs-old/2003/July/7/tgs/keyword_main.html
 create mode 100644 archives/nikkei-tgs-old/2003/June/21/tgs/keyword_main02.html
 create mode 100644 archives/nikkei-tgs-old/2003/June/23/tgs/b_day.html
 create mode 100644 archives/nikkei-tgs-old/2003/June/23/tgs/h_outline.html
 create mode 100644 archives/nikkei-tgs-old/2003/June/26/tgs/b_day_main.html
 create mode 100644 archives/nikkei-tgs-old/2003/June/26/tgs/h_outline_main.html
 create mode 100644 archives/nikkei-tgs-old/2003/June/26/tgs/main.html
 create mode 100644 archives/nikkei-tgs-old/2003/March/3/tgs/h_outline_main.html
 create mode 100644 archives/nikkei-tgs-old/2003/March/3/tgs/head_b_day.html
 create mode 100644 archives/nikkei-tgs-old/2003/March/3/tgs/keyword_main.html
 create mode 100644 archives/nikkei-tgs-old/2003/March/3/tgs/keyword_main01.html
 create mode 100644 archives/nikkei-tgs-old/2003/March/6/tgs/image/idei72.jpg
 create mode 100644 archives/nikkei-tgs-old/2003/March/6/tgs/image/keyword_photo1.jpg
 create mode 100644 archives/nikkei-tgs-old/2003/March/6/tgs/image/keyword_photo2.jpg
 create mode 100644 archives/nikkei-tgs-old/2003/March/6/tgs/image/keyword_photo4.jpg
 create mode 100644 archives/nikkei-tgs-old/2003/March/6/tgs/image/keyword_subtitle1.gif
 create mode 100644 archives/nikkei-tgs-old/2003/March/6/tgs/image/keyword_subtitle2.gif
 create mode 100644 archives/nikkei-tgs-old/2003/November/17/tgs/tgs/imgs/r10_7.pdf
 create mode 100644 archives/nikkei-tgs-old/2003/October/10/tgs/b_day_main.html
 create mode 100644 archives/nikkei-tgs-old/2003/October/10/tgs/head.html
 create mode 100644 archives/nikkei-tgs-old/2003/October/10/tgs/tgs/english/access.html
 create mode 100644 archives/nikkei-tgs-old/2003/October/10/tgs/tgs/english/gaiyo.html
 create mode 100644 archives/nikkei-tgs-old/2003/October/10/tgs/tgs/english/old.html
 create mode 100644 archives/nikkei-tgs-old/2003/October/10/tgs/tgs/english/press.html
 create mode 100644 archives/nikkei-tgs-old/2003/October/10/tgs/tgs/english/tgs.html
 create mode 100644 archives/nikkei-tgs-old/2003/October/11/tgs/image/bday_subtitle_1.gif
 create mode 100644 archives/nikkei-tgs-old/2003/October/11/tgs/image/bday_subtitle_2.gif
 create mode 100644 archives/nikkei-tgs-old/2003/October/11/tgs/image/btn_fee_touroku.gif
 create mode 100644 archives/nikkei-tgs-old/2003/October/11/tgs/tgs/english/imgs/dot_s.gif
 create mode 100644 archives/nikkei-tgs-old/2003/October/11/tgs/tgs/english/imgs/navi/navi_r26_c2_f2.gif
 create mode 100644 archives/nikkei-tgs-old/2003/October/11/tgs/tgs/english/imgs/navi/navi_r2_c2.gif
 create mode 100644 archives/nikkei-tgs-old/2003/October/11/tgs/tgs/english/imgs/sp_lblue.gif
 create mode 100644 archives/nikkei-tgs-old/2003/October/12/tgs/tgs/english/release2.html
 create mode 100644 archives/nikkei-tgs-old/2003/October/12/tgs/tgs/english/release3.html
 create mode 100644 archives/nikkei-tgs-old/2003/October/15/tgs/keyword.html
 create mode 100644 archives/nikkei-tgs-old/2003/October/15/tgs/keyword01.html
 create mode 100644 archives/nikkei-tgs-old/2003/October/16/tgs/regist/index.html
 create mode 100644 archives/nikkei-tgs-old/2003/October/17/tgs/keyword_main.html
 create mode 100644 archives/nikkei-tgs-old/2003/October/17/tgs/keyword_main01.html
 create mode 100644 archives/nikkei-tgs-old/2003/October/17/tgs/regist/regist_en.html
 create mode 100644 archives/nikkei-tgs-old/2003/October/2/tgs/tgs/exhi/hudson.html
 create mode 100644 archives/nikkei-tgs-old/2003/October/2/tgs/tgs/exhi/taiwan.html
 create mode 100644 archives/nikkei-tgs-old/2003/October/2/tgs/tgs/exhi/tb_beverly.html
 create mode 100644 archives/nikkei-tgs-old/2003/October/2/tgs/tgs/exhi/tb_capcom.html
 create mode 100644 archives/nikkei-tgs-old/2003/October/2/tgs/tgs/exhi/tb_fujimi.html
 create mode 100644 archives/nikkei-tgs-old/2003/October/2/tgs/tgs/exhi/tb_gra.html
 create mode 100644 archives/nikkei-tgs-old/2003/October/2/tgs/tgs/exhi/tb_hanayama.html
 create mode 100644 archives/nikkei-tgs-old/2003/October/2/tgs/tgs/exhi/tb_sony.html
 create mode 100644 archives/nikkei-tgs-old/2003/October/2/tgs/tgs/exhi/tecmo.html
 create mode 100644 archives/nikkei-tgs-old/2003/October/2/tgs/tgs/exhi/tokyo.html
 create mode 100644 archives/nikkei-tgs-old/2003/October/2/tgs/tgs/exhi/tokyomusic.html
 create mode 100644 archives/nikkei-tgs-old/2003/October/2/tgs/tgs/exhi/tokyotec.html
 create mode 100644 archives/nikkei-tgs-old/2003/October/2/tgs/tgs/exhi/tommy.html
 create mode 100644 archives/nikkei-tgs-old/2003/October/2/tgs/tgs/exhi/tommy2.html
 create mode 100644 archives/nikkei-tgs-old/2003/October/2/tgs/tgs/exhi/uc.html
 create mode 100644 archives/nikkei-tgs-old/2003/October/2/tgs/tgs/exhi/wiz.html
 create mode 100644 archives/nikkei-tgs-old/2003/October/2/tgs/tgs/exhi/world.html
 create mode 100644 archives/nikkei-tgs-old/2003/October/2/tgs/tgs/gaiyo.html
 create mode 100644 archives/nikkei-tgs-old/2003/October/2/tgs/tgs/index.html
 create mode 100644 archives/nikkei-tgs-old/2003/October/2/tgs/tgs/list.html
 create mode 100644 archives/nikkei-tgs-old/2003/October/2/tgs/tgs/map.html
 create mode 100644 archives/nikkei-tgs-old/2003/October/2/tgs/tgs/old.html
 create mode 100644 archives/nikkei-tgs-old/2003/October/2/tgs/tgs/press.html
 create mode 100644 archives/nikkei-tgs-old/2003/October/2/tgs/tgs/release.html
 create mode 100644 archives/nikkei-tgs-old/2003/October/2/tgs/tgs/tgs.html
 create mode 100644 archives/nikkei-tgs-old/2003/October/2/tgs/tgs/tgsch.html
 create mode 100644 archives/nikkei-tgs-old/2003/October/2/tgs/tgs/ticket.html
 create mode 100644 archives/nikkei-tgs-old/2003/October/22/tgs/regist/index.html
 create mode 100644 archives/nikkei-tgs-old/2003/October/22/tgs/regist/style.css
 create mode 100644 archives/nikkei-tgs-old/2003/October/3/tgs/tgs/release10.html
 create mode 100644 archives/nikkei-tgs-old/2003/October/3/tgs/tgs/release11.html
 create mode 100644 archives/nikkei-tgs-old/2003/October/3/tgs/tgs/release8.html
 create mode 100644 archives/nikkei-tgs-old/2003/October/4/tgs/tgs/mapl.html
 create mode 100644 archives/nikkei-tgs-old/2003/October/4/tgs/tgs/release2.html
 create mode 100644 archives/nikkei-tgs-old/2003/October/4/tgs/tgs/release3.html
 create mode 100644 archives/nikkei-tgs-old/2003/October/4/tgs/tgs/release4.html
 create mode 100644 archives/nikkei-tgs-old/2003/October/4/tgs/tgs/release6.html
 create mode 100644 archives/nikkei-tgs-old/2003/October/4/tgs/tgs/release9.html
 create mode 100644 archives/nikkei-tgs-old/2003/October/6/tgs/keyword02.html
 create mode 100644 archives/nikkei-tgs-old/2003/October/6/tgs/keyword_main02.html
 create mode 100644 archives/nikkei-tgs-old/2003/October/8/tgs/b_day.html
 create mode 100644 archives/nikkei-tgs-old/2003/October/8/tgs/h_outline.html
 create mode 100644 archives/nikkei-tgs-old/2003/October/8/tgs/tgs/end.html
 create mode 100644 archives/nikkei-tgs-old/2003/October/8/tgs/tgs/event.html
 create mode 100644 archives/nikkei-tgs-old/2003/October/8/tgs/tgs/exhi/ati.html
 create mode 100644 archives/nikkei-tgs-old/2003/October/8/tgs/tgs/exhi/atx.html
 create mode 100644 archives/nikkei-tgs-old/2003/October/8/tgs/tgs/exhi/beijin.html
 create mode 100644 archives/nikkei-tgs-old/2003/October/8/tgs/tgs/exhi/bose.html
 create mode 100644 archives/nikkei-tgs-old/2003/October/8/tgs/tgs/exhi/bp.html
 create mode 100644 archives/nikkei-tgs-old/2003/October/8/tgs/tgs/exhi/capcom.html
 create mode 100644 archives/nikkei-tgs-old/2003/October/8/tgs/tgs/exhi/career.html
 create mode 100644 archives/nikkei-tgs-old/2003/October/8/tgs/tgs/exhi/cri.html
 create mode 100644 archives/nikkei-tgs-old/2003/October/8/tgs/tgs/exhi/digital.html
 create mode 100644 archives/nikkei-tgs-old/2003/October/8/tgs/tgs/exhi/dragon.html
 create mode 100644 archives/nikkei-tgs-old/2003/October/8/tgs/tgs/exhi/dv_ccom.html
 create mode 100644 archives/nikkei-tgs-old/2003/October/8/tgs/tgs/exhi/dv_dis.html
 create mode 100644 archives/nikkei-tgs-old/2003/October/8/tgs/tgs/exhi/dv_grb.html
 create mode 100644 archives/nikkei-tgs-old/2003/October/8/tgs/tgs/exhi/dv_hi.html
 create mode 100644 archives/nikkei-tgs-old/2003/October/8/tgs/tgs/exhi/dv_metro.html
 create mode 100644 archives/nikkei-tgs-old/2003/October/8/tgs/tgs/exhi/eclick.html
 create mode 100644 archives/nikkei-tgs-old/2003/October/8/tgs/tgs/exhi/elect.html
 create mode 100644 archives/nikkei-tgs-old/2003/October/8/tgs/tgs/exhi/enter.html
 create mode 100644 archives/nikkei-tgs-old/2003/October/8/tgs/tgs/exhi/fujiwork.html
 create mode 100644 archives/nikkei-tgs-old/2003/October/9/tgs/tgs/english/imgs/navi/navi_r20_c2_f2.gif
 create mode 100644 archives/nikkei-tgs-old/2003/October/9/tgs/tgs/exhi/genki.html
 create mode 100644 archives/nikkei-tgs-old/2003/October/9/tgs/tgs/exhi/gs_cyuo.html
 create mode 100644 archives/nikkei-tgs-old/2003/October/9/tgs/tgs/exhi/gs_denshi.html
 create mode 100644 archives/nikkei-tgs-old/2003/October/9/tgs/tgs/exhi/gs_kanagawa.html
 create mode 100644 archives/nikkei-tgs-old/2003/October/9/tgs/tgs/exhi/gs_media.html
 create mode 100644 archives/nikkei-tgs-old/2003/October/9/tgs/tgs/exhi/gs_niigatacomp.html
 create mode 100644 archives/nikkei-tgs-old/2003/October/9/tgs/tgs/exhi/gs_niigatakoka.html
 create mode 100644 archives/nikkei-tgs-old/2003/October/9/tgs/tgs/exhi/hamster.html
 create mode 100644 archives/nikkei-tgs-old/2003/October/9/tgs/tgs/exhi/higashinihon.html
 create mode 100644 archives/nikkei-tgs-old/2003/October/9/tgs/tgs/exhi/hobby.html
 create mode 100644 archives/nikkei-tgs-old/2003/October/9/tgs/tgs/exhi/js/css.js
 create mode 100644 archives/nikkei-tgs-old/2003/October/9/tgs/tgs/exhi/ki_konami.html
 create mode 100644 archives/nikkei-tgs-old/2003/October/9/tgs/tgs/exhi/kobe.html
 create mode 100644 archives/nikkei-tgs-old/2003/October/9/tgs/tgs/exhi/kohei.html
 create mode 100644 archives/nikkei-tgs-old/2003/October/9/tgs/tgs/exhi/konami.html
 create mode 100644 archives/nikkei-tgs-old/2003/October/9/tgs/tgs/exhi/korea.html
 create mode 100644 archives/nikkei-tgs-old/2003/October/9/tgs/tgs/exhi/kospa.html
 create mode 100644 archives/nikkei-tgs-old/2003/October/9/tgs/tgs/exhi/land.html
 create mode 100644 archives/nikkei-tgs-old/2003/October/9/tgs/tgs/exhi/machida.html
 create mode 100644 archives/nikkei-tgs-old/2003/October/9/tgs/tgs/exhi/marine.html
 create mode 100644 archives/nikkei-tgs-old/2003/October/9/tgs/tgs/exhi/media.html
 create mode 100644 archives/nikkei-tgs-old/2003/October/9/tgs/tgs/exhi/micro.html
 create mode 100644 archives/nikkei-tgs-old/2003/October/9/tgs/tgs/exhi/nagoya.html
 create mode 100644 archives/nikkei-tgs-old/2003/October/9/tgs/tgs/exhi/nc.html
 create mode 100644 archives/nikkei-tgs-old/2003/October/9/tgs/tgs/exhi/netdragon.html
 create mode 100644 archives/nikkei-tgs-old/2003/October/9/tgs/tgs/exhi/nexon.html
 create mode 100644 archives/nikkei-tgs-old/2003/October/9/tgs/tgs/exhi/niigata.html
 create mode 100644 archives/nikkei-tgs-old/2003/October/9/tgs/tgs/exhi/ntt.html
 create mode 100644 archives/nikkei-tgs-old/2003/October/9/tgs/tgs/exhi/out.html
 create mode 100644 archives/nikkei-tgs-old/2003/October/9/tgs/tgs/exhi/pc_bostic.html
 create mode 100644 archives/nikkei-tgs-old/2003/October/9/tgs/tgs/exhi/pc_intel.html
 create mode 100644 archives/nikkei-tgs-old/2003/October/9/tgs/tgs/exhi/pc_square.html
 create mode 100644 archives/nikkei-tgs-old/2003/October/9/tgs/tgs/exhi/proto.html
 create mode 100644 archives/nikkei-tgs-old/2003/October/9/tgs/tgs/exhi/sbpub.html
 create mode 100644 archives/nikkei-tgs-old/2003/October/9/tgs/tgs/exhi/sega.html
 create mode 100644 archives/nikkei-tgs-old/2003/October/9/tgs/tgs/exhi/sl_al.html
 create mode 100644 archives/nikkei-tgs-old/2003/October/9/tgs/tgs/exhi/sl_atlus.html
 create mode 100644 archives/nikkei-tgs-old/2003/October/9/tgs/tgs/exhi/sl_broccoli.html
 create mode 100644 archives/nikkei-tgs-old/2003/October/9/tgs/tgs/exhi/sl_capcom.html
 create mode 100644 archives/nikkei-tgs-old/2003/October/9/tgs/tgs/exhi/sl_digicube.html
 create mode 100644 archives/nikkei-tgs-old/2003/October/9/tgs/tgs/exhi/sl_enter.html
 create mode 100644 archives/nikkei-tgs-old/2003/October/9/tgs/tgs/exhi/sl_hobby.html
 create mode 100644 archives/nikkei-tgs-old/2003/October/9/tgs/tgs/exhi/sl_kid.html
 create mode 100644 archives/nikkei-tgs-old/2003/October/9/tgs/tgs/exhi/sl_konami.html
 create mode 100644 archives/nikkei-tgs-old/2003/October/9/tgs/tgs/exhi/sl_mediai.html
 create mode 100644 archives/nikkei-tgs-old/2003/October/9/tgs/tgs/exhi/sl_ntt.html
 create mode 100644 archives/nikkei-tgs-old/2003/October/9/tgs/tgs/exhi/sl_tecmo.html
 create mode 100644 archives/nikkei-tgs-old/2003/October/9/tgs/tgs/exhi/soft.html
 create mode 100644 archives/nikkei-tgs-old/2003/October/9/tgs/tgs/exhi/solid.html
 create mode 100644 archives/nikkei-tgs-old/2003/October/9/tgs/tgs/exhi/success.html
 create mode 100644 archives/nikkei-tgs-old/2003/October/9/tgs/tgs/exhi/summy2.html
 create mode 100644 archives/nikkei-tgs-old/2003/October/9/tgs/tgs/exhi/taito.html
 create mode 100644 archives/nikkei-tgs-old/2003/September/25/tgs/tgs/cos.html
 create mode 100644 archives/nikkei-tgs-old/2003/September/26/tgs/tgs/access.html
 create mode 100644 archives/nikkei-tgs-old/2003/September/26/tgs/tgs/english/index.html
 create mode 100644 archives/nikkei-tgs-old/2003/September/26/tgs/tgs/exhi/ganho.html
 create mode 100644 archives/nikkei-tgs-old/2003/September/26/tgs/tgs/exhi/tokyotec.html
 create mode 100644 archives/nikkei-tgs-old/2003/September/26/tgs/tgs/exhi/tommy2.html
 create mode 100644 archives/nikkei-tgs-old/2003/September/26/tgs/tgs/gaiyo.html
 create mode 100644 archives/nikkei-tgs-old/2003/September/26/tgs/tgs/index.html
 create mode 100644 archives/nikkei-tgs-old/2003/September/26/tgs/tgs/list.html
 create mode 100644 archives/nikkei-tgs-old/2003/September/26/tgs/tgs/press.html
 create mode 100644 archives/nikkei-tgs-old/2003/September/26/tgs/tgs/release.html
 create mode 100644 archives/nikkei-tgs-old/2003/September/26/tgs/tgs/release8.html
 create mode 100644 archives/nikkei-tgs-old/2003/September/26/tgs/tgs/tgs.html
 create mode 100644 archives/nikkei-tgs-old/2003/September/26/tgs/tgs/ticket.html
 create mode 100644 archives/nikkei-tgs-old/2003/September/27/tgs/tgs/event.html
 create mode 100644 archives/nikkei-tgs-old/2003/September/27/tgs/tgs/mapl.html
 create mode 100644 archives/nikkei-tgs-old/2003/September/27/tgs/tgs/old.html
 create mode 100644 archives/nikkei-tgs-old/2003/September/28/tgs/tgs/exhi/bandai.html
 create mode 100644 archives/nikkei-tgs-old/2003/September/28/tgs/tgs/exhi/nexon.html
 create mode 100644 archives/nikkei-tgs-old/2003/September/28/tgs/tgs/exhi/square.html
 create mode 100644 archives/nikkei-tgs-old/2003/September/28/tgs/tgs/imgs/r10_4.pdf
 create mode 100644 archives/nikkei-tgs-old/2003/September/28/tgs/tgs/imgs/r10_7.pdf
 create mode 100644 archives/nikkei-tgs-old/2003/September/28/tgs/tgs/release10.html
 create mode 100644 archives/nikkei-tgs-old/2003/September/29/tgs/tgs/imgs/r10_1.pdf
 create mode 100644 log/KrazeeTobi-2022-11-17_041127.log
 create mode 100644 sonic-movie.jp/sonic-movie/index.html@doing_wp_cron=1668671749.5767788887023925781250&paged=13
 create mode 100644 sonic-movie.jp/sonic-movie/index.html@doing_wp_cron=1668671749.5767788887023925781250&paged=2
 create mode 100644 sonic-movie.jp/sonic-movie/index.html@doing_wp_cron=1668671749.5767788887023925781250&paged=3
 create mode 100644 sonic-movie.jp/sonic-movie/index.html@doing_wp_cron=1668671749.5767788887023925781250&paged=4
 create mode 100644 sonic-movie.jp/sonic-movie/index.html@doing_wp_cron=1668671749.5767788887023925781250&paged=5
 create mode 100644 sonic-movie.jp/sonic-movie/index.html@doing_wp_cron=1668671749.5767788887023925781250&paged=6
 create mode 100644 sonic-movie.jp/sonic-movie/page/10/index.html@doing_wp_cron=1668671749.5767788887023925781250&paged=1
 create mode 100644 sonic-movie.jp/sonic-movie/page/10/index.html@doing_wp_cron=1668671749.5767788887023925781250&paged=11
 create mode 100644 sonic-movie.jp/sonic-movie/page/10/index.html@doing_wp_cron=1668671749.5767788887023925781250&paged=12
 create mode 100644 sonic-movie.jp/sonic-movie/page/10/index.html@doing_wp_cron=1668671749.5767788887023925781250&paged=13
 create mode 100644 sonic-movie.jp/sonic-movie/page/10/index.html@doing_wp_cron=1668671749.5767788887023925781250&paged=5
 create mode 100644 sonic-movie.jp/sonic-movie/page/10/index.html@doing_wp_cron=1668671749.5767788887023925781250&paged=6
 create mode 100644 sonic-movie.jp/sonic-movie/page/10/index.html@doing_wp_cron=1668671749.5767788887023925781250&paged=7
 create mode 100644 sonic-movie.jp/sonic-movie/page/10/index.html@doing_wp_cron=1668671749.5767788887023925781250&paged=8
 create mode 100644 sonic-movie.jp/sonic-movie/page/10/index.html@doing_wp_cron=1668671749.5767788887023925781250&paged=9
 create mode 100644 sonic-movie.jp/sonic-movie/page/11/index.html@doing_wp_cron=1668671749.5767788887023925781250&paged=1
 create mode 100644 sonic-movie.jp/sonic-movie/page/11/index.html@doing_wp_cron=1668671749.5767788887023925781250&paged=10
 create mode 100644 sonic-movie.jp/sonic-movie/page/11/index.html@doing_wp_cron=1668671749.5767788887023925781250&paged=12
 create mode 100644 sonic-movie.jp/sonic-movie/page/11/index.html@doing_wp_cron=1668671749.5767788887023925781250&paged=13
 create mode 100644 sonic-movie.jp/sonic-movie/page/11/index.html@doing_wp_cron=1668671749.5767788887023925781250&paged=6
 create mode 100644 sonic-movie.jp/sonic-movie/page/11/index.html@doing_wp_cron=1668671749.5767788887023925781250&paged=7
 create mode 100644 sonic-movie.jp/sonic-movie/page/11/index.html@doing_wp_cron=1668671749.5767788887023925781250&paged=8
 create mode 100644 sonic-movie.jp/sonic-movie/page/11/index.html@doing_wp_cron=1668671749.5767788887023925781250&paged=9
 create mode 100644 sonic-movie.jp/sonic-movie/page/12/index.html@doing_wp_cron=1668671749.5767788887023925781250&paged=1
 create mode 100644 sonic-movie.jp/sonic-movie/page/12/index.html@doing_wp_cron=1668671749.5767788887023925781250&paged=10
 create mode 100644 sonic-movie.jp/sonic-movie/page/12/index.html@doing_wp_cron=1668671749.5767788887023925781250&paged=11
 create mode 100644 sonic-movie.jp/sonic-movie/page/12/index.html@doing_wp_cron=1668671749.5767788887023925781250&paged=13
 create mode 100644 sonic-movie.jp/sonic-movie/page/12/index.html@doing_wp_cron=1668671749.5767788887023925781250&paged=7
 create mode 100644 sonic-movie.jp/sonic-movie/page/12/index.html@doing_wp_cron=1668671749.5767788887023925781250&paged=8
 create mode 100644 sonic-movie.jp/sonic-movie/page/12/index.html@doing_wp_cron=1668671749.5767788887023925781250&paged=9
 create mode 100644 sonic-movie.jp/sonic-movie/page/13/index.html@doing_wp_cron=1668671749.5767788887023925781250&paged=1
 create mode 100644 sonic-movie.jp/sonic-movie/page/13/index.html@doing_wp_cron=1668671749.5767788887023925781250&paged=10
 create mode 100644 sonic-movie.jp/sonic-movie/page/13/index.html@doing_wp_cron=1668671749.5767788887023925781250&paged=11
 create mode 100644 sonic-movie.jp/sonic-movie/page/13/index.html@doing_wp_cron=1668671749.5767788887023925781250&paged=12
 create mode 100644 sonic-movie.jp/sonic-movie/page/13/index.html@doing_wp_cron=1668671749.5767788887023925781250&paged=8
 create mode 100644 sonic-movie.jp/sonic-movie/page/13/index.html@doing_wp_cron=1668671749.5767788887023925781250&paged=9
 create mode 100644 sonic-movie.jp/sonic-movie/page/2/index.html@doing_wp_cron=1668671749.5767788887023925781250&paged=1
 create mode 100644 sonic-movie.jp/sonic-movie/page/2/index.html@doing_wp_cron=1668671749.5767788887023925781250&paged=13
 create mode 100644 sonic-movie.jp/sonic-movie/page/2/index.html@doing_wp_cron=1668671749.5767788887023925781250&paged=3
 create mode 100644 sonic-movie.jp/sonic-movie/page/2/index.html@doing_wp_cron=1668671749.5767788887023925781250&paged=4
 create mode 100644 sonic-movie.jp/sonic-movie/page/2/index.html@doing_wp_cron=1668671749.5767788887023925781250&paged=5
 create mode 100644 sonic-movie.jp/sonic-movie/page/2/index.html@doing_wp_cron=1668671749.5767788887023925781250&paged=6
 create mode 100644 sonic-movie.jp/sonic-movie/page/2/index.html@doing_wp_cron=1668671749.5767788887023925781250&paged=7
 create mode 100644 sonic-movie.jp/sonic-movie/page/3/index.html@doing_wp_cron=1668671749.5767788887023925781250&paged=1
 create mode 100644 sonic-movie.jp/sonic-movie/page/3/index.html@doing_wp_cron=1668671749.5767788887023925781250&paged=13
 create mode 100644 sonic-movie.jp/sonic-movie/page/3/index.html@doing_wp_cron=1668671749.5767788887023925781250&paged=2
 create mode 100644 sonic-movie.jp/sonic-movie/page/3/index.html@doing_wp_cron=1668671749.5767788887023925781250&paged=4
 create mode 100644 sonic-movie.jp/sonic-movie/page/3/index.html@doing_wp_cron=1668671749.5767788887023925781250&paged=5
 create mode 100644 sonic-movie.jp/sonic-movie/page/3/index.html@doing_wp_cron=1668671749.5767788887023925781250&paged=6
 create mode 100644 sonic-movie.jp/sonic-movie/page/3/index.html@doing_wp_cron=1668671749.5767788887023925781250&paged=7
 create mode 100644 sonic-movie.jp/sonic-movie/page/3/index.html@doing_wp_cron=1668671749.5767788887023925781250&paged=8
 create mode 100644 sonic-movie.jp/sonic-movie/page/4/index.html@doing_wp_cron=1668671749.5767788887023925781250&paged=1
 create mode 100644 sonic-movie.jp/sonic-movie/page/4/index.html@doing_wp_cron=1668671749.5767788887023925781250&paged=13
 create mode 100644 sonic-movie.jp/sonic-movie/page/4/index.html@doing_wp_cron=1668671749.5767788887023925781250&paged=2
 create mode 100644 sonic-movie.jp/sonic-movie/page/4/index.html@doing_wp_cron=1668671749.5767788887023925781250&paged=3
 create mode 100644 sonic-movie.jp/sonic-movie/page/4/index.html@doing_wp_cron=1668671749.5767788887023925781250&paged=5
 create mode 100644 sonic-movie.jp/sonic-movie/page/4/index.html@doing_wp_cron=1668671749.5767788887023925781250&paged=6
 create mode 100644 sonic-movie.jp/sonic-movie/page/4/index.html@doing_wp_cron=1668671749.5767788887023925781250&paged=7
 create mode 100644 sonic-movie.jp/sonic-movie/page/4/index.html@doing_wp_cron=1668671749.5767788887023925781250&paged=8
 create mode 100644 sonic-movie.jp/sonic-movie/page/4/index.html@doing_wp_cron=1668671749.5767788887023925781250&paged=9
 create mode 100644 sonic-movie.jp/sonic-movie/page/5/index.html@doing_wp_cron=1668671749.5767788887023925781250&paged=1
 create mode 100644 sonic-movie.jp/sonic-movie/page/5/index.html@doing_wp_cron=1668671749.5767788887023925781250&paged=10
 create mode 100644 sonic-movie.jp/sonic-movie/page/5/index.html@doing_wp_cron=1668671749.5767788887023925781250&paged=13
 create mode 100644 sonic-movie.jp/sonic-movie/page/5/index.html@doing_wp_cron=1668671749.5767788887023925781250&paged=2
 create mode 100644 sonic-movie.jp/sonic-movie/page/5/index.html@doing_wp_cron=1668671749.5767788887023925781250&paged=3
 create mode 100644 sonic-movie.jp/sonic-movie/page/5/index.html@doing_wp_cron=1668671749.5767788887023925781250&paged=4
 create mode 100644 sonic-movie.jp/sonic-movie/page/5/index.html@doing_wp_cron=1668671749.5767788887023925781250&paged=6
 create mode 100644 sonic-movie.jp/sonic-movie/page/5/index.html@doing_wp_cron=1668671749.5767788887023925781250&paged=7
 create mode 100644 sonic-movie.jp/sonic-movie/page/5/index.html@doing_wp_cron=1668671749.5767788887023925781250&paged=8
 create mode 100644 sonic-movie.jp/sonic-movie/page/5/index.html@doing_wp_cron=1668671749.5767788887023925781250&paged=9
 create mode 100644 sonic-movie.jp/sonic-movie/page/6/index.html@doing_wp_cron=1668671749.5767788887023925781250&paged=1
 create mode 100644 sonic-movie.jp/sonic-movie/page/6/index.html@doing_wp_cron=1668671749.5767788887023925781250&paged=10
 create mode 100644 sonic-movie.jp/sonic-movie/page/6/index.html@doing_wp_cron=1668671749.5767788887023925781250&paged=11
 create mode 100644 sonic-movie.jp/sonic-movie/page/6/index.html@doing_wp_cron=1668671749.5767788887023925781250&paged=13
 create mode 100644 sonic-movie.jp/sonic-movie/page/6/index.html@doing_wp_cron=1668671749.5767788887023925781250&paged=2
 create mode 100644 sonic-movie.jp/sonic-movie/page/6/index.html@doing_wp_cron=1668671749.5767788887023925781250&paged=3
 create mode 100644 sonic-movie.jp/sonic-movie/page/6/index.html@doing_wp_cron=1668671749.5767788887023925781250&paged=4
 create mode 100644 sonic-movie.jp/sonic-movie/page/6/index.html@doing_wp_cron=1668671749.5767788887023925781250&paged=5
 create mode 100644 sonic-movie.jp/sonic-movie/page/6/index.html@doing_wp_cron=1668671749.5767788887023925781250&paged=7
 create mode 100644 sonic-movie.jp/sonic-movie/page/6/index.html@doing_wp_cron=1668671749.5767788887023925781250&paged=8
 create mode 100644 sonic-movie.jp/sonic-movie/page/6/index.html@doing_wp_cron=1668671749.5767788887023925781250&paged=9
 create mode 100644 sonic-movie.jp/sonic-movie/page/7/index.html@doing_wp_cron=1668671749.5767788887023925781250&paged=1
 create mode 100644 sonic-movie.jp/sonic-movie/page/7/index.html@doing_wp_cron=1668671749.5767788887023925781250&paged=10
 create mode 100644 sonic-movie.jp/sonic-movie/page/7/index.html@doing_wp_cron=1668671749.5767788887023925781250&paged=11
 create mode 100644 sonic-movie.jp/sonic-movie/page/7/index.html@doing_wp_cron=1668671749.5767788887023925781250&paged=12
 create mode 100644 sonic-movie.jp/sonic-movie/page/7/index.html@doing_wp_cron=1668671749.5767788887023925781250&paged=13
 create mode 100644 sonic-movie.jp/sonic-movie/page/7/index.html@doing_wp_cron=1668671749.5767788887023925781250&paged=2
 create mode 100644 sonic-movie.jp/sonic-movie/page/7/index.html@doing_wp_cron=1668671749.5767788887023925781250&paged=3
 create mode 100644 sonic-movie.jp/sonic-movie/page/7/index.html@doing_wp_cron=1668671749.5767788887023925781250&paged=4
 create mode 100644 sonic-movie.jp/sonic-movie/page/7/index.html@doing_wp_cron=1668671749.5767788887023925781250&paged=5
 create mode 100644 sonic-movie.jp/sonic-movie/page/7/index.html@doing_wp_cron=1668671749.5767788887023925781250&paged=6
 create mode 100644 sonic-movie.jp/sonic-movie/page/7/index.html@doing_wp_cron=1668671749.5767788887023925781250&paged=8
 create mode 100644 sonic-movie.jp/sonic-movie/page/7/index.html@doing_wp_cron=1668671749.5767788887023925781250&paged=9
 create mode 100644 sonic-movie.jp/sonic-movie/page/8/index.html@doing_wp_cron=1668671749.5767788887023925781250&paged=1
 create mode 100644 sonic-movie.jp/sonic-movie/page/8/index.html@doing_wp_cron=1668671749.5767788887023925781250&paged=10
 create mode 100644 sonic-movie.jp/sonic-movie/page/8/index.html@doing_wp_cron=1668671749.5767788887023925781250&paged=11
 create mode 100644 sonic-movie.jp/sonic-movie/page/8/index.html@doing_wp_cron=1668671749.5767788887023925781250&paged=12
 create mode 100644 sonic-movie.jp/sonic-movie/page/8/index.html@doing_wp_cron=1668671749.5767788887023925781250&paged=13
 create mode 100644 sonic-movie.jp/sonic-movie/page/8/index.html@doing_wp_cron=1668671749.5767788887023925781250&paged=3
 create mode 100644 sonic-movie.jp/sonic-movie/page/8/index.html@doing_wp_cron=1668671749.5767788887023925781250&paged=4
 create mode 100644 sonic-movie.jp/sonic-movie/page/8/index.html@doing_wp_cron=1668671749.5767788887023925781250&paged=5
 create mode 100644 sonic-movie.jp/sonic-movie/page/8/index.html@doing_wp_cron=1668671749.5767788887023925781250&paged=6
 create mode 100644 sonic-movie.jp/sonic-movie/page/8/index.html@doing_wp_cron=1668671749.5767788887023925781250&paged=7
 create mode 100644 sonic-movie.jp/sonic-movie/page/8/index.html@doing_wp_cron=1668671749.5767788887023925781250&paged=9
 create mode 100644 sonic-movie.jp/sonic-movie/page/9/index.html@doing_wp_cron=1668671749.5767788887023925781250&paged=1
 create mode 100644 sonic-movie.jp/sonic-movie/page/9/index.html@doing_wp_cron=1668671749.5767788887023925781250&paged=10
 create mode 100644 sonic-movie.jp/sonic-movie/page/9/index.html@doing_wp_cron=1668671749.5767788887023925781250&paged=11
 create mode 100644 sonic-movie.jp/sonic-movie/page/9/index.html@doing_wp_cron=1668671749.5767788887023925781250&paged=12
 create mode 100644 sonic-movie.jp/sonic-movie/page/9/index.html@doing_wp_cron=1668671749.5767788887023925781250&paged=13
 create mode 100644 sonic-movie.jp/sonic-movie/page/9/index.html@doing_wp_cron=1668671749.5767788887023925781250&paged=4
 create mode 100644 sonic-movie.jp/sonic-movie/page/9/index.html@doing_wp_cron=1668671749.5767788887023925781250&paged=5
 create mode 100644 sonic-movie.jp/sonic-movie/page/9/index.html@doing_wp_cron=1668671749.5767788887023925781250&paged=6
 create mode 100644 sonic-movie.jp/sonic-movie/page/9/index.html@doing_wp_cron=1668671749.5767788887023925781250&paged=7
 create mode 100644 sonic-movie.jp/sonic-movie/page/9/index.html@doing_wp_cron=1668671749.5767788887023925781250&paged=8
 rewrite www.nintendo.co.jp/3ds/acmj/game_list/list/list3_06.html (78%)
 rewrite www.nintendo.co.jp/wii/siij/common/img/fmenu03_f2.jpg (100%)
