Already up to date.
Deleted file - D:\GitHub\SonicChannelTrack\www.olympicvideogames.com\sonic\br.1
Deleted file - D:\GitHub\SonicChannelTrack\www.olympicvideogames.com\sonic\cn.1
Deleted file - D:\GitHub\SonicChannelTrack\www.olympicvideogames.com\sonic\de.1
Deleted file - D:\GitHub\SonicChannelTrack\www.olympicvideogames.com\sonic\en.1
Deleted file - D:\GitHub\SonicChannelTrack\www.olympicvideogames.com\sonic\es.1
Deleted file - D:\GitHub\SonicChannelTrack\www.olympicvideogames.com\sonic\fr.1
Deleted file - D:\GitHub\SonicChannelTrack\www.olympicvideogames.com\sonic\it.1
Deleted file - D:\GitHub\SonicChannelTrack\www.olympicvideogames.com\sonic\jp.1
Deleted file - D:\GitHub\SonicChannelTrack\www.olympicvideogames.com\sonic\kr.1
Deleted file - D:\GitHub\SonicChannelTrack\www.olympicvideogames.com\sonic\nl.1
Deleted file - D:\GitHub\SonicChannelTrack\www.olympicvideogames.com\sonic\ru.1
Deleted file - D:\GitHub\SonicChannelTrack\www.olympicvideogames.com\sonic\zh.1
Deleted file - D:\GitHub\SonicChannelTrack\sonic-movie.jp\news.1
Deleted file - D:\GitHub\SonicChannelTrack\sonic-movie.jp\news\wp-includes\js\jquery\jquery-migrate.min.js@ver=3.4.1
Deleted file - D:\GitHub\SonicChannelTrack\sonic-movie.jp\news\wp-includes\js\jquery\jquery.min.js@ver=3.7.1
Deleted file - D:\GitHub\SonicChannelTrack\sonicteam.com\SonicWorldAdventure\director.1
Deleted file - D:\GitHub\SonicChannelTrack\sonicteam.com\SonicWorldAdventure\hamidashi.1
[main e1874745289] files from 2025-05-26, 14:57:07
 197 files changed, 1318 insertions(+), 1295 deletions(-)
 create mode 100644 log/KrazeeTobi-2025-05-26_084401.log
 create mode 100644 sonic.sega.jp/SonicChannel/assets_c/2025/03/wallpaper_244_silver_19_pc_thm-thumb-400x400-15606.jpg
 create mode 100644 sonic.sega.jp/SonicChannel/assets_c/2025/03/wallpaper_244_silver_19_sp_thm-thumb-400x400-15603.jpg
 create mode 100644 sonic.sega.jp/SonicChannel/assets_c/2025/04/wallpaper_245_amy_20_pc_thm-thumb-400x400-15903.jpg
 create mode 100644 sonic.sega.jp/SonicChannel/assets_c/2025/04/wallpaper_245_amy_20_sp_thm-thumb-400x400-15904.jpg
 create mode 100644 sonic.sega.jp/SonicChannel/assets_c/2025/04/wallpaper_246_vector_07_pc_thm-thumb-400x400-15952.jpg
 create mode 100644 sonic.sega.jp/SonicChannel/assets_c/2025/04/wallpaper_246_vector_07_sp_thm-thumb-400x400-15950.jpg
