Already up to date.
[main 22164931a] files from 2022-08-19, 12:37:38
 204 files changed, 2697 insertions(+), 1212 deletions(-)
 create mode 100644 log/KrazeeTobi-2022-08-19_082706.log
 rewrite sonic-movie.jp/images/date.png (93%)
 create mode 100644 sonic-movie.jp/news/2022/08/19/sonic_0819_01/feed/index.html
 create mode 100644 sonic-movie.jp/news/2022/08/19/sonic_0819_01/index.html
 create mode 100644 sonic-movie.jp/news/index.html@p=932
 create mode 100644 sonic-movie.jp/news/wp-content/uploads/sites/81/2022/08/01-2-300x200.jpg
 create mode 100644 sonic-movie.jp/news/wp-content/uploads/sites/81/2022/08/01-2-768x512.jpg
 create mode 100644 sonic-movie.jp/news/wp-content/uploads/sites/81/2022/08/01-2.jpg
 create mode 100644 sonic-movie.jp/news/wp-content/uploads/sites/81/2022/08/02-2-300x200.jpg
 create mode 100644 sonic-movie.jp/news/wp-content/uploads/sites/81/2022/08/02-2-768x512.jpg
 create mode 100644 sonic-movie.jp/news/wp-content/uploads/sites/81/2022/08/02-2.jpg
 create mode 100644 sonic-movie.jp/news/wp-content/uploads/sites/81/2022/08/04-1-300x200.jpg
 create mode 100644 sonic-movie.jp/news/wp-content/uploads/sites/81/2022/08/04-1-768x512.jpg
 create mode 100644 sonic-movie.jp/news/wp-content/uploads/sites/81/2022/08/04-1.jpg
 create mode 100644 sonic-movie.jp/news/wp-content/uploads/sites/81/2022/08/05-300x200.jpg
 create mode 100644 sonic-movie.jp/news/wp-content/uploads/sites/81/2022/08/05-768x512.jpg
 create mode 100644 sonic-movie.jp/news/wp-content/uploads/sites/81/2022/08/05.jpg
 create mode 100644 sonic-movie.jp/news/wp-content/uploads/sites/81/2022/08/06-300x200.jpg
 create mode 100644 sonic-movie.jp/news/wp-content/uploads/sites/81/2022/08/06-768x512.jpg
 create mode 100644 sonic-movie.jp/news/wp-content/uploads/sites/81/2022/08/06.jpg
 create mode 100644 sonic-movie.jp/news/wp-content/uploads/sites/81/2022/08/07-300x200.jpg
 create mode 100644 sonic-movie.jp/news/wp-content/uploads/sites/81/2022/08/07-768x512.jpg
 create mode 100644 sonic-movie.jp/news/wp-content/uploads/sites/81/2022/08/07.jpg
 create mode 100644 sonic-movie.jp/news/wp-content/uploads/sites/81/2022/08/08-300x200.jpg
 create mode 100644 sonic-movie.jp/news/wp-content/uploads/sites/81/2022/08/08-768x512.jpg
 create mode 100644 sonic-movie.jp/news/wp-content/uploads/sites/81/2022/08/08.jpg
 create mode 100644 sonic-movie.jp/news/wp-content/uploads/sites/81/2022/08/09-300x200.jpg
 create mode 100644 sonic-movie.jp/news/wp-content/uploads/sites/81/2022/08/09-768x512.jpg
 create mode 100644 sonic-movie.jp/news/wp-content/uploads/sites/81/2022/08/09.jpg
 create mode 100644 sonic-movie.jp/news/wp-content/uploads/sites/81/2022/08/10-300x261.jpg
 create mode 100644 sonic-movie.jp/news/wp-content/uploads/sites/81/2022/08/10-768x668.jpg
 create mode 100644 sonic-movie.jp/news/wp-content/uploads/sites/81/2022/08/10.jpg
 create mode 100644 sonic-movie.jp/news/wp-json/oembed/1.0/embed@url=https%3A%2F%2Fnews.eigafan.com%2Fsonic-movie%2F2022%2F08%2F19%2Fsonic_0819_01%2F
 create mode 100644 sonic-movie.jp/news/wp-json/oembed/1.0/embed@url=https%3A%2F%2Fnews.eigafan.com%2Fsonic-movie%2F2022%2F08%2F19%2Fsonic_0819_01%2F&format=xml
 create mode 100644 sonic.sega.jp/SonicChannel/special/staffcolumn/fujiki.17
 create mode 100644 sonic.sega.jp/SonicChannel/special/staffcolumn/fujiki.18
 create mode 100644 sonic.sega.jp/SonicChannel/special/staffcolumn/toyoda.19
 create mode 100644 sonic.sega.jp/SonicChannel/special/staffcolumn/toyoda.20
