Already up to date.
[main 5762d46d9] files from 2022-06-23, 10:43:07
 52 files changed, 2213 insertions(+), 1763 deletions(-)
 create mode 100644 log/KrazeeTobi-2022-06-22_223526.log
 create mode 100644 log/KrazeeTobi-2022-06-23_065059.log
 create mode 100644 sonic.sega.jp/SonicChannel/assets_c/2022/06/goods_211623_01_eye-thumb-640xauto-4647.jpg
 create mode 100644 sonic.sega.jp/SonicChannel/topics/goods/20220623_002924/index.html
 create mode 100644 sonic.sega.jp/SonicChannel/topics/image/goods_211623_01_01.jpg
 create mode 100644 sonic.sega.jp/SonicChannel/topics/image/goods_211623_01_02.jpg
 create mode 100644 sonic.sega.jp/SonicChannel/topics/image/goods_211623_01_03.jpg
 create mode 100644 sonic.sega.jp/SonicChannel/topics/image/goods_211623_01_04.jpg
 create mode 100644 sonic.sega.jp/SonicChannel/topics/image/goods_211623_01_05.jpg
 create mode 100644 sonic.sega.jp/SonicChannel/topics/image/goods_211623_01_06.jpg
 create mode 100644 sonic.sega.jp/SonicChannel/topics/image/goods_211623_01_07.jpg
 create mode 100644 sonic.sega.jp/SonicChannel/topics/image/goods_211623_01_eye.jpg
 create mode 100644 sonic.sega.jp/SonicOrigins/css/common.css@03
 rewrite sonic.sega.jp/SonicOrigins/images/about/about-titlebg-sonic.jpg (96%)
 rewrite sonic.sega.jp/SonicOrigins/images/about/about-titlebg-sonic2.jpg (96%)
 rewrite sonic.sega.jp/SonicOrigins/images/about/about-titlebg-sonic3.jpg (96%)
 rewrite sonic.sega.jp/SonicOrigins/images/about/about-titlebg-soniccd.jpg (96%)
