Already up to date.
[main 212f1a8b7] files from 2022-06-22,  6:59:44
 101 files changed, 25303 insertions(+), 1653 deletions(-)
 create mode 100644 log/KrazeeTobi-2022-06-22_030124.log
 create mode 100644 sonic-movie.jp/sonic-movie/index.html@doing_wp_cron=1655876602.9089961051940917968750&paged=2
 create mode 100644 sonic-movie.jp/sonic-movie/index.html@doing_wp_cron=1655876602.9089961051940917968750&paged=3
 create mode 100644 sonic-movie.jp/sonic-movie/index.html@doing_wp_cron=1655876602.9089961051940917968750&paged=4
 create mode 100644 sonic-movie.jp/sonic-movie/index.html@doing_wp_cron=1655876602.9089961051940917968750&paged=5
 create mode 100644 sonic-movie.jp/sonic-movie/index.html@doing_wp_cron=1655876602.9089961051940917968750&paged=6
 create mode 100644 sonic-movie.jp/sonic-movie/index.html@doing_wp_cron=1655876602.9089961051940917968750&paged=9
 create mode 100644 sonic-movie.jp/sonic-movie/page/2/index.html@doing_wp_cron=1655876602.9089961051940917968750&paged=1
 create mode 100644 sonic-movie.jp/sonic-movie/page/2/index.html@doing_wp_cron=1655876602.9089961051940917968750&paged=3
 create mode 100644 sonic-movie.jp/sonic-movie/page/2/index.html@doing_wp_cron=1655876602.9089961051940917968750&paged=4
 create mode 100644 sonic-movie.jp/sonic-movie/page/2/index.html@doing_wp_cron=1655876602.9089961051940917968750&paged=5
 create mode 100644 sonic-movie.jp/sonic-movie/page/2/index.html@doing_wp_cron=1655876602.9089961051940917968750&paged=6
 create mode 100644 sonic-movie.jp/sonic-movie/page/2/index.html@doing_wp_cron=1655876602.9089961051940917968750&paged=7
 create mode 100644 sonic-movie.jp/sonic-movie/page/2/index.html@doing_wp_cron=1655876602.9089961051940917968750&paged=9
 create mode 100644 sonic-movie.jp/sonic-movie/page/3/index.html@doing_wp_cron=1655876602.9089961051940917968750&paged=1
 create mode 100644 sonic-movie.jp/sonic-movie/page/3/index.html@doing_wp_cron=1655876602.9089961051940917968750&paged=2
 create mode 100644 sonic-movie.jp/sonic-movie/page/3/index.html@doing_wp_cron=1655876602.9089961051940917968750&paged=4
 create mode 100644 sonic-movie.jp/sonic-movie/page/3/index.html@doing_wp_cron=1655876602.9089961051940917968750&paged=5
 create mode 100644 sonic-movie.jp/sonic-movie/page/3/index.html@doing_wp_cron=1655876602.9089961051940917968750&paged=6
 create mode 100644 sonic-movie.jp/sonic-movie/page/3/index.html@doing_wp_cron=1655876602.9089961051940917968750&paged=7
 create mode 100644 sonic-movie.jp/sonic-movie/page/3/index.html@doing_wp_cron=1655876602.9089961051940917968750&paged=8
 create mode 100644 sonic-movie.jp/sonic-movie/page/3/index.html@doing_wp_cron=1655876602.9089961051940917968750&paged=9
 create mode 100644 sonic-movie.jp/sonic-movie/page/4/index.html@doing_wp_cron=1655876602.9089961051940917968750&paged=1
 create mode 100644 sonic-movie.jp/sonic-movie/page/4/index.html@doing_wp_cron=1655876602.9089961051940917968750&paged=2
 create mode 100644 sonic-movie.jp/sonic-movie/page/4/index.html@doing_wp_cron=1655876602.9089961051940917968750&paged=3
 create mode 100644 sonic-movie.jp/sonic-movie/page/4/index.html@doing_wp_cron=1655876602.9089961051940917968750&paged=5
 create mode 100644 sonic-movie.jp/sonic-movie/page/4/index.html@doing_wp_cron=1655876602.9089961051940917968750&paged=6
 create mode 100644 sonic-movie.jp/sonic-movie/page/4/index.html@doing_wp_cron=1655876602.9089961051940917968750&paged=7
 create mode 100644 sonic-movie.jp/sonic-movie/page/4/index.html@doing_wp_cron=1655876602.9089961051940917968750&paged=8
 create mode 100644 sonic-movie.jp/sonic-movie/page/4/index.html@doing_wp_cron=1655876602.9089961051940917968750&paged=9
 create mode 100644 sonic-movie.jp/sonic-movie/page/5/index.html@doing_wp_cron=1655876602.9089961051940917968750&paged=1
 create mode 100644 sonic-movie.jp/sonic-movie/page/5/index.html@doing_wp_cron=1655876602.9089961051940917968750&paged=2
 create mode 100644 sonic-movie.jp/sonic-movie/page/5/index.html@doing_wp_cron=1655876602.9089961051940917968750&paged=3
 create mode 100644 sonic-movie.jp/sonic-movie/page/5/index.html@doing_wp_cron=1655876602.9089961051940917968750&paged=4
 create mode 100644 sonic-movie.jp/sonic-movie/page/5/index.html@doing_wp_cron=1655876602.9089961051940917968750&paged=6
 create mode 100644 sonic-movie.jp/sonic-movie/page/5/index.html@doing_wp_cron=1655876602.9089961051940917968750&paged=7
 create mode 100644 sonic-movie.jp/sonic-movie/page/5/index.html@doing_wp_cron=1655876602.9089961051940917968750&paged=8
 create mode 100644 sonic-movie.jp/sonic-movie/page/5/index.html@doing_wp_cron=1655876602.9089961051940917968750&paged=9
 create mode 100644 sonic-movie.jp/sonic-movie/page/6/index.html@doing_wp_cron=1655876602.9089961051940917968750&paged=1
 create mode 100644 sonic-movie.jp/sonic-movie/page/6/index.html@doing_wp_cron=1655876602.9089961051940917968750&paged=2
 create mode 100644 sonic-movie.jp/sonic-movie/page/6/index.html@doing_wp_cron=1655876602.9089961051940917968750&paged=3
 create mode 100644 sonic-movie.jp/sonic-movie/page/6/index.html@doing_wp_cron=1655876602.9089961051940917968750&paged=4
 create mode 100644 sonic-movie.jp/sonic-movie/page/6/index.html@doing_wp_cron=1655876602.9089961051940917968750&paged=5
 create mode 100644 sonic-movie.jp/sonic-movie/page/6/index.html@doing_wp_cron=1655876602.9089961051940917968750&paged=7
 create mode 100644 sonic-movie.jp/sonic-movie/page/6/index.html@doing_wp_cron=1655876602.9089961051940917968750&paged=8
 create mode 100644 sonic-movie.jp/sonic-movie/page/6/index.html@doing_wp_cron=1655876602.9089961051940917968750&paged=9
 create mode 100644 sonic-movie.jp/sonic-movie/page/7/index.html@doing_wp_cron=1655876602.9089961051940917968750&paged=1
 create mode 100644 sonic-movie.jp/sonic-movie/page/7/index.html@doing_wp_cron=1655876602.9089961051940917968750&paged=2
 create mode 100644 sonic-movie.jp/sonic-movie/page/7/index.html@doing_wp_cron=1655876602.9089961051940917968750&paged=3
 create mode 100644 sonic-movie.jp/sonic-movie/page/7/index.html@doing_wp_cron=1655876602.9089961051940917968750&paged=4
 create mode 100644 sonic-movie.jp/sonic-movie/page/7/index.html@doing_wp_cron=1655876602.9089961051940917968750&paged=5
 create mode 100644 sonic-movie.jp/sonic-movie/page/7/index.html@doing_wp_cron=1655876602.9089961051940917968750&paged=6
 create mode 100644 sonic-movie.jp/sonic-movie/page/7/index.html@doing_wp_cron=1655876602.9089961051940917968750&paged=8
 create mode 100644 sonic-movie.jp/sonic-movie/page/7/index.html@doing_wp_cron=1655876602.9089961051940917968750&paged=9
 create mode 100644 sonic-movie.jp/sonic-movie/page/8/index.html@doing_wp_cron=1655876602.9089961051940917968750&paged=1
 create mode 100644 sonic-movie.jp/sonic-movie/page/8/index.html@doing_wp_cron=1655876602.9089961051940917968750&paged=3
 create mode 100644 sonic-movie.jp/sonic-movie/page/8/index.html@doing_wp_cron=1655876602.9089961051940917968750&paged=4
 create mode 100644 sonic-movie.jp/sonic-movie/page/8/index.html@doing_wp_cron=1655876602.9089961051940917968750&paged=5
 create mode 100644 sonic-movie.jp/sonic-movie/page/8/index.html@doing_wp_cron=1655876602.9089961051940917968750&paged=6
 create mode 100644 sonic-movie.jp/sonic-movie/page/8/index.html@doing_wp_cron=1655876602.9089961051940917968750&paged=7
 create mode 100644 sonic-movie.jp/sonic-movie/page/8/index.html@doing_wp_cron=1655876602.9089961051940917968750&paged=9
 create mode 100644 sonic-movie.jp/sonic-movie/page/9/index.html@doing_wp_cron=1655876602.9089961051940917968750&paged=1
 create mode 100644 sonic-movie.jp/sonic-movie/page/9/index.html@doing_wp_cron=1655876602.9089961051940917968750&paged=4
 create mode 100644 sonic-movie.jp/sonic-movie/page/9/index.html@doing_wp_cron=1655876602.9089961051940917968750&paged=5
 create mode 100644 sonic-movie.jp/sonic-movie/page/9/index.html@doing_wp_cron=1655876602.9089961051940917968750&paged=6
 create mode 100644 sonic-movie.jp/sonic-movie/page/9/index.html@doing_wp_cron=1655876602.9089961051940917968750&paged=7
 create mode 100644 sonic-movie.jp/sonic-movie/page/9/index.html@doing_wp_cron=1655876602.9089961051940917968750&paged=8
 create mode 100644 sonic.sega.jp/SonicChannel/assets_c/2022/05/goods_220525_01_eye-thumb-640xauto-4622.jpg
 create mode 100644 sonic.sega.jp/SonicChannel/special/sns/akachochin.8
 create mode 100644 sonic.sega.jp/SonicChannel/topics/goods/20220622_002902/index.html
 create mode 100644 sonic.sega.jp/SonicChannel/topics/image/goods_220525_01_01.jpg
 create mode 100644 sonic.sega.jp/SonicChannel/topics/image/goods_220525_01_02.jpg
 create mode 100644 sonic.sega.jp/SonicChannel/topics/image/goods_220525_01_eye.jpg
