Already up to date.
[main e7420fdd6f] files from 2022-12-30, 12:59:38
 80 files changed, 1721 insertions(+), 2393 deletions(-)
 create mode 100644 log/KrazeeTobi-2022-12-30_084720.log
 create mode 100644 sonic.sega.jp/SonicChannel/assets_c/2022/12/staffcolumn_221230_01_eye-thumb-640xauto-4986.jpg
 rewrite sonic.sega.jp/SonicChannel/common/css/style.css (98%)
 create mode 100644 sonic.sega.jp/SonicChannel/special/image/staffcolumn_221230_01_01.png
 create mode 100644 sonic.sega.jp/SonicChannel/special/image/staffcolumn_221230_01_02.png
 create mode 100644 sonic.sega.jp/SonicChannel/special/image/staffcolumn_221230_01_03.png
 create mode 100644 sonic.sega.jp/SonicChannel/special/image/staffcolumn_221230_01_04.png
 create mode 100644 sonic.sega.jp/SonicChannel/special/image/staffcolumn_221230_01_05.jpg
 create mode 100644 sonic.sega.jp/SonicChannel/special/image/staffcolumn_221230_01_06.jpg
 create mode 100644 sonic.sega.jp/SonicChannel/special/image/staffcolumn_221230_01_07.jpg
 create mode 100644 sonic.sega.jp/SonicChannel/special/image/staffcolumn_221230_01_08.jpg
 create mode 100644 sonic.sega.jp/SonicChannel/special/image/staffcolumn_221230_01_09.jpg
 create mode 100644 sonic.sega.jp/SonicChannel/special/image/staffcolumn_221230_01_10.jpg
 create mode 100644 sonic.sega.jp/SonicChannel/special/image/staffcolumn_221230_01_11.jpg
 create mode 100644 sonic.sega.jp/SonicChannel/special/image/staffcolumn_221230_01_12.jpg
 create mode 100644 sonic.sega.jp/SonicChannel/special/image/staffcolumn_221230_01_13.jpg
 create mode 100644 sonic.sega.jp/SonicChannel/special/image/staffcolumn_221230_01_14.jpg
 create mode 100644 sonic.sega.jp/SonicChannel/special/image/staffcolumn_221230_01_eye.jpg
 create mode 100644 sonic.sega.jp/SonicChannel/special/staffcolumn/toyoda/20221230_003114/index.html
