Already up to date.
[main ffb2e18ac] files from 2022-09-16, 11:59:02
 79 files changed, 1356 insertions(+), 13552 deletions(-)
 delete mode 100644 archives/toyshow/toynes/2012.bat
 create mode 100644 archives/toyshow/toynes/2013/August/1/robots.txt
 create mode 100644 archives/toyshow/toynes/2013/August/11/robots.txt
 create mode 100644 archives/toyshow/toynes/2013/August/13/robots.txt
 create mode 100644 archives/toyshow/toynes/2013/August/14/robots.txt
 create mode 100644 archives/toyshow/toynes/2013/August/15/robots.txt
 create mode 100644 archives/toyshow/toynes/2013/August/16/robots.txt
 create mode 100644 archives/toyshow/toynes/2013/August/18/robots.txt
 create mode 100644 archives/toyshow/toynes/2013/August/19/robots.txt
 create mode 100644 archives/toyshow/toynes/2013/August/20/robots.txt
 create mode 100644 archives/toyshow/toynes/2013/August/21/robots.txt
 create mode 100644 archives/toyshow/toynes/2013/August/22/robots.txt
 create mode 100644 archives/toyshow/toynes/2013/August/23/robots.txt
 create mode 100644 archives/toyshow/toynes/2013/August/24/robots.txt
 create mode 100644 archives/toyshow/toynes/2013/August/26/robots.txt
 create mode 100644 archives/toyshow/toynes/2013/July/12/robots.txt
 create mode 100644 archives/toyshow/toynes/2013/July/13/robots.txt
 create mode 100644 archives/toyshow/toynes/2013/July/15/robots.txt
 create mode 100644 archives/toyshow/toynes/2013/July/19/robots.txt
 create mode 100644 archives/toyshow/toynes/2013/July/22/robots.txt
 create mode 100644 archives/toyshow/toynes/2013/July/23/robots.txt
 create mode 100644 archives/toyshow/toynes/2013/July/29/robots.txt
 delete mode 100644 archives/toyshow/toynes/2014.bat
 create mode 100644 log/KrazeeTobi-2022-09-16_083141.log
 create mode 100644 sonic.sega.jp/SonicChannel/special/staffcolumn/ryu.20
 create mode 100644 sonic.sega.jp/SonicChannel/special/staffcolumn/ryu.21
 delete mode 100644 sonicteam.com/SonicWorldAdventure/director.1
 delete mode 100644 sonicteam.com/SonicWorldAdventure/director.10
 delete mode 100644 sonicteam.com/SonicWorldAdventure/director.11
 delete mode 100644 sonicteam.com/SonicWorldAdventure/director.12
 delete mode 100644 sonicteam.com/SonicWorldAdventure/director.13
 delete mode 100644 sonicteam.com/SonicWorldAdventure/director.14
 delete mode 100644 sonicteam.com/SonicWorldAdventure/director.2
 delete mode 100644 sonicteam.com/SonicWorldAdventure/director.3
 delete mode 100644 sonicteam.com/SonicWorldAdventure/director.4
 delete mode 100644 sonicteam.com/SonicWorldAdventure/director.5
 delete mode 100644 sonicteam.com/SonicWorldAdventure/director.6
 delete mode 100644 sonicteam.com/SonicWorldAdventure/director.7
 delete mode 100644 sonicteam.com/SonicWorldAdventure/director.8
 delete mode 100644 sonicteam.com/SonicWorldAdventure/director.9
 delete mode 100644 sonicteam.com/SonicWorldAdventure/hamidashi.1
 delete mode 100644 sonicteam.com/SonicWorldAdventure/hamidashi.10
 delete mode 100644 sonicteam.com/SonicWorldAdventure/hamidashi.11
 delete mode 100644 sonicteam.com/SonicWorldAdventure/hamidashi.12
 delete mode 100644 sonicteam.com/SonicWorldAdventure/hamidashi.13
 delete mode 100644 sonicteam.com/SonicWorldAdventure/hamidashi.14
 delete mode 100644 sonicteam.com/SonicWorldAdventure/hamidashi.2
 delete mode 100644 sonicteam.com/SonicWorldAdventure/hamidashi.3
 delete mode 100644 sonicteam.com/SonicWorldAdventure/hamidashi.4
 delete mode 100644 sonicteam.com/SonicWorldAdventure/hamidashi.5
 delete mode 100644 sonicteam.com/SonicWorldAdventure/hamidashi.6
 delete mode 100644 sonicteam.com/SonicWorldAdventure/hamidashi.7
 delete mode 100644 sonicteam.com/SonicWorldAdventure/hamidashi.8
 delete mode 100644 sonicteam.com/SonicWorldAdventure/hamidashi.9
 rewrite www.nintendo.co.jp/3ds/acmj/epsode/images/ep_canime10000.jpg (99%)
 rewrite www.nintendo.co.jp/3ds/bgxj/mii/images/marathon_btn01.png (99%)
 rewrite www.nintendo.co.jp/3ds/bgxj/story/images/story_mario_chara01.png (98%)
 rewrite www.nintendo.co.jp/mario_and_sonic2010/wii/images/softdetail_base.jpg (99%)
 rewrite www.nintendo.co.jp/wii/siij/olympic/img/badminton.png (98%)
 rewrite www.nintendo.co.jp/wii/siij/olympic/movie/movie15.html@TB_iframe=true&width=960&height=630 (97%)
 rewrite www.nintendo.co.jp/wiiu/aurj/index.html (79%)
