Already up to date.
Deleted file - D:\GitHub\SonicChannelTrack\www.olympicvideogames.com\sonic\br.1
Deleted file - D:\GitHub\SonicChannelTrack\www.olympicvideogames.com\sonic\cn.1
Deleted file - D:\GitHub\SonicChannelTrack\www.olympicvideogames.com\sonic\de.1
Deleted file - D:\GitHub\SonicChannelTrack\www.olympicvideogames.com\sonic\en.1
Deleted file - D:\GitHub\SonicChannelTrack\www.olympicvideogames.com\sonic\es.1
Deleted file - D:\GitHub\SonicChannelTrack\www.olympicvideogames.com\sonic\fr.1
Deleted file - D:\GitHub\SonicChannelTrack\www.olympicvideogames.com\sonic\it.1
Deleted file - D:\GitHub\SonicChannelTrack\www.olympicvideogames.com\sonic\jp.1
Deleted file - D:\GitHub\SonicChannelTrack\www.olympicvideogames.com\sonic\kr.1
Deleted file - D:\GitHub\SonicChannelTrack\www.olympicvideogames.com\sonic\nl.1
Deleted file - D:\GitHub\SonicChannelTrack\www.olympicvideogames.com\sonic\ru.1
Deleted file - D:\GitHub\SonicChannelTrack\www.olympicvideogames.com\sonic\zh.1
Deleted file - D:\GitHub\SonicChannelTrack\sonic-movie.jp\news.1
Deleted file - D:\GitHub\SonicChannelTrack\sonic-movie.jp\news\wp-includes\js\jquery\jquery-migrate.min.js@ver=3.4.1
Deleted file - D:\GitHub\SonicChannelTrack\sonic-movie.jp\news\wp-includes\js\jquery\jquery.min.js@ver=3.7.1
Deleted file - D:\GitHub\SonicChannelTrack\sonicteam.com\SonicWorldAdventure\director.1
Deleted file - D:\GitHub\SonicChannelTrack\sonicteam.com\SonicWorldAdventure\hamidashi.1
[main 180b80f108a] files from 2025-06-25,  3:53:24
 230 files changed, 4048 insertions(+), 2952 deletions(-)
 create mode 100644 log/KrazeeTobi-2025-06-24_090128.log
 create mode 100644 log/KrazeeTobi-2025-06-24_100743.log
 create mode 100644 log/KrazeeTobi-2025-06-24_201554.log
 create mode 100644 sonic.sega.jp/SonicChannel/assets_c/2025/06/calendar_2507_thm-thumb-220x220-16398.jpg
 create mode 100644 sonic.sega.jp/SonicChannel/assets_c/2025/06/collabo_250620_01_ogp-thumb-640xauto-16395.jpg
 create mode 100644 sonic.sega.jp/SonicChannel/assets_c/2025/06/sonicpict_250623_01_ogp-thumb-640xauto-16397.jpg
 create mode 100644 sonic.sega.jp/SonicChannel/character/mephiles.html
 create mode 100644 sonic.sega.jp/SonicChannel/special/sidestory/sonicpict/20250623_008970/index.html
 create mode 100644 sonic.sega.jp/SonicChannel/topics/collaboration/20250624_008968/index.html
 create mode 100644 sonic.sega.jp/SonicChannel/upload_images/calendar_2507.pdf
 create mode 100644 sonic.sega.jp/SonicChannel/upload_images/character-mephiles.jpg
 create mode 100644 sonic.sega.jp/SonicChannel/upload_images/collabo_250620_01_ogp.jpg
 create mode 100644 sonic.sega.jp/SonicChannel/upload_images/sonicpict_250623_01_ogp.jpg
 create mode 100644 sonic.sega.jp/sonic.sega.jp/SonicChannel/upload_images/calendar_2507.pdf
 create mode 100644 sonic.sega.jp/sonic.sega.jp/SonicChannel/upload_images/calendar_2507_thm.jpg
 create mode 100644 sonic.sega.jp/sonic.sega.jp/SonicChannel/upload_images/collabo_250620_01_01.jpg
 create mode 100644 sonic.sega.jp/sonic.sega.jp/SonicChannel/upload_images/collabo_250620_01_02.jpg
 create mode 100644 sonic.sega.jp/sonic.sega.jp/SonicChannel/upload_images/collabo_250620_01_03.jpg
 create mode 100644 sonic.sega.jp/sonic.sega.jp/SonicChannel/upload_images/collabo_250620_01_04.jpg
 create mode 100644 sonic.sega.jp/sonic.sega.jp/SonicChannel/upload_images/sonicpict_250623_01_01.jpg
