Already up to date.
Deleted file - D:\GitHub\SonicChannelTrack\sonic.sega.jp\sonicchannel\about.1
Deleted file - D:\GitHub\SonicChannelTrack\sonic.sega.jp\sonicchannel\character.1
Deleted file - D:\GitHub\SonicChannelTrack\sonic.sega.jp\sonicchannel\fangallery.1
Deleted file - D:\GitHub\SonicChannelTrack\sonic.sega.jp\sonicchannel\special.1
Deleted file - D:\GitHub\SonicChannelTrack\sonic.sega.jp\sonicchannel\fangallery\apply.1
Deleted file - D:\GitHub\SonicChannelTrack\sonic.sega.jp\sonicchannel\fangallery\fanart.1
Deleted file - D:\GitHub\SonicChannelTrack\sonic.sega.jp\sonicchannel\fangallery\screenshot.1
Deleted file - D:\GitHub\SonicChannelTrack\sonic.sega.jp\sonicchannel\special\sidestory.1
Deleted file - D:\GitHub\SonicChannelTrack\sonic.sega.jp\sonicchannel\special\sns.1
Deleted file - D:\GitHub\SonicChannelTrack\sonic.sega.jp\sonicchannel\special\staffcolumn.1
Deleted file - D:\GitHub\SonicChannelTrack\sonic.sega.jp\sonicchannel\special\gamecontents\soniccolors.1
Deleted file - D:\GitHub\SonicChannelTrack\sonic.sega.jp\sonicchannel\special\gamecontents\sonicforces.1
Deleted file - D:\GitHub\SonicChannelTrack\sonic.sega.jp\sonicchannel\special\gamecontents\sonicmania.1
Deleted file - D:\GitHub\SonicChannelTrack\sonic.sega.jp\sonicchannel\special\sidestory\comic.1
Deleted file - D:\GitHub\SonicChannelTrack\sonic.sega.jp\sonicchannel\special\sidestory\coverstory.1
Deleted file - D:\GitHub\SonicChannelTrack\sonic.sega.jp\sonicchannel\special\sidestory\ohgiri.1
Deleted file - D:\GitHub\SonicChannelTrack\sonic.sega.jp\sonicchannel\special\soundcolumn\ohtani.1
Deleted file - D:\GitHub\SonicChannelTrack\sonic.sega.jp\sonicchannel\special\soundcolumn\senoue.1
Deleted file - D:\GitHub\SonicChannelTrack\sonic.sega.jp\sonicchannel\topics\collaboration.1
Deleted file - D:\GitHub\SonicChannelTrack\sonic.sega.jp\sonicchannel\topics\event.1
Deleted file - D:\GitHub\SonicChannelTrack\sonic.sega.jp\sonicchannel\topics\goods.1
Deleted file - D:\GitHub\SonicChannelTrack\sonic.sega.jp\sonicchannel\topics\information.1
Deleted file - D:\GitHub\SonicChannelTrack\sonic.sega.jp\sonicchannel\topics\sound.1
Deleted file - D:\GitHub\SonicChannelTrack\sonic.sega.jp\sonicchannel\topics\goods\20190607_001917.1
Deleted file - D:\GitHub\SonicChannelTrack\sonic.sega.jp\sonicchannel\about.2
Deleted file - D:\GitHub\SonicChannelTrack\sonic.sega.jp\sonicchannel\character.2
Deleted file - D:\GitHub\SonicChannelTrack\sonic.sega.jp\sonicchannel\fangallery.2
Deleted file - D:\GitHub\SonicChannelTrack\sonic.sega.jp\sonicchannel\special.2
Deleted file - D:\GitHub\SonicChannelTrack\sonic.sega.jp\sonicchannel\fangallery\apply.2
Deleted file - D:\GitHub\SonicChannelTrack\sonic.sega.jp\sonicchannel\fangallery\fanart.2
Deleted file - D:\GitHub\SonicChannelTrack\sonic.sega.jp\sonicchannel\fangallery\screenshot.2
Deleted file - D:\GitHub\SonicChannelTrack\sonic.sega.jp\sonicchannel\special\sidestory.2
Deleted file - D:\GitHub\SonicChannelTrack\sonic.sega.jp\sonicchannel\special\sns.2
Deleted file - D:\GitHub\SonicChannelTrack\sonic.sega.jp\sonicchannel\special\staffcolumn.2
Deleted file - D:\GitHub\SonicChannelTrack\sonic.sega.jp\sonicchannel\special\gamecontents\soniccolors.2
Deleted file - D:\GitHub\SonicChannelTrack\sonic.sega.jp\sonicchannel\special\gamecontents\sonicforces.2
Deleted file - D:\GitHub\SonicChannelTrack\sonic.sega.jp\sonicchannel\special\gamecontents\sonicmania.2
Deleted file - D:\GitHub\SonicChannelTrack\sonic.sega.jp\sonicchannel\special\sidestory\comic.2
Deleted file - D:\GitHub\SonicChannelTrack\sonic.sega.jp\sonicchannel\special\sidestory\coverstory.2
Deleted file - D:\GitHub\SonicChannelTrack\sonic.sega.jp\sonicchannel\special\sidestory\ohgiri.2
Deleted file - D:\GitHub\SonicChannelTrack\sonic.sega.jp\sonicchannel\special\soundcolumn\ohtani.2
Deleted file - D:\GitHub\SonicChannelTrack\sonic.sega.jp\sonicchannel\special\soundcolumn\senoue.2
Deleted file - D:\GitHub\SonicChannelTrack\sonic.sega.jp\sonicchannel\topics\collaboration.2
Deleted file - D:\GitHub\SonicChannelTrack\sonic.sega.jp\sonicchannel\topics\event.2
Deleted file - D:\GitHub\SonicChannelTrack\sonic.sega.jp\sonicchannel\topics\goods.2
Deleted file - D:\GitHub\SonicChannelTrack\sonic.sega.jp\sonicchannel\topics\information.2
Deleted file - D:\GitHub\SonicChannelTrack\sonic.sega.jp\sonicchannel\topics\sound.2
Deleted file - D:\GitHub\SonicChannelTrack\sonic.sega.jp\sonicchannel\about.3
Deleted file - D:\GitHub\SonicChannelTrack\sonic.sega.jp\sonicchannel\character.3
Deleted file - D:\GitHub\SonicChannelTrack\sonic.sega.jp\sonicchannel\fangallery\apply.3
Deleted file - D:\GitHub\SonicChannelTrack\sonic.sega.jp\sonicchannel\fangallery\fanart.3
Deleted file - D:\GitHub\SonicChannelTrack\sonic.sega.jp\sonicchannel\fangallery\screenshot.3
Deleted file - D:\GitHub\SonicChannelTrack\sonic.sega.jp\sonicchannel\special\sidestory.3
Deleted file - D:\GitHub\SonicChannelTrack\sonic.sega.jp\sonicchannel\special\sns.3
Deleted file - D:\GitHub\SonicChannelTrack\sonic.sega.jp\sonicchannel\special\staffcolumn.3
Deleted file - D:\GitHub\SonicChannelTrack\sonic.sega.jp\sonicchannel\special\gamecontents\soniccolors.3
Deleted file - D:\GitHub\SonicChannelTrack\sonic.sega.jp\sonicchannel\special\gamecontents\sonicforces.3
Deleted file - D:\GitHub\SonicChannelTrack\sonic.sega.jp\sonicchannel\special\sidestory\comic.3
Deleted file - D:\GitHub\SonicChannelTrack\sonic.sega.jp\sonicchannel\special\sidestory\coverstory.3
Deleted file - D:\GitHub\SonicChannelTrack\sonic.sega.jp\sonicchannel\special\sidestory\ohgiri.3
Deleted file - D:\GitHub\SonicChannelTrack\sonic.sega.jp\sonicchannel\topics\collaboration.3
Deleted file - D:\GitHub\SonicChannelTrack\sonic.sega.jp\sonicchannel\topics\event.3
Deleted file - D:\GitHub\SonicChannelTrack\sonic.sega.jp\sonicchannel\topics\goods.3
Deleted file - D:\GitHub\SonicChannelTrack\sonic.sega.jp\sonicchannel\topics\information.3
Deleted file - D:\GitHub\SonicChannelTrack\sonic.sega.jp\sonicchannel\topics\sound.3
Deleted file - D:\GitHub\SonicChannelTrack\sonic.sega.jp\sonicchannel\about.4
Deleted file - D:\GitHub\SonicChannelTrack\sonic.sega.jp\sonicchannel\character.4
Deleted file - D:\GitHub\SonicChannelTrack\sonic.sega.jp\sonicchannel\special\sidestory.4
Deleted file - D:\GitHub\SonicChannelTrack\sonic.sega.jp\sonicchannel\special\gamecontents\soniccolors.4
Deleted file - D:\GitHub\SonicChannelTrack\sonic.sega.jp\sonicchannel\special\sidestory\comic.4
Deleted file - D:\GitHub\SonicChannelTrack\sonic.sega.jp\sonicchannel\special\sidestory\coverstory.4
Deleted file - D:\GitHub\SonicChannelTrack\sonic.sega.jp\sonicchannel\special\sidestory\ohgiri.4
Deleted file - D:\GitHub\SonicChannelTrack\sonic.sega.jp\sonicchannel\topics\collaboration.4
Deleted file - D:\GitHub\SonicChannelTrack\sonic.sega.jp\sonicchannel\topics\event.4
Deleted file - D:\GitHub\SonicChannelTrack\sonic.sega.jp\sonicchannel\topics\goods.4
Deleted file - D:\GitHub\SonicChannelTrack\sonic.sega.jp\sonicchannel\topics\information.4
Deleted file - D:\GitHub\SonicChannelTrack\sonic.sega.jp\sonicchannel\topics\sound.4
Deleted file - D:\GitHub\SonicChannelTrack\www.olympicvideogames.com\sonic\br.1
Deleted file - D:\GitHub\SonicChannelTrack\www.olympicvideogames.com\sonic\cn.1
Deleted file - D:\GitHub\SonicChannelTrack\www.olympicvideogames.com\sonic\de.1
Deleted file - D:\GitHub\SonicChannelTrack\www.olympicvideogames.com\sonic\en.1
Deleted file - D:\GitHub\SonicChannelTrack\www.olympicvideogames.com\sonic\es.1
Deleted file - D:\GitHub\SonicChannelTrack\www.olympicvideogames.com\sonic\fr.1
Deleted file - D:\GitHub\SonicChannelTrack\www.olympicvideogames.com\sonic\it.1
Deleted file - D:\GitHub\SonicChannelTrack\www.olympicvideogames.com\sonic\jp.1
Deleted file - D:\GitHub\SonicChannelTrack\www.olympicvideogames.com\sonic\kr.1
Deleted file - D:\GitHub\SonicChannelTrack\www.olympicvideogames.com\sonic\nl.1
Deleted file - D:\GitHub\SonicChannelTrack\www.olympicvideogames.com\sonic\ru.1
Deleted file - D:\GitHub\SonicChannelTrack\www.olympicvideogames.com\sonic\zh.1
Deleted file - D:\GitHub\SonicChannelTrack\sonicteam.com\SonicWorldAdventure\director.1
Deleted file - D:\GitHub\SonicChannelTrack\sonicteam.com\SonicWorldAdventure\hamidashi.1
[main 452060f261e] files from 2023-08-31, 11:30:14
 146 files changed, 2605 insertions(+), 333 deletions(-)
 create mode 100644 log/KrazeeTobi-2023-08-31_063941.log
 create mode 100644 sonic.sega.jp/SonicSuperStars/assets/css/guide.min.css
 create mode 100644 sonic.sega.jp/SonicSuperStars/assets/images/common/guide/ddImg.jpg
 create mode 100644 sonic.sega.jp/SonicSuperStars/assets/images/common/guide/dlImg.jpg
 create mode 100644 sonic.sega.jp/SonicSuperStars/assets/images/common/guide/dlc01.jpg
 create mode 100644 sonic.sega.jp/SonicSuperStars/assets/images/common/guide/dlc02.jpg
 create mode 100644 sonic.sega.jp/SonicSuperStars/assets/images/common/guide/dxImg.jpg
 create mode 100644 sonic.sega.jp/SonicSuperStars/assets/images/common/guide/early01.jpg
 create mode 100644 sonic.sega.jp/SonicSuperStars/assets/images/common/guide/guidePage-header-chara01.png
 create mode 100644 sonic.sega.jp/SonicSuperStars/assets/images/common/guide/guidePage-header-chara02.png
 create mode 100644 sonic.sega.jp/SonicSuperStars/assets/images/common/guide/guidePage-header-chara03.png
 create mode 100644 sonic.sega.jp/SonicSuperStars/assets/images/common/guide/guidePage-header-chara04.png
 create mode 100644 sonic.sega.jp/SonicSuperStars/assets/images/common/guide/guidePage-header-chara05.png
 create mode 100644 sonic.sega.jp/SonicSuperStars/assets/images/common/guide/guidepattern-blue.png
 create mode 100644 sonic.sega.jp/SonicSuperStars/assets/images/common/guide/guidepattern-orange.png
 create mode 100644 sonic.sega.jp/SonicSuperStars/assets/images/common/guide/jp/guide-ddxBtn-off.png
 create mode 100644 sonic.sega.jp/SonicSuperStars/assets/images/common/guide/jp/guide-ddxBtn-on.png
 create mode 100644 sonic.sega.jp/SonicSuperStars/assets/images/common/guide/jp/guide-ddxTitle.png
 create mode 100644 sonic.sega.jp/SonicSuperStars/assets/images/common/guide/jp/guide-dlBtn-off.png
 create mode 100644 sonic.sega.jp/SonicSuperStars/assets/images/common/guide/jp/guide-dlBtn-on.png
 create mode 100644 sonic.sega.jp/SonicSuperStars/assets/images/common/guide/jp/guide-dlTitle.png
 create mode 100644 sonic.sega.jp/SonicSuperStars/assets/images/common/guide/jp/guide-dlcBtn-off.png
 create mode 100644 sonic.sega.jp/SonicSuperStars/assets/images/common/guide/jp/guide-dlcBtn-on.png
 create mode 100644 sonic.sega.jp/SonicSuperStars/assets/images/common/guide/jp/guide-dlcTitle.png
 create mode 100644 sonic.sega.jp/SonicSuperStars/assets/images/common/guide/jp/guide-dxBtn-off.png
 create mode 100644 sonic.sega.jp/SonicSuperStars/assets/images/common/guide/jp/guide-dxBtn-on.png
 create mode 100644 sonic.sega.jp/SonicSuperStars/assets/images/common/guide/jp/guide-dxTitle.png
 create mode 100644 sonic.sega.jp/SonicSuperStars/assets/images/common/guide/jp/guide-nmBtn-off.png
 create mode 100644 sonic.sega.jp/SonicSuperStars/assets/images/common/guide/jp/guide-nmBtn-on.png
 create mode 100644 sonic.sega.jp/SonicSuperStars/assets/images/common/guide/jp/guide-nmTitle.png
 create mode 100644 sonic.sega.jp/SonicSuperStars/assets/images/common/guide/jp/guide-shopBtn-off.png
 create mode 100644 sonic.sega.jp/SonicSuperStars/assets/images/common/guide/jp/guide-shopBtn-on.png
 create mode 100644 sonic.sega.jp/SonicSuperStars/assets/images/common/guide/jp/guide-shopTitle.png
 create mode 100644 sonic.sega.jp/SonicSuperStars/assets/images/common/guide/jp/guide-spBtn-off.png
 create mode 100644 sonic.sega.jp/SonicSuperStars/assets/images/common/guide/jp/guide-spBtn-on.png
 create mode 100644 sonic.sega.jp/SonicSuperStars/assets/images/common/guide/jp/guide-spTitle.png
 create mode 100644 sonic.sega.jp/SonicSuperStars/assets/images/common/guide/jp/guidePage-title.png
 create mode 100644 sonic.sega.jp/SonicSuperStars/assets/images/common/guide/jp/shop/shop01.jpg
 create mode 100644 sonic.sega.jp/SonicSuperStars/assets/images/common/guide/jp/shop/shop02.jpg
 create mode 100644 sonic.sega.jp/SonicSuperStars/assets/images/common/guide/jp/shop/shop03.jpg
 create mode 100644 sonic.sega.jp/SonicSuperStars/assets/images/common/guide/jp/shop/shop04.jpg
 create mode 100644 sonic.sega.jp/SonicSuperStars/assets/images/common/guide/jp/shop/shop05.jpg
 create mode 100644 sonic.sega.jp/SonicSuperStars/assets/images/common/guide/jp/shop/shop06.jpg
 create mode 100644 sonic.sega.jp/SonicSuperStars/assets/images/common/guide/jp/shop/shop07.jpg
 create mode 100644 sonic.sega.jp/SonicSuperStars/assets/images/common/guide/jp/shop/shop08.jpg
 create mode 100644 sonic.sega.jp/SonicSuperStars/assets/images/common/guide/jp/shop/shop09.jpg
 create mode 100644 sonic.sega.jp/SonicSuperStars/assets/images/common/guide/jp/shop/shop11.jpg
 create mode 100644 sonic.sega.jp/SonicSuperStars/assets/images/common/guide/jp/shop/shop12.jpg
 create mode 100644 sonic.sega.jp/SonicSuperStars/assets/images/common/guide/jp/shop/shop14.jpg
 create mode 100644 sonic.sega.jp/SonicSuperStars/assets/images/common/guide/jp/shop/shop16.jpg
 create mode 100644 sonic.sega.jp/SonicSuperStars/assets/images/common/guide/jp/shop/shop17.jpg
 create mode 100644 sonic.sega.jp/SonicSuperStars/assets/images/common/guide/jp/shop/shop18.jpg
 create mode 100644 sonic.sega.jp/SonicSuperStars/assets/images/common/guide/jp/shop/shop19.jpg
 create mode 100644 sonic.sega.jp/SonicSuperStars/assets/images/common/guide/jp/shop/shop21.jpg
 create mode 100644 sonic.sega.jp/SonicSuperStars/assets/images/common/guide/jp/shop/shop22.jpg
 create mode 100644 sonic.sega.jp/SonicSuperStars/assets/images/common/guide/jp/shop/shop23.jpg
 create mode 100644 sonic.sega.jp/SonicSuperStars/assets/images/common/guide/jp/shop/shop24.jpg
 create mode 100644 sonic.sega.jp/SonicSuperStars/assets/images/common/guide/jp/shop/shop25.jpg
 create mode 100644 sonic.sega.jp/SonicSuperStars/assets/images/common/guide/nmImg.jpg
 create mode 100644 sonic.sega.jp/SonicSuperStars/assets/images/common/guide/shopBg.png
 create mode 100644 sonic.sega.jp/SonicSuperStars/assets/images/common/guide/shopPattern.png
 create mode 100644 sonic.sega.jp/SonicSuperStars/assets/images/common/top/jp/kvArea-gaid-hover.png
 create mode 100644 sonic.sega.jp/SonicSuperStars/assets/images/common/top/jp/kvArea-gaid.png
 create mode 100644 sonic.sega.jp/SonicSuperStars/assets/images/pc/guide/guide-nomalBtn-bg.png
 create mode 100644 sonic.sega.jp/SonicSuperStars/assets/images/sp/guide/guide-nomalBtn-bg01-sp.png
 create mode 100644 sonic.sega.jp/SonicSuperStars/assets/images/sp/guide/guide-nomalBtn-bg02-sp.png
 create mode 100644 sonic.sega.jp/SonicSuperStars/assets/js/guide.js
 create mode 100644 sonic.sega.jp/SonicSuperStars/guide/index.html
