Already up to date.
Deleted file - D:\GitHub\SonicChannelTrack\sonic.sega.jp\sonicchannel\about.1
Deleted file - D:\GitHub\SonicChannelTrack\sonic.sega.jp\sonicchannel\character.1
Deleted file - D:\GitHub\SonicChannelTrack\sonic.sega.jp\sonicchannel\fangallery.1
Deleted file - D:\GitHub\SonicChannelTrack\sonic.sega.jp\sonicchannel\special.1
Deleted file - D:\GitHub\SonicChannelTrack\sonic.sega.jp\sonicchannel\fangallery\apply.1
Deleted file - D:\GitHub\SonicChannelTrack\sonic.sega.jp\sonicchannel\fangallery\fanart.1
Deleted file - D:\GitHub\SonicChannelTrack\sonic.sega.jp\sonicchannel\fangallery\screenshot.1
Deleted file - D:\GitHub\SonicChannelTrack\sonic.sega.jp\sonicchannel\special\sidestory.1
Deleted file - D:\GitHub\SonicChannelTrack\sonic.sega.jp\sonicchannel\special\sns.1
Deleted file - D:\GitHub\SonicChannelTrack\sonic.sega.jp\sonicchannel\special\staffcolumn.1
Deleted file - D:\GitHub\SonicChannelTrack\sonic.sega.jp\sonicchannel\special\gamecontents\soniccolors.1
Deleted file - D:\GitHub\SonicChannelTrack\sonic.sega.jp\sonicchannel\special\gamecontents\sonicforces.1
Deleted file - D:\GitHub\SonicChannelTrack\sonic.sega.jp\sonicchannel\special\gamecontents\sonicmania.1
Deleted file - D:\GitHub\SonicChannelTrack\sonic.sega.jp\sonicchannel\special\sidestory\comic.1
Deleted file - D:\GitHub\SonicChannelTrack\sonic.sega.jp\sonicchannel\special\sidestory\coverstory.1
Deleted file - D:\GitHub\SonicChannelTrack\sonic.sega.jp\sonicchannel\special\sidestory\ohgiri.1
Deleted file - D:\GitHub\SonicChannelTrack\sonic.sega.jp\sonicchannel\special\soundcolumn\ohtani.1
Deleted file - D:\GitHub\SonicChannelTrack\sonic.sega.jp\sonicchannel\special\soundcolumn\senoue.1
Deleted file - D:\GitHub\SonicChannelTrack\sonic.sega.jp\sonicchannel\topics\collaboration.1
Deleted file - D:\GitHub\SonicChannelTrack\sonic.sega.jp\sonicchannel\topics\event.1
Deleted file - D:\GitHub\SonicChannelTrack\sonic.sega.jp\sonicchannel\topics\goods.1
Deleted file - D:\GitHub\SonicChannelTrack\sonic.sega.jp\sonicchannel\topics\information.1
Deleted file - D:\GitHub\SonicChannelTrack\sonic.sega.jp\sonicchannel\topics\sound.1
Deleted file - D:\GitHub\SonicChannelTrack\sonic.sega.jp\sonicchannel\topics\goods\20190607_001917.1
Deleted file - D:\GitHub\SonicChannelTrack\sonic.sega.jp\sonicchannel\about.2
Deleted file - D:\GitHub\SonicChannelTrack\sonic.sega.jp\sonicchannel\character.2
Deleted file - D:\GitHub\SonicChannelTrack\sonic.sega.jp\sonicchannel\fangallery.2
Deleted file - D:\GitHub\SonicChannelTrack\sonic.sega.jp\sonicchannel\special.2
Deleted file - D:\GitHub\SonicChannelTrack\sonic.sega.jp\sonicchannel\fangallery\apply.2
Deleted file - D:\GitHub\SonicChannelTrack\sonic.sega.jp\sonicchannel\fangallery\fanart.2
Deleted file - D:\GitHub\SonicChannelTrack\sonic.sega.jp\sonicchannel\fangallery\screenshot.2
Deleted file - D:\GitHub\SonicChannelTrack\sonic.sega.jp\sonicchannel\special\sidestory.2
Deleted file - D:\GitHub\SonicChannelTrack\sonic.sega.jp\sonicchannel\special\sns.2
Deleted file - D:\GitHub\SonicChannelTrack\sonic.sega.jp\sonicchannel\special\staffcolumn.2
Deleted file - D:\GitHub\SonicChannelTrack\sonic.sega.jp\sonicchannel\special\gamecontents\soniccolors.2
Deleted file - D:\GitHub\SonicChannelTrack\sonic.sega.jp\sonicchannel\special\gamecontents\sonicforces.2
Deleted file - D:\GitHub\SonicChannelTrack\sonic.sega.jp\sonicchannel\special\gamecontents\sonicmania.2
Deleted file - D:\GitHub\SonicChannelTrack\sonic.sega.jp\sonicchannel\special\sidestory\comic.2
Deleted file - D:\GitHub\SonicChannelTrack\sonic.sega.jp\sonicchannel\special\sidestory\coverstory.2
Deleted file - D:\GitHub\SonicChannelTrack\sonic.sega.jp\sonicchannel\special\sidestory\ohgiri.2
Deleted file - D:\GitHub\SonicChannelTrack\sonic.sega.jp\sonicchannel\special\soundcolumn\ohtani.2
Deleted file - D:\GitHub\SonicChannelTrack\sonic.sega.jp\sonicchannel\special\soundcolumn\senoue.2
Deleted file - D:\GitHub\SonicChannelTrack\sonic.sega.jp\sonicchannel\topics\collaboration.2
Deleted file - D:\GitHub\SonicChannelTrack\sonic.sega.jp\sonicchannel\topics\event.2
Deleted file - D:\GitHub\SonicChannelTrack\sonic.sega.jp\sonicchannel\topics\goods.2
Deleted file - D:\GitHub\SonicChannelTrack\sonic.sega.jp\sonicchannel\topics\information.2
Deleted file - D:\GitHub\SonicChannelTrack\sonic.sega.jp\sonicchannel\topics\sound.2
Deleted file - D:\GitHub\SonicChannelTrack\sonic.sega.jp\sonicchannel\about.3
Deleted file - D:\GitHub\SonicChannelTrack\sonic.sega.jp\sonicchannel\character.3
Deleted file - D:\GitHub\SonicChannelTrack\sonic.sega.jp\sonicchannel\fangallery.3
Deleted file - D:\GitHub\SonicChannelTrack\sonic.sega.jp\sonicchannel\fangallery\apply.3
Deleted file - D:\GitHub\SonicChannelTrack\sonic.sega.jp\sonicchannel\fangallery\fanart.3
Deleted file - D:\GitHub\SonicChannelTrack\sonic.sega.jp\sonicchannel\fangallery\screenshot.3
Deleted file - D:\GitHub\SonicChannelTrack\sonic.sega.jp\sonicchannel\special\sidestory.3
Deleted file - D:\GitHub\SonicChannelTrack\sonic.sega.jp\sonicchannel\special\sns.3
Deleted file - D:\GitHub\SonicChannelTrack\sonic.sega.jp\sonicchannel\special\staffcolumn.3
Deleted file - D:\GitHub\SonicChannelTrack\sonic.sega.jp\sonicchannel\special\gamecontents\soniccolors.3
Deleted file - D:\GitHub\SonicChannelTrack\sonic.sega.jp\sonicchannel\special\gamecontents\sonicforces.3
Deleted file - D:\GitHub\SonicChannelTrack\sonic.sega.jp\sonicchannel\special\gamecontents\sonicmania.3
Deleted file - D:\GitHub\SonicChannelTrack\sonic.sega.jp\sonicchannel\special\sidestory\comic.3
Deleted file - D:\GitHub\SonicChannelTrack\sonic.sega.jp\sonicchannel\special\sidestory\coverstory.3
Deleted file - D:\GitHub\SonicChannelTrack\sonic.sega.jp\sonicchannel\special\sidestory\ohgiri.3
Deleted file - D:\GitHub\SonicChannelTrack\sonic.sega.jp\sonicchannel\special\soundcolumn\ohtani.3
Deleted file - D:\GitHub\SonicChannelTrack\sonic.sega.jp\sonicchannel\special\soundcolumn\senoue.3
Deleted file - D:\GitHub\SonicChannelTrack\sonic.sega.jp\sonicchannel\topics\collaboration.3
Deleted file - D:\GitHub\SonicChannelTrack\sonic.sega.jp\sonicchannel\topics\event.3
Deleted file - D:\GitHub\SonicChannelTrack\sonic.sega.jp\sonicchannel\topics\goods.3
Deleted file - D:\GitHub\SonicChannelTrack\sonic.sega.jp\sonicchannel\topics\information.3
Deleted file - D:\GitHub\SonicChannelTrack\sonic.sega.jp\sonicchannel\topics\sound.3
Deleted file - D:\GitHub\SonicChannelTrack\sonic.sega.jp\sonicchannel\about.4
Deleted file - D:\GitHub\SonicChannelTrack\sonic.sega.jp\sonicchannel\character.4
Deleted file - D:\GitHub\SonicChannelTrack\sonic.sega.jp\sonicchannel\special\sidestory.4
Deleted file - D:\GitHub\SonicChannelTrack\sonic.sega.jp\sonicchannel\special\staffcolumn.4
Deleted file - D:\GitHub\SonicChannelTrack\sonic.sega.jp\sonicchannel\special\gamecontents\soniccolors.4
Deleted file - D:\GitHub\SonicChannelTrack\sonic.sega.jp\sonicchannel\special\gamecontents\sonicforces.4
Deleted file - D:\GitHub\SonicChannelTrack\sonic.sega.jp\sonicchannel\special\sidestory\comic.4
Deleted file - D:\GitHub\SonicChannelTrack\sonic.sega.jp\sonicchannel\special\sidestory\coverstory.4
Deleted file - D:\GitHub\SonicChannelTrack\sonic.sega.jp\sonicchannel\special\sidestory\ohgiri.4
Deleted file - D:\GitHub\SonicChannelTrack\sonic.sega.jp\sonicchannel\topics\collaboration.4
Deleted file - D:\GitHub\SonicChannelTrack\sonic.sega.jp\sonicchannel\topics\event.4
Deleted file - D:\GitHub\SonicChannelTrack\sonic.sega.jp\sonicchannel\topics\goods.4
Deleted file - D:\GitHub\SonicChannelTrack\sonic.sega.jp\sonicchannel\topics\information.4
Deleted file - D:\GitHub\SonicChannelTrack\sonic.sega.jp\sonicchannel\topics\sound.4
Deleted file - D:\GitHub\SonicChannelTrack\www.olympicvideogames.com\sonic\br.1
Deleted file - D:\GitHub\SonicChannelTrack\www.olympicvideogames.com\sonic\cn.1
Deleted file - D:\GitHub\SonicChannelTrack\www.olympicvideogames.com\sonic\de.1
Deleted file - D:\GitHub\SonicChannelTrack\www.olympicvideogames.com\sonic\en.1
Deleted file - D:\GitHub\SonicChannelTrack\www.olympicvideogames.com\sonic\es.1
Deleted file - D:\GitHub\SonicChannelTrack\www.olympicvideogames.com\sonic\fr.1
Deleted file - D:\GitHub\SonicChannelTrack\www.olympicvideogames.com\sonic\it.1
Deleted file - D:\GitHub\SonicChannelTrack\www.olympicvideogames.com\sonic\jp.1
Deleted file - D:\GitHub\SonicChannelTrack\www.olympicvideogames.com\sonic\kr.1
Deleted file - D:\GitHub\SonicChannelTrack\www.olympicvideogames.com\sonic\nl.1
Deleted file - D:\GitHub\SonicChannelTrack\www.olympicvideogames.com\sonic\ru.1
Deleted file - D:\GitHub\SonicChannelTrack\www.olympicvideogames.com\sonic\zh.1
Deleted file - D:\GitHub\SonicChannelTrack\sonicteam.com\SonicWorldAdventure\director.1
Deleted file - D:\GitHub\SonicChannelTrack\sonicteam.com\SonicWorldAdventure\hamidashi.1
[main 10a0120afab] files from 2023-10-19, 12:16:55
 121 files changed, 6874 insertions(+), 2392 deletions(-)
 create mode 100644 log/KrazeeTobi-2023-10-19_070422.log
 create mode 100644 sonic.sega.jp/SonicChannel/assets_c/2023/10/apply_fanart_2312_eye-thumb-640xauto-5284.png
 create mode 100644 sonic.sega.jp/SonicChannel/assets_c/2023/10/apply_screenshot_2312_eye-thumb-640xauto-5285.jpg
 create mode 100644 sonic.sega.jp/SonicChannel/assets_c/2023/10/event_231017_01_eye-thumb-640xauto-5282.jpg
 create mode 100644 sonic.sega.jp/SonicChannel/assets_c/2023/10/event_231018_01_eye-thumb-640xauto-5283.jpg
 create mode 100644 sonic.sega.jp/SonicChannel/assets_c/2023/10/event_231018_02_eye-thumb-640xauto-5286.jpg
 create mode 100644 sonic.sega.jp/SonicChannel/fangallery/apply/20231018_008372/index.html
 create mode 100644 sonic.sega.jp/SonicChannel/fangallery/apply/20231019_008371/index.html
 create mode 100644 sonic.sega.jp/SonicChannel/fangallery/image/apply_fanart_2312_eye.png
 create mode 100644 sonic.sega.jp/SonicChannel/fangallery/image/apply_screenshot_2312_eye.jpg
 create mode 100644 sonic.sega.jp/SonicChannel/topics/event/20231017_008370/index.html
 create mode 100644 sonic.sega.jp/SonicChannel/topics/event/20231018_008369/index.html
 create mode 100644 sonic.sega.jp/SonicChannel/topics/event/20231018_008373/index.html
 create mode 100644 sonic.sega.jp/SonicChannel/topics/event/index_9.html
 create mode 100644 sonic.sega.jp/SonicChannel/topics/image/event_231017_01_eye.jpg
 create mode 100644 sonic.sega.jp/SonicChannel/topics/image/event_231018_01_01.jpg
 create mode 100644 sonic.sega.jp/SonicChannel/topics/image/event_231018_01_02.jpg
 create mode 100644 sonic.sega.jp/SonicChannel/topics/image/event_231018_01_03.jpg
 create mode 100644 sonic.sega.jp/SonicChannel/topics/image/event_231018_01_04.jpg
 create mode 100644 sonic.sega.jp/SonicChannel/topics/image/event_231018_01_05.jpg
 create mode 100644 sonic.sega.jp/SonicChannel/topics/image/event_231018_01_eye.jpg
 create mode 100644 sonic.sega.jp/SonicChannel/topics/image/event_231018_02_eye.jpg
 create mode 100644 sonic.sega.jp/SonicSuperStars/assets/images/ogp/jp/sonitomo.png
 create mode 100644 sonic.sega.jp/SonicSuperStars/campaign/sonitomo/css/style.css
 create mode 100644 sonic.sega.jp/SonicSuperStars/campaign/sonitomo/img/1st/bg_1st01_pc.png
 create mode 100644 sonic.sega.jp/SonicSuperStars/campaign/sonitomo/img/1st/bg_1st01_sp.png
 create mode 100644 sonic.sega.jp/SonicSuperStars/campaign/sonitomo/img/1st/btn_follow01_sp.png
 create mode 100644 sonic.sega.jp/SonicSuperStars/campaign/sonitomo/img/1st/ico_present01.png
 create mode 100644 sonic.sega.jp/SonicSuperStars/campaign/sonitomo/img/1st/img_1st01.png
 create mode 100644 sonic.sega.jp/SonicSuperStars/campaign/sonitomo/img/1st/img_1st02_pc.png
 create mode 100644 sonic.sega.jp/SonicSuperStars/campaign/sonitomo/img/1st/img_1st02_sp.png
 create mode 100644 sonic.sega.jp/SonicSuperStars/campaign/sonitomo/img/1st/img_present01_pc.png
 create mode 100644 sonic.sega.jp/SonicSuperStars/campaign/sonitomo/img/1st/img_present02_pc.png
 create mode 100644 sonic.sega.jp/SonicSuperStars/campaign/sonitomo/img/1st/img_present03_pc.png
 create mode 100644 sonic.sega.jp/SonicSuperStars/campaign/sonitomo/img/1st/img_tree01.png
 create mode 100644 sonic.sega.jp/SonicSuperStars/campaign/sonitomo/img/1st/txt_1st01.png
 create mode 100644 sonic.sega.jp/SonicSuperStars/campaign/sonitomo/img/1st/txt_1st02.svg
 create mode 100644 sonic.sega.jp/SonicSuperStars/campaign/sonitomo/img/1st/txt_present02.svg
 create mode 100644 sonic.sega.jp/SonicSuperStars/campaign/sonitomo/img/1st/txt_step01_sp.svg
 create mode 100644 sonic.sega.jp/SonicSuperStars/campaign/sonitomo/img/2nd/bg_2nd01_pc.png
 create mode 100644 sonic.sega.jp/SonicSuperStars/campaign/sonitomo/img/2nd/bg_2nd01_sp.png
 create mode 100644 sonic.sega.jp/SonicSuperStars/campaign/sonitomo/img/2nd/btn_follow01_sp.png
 create mode 100644 sonic.sega.jp/SonicSuperStars/campaign/sonitomo/img/2nd/img_knuckles01.png
 create mode 100644 sonic.sega.jp/SonicSuperStars/campaign/sonitomo/img/2nd/img_present01_pc.png
 create mode 100644 sonic.sega.jp/SonicSuperStars/campaign/sonitomo/img/2nd/img_stars01.png
 create mode 100644 sonic.sega.jp/SonicSuperStars/campaign/sonitomo/img/2nd/img_tails01.png
 create mode 100644 sonic.sega.jp/SonicSuperStars/campaign/sonitomo/img/2nd/txt_2nd01.png
 create mode 100644 sonic.sega.jp/SonicSuperStars/campaign/sonitomo/img/2nd/txt_2nd02.svg
 create mode 100644 sonic.sega.jp/SonicSuperStars/campaign/sonitomo/img/2nd/txt_apply01_sp.svg
 create mode 100644 sonic.sega.jp/SonicSuperStars/campaign/sonitomo/img/2nd/txt_apply02_sp.svg
 create mode 100644 sonic.sega.jp/SonicSuperStars/campaign/sonitomo/img/2nd/txt_hikakin01_sp.svg
 create mode 100644 sonic.sega.jp/SonicSuperStars/campaign/sonitomo/img/2nd/txt_present02_sp.svg
 create mode 100644 sonic.sega.jp/SonicSuperStars/campaign/sonitomo/img/3rd/bg_3rd01_pc.png
 create mode 100644 sonic.sega.jp/SonicSuperStars/campaign/sonitomo/img/3rd/bg_3rd01_sp.png
 create mode 100644 sonic.sega.jp/SonicSuperStars/campaign/sonitomo/img/3rd/img_3rd01_pc.png
 create mode 100644 sonic.sega.jp/SonicSuperStars/campaign/sonitomo/img/3rd/txt_3rd01.png
 create mode 100644 sonic.sega.jp/SonicSuperStars/campaign/sonitomo/img/apple-touch-icon.png
 create mode 100644 sonic.sega.jp/SonicSuperStars/campaign/sonitomo/img/bg_mv01_pc.png
 create mode 100644 sonic.sega.jp/SonicSuperStars/campaign/sonitomo/img/bg_mv01_sp.png
 create mode 100644 sonic.sega.jp/SonicSuperStars/campaign/sonitomo/img/bg_stars01_pc.png
 create mode 100644 sonic.sega.jp/SonicSuperStars/campaign/sonitomo/img/bg_stars01_sp.png
 create mode 100644 sonic.sega.jp/SonicSuperStars/campaign/sonitomo/img/bg_stars02_pc.png
 create mode 100644 sonic.sega.jp/SonicSuperStars/campaign/sonitomo/img/bg_stars02_sp.png
 create mode 100644 sonic.sega.jp/SonicSuperStars/campaign/sonitomo/img/bg_terms01.png
 create mode 100644 sonic.sega.jp/SonicSuperStars/campaign/sonitomo/img/bg_terms02_pc.png
 create mode 100644 sonic.sega.jp/SonicSuperStars/campaign/sonitomo/img/bg_terms02_sp.png
 create mode 100644 sonic.sega.jp/SonicSuperStars/campaign/sonitomo/img/bg_terms03.png
 create mode 100644 sonic.sega.jp/SonicSuperStars/campaign/sonitomo/img/bg_time01.png
 create mode 100644 sonic.sega.jp/SonicSuperStars/campaign/sonitomo/img/btn_anchor01.png
 create mode 100644 sonic.sega.jp/SonicSuperStars/campaign/sonitomo/img/btn_anchor02.png
 create mode 100644 sonic.sega.jp/SonicSuperStars/campaign/sonitomo/img/btn_anchor03.png
 create mode 100644 sonic.sega.jp/SonicSuperStars/campaign/sonitomo/img/favicon.ico
 create mode 100644 sonic.sega.jp/SonicSuperStars/campaign/sonitomo/img/footer/logo_channel01.svg
 create mode 100644 sonic.sega.jp/SonicSuperStars/campaign/sonitomo/img/footer/logo_team01.svg
 create mode 100644 sonic.sega.jp/SonicSuperStars/campaign/sonitomo/img/header/ico_fb01.svg
 create mode 100644 sonic.sega.jp/SonicSuperStars/campaign/sonitomo/img/header/ico_line01.svg
 create mode 100644 sonic.sega.jp/SonicSuperStars/campaign/sonitomo/img/header/ico_twitter01.svg
 create mode 100644 sonic.sega.jp/SonicSuperStars/campaign/sonitomo/img/header/logo01.svg
 create mode 100644 sonic.sega.jp/SonicSuperStars/campaign/sonitomo/img/ico_coming01.svg
 create mode 100644 sonic.sega.jp/SonicSuperStars/campaign/sonitomo/img/img_mv01_pc.png
 create mode 100644 sonic.sega.jp/SonicSuperStars/campaign/sonitomo/img/logo_superstars01.svg
 create mode 100644 sonic.sega.jp/SonicSuperStars/campaign/sonitomo/img/ring.webp
 create mode 100644 sonic.sega.jp/SonicSuperStars/campaign/sonitomo/img/txt_flow01.svg
 create mode 100644 sonic.sega.jp/SonicSuperStars/campaign/sonitomo/img/txt_present01.svg
 create mode 100644 sonic.sega.jp/SonicSuperStars/campaign/sonitomo/img/txt_stars01.svg
 create mode 100644 sonic.sega.jp/SonicSuperStars/campaign/sonitomo/img/txt_timezone01_sp.svg
 create mode 100644 sonic.sega.jp/SonicSuperStars/campaign/sonitomo/index.html
 create mode 100644 sonic.sega.jp/SonicSuperStars/campaign/sonitomo/js/common.min.js
