Already up to date.
[main 6b5ec49b9f] files from 2022-10-28, 11:57:23
 87 files changed, 1599 insertions(+), 1167 deletions(-)
 create mode 100644 log/KrazeeTobi-2022-10-28_080404.log
 create mode 100644 sonic.sega.jp/SonicChannel/assets_c/2022/10/staffcolumn_221021_01_eye-thumb-640xauto-4859.jpg
 create mode 100644 sonic.sega.jp/SonicChannel/special/image/staffcolumn_221021_01_01.jpg
 create mode 100644 sonic.sega.jp/SonicChannel/special/image/staffcolumn_221021_01_03.jpg
 create mode 100644 sonic.sega.jp/SonicChannel/special/image/staffcolumn_221021_01_04.jpg
 create mode 100644 sonic.sega.jp/SonicChannel/special/image/staffcolumn_221021_01_05.jpg
 create mode 100644 sonic.sega.jp/SonicChannel/special/image/staffcolumn_221021_01_06.jpg
 create mode 100644 sonic.sega.jp/SonicChannel/special/image/staffcolumn_221021_01_09.jpg
 create mode 100644 sonic.sega.jp/SonicChannel/special/image/staffcolumn_221021_01_10.jpg
 create mode 100644 sonic.sega.jp/SonicChannel/special/image/staffcolumn_221021_01_11.jpg
 create mode 100644 sonic.sega.jp/SonicChannel/special/image/staffcolumn_221021_01_11_2.jpg
 create mode 100644 sonic.sega.jp/SonicChannel/special/image/staffcolumn_221021_01_12.jpg
 create mode 100644 sonic.sega.jp/SonicChannel/special/image/staffcolumn_221021_01_13.jpg
 create mode 100644 sonic.sega.jp/SonicChannel/special/image/staffcolumn_221021_01_eye.jpg
 create mode 100644 sonic.sega.jp/SonicChannel/special/staffcolumn/ryu/20221028_003045/index.html
 rewrite www.nintendo.co.jp/3ds/acmj/common/images/footer_09.gif (100%)
 rewrite www.nintendo.co.jp/wii/siij/about/img/p09.png (99%)
 rewrite www.nintendo.co.jp/wii/siij/common/img/fmenu02_f2.jpg (100%)
 rewrite www.nintendo.co.jp/wii/siij/london/img/img02_1.png (95%)
 rewrite www.nintendo.co.jp/wii/siij/olympic/img/freestyle.png (94%)
