Already up to date.
[main 08f3f5710] files from 2022-09-02, 14:21:55
 510 files changed, 27601 insertions(+), 2952 deletions(-)
 create mode 100644 log/KrazeeTobi-2022-09-02_100218.log
 create mode 100644 sonic.sega.jp/SonicChannel/assets_c/2022/09/information_220901_01_eye-thumb-640xauto-4733.jpg
 create mode 100644 sonic.sega.jp/SonicChannel/information_220901_01_eye.jpg
 create mode 100644 sonic.sega.jp/SonicChannel/topics/information/20220902_002986/index.html
 create mode 100644 sonic.sega.jp/SonicFrontiers/videos/images/video-thumb04.jpg
 create mode 100644 sonicteam.com/SonicWorldAdventure/common/css/all-class.css
 create mode 100644 sonicteam.com/SonicWorldAdventure/common/css/all-import.css
 create mode 100644 sonicteam.com/SonicWorldAdventure/common/css/all-layout.css
 create mode 100644 sonicteam.com/SonicWorldAdventure/common/css/all-tag.css
 create mode 100644 sonicteam.com/SonicWorldAdventure/common/css/director/all-footer.css
 create mode 100644 sonicteam.com/SonicWorldAdventure/common/css/director/all-footer/all-footer_bg.png
 create mode 100644 sonicteam.com/SonicWorldAdventure/common/css/director/all-header.css
 create mode 100644 sonicteam.com/SonicWorldAdventure/common/css/director/all-header/all-header_bg.png
 create mode 100644 sonicteam.com/SonicWorldAdventure/common/css/director/all-header/h1_bg.jpg
 create mode 100644 sonicteam.com/SonicWorldAdventure/common/css/director/all-import.css
 create mode 100644 sonicteam.com/SonicWorldAdventure/common/css/director/all-navigation.css
 create mode 100644 sonicteam.com/SonicWorldAdventure/common/css/director/all-navigation/div_bg.png
 create mode 100644 sonicteam.com/SonicWorldAdventure/common/css/director/all-navigation/div_bg_ie.png
 create mode 100644 sonicteam.com/SonicWorldAdventure/common/css/director/all-navigation/h2_bg.png
 create mode 100644 sonicteam.com/SonicWorldAdventure/common/css/director/all-navigation/li_bg.gif
 create mode 100644 sonicteam.com/SonicWorldAdventure/common/css/director/all-navigation/ul-form_bg.png
 create mode 100644 sonicteam.com/SonicWorldAdventure/common/css/director/all-substance.css
 create mode 100644 sonicteam.com/SonicWorldAdventure/common/css/director/all-substance/div_bg.png
 create mode 100644 sonicteam.com/SonicWorldAdventure/common/css/director/all-substance/entry-header_h2_bg.jpg
 create mode 100644 sonicteam.com/SonicWorldAdventure/common/css/director/all-tag.css
 create mode 100644 sonicteam.com/SonicWorldAdventure/common/css/director/all-tag/body_bg.jpg
 create mode 100644 sonicteam.com/SonicWorldAdventure/common/css/hamidashi/all-contentsarea.css
 create mode 100644 sonicteam.com/SonicWorldAdventure/common/css/hamidashi/all-contentsarea/all-contentsarea_bg.gif
 create mode 100644 sonicteam.com/SonicWorldAdventure/common/css/hamidashi/all-footer.css
 create mode 100644 sonicteam.com/SonicWorldAdventure/common/css/hamidashi/all-footer/all-footer_bg.gif
 create mode 100644 sonicteam.com/SonicWorldAdventure/common/css/hamidashi/all-header.css
 create mode 100644 sonicteam.com/SonicWorldAdventure/common/css/hamidashi/all-header/all-header_bg.jpg
 create mode 100644 sonicteam.com/SonicWorldAdventure/common/css/hamidashi/all-header/h1_bg.jpg
 create mode 100644 sonicteam.com/SonicWorldAdventure/common/css/hamidashi/all-icon.css
 create mode 100644 sonicteam.com/SonicWorldAdventure/common/css/hamidashi/all-icon/chp01.gif
 create mode 100644 sonicteam.com/SonicWorldAdventure/common/css/hamidashi/all-icon/etc01.gif
 create mode 100644 sonicteam.com/SonicWorldAdventure/common/css/hamidashi/all-icon/etc02.gif
 create mode 100644 sonicteam.com/SonicWorldAdventure/common/css/hamidashi/all-icon/mat01.gif
 create mode 100644 sonicteam.com/SonicWorldAdventure/common/css/hamidashi/all-icon/mat02.gif
 create mode 100644 sonicteam.com/SonicWorldAdventure/common/css/hamidashi/all-icon/mat03.gif
 create mode 100644 sonicteam.com/SonicWorldAdventure/common/css/hamidashi/all-icon/mat04.gif
 create mode 100644 sonicteam.com/SonicWorldAdventure/common/css/hamidashi/all-icon/mat05.gif
 create mode 100644 sonicteam.com/SonicWorldAdventure/common/css/hamidashi/all-icon/mat06.gif
 create mode 100644 sonicteam.com/SonicWorldAdventure/common/css/hamidashi/all-icon/mat07.gif
 create mode 100644 sonicteam.com/SonicWorldAdventure/common/css/hamidashi/all-icon/mat08.gif
 create mode 100644 sonicteam.com/SonicWorldAdventure/common/css/hamidashi/all-icon/mat09.gif
 create mode 100644 sonicteam.com/SonicWorldAdventure/common/css/hamidashi/all-icon/mat10.gif
 create mode 100644 sonicteam.com/SonicWorldAdventure/common/css/hamidashi/all-icon/mat11.gif
 create mode 100644 sonicteam.com/SonicWorldAdventure/common/css/hamidashi/all-icon/mat12.gif
 create mode 100644 sonicteam.com/SonicWorldAdventure/common/css/hamidashi/all-icon/mat13.gif
 create mode 100644 sonicteam.com/SonicWorldAdventure/common/css/hamidashi/all-icon/mat14.gif
 create mode 100644 sonicteam.com/SonicWorldAdventure/common/css/hamidashi/all-icon/mat15.gif
 create mode 100644 sonicteam.com/SonicWorldAdventure/common/css/hamidashi/all-icon/mat16.gif
 create mode 100644 sonicteam.com/SonicWorldAdventure/common/css/hamidashi/all-icon/mat17.gif
 create mode 100644 sonicteam.com/SonicWorldAdventure/common/css/hamidashi/all-icon/mat18.gif
 create mode 100644 sonicteam.com/SonicWorldAdventure/common/css/hamidashi/all-icon/mat19.gif
 create mode 100644 sonicteam.com/SonicWorldAdventure/common/css/hamidashi/all-icon/mat20.gif
 create mode 100644 sonicteam.com/SonicWorldAdventure/common/css/hamidashi/all-icon/mat21.gif
 create mode 100644 sonicteam.com/SonicWorldAdventure/common/css/hamidashi/all-icon/mat22.gif
 create mode 100644 sonicteam.com/SonicWorldAdventure/common/css/hamidashi/all-icon/mat23.gif
 create mode 100644 sonicteam.com/SonicWorldAdventure/common/css/hamidashi/all-icon/mat24.gif
 create mode 100644 sonicteam.com/SonicWorldAdventure/common/css/hamidashi/all-icon/mat25.gif
 create mode 100644 sonicteam.com/SonicWorldAdventure/common/css/hamidashi/all-icon/mat26.gif
 create mode 100644 sonicteam.com/SonicWorldAdventure/common/css/hamidashi/all-icon/mat27.gif
 create mode 100644 sonicteam.com/SonicWorldAdventure/common/css/hamidashi/all-icon/mat28.gif
 create mode 100644 sonicteam.com/SonicWorldAdventure/common/css/hamidashi/all-icon/yos01.gif
 create mode 100644 sonicteam.com/SonicWorldAdventure/common/css/hamidashi/all-icon/yos02.gif
 create mode 100644 sonicteam.com/SonicWorldAdventure/common/css/hamidashi/all-icon/yos03.gif
 create mode 100644 sonicteam.com/SonicWorldAdventure/common/css/hamidashi/all-icon/yos04.gif
 create mode 100644 sonicteam.com/SonicWorldAdventure/common/css/hamidashi/all-icon/yos05.gif
 create mode 100644 sonicteam.com/SonicWorldAdventure/common/css/hamidashi/all-icon/yos06.gif
 create mode 100644 sonicteam.com/SonicWorldAdventure/common/css/hamidashi/all-icon/yos07.gif
 create mode 100644 sonicteam.com/SonicWorldAdventure/common/css/hamidashi/all-icon/yos08.gif
 create mode 100644 sonicteam.com/SonicWorldAdventure/common/css/hamidashi/all-icon/yos09.gif
 create mode 100644 sonicteam.com/SonicWorldAdventure/common/css/hamidashi/all-icon/yos10.gif
 create mode 100644 sonicteam.com/SonicWorldAdventure/common/css/hamidashi/all-icon/yos11.gif
 create mode 100644 sonicteam.com/SonicWorldAdventure/common/css/hamidashi/all-icon/yos12.gif
 create mode 100644 sonicteam.com/SonicWorldAdventure/common/css/hamidashi/all-icon/yos13.gif
 create mode 100644 sonicteam.com/SonicWorldAdventure/common/css/hamidashi/all-icon/yos14.gif
 create mode 100644 sonicteam.com/SonicWorldAdventure/common/css/hamidashi/all-import.css
 create mode 100644 sonicteam.com/SonicWorldAdventure/common/css/hamidashi/all-navigation.css
 create mode 100644 sonicteam.com/SonicWorldAdventure/common/css/hamidashi/all-navigation/h2_bg.gif
 create mode 100644 sonicteam.com/SonicWorldAdventure/common/css/hamidashi/all-navigation/li_bg.gif
 create mode 100644 sonicteam.com/SonicWorldAdventure/common/css/hamidashi/all-substance.css
 create mode 100644 sonicteam.com/SonicWorldAdventure/common/css/hamidashi/all-substance/entry-body_bg.jpg
 create mode 100644 sonicteam.com/SonicWorldAdventure/common/css/hamidashi/all-substance/entry-body_bottom.jpg
 create mode 100644 sonicteam.com/SonicWorldAdventure/common/css/hamidashi/all-substance/entry-header_h2_bg.jpg
 create mode 100644 sonicteam.com/SonicWorldAdventure/common/css/hamidashi/all-tag.css
 create mode 100644 sonicteam.com/SonicWorldAdventure/common/css/hamidashi/all-tag/body_bg.jpg
 create mode 100644 sonicteam.com/SonicWorldAdventure/common/css/top/all-footer.css
 create mode 100644 sonicteam.com/SonicWorldAdventure/common/css/top/all-footer/all-footer_bg.png
 create mode 100644 sonicteam.com/SonicWorldAdventure/common/css/top/all-header.css
 create mode 100644 sonicteam.com/SonicWorldAdventure/common/css/top/all-header/all-header_bg.png
 create mode 100644 sonicteam.com/SonicWorldAdventure/common/css/top/all-header/h1_bg.jpg
 create mode 100644 sonicteam.com/SonicWorldAdventure/common/css/top/all-import.css
 create mode 100644 sonicteam.com/SonicWorldAdventure/common/css/top/all-navigation.css
 create mode 100644 sonicteam.com/SonicWorldAdventure/common/css/top/all-navigation/div_bg.png
 create mode 100644 sonicteam.com/SonicWorldAdventure/common/css/top/all-navigation/div_bg_ie.png
 create mode 100644 sonicteam.com/SonicWorldAdventure/common/css/top/all-navigation/h2_bg.png
 create mode 100644 sonicteam.com/SonicWorldAdventure/common/css/top/all-navigation/li_bg.gif
 create mode 100644 sonicteam.com/SonicWorldAdventure/common/css/top/all-navigation/ul-form_bg.png
 create mode 100644 sonicteam.com/SonicWorldAdventure/common/css/top/all-substance.css
 create mode 100644 sonicteam.com/SonicWorldAdventure/common/css/top/all-substance/div_bg.png
 create mode 100644 sonicteam.com/SonicWorldAdventure/common/css/top/all-substance/entry-header_h2_bg.jpg
 create mode 100644 sonicteam.com/SonicWorldAdventure/common/css/top/all-substance/hamidashi_div_bg.png
 create mode 100644 sonicteam.com/SonicWorldAdventure/common/css/top/all-substance/hamidashi_h2_bg.jpg
 create mode 100644 sonicteam.com/SonicWorldAdventure/common/css/top/all-tag.css
 create mode 100644 sonicteam.com/SonicWorldAdventure/common/css/top/all-tag/body_bg.jpg
 create mode 100644 sonicteam.com/SonicWorldAdventure/common/images/bnr_director.jpg
 create mode 100644 sonicteam.com/SonicWorldAdventure/common/images/bnr_hamidashi.jpg
 create mode 100644 sonicteam.com/SonicWorldAdventure/common/images/bnr_worldadventure.jpg
 create mode 100644 sonicteam.com/SonicWorldAdventure/common/images/director/h2_entrylist.gif
 create mode 100644 sonicteam.com/SonicWorldAdventure/common/images/hamidashi/h2_entrylist.gif
 create mode 100644 sonicteam.com/SonicWorldAdventure/common/images/hamidashi/h2_profile.gif
 create mode 100644 sonicteam.com/SonicWorldAdventure/common/images/hamidashi/info-mail.gif
 create mode 100644 sonicteam.com/SonicWorldAdventure/common/images/hamidashi/mat01.gif
 create mode 100644 sonicteam.com/SonicWorldAdventure/common/images/hamidashi/yos01.gif
 create mode 100644 sonicteam.com/SonicWorldAdventure/common/images/logo_sc.gif
 create mode 100644 sonicteam.com/SonicWorldAdventure/common/images/logo_sega.gif
 create mode 100644 sonicteam.com/SonicWorldAdventure/common/images/logo_st.gif
 create mode 100644 sonicteam.com/SonicWorldAdventure/common/images/rss.gif
 create mode 100644 sonicteam.com/SonicWorldAdventure/common/js/iepngfix.js
 create mode 100644 sonicteam.com/SonicWorldAdventure/common/js/jquery-1.2.1.pack.js
 create mode 100644 sonicteam.com/SonicWorldAdventure/common/js/swfobject.js
 create mode 100644 sonicteam.com/SonicWorldAdventure/director.1
 create mode 100644 sonicteam.com/SonicWorldAdventure/director/_ps3360.html
 create mode 100644 sonicteam.com/SonicWorldAdventure/director/index.html
 create mode 100644 sonicteam.com/SonicWorldAdventure/director/post_1.html
 create mode 100644 sonicteam.com/SonicWorldAdventure/director/post_16.html
 create mode 100644 sonicteam.com/SonicWorldAdventure/director/post_17.html
 create mode 100644 sonicteam.com/SonicWorldAdventure/director/post_18.html
 create mode 100644 sonicteam.com/SonicWorldAdventure/director/post_19.html
 create mode 100644 sonicteam.com/SonicWorldAdventure/director/post_21.html
 create mode 100644 sonicteam.com/SonicWorldAdventure/director/post_24.html
 create mode 100644 sonicteam.com/SonicWorldAdventure/director/post_25.html
 create mode 100644 sonicteam.com/SonicWorldAdventure/director/post_4.html
 create mode 100644 sonicteam.com/SonicWorldAdventure/director/post_6.html
 create mode 100644 sonicteam.com/SonicWorldAdventure/director/wiiwii.html
 create mode 100644 sonicteam.com/SonicWorldAdventure/hamidashi.1
 create mode 100644 sonicteam.com/SonicWorldAdventure/hamidashi/1_act.html
 create mode 100644 sonicteam.com/SonicWorldAdventure/hamidashi/2.html
 create mode 100644 sonicteam.com/SonicWorldAdventure/hamidashi/2008.html
 create mode 100644 sonicteam.com/SonicWorldAdventure/hamidashi/2008_1.html
 create mode 100644 sonicteam.com/SonicWorldAdventure/hamidashi/2009.html
 create mode 100644 sonicteam.com/SonicWorldAdventure/hamidashi/2_act1.html
 create mode 100644 sonicteam.com/SonicWorldAdventure/hamidashi/3.html
 create mode 100644 sonicteam.com/SonicWorldAdventure/hamidashi/3_act1.html
 create mode 100644 sonicteam.com/SonicWorldAdventure/hamidashi/4_1.html
 create mode 100644 sonicteam.com/SonicWorldAdventure/hamidashi/4_act1.html
 create mode 100644 sonicteam.com/SonicWorldAdventure/hamidashi/5.html
 create mode 100644 sonicteam.com/SonicWorldAdventure/hamidashi/_d.html
 create mode 100644 sonicteam.com/SonicWorldAdventure/hamidashi/_d_2.html
 create mode 100644 sonicteam.com/SonicWorldAdventure/hamidashi/_swa.html
 create mode 100644 sonicteam.com/SonicWorldAdventure/hamidashi/gi_gi.html
 create mode 100644 sonicteam.com/SonicWorldAdventure/hamidashi/index.html
 create mode 100644 sonicteam.com/SonicWorldAdventure/hamidashi/night_of_the_werehog.html
 create mode 100644 sonicteam.com/SonicWorldAdventure/hamidashi/nigth_of_the_werehogve.html
 create mode 100644 sonicteam.com/SonicWorldAdventure/hamidashi/nigth_of_the_werehogve_1.html
 create mode 100644 sonicteam.com/SonicWorldAdventure/hamidashi/playstation3xbox360.html
 create mode 100644 sonicteam.com/SonicWorldAdventure/hamidashi/post.html
 create mode 100644 sonicteam.com/SonicWorldAdventure/hamidashi/post_10.html
 create mode 100644 sonicteam.com/SonicWorldAdventure/hamidashi/post_11.html
 create mode 100644 sonicteam.com/SonicWorldAdventure/hamidashi/post_12.html
 create mode 100644 sonicteam.com/SonicWorldAdventure/hamidashi/post_13.html
 create mode 100644 sonicteam.com/SonicWorldAdventure/hamidashi/post_14.html
 create mode 100644 sonicteam.com/SonicWorldAdventure/hamidashi/post_15.html
 create mode 100644 sonicteam.com/SonicWorldAdventure/hamidashi/post_2.html
 create mode 100644 sonicteam.com/SonicWorldAdventure/hamidashi/post_20.html
 create mode 100644 sonicteam.com/SonicWorldAdventure/hamidashi/post_22.html
 create mode 100644 sonicteam.com/SonicWorldAdventure/hamidashi/post_23.html
 create mode 100644 sonicteam.com/SonicWorldAdventure/hamidashi/post_26.html
 create mode 100644 sonicteam.com/SonicWorldAdventure/hamidashi/post_27.html
 create mode 100644 sonicteam.com/SonicWorldAdventure/hamidashi/post_5.html
 create mode 100644 sonicteam.com/SonicWorldAdventure/hamidashi/post_7.html
 create mode 100644 sonicteam.com/SonicWorldAdventure/hamidashi/post_8.html
 create mode 100644 sonicteam.com/SonicWorldAdventure/hamidashi/post_9.html
 create mode 100644 sonicteam.com/SonicWorldAdventure/hamidashi/swa.html
 create mode 100644 sonicteam.com/SonicWorldAdventure/hamidashi/swa_1.html
 create mode 100644 sonicteam.com/SonicWorldAdventure/hamidashi/wii_1.html
 create mode 100644 sonicteam.com/SonicWorldAdventure/images/090105_1.jpg
 create mode 100644 sonicteam.com/SonicWorldAdventure/images/090106_2.jpg
 create mode 100644 sonicteam.com/SonicWorldAdventure/images/090106_3.jpg
 create mode 100644 sonicteam.com/SonicWorldAdventure/images/090106_5.jpg
 create mode 100644 sonicteam.com/SonicWorldAdventure/images/090121_nagaharasan.jpg
 create mode 100644 sonicteam.com/SonicWorldAdventure/images/090123_cd_1.JPG
 create mode 100644 sonicteam.com/SonicWorldAdventure/images/090123_cd_2.JPG
 create mode 100644 sonicteam.com/SonicWorldAdventure/images/090123_hamidashi_ent.JPG
 create mode 100644 sonicteam.com/SonicWorldAdventure/images/090123_hamidashi_ta.JPG
 create mode 100644 sonicteam.com/SonicWorldAdventure/images/090123_ohtanisan.JPG
 create mode 100644 sonicteam.com/SonicWorldAdventure/images/090123_okadasan.jpg
 create mode 100644 sonicteam.com/SonicWorldAdventure/images/090123_sound.JPG
 create mode 100644 sonicteam.com/SonicWorldAdventure/images/090126_1.jpg
 create mode 100644 sonicteam.com/SonicWorldAdventure/images/090126_2.jpg
 create mode 100644 sonicteam.com/SonicWorldAdventure/images/090129_arashi.jpg
 create mode 100644 sonicteam.com/SonicWorldAdventure/images/090129_arashi02.jpg
 create mode 100644 sonicteam.com/SonicWorldAdventure/images/090129_desk.jpg
 create mode 100644 sonicteam.com/SonicWorldAdventure/images/090129_desk_bg.jpg
 create mode 100644 sonicteam.com/SonicWorldAdventure/images/090129_desk_mi.jpg
 create mode 100644 sonicteam.com/SonicWorldAdventure/images/090129_desk_p01.jpg
 create mode 100644 sonicteam.com/SonicWorldAdventure/images/090129_desk_p02.jpg
 create mode 100644 sonicteam.com/SonicWorldAdventure/images/090129_desk_sc.jpg
 create mode 100644 sonicteam.com/SonicWorldAdventure/images/090129_desk_sw.jpg
 create mode 100644 sonicteam.com/SonicWorldAdventure/images/090205_lanch.jpg
 create mode 100644 sonicteam.com/SonicWorldAdventure/images/090210_chao.jpg
 create mode 100644 sonicteam.com/SonicWorldAdventure/images/090210_gi_01.jpg
 create mode 100644 sonicteam.com/SonicWorldAdventure/images/090210_gi_02.jpg
 create mode 100644 sonicteam.com/SonicWorldAdventure/images/090210_gi_03.jpg
 create mode 100644 sonicteam.com/SonicWorldAdventure/images/090210_yonezusan.jpg
 create mode 100644 sonicteam.com/SonicWorldAdventure/images/090215_battle.jpg
 create mode 100644 sonicteam.com/SonicWorldAdventure/images/090215_battle02.jpg
 create mode 100644 sonicteam.com/SonicWorldAdventure/images/090215_chip.jpg
 create mode 100644 sonicteam.com/SonicWorldAdventure/images/090215_chip02.jpg
 create mode 100644 sonicteam.com/SonicWorldAdventure/images/090215_kawamurasan.jpg
 create mode 100644 sonicteam.com/SonicWorldAdventure/images/090218_c_book.jpg
 create mode 100644 sonicteam.com/SonicWorldAdventure/images/090218_hashimoto_d01.jpg
 create mode 100644 sonicteam.com/SonicWorldAdventure/images/090219_hashimoto_d.jpg
 create mode 100644 sonicteam.com/SonicWorldAdventure/images/090219_hashimoto_d_2.jpg
 create mode 100644 sonicteam.com/SonicWorldAdventure/images/090223_E.jpg
 create mode 100644 sonicteam.com/SonicWorldAdventure/images/090223_OP01.jpg
 create mode 100644 sonicteam.com/SonicWorldAdventure/images/090223_OP02.jpg
 create mode 100644 sonicteam.com/SonicWorldAdventure/images/090223_party.jpg
 create mode 100644 sonicteam.com/SonicWorldAdventure/images/090223_party02.jpg
 create mode 100644 sonicteam.com/SonicWorldAdventure/images/090223_present01.jpg
 create mode 100644 sonicteam.com/SonicWorldAdventure/images/090223_present02.jpg
 create mode 100644 sonicteam.com/SonicWorldAdventure/images/090223_sound01.jpg
 create mode 100644 sonicteam.com/SonicWorldAdventure/images/090224_sound0.jpg
 create mode 100644 sonicteam.com/SonicWorldAdventure/images/090224_sound01.jpg
 create mode 100644 sonicteam.com/SonicWorldAdventure/images/090224_sound02.jpg
 create mode 100644 sonicteam.com/SonicWorldAdventure/images/090224_sound05.jpg
 create mode 100644 sonicteam.com/SonicWorldAdventure/images/090225_sound05.jpg
 create mode 100644 sonicteam.com/SonicWorldAdventure/images/090226_sound00.jpg
 create mode 100644 sonicteam.com/SonicWorldAdventure/images/090226_sound03.jpg
 create mode 100644 sonicteam.com/SonicWorldAdventure/images/090227_sound00.jpg
 create mode 100644 sonicteam.com/SonicWorldAdventure/images/090227_sound02.jpg
 create mode 100644 sonicteam.com/SonicWorldAdventure/images/090227_sound03.jpg
 create mode 100644 sonicteam.com/SonicWorldAdventure/images/090227_sound05.jpg
 create mode 100644 sonicteam.com/SonicWorldAdventure/images/090227_ve_01.jpg
 create mode 100644 sonicteam.com/SonicWorldAdventure/images/090227_ve_02.jpg
 create mode 100644 sonicteam.com/SonicWorldAdventure/images/090227_ve_03.jpg
 create mode 100644 sonicteam.com/SonicWorldAdventure/images/090227_ve_04.jpg
 create mode 100644 sonicteam.com/SonicWorldAdventure/images/090227_ve_05.jpg
 create mode 100644 sonicteam.com/SonicWorldAdventure/images/090227_ve_06.jpg
 create mode 100644 sonicteam.com/SonicWorldAdventure/images/090227_ve_08.jpg
 create mode 100644 sonicteam.com/SonicWorldAdventure/images/090227_ve_09.jpg
 create mode 100644 sonicteam.com/SonicWorldAdventure/images/090306_image.jpg
 create mode 100644 sonicteam.com/SonicWorldAdventure/images/090306_image03.jpg
 create mode 100644 sonicteam.com/SonicWorldAdventure/images/090306_image06.jpg
 create mode 100644 sonicteam.com/SonicWorldAdventure/images/090306_image07.jpg
 create mode 100644 sonicteam.com/SonicWorldAdventure/images/090306_knight01.jpg
 create mode 100644 sonicteam.com/SonicWorldAdventure/images/090306_knight02.jpg
 create mode 100644 sonicteam.com/SonicWorldAdventure/images/090306_sonic.jpg
 create mode 100644 sonicteam.com/SonicWorldAdventure/images/090306_sound.jpg
 create mode 100644 sonicteam.com/SonicWorldAdventure/images/090309_inoue.jpg
 create mode 100644 sonicteam.com/SonicWorldAdventure/images/090317_01.jpg
 create mode 100644 sonicteam.com/SonicWorldAdventure/images/090317_05.jpg
 create mode 100644 sonicteam.com/SonicWorldAdventure/images/090317_06.jpg
 create mode 100644 sonicteam.com/SonicWorldAdventure/images/090317_okada.jpg
 create mode 100644 sonicteam.com/SonicWorldAdventure/images/090317_yoshino.jpg
 create mode 100644 sonicteam.com/SonicWorldAdventure/images/090319_01.jpg
 create mode 100644 sonicteam.com/SonicWorldAdventure/images/090319_02.jpg
 create mode 100644 sonicteam.com/SonicWorldAdventure/images/090319_03.jpg
 create mode 100644 sonicteam.com/SonicWorldAdventure/images/090319_04.jpg
 create mode 100644 sonicteam.com/SonicWorldAdventure/images/090319_05.jpg
 create mode 100644 sonicteam.com/SonicWorldAdventure/images/090319_apo.jpg
 create mode 100644 sonicteam.com/SonicWorldAdventure/images/090319_uba.jpg
 create mode 100644 sonicteam.com/SonicWorldAdventure/images/090327_01.jpg
 create mode 100644 sonicteam.com/SonicWorldAdventure/images/090327_02.jpg
 create mode 100644 sonicteam.com/SonicWorldAdventure/images/090330_001.jpg
 create mode 100644 sonicteam.com/SonicWorldAdventure/images/090330_005.jpg
 create mode 100644 sonicteam.com/SonicWorldAdventure/images/090330_006.jpg
 create mode 100644 sonicteam.com/SonicWorldAdventure/images/090330_007.jpg
 create mode 100644 sonicteam.com/SonicWorldAdventure/images/090330_009.jpg
 create mode 100644 sonicteam.com/SonicWorldAdventure/images/090330_010.jpg
 create mode 100644 sonicteam.com/SonicWorldAdventure/images/090406_001.jpg
 create mode 100644 sonicteam.com/SonicWorldAdventure/images/090406_002.jpg
 create mode 100644 sonicteam.com/SonicWorldAdventure/images/090406_003.jpg
 create mode 100644 sonicteam.com/SonicWorldAdventure/images/090406_004.jpg
 create mode 100644 sonicteam.com/SonicWorldAdventure/images/090406_005.jpg
 create mode 100644 sonicteam.com/SonicWorldAdventure/images/090406_inoue.jpg
 create mode 100644 sonicteam.com/SonicWorldAdventure/images/090414_01.jpg
 create mode 100644 sonicteam.com/SonicWorldAdventure/images/090414_02.jpg
 create mode 100644 sonicteam.com/SonicWorldAdventure/images/090414_03.jpg
 create mode 100644 sonicteam.com/SonicWorldAdventure/images/090414_04.jpg
 create mode 100644 sonicteam.com/SonicWorldAdventure/images/090414_05.jpg
 create mode 100644 sonicteam.com/SonicWorldAdventure/images/090414_07.jpg
 create mode 100644 sonicteam.com/SonicWorldAdventure/images/090414_08.jpg
 create mode 100644 sonicteam.com/SonicWorldAdventure/images/090414_09.jpg
 create mode 100644 sonicteam.com/SonicWorldAdventure/images/090414_10.jpg
 create mode 100644 sonicteam.com/SonicWorldAdventure/images/090414_11.jpg
 create mode 100644 sonicteam.com/SonicWorldAdventure/images/091214_kaku.jpg
 create mode 100644 sonicteam.com/SonicWorldAdventure/images/091214_sonic.jpg
 create mode 100644 sonicteam.com/SonicWorldAdventure/images/091214_sonicroom.jpg
 create mode 100644 sonicteam.com/SonicWorldAdventure/images/091219_chip.jpg
 create mode 100644 sonicteam.com/SonicWorldAdventure/images/091219_evil.jpg
 create mode 100644 sonicteam.com/SonicWorldAdventure/images/IMG_0012.jpg
 create mode 100644 sonicteam.com/SonicWorldAdventure/images/IMG_0057.jpg
 create mode 100644 sonicteam.com/SonicWorldAdventure/images/IMG_0059.jpg
 create mode 100644 sonicteam.com/SonicWorldAdventure/images/IMG_0062.jpg
 create mode 100644 sonicteam.com/SonicWorldAdventure/images/IMG_0066.jpg
 create mode 100644 sonicteam.com/SonicWorldAdventure/images/IMG_0079.jpg
 create mode 100644 sonicteam.com/SonicWorldAdventure/images/IMG_0093.jpg
 create mode 100644 sonicteam.com/SonicWorldAdventure/images/banner_hamidashi2.jpg
 create mode 100644 sonicteam.com/SonicWorldAdventure/images/blog0217_1.jpg
 create mode 100644 sonicteam.com/SonicWorldAdventure/images/blog0217_2.jpg
 create mode 100644 sonicteam.com/SonicWorldAdventure/images/blog0217_3.jpg
 create mode 100644 sonicteam.com/SonicWorldAdventure/images/blog0217_4.jpg
 create mode 100644 sonicteam.com/SonicWorldAdventure/images/blog0217_5.jpg
 create mode 100644 sonicteam.com/SonicWorldAdventure/images/blog0217_6.jpg
 create mode 100644 sonicteam.com/SonicWorldAdventure/images/blog1222_1.jpg
 create mode 100644 sonicteam.com/SonicWorldAdventure/images/blog1222_2.jpg
 create mode 100644 sonicteam.com/SonicWorldAdventure/images/blog1222_3.jpg
 create mode 100644 sonicteam.com/SonicWorldAdventure/images/blog1222_4.jpg
 create mode 100644 sonicteam.com/SonicWorldAdventure/images/blog1222_5.jpg
 create mode 100644 sonicteam.com/SonicWorldAdventure/images/blog1224_1.jpg
 create mode 100644 sonicteam.com/SonicWorldAdventure/images/blog1224_2.jpg
 create mode 100644 sonicteam.com/SonicWorldAdventure/images/blog1224_3.jpg
 create mode 100644 sonicteam.com/SonicWorldAdventure/images/blog1224_4.jpg
 create mode 100644 sonicteam.com/SonicWorldAdventure/images/blog1224_5.jpg
 create mode 100644 sonicteam.com/SonicWorldAdventure/images/blog_001_b.jpg
 create mode 100644 sonicteam.com/SonicWorldAdventure/images/blog_002_w.jpg
 create mode 100644 sonicteam.com/SonicWorldAdventure/images/matsubara_desk.jpg
 create mode 100644 sonicteam.com/SonicWorldAdventure/images/matsubara_desk_2.jpg
 create mode 100644 sonicteam.com/SonicWorldAdventure/images/matsubara_phone.jpg
 create mode 100644 sonicteam.com/SonicWorldAdventure/images/matsubara_phone_2.jpg
 create mode 100644 sonicteam.com/SonicWorldAdventure/images/quick_step.JPG
 create mode 100644 sonicteam.com/SonicWorldAdventure/images/sonic_adv.jpg
 create mode 100644 sonicteam.com/SonicWorldAdventure/images/sonic_forwardview.JPG
 create mode 100644 sonicteam.com/SonicWorldAdventure/images/sonic_sideview.JPG
 create mode 100644 sonicteam.com/SonicWorldAdventure/images/sonic_the_hedgehog_md.png
 create mode 100644 sonicteam.com/SonicWorldAdventure/images/yoshino_desk.jpg
 create mode 100644 sonicteam.com/SonicWorldAdventure/index.html
 create mode 100644 sonicteam.com/SonicWorldAdventure/index.xml
 create mode 100644 sonicteam.com/sonicx/aou.html
 create mode 100644 sonicteam.com/sonicx/cd.html
 create mode 100644 sonicteam.com/sonicx/dvd.html
 create mode 100644 sonicteam.com/sonicx/dvd10.html
 create mode 100644 sonicteam.com/sonicx/dvd11.html
 create mode 100644 sonicteam.com/sonicx/dvd12.html
 create mode 100644 sonicteam.com/sonicx/dvd13.html
 create mode 100644 sonicteam.com/sonicx/dvd2.html
 create mode 100644 sonicteam.com/sonicx/dvd3.html
 create mode 100644 sonicteam.com/sonicx/dvd4.html
 create mode 100644 sonicteam.com/sonicx/dvd5.html
 create mode 100644 sonicteam.com/sonicx/dvd6.html
 create mode 100644 sonicteam.com/sonicx/dvd7.html
 create mode 100644 sonicteam.com/sonicx/dvd8.html
 create mode 100644 sonicteam.com/sonicx/dvd9.html
 create mode 100644 sonicteam.com/sonicx/goods.html
 create mode 100644 sonicteam.com/sonicx/image/alpha.gif
 create mode 100644 sonicteam.com/sonicx/image/bg_grad.jpg
 create mode 100644 sonicteam.com/sonicx/image/btn0.gif
 create mode 100644 sonicteam.com/sonicx/image/btn00.gif
 create mode 100644 sonicteam.com/sonicx/image/btn2.gif
 create mode 100644 sonicteam.com/sonicx/image/btn3.gif
 create mode 100644 sonicteam.com/sonicx/image/btn4.gif
 create mode 100644 sonicteam.com/sonicx/image/btn5.gif
 create mode 100644 sonicteam.com/sonicx/image/btn6.gif
 create mode 100644 sonicteam.com/sonicx/image/cd_ed2a.jpg
 create mode 100644 sonicteam.com/sonicx/image/cd_ed2b.jpg
 create mode 100644 sonicteam.com/sonicx/image/cd_ed2c.jpg
 create mode 100644 sonicteam.com/sonicx/image/cd_ed3a.jpg
 create mode 100644 sonicteam.com/sonicx/image/cd_ed3b.jpg
 create mode 100644 sonicteam.com/sonicx/image/cd_hikaru.jpg
 create mode 100644 sonicteam.com/sonicx/image/cd_mirai.jpg
 create mode 100644 sonicteam.com/sonicx/image/cd_sonicdrive.jpg
 create mode 100644 sonicteam.com/sonicx/image/cd_stl.jpg
 create mode 100644 sonicteam.com/sonicx/image/cd_sts.jpg
 create mode 100644 sonicteam.com/sonicx/image/cd_top.jpg
 create mode 100644 sonicteam.com/sonicx/image/cd_tops.jpg
 create mode 100644 sonicteam.com/sonicx/image/chao_doll.jpg
 create mode 100644 sonicteam.com/sonicx/image/chao_doll_s.jpg
 create mode 100644 sonicteam.com/sonicx/image/dvd01s.gif
 create mode 100644 sonicteam.com/sonicx/image/dvd02.gif
 create mode 100644 sonicteam.com/sonicx/image/dvd02n.gif
 create mode 100644 sonicteam.com/sonicx/image/dvd03.gif
 create mode 100644 sonicteam.com/sonicx/image/dvd03n.gif
 create mode 100644 sonicteam.com/sonicx/image/dvd04.gif
 create mode 100644 sonicteam.com/sonicx/image/dvd05.gif
 create mode 100644 sonicteam.com/sonicx/image/dvd05h.gif
 create mode 100644 sonicteam.com/sonicx/image/dvd06.gif
 create mode 100644 sonicteam.com/sonicx/image/dvd06h.gif
 create mode 100644 sonicteam.com/sonicx/image/dvd07.gif
 create mode 100644 sonicteam.com/sonicx/image/dvd08s.jpg
 create mode 100644 sonicteam.com/sonicx/image/dvd09s.jpg
 create mode 100644 sonicteam.com/sonicx/image/dvd10s.jpg
 create mode 100644 sonicteam.com/sonicx/image/dvd11m.jpg
 create mode 100644 sonicteam.com/sonicx/image/dvd11s.jpg
 create mode 100644 sonicteam.com/sonicx/image/dvd12m.jpg
 create mode 100644 sonicteam.com/sonicx/image/dvd12s.jpg
 create mode 100644 sonicteam.com/sonicx/image/dvd13m.jpg
 create mode 100644 sonicteam.com/sonicx/image/dvd13s.jpg
 create mode 100644 sonicteam.com/sonicx/image/dvd_sonic.jpg
 create mode 100644 sonicteam.com/sonicx/image/dvd_ttl.gif
 create mode 100644 sonicteam.com/sonicx/image/dvdh01m.jpg
 create mode 100644 sonicteam.com/sonicx/image/dvdh01s.gif
 create mode 100644 sonicteam.com/sonicx/image/dvdh02m.jpg
 create mode 100644 sonicteam.com/sonicx/image/dvdh03m.jpg
 create mode 100644 sonicteam.com/sonicx/image/dvdh04.gif
 create mode 100644 sonicteam.com/sonicx/image/dvdh04m.jpg
 create mode 100644 sonicteam.com/sonicx/image/dvdh05m.jpg
 create mode 100644 sonicteam.com/sonicx/image/dvdh06m.jpg
 create mode 100644 sonicteam.com/sonicx/image/dvdh07.gif
 create mode 100644 sonicteam.com/sonicx/image/dvdh07m.jpg
 create mode 100644 sonicteam.com/sonicx/image/dvdh08m.jpg
 create mode 100644 sonicteam.com/sonicx/image/dvdh08s.jpg
 create mode 100644 sonicteam.com/sonicx/image/dvdh09m.jpg
 create mode 100644 sonicteam.com/sonicx/image/dvdh09s.jpg
 create mode 100644 sonicteam.com/sonicx/image/dvdh10m.jpg
 create mode 100644 sonicteam.com/sonicx/image/dvdh10s.jpg
 create mode 100644 sonicteam.com/sonicx/image/g1.jpg
 create mode 100644 sonicteam.com/sonicx/image/g2.jpg
 create mode 100644 sonicteam.com/sonicx/image/g3.jpg
 create mode 100644 sonicteam.com/sonicx/image/g_desk.gif
 create mode 100644 sonicteam.com/sonicx/image/g_doll.gif
 create mode 100644 sonicteam.com/sonicx/image/g_fig.gif
 create mode 100644 sonicteam.com/sonicx/image/goods_b1.gif
 create mode 100644 sonicteam.com/sonicx/image/goods_b2.gif
 create mode 100644 sonicteam.com/sonicx/image/goods_cube.gif
 create mode 100644 sonicteam.com/sonicx/image/heart.gif
 create mode 100644 sonicteam.com/sonicx/image/logo_channel.jpg
 create mode 100644 sonicteam.com/sonicx/image/logo_sega.jpg
 create mode 100644 sonicteam.com/sonicx/image/logo_sonic.jpg
 create mode 100644 sonicteam.com/sonicx/image/logo_top.jpg
 create mode 100644 sonicteam.com/sonicx/image/mirai.jpg
 create mode 100644 sonicteam.com/sonicx/image/poster_top.jpg
 create mode 100644 sonicteam.com/sonicx/image/song1.jpg
 create mode 100644 sonicteam.com/sonicx/image/song2.jpg
 create mode 100644 sonicteam.com/sonicx/image/song3.jpg
 create mode 100644 sonicteam.com/sonicx/image/sonicdrive.jpg
 create mode 100644 sonicteam.com/sonicx/image/ss02.jpg
 create mode 100644 sonicteam.com/sonicx/image/ss03.jpg
 create mode 100644 sonicteam.com/sonicx/image/ss04.jpg
 create mode 100644 sonicteam.com/sonicx/image/ss05.jpg
 create mode 100644 sonicteam.com/sonicx/image/ss06.jpg
 create mode 100644 sonicteam.com/sonicx/image/ss07.jpg
 create mode 100644 sonicteam.com/sonicx/image/ss08.jpg
 create mode 100644 sonicteam.com/sonicx/image/ss09.jpg
 create mode 100644 sonicteam.com/sonicx/image/ss10.jpg
 create mode 100644 sonicteam.com/sonicx/image/top_pv.gif
 create mode 100644 sonicteam.com/sonicx/image/top_text.jpg
 create mode 100644 sonicteam.com/sonicx/image/vhs01s.gif
 create mode 100644 sonicteam.com/sonicx/image/vhs02.gif
 create mode 100644 sonicteam.com/sonicx/image/vhs03.gif
 create mode 100644 sonicteam.com/sonicx/image/vhs04.gif
 create mode 100644 sonicteam.com/sonicx/image/vhs05.gif
 create mode 100644 sonicteam.com/sonicx/image/vhs06.gif
 create mode 100644 sonicteam.com/sonicx/image/vhs07.gif
 create mode 100644 sonicteam.com/sonicx/image/vhs08s.jpg
 create mode 100644 sonicteam.com/sonicx/image/vhs09s.jpg
 create mode 100644 sonicteam.com/sonicx/image/vhs10s.jpg
 create mode 100644 sonicteam.com/sonicx/image/vhs11s.jpg
 create mode 100644 sonicteam.com/sonicx/image/vhs12s.jpg
 create mode 100644 sonicteam.com/sonicx/image/vhs13s.jpg
 create mode 100644 sonicteam.com/sonicx/index.html
 create mode 100644 sonicteam.com/sonicx/news.html
 create mode 100644 sonicteam.com/sonicx/song.html
 create mode 100644 sonicteam.com/sonicx/song_ed3.html
 create mode 100644 sonicteam.com/sonicx/stf_cst.html
 create mode 100644 sonicteam.com/sonicx/story.html
 create mode 100644 sonicteam.com/sonicx/top.html
 rewrite www.nintendo.co.jp/ds/ay9j/js/jquery_auto.js (99%)
 rewrite www.nintendo.co.jp/wii/rwsj/img/bn_olympic.gif (100%)
 rewrite www.nintendo.co.jp/wii/rwsj/players/index_1_3.html (97%)
 rewrite www.nintendo.co.jp/wii/rwsj/record/index_3.html (97%)
 rewrite www.nintendo.co.jp/wii/rwsj/screenshot/img/01.jpg (96%)
