Already up to date.
[main 126dc5465] files from 2022-09-01, 15:11:49
 121 files changed, 1849 insertions(+), 4036 deletions(-)
 delete mode 100644 archives/sonicteam/2005/August/20/3title/sonic2b/shots/sty_d.jpg
 delete mode 100644 archives/sonicteam/2005/August/20/cafe/dracry2/index.html
 delete mode 100644 archives/sonicteam/2005/August/20/chao_hp/ja/chao_labo.htm
 delete mode 100644 archives/sonicteam/2005/August/20/pso3/illust/entry/sp1-03.html
 delete mode 100644 archives/sonicteam/2005/August/20/pso3/nindrea/title03.png
 delete mode 100644 archives/sonicteam/2005/August/20/sonic_battle/battle_stm.html
 delete mode 100644 archives/sonicteam/2005/August/20/sonic_battle/battle_stm_ch.html
 delete mode 100644 archives/sonicteam/2005/August/20/sonic_battle/images/btl_ss04d.gif
 delete mode 100644 archives/sonicteam/2005/August/20/sonicadvdx/images/btn2_pc1.gif
 delete mode 100644 archives/sonicteam/2005/August/20/sonicadvdx/images/pttsc.jpg
 delete mode 100644 archives/sonicteam/2005/August/20/sonicadvdx/pt.html
 delete mode 100644 archives/sonicteam/2005/August/21/3title/sonic2b/ja/race.html
 delete mode 100644 archives/sonicteam/2005/August/21/3title/sonic2b/ja/story.html
 delete mode 100644 archives/sonicteam/2005/August/21/3title/sonic2b/shots/chr_tik.gif
 delete mode 100644 archives/sonicteam/2005/August/21/nights/snd/nsnd/image/gimon/nouta_6.gif
 delete mode 100644 archives/sonicteam/2005/August/21/pso/minhiro2/shuyaku/s_023.html
 delete mode 100644 archives/sonicteam/2005/August/21/pso/minhiro2/shuyaku/s_037.html
 delete mode 100644 archives/sonicteam/2005/August/21/pso/minhiro2/shuyaku/s_038.html
 delete mode 100644 archives/sonicteam/2005/August/21/pso/minhiro2/shuyaku/s_041.html
 delete mode 100644 archives/sonicteam/2005/August/21/pso/minhiro2/toukou/image/bu_illust0.gif
 delete mode 100644 archives/sonicteam/2005/August/21/pso3/nindrea/title02.png
 delete mode 100644 archives/sonicteam/2005/August/21/puyofever/dl_wp3.html
 delete mode 100644 archives/sonicteam/2005/August/21/sonicadvdx/images/btn2_pc1.gif
 delete mode 100644 archives/sonicteam/2005/August/21/sonicadvdx/images/pttsc.jpg
 delete mode 100644 archives/sonicteam/2005/August/21/sonicadvdx/pt.html
 create mode 100644 log/KrazeeTobi-2022-09-01_095239.log
 create mode 100644 sonic.sega.jp/SonicChannel/assets_c/2022/08/fanart_2209_eye-thumb-640xauto-4730.jpg
 create mode 100644 sonic.sega.jp/SonicChannel/assets_c/2022/08/staffcolumn_220901_01_05-thumb-640xauto-4724.jpg
 create mode 100644 sonic.sega.jp/SonicChannel/fanart/20220901_002984/index.html
 create mode 100644 sonic.sega.jp/SonicChannel/fanart/image/2209_0001.jpg
 create mode 100644 sonic.sega.jp/SonicChannel/fanart/image/2209_0002.jpg
 create mode 100644 sonic.sega.jp/SonicChannel/fanart/image/2209_0003.jpg
 create mode 100644 sonic.sega.jp/SonicChannel/fanart/image/2209_0004.jpg
 create mode 100644 sonic.sega.jp/SonicChannel/fanart/image/2209_0005.jpg
 create mode 100644 sonic.sega.jp/SonicChannel/fanart/image/2209_0006.jpg
 create mode 100644 sonic.sega.jp/SonicChannel/fanart/image/2209_0007.jpg
 create mode 100644 sonic.sega.jp/SonicChannel/fanart/image/2209_0008.jpg
 create mode 100644 sonic.sega.jp/SonicChannel/fanart/image/2209_0009.jpg
 create mode 100644 sonic.sega.jp/SonicChannel/fanart/image/2209_0010.jpg
 create mode 100644 sonic.sega.jp/SonicChannel/fanart/image/2209_0011.jpg
 create mode 100644 sonic.sega.jp/SonicChannel/fanart/image/2209_0012.jpg
 create mode 100644 sonic.sega.jp/SonicChannel/fanart/image/2209_0013.jpg
 create mode 100644 sonic.sega.jp/SonicChannel/fanart/image/2209_0014.jpg
 create mode 100644 sonic.sega.jp/SonicChannel/fanart/image/2209_0015.jpg
 create mode 100644 sonic.sega.jp/SonicChannel/fanart/image/2209_0016.jpg
 create mode 100644 sonic.sega.jp/SonicChannel/fanart/image/2209_0017.jpg
 create mode 100644 sonic.sega.jp/SonicChannel/fanart/image/2209_0018.jpg
 create mode 100644 sonic.sega.jp/SonicChannel/fanart/image/2209_0019.jpg
 create mode 100644 sonic.sega.jp/SonicChannel/fanart/image/2209_0020.jpg
 create mode 100644 sonic.sega.jp/SonicChannel/fanart/image/2209_0021.jpg
 create mode 100644 sonic.sega.jp/SonicChannel/fanart/image/2209_0022.jpg
 create mode 100644 sonic.sega.jp/SonicChannel/fanart/image/2209_0023.jpg
 create mode 100644 sonic.sega.jp/SonicChannel/fanart/image/2209_0024.jpg
 create mode 100644 sonic.sega.jp/SonicChannel/fanart/image/2209_0025.jpg
 create mode 100644 sonic.sega.jp/SonicChannel/fanart/image/2209_0026.jpg
 create mode 100644 sonic.sega.jp/SonicChannel/fanart/image/2209_0027.jpg
 create mode 100644 sonic.sega.jp/SonicChannel/fanart/image/2209_0028.jpg
 create mode 100644 sonic.sega.jp/SonicChannel/fanart/image/2209_0029.jpg
 create mode 100644 sonic.sega.jp/SonicChannel/fanart/image/2209_0030.jpg
 create mode 100644 sonic.sega.jp/SonicChannel/fanart/image/fanart_2209_eye.jpg
 create mode 100644 sonic.sega.jp/SonicChannel/fanart/image/s2209_0001.jpg
 create mode 100644 sonic.sega.jp/SonicChannel/fanart/image/s2209_0002.jpg
 create mode 100644 sonic.sega.jp/SonicChannel/fanart/image/s2209_0003.jpg
 create mode 100644 sonic.sega.jp/SonicChannel/fanart/image/s2209_0004.jpg
 create mode 100644 sonic.sega.jp/SonicChannel/fanart/image/s2209_0005.jpg
 create mode 100644 sonic.sega.jp/SonicChannel/fanart/image/s2209_0006.jpg
 create mode 100644 sonic.sega.jp/SonicChannel/fanart/image/s2209_0007.jpg
 create mode 100644 sonic.sega.jp/SonicChannel/fanart/image/s2209_0008.jpg
 create mode 100644 sonic.sega.jp/SonicChannel/fanart/image/s2209_0009.jpg
 create mode 100644 sonic.sega.jp/SonicChannel/fanart/image/s2209_0010.jpg
 create mode 100644 sonic.sega.jp/SonicChannel/fanart/image/s2209_0011.jpg
 create mode 100644 sonic.sega.jp/SonicChannel/fanart/image/s2209_0012.jpg
 create mode 100644 sonic.sega.jp/SonicChannel/fanart/image/s2209_0013.jpg
 create mode 100644 sonic.sega.jp/SonicChannel/fanart/image/s2209_0014.jpg
 create mode 100644 sonic.sega.jp/SonicChannel/fanart/image/s2209_0015.jpg
 create mode 100644 sonic.sega.jp/SonicChannel/fanart/image/s2209_0016.jpg
 create mode 100644 sonic.sega.jp/SonicChannel/fanart/image/s2209_0017.jpg
 create mode 100644 sonic.sega.jp/SonicChannel/fanart/image/s2209_0018.jpg
 create mode 100644 sonic.sega.jp/SonicChannel/fanart/image/s2209_0019.jpg
 create mode 100644 sonic.sega.jp/SonicChannel/fanart/image/s2209_0020.jpg
 create mode 100644 sonic.sega.jp/SonicChannel/fanart/image/s2209_0021.jpg
 create mode 100644 sonic.sega.jp/SonicChannel/fanart/image/s2209_0022.jpg
 create mode 100644 sonic.sega.jp/SonicChannel/fanart/image/s2209_0023.jpg
 create mode 100644 sonic.sega.jp/SonicChannel/fanart/image/s2209_0024.jpg
 create mode 100644 sonic.sega.jp/SonicChannel/fanart/image/s2209_0025.jpg
 create mode 100644 sonic.sega.jp/SonicChannel/fanart/image/s2209_0026.jpg
 create mode 100644 sonic.sega.jp/SonicChannel/fanart/image/s2209_0027.jpg
 create mode 100644 sonic.sega.jp/SonicChannel/fanart/image/s2209_0028.jpg
 create mode 100644 sonic.sega.jp/SonicChannel/fanart/image/s2209_0029.jpg
 create mode 100644 sonic.sega.jp/SonicChannel/fanart/image/s2209_0030.jpg
 create mode 100644 sonic.sega.jp/SonicChannel/special/20220831_002985/index.html
 create mode 100644 sonic.sega.jp/SonicChannel/special/image/staffcolumn_220901_01_01.jpg
 create mode 100644 sonic.sega.jp/SonicChannel/special/image/staffcolumn_220901_01_02.jpg
 create mode 100644 sonic.sega.jp/SonicChannel/special/image/staffcolumn_220901_01_03.jpg
 create mode 100644 sonic.sega.jp/SonicChannel/special/image/staffcolumn_220901_01_04.jpg
 create mode 100644 sonic.sega.jp/SonicChannel/special/image/staffcolumn_220901_01_05.jpg
 rewrite www.nintendo.co.jp/ds/ay9j/js/jquery_auto.js (99%)
 rewrite www.nintendo.co.jp/wii/rwsj/img/bn_olympic.gif (100%)
 rewrite www.nintendo.co.jp/wii/rwsj/players/index_1_3.html (99%)
 rewrite www.nintendo.co.jp/wii/rwsj/record/index_3.html (99%)
 rewrite www.nintendo.co.jp/wii/rwsj/screenshot/img/01.jpg (99%)
