Already up to date.
Deleted file - D:\GitHub\SonicChannelTrack\www.olympicvideogames.com\sonic\br.1
Deleted file - D:\GitHub\SonicChannelTrack\www.olympicvideogames.com\sonic\cn.1
Deleted file - D:\GitHub\SonicChannelTrack\www.olympicvideogames.com\sonic\de.1
Deleted file - D:\GitHub\SonicChannelTrack\www.olympicvideogames.com\sonic\en.1
Deleted file - D:\GitHub\SonicChannelTrack\www.olympicvideogames.com\sonic\es.1
Deleted file - D:\GitHub\SonicChannelTrack\www.olympicvideogames.com\sonic\fr.1
Deleted file - D:\GitHub\SonicChannelTrack\www.olympicvideogames.com\sonic\it.1
Deleted file - D:\GitHub\SonicChannelTrack\www.olympicvideogames.com\sonic\jp.1
Deleted file - D:\GitHub\SonicChannelTrack\www.olympicvideogames.com\sonic\kr.1
Deleted file - D:\GitHub\SonicChannelTrack\www.olympicvideogames.com\sonic\nl.1
Deleted file - D:\GitHub\SonicChannelTrack\www.olympicvideogames.com\sonic\ru.1
Deleted file - D:\GitHub\SonicChannelTrack\www.olympicvideogames.com\sonic\zh.1
Deleted file - D:\GitHub\SonicChannelTrack\sonic-movie.jp\news.1
Deleted file - D:\GitHub\SonicChannelTrack\sonic-movie.jp\news\wp-includes\js\jquery\jquery-migrate.min.js@ver=3.4.1
Deleted file - D:\GitHub\SonicChannelTrack\sonic-movie.jp\news\wp-includes\js\jquery\jquery.min.js@ver=3.7.1
Deleted file - D:\GitHub\SonicChannelTrack\sonicteam.com\SonicWorldAdventure\director.1
Deleted file - D:\GitHub\SonicChannelTrack\sonicteam.com\SonicWorldAdventure\hamidashi.1
[main 3e701567ce5] files from 2025-06-07, 15:39:44
 433 files changed, 12013 insertions(+), 2582 deletions(-)
 create mode 100644 log/KrazeeTobi-2025-06-06_172558.log
 create mode 100644 log/KrazeeTobi-2025-06-07_091047.log
 create mode 100644 sonic.sega.jp/SonicChannel/assets_c/2025/06/informationinformation_250607_01_ogp-thumb-640xauto-16222.jpg
 create mode 100644 sonic.sega.jp/SonicChannel/assets_c/2025/06/informationinformation_250607_02_ogp-thumb-640xauto-16223.jpg
 create mode 100644 sonic.sega.jp/SonicChannel/assets_c/2025/06/informationinformation_250607_03_ogp-thumb-640xauto-16221.jpg
 create mode 100644 sonic.sega.jp/SonicRacingCrossWorlds/about.html
 create mode 100644 sonic.sega.jp/SonicRacingCrossWorlds/assets/css/about.min.css
 create mode 100644 sonic.sega.jp/SonicRacingCrossWorlds/assets/css/common.min.css
 create mode 100644 sonic.sega.jp/SonicRacingCrossWorlds/assets/css/courses.min.css
 create mode 100644 sonic.sega.jp/SonicRacingCrossWorlds/assets/css/guide.min.css
 create mode 100644 sonic.sega.jp/SonicRacingCrossWorlds/assets/css/jp.min.css
 create mode 100644 sonic.sega.jp/SonicRacingCrossWorlds/assets/css/machines.min.css
 create mode 100644 sonic.sega.jp/SonicRacingCrossWorlds/assets/css/news.min.css
 create mode 100644 sonic.sega.jp/SonicRacingCrossWorlds/assets/css/racers.min.css
 create mode 100644 sonic.sega.jp/SonicRacingCrossWorlds/assets/css/top.min.css
 create mode 100644 sonic.sega.jp/SonicRacingCrossWorlds/assets/css/videos.min.css
 create mode 100644 sonic.sega.jp/SonicRacingCrossWorlds/assets/images/common/about/1stlap.png
 create mode 100644 sonic.sega.jp/SonicRacingCrossWorlds/assets/images/common/about/2ndlap.png
 create mode 100644 sonic.sega.jp/SonicRacingCrossWorlds/assets/images/common/about/about-headbg.png
 create mode 100644 sonic.sega.jp/SonicRacingCrossWorlds/assets/images/common/about/arr-b.png
 create mode 100644 sonic.sega.jp/SonicRacingCrossWorlds/assets/images/common/about/arr-r.png
 create mode 100644 sonic.sega.jp/SonicRacingCrossWorlds/assets/images/common/about/bg01-pc.webp
 create mode 100644 sonic.sega.jp/SonicRacingCrossWorlds/assets/images/common/about/bg01-sp.webp
 create mode 100644 sonic.sega.jp/SonicRacingCrossWorlds/assets/images/common/about/bgobject.png
 create mode 100644 sonic.sega.jp/SonicRacingCrossWorlds/assets/images/common/about/btn-topray.webp
 create mode 100644 sonic.sega.jp/SonicRacingCrossWorlds/assets/images/common/about/con01bg-01.png
 create mode 100644 sonic.sega.jp/SonicRacingCrossWorlds/assets/images/common/about/con01bg-02.png
 create mode 100644 sonic.sega.jp/SonicRacingCrossWorlds/assets/images/common/about/con01bg-03.png
 create mode 100644 sonic.sega.jp/SonicRacingCrossWorlds/assets/images/common/about/con02bg.webp
 create mode 100644 sonic.sega.jp/SonicRacingCrossWorlds/assets/images/common/about/finallap.png
 create mode 100644 sonic.sega.jp/SonicRacingCrossWorlds/assets/images/common/about/gadgetbg-pc.png
 create mode 100644 sonic.sega.jp/SonicRacingCrossWorlds/assets/images/common/about/gadgetbg-sp.png
 create mode 100644 sonic.sega.jp/SonicRacingCrossWorlds/assets/images/common/about/gadgetimg01.png
 create mode 100644 sonic.sega.jp/SonicRacingCrossWorlds/assets/images/common/about/gadgetimg02.png
 create mode 100644 sonic.sega.jp/SonicRacingCrossWorlds/assets/images/common/about/gadgetimg03.png
 create mode 100644 sonic.sega.jp/SonicRacingCrossWorlds/assets/images/common/about/mark.png
 create mode 100644 sonic.sega.jp/SonicRacingCrossWorlds/assets/images/common/about/pagetitle.png
 create mode 100644 sonic.sega.jp/SonicRacingCrossWorlds/assets/images/common/about/ring01.png
 create mode 100644 sonic.sega.jp/SonicRacingCrossWorlds/assets/images/common/about/ring02.png
 create mode 100644 sonic.sega.jp/SonicRacingCrossWorlds/assets/images/common/about/ss/ss01.png
 create mode 100644 sonic.sega.jp/SonicRacingCrossWorlds/assets/images/common/about/ss/ss02.png
 create mode 100644 sonic.sega.jp/SonicRacingCrossWorlds/assets/images/common/about/ss/ss04.png
 create mode 100644 sonic.sega.jp/SonicRacingCrossWorlds/assets/images/common/about/ss01.png
 create mode 100644 sonic.sega.jp/SonicRacingCrossWorlds/assets/images/common/about/ss02.png
 create mode 100644 sonic.sega.jp/SonicRacingCrossWorlds/assets/images/common/about/ss03.jpg
 create mode 100644 sonic.sega.jp/SonicRacingCrossWorlds/assets/images/common/about/ss04.jpg
 create mode 100644 sonic.sega.jp/SonicRacingCrossWorlds/assets/images/common/about/whiteflare.png
 create mode 100644 sonic.sega.jp/SonicRacingCrossWorlds/assets/images/common/anime-arr-l.webp
 create mode 100644 sonic.sega.jp/SonicRacingCrossWorlds/assets/images/common/anime-arr-r.webp
 create mode 100644 sonic.sega.jp/SonicRacingCrossWorlds/assets/images/common/arr-l.webp
 create mode 100644 sonic.sega.jp/SonicRacingCrossWorlds/assets/images/common/arr-r.webp
 create mode 100644 sonic.sega.jp/SonicRacingCrossWorlds/assets/images/common/arrLine-r.webp
 create mode 100644 sonic.sega.jp/SonicRacingCrossWorlds/assets/images/common/beam.png
 create mode 100644 sonic.sega.jp/SonicRacingCrossWorlds/assets/images/common/beam01.webp
 create mode 100644 sonic.sega.jp/SonicRacingCrossWorlds/assets/images/common/bg-arr.webp
 create mode 100644 sonic.sega.jp/SonicRacingCrossWorlds/assets/images/common/bgobject03.png
 create mode 100644 sonic.sega.jp/SonicRacingCrossWorlds/assets/images/common/btn-arr.webp
 create mode 100644 sonic.sega.jp/SonicRacingCrossWorlds/assets/images/common/btn-bottomray.webp
 create mode 100644 sonic.sega.jp/SonicRacingCrossWorlds/assets/images/common/checkered-b.webp
 create mode 100644 sonic.sega.jp/SonicRacingCrossWorlds/assets/images/common/checkered-db.webp
 create mode 100644 sonic.sega.jp/SonicRacingCrossWorlds/assets/images/common/checkered-w.webp
 create mode 100644 sonic.sega.jp/SonicRacingCrossWorlds/assets/images/common/checkered-y.webp
 create mode 100644 sonic.sega.jp/SonicRacingCrossWorlds/assets/images/common/checkeredbg-y-lb.webp
 create mode 100644 sonic.sega.jp/SonicRacingCrossWorlds/assets/images/common/checkeredbg-y-rt.webp
 create mode 100644 sonic.sega.jp/SonicRacingCrossWorlds/assets/images/common/checkeredbg.webp
 create mode 100644 sonic.sega.jp/SonicRacingCrossWorlds/assets/images/common/close.png
 create mode 100644 sonic.sega.jp/SonicRacingCrossWorlds/assets/images/common/common_menubg-pc.png
 create mode 100644 sonic.sega.jp/SonicRacingCrossWorlds/assets/images/common/contentBg-pc.webp
 create mode 100644 sonic.sega.jp/SonicRacingCrossWorlds/assets/images/common/contentBg-sp.webp
 create mode 100644 sonic.sega.jp/SonicRacingCrossWorlds/assets/images/common/courses/SS/crossss01.png
 create mode 100644 sonic.sega.jp/SonicRacingCrossWorlds/assets/images/common/courses/SS/crossss02.png
 create mode 100644 sonic.sega.jp/SonicRacingCrossWorlds/assets/images/common/courses/SS/crossss03.png
 create mode 100644 sonic.sega.jp/SonicRacingCrossWorlds/assets/images/common/courses/SS/crossss04.png
 create mode 100644 sonic.sega.jp/SonicRacingCrossWorlds/assets/images/common/courses/SS/crossss05.png
 create mode 100644 sonic.sega.jp/SonicRacingCrossWorlds/assets/images/common/courses/SS/crossss06.png
 create mode 100644 sonic.sega.jp/SonicRacingCrossWorlds/assets/images/common/courses/SS/crossss07.png
 create mode 100644 sonic.sega.jp/SonicRacingCrossWorlds/assets/images/common/courses/SS/mainss01.png
 create mode 100644 sonic.sega.jp/SonicRacingCrossWorlds/assets/images/common/courses/SS/mainss02.png
 create mode 100644 sonic.sega.jp/SonicRacingCrossWorlds/assets/images/common/courses/SS/mainss03.png
 create mode 100644 sonic.sega.jp/SonicRacingCrossWorlds/assets/images/common/courses/SS/mainss04.png
 create mode 100644 sonic.sega.jp/SonicRacingCrossWorlds/assets/images/common/courses/SS/mainss05.png
 create mode 100644 sonic.sega.jp/SonicRacingCrossWorlds/assets/images/common/courses/SS/mainss06.png
 create mode 100644 sonic.sega.jp/SonicRacingCrossWorlds/assets/images/common/courses/SS/mainss07.png
 create mode 100644 sonic.sega.jp/SonicRacingCrossWorlds/assets/images/common/courses/SS/mainss08.png
 create mode 100644 sonic.sega.jp/SonicRacingCrossWorlds/assets/images/common/courses/SS/mainss09.png
 create mode 100644 sonic.sega.jp/SonicRacingCrossWorlds/assets/images/common/courses/SS/mainss10.png
 create mode 100644 sonic.sega.jp/SonicRacingCrossWorlds/assets/images/common/courses/SS/mnc01.jpg
 create mode 100644 sonic.sega.jp/SonicRacingCrossWorlds/assets/images/common/courses/crossbg.png
 create mode 100644 sonic.sega.jp/SonicRacingCrossWorlds/assets/images/common/courses/crosstitlebg-pc.png
 create mode 100644 sonic.sega.jp/SonicRacingCrossWorlds/assets/images/common/courses/crosstitlebg-sp.png
 create mode 100644 sonic.sega.jp/SonicRacingCrossWorlds/assets/images/common/courses/crosstitlebg.png
 create mode 100644 sonic.sega.jp/SonicRacingCrossWorlds/assets/images/common/courses/dlccmbg.png
 create mode 100644 sonic.sega.jp/SonicRacingCrossWorlds/assets/images/common/courses/dlcss-mnc.png
 create mode 100644 sonic.sega.jp/SonicRacingCrossWorlds/assets/images/common/courses/mainbg.png
 create mode 100644 sonic.sega.jp/SonicRacingCrossWorlds/assets/images/common/courses/pagetitle.png
 create mode 100644 sonic.sega.jp/SonicRacingCrossWorlds/assets/images/common/courses/raydlc-bottom.png
 create mode 100644 sonic.sega.jp/SonicRacingCrossWorlds/assets/images/common/courses/raydlc-top.png
 create mode 100644 sonic.sega.jp/SonicRacingCrossWorlds/assets/images/common/courses/star.png
 create mode 100644 sonic.sega.jp/SonicRacingCrossWorlds/assets/images/common/dlctitle-mnc.png
 create mode 100644 sonic.sega.jp/SonicRacingCrossWorlds/assets/images/common/gizamask.png
 create mode 100644 sonic.sega.jp/SonicRacingCrossWorlds/assets/images/common/guide/benefit01.png
 create mode 100644 sonic.sega.jp/SonicRacingCrossWorlds/assets/images/common/guide/cs01.jpg
 create mode 100644 sonic.sega.jp/SonicRacingCrossWorlds/assets/images/common/guide/csbg.png
 create mode 100644 sonic.sega.jp/SonicRacingCrossWorlds/assets/images/common/guide/mesh.png
 create mode 100644 sonic.sega.jp/SonicRacingCrossWorlds/assets/images/common/guide/mncpack.png
 create mode 100644 sonic.sega.jp/SonicRacingCrossWorlds/assets/images/common/guide/mncpack01.png
 create mode 100644 sonic.sega.jp/SonicRacingCrossWorlds/assets/images/common/guide/newwindow.png
 create mode 100644 sonic.sega.jp/SonicRacingCrossWorlds/assets/images/common/guide/package.png
 create mode 100644 sonic.sega.jp/SonicRacingCrossWorlds/assets/images/common/guide/pass-mnc.jpg
 create mode 100644 sonic.sega.jp/SonicRacingCrossWorlds/assets/images/common/guide/passtitlebg.png
 create mode 100644 sonic.sega.jp/SonicRacingCrossWorlds/assets/images/common/guide/prime.png
 create mode 100644 sonic.sega.jp/SonicRacingCrossWorlds/assets/images/common/header-pc.png
 create mode 100644 sonic.sega.jp/SonicRacingCrossWorlds/assets/images/common/header-sp.png
 create mode 100644 sonic.sega.jp/SonicRacingCrossWorlds/assets/images/common/irondot01.png
 create mode 100644 sonic.sega.jp/SonicRacingCrossWorlds/assets/images/common/irondot02.png
 create mode 100644 sonic.sega.jp/SonicRacingCrossWorlds/assets/images/common/itemtitlebg.png
 create mode 100644 sonic.sega.jp/SonicRacingCrossWorlds/assets/images/common/lang.webp
 create mode 100644 sonic.sega.jp/SonicRacingCrossWorlds/assets/images/common/line-l-pc.png
 create mode 100644 sonic.sega.jp/SonicRacingCrossWorlds/assets/images/common/line-l-sp.png
 create mode 100644 sonic.sega.jp/SonicRacingCrossWorlds/assets/images/common/line-r-pc.png
 create mode 100644 sonic.sega.jp/SonicRacingCrossWorlds/assets/images/common/line-r-sp.png
 create mode 100644 sonic.sega.jp/SonicRacingCrossWorlds/assets/images/common/line01-l-pc.png
 create mode 100644 sonic.sega.jp/SonicRacingCrossWorlds/assets/images/common/line01-l-sp.png
 create mode 100644 sonic.sega.jp/SonicRacingCrossWorlds/assets/images/common/line01-r-pc.png
 create mode 100644 sonic.sega.jp/SonicRacingCrossWorlds/assets/images/common/line01-r-sp.png
 create mode 100644 sonic.sega.jp/SonicRacingCrossWorlds/assets/images/common/line02-l-pc.png
 create mode 100644 sonic.sega.jp/SonicRacingCrossWorlds/assets/images/common/line02-l-sp.png
 create mode 100644 sonic.sega.jp/SonicRacingCrossWorlds/assets/images/common/line02-r-pc.png
 create mode 100644 sonic.sega.jp/SonicRacingCrossWorlds/assets/images/common/line02-r-sp.png
 create mode 100644 sonic.sega.jp/SonicRacingCrossWorlds/assets/images/common/lineflame-lb.webp
 create mode 100644 sonic.sega.jp/SonicRacingCrossWorlds/assets/images/common/lineflame-lt.webp
 create mode 100644 sonic.sega.jp/SonicRacingCrossWorlds/assets/images/common/lineflame-rb.webp
 create mode 100644 sonic.sega.jp/SonicRacingCrossWorlds/assets/images/common/lineflame-rt.webp
 create mode 100644 sonic.sega.jp/SonicRacingCrossWorlds/assets/images/common/machines/addmachine01.png
 create mode 100644 sonic.sega.jp/SonicRacingCrossWorlds/assets/images/common/machines/addmachine02.png
 create mode 100644 sonic.sega.jp/SonicRacingCrossWorlds/assets/images/common/machines/addmachine03.png
 create mode 100644 sonic.sega.jp/SonicRacingCrossWorlds/assets/images/common/machines/addmachine04.png
 create mode 100644 sonic.sega.jp/SonicRacingCrossWorlds/assets/images/common/machines/addmachinebg01.png
 create mode 100644 sonic.sega.jp/SonicRacingCrossWorlds/assets/images/common/machines/addmachinebg02.png
 create mode 100644 sonic.sega.jp/SonicRacingCrossWorlds/assets/images/common/machines/addmachinebg03.png
 create mode 100644 sonic.sega.jp/SonicRacingCrossWorlds/assets/images/common/machines/addmachinebg04.png
 create mode 100644 sonic.sega.jp/SonicRacingCrossWorlds/assets/images/common/machines/machinebase-pc-left.png
 create mode 100644 sonic.sega.jp/SonicRacingCrossWorlds/assets/images/common/machines/machinebase-pc-right.png
 create mode 100644 sonic.sega.jp/SonicRacingCrossWorlds/assets/images/common/machines/machineroop.png
 create mode 100644 sonic.sega.jp/SonicRacingCrossWorlds/assets/images/common/machines/pagetitle.png
 create mode 100644 sonic.sega.jp/SonicRacingCrossWorlds/assets/images/common/machines/ss01.jpg
 create mode 100644 sonic.sega.jp/SonicRacingCrossWorlds/assets/images/common/machines/ss02.jpg
 create mode 100644 sonic.sega.jp/SonicRacingCrossWorlds/assets/images/common/machines/type01.png
 create mode 100644 sonic.sega.jp/SonicRacingCrossWorlds/assets/images/common/machines/type02.png
 create mode 100644 sonic.sega.jp/SonicRacingCrossWorlds/assets/images/common/machines/type03.png
 create mode 100644 sonic.sega.jp/SonicRacingCrossWorlds/assets/images/common/machines/type04.png
 create mode 100644 sonic.sega.jp/SonicRacingCrossWorlds/assets/images/common/machines/type05.png
 create mode 100644 sonic.sega.jp/SonicRacingCrossWorlds/assets/images/common/menu-bg.webp
 create mode 100644 sonic.sega.jp/SonicRacingCrossWorlds/assets/images/common/menu-close.webp
 create mode 100644 sonic.sega.jp/SonicRacingCrossWorlds/assets/images/common/menu-open.webp
 create mode 100644 sonic.sega.jp/SonicRacingCrossWorlds/assets/images/common/mesh.png
 create mode 100644 sonic.sega.jp/SonicRacingCrossWorlds/assets/images/common/news/250607/chara01.png
 create mode 100644 sonic.sega.jp/SonicRacingCrossWorlds/assets/images/common/news/250607/chara02.png
 create mode 100644 sonic.sega.jp/SonicRacingCrossWorlds/assets/images/common/news/250607/chara03.png
 create mode 100644 sonic.sega.jp/SonicRacingCrossWorlds/assets/images/common/news/250607/mncchara01.png
 create mode 100644 sonic.sega.jp/SonicRacingCrossWorlds/assets/images/common/news/250607/mncchara02.png
 create mode 100644 sonic.sega.jp/SonicRacingCrossWorlds/assets/images/common/news/250607/mncchara03.png
 create mode 100644 sonic.sega.jp/SonicRacingCrossWorlds/assets/images/common/news/250607/thumb01mnc.jpg
 create mode 100644 sonic.sega.jp/SonicRacingCrossWorlds/assets/images/common/news/250607/thumb01news.jpg
 create mode 100644 sonic.sega.jp/SonicRacingCrossWorlds/assets/images/common/news/250607/thumb01news2bro.jpg
 create mode 100644 sonic.sega.jp/SonicRacingCrossWorlds/assets/images/common/news/bg-pc.webp
 create mode 100644 sonic.sega.jp/SonicRacingCrossWorlds/assets/images/common/news/pagetitle.png
 create mode 100644 sonic.sega.jp/SonicRacingCrossWorlds/assets/images/common/news/titile-bottomray.png
 create mode 100644 sonic.sega.jp/SonicRacingCrossWorlds/assets/images/common/pf/Steam.png
 create mode 100644 sonic.sega.jp/SonicRacingCrossWorlds/assets/images/common/pf/epic.png
 create mode 100644 sonic.sega.jp/SonicRacingCrossWorlds/assets/images/common/pf/ps.png
 create mode 100644 sonic.sega.jp/SonicRacingCrossWorlds/assets/images/common/pf/switch01.svg
 create mode 100644 sonic.sega.jp/SonicRacingCrossWorlds/assets/images/common/pf/xbox.png
 create mode 100644 sonic.sega.jp/SonicRacingCrossWorlds/assets/images/common/pf/xboxs_xs.png
 create mode 100644 sonic.sega.jp/SonicRacingCrossWorlds/assets/images/common/play.png
 create mode 100644 sonic.sega.jp/SonicRacingCrossWorlds/assets/images/common/question.png
 create mode 100644 sonic.sega.jp/SonicRacingCrossWorlds/assets/images/common/racers/bnsbg01.png
 create mode 100644 sonic.sega.jp/SonicRacingCrossWorlds/assets/images/common/racers/ddebg01.png
 create mode 100644 sonic.sega.jp/SonicRacingCrossWorlds/assets/images/common/racers/ddebg02.png
 create mode 100644 sonic.sega.jp/SonicRacingCrossWorlds/assets/images/common/racers/ddebg03.png
 create mode 100644 sonic.sega.jp/SonicRacingCrossWorlds/assets/images/common/racers/free01.png
 create mode 100644 sonic.sega.jp/SonicRacingCrossWorlds/assets/images/common/racers/free02.png
 create mode 100644 sonic.sega.jp/SonicRacingCrossWorlds/assets/images/common/racers/free03.png
 create mode 100644 sonic.sega.jp/SonicRacingCrossWorlds/assets/images/common/racers/mainbg01.png
 create mode 100644 sonic.sega.jp/SonicRacingCrossWorlds/assets/images/common/racers/mainbg02.png
 create mode 100644 sonic.sega.jp/SonicRacingCrossWorlds/assets/images/common/racers/mainbg03.png
 create mode 100644 sonic.sega.jp/SonicRacingCrossWorlds/assets/images/common/racers/mainbg04.png
 create mode 100644 sonic.sega.jp/SonicRacingCrossWorlds/assets/images/common/racers/mainbg05.png
 create mode 100644 sonic.sega.jp/SonicRacingCrossWorlds/assets/images/common/racers/pagetitle.png
 create mode 100644 sonic.sega.jp/SonicRacingCrossWorlds/assets/images/common/ringframe.webp
 create mode 100644 sonic.sega.jp/SonicRacingCrossWorlds/assets/images/common/slashline.png
 create mode 100644 sonic.sega.jp/SonicRacingCrossWorlds/assets/images/common/sns/instagram.png
 create mode 100644 sonic.sega.jp/SonicRacingCrossWorlds/assets/images/common/sns/share-f.webp
 create mode 100644 sonic.sega.jp/SonicRacingCrossWorlds/assets/images/common/sns/share-l.webp
 create mode 100644 sonic.sega.jp/SonicRacingCrossWorlds/assets/images/common/sns/share-x.webp
 create mode 100644 sonic.sega.jp/SonicRacingCrossWorlds/assets/images/common/sns/sns_facebook.png
 create mode 100644 sonic.sega.jp/SonicRacingCrossWorlds/assets/images/common/sns/sns_line.png
 create mode 100644 sonic.sega.jp/SonicRacingCrossWorlds/assets/images/common/sns/sns_x.png
 create mode 100644 sonic.sega.jp/SonicRacingCrossWorlds/assets/images/common/sns/weibo.png
 create mode 100644 sonic.sega.jp/SonicRacingCrossWorlds/assets/images/common/titleray.png
 create mode 100644 sonic.sega.jp/SonicRacingCrossWorlds/assets/images/common/top/cs.webp
 create mode 100644 sonic.sega.jp/SonicRacingCrossWorlds/assets/images/common/top/kv-sp.png
 create mode 100644 sonic.sega.jp/SonicRacingCrossWorlds/assets/images/common/top/kv.jpg
 create mode 100644 sonic.sega.jp/SonicRacingCrossWorlds/assets/images/common/top/news-bgtxt.png
 create mode 100644 sonic.sega.jp/SonicRacingCrossWorlds/assets/images/common/top/newsbg-pc.webp
 create mode 100644 sonic.sega.jp/SonicRacingCrossWorlds/assets/images/common/top/newsbg-sp.webp
 create mode 100644 sonic.sega.jp/SonicRacingCrossWorlds/assets/images/common/top/newsline.png
 create mode 100644 sonic.sega.jp/SonicRacingCrossWorlds/assets/images/common/top/specbg-pc.webp
 create mode 100644 sonic.sega.jp/SonicRacingCrossWorlds/assets/images/common/top/specbg-sp.webp
 create mode 100644 sonic.sega.jp/SonicRacingCrossWorlds/assets/images/common/top/ss01.png
 create mode 100644 sonic.sega.jp/SonicRacingCrossWorlds/assets/images/common/top/ss02.png
 create mode 100644 sonic.sega.jp/SonicRacingCrossWorlds/assets/images/common/top/titile-intro.png
 create mode 100644 sonic.sega.jp/SonicRacingCrossWorlds/assets/images/common/top/titile-news.png
 create mode 100644 sonic.sega.jp/SonicRacingCrossWorlds/assets/images/common/top/video.png
 create mode 100644 sonic.sega.jp/SonicRacingCrossWorlds/assets/images/common/videos/pagetitle.png
 create mode 100644 sonic.sega.jp/SonicRacingCrossWorlds/assets/images/jp/guide/pagetitle.png
 create mode 100644 sonic.sega.jp/SonicRacingCrossWorlds/assets/images/jp/guide/segastore.png
 create mode 100644 sonic.sega.jp/SonicRacingCrossWorlds/assets/images/jp/logo.png
 create mode 100644 sonic.sega.jp/SonicRacingCrossWorlds/assets/images/jp/machines/txtimg01-pc.png
 create mode 100644 sonic.sega.jp/SonicRacingCrossWorlds/assets/images/jp/top/catch.png
 create mode 100644 sonic.sega.jp/SonicRacingCrossWorlds/assets/images/jp/videos/thumbnail/sgf.jpg
 create mode 100644 sonic.sega.jp/SonicRacingCrossWorlds/assets/js/about.js
 create mode 100644 sonic.sega.jp/SonicRacingCrossWorlds/assets/js/common.js
 create mode 100644 sonic.sega.jp/SonicRacingCrossWorlds/assets/js/courses.js
 create mode 100644 sonic.sega.jp/SonicRacingCrossWorlds/assets/js/guide.js
 create mode 100644 sonic.sega.jp/SonicRacingCrossWorlds/assets/js/libs/jquery-3.7.1.min.js
 create mode 100644 sonic.sega.jp/SonicRacingCrossWorlds/assets/js/libs/jquery.colorbox-min.js
 create mode 100644 sonic.sega.jp/SonicRacingCrossWorlds/assets/js/libs/jquery.inview.min.js
 create mode 100644 sonic.sega.jp/SonicRacingCrossWorlds/assets/js/libs/lenis.min.js
 create mode 100644 sonic.sega.jp/SonicRacingCrossWorlds/assets/js/libs/swiper-bundle.min.js
 create mode 100644 sonic.sega.jp/SonicRacingCrossWorlds/assets/js/libs/trig.min.js
 create mode 100644 sonic.sega.jp/SonicRacingCrossWorlds/assets/js/machines.js
 create mode 100644 sonic.sega.jp/SonicRacingCrossWorlds/assets/js/news.js
 create mode 100644 sonic.sega.jp/SonicRacingCrossWorlds/assets/js/racers.js
 create mode 100644 sonic.sega.jp/SonicRacingCrossWorlds/assets/js/top.js
 create mode 100644 sonic.sega.jp/SonicRacingCrossWorlds/assets/js/videos.js
 create mode 100644 sonic.sega.jp/SonicRacingCrossWorlds/assets/js/youtubeCall.js
 create mode 100644 sonic.sega.jp/SonicRacingCrossWorlds/courses.html
 create mode 100644 sonic.sega.jp/SonicRacingCrossWorlds/guide.html
 create mode 100644 sonic.sega.jp/SonicRacingCrossWorlds/machines.html
 create mode 100644 sonic.sega.jp/SonicRacingCrossWorlds/news/20250607Twobro.html
 create mode 100644 sonic.sega.jp/SonicRacingCrossWorlds/news/20250607minecraft.html
 create mode 100644 sonic.sega.jp/SonicRacingCrossWorlds/news/20250607update.html
 create mode 100644 sonic.sega.jp/SonicRacingCrossWorlds/racers.html
 create mode 100644 sonic.sega.jp/SonicRacingCrossWorlds/videos.html
