Already up to date.
[main 0bd4ba6852] files from 2022-10-19, 11:00:02
 50 files changed, 396 insertions(+), 112 deletions(-)
 create mode 100644 log/KrazeeTobi-2022-10-18_230042.log
 create mode 100644 log/KrazeeTobi-2022-10-19_073545.log
 create mode 100644 sonic.sega.jp/SonicFrontiers/comic/comic01.html
 create mode 100644 sonic.sega.jp/SonicFrontiers/comic/css/comic.css
 create mode 100644 sonic.sega.jp/SonicFrontiers/comic/images/containerTitle-pattern-left.png
 create mode 100644 sonic.sega.jp/SonicFrontiers/comic/images/containerTitle-pattern-right.png
 create mode 100644 sonic.sega.jp/SonicFrontiers/comic/images/tab01.png
 create mode 100644 sonic.sega.jp/SonicFrontiers/comic/images/tab02.png
 create mode 100644 sonic.sega.jp/SonicFrontiers/comic/images/trianime_gray_left.png
 create mode 100644 sonic.sega.jp/SonicFrontiers/comic/images/trianime_white_right.png
 rewrite sonic.sega.jp/SonicFrontiers/css/animation.css (78%)
 rewrite sonic.sega.jp/SonicFrontiers/css/component.css (88%)
 create mode 100644 sonic.sega.jp/SonicFrontiers/css/top.css@02
 create mode 100644 sonic.sega.jp/SonicFrontiers/images/slider-arrow01.png
 create mode 100644 sonic.sega.jp/SonicFrontiers/images/slider-arrow02.png
 create mode 100644 sonic.sega.jp/SonicFrontiers/products/css/product.css@02
 create mode 100644 sonic.sega.jp/SonicOrigins/images/movie/movie-thum-trailer09.jpg
 rewrite www.nintendo.co.jp/3ds/bgxj/about/images/extra_thumb_img03.png (99%)
 rewrite www.nintendo.co.jp/wiiu/aurj/common/images/character/img_character04_s.jpg (99%)
