Already up to date.
[main d9cb917e86] files from 2022-09-23, 10:53:25
 240 files changed, 5792 insertions(+), 4885 deletions(-)
 create mode 100644 archives/toyshow/toys/1999/February/22/index.html
 create mode 100644 archives/toyshow/toys/1999/February/8/index.html
 create mode 100644 archives/toyshow/toys/1999/January/25/index.html
 create mode 100644 log/KrazeeTobi-2022-09-23_064424.log
 create mode 100644 sonic.sega.jp/SonicChannel/assets_c/2022/09/calendar_2210_shadow_thm-thumb-220x220-4812.jpg
 create mode 100644 sonic.sega.jp/SonicChannel/assets_c/2022/09/event_220921_01_eye-thumb-640xauto-4806.jpg
 create mode 100644 sonic.sega.jp/SonicChannel/assets_c/2022/09/information_220922_01_eye-thumb-640xauto-4808.jpg
 create mode 100644 sonic.sega.jp/SonicChannel/assets_c/2022/09/ohghiri_2210_eye-thumb-640xauto-4815.jpg
 create mode 100644 sonic.sega.jp/SonicChannel/assets_c/2022/09/wallpaper_215_shadow_17_pc_thm-thumb-220x220-4813.jpg
 create mode 100644 sonic.sega.jp/SonicChannel/assets_c/2022/09/wallpaper_215_shadow_17_sp_thm-thumb-220x220-4814.jpg
 create mode 100644 sonic.sega.jp/SonicChannel/enjoy/image/calendar_2210_shadow.pdf
 create mode 100644 sonic.sega.jp/SonicChannel/enjoy/image/wallpaper_215_shadow_17_pc.png
 create mode 100644 sonic.sega.jp/SonicChannel/enjoy/image/wallpaper_215_shadow_17_sp.png
 create mode 100644 sonic.sega.jp/SonicChannel/fanart/image/fanart_2210_eye.jpg
 create mode 100644 sonic.sega.jp/SonicChannel/special/image/ohghiri_2210_eye.jpg
 create mode 100644 sonic.sega.jp/SonicChannel/special/ohgiri/20220922_003013/index.html
 create mode 100644 sonic.sega.jp/SonicChannel/topics/event/20220922_003008/index.html
 create mode 100644 sonic.sega.jp/SonicChannel/topics/image/event_220921_01_eye.jpg
 create mode 100644 sonic.sega.jp/SonicChannel/topics/image/information_220922_01_01.jpg
 create mode 100644 sonic.sega.jp/SonicChannel/topics/image/information_220922_01_eye.jpg
 create mode 100644 sonic.sega.jp/SonicChannel/topics/information/20220922_003009/index.html
 create mode 100644 sonic.sega.jp/SonicFrontiers/css/top.css@03
 create mode 100644 sonic.sega.jp/SonicFrontiers/products/css/product.css@04
 rewrite www.nintendo.co.jp/wiiu/abjj/sports/movie/digest.html (84%)
