Already up to date.
Deleted file - D:\GitHub\SonicChannelTrack\sonic.sega.jp\sonicchannel\about.1
Deleted file - D:\GitHub\SonicChannelTrack\sonic.sega.jp\sonicchannel\character.1
Deleted file - D:\GitHub\SonicChannelTrack\sonic.sega.jp\sonicchannel\fangallery.1
Deleted file - D:\GitHub\SonicChannelTrack\sonic.sega.jp\sonicchannel\special.1
Deleted file - D:\GitHub\SonicChannelTrack\sonic.sega.jp\sonicchannel\fangallery\apply.1
Deleted file - D:\GitHub\SonicChannelTrack\sonic.sega.jp\sonicchannel\fangallery\fanart.1
Deleted file - D:\GitHub\SonicChannelTrack\sonic.sega.jp\sonicchannel\fangallery\oshiete.1
Deleted file - D:\GitHub\SonicChannelTrack\sonic.sega.jp\sonicchannel\fangallery\screenshot.1
Deleted file - D:\GitHub\SonicChannelTrack\sonic.sega.jp\sonicchannel\special\sidestory.1
Deleted file - D:\GitHub\SonicChannelTrack\sonic.sega.jp\sonicchannel\special\sns.1
Deleted file - D:\GitHub\SonicChannelTrack\sonic.sega.jp\sonicchannel\special\staffcolumn.1
Deleted file - D:\GitHub\SonicChannelTrack\sonic.sega.jp\sonicchannel\special\gamecontents\soniccolors.1
Deleted file - D:\GitHub\SonicChannelTrack\sonic.sega.jp\sonicchannel\special\gamecontents\sonicforces.1
Deleted file - D:\GitHub\SonicChannelTrack\sonic.sega.jp\sonicchannel\special\gamecontents\sonicmania.1
Deleted file - D:\GitHub\SonicChannelTrack\sonic.sega.jp\sonicchannel\special\sidestory\comic.1
Deleted file - D:\GitHub\SonicChannelTrack\sonic.sega.jp\sonicchannel\special\sidestory\coverstory.1
Deleted file - D:\GitHub\SonicChannelTrack\sonic.sega.jp\sonicchannel\special\sidestory\ohgiri.1
Deleted file - D:\GitHub\SonicChannelTrack\sonic.sega.jp\sonicchannel\special\sidestory\sonicpict.1
Deleted file - D:\GitHub\SonicChannelTrack\sonic.sega.jp\sonicchannel\special\soundcolumn\ohtani.1
Deleted file - D:\GitHub\SonicChannelTrack\sonic.sega.jp\sonicchannel\special\soundcolumn\senoue.1
Deleted file - D:\GitHub\SonicChannelTrack\sonic.sega.jp\sonicchannel\topics\collaboration.1
Deleted file - D:\GitHub\SonicChannelTrack\sonic.sega.jp\sonicchannel\topics\event.1
Deleted file - D:\GitHub\SonicChannelTrack\sonic.sega.jp\sonicchannel\topics\goods.1
Deleted file - D:\GitHub\SonicChannelTrack\sonic.sega.jp\sonicchannel\topics\information.1
Deleted file - D:\GitHub\SonicChannelTrack\sonic.sega.jp\sonicchannel\topics\sound.1
Deleted file - D:\GitHub\SonicChannelTrack\sonic.sega.jp\sonicchannel\topics\goods\20190607_001917.1
Deleted file - D:\GitHub\SonicChannelTrack\sonic.sega.jp\sonicchannel\about.2
Deleted file - D:\GitHub\SonicChannelTrack\sonic.sega.jp\sonicchannel\character.2
Deleted file - D:\GitHub\SonicChannelTrack\sonic.sega.jp\sonicchannel\fangallery.2
Deleted file - D:\GitHub\SonicChannelTrack\sonic.sega.jp\sonicchannel\special.2
Deleted file - D:\GitHub\SonicChannelTrack\sonic.sega.jp\sonicchannel\fangallery\apply.2
Deleted file - D:\GitHub\SonicChannelTrack\sonic.sega.jp\sonicchannel\fangallery\fanart.2
Deleted file - D:\GitHub\SonicChannelTrack\sonic.sega.jp\sonicchannel\fangallery\oshiete.2
Deleted file - D:\GitHub\SonicChannelTrack\sonic.sega.jp\sonicchannel\fangallery\screenshot.2
Deleted file - D:\GitHub\SonicChannelTrack\sonic.sega.jp\sonicchannel\special\sidestory.2
Deleted file - D:\GitHub\SonicChannelTrack\sonic.sega.jp\sonicchannel\special\sns.2
Deleted file - D:\GitHub\SonicChannelTrack\sonic.sega.jp\sonicchannel\special\staffcolumn.2
Deleted file - D:\GitHub\SonicChannelTrack\sonic.sega.jp\sonicchannel\special\gamecontents\soniccolors.2
Deleted file - D:\GitHub\SonicChannelTrack\sonic.sega.jp\sonicchannel\special\gamecontents\sonicforces.2
Deleted file - D:\GitHub\SonicChannelTrack\sonic.sega.jp\sonicchannel\special\gamecontents\sonicmania.2
Deleted file - D:\GitHub\SonicChannelTrack\sonic.sega.jp\sonicchannel\special\sidestory\comic.2
Deleted file - D:\GitHub\SonicChannelTrack\sonic.sega.jp\sonicchannel\special\sidestory\coverstory.2
Deleted file - D:\GitHub\SonicChannelTrack\sonic.sega.jp\sonicchannel\special\sidestory\ohgiri.2
Deleted file - D:\GitHub\SonicChannelTrack\sonic.sega.jp\sonicchannel\special\sidestory\sonicpict.2
Deleted file - D:\GitHub\SonicChannelTrack\sonic.sega.jp\sonicchannel\special\soundcolumn\ohtani.2
Deleted file - D:\GitHub\SonicChannelTrack\sonic.sega.jp\sonicchannel\special\soundcolumn\senoue.2
Deleted file - D:\GitHub\SonicChannelTrack\sonic.sega.jp\sonicchannel\topics\collaboration.2
Deleted file - D:\GitHub\SonicChannelTrack\sonic.sega.jp\sonicchannel\topics\event.2
Deleted file - D:\GitHub\SonicChannelTrack\sonic.sega.jp\sonicchannel\topics\goods.2
Deleted file - D:\GitHub\SonicChannelTrack\sonic.sega.jp\sonicchannel\topics\information.2
Deleted file - D:\GitHub\SonicChannelTrack\sonic.sega.jp\sonicchannel\topics\sound.2
Deleted file - D:\GitHub\SonicChannelTrack\sonic.sega.jp\sonicchannel\about.3
Deleted file - D:\GitHub\SonicChannelTrack\sonic.sega.jp\sonicchannel\character.3
Deleted file - D:\GitHub\SonicChannelTrack\sonic.sega.jp\sonicchannel\fangallery.3
Deleted file - D:\GitHub\SonicChannelTrack\sonic.sega.jp\sonicchannel\fangallery\apply.3
Deleted file - D:\GitHub\SonicChannelTrack\sonic.sega.jp\sonicchannel\fangallery\fanart.3
Deleted file - D:\GitHub\SonicChannelTrack\sonic.sega.jp\sonicchannel\fangallery\oshiete.3
Deleted file - D:\GitHub\SonicChannelTrack\sonic.sega.jp\sonicchannel\fangallery\screenshot.3
Deleted file - D:\GitHub\SonicChannelTrack\sonic.sega.jp\sonicchannel\special\sidestory.3
Deleted file - D:\GitHub\SonicChannelTrack\sonic.sega.jp\sonicchannel\special\sns.3
Deleted file - D:\GitHub\SonicChannelTrack\sonic.sega.jp\sonicchannel\special\staffcolumn.3
Deleted file - D:\GitHub\SonicChannelTrack\sonic.sega.jp\sonicchannel\special\gamecontents\soniccolors.3
Deleted file - D:\GitHub\SonicChannelTrack\sonic.sega.jp\sonicchannel\special\gamecontents\sonicforces.3
Deleted file - D:\GitHub\SonicChannelTrack\sonic.sega.jp\sonicchannel\special\gamecontents\sonicmania.3
Deleted file - D:\GitHub\SonicChannelTrack\sonic.sega.jp\sonicchannel\special\sidestory\comic.3
Deleted file - D:\GitHub\SonicChannelTrack\sonic.sega.jp\sonicchannel\special\sidestory\coverstory.3
Deleted file - D:\GitHub\SonicChannelTrack\sonic.sega.jp\sonicchannel\special\sidestory\ohgiri.3
Deleted file - D:\GitHub\SonicChannelTrack\sonic.sega.jp\sonicchannel\special\sidestory\sonicpict.3
Deleted file - D:\GitHub\SonicChannelTrack\sonic.sega.jp\sonicchannel\special\soundcolumn\ohtani.3
Deleted file - D:\GitHub\SonicChannelTrack\sonic.sega.jp\sonicchannel\special\soundcolumn\senoue.3
Deleted file - D:\GitHub\SonicChannelTrack\sonic.sega.jp\sonicchannel\topics\collaboration.3
Deleted file - D:\GitHub\SonicChannelTrack\sonic.sega.jp\sonicchannel\topics\event.3
Deleted file - D:\GitHub\SonicChannelTrack\sonic.sega.jp\sonicchannel\topics\goods.3
Deleted file - D:\GitHub\SonicChannelTrack\sonic.sega.jp\sonicchannel\topics\information.3
Deleted file - D:\GitHub\SonicChannelTrack\sonic.sega.jp\sonicchannel\topics\sound.3
Deleted file - D:\GitHub\SonicChannelTrack\sonic.sega.jp\sonicchannel\about.4
Deleted file - D:\GitHub\SonicChannelTrack\sonic.sega.jp\sonicchannel\character.4
Deleted file - D:\GitHub\SonicChannelTrack\sonic.sega.jp\sonicchannel\fangallery.4
Deleted file - D:\GitHub\SonicChannelTrack\sonic.sega.jp\sonicchannel\fangallery\apply.4
Deleted file - D:\GitHub\SonicChannelTrack\sonic.sega.jp\sonicchannel\fangallery\fanart.4
Deleted file - D:\GitHub\SonicChannelTrack\sonic.sega.jp\sonicchannel\fangallery\oshiete.4
Deleted file - D:\GitHub\SonicChannelTrack\sonic.sega.jp\sonicchannel\fangallery\screenshot.4
Deleted file - D:\GitHub\SonicChannelTrack\sonic.sega.jp\sonicchannel\special\sidestory.4
Deleted file - D:\GitHub\SonicChannelTrack\sonic.sega.jp\sonicchannel\special\staffcolumn.4
Deleted file - D:\GitHub\SonicChannelTrack\sonic.sega.jp\sonicchannel\special\gamecontents\soniccolors.4
Deleted file - D:\GitHub\SonicChannelTrack\sonic.sega.jp\sonicchannel\special\gamecontents\sonicforces.4
Deleted file - D:\GitHub\SonicChannelTrack\sonic.sega.jp\sonicchannel\special\sidestory\comic.4
Deleted file - D:\GitHub\SonicChannelTrack\sonic.sega.jp\sonicchannel\special\sidestory\coverstory.4
Deleted file - D:\GitHub\SonicChannelTrack\sonic.sega.jp\sonicchannel\special\sidestory\ohgiri.4
Deleted file - D:\GitHub\SonicChannelTrack\sonic.sega.jp\sonicchannel\topics\collaboration.4
Deleted file - D:\GitHub\SonicChannelTrack\sonic.sega.jp\sonicchannel\topics\event.4
Deleted file - D:\GitHub\SonicChannelTrack\sonic.sega.jp\sonicchannel\topics\goods.4
Deleted file - D:\GitHub\SonicChannelTrack\sonic.sega.jp\sonicchannel\topics\information.4
Deleted file - D:\GitHub\SonicChannelTrack\sonic.sega.jp\sonicchannel\topics\sound.4
Deleted file - D:\GitHub\SonicChannelTrack\www.olympicvideogames.com\sonic\br.1
Deleted file - D:\GitHub\SonicChannelTrack\www.olympicvideogames.com\sonic\cn.1
Deleted file - D:\GitHub\SonicChannelTrack\www.olympicvideogames.com\sonic\de.1
Deleted file - D:\GitHub\SonicChannelTrack\www.olympicvideogames.com\sonic\en.1
Deleted file - D:\GitHub\SonicChannelTrack\www.olympicvideogames.com\sonic\es.1
Deleted file - D:\GitHub\SonicChannelTrack\www.olympicvideogames.com\sonic\fr.1
Deleted file - D:\GitHub\SonicChannelTrack\www.olympicvideogames.com\sonic\it.1
Deleted file - D:\GitHub\SonicChannelTrack\www.olympicvideogames.com\sonic\jp.1
Deleted file - D:\GitHub\SonicChannelTrack\www.olympicvideogames.com\sonic\kr.1
Deleted file - D:\GitHub\SonicChannelTrack\www.olympicvideogames.com\sonic\nl.1
Deleted file - D:\GitHub\SonicChannelTrack\www.olympicvideogames.com\sonic\ru.1
Deleted file - D:\GitHub\SonicChannelTrack\www.olympicvideogames.com\sonic\zh.1
Deleted file - D:\GitHub\SonicChannelTrack\sonicteam.com\SonicWorldAdventure\director.1
Deleted file - D:\GitHub\SonicChannelTrack\sonicteam.com\SonicWorldAdventure\hamidashi.1
[main 2291ae3d507] files from 2024-02-02, 12:42:22
 107 files changed, 2501 insertions(+), 1030 deletions(-)
 create mode 100644 log/KrazeeTobi-2024-02-02_080747.log
 create mode 100644 sonic.sega.jp/SonicChannel/assets_c/2024/02/fanart_2402_eye-thumb-640xauto-5407.jpg
 create mode 100644 sonic.sega.jp/SonicChannel/assets_c/2024/02/screenshot_2402_eye-thumb-640xauto-5406.jpg
 create mode 100644 sonic.sega.jp/SonicChannel/common/css/img/icons.png
 create mode 100644 sonic.sega.jp/SonicChannel/common/css/img/loader.gif
 create mode 100644 sonic.sega.jp/SonicChannel/fangallery/fanart/20240201_008451/index.html
 create mode 100644 sonic.sega.jp/SonicChannel/fangallery/fanart/image/2402_0001.jpg
 create mode 100644 sonic.sega.jp/SonicChannel/fangallery/fanart/image/2402_0002.jpg
 create mode 100644 sonic.sega.jp/SonicChannel/fangallery/fanart/image/2402_0003.jpg
 create mode 100644 sonic.sega.jp/SonicChannel/fangallery/fanart/image/2402_0004.jpg
 create mode 100644 sonic.sega.jp/SonicChannel/fangallery/fanart/image/2402_0005.jpg
 create mode 100644 sonic.sega.jp/SonicChannel/fangallery/fanart/image/2402_0006.jpg
 create mode 100644 sonic.sega.jp/SonicChannel/fangallery/fanart/image/2402_0007.jpg
 create mode 100644 sonic.sega.jp/SonicChannel/fangallery/fanart/image/2402_0008.jpg
 create mode 100644 sonic.sega.jp/SonicChannel/fangallery/fanart/image/2402_0009.jpg
 create mode 100644 sonic.sega.jp/SonicChannel/fangallery/fanart/image/2402_0010.jpg
 create mode 100644 sonic.sega.jp/SonicChannel/fangallery/fanart/image/2402_0011.jpg
 create mode 100644 sonic.sega.jp/SonicChannel/fangallery/fanart/image/2402_0012.jpg
 create mode 100644 sonic.sega.jp/SonicChannel/fangallery/fanart/image/2402_0013.jpg
 create mode 100644 sonic.sega.jp/SonicChannel/fangallery/fanart/image/2402_0014.jpg
 create mode 100644 sonic.sega.jp/SonicChannel/fangallery/fanart/image/2402_0015.jpg
 create mode 100644 sonic.sega.jp/SonicChannel/fangallery/fanart/image/2402_0016.jpg
 create mode 100644 sonic.sega.jp/SonicChannel/fangallery/fanart/image/2402_0017.jpg
 create mode 100644 sonic.sega.jp/SonicChannel/fangallery/fanart/image/2402_0018.jpg
 create mode 100644 sonic.sega.jp/SonicChannel/fangallery/fanart/image/2402_0019.jpg
 create mode 100644 sonic.sega.jp/SonicChannel/fangallery/fanart/image/2402_0020.jpg
 create mode 100644 sonic.sega.jp/SonicChannel/fangallery/fanart/image/2402_0021.jpg
 create mode 100644 sonic.sega.jp/SonicChannel/fangallery/fanart/image/2402_0022.jpg
 create mode 100644 sonic.sega.jp/SonicChannel/fangallery/fanart/image/2402_0023.jpg
 create mode 100644 sonic.sega.jp/SonicChannel/fangallery/fanart/image/2402_0024.jpg
 create mode 100644 sonic.sega.jp/SonicChannel/fangallery/fanart/image/2402_0025.jpg
 create mode 100644 sonic.sega.jp/SonicChannel/fangallery/fanart/image/2402_0026.jpg
 create mode 100644 sonic.sega.jp/SonicChannel/fangallery/fanart/image/2402_0027.jpg
 create mode 100644 sonic.sega.jp/SonicChannel/fangallery/fanart/image/2402_0028.jpg
 create mode 100644 sonic.sega.jp/SonicChannel/fangallery/fanart/image/2402_0029.jpg
 create mode 100644 sonic.sega.jp/SonicChannel/fangallery/fanart/image/2402_0030.jpg
 create mode 100644 sonic.sega.jp/SonicChannel/fangallery/fanart/image/s2402_0001.jpg
 create mode 100644 sonic.sega.jp/SonicChannel/fangallery/fanart/image/s2402_0002.jpg
 create mode 100644 sonic.sega.jp/SonicChannel/fangallery/fanart/image/s2402_0003.jpg
 create mode 100644 sonic.sega.jp/SonicChannel/fangallery/fanart/image/s2402_0004.jpg
 create mode 100644 sonic.sega.jp/SonicChannel/fangallery/fanart/image/s2402_0005.jpg
 create mode 100644 sonic.sega.jp/SonicChannel/fangallery/fanart/image/s2402_0006.jpg
 create mode 100644 sonic.sega.jp/SonicChannel/fangallery/fanart/image/s2402_0007.jpg
 create mode 100644 sonic.sega.jp/SonicChannel/fangallery/fanart/image/s2402_0008.jpg
 create mode 100644 sonic.sega.jp/SonicChannel/fangallery/fanart/image/s2402_0009.jpg
 create mode 100644 sonic.sega.jp/SonicChannel/fangallery/fanart/image/s2402_0010.jpg
 create mode 100644 sonic.sega.jp/SonicChannel/fangallery/fanart/image/s2402_0011.jpg
 create mode 100644 sonic.sega.jp/SonicChannel/fangallery/fanart/image/s2402_0012.jpg
 create mode 100644 sonic.sega.jp/SonicChannel/fangallery/fanart/image/s2402_0013.jpg
 create mode 100644 sonic.sega.jp/SonicChannel/fangallery/fanart/image/s2402_0014.jpg
 create mode 100644 sonic.sega.jp/SonicChannel/fangallery/fanart/image/s2402_0015.jpg
 create mode 100644 sonic.sega.jp/SonicChannel/fangallery/fanart/image/s2402_0016.jpg
 create mode 100644 sonic.sega.jp/SonicChannel/fangallery/fanart/image/s2402_0017.jpg
 create mode 100644 sonic.sega.jp/SonicChannel/fangallery/fanart/image/s2402_0018.jpg
 create mode 100644 sonic.sega.jp/SonicChannel/fangallery/fanart/image/s2402_0019.jpg
 create mode 100644 sonic.sega.jp/SonicChannel/fangallery/fanart/image/s2402_0020.jpg
 create mode 100644 sonic.sega.jp/SonicChannel/fangallery/fanart/image/s2402_0021.jpg
 create mode 100644 sonic.sega.jp/SonicChannel/fangallery/fanart/image/s2402_0022.jpg
 create mode 100644 sonic.sega.jp/SonicChannel/fangallery/fanart/image/s2402_0023.jpg
 create mode 100644 sonic.sega.jp/SonicChannel/fangallery/fanart/image/s2402_0024.jpg
 create mode 100644 sonic.sega.jp/SonicChannel/fangallery/fanart/image/s2402_0025.jpg
 create mode 100644 sonic.sega.jp/SonicChannel/fangallery/fanart/image/s2402_0026.jpg
 create mode 100644 sonic.sega.jp/SonicChannel/fangallery/fanart/image/s2402_0027.jpg
 create mode 100644 sonic.sega.jp/SonicChannel/fangallery/fanart/image/s2402_0028.jpg
 create mode 100644 sonic.sega.jp/SonicChannel/fangallery/fanart/image/s2402_0029.jpg
 create mode 100644 sonic.sega.jp/SonicChannel/fangallery/fanart/image/s2402_0030.jpg
 create mode 100644 sonic.sega.jp/SonicChannel/fangallery/image/fanart_2402_eye.jpg
 create mode 100644 sonic.sega.jp/SonicChannel/fangallery/image/screenshot_2402_eye.jpg
 create mode 100644 sonic.sega.jp/SonicChannel/fangallery/index_8.html
 create mode 100644 sonic.sega.jp/SonicChannel/fangallery/screenshot/20240201_008450/index.html
 create mode 100644 sonic.sega.jp/SonicChannel/fangallery/screenshot/image/2402_0002.jpg
 create mode 100644 sonic.sega.jp/SonicChannel/fangallery/screenshot/image/2402_0003.jpg
 create mode 100644 sonic.sega.jp/SonicChannel/fangallery/screenshot/image/2402_0004.jpg
 create mode 100644 sonic.sega.jp/SonicChannel/fangallery/screenshot/image/2402_0005.jpg
 create mode 100644 sonic.sega.jp/SonicChannel/fangallery/screenshot/image/2402_0006.jpg
 create mode 100644 sonic.sega.jp/SonicChannel/fangallery/screenshot/image/2402_0007.jpg
 create mode 100644 sonic.sega.jp/SonicChannel/fangallery/screenshot/image/2402_0008.jpg
 create mode 100644 sonic.sega.jp/SonicChannel/fangallery/screenshot/image/2402_0009.jpg
 create mode 100644 sonic.sega.jp/SonicChannel/fangallery/screenshot/image/s2402_0002.jpg
 create mode 100644 sonic.sega.jp/SonicChannel/fangallery/screenshot/image/s2402_0003.jpg
 create mode 100644 sonic.sega.jp/SonicChannel/fangallery/screenshot/image/s2402_0004.jpg
 create mode 100644 sonic.sega.jp/SonicChannel/fangallery/screenshot/image/s2402_0005.jpg
 create mode 100644 sonic.sega.jp/SonicChannel/fangallery/screenshot/image/s2402_0006.jpg
 create mode 100644 sonic.sega.jp/SonicChannel/fangallery/screenshot/image/s2402_0007.jpg
 create mode 100644 sonic.sega.jp/SonicChannel/fangallery/screenshot/image/s2402_0008.jpg
 create mode 100644 sonic.sega.jp/SonicChannel/fangallery/screenshot/image/s2402_0009.jpg
 create mode 100644 sonic.sega.jp/SonicFrontiers/information/240201.html
 create mode 100644 sonic.sega.jp/SonicFrontiers/information/images/ogp-240201.jpg
