Already up to date.
[main 18e48c5fa] files from 2022-07-27, 10:39:44
 157 files changed, 1524 insertions(+), 1037 deletions(-)
 create mode 100644 log/KrazeeTobi-2022-07-27_062605.log
 create mode 100644 sonic-movie.jp/news/2022/07/26/sonic_0726/feed/index.html
 create mode 100644 sonic-movie.jp/news/2022/07/26/sonic_0726/index.html
 create mode 100644 sonic-movie.jp/news/index.html@p=868
 create mode 100644 sonic-movie.jp/news/wp-content/uploads/sites/81/2022/07/220726_01-300x155.jpg
 create mode 100644 sonic-movie.jp/news/wp-content/uploads/sites/81/2022/07/220726_01-768x398.jpg
 create mode 100644 sonic-movie.jp/news/wp-content/uploads/sites/81/2022/07/220726_01.jpg
 create mode 100644 sonic-movie.jp/news/wp-content/uploads/sites/81/2022/07/220726_03-300x200.jpg
 create mode 100644 sonic-movie.jp/news/wp-content/uploads/sites/81/2022/07/220726_03-768x511.jpg
 create mode 100644 sonic-movie.jp/news/wp-content/uploads/sites/81/2022/07/220726_03.jpg
 create mode 100644 sonic-movie.jp/news/wp-content/uploads/sites/81/2022/07/220726_04-300x200.jpg
 create mode 100644 sonic-movie.jp/news/wp-content/uploads/sites/81/2022/07/220726_04-768x511.jpg
 create mode 100644 sonic-movie.jp/news/wp-content/uploads/sites/81/2022/07/220726_04.jpg
 create mode 100644 sonic-movie.jp/news/wp-content/uploads/sites/81/2022/07/220727_02-300x200.jpg
 create mode 100644 sonic-movie.jp/news/wp-content/uploads/sites/81/2022/07/220727_02-768x512.jpg
 create mode 100644 sonic-movie.jp/news/wp-content/uploads/sites/81/2022/07/220727_02.jpg
 create mode 100644 sonic-movie.jp/news/wp-json/oembed/1.0/embed@url=https%3A%2F%2Fnews.eigafan.com%2Fsonic-movie%2F2022%2F07%2F26%2Fsonic_0726%2F
 create mode 100644 sonic-movie.jp/news/wp-json/oembed/1.0/embed@url=https%3A%2F%2Fnews.eigafan.com%2Fsonic-movie%2F2022%2F07%2F26%2Fsonic_0726%2F&format=xml
 create mode 100644 www.nintendo.co.jp/common/v1/img/bnr-nintendo_live--pc.png
 create mode 100644 www.nintendo.co.jp/common/v1/img/bnr-nintendo_live--sp.png
