Already up to date.
[main 47ea43e683] files from 2023-02-01, 12:04:50
 974 files changed, 5552 insertions(+), 5418 deletions(-)
 create mode 100644 archives/blog/2013/August/16/robots.txt
 create mode 100644 log/KrazeeTobi-2023-02-01_085257.log
 create mode 100644 sonic.sega.jp/SonicChannel/assets_c/2023/01/wallpaper_219_amy_18_pc_thm-thumb-220x220-5011.jpg
 create mode 100644 sonic.sega.jp/SonicChannel/assets_c/2023/01/wallpaper_219_amy_18_sp_thm-thumb-220x220-5012.jpg
 create mode 100644 sonic.sega.jp/SonicChannel/assets_c/2023/02/fanart_2302_eye-thumb-640xauto-5017.jpg
 create mode 100644 sonic.sega.jp/SonicChannel/assets_c/2023/02/staffcolumn_230201_01_eye-thumb-640xauto-5016.jpg
 create mode 100644 sonic.sega.jp/SonicChannel/contentpolicy.1
 create mode 100644 sonic.sega.jp/SonicChannel/contentpolicy.2
 create mode 100644 sonic.sega.jp/SonicChannel/contentpolicy/image/contentpolicy_eye.png
 create mode 100644 sonic.sega.jp/SonicChannel/contentpolicy/index.html
 create mode 100644 sonic.sega.jp/SonicChannel/enjoy/image/wallpaper_219_amy_18_pc.png
 create mode 100644 sonic.sega.jp/SonicChannel/enjoy/image/wallpaper_219_amy_18_sp.png
 create mode 100644 sonic.sega.jp/SonicChannel/fanart/20230201_003137/index.html
 create mode 100644 sonic.sega.jp/SonicChannel/fanart/image/2302_0001.jpg
 create mode 100644 sonic.sega.jp/SonicChannel/fanart/image/2302_0002.jpg
 create mode 100644 sonic.sega.jp/SonicChannel/fanart/image/2302_0003.jpg
 create mode 100644 sonic.sega.jp/SonicChannel/fanart/image/2302_0004.jpg
 create mode 100644 sonic.sega.jp/SonicChannel/fanart/image/2302_0005.jpg
 create mode 100644 sonic.sega.jp/SonicChannel/fanart/image/2302_0006.jpg
 create mode 100644 sonic.sega.jp/SonicChannel/fanart/image/2302_0007.jpg
 create mode 100644 sonic.sega.jp/SonicChannel/fanart/image/2302_0008.jpg
 create mode 100644 sonic.sega.jp/SonicChannel/fanart/image/2302_0009.jpg
 create mode 100644 sonic.sega.jp/SonicChannel/fanart/image/2302_0010.jpg
 create mode 100644 sonic.sega.jp/SonicChannel/fanart/image/2302_0011.jpg
 create mode 100644 sonic.sega.jp/SonicChannel/fanart/image/2302_0012.jpg
 create mode 100644 sonic.sega.jp/SonicChannel/fanart/image/2302_0013.jpg
 create mode 100644 sonic.sega.jp/SonicChannel/fanart/image/2302_0014.jpg
 create mode 100644 sonic.sega.jp/SonicChannel/fanart/image/2302_0015.jpg
 create mode 100644 sonic.sega.jp/SonicChannel/fanart/image/2302_0016.jpg
 create mode 100644 sonic.sega.jp/SonicChannel/fanart/image/2302_0017.jpg
 create mode 100644 sonic.sega.jp/SonicChannel/fanart/image/2302_0018.jpg
 create mode 100644 sonic.sega.jp/SonicChannel/fanart/image/2302_0019.jpg
 create mode 100644 sonic.sega.jp/SonicChannel/fanart/image/2302_0020.jpg
 create mode 100644 sonic.sega.jp/SonicChannel/fanart/image/2302_0021.jpg
 create mode 100644 sonic.sega.jp/SonicChannel/fanart/image/2302_0022.jpg
 create mode 100644 sonic.sega.jp/SonicChannel/fanart/image/2302_0023.jpg
 create mode 100644 sonic.sega.jp/SonicChannel/fanart/image/2302_0024.jpg
 create mode 100644 sonic.sega.jp/SonicChannel/fanart/image/2302_0025.jpg
 create mode 100644 sonic.sega.jp/SonicChannel/fanart/image/2302_0026.jpg
 create mode 100644 sonic.sega.jp/SonicChannel/fanart/image/2302_0027.jpg
 create mode 100644 sonic.sega.jp/SonicChannel/fanart/image/fanart_2302_eye.jpg
 create mode 100644 sonic.sega.jp/SonicChannel/fanart/image/s2302_0001.jpg
 create mode 100644 sonic.sega.jp/SonicChannel/fanart/image/s2302_0002.jpg
 create mode 100644 sonic.sega.jp/SonicChannel/fanart/image/s2302_0003.jpg
 create mode 100644 sonic.sega.jp/SonicChannel/fanart/image/s2302_0004.jpg
 create mode 100644 sonic.sega.jp/SonicChannel/fanart/image/s2302_0005.jpg
 create mode 100644 sonic.sega.jp/SonicChannel/fanart/image/s2302_0006.jpg
 create mode 100644 sonic.sega.jp/SonicChannel/fanart/image/s2302_0007.jpg
 create mode 100644 sonic.sega.jp/SonicChannel/fanart/image/s2302_0008.jpg
 create mode 100644 sonic.sega.jp/SonicChannel/fanart/image/s2302_0009.jpg
 create mode 100644 sonic.sega.jp/SonicChannel/fanart/image/s2302_0010.jpg
 create mode 100644 sonic.sega.jp/SonicChannel/fanart/image/s2302_0011.jpg
 create mode 100644 sonic.sega.jp/SonicChannel/fanart/image/s2302_0012.jpg
 create mode 100644 sonic.sega.jp/SonicChannel/fanart/image/s2302_0013.jpg
 create mode 100644 sonic.sega.jp/SonicChannel/fanart/image/s2302_0014.jpg
 create mode 100644 sonic.sega.jp/SonicChannel/fanart/image/s2302_0015.jpg
 create mode 100644 sonic.sega.jp/SonicChannel/fanart/image/s2302_0016.jpg
 create mode 100644 sonic.sega.jp/SonicChannel/fanart/image/s2302_0017.jpg
 create mode 100644 sonic.sega.jp/SonicChannel/fanart/image/s2302_0018.jpg
 create mode 100644 sonic.sega.jp/SonicChannel/fanart/image/s2302_0019.jpg
 create mode 100644 sonic.sega.jp/SonicChannel/fanart/image/s2302_0020.jpg
 create mode 100644 sonic.sega.jp/SonicChannel/fanart/image/s2302_0021.jpg
 create mode 100644 sonic.sega.jp/SonicChannel/fanart/image/s2302_0022.jpg
 create mode 100644 sonic.sega.jp/SonicChannel/fanart/image/s2302_0023.jpg
 create mode 100644 sonic.sega.jp/SonicChannel/fanart/image/s2302_0024.jpg
 create mode 100644 sonic.sega.jp/SonicChannel/fanart/image/s2302_0025.jpg
 create mode 100644 sonic.sega.jp/SonicChannel/fanart/image/s2302_0026.jpg
 create mode 100644 sonic.sega.jp/SonicChannel/fanart/image/s2302_0027.jpg
 create mode 100644 sonic.sega.jp/SonicChannel/special/image/staffcolumn_230201_01_01.jpg
 create mode 100644 sonic.sega.jp/SonicChannel/special/image/staffcolumn_230201_01_eye.jpg
 create mode 100644 sonic.sega.jp/SonicChannel/special/staffcolumn/tomoko/20230201_003133/index.html
