Already up to date.
[main 357fc1d890] files from 2022-12-02,  8:20:28
 102 files changed, 465 insertions(+), 230 deletions(-)
 create mode 100644 log/KrazeeTobi-2022-12-02_044234.log
 create mode 100644 sonic.sega.jp/SonicChannel/assets_c/2022/12/fanart_2212_eye-thumb-640xauto-4958.jpg
 create mode 100644 sonic.sega.jp/SonicChannel/fanart/20221202_003092/index.html
 create mode 100644 sonic.sega.jp/SonicChannel/fanart/image/2212_0001.jpg
 create mode 100644 sonic.sega.jp/SonicChannel/fanart/image/2212_0002.jpg
 create mode 100644 sonic.sega.jp/SonicChannel/fanart/image/2212_0003.jpg
 create mode 100644 sonic.sega.jp/SonicChannel/fanart/image/2212_0004.jpg
 create mode 100644 sonic.sega.jp/SonicChannel/fanart/image/2212_0005.jpg
 create mode 100644 sonic.sega.jp/SonicChannel/fanart/image/2212_0006.jpg
 create mode 100644 sonic.sega.jp/SonicChannel/fanart/image/2212_0007.jpg
 create mode 100644 sonic.sega.jp/SonicChannel/fanart/image/2212_0008.jpg
 create mode 100644 sonic.sega.jp/SonicChannel/fanart/image/2212_0009.jpg
 create mode 100644 sonic.sega.jp/SonicChannel/fanart/image/2212_0010.jpg
 create mode 100644 sonic.sega.jp/SonicChannel/fanart/image/2212_0011.jpg
 create mode 100644 sonic.sega.jp/SonicChannel/fanart/image/2212_0012.jpg
 create mode 100644 sonic.sega.jp/SonicChannel/fanart/image/2212_0013.jpg
 create mode 100644 sonic.sega.jp/SonicChannel/fanart/image/2212_0014.jpg
 create mode 100644 sonic.sega.jp/SonicChannel/fanart/image/2212_0015.jpg
 create mode 100644 sonic.sega.jp/SonicChannel/fanart/image/2212_0016.jpg
 create mode 100644 sonic.sega.jp/SonicChannel/fanart/image/2212_0017.jpg
 create mode 100644 sonic.sega.jp/SonicChannel/fanart/image/2212_0018.jpg
 create mode 100644 sonic.sega.jp/SonicChannel/fanart/image/2212_0019.jpg
 create mode 100644 sonic.sega.jp/SonicChannel/fanart/image/2212_0020.jpg
 create mode 100644 sonic.sega.jp/SonicChannel/fanart/image/2212_0021.jpg
 create mode 100644 sonic.sega.jp/SonicChannel/fanart/image/2212_0022.jpg
 create mode 100644 sonic.sega.jp/SonicChannel/fanart/image/2212_0023.jpg
 create mode 100644 sonic.sega.jp/SonicChannel/fanart/image/2212_0024.jpg
 create mode 100644 sonic.sega.jp/SonicChannel/fanart/image/2212_0025.jpg
 create mode 100644 sonic.sega.jp/SonicChannel/fanart/image/2212_0026.jpg
 create mode 100644 sonic.sega.jp/SonicChannel/fanart/image/2212_0027.jpg
 create mode 100644 sonic.sega.jp/SonicChannel/fanart/image/2212_0028.jpg
 create mode 100644 sonic.sega.jp/SonicChannel/fanart/image/2212_0029.jpg
 create mode 100644 sonic.sega.jp/SonicChannel/fanart/image/2212_0030.jpg
 create mode 100644 sonic.sega.jp/SonicChannel/fanart/image/fanart_2212_eye.jpg
 create mode 100644 sonic.sega.jp/SonicChannel/fanart/image/s2212_0001.jpg
 create mode 100644 sonic.sega.jp/SonicChannel/fanart/image/s2212_0002.jpg
 create mode 100644 sonic.sega.jp/SonicChannel/fanart/image/s2212_0003.jpg
 create mode 100644 sonic.sega.jp/SonicChannel/fanart/image/s2212_0004.jpg
 create mode 100644 sonic.sega.jp/SonicChannel/fanart/image/s2212_0005.jpg
 create mode 100644 sonic.sega.jp/SonicChannel/fanart/image/s2212_0006.jpg
 create mode 100644 sonic.sega.jp/SonicChannel/fanart/image/s2212_0007.jpg
 create mode 100644 sonic.sega.jp/SonicChannel/fanart/image/s2212_0008.jpg
 create mode 100644 sonic.sega.jp/SonicChannel/fanart/image/s2212_0009.jpg
 create mode 100644 sonic.sega.jp/SonicChannel/fanart/image/s2212_0010.jpg
 create mode 100644 sonic.sega.jp/SonicChannel/fanart/image/s2212_0011.jpg
 create mode 100644 sonic.sega.jp/SonicChannel/fanart/image/s2212_0012.jpg
 create mode 100644 sonic.sega.jp/SonicChannel/fanart/image/s2212_0013.jpg
 create mode 100644 sonic.sega.jp/SonicChannel/fanart/image/s2212_0014.jpg
 create mode 100644 sonic.sega.jp/SonicChannel/fanart/image/s2212_0015.jpg
 create mode 100644 sonic.sega.jp/SonicChannel/fanart/image/s2212_0016.jpg
 create mode 100644 sonic.sega.jp/SonicChannel/fanart/image/s2212_0017.jpg
 create mode 100644 sonic.sega.jp/SonicChannel/fanart/image/s2212_0018.jpg
 create mode 100644 sonic.sega.jp/SonicChannel/fanart/image/s2212_0019.jpg
 create mode 100644 sonic.sega.jp/SonicChannel/fanart/image/s2212_0020.jpg
 create mode 100644 sonic.sega.jp/SonicChannel/fanart/image/s2212_0021.jpg
 create mode 100644 sonic.sega.jp/SonicChannel/fanart/image/s2212_0022.jpg
 create mode 100644 sonic.sega.jp/SonicChannel/fanart/image/s2212_0023.jpg
 create mode 100644 sonic.sega.jp/SonicChannel/fanart/image/s2212_0024.jpg
 create mode 100644 sonic.sega.jp/SonicChannel/fanart/image/s2212_0025.jpg
 create mode 100644 sonic.sega.jp/SonicChannel/fanart/image/s2212_0026.jpg
 create mode 100644 sonic.sega.jp/SonicChannel/fanart/image/s2212_0027.jpg
 create mode 100644 sonic.sega.jp/SonicChannel/fanart/image/s2212_0028.jpg
 create mode 100644 sonic.sega.jp/SonicChannel/fanart/image/s2212_0029.jpg
 create mode 100644 sonic.sega.jp/SonicChannel/fanart/image/s2212_0030.jpg
 rewrite www.nintendo.co.jp/3ds/bgxj/story/images/twotone_bg02.png (100%)
