Already up to date.
[main c8a3040d0] files from 2022-04-29,  4:36:27
 145 files changed, 22888 insertions(+), 165 deletions(-)
 create mode 100644 log/KrazeeTobi-2022-04-29_013106.log
 create mode 100644 sonic-movie.jp/sonic-movie/index.html@doing_wp_cron=1651202794.4623270034790039062500&paged=2
 create mode 100644 sonic-movie.jp/sonic-movie/index.html@doing_wp_cron=1651202794.4623270034790039062500&paged=3
 create mode 100644 sonic-movie.jp/sonic-movie/index.html@doing_wp_cron=1651202794.4623270034790039062500&paged=4
 create mode 100644 sonic-movie.jp/sonic-movie/index.html@doing_wp_cron=1651202794.4623270034790039062500&paged=5
 create mode 100644 sonic-movie.jp/sonic-movie/index.html@doing_wp_cron=1651202794.4623270034790039062500&paged=6
 create mode 100644 sonic-movie.jp/sonic-movie/index.html@doing_wp_cron=1651202794.4623270034790039062500&paged=9
 create mode 100644 sonic-movie.jp/sonic-movie/page/2/index.html@doing_wp_cron=1651202794.4623270034790039062500&paged=1
 create mode 100644 sonic-movie.jp/sonic-movie/page/2/index.html@doing_wp_cron=1651202794.4623270034790039062500&paged=3
 create mode 100644 sonic-movie.jp/sonic-movie/page/2/index.html@doing_wp_cron=1651202794.4623270034790039062500&paged=4
 create mode 100644 sonic-movie.jp/sonic-movie/page/2/index.html@doing_wp_cron=1651202794.4623270034790039062500&paged=5
 create mode 100644 sonic-movie.jp/sonic-movie/page/2/index.html@doing_wp_cron=1651202794.4623270034790039062500&paged=6
 create mode 100644 sonic-movie.jp/sonic-movie/page/2/index.html@doing_wp_cron=1651202794.4623270034790039062500&paged=7
 create mode 100644 sonic-movie.jp/sonic-movie/page/2/index.html@doing_wp_cron=1651202794.4623270034790039062500&paged=9
 create mode 100644 sonic-movie.jp/sonic-movie/page/3/index.html@doing_wp_cron=1651202794.4623270034790039062500&paged=1
 create mode 100644 sonic-movie.jp/sonic-movie/page/3/index.html@doing_wp_cron=1651202794.4623270034790039062500&paged=2
 create mode 100644 sonic-movie.jp/sonic-movie/page/3/index.html@doing_wp_cron=1651202794.4623270034790039062500&paged=4
 create mode 100644 sonic-movie.jp/sonic-movie/page/3/index.html@doing_wp_cron=1651202794.4623270034790039062500&paged=5
 create mode 100644 sonic-movie.jp/sonic-movie/page/3/index.html@doing_wp_cron=1651202794.4623270034790039062500&paged=6
 create mode 100644 sonic-movie.jp/sonic-movie/page/3/index.html@doing_wp_cron=1651202794.4623270034790039062500&paged=7
 create mode 100644 sonic-movie.jp/sonic-movie/page/3/index.html@doing_wp_cron=1651202794.4623270034790039062500&paged=8
 create mode 100644 sonic-movie.jp/sonic-movie/page/4/index.html@doing_wp_cron=1651202794.4623270034790039062500&paged=1
 create mode 100644 sonic-movie.jp/sonic-movie/page/4/index.html@doing_wp_cron=1651202794.4623270034790039062500&paged=2
 create mode 100644 sonic-movie.jp/sonic-movie/page/4/index.html@doing_wp_cron=1651202794.4623270034790039062500&paged=3
 create mode 100644 sonic-movie.jp/sonic-movie/page/4/index.html@doing_wp_cron=1651202794.4623270034790039062500&paged=5
 create mode 100644 sonic-movie.jp/sonic-movie/page/4/index.html@doing_wp_cron=1651202794.4623270034790039062500&paged=6
 create mode 100644 sonic-movie.jp/sonic-movie/page/4/index.html@doing_wp_cron=1651202794.4623270034790039062500&paged=7
 create mode 100644 sonic-movie.jp/sonic-movie/page/4/index.html@doing_wp_cron=1651202794.4623270034790039062500&paged=8
 create mode 100644 sonic-movie.jp/sonic-movie/page/4/index.html@doing_wp_cron=1651202794.4623270034790039062500&paged=9
 create mode 100644 sonic-movie.jp/sonic-movie/page/5/index.html@doing_wp_cron=1651202794.4623270034790039062500&paged=1
 create mode 100644 sonic-movie.jp/sonic-movie/page/5/index.html@doing_wp_cron=1651202794.4623270034790039062500&paged=2
 create mode 100644 sonic-movie.jp/sonic-movie/page/5/index.html@doing_wp_cron=1651202794.4623270034790039062500&paged=3
 create mode 100644 sonic-movie.jp/sonic-movie/page/5/index.html@doing_wp_cron=1651202794.4623270034790039062500&paged=4
 create mode 100644 sonic-movie.jp/sonic-movie/page/5/index.html@doing_wp_cron=1651202794.4623270034790039062500&paged=6
 create mode 100644 sonic-movie.jp/sonic-movie/page/5/index.html@doing_wp_cron=1651202794.4623270034790039062500&paged=7
 create mode 100644 sonic-movie.jp/sonic-movie/page/5/index.html@doing_wp_cron=1651202794.4623270034790039062500&paged=8
 create mode 100644 sonic-movie.jp/sonic-movie/page/5/index.html@doing_wp_cron=1651202794.4623270034790039062500&paged=9
 create mode 100644 sonic-movie.jp/sonic-movie/page/6/index.html@doing_wp_cron=1651202794.4623270034790039062500&paged=1
 create mode 100644 sonic-movie.jp/sonic-movie/page/6/index.html@doing_wp_cron=1651202794.4623270034790039062500&paged=2
 create mode 100644 sonic-movie.jp/sonic-movie/page/6/index.html@doing_wp_cron=1651202794.4623270034790039062500&paged=3
 create mode 100644 sonic-movie.jp/sonic-movie/page/6/index.html@doing_wp_cron=1651202794.4623270034790039062500&paged=4
 create mode 100644 sonic-movie.jp/sonic-movie/page/6/index.html@doing_wp_cron=1651202794.4623270034790039062500&paged=5
 create mode 100644 sonic-movie.jp/sonic-movie/page/6/index.html@doing_wp_cron=1651202794.4623270034790039062500&paged=7
 create mode 100644 sonic-movie.jp/sonic-movie/page/6/index.html@doing_wp_cron=1651202794.4623270034790039062500&paged=8
 create mode 100644 sonic-movie.jp/sonic-movie/page/6/index.html@doing_wp_cron=1651202794.4623270034790039062500&paged=9
 create mode 100644 sonic-movie.jp/sonic-movie/page/7/index.html@doing_wp_cron=1651202794.4623270034790039062500&paged=1
 create mode 100644 sonic-movie.jp/sonic-movie/page/7/index.html@doing_wp_cron=1651202794.4623270034790039062500&paged=2
 create mode 100644 sonic-movie.jp/sonic-movie/page/7/index.html@doing_wp_cron=1651202794.4623270034790039062500&paged=3
 create mode 100644 sonic-movie.jp/sonic-movie/page/7/index.html@doing_wp_cron=1651202794.4623270034790039062500&paged=4
 create mode 100644 sonic-movie.jp/sonic-movie/page/7/index.html@doing_wp_cron=1651202794.4623270034790039062500&paged=5
 create mode 100644 sonic-movie.jp/sonic-movie/page/7/index.html@doing_wp_cron=1651202794.4623270034790039062500&paged=6
 create mode 100644 sonic-movie.jp/sonic-movie/page/7/index.html@doing_wp_cron=1651202794.4623270034790039062500&paged=8
 create mode 100644 sonic-movie.jp/sonic-movie/page/7/index.html@doing_wp_cron=1651202794.4623270034790039062500&paged=9
 create mode 100644 sonic-movie.jp/sonic-movie/page/8/index.html@doing_wp_cron=1651202794.4623270034790039062500&paged=1
 create mode 100644 sonic-movie.jp/sonic-movie/page/8/index.html@doing_wp_cron=1651202794.4623270034790039062500&paged=3
 create mode 100644 sonic-movie.jp/sonic-movie/page/8/index.html@doing_wp_cron=1651202794.4623270034790039062500&paged=4
 create mode 100644 sonic-movie.jp/sonic-movie/page/8/index.html@doing_wp_cron=1651202794.4623270034790039062500&paged=5
 create mode 100644 sonic-movie.jp/sonic-movie/page/8/index.html@doing_wp_cron=1651202794.4623270034790039062500&paged=6
 create mode 100644 sonic-movie.jp/sonic-movie/page/8/index.html@doing_wp_cron=1651202794.4623270034790039062500&paged=7
 create mode 100644 sonic-movie.jp/sonic-movie/page/8/index.html@doing_wp_cron=1651202794.4623270034790039062500&paged=9
 create mode 100644 sonic-movie.jp/sonic-movie/page/9/index.html@doing_wp_cron=1651202794.4623270034790039062500&paged=1
 create mode 100644 sonic-movie.jp/sonic-movie/page/9/index.html@doing_wp_cron=1651202794.4623270034790039062500&paged=4
 create mode 100644 sonic-movie.jp/sonic-movie/page/9/index.html@doing_wp_cron=1651202794.4623270034790039062500&paged=5
 create mode 100644 sonic-movie.jp/sonic-movie/page/9/index.html@doing_wp_cron=1651202794.4623270034790039062500&paged=6
 create mode 100644 sonic-movie.jp/sonic-movie/page/9/index.html@doing_wp_cron=1651202794.4623270034790039062500&paged=7
 create mode 100644 sonic-movie.jp/sonic-movie/page/9/index.html@doing_wp_cron=1651202794.4623270034790039062500&paged=8
 create mode 100644 sonic.sega.jp/SonicChannel/assets_c/2022/03/fanart_2205_eye-thumb-640xauto-4566.jpg
 create mode 100644 sonic.sega.jp/SonicChannel/fanart/20220428_002885/index.html
 create mode 100644 sonic.sega.jp/SonicChannel/fanart/image/2205_0001.jpg
 create mode 100644 sonic.sega.jp/SonicChannel/fanart/image/2205_0002.jpg
 create mode 100644 sonic.sega.jp/SonicChannel/fanart/image/2205_0003.jpg
 create mode 100644 sonic.sega.jp/SonicChannel/fanart/image/2205_0004.jpg
 create mode 100644 sonic.sega.jp/SonicChannel/fanart/image/2205_0005.jpg
 create mode 100644 sonic.sega.jp/SonicChannel/fanart/image/2205_0006.jpg
 create mode 100644 sonic.sega.jp/SonicChannel/fanart/image/2205_0007.jpg
 create mode 100644 sonic.sega.jp/SonicChannel/fanart/image/2205_0008.jpg
 create mode 100644 sonic.sega.jp/SonicChannel/fanart/image/2205_0009.jpg
 create mode 100644 sonic.sega.jp/SonicChannel/fanart/image/2205_0010.jpg
 create mode 100644 sonic.sega.jp/SonicChannel/fanart/image/2205_0011.jpg
 create mode 100644 sonic.sega.jp/SonicChannel/fanart/image/2205_0012.jpg
 create mode 100644 sonic.sega.jp/SonicChannel/fanart/image/2205_0013.jpg
 create mode 100644 sonic.sega.jp/SonicChannel/fanart/image/2205_0014.jpg
 create mode 100644 sonic.sega.jp/SonicChannel/fanart/image/2205_0015.jpg
 create mode 100644 sonic.sega.jp/SonicChannel/fanart/image/2205_0016.jpg
 create mode 100644 sonic.sega.jp/SonicChannel/fanart/image/2205_0017.jpg
 create mode 100644 sonic.sega.jp/SonicChannel/fanart/image/2205_0018.jpg
 create mode 100644 sonic.sega.jp/SonicChannel/fanart/image/2205_0019.jpg
 create mode 100644 sonic.sega.jp/SonicChannel/fanart/image/2205_0020.jpg
 create mode 100644 sonic.sega.jp/SonicChannel/fanart/image/2205_0021.jpg
 create mode 100644 sonic.sega.jp/SonicChannel/fanart/image/2205_0022.jpg
 create mode 100644 sonic.sega.jp/SonicChannel/fanart/image/2205_0023.jpg
 create mode 100644 sonic.sega.jp/SonicChannel/fanart/image/2205_0024.jpg
 create mode 100644 sonic.sega.jp/SonicChannel/fanart/image/2205_0025.jpg
 create mode 100644 sonic.sega.jp/SonicChannel/fanart/image/2205_0026.jpg
 create mode 100644 sonic.sega.jp/SonicChannel/fanart/image/2205_0027.jpg
 rewrite sonic.sega.jp/SonicChannel/fanart/image/fanart_2205_eye.jpg (96%)
 create mode 100644 sonic.sega.jp/SonicChannel/fanart/image/s2205_0001.jpg
 create mode 100644 sonic.sega.jp/SonicChannel/fanart/image/s2205_0002.jpg
 create mode 100644 sonic.sega.jp/SonicChannel/fanart/image/s2205_0003.jpg
 create mode 100644 sonic.sega.jp/SonicChannel/fanart/image/s2205_0004.jpg
 create mode 100644 sonic.sega.jp/SonicChannel/fanart/image/s2205_0005.jpg
 create mode 100644 sonic.sega.jp/SonicChannel/fanart/image/s2205_0006.jpg
 create mode 100644 sonic.sega.jp/SonicChannel/fanart/image/s2205_0007.jpg
 create mode 100644 sonic.sega.jp/SonicChannel/fanart/image/s2205_0008.jpg
 create mode 100644 sonic.sega.jp/SonicChannel/fanart/image/s2205_0009.jpg
 create mode 100644 sonic.sega.jp/SonicChannel/fanart/image/s2205_0010.jpg
 create mode 100644 sonic.sega.jp/SonicChannel/fanart/image/s2205_0011.jpg
 create mode 100644 sonic.sega.jp/SonicChannel/fanart/image/s2205_0012.jpg
 create mode 100644 sonic.sega.jp/SonicChannel/fanart/image/s2205_0013.jpg
 create mode 100644 sonic.sega.jp/SonicChannel/fanart/image/s2205_0014.jpg
 create mode 100644 sonic.sega.jp/SonicChannel/fanart/image/s2205_0015.jpg
 create mode 100644 sonic.sega.jp/SonicChannel/fanart/image/s2205_0016.jpg
 create mode 100644 sonic.sega.jp/SonicChannel/fanart/image/s2205_0017.jpg
 create mode 100644 sonic.sega.jp/SonicChannel/fanart/image/s2205_0018.jpg
 create mode 100644 sonic.sega.jp/SonicChannel/fanart/image/s2205_0019.jpg
 create mode 100644 sonic.sega.jp/SonicChannel/fanart/image/s2205_0020.jpg
 create mode 100644 sonic.sega.jp/SonicChannel/fanart/image/s2205_0021.jpg
 create mode 100644 sonic.sega.jp/SonicChannel/fanart/image/s2205_0022.jpg
 create mode 100644 sonic.sega.jp/SonicChannel/fanart/image/s2205_0023.jpg
 create mode 100644 sonic.sega.jp/SonicChannel/fanart/image/s2205_0024.jpg
 create mode 100644 sonic.sega.jp/SonicChannel/fanart/image/s2205_0025.jpg
 create mode 100644 sonic.sega.jp/SonicChannel/fanart/image/s2205_0026.jpg
 create mode 100644 sonic.sega.jp/SonicChannel/fanart/image/s2205_0027.jpg
