Already up to date.
[main af2bc482b3e] files from 2023-04-20, 10:02:41
 60 files changed, 930 insertions(+), 89 deletions(-)
 create mode 100644 log/KrazeeTobi-2023-04-20_062222.log
 create mode 100644 sonic.sega.jp/SonicOrigins/images/guide-btn02_.png
 create mode 100644 sonic.sega.jp/SonicOrigins/images/guide-btn03.png
 create mode 100644 sonic.sega.jp/SonicOrigins/images/guide/guide-img02.png
 create mode 100644 sonic.sega.jp/SonicOrigins/images/guide/shop/shop01.jpg
 create mode 100644 sonic.sega.jp/SonicOrigins/images/guide/shop/shop02.jpg
 create mode 100644 sonic.sega.jp/SonicOrigins/images/guide/shop/shop03.jpg
 create mode 100644 sonic.sega.jp/SonicOrigins/images/guide/shop/shop04.jpg
 create mode 100644 sonic.sega.jp/SonicOrigins/images/guide/shop/shop05.jpg
 create mode 100644 sonic.sega.jp/SonicOrigins/images/guide/shop/shop06.jpg
 create mode 100644 sonic.sega.jp/SonicOrigins/images/guide/shop/shop07.jpg
 create mode 100644 sonic.sega.jp/SonicOrigins/images/guide/shop/shop09.jpg
 create mode 100644 sonic.sega.jp/SonicOrigins/images/guide/shop/shop10.jpg
 create mode 100644 sonic.sega.jp/SonicOrigins/images/guide/shop/shop11.jpg
 create mode 100644 sonic.sega.jp/SonicOrigins/images/guide/shop/shop12.jpg
 create mode 100644 sonic.sega.jp/SonicOrigins/images/guide/shop/shop13.jpg
 create mode 100644 sonic.sega.jp/SonicOrigins/images/guide/shop/shop14.jpg
 create mode 100644 sonic.sega.jp/SonicOrigins/images/guide/shop/shop16.jpg
 create mode 100644 sonic.sega.jp/SonicOrigins/images/guide/shop/shop17.jpg
 create mode 100644 sonic.sega.jp/SonicOrigins/images/guide/shop/shop18.jpg
 create mode 100644 sonic.sega.jp/SonicOrigins/images/guide/shop/shop19.jpg
 create mode 100644 sonic.sega.jp/SonicOrigins/images/guide/shop/shop21.jpg
 create mode 100644 sonic.sega.jp/SonicOrigins/images/guide/shop/shop22.jpg
 create mode 100644 sonic.sega.jp/SonicOrigins/pre/index.html
