Already up to date.
Deleted file - D:\GitHub\SonicChannelTrack\sonic.sega.jp\sonicchannel\about.1
Deleted file - D:\GitHub\SonicChannelTrack\sonic.sega.jp\sonicchannel\character.1
Deleted file - D:\GitHub\SonicChannelTrack\sonic.sega.jp\sonicchannel\fangallery.1
Deleted file - D:\GitHub\SonicChannelTrack\sonic.sega.jp\sonicchannel\special.1
Deleted file - D:\GitHub\SonicChannelTrack\sonic.sega.jp\sonicchannel\fangallery\apply.1
Deleted file - D:\GitHub\SonicChannelTrack\sonic.sega.jp\sonicchannel\fangallery\fanart.1
Deleted file - D:\GitHub\SonicChannelTrack\sonic.sega.jp\sonicchannel\fangallery\oshiete.1
Deleted file - D:\GitHub\SonicChannelTrack\sonic.sega.jp\sonicchannel\fangallery\screenshot.1
Deleted file - D:\GitHub\SonicChannelTrack\sonic.sega.jp\sonicchannel\special\sidestory.1
Deleted file - D:\GitHub\SonicChannelTrack\sonic.sega.jp\sonicchannel\special\sns.1
Deleted file - D:\GitHub\SonicChannelTrack\sonic.sega.jp\sonicchannel\special\staffcolumn.1
Deleted file - D:\GitHub\SonicChannelTrack\sonic.sega.jp\sonicchannel\special\gamecontents\soniccolors.1
Deleted file - D:\GitHub\SonicChannelTrack\sonic.sega.jp\sonicchannel\special\gamecontents\sonicforces.1
Deleted file - D:\GitHub\SonicChannelTrack\sonic.sega.jp\sonicchannel\special\gamecontents\sonicmania.1
Deleted file - D:\GitHub\SonicChannelTrack\sonic.sega.jp\sonicchannel\special\sidestory\comic.1
Deleted file - D:\GitHub\SonicChannelTrack\sonic.sega.jp\sonicchannel\special\sidestory\coverstory.1
Deleted file - D:\GitHub\SonicChannelTrack\sonic.sega.jp\sonicchannel\special\sidestory\ohgiri.1
Deleted file - D:\GitHub\SonicChannelTrack\sonic.sega.jp\sonicchannel\special\sidestory\sonicpict.1
Deleted file - D:\GitHub\SonicChannelTrack\sonic.sega.jp\sonicchannel\special\soundcolumn\ohtani.1
Deleted file - D:\GitHub\SonicChannelTrack\sonic.sega.jp\sonicchannel\special\soundcolumn\senoue.1
Deleted file - D:\GitHub\SonicChannelTrack\sonic.sega.jp\sonicchannel\topics\collaboration.1
Deleted file - D:\GitHub\SonicChannelTrack\sonic.sega.jp\sonicchannel\topics\event.1
Deleted file - D:\GitHub\SonicChannelTrack\sonic.sega.jp\sonicchannel\topics\goods.1
Deleted file - D:\GitHub\SonicChannelTrack\sonic.sega.jp\sonicchannel\topics\information.1
Deleted file - D:\GitHub\SonicChannelTrack\sonic.sega.jp\sonicchannel\topics\sound.1
Deleted file - D:\GitHub\SonicChannelTrack\sonic.sega.jp\sonicchannel\topics\goods\20190607_001917.1
Deleted file - D:\GitHub\SonicChannelTrack\sonic.sega.jp\sonicchannel\about.2
Deleted file - D:\GitHub\SonicChannelTrack\sonic.sega.jp\sonicchannel\character.2
Deleted file - D:\GitHub\SonicChannelTrack\sonic.sega.jp\sonicchannel\fangallery.2
Deleted file - D:\GitHub\SonicChannelTrack\sonic.sega.jp\sonicchannel\special.2
Deleted file - D:\GitHub\SonicChannelTrack\sonic.sega.jp\sonicchannel\fangallery\apply.2
Deleted file - D:\GitHub\SonicChannelTrack\sonic.sega.jp\sonicchannel\fangallery\fanart.2
Deleted file - D:\GitHub\SonicChannelTrack\sonic.sega.jp\sonicchannel\fangallery\oshiete.2
Deleted file - D:\GitHub\SonicChannelTrack\sonic.sega.jp\sonicchannel\fangallery\screenshot.2
Deleted file - D:\GitHub\SonicChannelTrack\sonic.sega.jp\sonicchannel\special\sidestory.2
Deleted file - D:\GitHub\SonicChannelTrack\sonic.sega.jp\sonicchannel\special\sns.2
Deleted file - D:\GitHub\SonicChannelTrack\sonic.sega.jp\sonicchannel\special\staffcolumn.2
Deleted file - D:\GitHub\SonicChannelTrack\sonic.sega.jp\sonicchannel\special\gamecontents\soniccolors.2
Deleted file - D:\GitHub\SonicChannelTrack\sonic.sega.jp\sonicchannel\special\gamecontents\sonicforces.2
Deleted file - D:\GitHub\SonicChannelTrack\sonic.sega.jp\sonicchannel\special\gamecontents\sonicmania.2
Deleted file - D:\GitHub\SonicChannelTrack\sonic.sega.jp\sonicchannel\special\sidestory\comic.2
Deleted file - D:\GitHub\SonicChannelTrack\sonic.sega.jp\sonicchannel\special\sidestory\coverstory.2
Deleted file - D:\GitHub\SonicChannelTrack\sonic.sega.jp\sonicchannel\special\sidestory\ohgiri.2
Deleted file - D:\GitHub\SonicChannelTrack\sonic.sega.jp\sonicchannel\special\sidestory\sonicpict.2
Deleted file - D:\GitHub\SonicChannelTrack\sonic.sega.jp\sonicchannel\special\soundcolumn\ohtani.2
Deleted file - D:\GitHub\SonicChannelTrack\sonic.sega.jp\sonicchannel\special\soundcolumn\senoue.2
Deleted file - D:\GitHub\SonicChannelTrack\sonic.sega.jp\sonicchannel\topics\collaboration.2
Deleted file - D:\GitHub\SonicChannelTrack\sonic.sega.jp\sonicchannel\topics\event.2
Deleted file - D:\GitHub\SonicChannelTrack\sonic.sega.jp\sonicchannel\topics\goods.2
Deleted file - D:\GitHub\SonicChannelTrack\sonic.sega.jp\sonicchannel\topics\information.2
Deleted file - D:\GitHub\SonicChannelTrack\sonic.sega.jp\sonicchannel\topics\sound.2
Deleted file - D:\GitHub\SonicChannelTrack\sonic.sega.jp\sonicchannel\about.3
Deleted file - D:\GitHub\SonicChannelTrack\sonic.sega.jp\sonicchannel\character.3
Deleted file - D:\GitHub\SonicChannelTrack\sonic.sega.jp\sonicchannel\fangallery.3
Deleted file - D:\GitHub\SonicChannelTrack\sonic.sega.jp\sonicchannel\fangallery\apply.3
Deleted file - D:\GitHub\SonicChannelTrack\sonic.sega.jp\sonicchannel\fangallery\fanart.3
Deleted file - D:\GitHub\SonicChannelTrack\sonic.sega.jp\sonicchannel\fangallery\oshiete.3
Deleted file - D:\GitHub\SonicChannelTrack\sonic.sega.jp\sonicchannel\fangallery\screenshot.3
Deleted file - D:\GitHub\SonicChannelTrack\sonic.sega.jp\sonicchannel\special\sidestory.3
Deleted file - D:\GitHub\SonicChannelTrack\sonic.sega.jp\sonicchannel\special\staffcolumn.3
Deleted file - D:\GitHub\SonicChannelTrack\sonic.sega.jp\sonicchannel\special\gamecontents\soniccolors.3
Deleted file - D:\GitHub\SonicChannelTrack\sonic.sega.jp\sonicchannel\special\gamecontents\sonicforces.3
Deleted file - D:\GitHub\SonicChannelTrack\sonic.sega.jp\sonicchannel\special\sidestory\comic.3
Deleted file - D:\GitHub\SonicChannelTrack\sonic.sega.jp\sonicchannel\special\sidestory\coverstory.3
Deleted file - D:\GitHub\SonicChannelTrack\sonic.sega.jp\sonicchannel\special\sidestory\ohgiri.3
Deleted file - D:\GitHub\SonicChannelTrack\sonic.sega.jp\sonicchannel\special\sidestory\sonicpict.3
Deleted file - D:\GitHub\SonicChannelTrack\sonic.sega.jp\sonicchannel\topics\collaboration.3
Deleted file - D:\GitHub\SonicChannelTrack\sonic.sega.jp\sonicchannel\topics\event.3
Deleted file - D:\GitHub\SonicChannelTrack\sonic.sega.jp\sonicchannel\topics\goods.3
Deleted file - D:\GitHub\SonicChannelTrack\sonic.sega.jp\sonicchannel\topics\information.3
Deleted file - D:\GitHub\SonicChannelTrack\sonic.sega.jp\sonicchannel\topics\sound.3
Deleted file - D:\GitHub\SonicChannelTrack\sonic.sega.jp\sonicchannel\about.4
Deleted file - D:\GitHub\SonicChannelTrack\sonic.sega.jp\sonicchannel\character.4
Deleted file - D:\GitHub\SonicChannelTrack\sonic.sega.jp\sonicchannel\fangallery.4
Deleted file - D:\GitHub\SonicChannelTrack\sonic.sega.jp\sonicchannel\special\sidestory.4
Deleted file - D:\GitHub\SonicChannelTrack\sonic.sega.jp\sonicchannel\special\gamecontents\soniccolors.4
Deleted file - D:\GitHub\SonicChannelTrack\sonic.sega.jp\sonicchannel\special\sidestory\comic.4
Deleted file - D:\GitHub\SonicChannelTrack\sonic.sega.jp\sonicchannel\special\sidestory\coverstory.4
Deleted file - D:\GitHub\SonicChannelTrack\sonic.sega.jp\sonicchannel\topics\collaboration.4
Deleted file - D:\GitHub\SonicChannelTrack\sonic.sega.jp\sonicchannel\topics\event.4
Deleted file - D:\GitHub\SonicChannelTrack\sonic.sega.jp\sonicchannel\topics\goods.4
Deleted file - D:\GitHub\SonicChannelTrack\sonic.sega.jp\sonicchannel\topics\information.4
Deleted file - D:\GitHub\SonicChannelTrack\sonic.sega.jp\sonicchannel\topics\sound.4
Deleted file - D:\GitHub\SonicChannelTrack\www.olympicvideogames.com\sonic\br.1
Deleted file - D:\GitHub\SonicChannelTrack\www.olympicvideogames.com\sonic\cn.1
Deleted file - D:\GitHub\SonicChannelTrack\www.olympicvideogames.com\sonic\de.1
Deleted file - D:\GitHub\SonicChannelTrack\www.olympicvideogames.com\sonic\en.1
Deleted file - D:\GitHub\SonicChannelTrack\www.olympicvideogames.com\sonic\es.1
Deleted file - D:\GitHub\SonicChannelTrack\www.olympicvideogames.com\sonic\fr.1
Deleted file - D:\GitHub\SonicChannelTrack\www.olympicvideogames.com\sonic\it.1
Deleted file - D:\GitHub\SonicChannelTrack\www.olympicvideogames.com\sonic\jp.1
Deleted file - D:\GitHub\SonicChannelTrack\www.olympicvideogames.com\sonic\kr.1
Deleted file - D:\GitHub\SonicChannelTrack\www.olympicvideogames.com\sonic\nl.1
Deleted file - D:\GitHub\SonicChannelTrack\www.olympicvideogames.com\sonic\ru.1
Deleted file - D:\GitHub\SonicChannelTrack\www.olympicvideogames.com\sonic\zh.1
Deleted file - D:\GitHub\SonicChannelTrack\sonicteam.com\SonicWorldAdventure\director.1
Deleted file - D:\GitHub\SonicChannelTrack\sonicteam.com\SonicWorldAdventure\hamidashi.1
[main 8a28ce2609b] files from 2024-06-25, 12:29:09
 238 files changed, 5287 insertions(+), 2492 deletions(-)
 create mode 100644 log/KrazeeTobi-2024-06-25_073753.log
 create mode 100644 sonic.sega.jp/SonicChannel/assets_c/2024/06/banner_240623_SonicBirthday2023-thumb-640xauto-5682.jpg
 create mode 100644 sonic.sega.jp/SonicChannel/assets_c/2024/06/goods_240625_01_eye-thumb-640xauto-5681.jpg
 create mode 100644 sonic.sega.jp/SonicChannel/banner/image/banner_240623_SonicBirthday2023.jpg
 create mode 100644 sonic.sega.jp/SonicChannel/topics/goods/20240624_008597/index.html
 create mode 100644 sonic.sega.jp/SonicChannel/topics/goods/20240625_008597/index.html
 create mode 100644 sonic.sega.jp/SonicChannel/topics/image/goods_240625_01_01.jpg
 create mode 100644 sonic.sega.jp/SonicChannel/topics/image/goods_240625_01_02.jpg
 create mode 100644 sonic.sega.jp/SonicChannel/topics/image/goods_240625_01_03.jpg
 create mode 100644 sonic.sega.jp/SonicChannel/topics/image/goods_240625_01_04.jpg
 create mode 100644 sonic.sega.jp/SonicChannel/topics/image/goods_240625_01_eye.jpg
 create mode 100644 sonic.sega.jp/sonic-birthday2024/css/common.css
 create mode 100644 sonic.sega.jp/sonic-birthday2024/css/iziModal.min.css
 create mode 100644 sonic.sega.jp/sonic-birthday2024/css/sonicbd2024.css
 create mode 100644 sonic.sega.jp/sonic-birthday2024/img/background_part01.png
 create mode 100644 sonic.sega.jp/sonic-birthday2024/img/background_part02.png
 create mode 100644 sonic.sega.jp/sonic-birthday2024/img/background_part03.png
 create mode 100644 sonic.sega.jp/sonic-birthday2024/img/background_part04.png
 create mode 100644 sonic.sega.jp/sonic-birthday2024/img/background_part05.png
 create mode 100644 sonic.sega.jp/sonic-birthday2024/img/footer_pattern.png
 create mode 100644 sonic.sega.jp/sonic-birthday2024/img/home/btn_replace.png
 create mode 100644 sonic.sega.jp/sonic-birthday2024/img/home/mobile/sonic.png
 create mode 100644 sonic.sega.jp/sonic-birthday2024/img/home/mobile/title.png
 create mode 100644 sonic.sega.jp/sonic-birthday2024/img/home/present01_box.png
 create mode 100644 sonic.sega.jp/sonic-birthday2024/img/home/present01_txt.png
 create mode 100644 sonic.sega.jp/sonic-birthday2024/img/home/present02_box.png
 create mode 100644 sonic.sega.jp/sonic-birthday2024/img/home/present02_txt.png
 create mode 100644 sonic.sega.jp/sonic-birthday2024/img/home/present03_box.png
 create mode 100644 sonic.sega.jp/sonic-birthday2024/img/home/present03_txt.png
 create mode 100644 sonic.sega.jp/sonic-birthday2024/img/home/present04_box.png
 create mode 100644 sonic.sega.jp/sonic-birthday2024/img/home/present04_txt.png
 create mode 100644 sonic.sega.jp/sonic-birthday2024/img/home/present05_box.png
 create mode 100644 sonic.sega.jp/sonic-birthday2024/img/home/present05_txt.png
 create mode 100644 sonic.sega.jp/sonic-birthday2024/img/home/present06_box.png
 create mode 100644 sonic.sega.jp/sonic-birthday2024/img/home/present06_txt.png
 create mode 100644 sonic.sega.jp/sonic-birthday2024/img/home/present07_box.png
 create mode 100644 sonic.sega.jp/sonic-birthday2024/img/home/present07_txt.png
 create mode 100644 sonic.sega.jp/sonic-birthday2024/img/home/present08_box.png
 create mode 100644 sonic.sega.jp/sonic-birthday2024/img/home/present08_txt.png
 create mode 100644 sonic.sega.jp/sonic-birthday2024/img/home/present09_box.png
 create mode 100644 sonic.sega.jp/sonic-birthday2024/img/home/present09_txt.png
 create mode 100644 sonic.sega.jp/sonic-birthday2024/img/home/present10_box.png
 create mode 100644 sonic.sega.jp/sonic-birthday2024/img/home/present10_txt.png
 create mode 100644 sonic.sega.jp/sonic-birthday2024/img/home/present11_box.png
 create mode 100644 sonic.sega.jp/sonic-birthday2024/img/home/present11_txt.png
 create mode 100644 sonic.sega.jp/sonic-birthday2024/img/home/present12_box.png
 create mode 100644 sonic.sega.jp/sonic-birthday2024/img/home/present12_txt.png
 create mode 100644 sonic.sega.jp/sonic-birthday2024/img/home/present13_box.png
 create mode 100644 sonic.sega.jp/sonic-birthday2024/img/home/present13_txt.png
 create mode 100644 sonic.sega.jp/sonic-birthday2024/img/home/present14_box.png
 create mode 100644 sonic.sega.jp/sonic-birthday2024/img/home/present14_txt.png
 create mode 100644 sonic.sega.jp/sonic-birthday2024/img/home/present15_box.png
 create mode 100644 sonic.sega.jp/sonic-birthday2024/img/home/present15_txt.png
 create mode 100644 sonic.sega.jp/sonic-birthday2024/img/home/present16_box.png
 create mode 100644 sonic.sega.jp/sonic-birthday2024/img/home/present16_txt.png
 create mode 100644 sonic.sega.jp/sonic-birthday2024/img/home/present17_box.png
 create mode 100644 sonic.sega.jp/sonic-birthday2024/img/home/present17_txt.png
 create mode 100644 sonic.sega.jp/sonic-birthday2024/img/home/present18_box.png
 create mode 100644 sonic.sega.jp/sonic-birthday2024/img/home/present18_txt.png
 create mode 100644 sonic.sega.jp/sonic-birthday2024/img/home/present19_box.png
 create mode 100644 sonic.sega.jp/sonic-birthday2024/img/home/present19_txt.png
 create mode 100644 sonic.sega.jp/sonic-birthday2024/img/home/present20_box.png
 create mode 100644 sonic.sega.jp/sonic-birthday2024/img/home/present20_txt.png
 create mode 100644 sonic.sega.jp/sonic-birthday2024/img/home/present21_box.png
 create mode 100644 sonic.sega.jp/sonic-birthday2024/img/home/present21_txt.png
 create mode 100644 sonic.sega.jp/sonic-birthday2024/img/home/sonic.png
 create mode 100644 sonic.sega.jp/sonic-birthday2024/img/home/title.png
 create mode 100644 sonic.sega.jp/sonic-birthday2024/img/mobile/background_part01.png
 create mode 100644 sonic.sega.jp/sonic-birthday2024/img/mobile/background_part02.png
 create mode 100644 sonic.sega.jp/sonic-birthday2024/img/sns_facebook.png
 create mode 100644 sonic.sega.jp/sonic-birthday2024/img/sns_line.png
 create mode 100644 sonic.sega.jp/sonic-birthday2024/img/sns_x.png
 create mode 100644 sonic.sega.jp/sonic-birthday2024/index.html
 create mode 100644 sonic.sega.jp/sonic-birthday2024/js/common.min.js
 create mode 100644 sonic.sega.jp/sonic-birthday2024/js/iziModal.min.js
 create mode 100644 sonic.sega.jp/sonic-birthday2024/js/jquery.easing.js
 create mode 100644 sonic.sega.jp/sonic-birthday2024/js/jquery.min.js
 create mode 100644 sonic.sega.jp/sonic-birthday2024/js/lazyload.min.js
 create mode 100644 sonic.sega.jp/sonic-birthday2024/js/swt-switch.js
 create mode 100644 sonic.sega.jp/sonic-birthday2024/present/01-14789/index.html
 create mode 100644 sonic.sega.jp/sonic-birthday2024/present/02-25896/index.html
 create mode 100644 sonic.sega.jp/sonic-birthday2024/present/03-36987/index.html
 create mode 100644 sonic.sega.jp/sonic-birthday2024/present/04-74123/index.html
 create mode 100644 sonic.sega.jp/sonic-birthday2024/present/05-85236/index.html
 create mode 100644 sonic.sega.jp/sonic-birthday2024/present/06-96321/index.html
 create mode 100644 sonic.sega.jp/sonic-birthday2024/present/07-15963/index.html
 create mode 100644 sonic.sega.jp/sonic-birthday2024/present/08-68453/index.html
 create mode 100644 sonic.sega.jp/sonic-birthday2024/present/09-44134/index.html
 create mode 100644 sonic.sega.jp/sonic-birthday2024/present/10-87561/index.html
 create mode 100644 sonic.sega.jp/sonic-birthday2024/present/11-31654/index.html
 create mode 100644 sonic.sega.jp/sonic-birthday2024/present/12-65813/index.html
 create mode 100644 sonic.sega.jp/sonic-birthday2024/present/13-76548/index.html
 create mode 100644 sonic.sega.jp/sonic-birthday2024/present/14-26849/index.html
 create mode 100644 sonic.sega.jp/sonic-birthday2024/present/15-52897/index.html
 create mode 100644 sonic.sega.jp/sonic-birthday2024/present/16-76314/index.html
 create mode 100644 sonic.sega.jp/sonic-birthday2024/present/17-16478/index.html
 create mode 100644 sonic.sega.jp/sonic-birthday2024/present/18-39745/index.html
 create mode 100644 sonic.sega.jp/sonic-birthday2024/present/19-85491/index.html
 create mode 100644 sonic.sega.jp/sonic-birthday2024/present/20-29754/index.html
 create mode 100644 sonic.sega.jp/sonic-birthday2024/present/21-46813/index.html
 create mode 100644 sonic.sega.jp/sonic-birthday2024/present/css/present.css
 create mode 100644 sonic.sega.jp/sonic-birthday2024/present/img/btn_preview.png
 create mode 100644 sonic.sega.jp/sonic-birthday2024/present/img/comment.png
 create mode 100644 sonic.sega.jp/sonic-birthday2024/present/img/coverart01.png
 create mode 100644 sonic.sega.jp/sonic-birthday2024/present/img/coverart02.png
 create mode 100644 sonic.sega.jp/sonic-birthday2024/present/img/coverart03.png
 create mode 100644 sonic.sega.jp/sonic-birthday2024/present/img/coverart04.png
 create mode 100644 sonic.sega.jp/sonic-birthday2024/present/img/coverart05.png
 create mode 100644 sonic.sega.jp/sonic-birthday2024/present/img/coverart06.png
 create mode 100644 sonic.sega.jp/sonic-birthday2024/present/img/coverart07.png
 create mode 100644 sonic.sega.jp/sonic-birthday2024/present/img/coverart08.png
 create mode 100644 sonic.sega.jp/sonic-birthday2024/present/img/coverart09.png
 create mode 100644 sonic.sega.jp/sonic-birthday2024/present/img/coverart10.png
 create mode 100644 sonic.sega.jp/sonic-birthday2024/present/img/coverart11.png
 create mode 100644 sonic.sega.jp/sonic-birthday2024/present/img/coverart12.png
 create mode 100644 sonic.sega.jp/sonic-birthday2024/present/img/coverart13.png
 create mode 100644 sonic.sega.jp/sonic-birthday2024/present/img/coverart14.png
 create mode 100644 sonic.sega.jp/sonic-birthday2024/present/img/coverart15.png
 create mode 100644 sonic.sega.jp/sonic-birthday2024/present/img/coverart16.png
 create mode 100644 sonic.sega.jp/sonic-birthday2024/present/img/mobile/comment.png
 create mode 100644 sonic.sega.jp/sonic-birthday2024/present/img/mobile/present01_title.png
 create mode 100644 sonic.sega.jp/sonic-birthday2024/present/img/mobile/present02_title.png
 create mode 100644 sonic.sega.jp/sonic-birthday2024/present/img/mobile/present03_title.png
 create mode 100644 sonic.sega.jp/sonic-birthday2024/present/img/mobile/present04_title.png
 create mode 100644 sonic.sega.jp/sonic-birthday2024/present/img/mobile/present05_title.png
 create mode 100644 sonic.sega.jp/sonic-birthday2024/present/img/mobile/present06_title.png
 create mode 100644 sonic.sega.jp/sonic-birthday2024/present/img/mobile/present07_title.png
 create mode 100644 sonic.sega.jp/sonic-birthday2024/present/img/mobile/present08_title.png
 create mode 100644 sonic.sega.jp/sonic-birthday2024/present/img/mobile/present09_title.png
 create mode 100644 sonic.sega.jp/sonic-birthday2024/present/img/mobile/present10_title.png
 create mode 100644 sonic.sega.jp/sonic-birthday2024/present/img/mobile/present11_title.png
 create mode 100644 sonic.sega.jp/sonic-birthday2024/present/img/mobile/present12_title.png
 create mode 100644 sonic.sega.jp/sonic-birthday2024/present/img/mobile/present13_title.png
 create mode 100644 sonic.sega.jp/sonic-birthday2024/present/img/mobile/present14_title.png
 create mode 100644 sonic.sega.jp/sonic-birthday2024/present/img/mobile/present15_title.png
 create mode 100644 sonic.sega.jp/sonic-birthday2024/present/img/mobile/present16_title.png
 create mode 100644 sonic.sega.jp/sonic-birthday2024/present/img/mobile/present17_title.png
 create mode 100644 sonic.sega.jp/sonic-birthday2024/present/img/mobile/present18_title.png
 create mode 100644 sonic.sega.jp/sonic-birthday2024/present/img/mobile/present19_title.png
 create mode 100644 sonic.sega.jp/sonic-birthday2024/present/img/mobile/present20_title.png
 create mode 100644 sonic.sega.jp/sonic-birthday2024/present/img/mobile/present21_title.png
 create mode 100644 sonic.sega.jp/sonic-birthday2024/present/img/mobile/present_background.png
 create mode 100644 sonic.sega.jp/sonic-birthday2024/present/img/mobile/sonic01.png
 create mode 100644 sonic.sega.jp/sonic-birthday2024/present/img/mobile/sonic02.png
 create mode 100644 sonic.sega.jp/sonic-birthday2024/present/img/mobile/sonic03.png
 create mode 100644 sonic.sega.jp/sonic-birthday2024/present/img/mobile/sonic04.png
 create mode 100644 sonic.sega.jp/sonic-birthday2024/present/img/mobile/sonic05.png
 create mode 100644 sonic.sega.jp/sonic-birthday2024/present/img/mobile/sonic06.png
 create mode 100644 sonic.sega.jp/sonic-birthday2024/present/img/mobile/sonic07.png
 create mode 100644 sonic.sega.jp/sonic-birthday2024/present/img/mobile/title.png
 create mode 100644 sonic.sega.jp/sonic-birthday2024/present/img/present01_title.png
 create mode 100644 sonic.sega.jp/sonic-birthday2024/present/img/present02_title.png
 create mode 100644 sonic.sega.jp/sonic-birthday2024/present/img/present03_title.png
 create mode 100644 sonic.sega.jp/sonic-birthday2024/present/img/present04_title.png
 create mode 100644 sonic.sega.jp/sonic-birthday2024/present/img/present05_title.png
 create mode 100644 sonic.sega.jp/sonic-birthday2024/present/img/present06_title.png
 create mode 100644 sonic.sega.jp/sonic-birthday2024/present/img/present07_title.png
 create mode 100644 sonic.sega.jp/sonic-birthday2024/present/img/present08_title.png
 create mode 100644 sonic.sega.jp/sonic-birthday2024/present/img/present09_title.png
 create mode 100644 sonic.sega.jp/sonic-birthday2024/present/img/present10_title.png
 create mode 100644 sonic.sega.jp/sonic-birthday2024/present/img/present11_title.png
 create mode 100644 sonic.sega.jp/sonic-birthday2024/present/img/present12_title.png
 create mode 100644 sonic.sega.jp/sonic-birthday2024/present/img/present13_title.png
 create mode 100644 sonic.sega.jp/sonic-birthday2024/present/img/present14_title.png
 create mode 100644 sonic.sega.jp/sonic-birthday2024/present/img/present15_title.png
 create mode 100644 sonic.sega.jp/sonic-birthday2024/present/img/present16_title.png
 create mode 100644 sonic.sega.jp/sonic-birthday2024/present/img/present17_title.png
 create mode 100644 sonic.sega.jp/sonic-birthday2024/present/img/present18_title.png
 create mode 100644 sonic.sega.jp/sonic-birthday2024/present/img/present19_title.png
 create mode 100644 sonic.sega.jp/sonic-birthday2024/present/img/present20_title.png
 create mode 100644 sonic.sega.jp/sonic-birthday2024/present/img/present21_title.png
 create mode 100644 sonic.sega.jp/sonic-birthday2024/present/img/present_background.png
 create mode 100644 sonic.sega.jp/sonic-birthday2024/present/img/present_text.png
 create mode 100644 sonic.sega.jp/sonic-birthday2024/present/img/sonic01.png
 create mode 100644 sonic.sega.jp/sonic-birthday2024/present/img/sonic02.png
 create mode 100644 sonic.sega.jp/sonic-birthday2024/present/img/sonic03.png
 create mode 100644 sonic.sega.jp/sonic-birthday2024/present/img/sonic04.png
 create mode 100644 sonic.sega.jp/sonic-birthday2024/present/img/sonic05.png
 create mode 100644 sonic.sega.jp/sonic-birthday2024/present/img/sonic06.png
 create mode 100644 sonic.sega.jp/sonic-birthday2024/present/img/sonic07.png
 create mode 100644 sonic.sega.jp/sonic-birthday2024/present/img/title.png
 create mode 100644 sonic.sega.jp/sonic-birthday2024/present/js/present.min.js
