Already up to date.
[main 080bef004] files from 2022-08-02, 12:13:11
 193 files changed, 34977 insertions(+), 1753 deletions(-)
 create mode 100644 log/KrazeeTobi-2022-08-02_075413.log
 create mode 100644 sonic-movie.jp/sonic-movie/index.html@doing_wp_cron=1659437397.5646719932556152343750&paged=11
 create mode 100644 sonic-movie.jp/sonic-movie/index.html@doing_wp_cron=1659437397.5646719932556152343750&paged=2
 create mode 100644 sonic-movie.jp/sonic-movie/index.html@doing_wp_cron=1659437397.5646719932556152343750&paged=3
 create mode 100644 sonic-movie.jp/sonic-movie/index.html@doing_wp_cron=1659437397.5646719932556152343750&paged=4
 create mode 100644 sonic-movie.jp/sonic-movie/index.html@doing_wp_cron=1659437397.5646719932556152343750&paged=5
 create mode 100644 sonic-movie.jp/sonic-movie/index.html@doing_wp_cron=1659437397.5646719932556152343750&paged=6
 create mode 100644 sonic-movie.jp/sonic-movie/page/10/index.html@doing_wp_cron=1659437397.5646719932556152343750&paged=1
 create mode 100644 sonic-movie.jp/sonic-movie/page/10/index.html@doing_wp_cron=1659437397.5646719932556152343750&paged=11
 create mode 100644 sonic-movie.jp/sonic-movie/page/10/index.html@doing_wp_cron=1659437397.5646719932556152343750&paged=5
 create mode 100644 sonic-movie.jp/sonic-movie/page/10/index.html@doing_wp_cron=1659437397.5646719932556152343750&paged=6
 create mode 100644 sonic-movie.jp/sonic-movie/page/10/index.html@doing_wp_cron=1659437397.5646719932556152343750&paged=7
 create mode 100644 sonic-movie.jp/sonic-movie/page/10/index.html@doing_wp_cron=1659437397.5646719932556152343750&paged=8
 create mode 100644 sonic-movie.jp/sonic-movie/page/10/index.html@doing_wp_cron=1659437397.5646719932556152343750&paged=9
 create mode 100644 sonic-movie.jp/sonic-movie/page/11/index.html@doing_wp_cron=1659437397.5646719932556152343750&paged=1
 create mode 100644 sonic-movie.jp/sonic-movie/page/11/index.html@doing_wp_cron=1659437397.5646719932556152343750&paged=10
 create mode 100644 sonic-movie.jp/sonic-movie/page/11/index.html@doing_wp_cron=1659437397.5646719932556152343750&paged=6
 create mode 100644 sonic-movie.jp/sonic-movie/page/11/index.html@doing_wp_cron=1659437397.5646719932556152343750&paged=7
 create mode 100644 sonic-movie.jp/sonic-movie/page/11/index.html@doing_wp_cron=1659437397.5646719932556152343750&paged=8
 create mode 100644 sonic-movie.jp/sonic-movie/page/11/index.html@doing_wp_cron=1659437397.5646719932556152343750&paged=9
 create mode 100644 sonic-movie.jp/sonic-movie/page/2/index.html@doing_wp_cron=1659437397.5646719932556152343750&paged=1
 create mode 100644 sonic-movie.jp/sonic-movie/page/2/index.html@doing_wp_cron=1659437397.5646719932556152343750&paged=11
 create mode 100644 sonic-movie.jp/sonic-movie/page/2/index.html@doing_wp_cron=1659437397.5646719932556152343750&paged=3
 create mode 100644 sonic-movie.jp/sonic-movie/page/2/index.html@doing_wp_cron=1659437397.5646719932556152343750&paged=4
 create mode 100644 sonic-movie.jp/sonic-movie/page/2/index.html@doing_wp_cron=1659437397.5646719932556152343750&paged=5
 create mode 100644 sonic-movie.jp/sonic-movie/page/2/index.html@doing_wp_cron=1659437397.5646719932556152343750&paged=6
 create mode 100644 sonic-movie.jp/sonic-movie/page/2/index.html@doing_wp_cron=1659437397.5646719932556152343750&paged=7
 create mode 100644 sonic-movie.jp/sonic-movie/page/3/index.html@doing_wp_cron=1659437397.5646719932556152343750&paged=1
 create mode 100644 sonic-movie.jp/sonic-movie/page/3/index.html@doing_wp_cron=1659437397.5646719932556152343750&paged=11
 create mode 100644 sonic-movie.jp/sonic-movie/page/3/index.html@doing_wp_cron=1659437397.5646719932556152343750&paged=2
 create mode 100644 sonic-movie.jp/sonic-movie/page/3/index.html@doing_wp_cron=1659437397.5646719932556152343750&paged=4
 create mode 100644 sonic-movie.jp/sonic-movie/page/3/index.html@doing_wp_cron=1659437397.5646719932556152343750&paged=5
 create mode 100644 sonic-movie.jp/sonic-movie/page/3/index.html@doing_wp_cron=1659437397.5646719932556152343750&paged=6
 create mode 100644 sonic-movie.jp/sonic-movie/page/3/index.html@doing_wp_cron=1659437397.5646719932556152343750&paged=7
 create mode 100644 sonic-movie.jp/sonic-movie/page/3/index.html@doing_wp_cron=1659437397.5646719932556152343750&paged=8
 create mode 100644 sonic-movie.jp/sonic-movie/page/4/index.html@doing_wp_cron=1659437397.5646719932556152343750&paged=1
 create mode 100644 sonic-movie.jp/sonic-movie/page/4/index.html@doing_wp_cron=1659437397.5646719932556152343750&paged=11
 create mode 100644 sonic-movie.jp/sonic-movie/page/4/index.html@doing_wp_cron=1659437397.5646719932556152343750&paged=2
 create mode 100644 sonic-movie.jp/sonic-movie/page/4/index.html@doing_wp_cron=1659437397.5646719932556152343750&paged=3
 create mode 100644 sonic-movie.jp/sonic-movie/page/4/index.html@doing_wp_cron=1659437397.5646719932556152343750&paged=5
 create mode 100644 sonic-movie.jp/sonic-movie/page/4/index.html@doing_wp_cron=1659437397.5646719932556152343750&paged=6
 create mode 100644 sonic-movie.jp/sonic-movie/page/4/index.html@doing_wp_cron=1659437397.5646719932556152343750&paged=7
 create mode 100644 sonic-movie.jp/sonic-movie/page/4/index.html@doing_wp_cron=1659437397.5646719932556152343750&paged=8
 create mode 100644 sonic-movie.jp/sonic-movie/page/4/index.html@doing_wp_cron=1659437397.5646719932556152343750&paged=9
 create mode 100644 sonic-movie.jp/sonic-movie/page/5/index.html@doing_wp_cron=1659437397.5646719932556152343750&paged=1
 create mode 100644 sonic-movie.jp/sonic-movie/page/5/index.html@doing_wp_cron=1659437397.5646719932556152343750&paged=10
 create mode 100644 sonic-movie.jp/sonic-movie/page/5/index.html@doing_wp_cron=1659437397.5646719932556152343750&paged=11
 create mode 100644 sonic-movie.jp/sonic-movie/page/5/index.html@doing_wp_cron=1659437397.5646719932556152343750&paged=2
 create mode 100644 sonic-movie.jp/sonic-movie/page/5/index.html@doing_wp_cron=1659437397.5646719932556152343750&paged=3
 create mode 100644 sonic-movie.jp/sonic-movie/page/5/index.html@doing_wp_cron=1659437397.5646719932556152343750&paged=4
 create mode 100644 sonic-movie.jp/sonic-movie/page/5/index.html@doing_wp_cron=1659437397.5646719932556152343750&paged=6
 create mode 100644 sonic-movie.jp/sonic-movie/page/5/index.html@doing_wp_cron=1659437397.5646719932556152343750&paged=7
 create mode 100644 sonic-movie.jp/sonic-movie/page/5/index.html@doing_wp_cron=1659437397.5646719932556152343750&paged=8
 create mode 100644 sonic-movie.jp/sonic-movie/page/5/index.html@doing_wp_cron=1659437397.5646719932556152343750&paged=9
 create mode 100644 sonic-movie.jp/sonic-movie/page/6/index.html@doing_wp_cron=1659437397.5646719932556152343750&paged=1
 create mode 100644 sonic-movie.jp/sonic-movie/page/6/index.html@doing_wp_cron=1659437397.5646719932556152343750&paged=10
 create mode 100644 sonic-movie.jp/sonic-movie/page/6/index.html@doing_wp_cron=1659437397.5646719932556152343750&paged=11
 create mode 100644 sonic-movie.jp/sonic-movie/page/6/index.html@doing_wp_cron=1659437397.5646719932556152343750&paged=2
 create mode 100644 sonic-movie.jp/sonic-movie/page/6/index.html@doing_wp_cron=1659437397.5646719932556152343750&paged=3
 create mode 100644 sonic-movie.jp/sonic-movie/page/6/index.html@doing_wp_cron=1659437397.5646719932556152343750&paged=4
 create mode 100644 sonic-movie.jp/sonic-movie/page/6/index.html@doing_wp_cron=1659437397.5646719932556152343750&paged=5
 create mode 100644 sonic-movie.jp/sonic-movie/page/6/index.html@doing_wp_cron=1659437397.5646719932556152343750&paged=7
 create mode 100644 sonic-movie.jp/sonic-movie/page/6/index.html@doing_wp_cron=1659437397.5646719932556152343750&paged=8
 create mode 100644 sonic-movie.jp/sonic-movie/page/6/index.html@doing_wp_cron=1659437397.5646719932556152343750&paged=9
 create mode 100644 sonic-movie.jp/sonic-movie/page/7/index.html@doing_wp_cron=1659437397.5646719932556152343750&paged=1
 create mode 100644 sonic-movie.jp/sonic-movie/page/7/index.html@doing_wp_cron=1659437397.5646719932556152343750&paged=10
 create mode 100644 sonic-movie.jp/sonic-movie/page/7/index.html@doing_wp_cron=1659437397.5646719932556152343750&paged=11
 create mode 100644 sonic-movie.jp/sonic-movie/page/7/index.html@doing_wp_cron=1659437397.5646719932556152343750&paged=2
 create mode 100644 sonic-movie.jp/sonic-movie/page/7/index.html@doing_wp_cron=1659437397.5646719932556152343750&paged=3
 create mode 100644 sonic-movie.jp/sonic-movie/page/7/index.html@doing_wp_cron=1659437397.5646719932556152343750&paged=4
 create mode 100644 sonic-movie.jp/sonic-movie/page/7/index.html@doing_wp_cron=1659437397.5646719932556152343750&paged=5
 create mode 100644 sonic-movie.jp/sonic-movie/page/7/index.html@doing_wp_cron=1659437397.5646719932556152343750&paged=6
 create mode 100644 sonic-movie.jp/sonic-movie/page/7/index.html@doing_wp_cron=1659437397.5646719932556152343750&paged=8
 create mode 100644 sonic-movie.jp/sonic-movie/page/7/index.html@doing_wp_cron=1659437397.5646719932556152343750&paged=9
 create mode 100644 sonic-movie.jp/sonic-movie/page/8/index.html@doing_wp_cron=1659437397.5646719932556152343750&paged=1
 create mode 100644 sonic-movie.jp/sonic-movie/page/8/index.html@doing_wp_cron=1659437397.5646719932556152343750&paged=10
 create mode 100644 sonic-movie.jp/sonic-movie/page/8/index.html@doing_wp_cron=1659437397.5646719932556152343750&paged=11
 create mode 100644 sonic-movie.jp/sonic-movie/page/8/index.html@doing_wp_cron=1659437397.5646719932556152343750&paged=3
 create mode 100644 sonic-movie.jp/sonic-movie/page/8/index.html@doing_wp_cron=1659437397.5646719932556152343750&paged=4
 create mode 100644 sonic-movie.jp/sonic-movie/page/8/index.html@doing_wp_cron=1659437397.5646719932556152343750&paged=5
 create mode 100644 sonic-movie.jp/sonic-movie/page/8/index.html@doing_wp_cron=1659437397.5646719932556152343750&paged=6
 create mode 100644 sonic-movie.jp/sonic-movie/page/8/index.html@doing_wp_cron=1659437397.5646719932556152343750&paged=7
 create mode 100644 sonic-movie.jp/sonic-movie/page/8/index.html@doing_wp_cron=1659437397.5646719932556152343750&paged=9
 create mode 100644 sonic-movie.jp/sonic-movie/page/9/index.html@doing_wp_cron=1659437397.5646719932556152343750&paged=1
 create mode 100644 sonic-movie.jp/sonic-movie/page/9/index.html@doing_wp_cron=1659437397.5646719932556152343750&paged=10
 create mode 100644 sonic-movie.jp/sonic-movie/page/9/index.html@doing_wp_cron=1659437397.5646719932556152343750&paged=11
 create mode 100644 sonic-movie.jp/sonic-movie/page/9/index.html@doing_wp_cron=1659437397.5646719932556152343750&paged=4
 create mode 100644 sonic-movie.jp/sonic-movie/page/9/index.html@doing_wp_cron=1659437397.5646719932556152343750&paged=5
 create mode 100644 sonic-movie.jp/sonic-movie/page/9/index.html@doing_wp_cron=1659437397.5646719932556152343750&paged=6
 create mode 100644 sonic-movie.jp/sonic-movie/page/9/index.html@doing_wp_cron=1659437397.5646719932556152343750&paged=7
 create mode 100644 sonic-movie.jp/sonic-movie/page/9/index.html@doing_wp_cron=1659437397.5646719932556152343750&paged=8
 create mode 100644 sonic.sega.jp/SonicChannel/assets_c/2022/08/fanart_2208_eye-thumb-640xauto-4694.jpg
 create mode 100644 sonic.sega.jp/SonicChannel/assets_c/2022/08/information_220802_01_eye-thumb-640xauto-4696.jpg
 create mode 100644 sonic.sega.jp/SonicChannel/fanart/20220801_002961/index.html
 create mode 100644 sonic.sega.jp/SonicChannel/fanart/image/2208_0001.jpg
 create mode 100644 sonic.sega.jp/SonicChannel/fanart/image/2208_0002.jpg
 create mode 100644 sonic.sega.jp/SonicChannel/fanart/image/2208_0003.jpg
 create mode 100644 sonic.sega.jp/SonicChannel/fanart/image/2208_0004.jpg
 create mode 100644 sonic.sega.jp/SonicChannel/fanart/image/2208_0005.jpg
 create mode 100644 sonic.sega.jp/SonicChannel/fanart/image/2208_0006.jpg
 create mode 100644 sonic.sega.jp/SonicChannel/fanart/image/2208_0007.jpg
 create mode 100644 sonic.sega.jp/SonicChannel/fanart/image/2208_0008.jpg
 create mode 100644 sonic.sega.jp/SonicChannel/fanart/image/2208_0009.jpg
 create mode 100644 sonic.sega.jp/SonicChannel/fanart/image/2208_0010.jpg
 create mode 100644 sonic.sega.jp/SonicChannel/fanart/image/2208_0011.jpg
 create mode 100644 sonic.sega.jp/SonicChannel/fanart/image/2208_0012.jpg
 create mode 100644 sonic.sega.jp/SonicChannel/fanart/image/2208_0013.jpg
 create mode 100644 sonic.sega.jp/SonicChannel/fanart/image/2208_0014.jpg
 create mode 100644 sonic.sega.jp/SonicChannel/fanart/image/2208_0015.jpg
 create mode 100644 sonic.sega.jp/SonicChannel/fanart/image/2208_0016.jpg
 create mode 100644 sonic.sega.jp/SonicChannel/fanart/image/2208_0017.jpg
 create mode 100644 sonic.sega.jp/SonicChannel/fanart/image/2208_0018.jpg
 create mode 100644 sonic.sega.jp/SonicChannel/fanart/image/2208_0019.jpg
 create mode 100644 sonic.sega.jp/SonicChannel/fanart/image/2208_0020.jpg
 create mode 100644 sonic.sega.jp/SonicChannel/fanart/image/2208_0021.jpg
 create mode 100644 sonic.sega.jp/SonicChannel/fanart/image/2208_0022.jpg
 create mode 100644 sonic.sega.jp/SonicChannel/fanart/image/2208_0023.jpg
 create mode 100644 sonic.sega.jp/SonicChannel/fanart/image/2208_0024.jpg
 create mode 100644 sonic.sega.jp/SonicChannel/fanart/image/2208_0025.jpg
 create mode 100644 sonic.sega.jp/SonicChannel/fanart/image/2208_0026.jpg
 create mode 100644 sonic.sega.jp/SonicChannel/fanart/image/2208_0027.jpg
 create mode 100644 sonic.sega.jp/SonicChannel/fanart/image/2208_0028.jpg
 create mode 100644 sonic.sega.jp/SonicChannel/fanart/image/2208_0029.jpg
 create mode 100644 sonic.sega.jp/SonicChannel/fanart/image/2208_0030.jpg
 create mode 100644 sonic.sega.jp/SonicChannel/fanart/image/fanart_2208_eye.jpg
 create mode 100644 sonic.sega.jp/SonicChannel/fanart/image/s2208_0001.jpg
 create mode 100644 sonic.sega.jp/SonicChannel/fanart/image/s2208_0002.jpg
 create mode 100644 sonic.sega.jp/SonicChannel/fanart/image/s2208_0003.jpg
 create mode 100644 sonic.sega.jp/SonicChannel/fanart/image/s2208_0004.jpg
 create mode 100644 sonic.sega.jp/SonicChannel/fanart/image/s2208_0005.jpg
 create mode 100644 sonic.sega.jp/SonicChannel/fanart/image/s2208_0006.jpg
 create mode 100644 sonic.sega.jp/SonicChannel/fanart/image/s2208_0007.jpg
 create mode 100644 sonic.sega.jp/SonicChannel/fanart/image/s2208_0008.jpg
 create mode 100644 sonic.sega.jp/SonicChannel/fanart/image/s2208_0009.jpg
 create mode 100644 sonic.sega.jp/SonicChannel/fanart/image/s2208_0010.jpg
 create mode 100644 sonic.sega.jp/SonicChannel/fanart/image/s2208_0011.jpg
 create mode 100644 sonic.sega.jp/SonicChannel/fanart/image/s2208_0012.jpg
 create mode 100644 sonic.sega.jp/SonicChannel/fanart/image/s2208_0013.jpg
 create mode 100644 sonic.sega.jp/SonicChannel/fanart/image/s2208_0014.jpg
 create mode 100644 sonic.sega.jp/SonicChannel/fanart/image/s2208_0015.jpg
 create mode 100644 sonic.sega.jp/SonicChannel/fanart/image/s2208_0016.jpg
 create mode 100644 sonic.sega.jp/SonicChannel/fanart/image/s2208_0017.jpg
 create mode 100644 sonic.sega.jp/SonicChannel/fanart/image/s2208_0018.jpg
 create mode 100644 sonic.sega.jp/SonicChannel/fanart/image/s2208_0019.jpg
 create mode 100644 sonic.sega.jp/SonicChannel/fanart/image/s2208_0020.jpg
 create mode 100644 sonic.sega.jp/SonicChannel/fanart/image/s2208_0021.jpg
 create mode 100644 sonic.sega.jp/SonicChannel/fanart/image/s2208_0022.jpg
 create mode 100644 sonic.sega.jp/SonicChannel/fanart/image/s2208_0023.jpg
 create mode 100644 sonic.sega.jp/SonicChannel/fanart/image/s2208_0024.jpg
 create mode 100644 sonic.sega.jp/SonicChannel/fanart/image/s2208_0025.jpg
 create mode 100644 sonic.sega.jp/SonicChannel/fanart/image/s2208_0026.jpg
 create mode 100644 sonic.sega.jp/SonicChannel/fanart/image/s2208_0027.jpg
 create mode 100644 sonic.sega.jp/SonicChannel/fanart/image/s2208_0028.jpg
 create mode 100644 sonic.sega.jp/SonicChannel/fanart/image/s2208_0029.jpg
 create mode 100644 sonic.sega.jp/SonicChannel/fanart/image/s2208_0030.jpg
 create mode 100644 sonic.sega.jp/SonicChannel/topics/image/information_220802_01_01.jpg
 create mode 100644 sonic.sega.jp/SonicChannel/topics/image/information_220802_01_02.jpg
 create mode 100644 sonic.sega.jp/SonicChannel/topics/image/information_220802_01_03.jpg
 create mode 100644 sonic.sega.jp/SonicChannel/topics/image/information_220802_01_eye.jpg
 create mode 100644 sonic.sega.jp/SonicChannel/topics/information/20220802_002963/index.html
