Already up to date.
[main 00051d50e] files from 2022-05-28,  7:44:11
 108 files changed, 25634 insertions(+), 2043 deletions(-)
 create mode 100644 archives/nikkei-tgs/2017/August/9/tgs/2016/public/en/visitor/greeting.html
 create mode 100644 archives/nikkei-tgs/2017/August/9/tgs/2017/exhibition/english/exhibit/senseform.html
 create mode 100644 archives/nikkei-tgs/all.bat
 create mode 100644 log/KrazeeTobi-2022-05-28_040604.log
 create mode 100644 sonic-movie.jp/sonic-movie/index.html@doing_wp_cron=1653719614.2678089141845703125000&paged=2
 create mode 100644 sonic-movie.jp/sonic-movie/index.html@doing_wp_cron=1653719614.2678089141845703125000&paged=3
 create mode 100644 sonic-movie.jp/sonic-movie/index.html@doing_wp_cron=1653719614.2678089141845703125000&paged=4
 create mode 100644 sonic-movie.jp/sonic-movie/index.html@doing_wp_cron=1653719614.2678089141845703125000&paged=5
 create mode 100644 sonic-movie.jp/sonic-movie/index.html@doing_wp_cron=1653719614.2678089141845703125000&paged=6
 create mode 100644 sonic-movie.jp/sonic-movie/index.html@doing_wp_cron=1653719614.2678089141845703125000&paged=9
 create mode 100644 sonic-movie.jp/sonic-movie/page/2/index.html@doing_wp_cron=1653719614.2678089141845703125000&paged=1
 create mode 100644 sonic-movie.jp/sonic-movie/page/2/index.html@doing_wp_cron=1653719614.2678089141845703125000&paged=3
 create mode 100644 sonic-movie.jp/sonic-movie/page/2/index.html@doing_wp_cron=1653719614.2678089141845703125000&paged=4
 create mode 100644 sonic-movie.jp/sonic-movie/page/2/index.html@doing_wp_cron=1653719614.2678089141845703125000&paged=5
 create mode 100644 sonic-movie.jp/sonic-movie/page/2/index.html@doing_wp_cron=1653719614.2678089141845703125000&paged=6
 create mode 100644 sonic-movie.jp/sonic-movie/page/2/index.html@doing_wp_cron=1653719614.2678089141845703125000&paged=7
 create mode 100644 sonic-movie.jp/sonic-movie/page/2/index.html@doing_wp_cron=1653719614.2678089141845703125000&paged=9
 create mode 100644 sonic-movie.jp/sonic-movie/page/3/index.html@doing_wp_cron=1653719614.2678089141845703125000&paged=1
 create mode 100644 sonic-movie.jp/sonic-movie/page/3/index.html@doing_wp_cron=1653719614.2678089141845703125000&paged=2
 create mode 100644 sonic-movie.jp/sonic-movie/page/3/index.html@doing_wp_cron=1653719614.2678089141845703125000&paged=4
 create mode 100644 sonic-movie.jp/sonic-movie/page/3/index.html@doing_wp_cron=1653719614.2678089141845703125000&paged=5
 create mode 100644 sonic-movie.jp/sonic-movie/page/3/index.html@doing_wp_cron=1653719614.2678089141845703125000&paged=6
 create mode 100644 sonic-movie.jp/sonic-movie/page/3/index.html@doing_wp_cron=1653719614.2678089141845703125000&paged=7
 create mode 100644 sonic-movie.jp/sonic-movie/page/3/index.html@doing_wp_cron=1653719614.2678089141845703125000&paged=8
 create mode 100644 sonic-movie.jp/sonic-movie/page/3/index.html@doing_wp_cron=1653719614.2678089141845703125000&paged=9
 create mode 100644 sonic-movie.jp/sonic-movie/page/4/index.html@doing_wp_cron=1653719614.2678089141845703125000&paged=1
 create mode 100644 sonic-movie.jp/sonic-movie/page/4/index.html@doing_wp_cron=1653719614.2678089141845703125000&paged=2
 create mode 100644 sonic-movie.jp/sonic-movie/page/4/index.html@doing_wp_cron=1653719614.2678089141845703125000&paged=3
 create mode 100644 sonic-movie.jp/sonic-movie/page/4/index.html@doing_wp_cron=1653719614.2678089141845703125000&paged=5
 create mode 100644 sonic-movie.jp/sonic-movie/page/4/index.html@doing_wp_cron=1653719614.2678089141845703125000&paged=6
 create mode 100644 sonic-movie.jp/sonic-movie/page/4/index.html@doing_wp_cron=1653719614.2678089141845703125000&paged=7
 create mode 100644 sonic-movie.jp/sonic-movie/page/4/index.html@doing_wp_cron=1653719614.2678089141845703125000&paged=8
 create mode 100644 sonic-movie.jp/sonic-movie/page/4/index.html@doing_wp_cron=1653719614.2678089141845703125000&paged=9
 create mode 100644 sonic-movie.jp/sonic-movie/page/5/index.html@doing_wp_cron=1653719614.2678089141845703125000&paged=1
 create mode 100644 sonic-movie.jp/sonic-movie/page/5/index.html@doing_wp_cron=1653719614.2678089141845703125000&paged=2
 create mode 100644 sonic-movie.jp/sonic-movie/page/5/index.html@doing_wp_cron=1653719614.2678089141845703125000&paged=3
 create mode 100644 sonic-movie.jp/sonic-movie/page/5/index.html@doing_wp_cron=1653719614.2678089141845703125000&paged=6
 create mode 100644 sonic-movie.jp/sonic-movie/page/5/index.html@doing_wp_cron=1653719614.2678089141845703125000&paged=7
 create mode 100644 sonic-movie.jp/sonic-movie/page/5/index.html@doing_wp_cron=1653719614.2678089141845703125000&paged=8
 create mode 100644 sonic-movie.jp/sonic-movie/page/5/index.html@doing_wp_cron=1653719614.2678089141845703125000&paged=9
 create mode 100644 sonic-movie.jp/sonic-movie/page/6/index.html@doing_wp_cron=1653719614.2678089141845703125000&paged=1
 create mode 100644 sonic-movie.jp/sonic-movie/page/6/index.html@doing_wp_cron=1653719614.2678089141845703125000&paged=2
 create mode 100644 sonic-movie.jp/sonic-movie/page/6/index.html@doing_wp_cron=1653719614.2678089141845703125000&paged=3
 create mode 100644 sonic-movie.jp/sonic-movie/page/6/index.html@doing_wp_cron=1653719614.2678089141845703125000&paged=4
 create mode 100644 sonic-movie.jp/sonic-movie/page/6/index.html@doing_wp_cron=1653719614.2678089141845703125000&paged=5
 create mode 100644 sonic-movie.jp/sonic-movie/page/6/index.html@doing_wp_cron=1653719614.2678089141845703125000&paged=7
 create mode 100644 sonic-movie.jp/sonic-movie/page/6/index.html@doing_wp_cron=1653719614.2678089141845703125000&paged=8
 create mode 100644 sonic-movie.jp/sonic-movie/page/6/index.html@doing_wp_cron=1653719614.2678089141845703125000&paged=9
 create mode 100644 sonic-movie.jp/sonic-movie/page/7/index.html@doing_wp_cron=1653719614.2678089141845703125000&paged=1
 create mode 100644 sonic-movie.jp/sonic-movie/page/7/index.html@doing_wp_cron=1653719614.2678089141845703125000&paged=2
 create mode 100644 sonic-movie.jp/sonic-movie/page/7/index.html@doing_wp_cron=1653719614.2678089141845703125000&paged=3
 create mode 100644 sonic-movie.jp/sonic-movie/page/7/index.html@doing_wp_cron=1653719614.2678089141845703125000&paged=4
 create mode 100644 sonic-movie.jp/sonic-movie/page/7/index.html@doing_wp_cron=1653719614.2678089141845703125000&paged=5
 create mode 100644 sonic-movie.jp/sonic-movie/page/7/index.html@doing_wp_cron=1653719614.2678089141845703125000&paged=6
 create mode 100644 sonic-movie.jp/sonic-movie/page/7/index.html@doing_wp_cron=1653719614.2678089141845703125000&paged=8
 create mode 100644 sonic-movie.jp/sonic-movie/page/7/index.html@doing_wp_cron=1653719614.2678089141845703125000&paged=9
 create mode 100644 sonic-movie.jp/sonic-movie/page/8/index.html@doing_wp_cron=1653719614.2678089141845703125000&paged=1
 create mode 100644 sonic-movie.jp/sonic-movie/page/8/index.html@doing_wp_cron=1653719614.2678089141845703125000&paged=3
 create mode 100644 sonic-movie.jp/sonic-movie/page/8/index.html@doing_wp_cron=1653719614.2678089141845703125000&paged=4
 create mode 100644 sonic-movie.jp/sonic-movie/page/8/index.html@doing_wp_cron=1653719614.2678089141845703125000&paged=5
 create mode 100644 sonic-movie.jp/sonic-movie/page/8/index.html@doing_wp_cron=1653719614.2678089141845703125000&paged=6
 create mode 100644 sonic-movie.jp/sonic-movie/page/8/index.html@doing_wp_cron=1653719614.2678089141845703125000&paged=7
 create mode 100644 sonic-movie.jp/sonic-movie/page/8/index.html@doing_wp_cron=1653719614.2678089141845703125000&paged=9
 create mode 100644 sonic-movie.jp/sonic-movie/page/9/index.html@doing_wp_cron=1653719614.2678089141845703125000&paged=1
 create mode 100644 sonic-movie.jp/sonic-movie/page/9/index.html@doing_wp_cron=1653719614.2678089141845703125000&paged=4
 create mode 100644 sonic-movie.jp/sonic-movie/page/9/index.html@doing_wp_cron=1653719614.2678089141845703125000&paged=5
 create mode 100644 sonic-movie.jp/sonic-movie/page/9/index.html@doing_wp_cron=1653719614.2678089141845703125000&paged=6
 create mode 100644 sonic-movie.jp/sonic-movie/page/9/index.html@doing_wp_cron=1653719614.2678089141845703125000&paged=7
 create mode 100644 sonic-movie.jp/sonic-movie/page/9/index.html@doing_wp_cron=1653719614.2678089141845703125000&paged=8
 create mode 100644 sonic.sega.jp/SonicChannel/assets_c/2022/05/event_220527_01_eye-thumb-640xauto-4625.jpg
 create mode 100644 sonic.sega.jp/SonicChannel/topics/event/20220527_002905/index.html
 create mode 100644 sonic.sega.jp/SonicChannel/topics/image/event_220527_01_eye.jpg
