Already up to date.
[main dd063dd5d5] files from 2022-11-24, 10:46:59
 47 files changed, 377 insertions(+), 241 deletions(-)
 create mode 100644 log/KrazeeTobi-2022-11-24_070745.log
 create mode 100644 sonic.sega.jp/SonicChannel/enjoy/image/wallpaper_SonicFrontiers_jp_pc_01.jpg
 create mode 100644 sonic.sega.jp/SonicChannel/enjoy/image/wallpaper_SonicFrontiers_jp_pc_02.jpg
 create mode 100644 sonic.sega.jp/SonicChannel/enjoy/image/wallpaper_SonicFrontiers_jp_pc_03.jpg
 create mode 100644 sonic.sega.jp/SonicChannel/enjoy/image/wallpaper_SonicFrontiers_jp_pc_04.jpg
 create mode 100644 sonic.sega.jp/SonicChannel/enjoy/image/wallpaper_SonicFrontiers_jp_pc_05.jpg
 create mode 100644 sonic.sega.jp/SonicChannel/enjoy/image/wallpaper_SonicFrontiers_jp_pc_06.jpg
 create mode 100644 sonic.sega.jp/SonicChannel/enjoy/image/wallpaper_SonicFrontiers_jp_pc_07.jpg
 create mode 100644 sonic.sega.jp/SonicChannel/enjoy/image/wallpaper_SonicFrontiers_jp_pc_08.jpg
 create mode 100644 sonic.sega.jp/SonicChannel/enjoy/image/wallpaper_SonicFrontiers_jp_sp_01.jpg
 create mode 100644 sonic.sega.jp/SonicChannel/enjoy/image/wallpaper_SonicFrontiers_jp_sp_02.jpg
 create mode 100644 sonic.sega.jp/SonicFrontiers/wallpaper/css/wallpaper.css
 create mode 100644 sonic.sega.jp/SonicFrontiers/wallpaper/images/containerTitle-pattern-left.png
 create mode 100644 sonic.sega.jp/SonicFrontiers/wallpaper/images/containerTitle-pattern-right.png
 create mode 100644 sonic.sega.jp/SonicFrontiers/wallpaper/images/shop-bg-sp.jpg
 create mode 100644 sonic.sega.jp/SonicFrontiers/wallpaper/images/shop-bg.jpg
 create mode 100644 sonic.sega.jp/SonicFrontiers/wallpaper/images/trianime_gray_left.png
 create mode 100644 sonic.sega.jp/SonicFrontiers/wallpaper/images/trianime_white_right.png
 create mode 100644 sonic.sega.jp/SonicFrontiers/wallpaper/index.html
 rewrite www.nintendo.co.jp/3ds/bgxj/character/index.html (97%)
