Already up to date.
Deleted file - D:\GitHub\SonicChannelTrack\sonic.sega.jp\sonicchannel\about.1
Deleted file - D:\GitHub\SonicChannelTrack\sonic.sega.jp\sonicchannel\character.1
Deleted file - D:\GitHub\SonicChannelTrack\sonic.sega.jp\sonicchannel\fangallery.1
Deleted file - D:\GitHub\SonicChannelTrack\sonic.sega.jp\sonicchannel\special.1
Deleted file - D:\GitHub\SonicChannelTrack\sonic.sega.jp\sonicchannel\fangallery\apply.1
Deleted file - D:\GitHub\SonicChannelTrack\sonic.sega.jp\sonicchannel\fangallery\fanart.1
Deleted file - D:\GitHub\SonicChannelTrack\sonic.sega.jp\sonicchannel\fangallery\oshiete.1
Deleted file - D:\GitHub\SonicChannelTrack\sonic.sega.jp\sonicchannel\fangallery\screenshot.1
Deleted file - D:\GitHub\SonicChannelTrack\sonic.sega.jp\sonicchannel\special\sidestory.1
Deleted file - D:\GitHub\SonicChannelTrack\sonic.sega.jp\sonicchannel\special\sns.1
Deleted file - D:\GitHub\SonicChannelTrack\sonic.sega.jp\sonicchannel\special\staffcolumn.1
Deleted file - D:\GitHub\SonicChannelTrack\sonic.sega.jp\sonicchannel\special\gamecontents\soniccolors.1
Deleted file - D:\GitHub\SonicChannelTrack\sonic.sega.jp\sonicchannel\special\gamecontents\sonicforces.1
Deleted file - D:\GitHub\SonicChannelTrack\sonic.sega.jp\sonicchannel\special\gamecontents\sonicmania.1
Deleted file - D:\GitHub\SonicChannelTrack\sonic.sega.jp\sonicchannel\special\sidestory\comic.1
Deleted file - D:\GitHub\SonicChannelTrack\sonic.sega.jp\sonicchannel\special\sidestory\coverstory.1
Deleted file - D:\GitHub\SonicChannelTrack\sonic.sega.jp\sonicchannel\special\sidestory\ohgiri.1
Deleted file - D:\GitHub\SonicChannelTrack\sonic.sega.jp\sonicchannel\special\sidestory\sonicpict.1
Deleted file - D:\GitHub\SonicChannelTrack\sonic.sega.jp\sonicchannel\special\soundcolumn\ohtani.1
Deleted file - D:\GitHub\SonicChannelTrack\sonic.sega.jp\sonicchannel\special\soundcolumn\senoue.1
Deleted file - D:\GitHub\SonicChannelTrack\sonic.sega.jp\sonicchannel\topics\collaboration.1
Deleted file - D:\GitHub\SonicChannelTrack\sonic.sega.jp\sonicchannel\topics\event.1
Deleted file - D:\GitHub\SonicChannelTrack\sonic.sega.jp\sonicchannel\topics\goods.1
Deleted file - D:\GitHub\SonicChannelTrack\sonic.sega.jp\sonicchannel\topics\information.1
Deleted file - D:\GitHub\SonicChannelTrack\sonic.sega.jp\sonicchannel\topics\sound.1
Deleted file - D:\GitHub\SonicChannelTrack\sonic.sega.jp\sonicchannel\topics\goods\20190607_001917.1
Deleted file - D:\GitHub\SonicChannelTrack\sonic.sega.jp\sonicchannel\about.2
Deleted file - D:\GitHub\SonicChannelTrack\sonic.sega.jp\sonicchannel\character.2
Deleted file - D:\GitHub\SonicChannelTrack\sonic.sega.jp\sonicchannel\fangallery.2
Deleted file - D:\GitHub\SonicChannelTrack\sonic.sega.jp\sonicchannel\special.2
Deleted file - D:\GitHub\SonicChannelTrack\sonic.sega.jp\sonicchannel\fangallery\apply.2
Deleted file - D:\GitHub\SonicChannelTrack\sonic.sega.jp\sonicchannel\fangallery\fanart.2
Deleted file - D:\GitHub\SonicChannelTrack\sonic.sega.jp\sonicchannel\fangallery\oshiete.2
Deleted file - D:\GitHub\SonicChannelTrack\sonic.sega.jp\sonicchannel\fangallery\screenshot.2
Deleted file - D:\GitHub\SonicChannelTrack\sonic.sega.jp\sonicchannel\special\sidestory.2
Deleted file - D:\GitHub\SonicChannelTrack\sonic.sega.jp\sonicchannel\special\sns.2
Deleted file - D:\GitHub\SonicChannelTrack\sonic.sega.jp\sonicchannel\special\staffcolumn.2
Deleted file - D:\GitHub\SonicChannelTrack\sonic.sega.jp\sonicchannel\special\gamecontents\soniccolors.2
Deleted file - D:\GitHub\SonicChannelTrack\sonic.sega.jp\sonicchannel\special\gamecontents\sonicforces.2
Deleted file - D:\GitHub\SonicChannelTrack\sonic.sega.jp\sonicchannel\special\gamecontents\sonicmania.2
Deleted file - D:\GitHub\SonicChannelTrack\sonic.sega.jp\sonicchannel\special\sidestory\comic.2
Deleted file - D:\GitHub\SonicChannelTrack\sonic.sega.jp\sonicchannel\special\sidestory\coverstory.2
Deleted file - D:\GitHub\SonicChannelTrack\sonic.sega.jp\sonicchannel\special\sidestory\ohgiri.2
Deleted file - D:\GitHub\SonicChannelTrack\sonic.sega.jp\sonicchannel\special\sidestory\sonicpict.2
Deleted file - D:\GitHub\SonicChannelTrack\sonic.sega.jp\sonicchannel\special\soundcolumn\ohtani.2
Deleted file - D:\GitHub\SonicChannelTrack\sonic.sega.jp\sonicchannel\special\soundcolumn\senoue.2
Deleted file - D:\GitHub\SonicChannelTrack\sonic.sega.jp\sonicchannel\topics\collaboration.2
Deleted file - D:\GitHub\SonicChannelTrack\sonic.sega.jp\sonicchannel\topics\event.2
Deleted file - D:\GitHub\SonicChannelTrack\sonic.sega.jp\sonicchannel\topics\goods.2
Deleted file - D:\GitHub\SonicChannelTrack\sonic.sega.jp\sonicchannel\topics\information.2
Deleted file - D:\GitHub\SonicChannelTrack\sonic.sega.jp\sonicchannel\topics\sound.2
Deleted file - D:\GitHub\SonicChannelTrack\sonic.sega.jp\sonicchannel\about.3
Deleted file - D:\GitHub\SonicChannelTrack\sonic.sega.jp\sonicchannel\character.3
Deleted file - D:\GitHub\SonicChannelTrack\sonic.sega.jp\sonicchannel\fangallery.3
Deleted file - D:\GitHub\SonicChannelTrack\sonic.sega.jp\sonicchannel\special.3
Deleted file - D:\GitHub\SonicChannelTrack\sonic.sega.jp\sonicchannel\fangallery\apply.3
Deleted file - D:\GitHub\SonicChannelTrack\sonic.sega.jp\sonicchannel\fangallery\fanart.3
Deleted file - D:\GitHub\SonicChannelTrack\sonic.sega.jp\sonicchannel\fangallery\oshiete.3
Deleted file - D:\GitHub\SonicChannelTrack\sonic.sega.jp\sonicchannel\fangallery\screenshot.3
Deleted file - D:\GitHub\SonicChannelTrack\sonic.sega.jp\sonicchannel\special\sidestory.3
Deleted file - D:\GitHub\SonicChannelTrack\sonic.sega.jp\sonicchannel\special\sns.3
Deleted file - D:\GitHub\SonicChannelTrack\sonic.sega.jp\sonicchannel\special\staffcolumn.3
Deleted file - D:\GitHub\SonicChannelTrack\sonic.sega.jp\sonicchannel\special\gamecontents\soniccolors.3
Deleted file - D:\GitHub\SonicChannelTrack\sonic.sega.jp\sonicchannel\special\gamecontents\sonicforces.3
Deleted file - D:\GitHub\SonicChannelTrack\sonic.sega.jp\sonicchannel\special\gamecontents\sonicmania.3
Deleted file - D:\GitHub\SonicChannelTrack\sonic.sega.jp\sonicchannel\special\sidestory\comic.3
Deleted file - D:\GitHub\SonicChannelTrack\sonic.sega.jp\sonicchannel\special\sidestory\coverstory.3
Deleted file - D:\GitHub\SonicChannelTrack\sonic.sega.jp\sonicchannel\special\sidestory\ohgiri.3
Deleted file - D:\GitHub\SonicChannelTrack\sonic.sega.jp\sonicchannel\special\sidestory\sonicpict.3
Deleted file - D:\GitHub\SonicChannelTrack\sonic.sega.jp\sonicchannel\special\soundcolumn\ohtani.3
Deleted file - D:\GitHub\SonicChannelTrack\sonic.sega.jp\sonicchannel\special\soundcolumn\senoue.3
Deleted file - D:\GitHub\SonicChannelTrack\sonic.sega.jp\sonicchannel\topics\collaboration.3
Deleted file - D:\GitHub\SonicChannelTrack\sonic.sega.jp\sonicchannel\topics\event.3
Deleted file - D:\GitHub\SonicChannelTrack\sonic.sega.jp\sonicchannel\topics\goods.3
Deleted file - D:\GitHub\SonicChannelTrack\sonic.sega.jp\sonicchannel\topics\information.3
Deleted file - D:\GitHub\SonicChannelTrack\sonic.sega.jp\sonicchannel\topics\sound.3
Deleted file - D:\GitHub\SonicChannelTrack\sonic.sega.jp\sonicchannel\about.4
Deleted file - D:\GitHub\SonicChannelTrack\sonic.sega.jp\sonicchannel\character.4
Deleted file - D:\GitHub\SonicChannelTrack\sonic.sega.jp\sonicchannel\fangallery.4
Deleted file - D:\GitHub\SonicChannelTrack\sonic.sega.jp\sonicchannel\fangallery\apply.4
Deleted file - D:\GitHub\SonicChannelTrack\sonic.sega.jp\sonicchannel\special\sidestory.4
Deleted file - D:\GitHub\SonicChannelTrack\sonic.sega.jp\sonicchannel\special\staffcolumn.4
Deleted file - D:\GitHub\SonicChannelTrack\sonic.sega.jp\sonicchannel\special\gamecontents\soniccolors.4
Deleted file - D:\GitHub\SonicChannelTrack\sonic.sega.jp\sonicchannel\special\sidestory\comic.4
Deleted file - D:\GitHub\SonicChannelTrack\sonic.sega.jp\sonicchannel\special\sidestory\coverstory.4
Deleted file - D:\GitHub\SonicChannelTrack\sonic.sega.jp\sonicchannel\special\sidestory\ohgiri.4
Deleted file - D:\GitHub\SonicChannelTrack\sonic.sega.jp\sonicchannel\topics\collaboration.4
Deleted file - D:\GitHub\SonicChannelTrack\sonic.sega.jp\sonicchannel\topics\event.4
Deleted file - D:\GitHub\SonicChannelTrack\sonic.sega.jp\sonicchannel\topics\goods.4
Deleted file - D:\GitHub\SonicChannelTrack\sonic.sega.jp\sonicchannel\topics\information.4
Deleted file - D:\GitHub\SonicChannelTrack\sonic.sega.jp\sonicchannel\topics\sound.4
Deleted file - D:\GitHub\SonicChannelTrack\www.olympicvideogames.com\sonic\br.1
Deleted file - D:\GitHub\SonicChannelTrack\www.olympicvideogames.com\sonic\cn.1
Deleted file - D:\GitHub\SonicChannelTrack\www.olympicvideogames.com\sonic\de.1
Deleted file - D:\GitHub\SonicChannelTrack\www.olympicvideogames.com\sonic\en.1
Deleted file - D:\GitHub\SonicChannelTrack\www.olympicvideogames.com\sonic\es.1
Deleted file - D:\GitHub\SonicChannelTrack\www.olympicvideogames.com\sonic\fr.1
Deleted file - D:\GitHub\SonicChannelTrack\www.olympicvideogames.com\sonic\it.1
Deleted file - D:\GitHub\SonicChannelTrack\www.olympicvideogames.com\sonic\jp.1
Deleted file - D:\GitHub\SonicChannelTrack\www.olympicvideogames.com\sonic\kr.1
Deleted file - D:\GitHub\SonicChannelTrack\www.olympicvideogames.com\sonic\nl.1
Deleted file - D:\GitHub\SonicChannelTrack\www.olympicvideogames.com\sonic\ru.1
Deleted file - D:\GitHub\SonicChannelTrack\www.olympicvideogames.com\sonic\zh.1
Deleted file - D:\GitHub\SonicChannelTrack\sonicteam.com\SonicWorldAdventure\director.1
Deleted file - D:\GitHub\SonicChannelTrack\sonicteam.com\SonicWorldAdventure\hamidashi.1
[main 184502dd434] files from 2024-04-01, 15:49:19
 627 files changed, 26805 insertions(+), 4730 deletions(-)
 create mode 100644 log/KrazeeTobi-2024-04-01_111252.log
 create mode 100644 sonic.sega.jp/SonicChannel/assets_c/2024/03/SonicPict_191224_eye-thumb-640xauto-5467.jpg
 create mode 100644 sonic.sega.jp/SonicChannel/assets_c/2024/03/SonicPict_210423_eye-thumb-640xauto-5502.jpg
 create mode 100644 sonic.sega.jp/SonicChannel/assets_c/2024/03/Sonicman240401_eye-thumb-640xauto-5576.jpg
 create mode 100644 sonic.sega.jp/SonicChannel/assets_c/2024/03/fanart_2404_eye-thumb-640xauto-5574.jpg
 create mode 100644 sonic.sega.jp/SonicChannel/assets_c/2024/03/screenshot_2404_eye-thumb-640xauto-5575.jpg
 create mode 100644 sonic.sega.jp/SonicChannel/assets_c/2024/03/sonicpict_190923_eye-thumb-640xauto-5465.jpg
 create mode 100644 sonic.sega.jp/SonicChannel/assets_c/2024/03/sonicpict_191025_eye-thumb-640xauto-5469.jpg
 create mode 100644 sonic.sega.jp/SonicChannel/assets_c/2024/03/sonicpict_200113_eye-thumb-640xauto-5476.jpg
 create mode 100644 sonic.sega.jp/SonicChannel/assets_c/2024/03/sonicpict_200214_eye-thumb-640xauto-5472.jpg
 create mode 100644 sonic.sega.jp/SonicChannel/assets_c/2024/03/sonicpict_200314_eye-thumb-640xauto-5473.jpg
 create mode 100644 sonic.sega.jp/SonicChannel/assets_c/2024/03/sonicpict_200412_eye-thumb-640xauto-5477.jpg
 create mode 100644 sonic.sega.jp/SonicChannel/assets_c/2024/03/sonicpict_200510_eye-thumb-640xauto-5479.jpg
 create mode 100644 sonic.sega.jp/SonicChannel/assets_c/2024/03/sonicpict_200623_eye-thumb-640xauto-5482.jpg
 create mode 100644 sonic.sega.jp/SonicChannel/assets_c/2024/03/sonicpict_200707_eye-thumb-640xauto-5485.jpg
 create mode 100644 sonic.sega.jp/SonicChannel/assets_c/2024/03/sonicpict_200807_eye-thumb-640xauto-5487.jpg
 create mode 100644 sonic.sega.jp/SonicChannel/assets_c/2024/03/sonicpict_200921_eye-thumb-640xauto-5489.jpg
 create mode 100644 sonic.sega.jp/SonicChannel/assets_c/2024/03/sonicpict_201030_eye-thumb-640xauto-5492.jpg
 create mode 100644 sonic.sega.jp/SonicChannel/assets_c/2024/03/sonicpict_201123_eye-thumb-640xauto-5491.jpg
 create mode 100644 sonic.sega.jp/SonicChannel/assets_c/2024/03/sonicpict_201224_eye-thumb-640xauto-5493.jpg
 create mode 100644 sonic.sega.jp/SonicChannel/assets_c/2024/03/sonicpict_210129_eye-thumb-640xauto-5499.jpg
 create mode 100644 sonic.sega.jp/SonicChannel/assets_c/2024/03/sonicpict_210222_eye-thumb-640xauto-5495.jpg
 create mode 100644 sonic.sega.jp/SonicChannel/assets_c/2024/03/sonicpict_210312_eye-thumb-640xauto-5496.jpg
 create mode 100644 sonic.sega.jp/SonicChannel/assets_c/2024/03/sonicpict_210530_eye-thumb-640xauto-5503.jpg
 create mode 100644 sonic.sega.jp/SonicChannel/assets_c/2024/03/sonicpict_210625_eye-thumb-640xauto-5508.jpg
 create mode 100644 sonic.sega.jp/SonicChannel/assets_c/2024/03/sonicpict_210707_eye-thumb-640xauto-5509.jpg
 create mode 100644 sonic.sega.jp/SonicChannel/assets_c/2024/03/sonicpict_210831_eye-thumb-640xauto-5512.jpg
 create mode 100644 sonic.sega.jp/SonicChannel/assets_c/2024/03/sonicpict_210930_eye-thumb-640xauto-5510.jpg
 create mode 100644 sonic.sega.jp/SonicChannel/assets_c/2024/03/sonicpict_211022_eye-thumb-640xauto-5513.jpg
 create mode 100644 sonic.sega.jp/SonicChannel/assets_c/2024/03/sonicpict_211123_eye-thumb-640xauto-5515.jpg
 create mode 100644 sonic.sega.jp/SonicChannel/assets_c/2024/03/sonicpict_211225_eye-thumb-640xauto-5518.jpg
 create mode 100644 sonic.sega.jp/SonicChannel/assets_c/2024/03/sonicpict_220128_eye-thumb-640xauto-5522.jpg
 create mode 100644 sonic.sega.jp/SonicChannel/assets_c/2024/03/sonicpict_220226_eye-thumb-640xauto-5519.jpg
 create mode 100644 sonic.sega.jp/SonicChannel/assets_c/2024/03/sonicpict_220325_eye-thumb-640xauto-5521.jpg
 create mode 100644 sonic.sega.jp/SonicChannel/assets_c/2024/03/sonicpict_220428_eye-thumb-640xauto-5526.jpg
 create mode 100644 sonic.sega.jp/SonicChannel/assets_c/2024/03/sonicpict_220527_eye-thumb-640xauto-5528.jpg
 create mode 100644 sonic.sega.jp/SonicChannel/assets_c/2024/03/sonicpict_220623_eye-thumb-640xauto-5530.jpg
 create mode 100644 sonic.sega.jp/SonicChannel/assets_c/2024/03/sonicpict_220729_eye-thumb-640xauto-5532.jpg
 create mode 100644 sonic.sega.jp/SonicChannel/assets_c/2024/03/sonicpict_220826_eye-thumb-640xauto-5536.jpg
 create mode 100644 sonic.sega.jp/SonicChannel/assets_c/2024/03/sonicpict_220930_eye-thumb-640xauto-5535.jpg
 create mode 100644 sonic.sega.jp/SonicChannel/assets_c/2024/03/sonicpict_221028_eye-thumb-640xauto-5538.jpg
 create mode 100644 sonic.sega.jp/SonicChannel/assets_c/2024/03/sonicpict_221122_eye-thumb-640xauto-5541.jpg
 create mode 100644 sonic.sega.jp/SonicChannel/assets_c/2024/03/sonicpict_221223_eye-thumb-640xauto-5542.jpg
 create mode 100644 sonic.sega.jp/SonicChannel/assets_c/2024/03/sonicpict_2301031_eye-thumb-640xauto-5562.jpg
 create mode 100644 sonic.sega.jp/SonicChannel/assets_c/2024/03/sonicpict_2301122_eye-thumb-640xauto-5563.jpg
 create mode 100644 sonic.sega.jp/SonicChannel/assets_c/2024/03/sonicpict_230120_eye-thumb-640xauto-5548.jpg
 create mode 100644 sonic.sega.jp/SonicChannel/assets_c/2024/03/sonicpict_2301224_eye-thumb-640xauto-5564.jpg
 create mode 100644 sonic.sega.jp/SonicChannel/assets_c/2024/03/sonicpict_230217_eye-thumb-640xauto-5543.jpg
 create mode 100644 sonic.sega.jp/SonicChannel/assets_c/2024/03/sonicpict_230331_eye-thumb-640xauto-5547.jpg
 create mode 100644 sonic.sega.jp/SonicChannel/assets_c/2024/03/sonicpict_230428_eye-thumb-640xauto-5553.jpg
 create mode 100644 sonic.sega.jp/SonicChannel/assets_c/2024/03/sonicpict_230520_eye-thumb-640xauto-5554.jpg
 create mode 100644 sonic.sega.jp/SonicChannel/assets_c/2024/03/sonicpict_230623_eye-thumb-640xauto-5558.jpg
 create mode 100644 sonic.sega.jp/SonicChannel/assets_c/2024/03/sonicpict_230728_eye-thumb-640xauto-5550.jpg
 create mode 100644 sonic.sega.jp/SonicChannel/assets_c/2024/03/sonicpict_230825_eye-thumb-640xauto-5560.jpg
 create mode 100644 sonic.sega.jp/SonicChannel/assets_c/2024/03/sonicpict_230930_eye-thumb-640xauto-5559.jpg
 create mode 100644 sonic.sega.jp/SonicChannel/assets_c/2024/03/sonicpict_240130_eye-thumb-640xauto-5568.jpg
 create mode 100644 sonic.sega.jp/SonicChannel/assets_c/2024/03/sonicpict_240226_eye-thumb-640xauto-5572.jpg
 create mode 100644 sonic.sega.jp/SonicChannel/assets_c/2024/03/sonicpict_240323_eye-thumb-640xauto-5571.jpg
 create mode 100644 sonic.sega.jp/SonicChannel/fangallery/fanart/20240401_008541/index.html
 create mode 100644 sonic.sega.jp/SonicChannel/fangallery/fanart/image/2404_0001.jpg
 create mode 100644 sonic.sega.jp/SonicChannel/fangallery/fanart/image/2404_0002.jpg
 create mode 100644 sonic.sega.jp/SonicChannel/fangallery/fanart/image/2404_0003.jpg
 create mode 100644 sonic.sega.jp/SonicChannel/fangallery/fanart/image/2404_0004.jpg
 create mode 100644 sonic.sega.jp/SonicChannel/fangallery/fanart/image/2404_0005.jpg
 create mode 100644 sonic.sega.jp/SonicChannel/fangallery/fanart/image/2404_0006.jpg
 create mode 100644 sonic.sega.jp/SonicChannel/fangallery/fanart/image/2404_0007.jpg
 create mode 100644 sonic.sega.jp/SonicChannel/fangallery/fanart/image/2404_0008.jpg
 create mode 100644 sonic.sega.jp/SonicChannel/fangallery/fanart/image/2404_0009.jpg
 create mode 100644 sonic.sega.jp/SonicChannel/fangallery/fanart/image/2404_0010.jpg
 create mode 100644 sonic.sega.jp/SonicChannel/fangallery/fanart/image/2404_0011.jpg
 create mode 100644 sonic.sega.jp/SonicChannel/fangallery/fanart/image/2404_0012.jpg
 create mode 100644 sonic.sega.jp/SonicChannel/fangallery/fanart/image/2404_0013.jpg
 create mode 100644 sonic.sega.jp/SonicChannel/fangallery/fanart/image/2404_0014.jpg
 create mode 100644 sonic.sega.jp/SonicChannel/fangallery/fanart/image/2404_0015.jpg
 create mode 100644 sonic.sega.jp/SonicChannel/fangallery/fanart/image/2404_0016.jpg
 create mode 100644 sonic.sega.jp/SonicChannel/fangallery/fanart/image/2404_0017.jpg
 create mode 100644 sonic.sega.jp/SonicChannel/fangallery/fanart/image/2404_0018.jpg
 create mode 100644 sonic.sega.jp/SonicChannel/fangallery/fanart/image/2404_0019.jpg
 create mode 100644 sonic.sega.jp/SonicChannel/fangallery/fanart/image/2404_0020.jpg
 create mode 100644 sonic.sega.jp/SonicChannel/fangallery/fanart/image/2404_0021.jpg
 create mode 100644 sonic.sega.jp/SonicChannel/fangallery/fanart/image/2404_0022.jpg
 create mode 100644 sonic.sega.jp/SonicChannel/fangallery/fanart/image/2404_0023.jpg
 create mode 100644 sonic.sega.jp/SonicChannel/fangallery/fanart/image/2404_0024.jpg
 create mode 100644 sonic.sega.jp/SonicChannel/fangallery/fanart/image/2404_0025.jpg
 create mode 100644 sonic.sega.jp/SonicChannel/fangallery/fanart/image/2404_0026.jpg
 create mode 100644 sonic.sega.jp/SonicChannel/fangallery/fanart/image/2404_0027.jpg
 create mode 100644 sonic.sega.jp/SonicChannel/fangallery/fanart/image/2404_0028.jpg
 create mode 100644 sonic.sega.jp/SonicChannel/fangallery/fanart/image/2404_0029.jpg
 create mode 100644 sonic.sega.jp/SonicChannel/fangallery/fanart/image/2404_0030.jpg
 create mode 100644 sonic.sega.jp/SonicChannel/fangallery/fanart/image/s2404_0001.jpg
 create mode 100644 sonic.sega.jp/SonicChannel/fangallery/fanart/image/s2404_0002.jpg
 create mode 100644 sonic.sega.jp/SonicChannel/fangallery/fanart/image/s2404_0003.jpg
 create mode 100644 sonic.sega.jp/SonicChannel/fangallery/fanart/image/s2404_0004.jpg
 create mode 100644 sonic.sega.jp/SonicChannel/fangallery/fanart/image/s2404_0005.jpg
 create mode 100644 sonic.sega.jp/SonicChannel/fangallery/fanart/image/s2404_0006.jpg
 create mode 100644 sonic.sega.jp/SonicChannel/fangallery/fanart/image/s2404_0007.jpg
 create mode 100644 sonic.sega.jp/SonicChannel/fangallery/fanart/image/s2404_0008.jpg
 create mode 100644 sonic.sega.jp/SonicChannel/fangallery/fanart/image/s2404_0009.jpg
 create mode 100644 sonic.sega.jp/SonicChannel/fangallery/fanart/image/s2404_0010.jpg
 create mode 100644 sonic.sega.jp/SonicChannel/fangallery/fanart/image/s2404_0011.jpg
 create mode 100644 sonic.sega.jp/SonicChannel/fangallery/fanart/image/s2404_0012.jpg
 create mode 100644 sonic.sega.jp/SonicChannel/fangallery/fanart/image/s2404_0013.jpg
 create mode 100644 sonic.sega.jp/SonicChannel/fangallery/fanart/image/s2404_0014.jpg
 create mode 100644 sonic.sega.jp/SonicChannel/fangallery/fanart/image/s2404_0015.jpg
 create mode 100644 sonic.sega.jp/SonicChannel/fangallery/fanart/image/s2404_0016.jpg
 create mode 100644 sonic.sega.jp/SonicChannel/fangallery/fanart/image/s2404_0017.jpg
 create mode 100644 sonic.sega.jp/SonicChannel/fangallery/fanart/image/s2404_0018.jpg
 create mode 100644 sonic.sega.jp/SonicChannel/fangallery/fanart/image/s2404_0019.jpg
 create mode 100644 sonic.sega.jp/SonicChannel/fangallery/fanart/image/s2404_0020.jpg
 create mode 100644 sonic.sega.jp/SonicChannel/fangallery/fanart/image/s2404_0021.jpg
 create mode 100644 sonic.sega.jp/SonicChannel/fangallery/fanart/image/s2404_0022.jpg
 create mode 100644 sonic.sega.jp/SonicChannel/fangallery/fanart/image/s2404_0023.jpg
 create mode 100644 sonic.sega.jp/SonicChannel/fangallery/fanart/image/s2404_0024.jpg
 create mode 100644 sonic.sega.jp/SonicChannel/fangallery/fanart/image/s2404_0025.jpg
 create mode 100644 sonic.sega.jp/SonicChannel/fangallery/fanart/image/s2404_0026.jpg
 create mode 100644 sonic.sega.jp/SonicChannel/fangallery/fanart/image/s2404_0027.jpg
 create mode 100644 sonic.sega.jp/SonicChannel/fangallery/fanart/image/s2404_0028.jpg
 create mode 100644 sonic.sega.jp/SonicChannel/fangallery/fanart/image/s2404_0029.jpg
 create mode 100644 sonic.sega.jp/SonicChannel/fangallery/fanart/image/s2404_0030.jpg
 create mode 100644 sonic.sega.jp/SonicChannel/fangallery/image/fanart_2404_eye.jpg
 create mode 100644 sonic.sega.jp/SonicChannel/fangallery/image/screenshot_2404_eye.jpg
 create mode 100644 sonic.sega.jp/SonicChannel/fangallery/index_9.html
 create mode 100644 sonic.sega.jp/SonicChannel/fangallery/screenshot/20230929_008364/index.html
 create mode 100644 sonic.sega.jp/SonicChannel/fangallery/screenshot/20231101_008380/index.html
 create mode 100644 sonic.sega.jp/SonicChannel/fangallery/screenshot/20240401_008542/index.html
 create mode 100644 sonic.sega.jp/SonicChannel/fangallery/screenshot/image/2404_0001.jpg
 create mode 100644 sonic.sega.jp/SonicChannel/fangallery/screenshot/image/2404_0002.jpg
 create mode 100644 sonic.sega.jp/SonicChannel/fangallery/screenshot/image/2404_0003.jpg
 create mode 100644 sonic.sega.jp/SonicChannel/fangallery/screenshot/image/2404_0004.jpg
 create mode 100644 sonic.sega.jp/SonicChannel/fangallery/screenshot/image/2404_0005.jpg
 create mode 100644 sonic.sega.jp/SonicChannel/fangallery/screenshot/image/2404_0006.jpg
 create mode 100644 sonic.sega.jp/SonicChannel/fangallery/screenshot/image/2404_0007.jpg
 create mode 100644 sonic.sega.jp/SonicChannel/fangallery/screenshot/image/2404_0008.jpg
 create mode 100644 sonic.sega.jp/SonicChannel/fangallery/screenshot/image/s2404_0001.jpg
 create mode 100644 sonic.sega.jp/SonicChannel/fangallery/screenshot/image/s2404_0002.jpg
 create mode 100644 sonic.sega.jp/SonicChannel/fangallery/screenshot/image/s2404_0003.jpg
 create mode 100644 sonic.sega.jp/SonicChannel/fangallery/screenshot/image/s2404_0004.jpg
 create mode 100644 sonic.sega.jp/SonicChannel/fangallery/screenshot/image/s2404_0005.jpg
 create mode 100644 sonic.sega.jp/SonicChannel/fangallery/screenshot/image/s2404_0006.jpg
 create mode 100644 sonic.sega.jp/SonicChannel/fangallery/screenshot/image/s2404_0007.jpg
 create mode 100644 sonic.sega.jp/SonicChannel/fangallery/screenshot/image/s2404_0008.jpg
 create mode 100644 sonic.sega.jp/SonicChannel/special/20240401_008543/index.html
 create mode 100644 sonic.sega.jp/SonicChannel/special/image/SonicPict_191224_eye.jpg
 create mode 100644 sonic.sega.jp/SonicChannel/special/image/SonicPict_210423_eye.jpg
 create mode 100644 sonic.sega.jp/SonicChannel/special/image/Sonicman240401_eye.jpg
 create mode 100644 sonic.sega.jp/SonicChannel/special/image/sonicpict_190923_01_01.jpg
 create mode 100644 sonic.sega.jp/SonicChannel/special/image/sonicpict_190923_eye.jpg
 create mode 100644 sonic.sega.jp/SonicChannel/special/image/sonicpict_191025_01_01.jpg
 create mode 100644 sonic.sega.jp/SonicChannel/special/image/sonicpict_191025_eye.jpg
 create mode 100644 sonic.sega.jp/SonicChannel/special/image/sonicpict_191224_01_01.jpg
 create mode 100644 sonic.sega.jp/SonicChannel/special/image/sonicpict_200113_01_01.jpg
 create mode 100644 sonic.sega.jp/SonicChannel/special/image/sonicpict_200113_eye.jpg
 create mode 100644 sonic.sega.jp/SonicChannel/special/image/sonicpict_200214_01_01.jpg
 create mode 100644 sonic.sega.jp/SonicChannel/special/image/sonicpict_200214_eye.jpg
 create mode 100644 sonic.sega.jp/SonicChannel/special/image/sonicpict_200314_01_01.jpg
 create mode 100644 sonic.sega.jp/SonicChannel/special/image/sonicpict_200314_eye.jpg
 create mode 100644 sonic.sega.jp/SonicChannel/special/image/sonicpict_200412_01_01.jpg
 create mode 100644 sonic.sega.jp/SonicChannel/special/image/sonicpict_200412_eye.jpg
 create mode 100644 sonic.sega.jp/SonicChannel/special/image/sonicpict_200510_01_01.jpg
 create mode 100644 sonic.sega.jp/SonicChannel/special/image/sonicpict_200510_eye.jpg
 create mode 100644 sonic.sega.jp/SonicChannel/special/image/sonicpict_200623_01_01.jpg
 create mode 100644 sonic.sega.jp/SonicChannel/special/image/sonicpict_200623_eye.jpg
 create mode 100644 sonic.sega.jp/SonicChannel/special/image/sonicpict_200707_01_01.jpg
 create mode 100644 sonic.sega.jp/SonicChannel/special/image/sonicpict_200707_eye.jpg
 create mode 100644 sonic.sega.jp/SonicChannel/special/image/sonicpict_200807_01_01.jpg
 create mode 100644 sonic.sega.jp/SonicChannel/special/image/sonicpict_200807_eye.jpg
 create mode 100644 sonic.sega.jp/SonicChannel/special/image/sonicpict_200921_01_01.jpg
 create mode 100644 sonic.sega.jp/SonicChannel/special/image/sonicpict_200921_eye.jpg
 create mode 100644 sonic.sega.jp/SonicChannel/special/image/sonicpict_201030_01_01.jpg
 create mode 100644 sonic.sega.jp/SonicChannel/special/image/sonicpict_201030_eye.jpg
 create mode 100644 sonic.sega.jp/SonicChannel/special/image/sonicpict_201123_01_01.jpg
 create mode 100644 sonic.sega.jp/SonicChannel/special/image/sonicpict_201123_eye.jpg
 create mode 100644 sonic.sega.jp/SonicChannel/special/image/sonicpict_201224_01_01.jpg
 create mode 100644 sonic.sega.jp/SonicChannel/special/image/sonicpict_201224_eye.jpg
 create mode 100644 sonic.sega.jp/SonicChannel/special/image/sonicpict_210129_01_01.jpg
 create mode 100644 sonic.sega.jp/SonicChannel/special/image/sonicpict_210129_eye.jpg
 create mode 100644 sonic.sega.jp/SonicChannel/special/image/sonicpict_210222_01_01.jpg
 create mode 100644 sonic.sega.jp/SonicChannel/special/image/sonicpict_210222_eye.jpg
 create mode 100644 sonic.sega.jp/SonicChannel/special/image/sonicpict_210312_01_01.jpg
 create mode 100644 sonic.sega.jp/SonicChannel/special/image/sonicpict_210312_eye.jpg
 create mode 100644 sonic.sega.jp/SonicChannel/special/image/sonicpict_210423_01_01.jpg
 create mode 100644 sonic.sega.jp/SonicChannel/special/image/sonicpict_210530_01_01.jpg
 create mode 100644 sonic.sega.jp/SonicChannel/special/image/sonicpict_210530_eye.jpg
 create mode 100644 sonic.sega.jp/SonicChannel/special/image/sonicpict_210625_01_01.jpg
 create mode 100644 sonic.sega.jp/SonicChannel/special/image/sonicpict_210625_eye.jpg
 create mode 100644 sonic.sega.jp/SonicChannel/special/image/sonicpict_210707_01_01.jpg
 create mode 100644 sonic.sega.jp/SonicChannel/special/image/sonicpict_210707_eye.jpg
 create mode 100644 sonic.sega.jp/SonicChannel/special/image/sonicpict_210831_01_01.jpg
 create mode 100644 sonic.sega.jp/SonicChannel/special/image/sonicpict_210831_eye.jpg
 create mode 100644 sonic.sega.jp/SonicChannel/special/image/sonicpict_210930_01_01.jpg
 create mode 100644 sonic.sega.jp/SonicChannel/special/image/sonicpict_210930_eye.jpg
 create mode 100644 sonic.sega.jp/SonicChannel/special/image/sonicpict_211022_01_01.jpg
 create mode 100644 sonic.sega.jp/SonicChannel/special/image/sonicpict_211022_eye.jpg
 create mode 100644 sonic.sega.jp/SonicChannel/special/image/sonicpict_211123_01_01.jpg
 create mode 100644 sonic.sega.jp/SonicChannel/special/image/sonicpict_211123_eye.jpg
 create mode 100644 sonic.sega.jp/SonicChannel/special/image/sonicpict_211225_01_01.jpg
 create mode 100644 sonic.sega.jp/SonicChannel/special/image/sonicpict_211225_eye.jpg
 create mode 100644 sonic.sega.jp/SonicChannel/special/image/sonicpict_220128_01_01.jpg
 create mode 100644 sonic.sega.jp/SonicChannel/special/image/sonicpict_220128_eye.jpg
 create mode 100644 sonic.sega.jp/SonicChannel/special/image/sonicpict_220226_01_01.jpg
 create mode 100644 sonic.sega.jp/SonicChannel/special/image/sonicpict_220226_eye.jpg
 create mode 100644 sonic.sega.jp/SonicChannel/special/image/sonicpict_220325_01_01.jpg
 create mode 100644 sonic.sega.jp/SonicChannel/special/image/sonicpict_220325_eye.jpg
 create mode 100644 sonic.sega.jp/SonicChannel/special/image/sonicpict_220428_01_01.jpg
 create mode 100644 sonic.sega.jp/SonicChannel/special/image/sonicpict_220428_eye.jpg
 create mode 100644 sonic.sega.jp/SonicChannel/special/image/sonicpict_220527_01_01.jpg
 create mode 100644 sonic.sega.jp/SonicChannel/special/image/sonicpict_220527_eye.jpg
 create mode 100644 sonic.sega.jp/SonicChannel/special/image/sonicpict_220623_01_01.jpg
 create mode 100644 sonic.sega.jp/SonicChannel/special/image/sonicpict_220623_eye.jpg
 create mode 100644 sonic.sega.jp/SonicChannel/special/image/sonicpict_220729_01_01.jpg
 create mode 100644 sonic.sega.jp/SonicChannel/special/image/sonicpict_220729_eye.jpg
 create mode 100644 sonic.sega.jp/SonicChannel/special/image/sonicpict_220826_01_01.jpg
 create mode 100644 sonic.sega.jp/SonicChannel/special/image/sonicpict_220826_eye.jpg
 create mode 100644 sonic.sega.jp/SonicChannel/special/image/sonicpict_220930_01_01.jpg
 create mode 100644 sonic.sega.jp/SonicChannel/special/image/sonicpict_220930_eye.jpg
 create mode 100644 sonic.sega.jp/SonicChannel/special/image/sonicpict_221028_01_01.jpg
 create mode 100644 sonic.sega.jp/SonicChannel/special/image/sonicpict_221028_eye.jpg
 create mode 100644 sonic.sega.jp/SonicChannel/special/image/sonicpict_221122_01_01.jpg
 create mode 100644 sonic.sega.jp/SonicChannel/special/image/sonicpict_221122_eye.jpg
 create mode 100644 sonic.sega.jp/SonicChannel/special/image/sonicpict_221223_01_01.jpg
 create mode 100644 sonic.sega.jp/SonicChannel/special/image/sonicpict_221223_eye.jpg
 create mode 100644 sonic.sega.jp/SonicChannel/special/image/sonicpict_2301031_01_01.jpg
 create mode 100644 sonic.sega.jp/SonicChannel/special/image/sonicpict_2301031_eye.jpg
 create mode 100644 sonic.sega.jp/SonicChannel/special/image/sonicpict_2301122_01_01.jpg
 create mode 100644 sonic.sega.jp/SonicChannel/special/image/sonicpict_2301122_eye.jpg
 create mode 100644 sonic.sega.jp/SonicChannel/special/image/sonicpict_230120_01_01.jpg
 create mode 100644 sonic.sega.jp/SonicChannel/special/image/sonicpict_230120_eye.jpg
 create mode 100644 sonic.sega.jp/SonicChannel/special/image/sonicpict_2301224_01_01.jpg
 create mode 100644 sonic.sega.jp/SonicChannel/special/image/sonicpict_2301224_eye.jpg
 create mode 100644 sonic.sega.jp/SonicChannel/special/image/sonicpict_230217_01_01.jpg
 create mode 100644 sonic.sega.jp/SonicChannel/special/image/sonicpict_230217_eye.jpg
 create mode 100644 sonic.sega.jp/SonicChannel/special/image/sonicpict_230331_01_01.jpg
 create mode 100644 sonic.sega.jp/SonicChannel/special/image/sonicpict_230331_eye.jpg
 create mode 100644 sonic.sega.jp/SonicChannel/special/image/sonicpict_230428_01_01.jpg
 create mode 100644 sonic.sega.jp/SonicChannel/special/image/sonicpict_230428_eye.jpg
 create mode 100644 sonic.sega.jp/SonicChannel/special/image/sonicpict_230520_01_01.jpg
 create mode 100644 sonic.sega.jp/SonicChannel/special/image/sonicpict_230520_eye.jpg
 create mode 100644 sonic.sega.jp/SonicChannel/special/image/sonicpict_230623_01_01.jpg
 create mode 100644 sonic.sega.jp/SonicChannel/special/image/sonicpict_230623_eye.jpg
 create mode 100644 sonic.sega.jp/SonicChannel/special/image/sonicpict_230728_01_01.jpg
 create mode 100644 sonic.sega.jp/SonicChannel/special/image/sonicpict_230728_eye.jpg
 create mode 100644 sonic.sega.jp/SonicChannel/special/image/sonicpict_230825_01_01.jpg
 create mode 100644 sonic.sega.jp/SonicChannel/special/image/sonicpict_230825_eye.jpg
 create mode 100644 sonic.sega.jp/SonicChannel/special/image/sonicpict_230930_01_01.jpg
 create mode 100644 sonic.sega.jp/SonicChannel/special/image/sonicpict_230930_eye.jpg
 create mode 100644 sonic.sega.jp/SonicChannel/special/image/sonicpict_240130_01_01.jpg
 create mode 100644 sonic.sega.jp/SonicChannel/special/image/sonicpict_240130_eye.jpg
 create mode 100644 sonic.sega.jp/SonicChannel/special/image/sonicpict_240226_01_01.jpg
 create mode 100644 sonic.sega.jp/SonicChannel/special/image/sonicpict_240226_eye.jpg
 create mode 100644 sonic.sega.jp/SonicChannel/special/image/sonicpict_240323_01_01.jpg
 create mode 100644 sonic.sega.jp/SonicChannel/special/image/sonicpict_240323_eye.jpg
 create mode 100644 sonic.sega.jp/SonicChannel/special/image/special_240401_01_01.jpg
 create mode 100644 sonic.sega.jp/SonicChannel/special/image/special_240401_01_02.jpg
 create mode 100644 sonic.sega.jp/SonicChannel/special/image/special_240401_01_03.jpg
 create mode 100644 sonic.sega.jp/SonicChannel/special/image/special_240401_01_04.jpg
 create mode 100644 sonic.sega.jp/SonicChannel/special/image/special_240401_01_05.jpg
 create mode 100644 sonic.sega.jp/SonicChannel/special/image/special_240401_01_06.jpg
 create mode 100644 sonic.sega.jp/SonicChannel/special/image/special_240401_01_07.jpg
 create mode 100644 sonic.sega.jp/SonicChannel/special/image/special_240401_01_08.jpg
 create mode 100644 sonic.sega.jp/SonicChannel/special/image/special_240401_01_09.jpg
 create mode 100644 sonic.sega.jp/SonicChannel/special/sidestory/index_8.html
 create mode 100644 sonic.sega.jp/SonicChannel/special/sidestory/index_9.html
 create mode 100644 sonic.sega.jp/SonicChannel/special/sidestory/sonicpict/20190923_008486/index.html
 create mode 100644 sonic.sega.jp/SonicChannel/special/sidestory/sonicpict/20191025_008487/index.html
 create mode 100644 sonic.sega.jp/SonicChannel/special/sidestory/sonicpict/20191224_008488/index.html
 create mode 100644 sonic.sega.jp/SonicChannel/special/sidestory/sonicpict/20200113_008490/index.html
 create mode 100644 sonic.sega.jp/SonicChannel/special/sidestory/sonicpict/20200214_008491/index.html
 create mode 100644 sonic.sega.jp/SonicChannel/special/sidestory/sonicpict/20200314_008492/index.html
 create mode 100644 sonic.sega.jp/SonicChannel/special/sidestory/sonicpict/20200412_008493/index.html
 create mode 100644 sonic.sega.jp/SonicChannel/special/sidestory/sonicpict/20200510_008494/index.html
 create mode 100644 sonic.sega.jp/SonicChannel/special/sidestory/sonicpict/20200623_008495/index.html
 create mode 100644 sonic.sega.jp/SonicChannel/special/sidestory/sonicpict/20200707_008496/index.html
 create mode 100644 sonic.sega.jp/SonicChannel/special/sidestory/sonicpict/20200807_008497/index.html
 create mode 100644 sonic.sega.jp/SonicChannel/special/sidestory/sonicpict/20200921_008498/index.html
 create mode 100644 sonic.sega.jp/SonicChannel/special/sidestory/sonicpict/20201030_008499/index.html
 create mode 100644 sonic.sega.jp/SonicChannel/special/sidestory/sonicpict/20201123_008500/index.html
 create mode 100644 sonic.sega.jp/SonicChannel/special/sidestory/sonicpict/20201224_008501/index.html
 create mode 100644 sonic.sega.jp/SonicChannel/special/sidestory/sonicpict/20210129_008502/index.html
 create mode 100644 sonic.sega.jp/SonicChannel/special/sidestory/sonicpict/20210222_008503/index.html
 create mode 100644 sonic.sega.jp/SonicChannel/special/sidestory/sonicpict/20210312_008504/index.html
 create mode 100644 sonic.sega.jp/SonicChannel/special/sidestory/sonicpict/20210423_008505/index.html
 create mode 100644 sonic.sega.jp/SonicChannel/special/sidestory/sonicpict/20210530_008506/index.html
 create mode 100644 sonic.sega.jp/SonicChannel/special/sidestory/sonicpict/20210625_008507/index.html
 create mode 100644 sonic.sega.jp/SonicChannel/special/sidestory/sonicpict/20210707_008508/index.html
 create mode 100644 sonic.sega.jp/SonicChannel/special/sidestory/sonicpict/20210831_008509/index.html
 create mode 100644 sonic.sega.jp/SonicChannel/special/sidestory/sonicpict/20210930_008510/index.html
 create mode 100644 sonic.sega.jp/SonicChannel/special/sidestory/sonicpict/20211022_008511/index.html
 create mode 100644 sonic.sega.jp/SonicChannel/special/sidestory/sonicpict/20211123_008512/index.html
 create mode 100644 sonic.sega.jp/SonicChannel/special/sidestory/sonicpict/20211225_008513/index.html
 create mode 100644 sonic.sega.jp/SonicChannel/special/sidestory/sonicpict/20220128_008514/index.html
 create mode 100644 sonic.sega.jp/SonicChannel/special/sidestory/sonicpict/20220226_008515/index.html
 create mode 100644 sonic.sega.jp/SonicChannel/special/sidestory/sonicpict/20220325_008516/index.html
 create mode 100644 sonic.sega.jp/SonicChannel/special/sidestory/sonicpict/20220428_008517/index.html
 create mode 100644 sonic.sega.jp/SonicChannel/special/sidestory/sonicpict/20220527_008518/index.html
 create mode 100644 sonic.sega.jp/SonicChannel/special/sidestory/sonicpict/20220623_008519/index.html
 create mode 100644 sonic.sega.jp/SonicChannel/special/sidestory/sonicpict/20220729_008520/index.html
 create mode 100644 sonic.sega.jp/SonicChannel/special/sidestory/sonicpict/20220826_008521/index.html
 create mode 100644 sonic.sega.jp/SonicChannel/special/sidestory/sonicpict/20220930_008522/index.html
 create mode 100644 sonic.sega.jp/SonicChannel/special/sidestory/sonicpict/20221028_008523/index.html
 create mode 100644 sonic.sega.jp/SonicChannel/special/sidestory/sonicpict/20221122_008524/index.html
 create mode 100644 sonic.sega.jp/SonicChannel/special/sidestory/sonicpict/20221223_008525/index.html
 create mode 100644 sonic.sega.jp/SonicChannel/special/sidestory/sonicpict/20230120_008526/index.html
 create mode 100644 sonic.sega.jp/SonicChannel/special/sidestory/sonicpict/20230217_008527/index.html
 create mode 100644 sonic.sega.jp/SonicChannel/special/sidestory/sonicpict/20230331_008528/index.html
 create mode 100644 sonic.sega.jp/SonicChannel/special/sidestory/sonicpict/20230428_008529/index.html
 create mode 100644 sonic.sega.jp/SonicChannel/special/sidestory/sonicpict/20230520_008530/index.html
 create mode 100644 sonic.sega.jp/SonicChannel/special/sidestory/sonicpict/20230623_008531/index.html
 create mode 100644 sonic.sega.jp/SonicChannel/special/sidestory/sonicpict/20230728_008532/index.html
 create mode 100644 sonic.sega.jp/SonicChannel/special/sidestory/sonicpict/20230825_008533/index.html
 create mode 100644 sonic.sega.jp/SonicChannel/special/sidestory/sonicpict/20230930_008534/index.html
 create mode 100644 sonic.sega.jp/SonicChannel/special/sidestory/sonicpict/20231031_008535/index.html
 create mode 100644 sonic.sega.jp/SonicChannel/special/sidestory/sonicpict/20231122_008536/index.html
 create mode 100644 sonic.sega.jp/SonicChannel/special/sidestory/sonicpict/20240130_008537/index.html
 create mode 100644 sonic.sega.jp/SonicChannel/special/sidestory/sonicpict/20240226_008538/index.html
 create mode 100644 sonic.sega.jp/SonicChannel/special/sidestory/sonicpict/20240323_008539/index.html
 create mode 100644 sonic.sega.jp/SonicChannel/special/sidestory/sonicpict/index_2.html
 create mode 100644 sonic.sega.jp/SonicChannel/special/sidestory/sonicpict/index_3.html
 create mode 100644 sonic.sega.jp/SonicChannel/special/sidestory/sonicpict/index_4.html
 create mode 100644 sonic.sega.jp/SonicChannel/special/sidestory/sonicpict/index_5.html
