Already up to date.
Deleted file - D:\GitHub\SonicChannelTrack\sonic.sega.jp\SonicChannel\topics\goods\20250718_008991.1
Deleted file - D:\GitHub\SonicChannelTrack\sonic.sega.jp\SonicChannel\topics\goods\20250718_008992.1
Deleted file - D:\GitHub\SonicChannelTrack\sonic.sega.jp\SonicChannel\topics\goods\20250718_008993.1
Deleted file - D:\GitHub\SonicChannelTrack\sonic.sega.jp\SonicChannel\topics\goods\20250718_008994.1
Deleted file - D:\GitHub\SonicChannelTrack\sonic.sega.jp\SonicChannel\topics\goods\20250718_008995.1
Deleted file - D:\GitHub\SonicChannelTrack\sonic.sega.jp\SonicChannel\topics\goods\20250718_008996.1
Deleted file - D:\GitHub\SonicChannelTrack\sonic.sega.jp\SonicChannel\topics\goods\20250718_008997.1
Deleted file - D:\GitHub\SonicChannelTrack\sonic.sega.jp\SonicChannel\topics\goods\20250718_008998.1
Deleted file - D:\GitHub\SonicChannelTrack\sonic.sega.jp\SonicChannel\topics\goods\20250718_008999.1
Deleted file - D:\GitHub\SonicChannelTrack\sonic.sega.jp\SonicChannel\topics\goods\20250718_009000.1
Deleted file - D:\GitHub\SonicChannelTrack\sonic.sega.jp\SonicChannel\topics\goods\20250718_009001.1
Deleted file - D:\GitHub\SonicChannelTrack\sonic.sega.jp\SonicChannel\topics\goods\20250718_009002.1
Deleted file - D:\GitHub\SonicChannelTrack\sonic.sega.jp\SonicChannel\topics\goods\20250718_009003.1
Deleted file - D:\GitHub\SonicChannelTrack\sonic.sega.jp\SonicChannel\topics\goods\20250718_009004.1
Deleted file - D:\GitHub\SonicChannelTrack\sonic.sega.jp\SonicChannel\topics\goods\20250718_009005.1
Deleted file - D:\GitHub\SonicChannelTrack\sonic.sega.jp\SonicChannel\topics\goods\20250718_009006.1
Deleted file - D:\GitHub\SonicChannelTrack\sonic.sega.jp\SonicChannel\topics\goods\20250718_008991.2
Deleted file - D:\GitHub\SonicChannelTrack\sonic.sega.jp\SonicChannel\topics\goods\20250718_008992.2
Deleted file - D:\GitHub\SonicChannelTrack\sonic.sega.jp\SonicChannel\topics\goods\20250718_008993.2
Deleted file - D:\GitHub\SonicChannelTrack\sonic.sega.jp\SonicChannel\topics\goods\20250718_008994.2
Deleted file - D:\GitHub\SonicChannelTrack\sonic.sega.jp\SonicChannel\topics\goods\20250718_008995.2
Deleted file - D:\GitHub\SonicChannelTrack\sonic.sega.jp\SonicChannel\topics\goods\20250718_008996.2
Deleted file - D:\GitHub\SonicChannelTrack\sonic.sega.jp\SonicChannel\topics\goods\20250718_008997.2
Deleted file - D:\GitHub\SonicChannelTrack\sonic.sega.jp\SonicChannel\topics\goods\20250718_008998.2
Deleted file - D:\GitHub\SonicChannelTrack\sonic.sega.jp\SonicChannel\topics\goods\20250718_008999.2
Deleted file - D:\GitHub\SonicChannelTrack\sonic.sega.jp\SonicChannel\topics\goods\20250718_009000.2
Deleted file - D:\GitHub\SonicChannelTrack\sonic.sega.jp\SonicChannel\topics\goods\20250718_009001.2
Deleted file - D:\GitHub\SonicChannelTrack\sonic.sega.jp\SonicChannel\topics\goods\20250718_009002.2
Deleted file - D:\GitHub\SonicChannelTrack\sonic.sega.jp\SonicChannel\topics\goods\20250718_009003.2
Deleted file - D:\GitHub\SonicChannelTrack\sonic.sega.jp\SonicChannel\topics\goods\20250718_009004.2
Deleted file - D:\GitHub\SonicChannelTrack\sonic.sega.jp\SonicChannel\topics\goods\20250718_009005.2
Deleted file - D:\GitHub\SonicChannelTrack\sonic.sega.jp\SonicChannel\topics\goods\20250718_009006.2
Deleted file - D:\GitHub\SonicChannelTrack\sonic.sega.jp\SonicChannel\topics\goods\20250718_008991.3
Deleted file - D:\GitHub\SonicChannelTrack\sonic.sega.jp\SonicChannel\topics\goods\20250718_008992.3
Deleted file - D:\GitHub\SonicChannelTrack\sonic.sega.jp\SonicChannel\topics\goods\20250718_008993.3
Deleted file - D:\GitHub\SonicChannelTrack\sonic.sega.jp\SonicChannel\topics\goods\20250718_008994.3
Deleted file - D:\GitHub\SonicChannelTrack\sonic.sega.jp\SonicChannel\topics\goods\20250718_008995.3
Deleted file - D:\GitHub\SonicChannelTrack\sonic.sega.jp\SonicChannel\topics\goods\20250718_008996.3
Deleted file - D:\GitHub\SonicChannelTrack\sonic.sega.jp\SonicChannel\topics\goods\20250718_008997.3
Deleted file - D:\GitHub\SonicChannelTrack\sonic.sega.jp\SonicChannel\topics\goods\20250718_008998.3
Deleted file - D:\GitHub\SonicChannelTrack\sonic.sega.jp\SonicChannel\topics\goods\20250718_008999.3
Deleted file - D:\GitHub\SonicChannelTrack\sonic.sega.jp\SonicChannel\topics\goods\20250718_009000.3
Deleted file - D:\GitHub\SonicChannelTrack\sonic.sega.jp\SonicChannel\topics\goods\20250718_009001.3
Deleted file - D:\GitHub\SonicChannelTrack\sonic.sega.jp\SonicChannel\topics\goods\20250718_009002.3
Deleted file - D:\GitHub\SonicChannelTrack\sonic.sega.jp\SonicChannel\topics\goods\20250718_009003.3
Deleted file - D:\GitHub\SonicChannelTrack\sonic.sega.jp\SonicChannel\topics\goods\20250718_009004.3
Deleted file - D:\GitHub\SonicChannelTrack\sonic.sega.jp\SonicChannel\topics\goods\20250718_009005.3
Deleted file - D:\GitHub\SonicChannelTrack\sonic.sega.jp\SonicChannel\topics\goods\20250718_009006.3
Deleted file - D:\GitHub\SonicChannelTrack\www.olympicvideogames.com\sonic\br.1
Deleted file - D:\GitHub\SonicChannelTrack\www.olympicvideogames.com\sonic\cn.1
Deleted file - D:\GitHub\SonicChannelTrack\www.olympicvideogames.com\sonic\de.1
Deleted file - D:\GitHub\SonicChannelTrack\www.olympicvideogames.com\sonic\en.1
Deleted file - D:\GitHub\SonicChannelTrack\www.olympicvideogames.com\sonic\es.1
Deleted file - D:\GitHub\SonicChannelTrack\www.olympicvideogames.com\sonic\fr.1
Deleted file - D:\GitHub\SonicChannelTrack\www.olympicvideogames.com\sonic\it.1
Deleted file - D:\GitHub\SonicChannelTrack\www.olympicvideogames.com\sonic\jp.1
Deleted file - D:\GitHub\SonicChannelTrack\www.olympicvideogames.com\sonic\kr.1
Deleted file - D:\GitHub\SonicChannelTrack\www.olympicvideogames.com\sonic\nl.1
Deleted file - D:\GitHub\SonicChannelTrack\www.olympicvideogames.com\sonic\ru.1
Deleted file - D:\GitHub\SonicChannelTrack\www.olympicvideogames.com\sonic\zh.1
Deleted file - D:\GitHub\SonicChannelTrack\sonic-movie.jp\news.1
Deleted file - D:\GitHub\SonicChannelTrack\sonic-movie.jp\news\wp-includes\js\jquery\jquery-migrate.min.js@ver=3.4.1
Deleted file - D:\GitHub\SonicChannelTrack\sonic-movie.jp\news\wp-includes\js\jquery\jquery.min.js@ver=3.7.1
Deleted file - D:\GitHub\SonicChannelTrack\sonicteam.com\SonicWorldAdventure\director.1
Deleted file - D:\GitHub\SonicChannelTrack\sonicteam.com\SonicWorldAdventure\hamidashi.1
[main 718c63523b7] files from 2025-07-22, 16:45:17
 228 files changed, 3596 insertions(+), 2350 deletions(-)
 create mode 100644 log/KrazeeTobi-2025-07-21_125933.log
 create mode 100644 log/KrazeeTobi-2025-07-21_205128.log
 create mode 100644 log/KrazeeTobi-2025-07-22_100921.log
 create mode 100644 log/KrazeeTobi-2025-07-22_105855.log
 create mode 100644 sonic.sega.jp/SonicChannel/assets_c/2025/07/apply_fanart_2509_ogp-thumb-640xauto-16707.jpg
 create mode 100644 sonic.sega.jp/SonicChannel/assets_c/2025/07/apply_screenshot_2509_ogp-thumb-640xauto-16706.jpg
 create mode 100644 sonic.sega.jp/SonicChannel/assets_c/2025/07/staffcolumn_250722_01_ogp-thumb-640xauto-16713.jpg
 create mode 100644 sonic.sega.jp/SonicChannel/fangallery/apply/20250722_009010/index.html
 create mode 100644 sonic.sega.jp/SonicChannel/fangallery/apply/20250722_009011/index.html
 create mode 100644 sonic.sega.jp/SonicChannel/fangallery/apply/index_7.html
 create mode 100644 sonic.sega.jp/SonicChannel/special/staffcolumn/20250722_009012/index.html
 create mode 100644 sonic.sega.jp/SonicChannel/upload_images/apply_fanart_2509_ogp.jpg
 create mode 100644 sonic.sega.jp/SonicChannel/upload_images/apply_screenshot_2509_ogp.jpg
 create mode 100644 sonic.sega.jp/SonicChannel/upload_images/staffcolumn_250722_01_ogp.jpg
 create mode 100644 sonic.sega.jp/sonic.sega.jp/SonicChannel/upload_images/goods_250704_01_ogp.jpg
 create mode 100644 sonic.sega.jp/sonic.sega.jp/SonicChannel/upload_images/goods_250704_02_ogp.jpg
 create mode 100644 sonic.sega.jp/sonic.sega.jp/SonicChannel/upload_images/goods_250713_01_ogp.jpg
 create mode 100644 sonic.sega.jp/sonic.sega.jp/SonicChannel/upload_images/goods_250716_01_ogp.jpg
 create mode 100644 sonic.sega.jp/sonic.sega.jp/SonicChannel/upload_images/goods_250718_01_ogp.jpg
 create mode 100644 sonic.sega.jp/sonic.sega.jp/SonicChannel/upload_images/goods_250718_02_ogp.jpg
 create mode 100644 sonic.sega.jp/sonic.sega.jp/SonicChannel/upload_images/goods_250718_03_ogp.jpg
 create mode 100644 sonic.sega.jp/sonic.sega.jp/SonicChannel/upload_images/goods_250718_04_ogp.jpg
 create mode 100644 sonic.sega.jp/sonic.sega.jp/SonicChannel/upload_images/goods_250718_05_ogp.jpg
 create mode 100644 sonic.sega.jp/sonic.sega.jp/SonicChannel/upload_images/goods_250718_06_ogp.jpg
 create mode 100644 sonic.sega.jp/sonic.sega.jp/SonicChannel/upload_images/goods_250718_07_ogp.jpg
 create mode 100644 sonic.sega.jp/sonic.sega.jp/SonicChannel/upload_images/goods_250718_08_ogp.jpg
 create mode 100644 sonic.sega.jp/sonic.sega.jp/SonicChannel/upload_images/goods_250718_09_ogp.jpg
 create mode 100644 sonic.sega.jp/sonic.sega.jp/SonicChannel/upload_images/goods_250718_10_ogp.jpg
 create mode 100644 sonic.sega.jp/sonic.sega.jp/SonicChannel/upload_images/goods_250718_11_ogp.jpg
 create mode 100644 sonic.sega.jp/sonic.sega.jp/SonicChannel/upload_images/goods_250718_12_ogp.jpg
 create mode 100644 sonic.sega.jp/sonic.sega.jp/SonicChannel/upload_images/goods_250718_13_ogp.jpg
 create mode 100644 sonic.sega.jp/sonic.sega.jp/SonicChannel/upload_images/goods_250718_14_ogp.jpg
 create mode 100644 sonic.sega.jp/sonic.sega.jp/SonicChannel/upload_images/goods_250718_15_ogp.jpg
 create mode 100644 sonic.sega.jp/sonic.sega.jp/SonicChannel/upload_images/goods_250718_16_ogp.jpg
 create mode 100644 sonic.sega.jp/sonic.sega.jp/SonicChannel/upload_images/staffcolumn_250722_01_01.jpg
 create mode 100644 sonic.sega.jp/sonic.sega.jp/SonicChannel/upload_images/staffcolumn_250722_01_02.jpg
 create mode 100644 sonic.sega.jp/sonic.sega.jp/SonicChannel/upload_images/staffcolumn_250722_01_03.jpg
 create mode 100644 sonic.sega.jp/sonic.sega.jp/SonicChannel/upload_images/staffcolumn_250722_01_04.jpg
 create mode 100644 sonic.sega.jp/sonic.sega.jp/SonicChannel/upload_images/staffcolumn_250722_01_05.jpg
 create mode 100644 sonic.sega.jp/sonic.sega.jp/SonicChannel/upload_images/staffcolumn_250722_01_06.jpg
