Already up to date.
[main 48f21bd85] files from 2022-06-16,  7:36:10
 248 files changed, 3340 insertions(+), 69 deletions(-)
 create mode 100644 log/KrazeeTobi-2022-06-16_033455.log
 create mode 100644 sonic.sega.jp/SonicChannel/topics/image/event_130325_05_01.jpg
 create mode 100644 sonic.sega.jp/SonicChannel/topics/image/event_150604_01_01.jpg
 create mode 100644 sonic.sega.jp/SonicChannel/topics/image/event_150701_01_eyeCatch.jpg
 create mode 100644 sonic.sega.jp/SonicChannel/topics/image/event_151106_01_01.jpg
 create mode 100644 sonic.sega.jp/SonicChannel/topics/image/event_151106_01_02.jpg
 create mode 100644 sonic.sega.jp/SonicChannel/topics/image/event_151106_01_03.jpg
 create mode 100644 sonic.sega.jp/SonicChannel/topics/image/event_151106_01_eye.jpg
 create mode 100644 sonic.sega.jp/SonicChannel/topics/image/event_151126_01_eye.jpg
 create mode 100644 sonic.sega.jp/SonicChannel/topics/image/event_151218_01_01.jpg
 create mode 100644 sonic.sega.jp/SonicChannel/topics/image/event_151218_01_02.jpg
 create mode 100644 sonic.sega.jp/SonicChannel/topics/image/event_151218_01_03.jpg
 create mode 100644 sonic.sega.jp/SonicChannel/topics/image/event_151218_01_04.jpg
 create mode 100644 sonic.sega.jp/SonicChannel/topics/image/event_151218_01_05.jpg
 create mode 100644 sonic.sega.jp/SonicChannel/topics/image/event_151228_01_01.jpg
 create mode 100644 sonic.sega.jp/SonicChannel/topics/image/event_151228_01_02.jpg
 create mode 100644 sonic.sega.jp/SonicChannel/topics/image/event_151228_01_03.jpg
 create mode 100644 sonic.sega.jp/SonicChannel/topics/image/event_151228_01_04.jpg
 create mode 100644 sonic.sega.jp/SonicChannel/topics/image/event_151228_01_05.jpg
 create mode 100644 sonic.sega.jp/SonicChannel/topics/image/event_160428_01_01.jpg
 create mode 100644 sonic.sega.jp/SonicChannel/topics/image/event_160428_01_02.jpg
 create mode 100644 sonic.sega.jp/SonicChannel/topics/image/event_160428_01_03.jpg
 create mode 100644 sonic.sega.jp/SonicChannel/topics/image/event_160428_01_04.jpg
 create mode 100644 sonic.sega.jp/SonicChannel/topics/image/event_160601_01_01.jpg
 create mode 100644 sonic.sega.jp/SonicChannel/topics/image/event_160601_01_02.jpg
 create mode 100644 sonic.sega.jp/SonicChannel/topics/image/event_160601_01_03.jpg
 create mode 100644 sonic.sega.jp/SonicChannel/topics/image/event_160601_01_04.jpg
 create mode 100644 sonic.sega.jp/SonicChannel/topics/image/event_160609_01_01.jpg
 create mode 100644 sonic.sega.jp/SonicChannel/topics/image/event_160609_01_02.jpg
 create mode 100644 sonic.sega.jp/SonicChannel/topics/image/event_160609_01_eye.jpg
 create mode 100644 sonic.sega.jp/SonicChannel/topics/image/event_160615_01_01.jpg
 create mode 100644 sonic.sega.jp/SonicChannel/topics/image/event_160615_01_02.jpg
 create mode 100644 sonic.sega.jp/SonicChannel/topics/image/event_160615_01_03.jpg
 create mode 100644 sonic.sega.jp/SonicChannel/topics/image/event_160615_01_04.jpg
 create mode 100644 sonic.sega.jp/SonicChannel/topics/image/event_160615_01_05.jpg
 create mode 100644 sonic.sega.jp/SonicChannel/topics/image/event_160615_01_06.jpg
 create mode 100644 sonic.sega.jp/SonicChannel/topics/image/event_160615_01_07.jpg
 create mode 100644 sonic.sega.jp/SonicChannel/topics/image/event_160615_01_08.jpg
 create mode 100644 sonic.sega.jp/SonicChannel/topics/image/event_160623_01_01.jpg
 create mode 100644 sonic.sega.jp/SonicChannel/topics/image/event_160623_01_02.jpg
 create mode 100644 sonic.sega.jp/SonicChannel/topics/image/event_160623_01_03.jpg
 create mode 100644 sonic.sega.jp/SonicChannel/topics/image/event_160623_01_04.jpg
 create mode 100644 sonic.sega.jp/SonicChannel/topics/image/event_160623_01_05.jpg
 create mode 100644 sonic.sega.jp/SonicChannel/topics/image/event_160623_01_06.jpg
 create mode 100644 sonic.sega.jp/SonicChannel/topics/image/event_160623_01_07.jpg
 create mode 100644 sonic.sega.jp/SonicChannel/topics/image/event_160623_01_08.jpg
 create mode 100644 sonic.sega.jp/SonicChannel/topics/image/event_160623_01_09.jpg
 create mode 100644 sonic.sega.jp/SonicChannel/topics/image/event_160623_01_10.jpg
 create mode 100644 sonic.sega.jp/SonicChannel/topics/image/event_160623_01_11.jpg
 create mode 100644 sonic.sega.jp/SonicChannel/topics/image/event_160623_01_12.jpg
 create mode 100644 sonic.sega.jp/SonicChannel/topics/image/event_160623_01_13.jpg
 create mode 100644 sonic.sega.jp/SonicChannel/topics/image/event_160623_01_14.jpg
 create mode 100644 sonic.sega.jp/SonicChannel/topics/image/event_160623_01_15.jpg
 create mode 100644 sonic.sega.jp/SonicChannel/topics/image/event_160623_01_eye.jpg
 create mode 100644 sonic.sega.jp/SonicChannel/topics/image/event_160623_02_01.jpg
 create mode 100644 sonic.sega.jp/SonicChannel/topics/image/goods_160721_01_01.jpg
 create mode 100644 sonic.sega.jp/SonicChannel/topics/image/goods_160721_01_02.jpg
 create mode 100644 sonic.sega.jp/SonicChannel/topics/image/goods_160920_01_01.jpg
 create mode 100644 sonic.sega.jp/SonicChannel/topics/image/goods_160920_01_02.jpg
 create mode 100644 sonic.sega.jp/SonicChannel/topics/image/goods_160920_01_03.jpg
 create mode 100644 sonic.sega.jp/SonicChannel/topics/image/goods_160920_01_04.jpg
 create mode 100644 sonic.sega.jp/SonicChannel/topics/image/goods_160920_01_05.jpg
 create mode 100644 sonic.sega.jp/SonicChannel/topics/image/goods_161206_04_01.jpg
 create mode 100644 sonic.sega.jp/SonicChannel/topics/image/goods_161206_04_02.jpg
 create mode 100644 sonic.sega.jp/SonicChannel/topics/image/goods_170623_01_eye.gif
 create mode 100644 sonic.sega.jp/SonicChannel/topics/image/goods_170623_07_01.jpg
 create mode 100644 sonic.sega.jp/SonicChannel/topics/image/goods_170623_07_02.jpg
 create mode 100644 sonic.sega.jp/SonicChannel/topics/image/goods_170623_07_03.jpg
 create mode 100644 sonic.sega.jp/SonicChannel/topics/image/goods_170623_07_04.jpg
 create mode 100644 sonic.sega.jp/SonicChannel/topics/image/goods_170623_07_05.jpg
 create mode 100644 sonic.sega.jp/SonicChannel/topics/image/goods_170623_07_eye.png
 create mode 100644 sonic.sega.jp/SonicChannel/topics/image/goods_170623_08_01.gif
 create mode 100644 sonic.sega.jp/SonicChannel/topics/image/goods_170623_08_02.gif
 create mode 100644 sonic.sega.jp/SonicChannel/topics/image/goods_170623_08_03.gif
 create mode 100644 sonic.sega.jp/SonicChannel/topics/image/goods_170623_08_04.gif
 create mode 100644 sonic.sega.jp/SonicChannel/topics/image/goods_170623_08_05.gif
 create mode 100644 sonic.sega.jp/SonicChannel/topics/image/goods_170623_08_06.gif
 create mode 100644 sonic.sega.jp/SonicChannel/topics/image/goods_170623_08_07.gif
 create mode 100644 sonic.sega.jp/SonicChannel/topics/image/goods_170623_08_08.gif
 create mode 100644 sonic.sega.jp/SonicChannel/topics/image/goods_170623_08_09.gif
 create mode 100644 sonic.sega.jp/SonicChannel/topics/image/goods_170623_08_eye.gif
 create mode 100644 sonic.sega.jp/SonicChannel/topics/image/goods_170908_01_01.jpg
 create mode 100644 sonic.sega.jp/SonicChannel/topics/image/goods_170908_01_02.jpg
 create mode 100644 sonic.sega.jp/SonicChannel/topics/image/goods_170908_01_eye.jpg
 create mode 100644 sonic.sega.jp/SonicChannel/topics/image/goods_170908_02_01.jpg
 create mode 100644 sonic.sega.jp/SonicChannel/topics/image/goods_170908_02_02.jpg
 create mode 100644 sonic.sega.jp/SonicChannel/topics/image/goods_170908_02_03.jpg
 create mode 100644 sonic.sega.jp/SonicChannel/topics/image/goods_170908_02_eye.jpg
 create mode 100644 sonic.sega.jp/SonicChannel/topics/image/goods_170908_03_01.jpg
 create mode 100644 sonic.sega.jp/SonicChannel/topics/image/goods_170908_03_02.jpg
 create mode 100644 sonic.sega.jp/SonicChannel/topics/image/goods_170908_03_03.jpg
 create mode 100644 sonic.sega.jp/SonicChannel/topics/image/goods_170908_03_04.jpg
 create mode 100644 sonic.sega.jp/SonicChannel/topics/image/goods_170908_03_05.jpg
 create mode 100644 sonic.sega.jp/SonicChannel/topics/image/goods_170908_03_eye.jpg
 create mode 100644 sonic.sega.jp/SonicChannel/topics/image/goods_170908_04_01.jpg
 create mode 100644 sonic.sega.jp/SonicChannel/topics/image/goods_170908_04_02.jpg
 create mode 100644 sonic.sega.jp/SonicChannel/topics/image/goods_170908_04_03.jpg
 create mode 100644 sonic.sega.jp/SonicChannel/topics/image/goods_170908_04_04.jpg
 create mode 100644 sonic.sega.jp/SonicChannel/topics/image/goods_170908_04_05.jpg
 create mode 100644 sonic.sega.jp/SonicChannel/topics/image/goods_170908_04_06.jpg
 create mode 100644 sonic.sega.jp/SonicChannel/topics/image/goods_170908_04_eye.jpg
 create mode 100644 sonic.sega.jp/SonicChannel/topics/image/goods_180608_01_eye.jpg
 create mode 100644 sonic.sega.jp/SonicChannel/topics/image/goods_180608_02_01.jpg
 create mode 100644 sonic.sega.jp/SonicChannel/topics/image/goods_180608_02_02.jpg
 create mode 100644 sonic.sega.jp/SonicChannel/topics/image/goods_180608_02_03.jpg
 create mode 100644 sonic.sega.jp/SonicChannel/topics/image/goods_180608_02_eye.jpg
 create mode 100644 sonic.sega.jp/SonicChannel/topics/image/goods_180901_01_01.jpg
 create mode 100644 sonic.sega.jp/SonicChannel/topics/image/goods_180901_01_eye.jpg
 create mode 100644 sonic.sega.jp/SonicChannel/topics/image/goods_180901_02_01.jpg
 create mode 100644 sonic.sega.jp/SonicChannel/topics/image/goods_180901_02_eye.jpg
 create mode 100644 sonic.sega.jp/SonicChannel/topics/image/goods_180901_03_01.jpg
 create mode 100644 sonic.sega.jp/SonicChannel/topics/image/goods_180901_03_eye.jpg
 create mode 100644 sonic.sega.jp/SonicChannel/topics/image/goods_180901_04_01.jpg
 create mode 100644 sonic.sega.jp/SonicChannel/topics/image/goods_180901_04_eye.jpg
 create mode 100644 sonic.sega.jp/SonicChannel/topics/image/goods_180901_05_01.jpg
 create mode 100644 sonic.sega.jp/SonicChannel/topics/image/goods_180901_05_eye.jpg
 create mode 100644 sonic.sega.jp/SonicChannel/topics/image/goods_180901_06_01.jpg
 create mode 100644 sonic.sega.jp/SonicChannel/topics/image/goods_180901_06_02.jpg
 create mode 100644 sonic.sega.jp/SonicChannel/topics/image/goods_180901_06_eye.jpg
 create mode 100644 sonic.sega.jp/SonicChannel/topics/image/goods_180911_01_01.jpg
 create mode 100644 sonic.sega.jp/SonicChannel/topics/image/goods_180911_01_02.jpg
 create mode 100644 sonic.sega.jp/SonicChannel/topics/image/goods_180911_01_03.jpg
 create mode 100644 sonic.sega.jp/SonicChannel/topics/image/goods_180911_01_04.jpg
 create mode 100644 sonic.sega.jp/SonicChannel/topics/image/goods_180911_01_05.jpg
 create mode 100644 sonic.sega.jp/SonicChannel/topics/image/goods_180911_01_eye.jpg
 create mode 100644 sonic.sega.jp/SonicChannel/topics/image/goods_180911_02_01.jpg
 create mode 100644 sonic.sega.jp/SonicChannel/topics/image/goods_180911_02_02.jpg
 create mode 100644 sonic.sega.jp/SonicChannel/topics/image/goods_180911_02_03.jpg
 create mode 100644 sonic.sega.jp/SonicChannel/topics/image/goods_180911_02_04.jpg
 create mode 100644 sonic.sega.jp/SonicChannel/topics/image/goods_180911_02_05.jpg
 create mode 100644 sonic.sega.jp/SonicChannel/topics/image/goods_180911_02_eye.jpg
 create mode 100644 sonic.sega.jp/SonicChannel/topics/image/goods_180911_03_01.jpg
 create mode 100644 sonic.sega.jp/SonicChannel/topics/image/goods_180911_03_02.jpg
 create mode 100644 sonic.sega.jp/SonicChannel/topics/image/goods_180911_03_03.jpg
 create mode 100644 sonic.sega.jp/SonicChannel/topics/image/goods_180911_03_04.jpg
 create mode 100644 sonic.sega.jp/SonicChannel/topics/image/goods_180911_03_05.jpg
 create mode 100644 sonic.sega.jp/SonicChannel/topics/image/goods_180911_03_eye.jpg
 create mode 100644 sonic.sega.jp/SonicChannel/topics/image/goods_181102_01_eye.jpg
 create mode 100644 sonic.sega.jp/SonicChannel/topics/image/goods_181228_01_01.jpg
 create mode 100644 sonic.sega.jp/SonicChannel/topics/image/goods_181228_01_02.jpg
 create mode 100644 sonic.sega.jp/SonicChannel/topics/image/goods_181228_01_03.jpg
 create mode 100644 sonic.sega.jp/SonicChannel/topics/image/goods_181228_01_04.jpg
 create mode 100644 sonic.sega.jp/SonicChannel/topics/image/goods_181228_01_05.jpg
 create mode 100644 sonic.sega.jp/SonicChannel/topics/image/goods_181228_01_06.jpg
 create mode 100644 sonic.sega.jp/SonicChannel/topics/image/goods_181228_03_01.jpg
 create mode 100644 sonic.sega.jp/SonicChannel/topics/image/goods_181228_03_02.jpg
 create mode 100644 sonic.sega.jp/SonicChannel/topics/image/goods_181228_03_03.jpg
 create mode 100644 sonic.sega.jp/SonicChannel/topics/image/goods_181228_03_04.jpg
 create mode 100644 sonic.sega.jp/SonicChannel/topics/image/goods_181228_03_05.jpg
 create mode 100644 sonic.sega.jp/SonicChannel/topics/image/goods_181228_03_06.jpg
 create mode 100644 sonic.sega.jp/SonicChannel/topics/image/goods_181228_03_eye.jpg
 create mode 100644 sonic.sega.jp/SonicChannel/topics/image/goods_190109_01_01.jpg
 create mode 100644 sonic.sega.jp/SonicChannel/topics/image/goods_190109_01_02.jpg
 create mode 100644 sonic.sega.jp/SonicChannel/topics/image/goods_190109_01_eye.jpg
 create mode 100644 sonic.sega.jp/SonicChannel/topics/image/goods_190118_01_01.jpg
 create mode 100644 sonic.sega.jp/SonicChannel/topics/image/goods_190118_01_02.jpg
 create mode 100644 sonic.sega.jp/SonicChannel/topics/image/goods_190118_01_eye.jpg
 create mode 100644 sonic.sega.jp/SonicChannel/topics/image/goods_190128_01_01.jpg
 create mode 100644 sonic.sega.jp/SonicChannel/topics/image/goods_190128_01_02.jpg
 create mode 100644 sonic.sega.jp/SonicChannel/topics/image/goods_190128_01_03.jpg
 create mode 100644 sonic.sega.jp/SonicChannel/topics/image/goods_190128_01_04.jpg
 create mode 100644 sonic.sega.jp/SonicChannel/topics/image/goods_190128_01_05.jpg
 create mode 100644 sonic.sega.jp/SonicChannel/topics/image/goods_190128_01_06.jpg
 create mode 100644 sonic.sega.jp/SonicChannel/topics/image/goods_190128_01_eye.jpg
 create mode 100644 sonic.sega.jp/SonicChannel/topics/image/goods_190128_02_01.jpg
 create mode 100644 sonic.sega.jp/SonicChannel/topics/image/goods_190128_02_02.jpg
 create mode 100644 sonic.sega.jp/SonicChannel/topics/image/goods_190128_02_03.jpg
 create mode 100644 sonic.sega.jp/SonicChannel/topics/image/goods_190128_02_04.jpg
 create mode 100644 sonic.sega.jp/SonicChannel/topics/image/goods_190128_02_05.jpg
 create mode 100644 sonic.sega.jp/SonicChannel/topics/image/goods_190128_02_06.jpg
 create mode 100644 sonic.sega.jp/SonicChannel/topics/image/goods_190128_02_eye.jpg
 create mode 100644 sonic.sega.jp/SonicChannel/topics/image/goods_190128_03_01.jpg
 create mode 100644 sonic.sega.jp/SonicChannel/topics/image/goods_190128_03_02.jpg
 create mode 100644 sonic.sega.jp/SonicChannel/topics/image/goods_190128_03_03.jpg
 create mode 100644 sonic.sega.jp/SonicChannel/topics/image/goods_190128_03_04.jpg
 create mode 100644 sonic.sega.jp/SonicChannel/topics/image/goods_190128_03_05.jpg
 create mode 100644 sonic.sega.jp/SonicChannel/topics/image/goods_190128_03_06.jpg
 create mode 100644 sonic.sega.jp/SonicChannel/topics/image/goods_190128_03_eye.jpg
 create mode 100644 sonic.sega.jp/SonicChannel/topics/image/goods_190128_04_01.jpg
 create mode 100644 sonic.sega.jp/SonicChannel/topics/image/goods_190128_04_eye.jpg
 create mode 100644 sonic.sega.jp/SonicChannel/topics/image/goods_190128_05_01.jpg
 create mode 100644 sonic.sega.jp/SonicChannel/topics/image/goods_190128_05_eye.jpg
 create mode 100644 sonic.sega.jp/SonicChannel/topics/image/goods_190128_06_01.jpg
 create mode 100644 sonic.sega.jp/SonicChannel/topics/image/goods_190128_06_02.jpg
 create mode 100644 sonic.sega.jp/SonicChannel/topics/image/goods_190128_06_03.jpg
 create mode 100644 sonic.sega.jp/SonicChannel/topics/image/goods_190128_06_04.jpg
 create mode 100644 sonic.sega.jp/SonicChannel/topics/image/goods_190128_06_eye.jpg
 create mode 100644 sonic.sega.jp/SonicChannel/topics/image/goods_190425_01_01.jpg
 create mode 100644 sonic.sega.jp/SonicChannel/topics/image/goods_190425_01_eye.jpg
 create mode 100644 sonic.sega.jp/SonicChannel/topics/image/goods_190517_01_eye.jpg
 create mode 100644 sonic.sega.jp/SonicChannel/topics/image/information_160725_01_01.gif
 create mode 100644 sonic.sega.jp/SonicChannel/topics/image/information_170623_04_01.jpg
 create mode 100644 sonic.sega.jp/SonicChannel/topics/image/information_170623_04_02.jpg
 create mode 100644 sonic.sega.jp/SonicChannel/topics/image/information_170623_04_03.jpg
 create mode 100644 sonic.sega.jp/SonicChannel/topics/image/information_170623_04_04.jpg
 create mode 100644 sonic.sega.jp/SonicChannel/topics/image/information_170623_04_05.jpg
 create mode 100644 sonic.sega.jp/SonicChannel/topics/image/information_170623_04_06.jpg
 create mode 100644 sonic.sega.jp/SonicChannel/topics/image/information_170623_04_07.jpg
 create mode 100644 sonic.sega.jp/SonicChannel/topics/image/information_170623_04_08.jpg
 create mode 100644 sonic.sega.jp/SonicChannel/topics/image/information_170623_04_09.jpg
 create mode 100644 sonic.sega.jp/SonicChannel/topics/image/information_170623_04_10.jpg
 create mode 100644 sonic.sega.jp/SonicChannel/topics/image/information_170623_04_eye.jpg
 create mode 100644 sonic.sega.jp/SonicChannel/topics/image/information_170623_05_eye.jpg
 create mode 100644 sonic.sega.jp/SonicChannel/topics/image/information_170811_01_01.jpg
 create mode 100644 sonic.sega.jp/SonicChannel/topics/image/information_170811_01_02.png
 create mode 100644 sonic.sega.jp/SonicChannel/topics/image/information_170811_01_03.png
 create mode 100644 sonic.sega.jp/SonicChannel/topics/image/information_170811_01_04.png
 create mode 100644 sonic.sega.jp/SonicChannel/topics/image/information_170811_01_05.png
 create mode 100644 sonic.sega.jp/SonicChannel/topics/image/information_170811_01_eye.jpg
 create mode 100644 www.nintendo.co.jp/common/css/img/ncommon_purchase_sprite-s6ddaa86337-v2.png
 create mode 100644 www.nintendo.co.jp/common/css/img/ncommon_purchase_sprite-s6ddaa86337.png
 create mode 100644 www.nintendo.co.jp/common/css/img/ncommon_purchase_sprite_2x-sbc880ad305-v2.png
 create mode 100644 www.nintendo.co.jp/common/css/img/ncommon_purchase_sprite_2x-sbc880ad305.png
 create mode 100644 www.nintendo.co.jp/common/css/ncommon_purchase.css
 create mode 100644 www.nintendo.co.jp/common/font/NotoSansJP-Bold.woff
 create mode 100644 www.nintendo.co.jp/common/font/NotoSansJP-Bold.woff2
 create mode 100644 www.nintendo.co.jp/common/font/NotoSansJP-Regular.woff
 create mode 100644 www.nintendo.co.jp/common/font/NotoSansJP-Regular.woff2
 create mode 100644 www.nintendo.co.jp/common/font/YakuHanJPs-Bold.woff
 create mode 100644 www.nintendo.co.jp/common/font/YakuHanJPs-Bold.woff2
 create mode 100644 www.nintendo.co.jp/common/font/YakuHanJPs-Regular.woff
 create mode 100644 www.nintendo.co.jp/common/font/YakuHanJPs-Regular.woff2
 create mode 100644 www.nintendo.co.jp/common/js/gap/gtm_guest.js
 create mode 100644 www.nintendo.co.jp/common/js/ua/ua.js
 create mode 100644 www.nintendo.co.jp/common/js/ua/ua_pn.js
 create mode 100644 www.nintendo.co.jp/common/v1/css/gheader.css
 create mode 100644 www.nintendo.co.jp/common/v1/img/gheader-mybox-img-point-gold.png
 create mode 100644 www.nintendo.co.jp/common/v1/img/gheader-mybox-img-point-platinum.png
 create mode 100644 www.nintendo.co.jp/common/v1/js/gheader.js
 create mode 100644 www.nintendo.co.jp/common/v2/img/ncommon/_common/icon/close-fill-white.svg
 create mode 100644 www.nintendo.co.jp/common/v2/img/ncommon/_common/icon/close-stroke-white.svg
 create mode 100644 www.nintendo.co.jp/common/v2/img/ncommon/_common/icon/down-fill-white.svg
 create mode 100644 www.nintendo.co.jp/common/v2/img/ncommon/_common/icon/down-stroke-white.svg
 create mode 100644 www.nintendo.co.jp/common/v2/img/ncommon/_common/icon/left-fill-white.svg
 create mode 100644 www.nintendo.co.jp/common/v2/img/ncommon/_common/icon/left-stroke-white.svg
 create mode 100644 www.nintendo.co.jp/common/v2/img/ncommon/_common/icon/plus-fill-white.svg
 create mode 100644 www.nintendo.co.jp/common/v2/img/ncommon/_common/icon/plus-stroke-white.svg
 create mode 100644 www.nintendo.co.jp/common/v2/img/ncommon/_common/icon/right-fill-white.svg
 create mode 100644 www.nintendo.co.jp/common/v2/img/ncommon/_common/icon/right-stroke-white.svg
 create mode 100644 www.nintendo.co.jp/common/v2/img/ncommon/_common/icon/up-fill-white.svg
 create mode 100644 www.nintendo.co.jp/common/v2/img/ncommon/_common/icon/up-stroke-white.svg
 create mode 100644 www.nintendo.co.jp/wii/rwsj/screenshot/img/17.jpg
 create mode 100644 www.nintendo.co.jp/wii/rwsj/screenshot/img/18.jpg
 create mode 100644 www.nintendo.co.jp/wii/rwsj/screenshot/img/19.jpg
 create mode 100644 www.nintendo.co.jp/wii/rwsj/screenshot/img/20.jpg
 create mode 100644 www.nintendo.co.jp/wii/rwsj/screenshot/img/21.jpg
