Already up to date.
[main a7130137b6] files from 2022-10-02, 11:24:34
 135 files changed, 42007 insertions(+), 13 deletions(-)
 create mode 100644 log/KrazeeTobi-2022-10-02_073750.log
 create mode 100644 sonic-movie.jp/sonic-movie/index.html@doing_wp_cron=1664704974.9231019020080566406250&paged=13
 create mode 100644 sonic-movie.jp/sonic-movie/index.html@doing_wp_cron=1664704974.9231019020080566406250&paged=2
 create mode 100644 sonic-movie.jp/sonic-movie/index.html@doing_wp_cron=1664704974.9231019020080566406250&paged=3
 create mode 100644 sonic-movie.jp/sonic-movie/index.html@doing_wp_cron=1664704974.9231019020080566406250&paged=4
 create mode 100644 sonic-movie.jp/sonic-movie/index.html@doing_wp_cron=1664704974.9231019020080566406250&paged=5
 create mode 100644 sonic-movie.jp/sonic-movie/index.html@doing_wp_cron=1664704974.9231019020080566406250&paged=6
 create mode 100644 sonic-movie.jp/sonic-movie/page/10/index.html@doing_wp_cron=1664704974.9231019020080566406250&paged=1
 create mode 100644 sonic-movie.jp/sonic-movie/page/10/index.html@doing_wp_cron=1664704974.9231019020080566406250&paged=11
 create mode 100644 sonic-movie.jp/sonic-movie/page/10/index.html@doing_wp_cron=1664704974.9231019020080566406250&paged=12
 create mode 100644 sonic-movie.jp/sonic-movie/page/10/index.html@doing_wp_cron=1664704974.9231019020080566406250&paged=13
 create mode 100644 sonic-movie.jp/sonic-movie/page/10/index.html@doing_wp_cron=1664704974.9231019020080566406250&paged=5
 create mode 100644 sonic-movie.jp/sonic-movie/page/10/index.html@doing_wp_cron=1664704974.9231019020080566406250&paged=6
 create mode 100644 sonic-movie.jp/sonic-movie/page/10/index.html@doing_wp_cron=1664704974.9231019020080566406250&paged=7
 create mode 100644 sonic-movie.jp/sonic-movie/page/10/index.html@doing_wp_cron=1664704974.9231019020080566406250&paged=8
 create mode 100644 sonic-movie.jp/sonic-movie/page/10/index.html@doing_wp_cron=1664704974.9231019020080566406250&paged=9
 create mode 100644 sonic-movie.jp/sonic-movie/page/11/index.html@doing_wp_cron=1664704974.9231019020080566406250&paged=1
 create mode 100644 sonic-movie.jp/sonic-movie/page/11/index.html@doing_wp_cron=1664704974.9231019020080566406250&paged=10
 create mode 100644 sonic-movie.jp/sonic-movie/page/11/index.html@doing_wp_cron=1664704974.9231019020080566406250&paged=12
 create mode 100644 sonic-movie.jp/sonic-movie/page/11/index.html@doing_wp_cron=1664704974.9231019020080566406250&paged=13
 create mode 100644 sonic-movie.jp/sonic-movie/page/11/index.html@doing_wp_cron=1664704974.9231019020080566406250&paged=6
 create mode 100644 sonic-movie.jp/sonic-movie/page/11/index.html@doing_wp_cron=1664704974.9231019020080566406250&paged=7
 create mode 100644 sonic-movie.jp/sonic-movie/page/11/index.html@doing_wp_cron=1664704974.9231019020080566406250&paged=8
 create mode 100644 sonic-movie.jp/sonic-movie/page/11/index.html@doing_wp_cron=1664704974.9231019020080566406250&paged=9
 create mode 100644 sonic-movie.jp/sonic-movie/page/12/index.html@doing_wp_cron=1664704974.9231019020080566406250&paged=1
 create mode 100644 sonic-movie.jp/sonic-movie/page/12/index.html@doing_wp_cron=1664704974.9231019020080566406250&paged=10
 create mode 100644 sonic-movie.jp/sonic-movie/page/12/index.html@doing_wp_cron=1664704974.9231019020080566406250&paged=11
 create mode 100644 sonic-movie.jp/sonic-movie/page/12/index.html@doing_wp_cron=1664704974.9231019020080566406250&paged=13
 create mode 100644 sonic-movie.jp/sonic-movie/page/12/index.html@doing_wp_cron=1664704974.9231019020080566406250&paged=7
 create mode 100644 sonic-movie.jp/sonic-movie/page/12/index.html@doing_wp_cron=1664704974.9231019020080566406250&paged=8
 create mode 100644 sonic-movie.jp/sonic-movie/page/12/index.html@doing_wp_cron=1664704974.9231019020080566406250&paged=9
 create mode 100644 sonic-movie.jp/sonic-movie/page/13/index.html@doing_wp_cron=1664704974.9231019020080566406250&paged=1
 create mode 100644 sonic-movie.jp/sonic-movie/page/13/index.html@doing_wp_cron=1664704974.9231019020080566406250&paged=10
 create mode 100644 sonic-movie.jp/sonic-movie/page/13/index.html@doing_wp_cron=1664704974.9231019020080566406250&paged=11
 create mode 100644 sonic-movie.jp/sonic-movie/page/13/index.html@doing_wp_cron=1664704974.9231019020080566406250&paged=12
 create mode 100644 sonic-movie.jp/sonic-movie/page/13/index.html@doing_wp_cron=1664704974.9231019020080566406250&paged=8
 create mode 100644 sonic-movie.jp/sonic-movie/page/13/index.html@doing_wp_cron=1664704974.9231019020080566406250&paged=9
 create mode 100644 sonic-movie.jp/sonic-movie/page/2/index.html@doing_wp_cron=1664704974.9231019020080566406250&paged=1
 create mode 100644 sonic-movie.jp/sonic-movie/page/2/index.html@doing_wp_cron=1664704974.9231019020080566406250&paged=13
 create mode 100644 sonic-movie.jp/sonic-movie/page/2/index.html@doing_wp_cron=1664704974.9231019020080566406250&paged=3
 create mode 100644 sonic-movie.jp/sonic-movie/page/2/index.html@doing_wp_cron=1664704974.9231019020080566406250&paged=4
 create mode 100644 sonic-movie.jp/sonic-movie/page/2/index.html@doing_wp_cron=1664704974.9231019020080566406250&paged=5
 create mode 100644 sonic-movie.jp/sonic-movie/page/2/index.html@doing_wp_cron=1664704974.9231019020080566406250&paged=6
 create mode 100644 sonic-movie.jp/sonic-movie/page/2/index.html@doing_wp_cron=1664704974.9231019020080566406250&paged=7
 create mode 100644 sonic-movie.jp/sonic-movie/page/3/index.html@doing_wp_cron=1664704974.9231019020080566406250&paged=1
 create mode 100644 sonic-movie.jp/sonic-movie/page/3/index.html@doing_wp_cron=1664704974.9231019020080566406250&paged=13
 create mode 100644 sonic-movie.jp/sonic-movie/page/3/index.html@doing_wp_cron=1664704974.9231019020080566406250&paged=2
 create mode 100644 sonic-movie.jp/sonic-movie/page/3/index.html@doing_wp_cron=1664704974.9231019020080566406250&paged=4
 create mode 100644 sonic-movie.jp/sonic-movie/page/3/index.html@doing_wp_cron=1664704974.9231019020080566406250&paged=5
 create mode 100644 sonic-movie.jp/sonic-movie/page/3/index.html@doing_wp_cron=1664704974.9231019020080566406250&paged=6
 create mode 100644 sonic-movie.jp/sonic-movie/page/3/index.html@doing_wp_cron=1664704974.9231019020080566406250&paged=7
 create mode 100644 sonic-movie.jp/sonic-movie/page/3/index.html@doing_wp_cron=1664704974.9231019020080566406250&paged=8
 create mode 100644 sonic-movie.jp/sonic-movie/page/4/index.html@doing_wp_cron=1664704974.9231019020080566406250&paged=1
 create mode 100644 sonic-movie.jp/sonic-movie/page/4/index.html@doing_wp_cron=1664704974.9231019020080566406250&paged=13
 create mode 100644 sonic-movie.jp/sonic-movie/page/4/index.html@doing_wp_cron=1664704974.9231019020080566406250&paged=2
 create mode 100644 sonic-movie.jp/sonic-movie/page/4/index.html@doing_wp_cron=1664704974.9231019020080566406250&paged=3
 create mode 100644 sonic-movie.jp/sonic-movie/page/4/index.html@doing_wp_cron=1664704974.9231019020080566406250&paged=5
 create mode 100644 sonic-movie.jp/sonic-movie/page/4/index.html@doing_wp_cron=1664704974.9231019020080566406250&paged=6
 create mode 100644 sonic-movie.jp/sonic-movie/page/4/index.html@doing_wp_cron=1664704974.9231019020080566406250&paged=7
 create mode 100644 sonic-movie.jp/sonic-movie/page/4/index.html@doing_wp_cron=1664704974.9231019020080566406250&paged=8
 create mode 100644 sonic-movie.jp/sonic-movie/page/4/index.html@doing_wp_cron=1664704974.9231019020080566406250&paged=9
 create mode 100644 sonic-movie.jp/sonic-movie/page/5/index.html@doing_wp_cron=1664704974.9231019020080566406250&paged=1
 create mode 100644 sonic-movie.jp/sonic-movie/page/5/index.html@doing_wp_cron=1664704974.9231019020080566406250&paged=10
 create mode 100644 sonic-movie.jp/sonic-movie/page/5/index.html@doing_wp_cron=1664704974.9231019020080566406250&paged=13
 create mode 100644 sonic-movie.jp/sonic-movie/page/5/index.html@doing_wp_cron=1664704974.9231019020080566406250&paged=2
 create mode 100644 sonic-movie.jp/sonic-movie/page/5/index.html@doing_wp_cron=1664704974.9231019020080566406250&paged=3
 create mode 100644 sonic-movie.jp/sonic-movie/page/5/index.html@doing_wp_cron=1664704974.9231019020080566406250&paged=4
 create mode 100644 sonic-movie.jp/sonic-movie/page/5/index.html@doing_wp_cron=1664704974.9231019020080566406250&paged=6
 create mode 100644 sonic-movie.jp/sonic-movie/page/5/index.html@doing_wp_cron=1664704974.9231019020080566406250&paged=7
 create mode 100644 sonic-movie.jp/sonic-movie/page/5/index.html@doing_wp_cron=1664704974.9231019020080566406250&paged=8
 create mode 100644 sonic-movie.jp/sonic-movie/page/5/index.html@doing_wp_cron=1664704974.9231019020080566406250&paged=9
 create mode 100644 sonic-movie.jp/sonic-movie/page/6/index.html@doing_wp_cron=1664704974.9231019020080566406250&paged=1
 create mode 100644 sonic-movie.jp/sonic-movie/page/6/index.html@doing_wp_cron=1664704974.9231019020080566406250&paged=10
 create mode 100644 sonic-movie.jp/sonic-movie/page/6/index.html@doing_wp_cron=1664704974.9231019020080566406250&paged=11
 create mode 100644 sonic-movie.jp/sonic-movie/page/6/index.html@doing_wp_cron=1664704974.9231019020080566406250&paged=13
 create mode 100644 sonic-movie.jp/sonic-movie/page/6/index.html@doing_wp_cron=1664704974.9231019020080566406250&paged=2
 create mode 100644 sonic-movie.jp/sonic-movie/page/6/index.html@doing_wp_cron=1664704974.9231019020080566406250&paged=3
 create mode 100644 sonic-movie.jp/sonic-movie/page/6/index.html@doing_wp_cron=1664704974.9231019020080566406250&paged=4
 create mode 100644 sonic-movie.jp/sonic-movie/page/6/index.html@doing_wp_cron=1664704974.9231019020080566406250&paged=5
 create mode 100644 sonic-movie.jp/sonic-movie/page/6/index.html@doing_wp_cron=1664704974.9231019020080566406250&paged=7
 create mode 100644 sonic-movie.jp/sonic-movie/page/6/index.html@doing_wp_cron=1664704974.9231019020080566406250&paged=8
 create mode 100644 sonic-movie.jp/sonic-movie/page/6/index.html@doing_wp_cron=1664704974.9231019020080566406250&paged=9
 create mode 100644 sonic-movie.jp/sonic-movie/page/7/index.html@doing_wp_cron=1664704974.9231019020080566406250&paged=1
 create mode 100644 sonic-movie.jp/sonic-movie/page/7/index.html@doing_wp_cron=1664704974.9231019020080566406250&paged=10
 create mode 100644 sonic-movie.jp/sonic-movie/page/7/index.html@doing_wp_cron=1664704974.9231019020080566406250&paged=11
 create mode 100644 sonic-movie.jp/sonic-movie/page/7/index.html@doing_wp_cron=1664704974.9231019020080566406250&paged=12
 create mode 100644 sonic-movie.jp/sonic-movie/page/7/index.html@doing_wp_cron=1664704974.9231019020080566406250&paged=13
 create mode 100644 sonic-movie.jp/sonic-movie/page/7/index.html@doing_wp_cron=1664704974.9231019020080566406250&paged=2
 create mode 100644 sonic-movie.jp/sonic-movie/page/7/index.html@doing_wp_cron=1664704974.9231019020080566406250&paged=3
 create mode 100644 sonic-movie.jp/sonic-movie/page/7/index.html@doing_wp_cron=1664704974.9231019020080566406250&paged=4
 create mode 100644 sonic-movie.jp/sonic-movie/page/7/index.html@doing_wp_cron=1664704974.9231019020080566406250&paged=5
 create mode 100644 sonic-movie.jp/sonic-movie/page/7/index.html@doing_wp_cron=1664704974.9231019020080566406250&paged=6
 create mode 100644 sonic-movie.jp/sonic-movie/page/7/index.html@doing_wp_cron=1664704974.9231019020080566406250&paged=8
 create mode 100644 sonic-movie.jp/sonic-movie/page/7/index.html@doing_wp_cron=1664704974.9231019020080566406250&paged=9
 create mode 100644 sonic-movie.jp/sonic-movie/page/8/index.html@doing_wp_cron=1664704974.9231019020080566406250&paged=1
 create mode 100644 sonic-movie.jp/sonic-movie/page/8/index.html@doing_wp_cron=1664704974.9231019020080566406250&paged=10
 create mode 100644 sonic-movie.jp/sonic-movie/page/8/index.html@doing_wp_cron=1664704974.9231019020080566406250&paged=11
 create mode 100644 sonic-movie.jp/sonic-movie/page/8/index.html@doing_wp_cron=1664704974.9231019020080566406250&paged=13
 create mode 100644 sonic-movie.jp/sonic-movie/page/8/index.html@doing_wp_cron=1664704974.9231019020080566406250&paged=3
 create mode 100644 sonic-movie.jp/sonic-movie/page/8/index.html@doing_wp_cron=1664704974.9231019020080566406250&paged=4
 create mode 100644 sonic-movie.jp/sonic-movie/page/8/index.html@doing_wp_cron=1664704974.9231019020080566406250&paged=5
 create mode 100644 sonic-movie.jp/sonic-movie/page/8/index.html@doing_wp_cron=1664704974.9231019020080566406250&paged=6
 create mode 100644 sonic-movie.jp/sonic-movie/page/8/index.html@doing_wp_cron=1664704974.9231019020080566406250&paged=7
 create mode 100644 sonic-movie.jp/sonic-movie/page/8/index.html@doing_wp_cron=1664704974.9231019020080566406250&paged=9
 create mode 100644 sonic-movie.jp/sonic-movie/page/9/index.html@doing_wp_cron=1664704974.9231019020080566406250&paged=1
 create mode 100644 sonic-movie.jp/sonic-movie/page/9/index.html@doing_wp_cron=1664704974.9231019020080566406250&paged=10
 create mode 100644 sonic-movie.jp/sonic-movie/page/9/index.html@doing_wp_cron=1664704974.9231019020080566406250&paged=11
 create mode 100644 sonic-movie.jp/sonic-movie/page/9/index.html@doing_wp_cron=1664704974.9231019020080566406250&paged=12
 create mode 100644 sonic-movie.jp/sonic-movie/page/9/index.html@doing_wp_cron=1664704974.9231019020080566406250&paged=13
 create mode 100644 sonic-movie.jp/sonic-movie/page/9/index.html@doing_wp_cron=1664704974.9231019020080566406250&paged=4
 create mode 100644 sonic-movie.jp/sonic-movie/page/9/index.html@doing_wp_cron=1664704974.9231019020080566406250&paged=5
 create mode 100644 sonic-movie.jp/sonic-movie/page/9/index.html@doing_wp_cron=1664704974.9231019020080566406250&paged=6
 create mode 100644 sonic-movie.jp/sonic-movie/page/9/index.html@doing_wp_cron=1664704974.9231019020080566406250&paged=7
 create mode 100644 sonic-movie.jp/sonic-movie/page/9/index.html@doing_wp_cron=1664704974.9231019020080566406250&paged=8
 rewrite www.nintendo.co.jp/3ds/acmj/game_list/images/game_list_t04_t04.gif (100%)
 copy www.nintendo.co.jp/{3ds/acmj/game_list/images/game_list_t04_t04.gif => wii/siij/athlete/img/btn_back.png} (100%)
 rewrite www.nintendo.co.jp/wii/siij/common/img/bg6.png (99%)
