Already up to date.
Deleted file - D:\GitHub\SonicChannelTrack\sonic.sega.jp\sonicchannel\about.1
Deleted file - D:\GitHub\SonicChannelTrack\sonic.sega.jp\sonicchannel\character.1
Deleted file - D:\GitHub\SonicChannelTrack\sonic.sega.jp\sonicchannel\fangallery.1
Deleted file - D:\GitHub\SonicChannelTrack\sonic.sega.jp\sonicchannel\special.1
Deleted file - D:\GitHub\SonicChannelTrack\sonic.sega.jp\sonicchannel\fangallery\apply.1
Deleted file - D:\GitHub\SonicChannelTrack\sonic.sega.jp\sonicchannel\fangallery\fanart.1
Deleted file - D:\GitHub\SonicChannelTrack\sonic.sega.jp\sonicchannel\fangallery\screenshot.1
Deleted file - D:\GitHub\SonicChannelTrack\sonic.sega.jp\sonicchannel\special\sidestory.1
Deleted file - D:\GitHub\SonicChannelTrack\sonic.sega.jp\sonicchannel\special\sns.1
Deleted file - D:\GitHub\SonicChannelTrack\sonic.sega.jp\sonicchannel\special\staffcolumn.1
Deleted file - D:\GitHub\SonicChannelTrack\sonic.sega.jp\sonicchannel\special\gamecontents\soniccolors.1
Deleted file - D:\GitHub\SonicChannelTrack\sonic.sega.jp\sonicchannel\special\gamecontents\sonicforces.1
Deleted file - D:\GitHub\SonicChannelTrack\sonic.sega.jp\sonicchannel\special\gamecontents\sonicmania.1
Deleted file - D:\GitHub\SonicChannelTrack\sonic.sega.jp\sonicchannel\special\sidestory\comic.1
Deleted file - D:\GitHub\SonicChannelTrack\sonic.sega.jp\sonicchannel\special\sidestory\coverstory.1
Deleted file - D:\GitHub\SonicChannelTrack\sonic.sega.jp\sonicchannel\special\sidestory\ohgiri.1
Deleted file - D:\GitHub\SonicChannelTrack\sonic.sega.jp\sonicchannel\special\soundcolumn\ohtani.1
Deleted file - D:\GitHub\SonicChannelTrack\sonic.sega.jp\sonicchannel\special\soundcolumn\senoue.1
Deleted file - D:\GitHub\SonicChannelTrack\sonic.sega.jp\sonicchannel\topics\collaboration.1
Deleted file - D:\GitHub\SonicChannelTrack\sonic.sega.jp\sonicchannel\topics\event.1
Deleted file - D:\GitHub\SonicChannelTrack\sonic.sega.jp\sonicchannel\topics\goods.1
Deleted file - D:\GitHub\SonicChannelTrack\sonic.sega.jp\sonicchannel\topics\information.1
Deleted file - D:\GitHub\SonicChannelTrack\sonic.sega.jp\sonicchannel\topics\sound.1
Deleted file - D:\GitHub\SonicChannelTrack\sonic.sega.jp\sonicchannel\topics\goods\20190607_001917.1
Deleted file - D:\GitHub\SonicChannelTrack\sonic.sega.jp\sonicchannel\about.2
Deleted file - D:\GitHub\SonicChannelTrack\sonic.sega.jp\sonicchannel\character.2
Deleted file - D:\GitHub\SonicChannelTrack\sonic.sega.jp\sonicchannel\fangallery.2
Deleted file - D:\GitHub\SonicChannelTrack\sonic.sega.jp\sonicchannel\special.2
Deleted file - D:\GitHub\SonicChannelTrack\sonic.sega.jp\sonicchannel\fangallery\apply.2
Deleted file - D:\GitHub\SonicChannelTrack\sonic.sega.jp\sonicchannel\fangallery\fanart.2
Deleted file - D:\GitHub\SonicChannelTrack\sonic.sega.jp\sonicchannel\fangallery\screenshot.2
Deleted file - D:\GitHub\SonicChannelTrack\sonic.sega.jp\sonicchannel\special\sidestory.2
Deleted file - D:\GitHub\SonicChannelTrack\sonic.sega.jp\sonicchannel\special\sns.2
Deleted file - D:\GitHub\SonicChannelTrack\sonic.sega.jp\sonicchannel\special\staffcolumn.2
Deleted file - D:\GitHub\SonicChannelTrack\sonic.sega.jp\sonicchannel\special\gamecontents\soniccolors.2
Deleted file - D:\GitHub\SonicChannelTrack\sonic.sega.jp\sonicchannel\special\gamecontents\sonicforces.2
Deleted file - D:\GitHub\SonicChannelTrack\sonic.sega.jp\sonicchannel\special\gamecontents\sonicmania.2
Deleted file - D:\GitHub\SonicChannelTrack\sonic.sega.jp\sonicchannel\special\sidestory\comic.2
Deleted file - D:\GitHub\SonicChannelTrack\sonic.sega.jp\sonicchannel\special\sidestory\coverstory.2
Deleted file - D:\GitHub\SonicChannelTrack\sonic.sega.jp\sonicchannel\special\sidestory\ohgiri.2
Deleted file - D:\GitHub\SonicChannelTrack\sonic.sega.jp\sonicchannel\special\soundcolumn\ohtani.2
Deleted file - D:\GitHub\SonicChannelTrack\sonic.sega.jp\sonicchannel\special\soundcolumn\senoue.2
Deleted file - D:\GitHub\SonicChannelTrack\sonic.sega.jp\sonicchannel\topics\collaboration.2
Deleted file - D:\GitHub\SonicChannelTrack\sonic.sega.jp\sonicchannel\topics\event.2
Deleted file - D:\GitHub\SonicChannelTrack\sonic.sega.jp\sonicchannel\topics\goods.2
Deleted file - D:\GitHub\SonicChannelTrack\sonic.sega.jp\sonicchannel\topics\information.2
Deleted file - D:\GitHub\SonicChannelTrack\sonic.sega.jp\sonicchannel\topics\sound.2
Deleted file - D:\GitHub\SonicChannelTrack\sonic.sega.jp\sonicchannel\about.3
Deleted file - D:\GitHub\SonicChannelTrack\sonic.sega.jp\sonicchannel\character.3
Deleted file - D:\GitHub\SonicChannelTrack\sonic.sega.jp\sonicchannel\special.3
Deleted file - D:\GitHub\SonicChannelTrack\sonic.sega.jp\sonicchannel\fangallery\apply.3
Deleted file - D:\GitHub\SonicChannelTrack\sonic.sega.jp\sonicchannel\fangallery\fanart.3
Deleted file - D:\GitHub\SonicChannelTrack\sonic.sega.jp\sonicchannel\fangallery\screenshot.3
Deleted file - D:\GitHub\SonicChannelTrack\sonic.sega.jp\sonicchannel\special\sidestory.3
Deleted file - D:\GitHub\SonicChannelTrack\sonic.sega.jp\sonicchannel\special\sns.3
Deleted file - D:\GitHub\SonicChannelTrack\sonic.sega.jp\sonicchannel\special\staffcolumn.3
Deleted file - D:\GitHub\SonicChannelTrack\sonic.sega.jp\sonicchannel\special\gamecontents\soniccolors.3
Deleted file - D:\GitHub\SonicChannelTrack\sonic.sega.jp\sonicchannel\special\sidestory\comic.3
Deleted file - D:\GitHub\SonicChannelTrack\sonic.sega.jp\sonicchannel\special\sidestory\coverstory.3
Deleted file - D:\GitHub\SonicChannelTrack\sonic.sega.jp\sonicchannel\special\sidestory\ohgiri.3
Deleted file - D:\GitHub\SonicChannelTrack\sonic.sega.jp\sonicchannel\topics\collaboration.3
Deleted file - D:\GitHub\SonicChannelTrack\sonic.sega.jp\sonicchannel\topics\event.3
Deleted file - D:\GitHub\SonicChannelTrack\sonic.sega.jp\sonicchannel\topics\goods.3
Deleted file - D:\GitHub\SonicChannelTrack\sonic.sega.jp\sonicchannel\topics\information.3
Deleted file - D:\GitHub\SonicChannelTrack\sonic.sega.jp\sonicchannel\topics\sound.3
Deleted file - D:\GitHub\SonicChannelTrack\sonic.sega.jp\sonicchannel\about.4
Deleted file - D:\GitHub\SonicChannelTrack\sonic.sega.jp\sonicchannel\character.4
Deleted file - D:\GitHub\SonicChannelTrack\sonic.sega.jp\sonicchannel\special\sidestory.4
Deleted file - D:\GitHub\SonicChannelTrack\sonic.sega.jp\sonicchannel\special\gamecontents\soniccolors.4
Deleted file - D:\GitHub\SonicChannelTrack\sonic.sega.jp\sonicchannel\special\sidestory\comic.4
Deleted file - D:\GitHub\SonicChannelTrack\sonic.sega.jp\sonicchannel\special\sidestory\coverstory.4
Deleted file - D:\GitHub\SonicChannelTrack\sonic.sega.jp\sonicchannel\special\sidestory\ohgiri.4
Deleted file - D:\GitHub\SonicChannelTrack\sonic.sega.jp\sonicchannel\topics\collaboration.4
Deleted file - D:\GitHub\SonicChannelTrack\sonic.sega.jp\sonicchannel\topics\event.4
Deleted file - D:\GitHub\SonicChannelTrack\sonic.sega.jp\sonicchannel\topics\goods.4
Deleted file - D:\GitHub\SonicChannelTrack\sonic.sega.jp\sonicchannel\topics\information.4
Deleted file - D:\GitHub\SonicChannelTrack\sonic.sega.jp\sonicchannel\topics\sound.4
Deleted file - D:\GitHub\SonicChannelTrack\www.olympicvideogames.com\sonic\br.1
Deleted file - D:\GitHub\SonicChannelTrack\www.olympicvideogames.com\sonic\cn.1
Deleted file - D:\GitHub\SonicChannelTrack\www.olympicvideogames.com\sonic\de.1
Deleted file - D:\GitHub\SonicChannelTrack\www.olympicvideogames.com\sonic\en.1
Deleted file - D:\GitHub\SonicChannelTrack\www.olympicvideogames.com\sonic\es.1
Deleted file - D:\GitHub\SonicChannelTrack\www.olympicvideogames.com\sonic\fr.1
Deleted file - D:\GitHub\SonicChannelTrack\www.olympicvideogames.com\sonic\it.1
Deleted file - D:\GitHub\SonicChannelTrack\www.olympicvideogames.com\sonic\jp.1
Deleted file - D:\GitHub\SonicChannelTrack\www.olympicvideogames.com\sonic\kr.1
Deleted file - D:\GitHub\SonicChannelTrack\www.olympicvideogames.com\sonic\nl.1
Deleted file - D:\GitHub\SonicChannelTrack\www.olympicvideogames.com\sonic\ru.1
Deleted file - D:\GitHub\SonicChannelTrack\www.olympicvideogames.com\sonic\zh.1
Deleted file - D:\GitHub\SonicChannelTrack\sonicteam.com\SonicWorldAdventure\director.1
Deleted file - D:\GitHub\SonicChannelTrack\sonicteam.com\SonicWorldAdventure\hamidashi.1
[main ceb21b8aa78] files from 2023-06-24, 10:40:02
 304 files changed, 19353 insertions(+), 8333 deletions(-)
 create mode 100644 log/KrazeeTobi-2023-06-24_060331.log
 create mode 100644 sonic.sega.jp/SonicChannel/assets_c/2023/06/calendar_2307_thm-thumb-220x220-5180.jpg
 create mode 100644 sonic.sega.jp/SonicChannel/assets_c/2023/06/goods_230624_01_eye-thumb-640xauto-5172.jpg
 create mode 100644 sonic.sega.jp/SonicChannel/assets_c/2023/06/information_230623_01_eye-thumb-640xauto-5183.jpg
 create mode 100644 sonic.sega.jp/SonicChannel/assets_c/2023/06/ohghiri_230622_eye-thumb-640xauto-5181.jpg
 create mode 100644 sonic.sega.jp/SonicChannel/enjoy/image/calendar_2307.pdf
 create mode 100644 sonic.sega.jp/SonicChannel/special/gamecontents/sonicforces/20171017_001446/index.html
 create mode 100644 sonic.sega.jp/SonicChannel/special/gamecontents/sonicforces/20171024_001472/index.html
 create mode 100644 sonic.sega.jp/SonicChannel/special/gamecontents/sonicforces/20171031_001475/index.html
 create mode 100644 sonic.sega.jp/SonicChannel/special/gamecontents/sonicforces/20171107_001481/index.html
 create mode 100644 sonic.sega.jp/SonicChannel/special/gamecontents/sonicforces/20171117_001492/index.html
 create mode 100644 sonic.sega.jp/SonicChannel/special/gamecontents/sonicforces/20171124_001498/index.html
 create mode 100644 sonic.sega.jp/SonicChannel/special/gamecontents/sonicforces/20171201_001501/index.html
 create mode 100644 sonic.sega.jp/SonicChannel/special/gamecontents/sonicforces/20171206_001508/index.html
 create mode 100644 sonic.sega.jp/SonicChannel/special/image/ohghiri_230622_eye.jpg
 create mode 100644 sonic.sega.jp/SonicChannel/special/sidestory/ohgiri/20230623_008306/index.html
 create mode 100644 sonic.sega.jp/SonicChannel/special/sns/20201104_002373/index.html
 create mode 100644 sonic.sega.jp/SonicChannel/special/sns/20201127_002392/index.html
 create mode 100644 sonic.sega.jp/SonicChannel/special/sns/20201229_002438/index.html
 create mode 100644 sonic.sega.jp/SonicChannel/special/sns/20220131_002812/index.html
 create mode 100644 sonic.sega.jp/SonicChannel/special/sns/20220204_002816/index.html
 create mode 100644 sonic.sega.jp/SonicChannel/special/sns/20220209_002819/index.html
 create mode 100644 sonic.sega.jp/SonicChannel/special/sns/20220228_002833/index.html
 create mode 100644 sonic.sega.jp/SonicChannel/special/sns/20220319_002850/index.html
 create mode 100644 sonic.sega.jp/SonicChannel/special/sns/20220330_002855/index.html
 create mode 100644 sonic.sega.jp/SonicChannel/special/sns/20220331_002856/index.html
 create mode 100644 sonic.sega.jp/SonicChannel/special/sns/20220411_002860/index.html
 create mode 100644 sonic.sega.jp/SonicChannel/special/sns/20220412_002862/index.html
 create mode 100644 sonic.sega.jp/SonicChannel/special/sns/20220426_002881/index.html
 create mode 100644 sonic.sega.jp/SonicChannel/special/sns/20220430_002886/index.html
 create mode 100644 sonic.sega.jp/SonicChannel/special/sns/20220510_002887/index.html
 create mode 100644 sonic.sega.jp/SonicChannel/special/sns/20220524_002900/index.html
 create mode 100644 sonic.sega.jp/SonicChannel/special/sns/20220531_002906/index.html
 create mode 100644 sonic.sega.jp/SonicChannel/special/sns/20220630_002932/index.html
 create mode 100644 sonic.sega.jp/SonicChannel/special/sns/20220715_002952/index.html
 create mode 100644 sonic.sega.jp/SonicChannel/special/sns/20220801_002960/index.html
 create mode 100644 sonic.sega.jp/SonicChannel/special/sns/20220831_002982/index.html
 create mode 100644 sonic.sega.jp/SonicChannel/special/sns/20220929_003016/index.html
 create mode 100644 sonic.sega.jp/SonicChannel/special/sns/20220930_003017/index.html
 create mode 100644 sonic.sega.jp/SonicChannel/special/sns/20221031_003046/index.html
 create mode 100644 sonic.sega.jp/SonicChannel/special/sns/20221111_003073/index.html
 create mode 100644 sonic.sega.jp/SonicChannel/special/sns/20221129_003090/index.html
 create mode 100644 sonic.sega.jp/SonicChannel/special/sns/20221130_003089/index.html
 create mode 100644 sonic.sega.jp/SonicChannel/special/sns/20221209_003097/index.html
 create mode 100644 sonic.sega.jp/SonicChannel/special/sns/20221231_003112/index.html
 create mode 100644 sonic.sega.jp/SonicChannel/special/sns/20230120_003120/index.html
 create mode 100644 sonic.sega.jp/SonicChannel/special/sns/20230217_008234/index.html
 create mode 100644 sonic.sega.jp/SonicChannel/special/sns/20230317_008249/index.html
 create mode 100644 sonic.sega.jp/SonicChannel/special/sns/20230414_008264/index.html
 create mode 100644 sonic.sega.jp/SonicChannel/special/sns/20230519_008285/index.html
 create mode 100644 sonic.sega.jp/SonicChannel/special/sns/20230616_008304/index.html
 create mode 100644 sonic.sega.jp/SonicChannel/topics/event/20200110_002100/index.html
 create mode 100644 sonic.sega.jp/SonicChannel/topics/goods/20230624_008300/index.html
 create mode 100644 sonic.sega.jp/SonicChannel/topics/image/goods_230624_01_01.jpg
 create mode 100644 sonic.sega.jp/SonicChannel/topics/image/goods_230624_01_02.jpg
 create mode 100644 sonic.sega.jp/SonicChannel/topics/image/goods_230624_01_03.jpg
 create mode 100644 sonic.sega.jp/SonicChannel/topics/image/goods_230624_01_04.jpg
 create mode 100644 sonic.sega.jp/SonicChannel/topics/image/goods_230624_01_05.jpg
 create mode 100644 sonic.sega.jp/SonicChannel/topics/image/goods_230624_01_06.jpg
 create mode 100644 sonic.sega.jp/SonicChannel/topics/image/goods_230624_01_eye.jpg
 create mode 100644 sonic.sega.jp/SonicChannel/topics/image/information_230623_01_eye.jpg
 create mode 100644 sonic.sega.jp/SonicChannel/topics/information/20200214_002177/index.html
 create mode 100644 sonic.sega.jp/SonicChannel/topics/information/20200319_002194/index.html
 create mode 100644 sonic.sega.jp/SonicChannel/topics/information/20200414_002203/index.html
 create mode 100644 sonic.sega.jp/SonicChannel/topics/information/20200520_002219/index.html
 create mode 100644 sonic.sega.jp/SonicChannel/topics/information/20200617_002257/index.html
 create mode 100644 sonic.sega.jp/SonicChannel/topics/information/20200715_002279/index.html
 create mode 100644 sonic.sega.jp/SonicChannel/topics/information/20200821_002310/index.html
 create mode 100644 sonic.sega.jp/SonicChannel/topics/information/20200914_002325/index.html
 create mode 100644 sonic.sega.jp/SonicChannel/topics/information/20201021_002370/index.html
 create mode 100644 sonic.sega.jp/SonicChannel/topics/information/20201118_002384/index.html
 create mode 100644 sonic.sega.jp/SonicChannel/topics/information/20201216_002426/index.html
 create mode 100644 sonic.sega.jp/SonicChannel/topics/information/20210317_002509/index.html
 create mode 100644 sonic.sega.jp/SonicChannel/topics/information/20210617_002595/index.html
 create mode 100644 sonic.sega.jp/SonicChannel/topics/information/20210903_002655/index.html
 create mode 100644 sonic.sega.jp/SonicChannel/topics/information/20211213_002763/index.html
 create mode 100644 sonic.sega.jp/SonicChannel/topics/information/20220421_002868/index.html
 create mode 100644 sonic.sega.jp/SonicChannel/topics/information/20220616_002925/index.html
 create mode 100644 sonic.sega.jp/SonicFrontiers/information/230624.html
 create mode 100644 sonic.sega.jp/SonicFrontiers/information/images/ogp-230624.jpg
 create mode 100644 sonic.sega.jp/SonicFrontiers/videos/images/video-thumb28.jpg
 create mode 100644 sonic.sega.jp/SonicSuperStars/css/slick.css
 create mode 100644 sonic.sega.jp/SonicSuperStars/css/top.css@04
 create mode 100644 sonic.sega.jp/SonicSuperStars/images/nav-text04.png
 create mode 100644 sonic.sega.jp/SonicSuperStars/images/slider-arrow01.png
 create mode 100644 sonic.sega.jp/SonicSuperStars/images/slider-arrow02.png
 create mode 100644 sonic.sega.jp/SonicSuperStars/images/top/aboutArea-bg-sp.png
 create mode 100644 sonic.sega.jp/SonicSuperStars/images/top/aboutArea-bg.png
 create mode 100644 sonic.sega.jp/SonicSuperStars/images/top/aboutArea-slide/ss00.jpg
 create mode 100644 sonic.sega.jp/SonicSuperStars/images/videos/video-thumb02.jpg@02
 create mode 100644 sonic.sega.jp/SonicSuperStars/js/slick.min.js
