Already up to date.
[main 91760ad17] files from 2022-08-05, 12:14:40
 214 files changed, 3919 insertions(+), 2789 deletions(-)
 create mode 100644 log/KrazeeTobi-2022-08-05_081440.log
 create mode 100644 sonic-movie.jp/news/2022/08/05/sonic_0805/feed/index.html
 create mode 100644 sonic-movie.jp/news/2022/08/05/sonic_0805/index.html
 create mode 100644 sonic-movie.jp/news/index.html@p=885
 create mode 100644 sonic-movie.jp/news/page/12/index.html
 create mode 100644 sonic-movie.jp/news/wp-json/oembed/1.0/embed@url=https%3A%2F%2Fnews.eigafan.com%2Fsonic-movie%2F2022%2F08%2F05%2Fsonic_0805%2F
 create mode 100644 sonic-movie.jp/news/wp-json/oembed/1.0/embed@url=https%3A%2F%2Fnews.eigafan.com%2Fsonic-movie%2F2022%2F08%2F05%2Fsonic_0805%2F&format=xml
 create mode 100644 sonic.sega.jp/SonicChannel/assets_c/2022/08/calendar_1907_rouge_thm-thumb-220x220-4701.jpg
 create mode 100644 sonic.sega.jp/SonicChannel/assets_c/2022/08/event_220804_01_eye-thumb-640xauto-4702.jpg
 create mode 100644 sonic.sega.jp/SonicChannel/assets_c/2022/08/wallpaper_175_rouge_13_thm-thumb-220x220-4699.jpg
 create mode 100644 sonic.sega.jp/SonicChannel/enjoy/image/calendar_1907_rouge.pdf
 create mode 100644 sonic.sega.jp/SonicChannel/enjoy/image/wallpaper_175_rouge_13_pc.png
 create mode 100644 sonic.sega.jp/SonicChannel/topics/event/20220803_002966/index.html
 create mode 100644 sonic.sega.jp/SonicChannel/topics/image/event_220804_01_01.jpg
 create mode 100644 sonic.sega.jp/SonicChannel/topics/image/event_220804_01_02.jpg
 create mode 100644 sonic.sega.jp/SonicChannel/topics/image/event_220804_01_03.jpg
 create mode 100644 sonic.sega.jp/SonicChannel/topics/image/event_220804_01_04.jpg
 create mode 100644 sonic.sega.jp/SonicChannel/topics/image/event_220804_01_05.jpg
 create mode 100644 sonic.sega.jp/SonicChannel/topics/image/event_220804_01_06.jpg
 create mode 100644 sonic.sega.jp/SonicChannel/topics/image/event_220804_01_eye.jpg
