Already up to date.
Deleted file - D:\GitHub\SonicChannelTrack\sonic.sega.jp\sonicchannel\about.1
Deleted file - D:\GitHub\SonicChannelTrack\sonic.sega.jp\sonicchannel\character.1
Deleted file - D:\GitHub\SonicChannelTrack\sonic.sega.jp\sonicchannel\fangallery.1
Deleted file - D:\GitHub\SonicChannelTrack\sonic.sega.jp\sonicchannel\special.1
Deleted file - D:\GitHub\SonicChannelTrack\sonic.sega.jp\sonicchannel\fangallery\apply.1
Deleted file - D:\GitHub\SonicChannelTrack\sonic.sega.jp\sonicchannel\fangallery\fanart.1
Deleted file - D:\GitHub\SonicChannelTrack\sonic.sega.jp\sonicchannel\fangallery\oshiete.1
Deleted file - D:\GitHub\SonicChannelTrack\sonic.sega.jp\sonicchannel\fangallery\screenshot.1
Deleted file - D:\GitHub\SonicChannelTrack\sonic.sega.jp\sonicchannel\special\sidestory.1
Deleted file - D:\GitHub\SonicChannelTrack\sonic.sega.jp\sonicchannel\special\sns.1
Deleted file - D:\GitHub\SonicChannelTrack\sonic.sega.jp\sonicchannel\special\staffcolumn.1
Deleted file - D:\GitHub\SonicChannelTrack\sonic.sega.jp\sonicchannel\special\gamecontents\soniccolors.1
Deleted file - D:\GitHub\SonicChannelTrack\sonic.sega.jp\sonicchannel\special\gamecontents\sonicforces.1
Deleted file - D:\GitHub\SonicChannelTrack\sonic.sega.jp\sonicchannel\special\gamecontents\sonicmania.1
Deleted file - D:\GitHub\SonicChannelTrack\sonic.sega.jp\sonicchannel\special\sidestory\comic.1
Deleted file - D:\GitHub\SonicChannelTrack\sonic.sega.jp\sonicchannel\special\sidestory\coverstory.1
Deleted file - D:\GitHub\SonicChannelTrack\sonic.sega.jp\sonicchannel\special\sidestory\ohgiri.1
Deleted file - D:\GitHub\SonicChannelTrack\sonic.sega.jp\sonicchannel\special\sidestory\sonicpict.1
Deleted file - D:\GitHub\SonicChannelTrack\sonic.sega.jp\sonicchannel\special\soundcolumn\ohtani.1
Deleted file - D:\GitHub\SonicChannelTrack\sonic.sega.jp\sonicchannel\special\soundcolumn\senoue.1
Deleted file - D:\GitHub\SonicChannelTrack\sonic.sega.jp\sonicchannel\topics\collaboration.1
Deleted file - D:\GitHub\SonicChannelTrack\sonic.sega.jp\sonicchannel\topics\event.1
Deleted file - D:\GitHub\SonicChannelTrack\sonic.sega.jp\sonicchannel\topics\goods.1
Deleted file - D:\GitHub\SonicChannelTrack\sonic.sega.jp\sonicchannel\topics\information.1
Deleted file - D:\GitHub\SonicChannelTrack\sonic.sega.jp\sonicchannel\topics\sound.1
Deleted file - D:\GitHub\SonicChannelTrack\sonic.sega.jp\sonicchannel\topics\goods\20190607_001917.1
Deleted file - D:\GitHub\SonicChannelTrack\sonic.sega.jp\sonicchannel\about.2
Deleted file - D:\GitHub\SonicChannelTrack\sonic.sega.jp\sonicchannel\character.2
Deleted file - D:\GitHub\SonicChannelTrack\sonic.sega.jp\sonicchannel\fangallery.2
Deleted file - D:\GitHub\SonicChannelTrack\sonic.sega.jp\sonicchannel\special.2
Deleted file - D:\GitHub\SonicChannelTrack\sonic.sega.jp\sonicchannel\fangallery\apply.2
Deleted file - D:\GitHub\SonicChannelTrack\sonic.sega.jp\sonicchannel\fangallery\fanart.2
Deleted file - D:\GitHub\SonicChannelTrack\sonic.sega.jp\sonicchannel\fangallery\oshiete.2
Deleted file - D:\GitHub\SonicChannelTrack\sonic.sega.jp\sonicchannel\fangallery\screenshot.2
Deleted file - D:\GitHub\SonicChannelTrack\sonic.sega.jp\sonicchannel\special\sidestory.2
Deleted file - D:\GitHub\SonicChannelTrack\sonic.sega.jp\sonicchannel\special\sns.2
Deleted file - D:\GitHub\SonicChannelTrack\sonic.sega.jp\sonicchannel\special\staffcolumn.2
Deleted file - D:\GitHub\SonicChannelTrack\sonic.sega.jp\sonicchannel\special\gamecontents\soniccolors.2
Deleted file - D:\GitHub\SonicChannelTrack\sonic.sega.jp\sonicchannel\special\gamecontents\sonicforces.2
Deleted file - D:\GitHub\SonicChannelTrack\sonic.sega.jp\sonicchannel\special\gamecontents\sonicmania.2
Deleted file - D:\GitHub\SonicChannelTrack\sonic.sega.jp\sonicchannel\special\sidestory\comic.2
Deleted file - D:\GitHub\SonicChannelTrack\sonic.sega.jp\sonicchannel\special\sidestory\coverstory.2
Deleted file - D:\GitHub\SonicChannelTrack\sonic.sega.jp\sonicchannel\special\sidestory\ohgiri.2
Deleted file - D:\GitHub\SonicChannelTrack\sonic.sega.jp\sonicchannel\special\sidestory\sonicpict.2
Deleted file - D:\GitHub\SonicChannelTrack\sonic.sega.jp\sonicchannel\special\soundcolumn\ohtani.2
Deleted file - D:\GitHub\SonicChannelTrack\sonic.sega.jp\sonicchannel\special\soundcolumn\senoue.2
Deleted file - D:\GitHub\SonicChannelTrack\sonic.sega.jp\sonicchannel\topics\collaboration.2
Deleted file - D:\GitHub\SonicChannelTrack\sonic.sega.jp\sonicchannel\topics\event.2
Deleted file - D:\GitHub\SonicChannelTrack\sonic.sega.jp\sonicchannel\topics\goods.2
Deleted file - D:\GitHub\SonicChannelTrack\sonic.sega.jp\sonicchannel\topics\information.2
Deleted file - D:\GitHub\SonicChannelTrack\sonic.sega.jp\sonicchannel\topics\sound.2
Deleted file - D:\GitHub\SonicChannelTrack\sonic.sega.jp\sonicchannel\about.3
Deleted file - D:\GitHub\SonicChannelTrack\sonic.sega.jp\sonicchannel\character.3
Deleted file - D:\GitHub\SonicChannelTrack\sonic.sega.jp\sonicchannel\fangallery.3
Deleted file - D:\GitHub\SonicChannelTrack\sonic.sega.jp\sonicchannel\fangallery\apply.3
Deleted file - D:\GitHub\SonicChannelTrack\sonic.sega.jp\sonicchannel\fangallery\fanart.3
Deleted file - D:\GitHub\SonicChannelTrack\sonic.sega.jp\sonicchannel\fangallery\oshiete.3
Deleted file - D:\GitHub\SonicChannelTrack\sonic.sega.jp\sonicchannel\fangallery\screenshot.3
Deleted file - D:\GitHub\SonicChannelTrack\sonic.sega.jp\sonicchannel\special\sidestory.3
Deleted file - D:\GitHub\SonicChannelTrack\sonic.sega.jp\sonicchannel\special\staffcolumn.3
Deleted file - D:\GitHub\SonicChannelTrack\sonic.sega.jp\sonicchannel\special\gamecontents\soniccolors.3
Deleted file - D:\GitHub\SonicChannelTrack\sonic.sega.jp\sonicchannel\special\gamecontents\sonicforces.3
Deleted file - D:\GitHub\SonicChannelTrack\sonic.sega.jp\sonicchannel\special\sidestory\comic.3
Deleted file - D:\GitHub\SonicChannelTrack\sonic.sega.jp\sonicchannel\special\sidestory\coverstory.3
Deleted file - D:\GitHub\SonicChannelTrack\sonic.sega.jp\sonicchannel\special\sidestory\ohgiri.3
Deleted file - D:\GitHub\SonicChannelTrack\sonic.sega.jp\sonicchannel\special\sidestory\sonicpict.3
Deleted file - D:\GitHub\SonicChannelTrack\sonic.sega.jp\sonicchannel\topics\collaboration.3
Deleted file - D:\GitHub\SonicChannelTrack\sonic.sega.jp\sonicchannel\topics\event.3
Deleted file - D:\GitHub\SonicChannelTrack\sonic.sega.jp\sonicchannel\topics\goods.3
Deleted file - D:\GitHub\SonicChannelTrack\sonic.sega.jp\sonicchannel\topics\information.3
Deleted file - D:\GitHub\SonicChannelTrack\sonic.sega.jp\sonicchannel\topics\sound.3
Deleted file - D:\GitHub\SonicChannelTrack\sonic.sega.jp\sonicchannel\about.4
Deleted file - D:\GitHub\SonicChannelTrack\sonic.sega.jp\sonicchannel\character.4
Deleted file - D:\GitHub\SonicChannelTrack\sonic.sega.jp\sonicchannel\fangallery.4
Deleted file - D:\GitHub\SonicChannelTrack\sonic.sega.jp\sonicchannel\special\sidestory.4
Deleted file - D:\GitHub\SonicChannelTrack\sonic.sega.jp\sonicchannel\special\gamecontents\soniccolors.4
Deleted file - D:\GitHub\SonicChannelTrack\sonic.sega.jp\sonicchannel\special\gamecontents\sonicforces.4
Deleted file - D:\GitHub\SonicChannelTrack\sonic.sega.jp\sonicchannel\special\sidestory\comic.4
Deleted file - D:\GitHub\SonicChannelTrack\sonic.sega.jp\sonicchannel\special\sidestory\coverstory.4
Deleted file - D:\GitHub\SonicChannelTrack\sonic.sega.jp\sonicchannel\topics\collaboration.4
Deleted file - D:\GitHub\SonicChannelTrack\sonic.sega.jp\sonicchannel\topics\event.4
Deleted file - D:\GitHub\SonicChannelTrack\sonic.sega.jp\sonicchannel\topics\goods.4
Deleted file - D:\GitHub\SonicChannelTrack\sonic.sega.jp\sonicchannel\topics\information.4
Deleted file - D:\GitHub\SonicChannelTrack\sonic.sega.jp\sonicchannel\topics\sound.4
Deleted file - D:\GitHub\SonicChannelTrack\www.olympicvideogames.com\sonic\br.1
Deleted file - D:\GitHub\SonicChannelTrack\www.olympicvideogames.com\sonic\cn.1
Deleted file - D:\GitHub\SonicChannelTrack\www.olympicvideogames.com\sonic\de.1
Deleted file - D:\GitHub\SonicChannelTrack\www.olympicvideogames.com\sonic\en.1
Deleted file - D:\GitHub\SonicChannelTrack\www.olympicvideogames.com\sonic\es.1
Deleted file - D:\GitHub\SonicChannelTrack\www.olympicvideogames.com\sonic\fr.1
Deleted file - D:\GitHub\SonicChannelTrack\www.olympicvideogames.com\sonic\it.1
Deleted file - D:\GitHub\SonicChannelTrack\www.olympicvideogames.com\sonic\jp.1
Deleted file - D:\GitHub\SonicChannelTrack\www.olympicvideogames.com\sonic\kr.1
Deleted file - D:\GitHub\SonicChannelTrack\www.olympicvideogames.com\sonic\nl.1
Deleted file - D:\GitHub\SonicChannelTrack\www.olympicvideogames.com\sonic\ru.1
Deleted file - D:\GitHub\SonicChannelTrack\www.olympicvideogames.com\sonic\zh.1
Deleted file - D:\GitHub\SonicChannelTrack\sonic-movie.jp\news.1
Deleted file - D:\GitHub\SonicChannelTrack\sonic-movie.jp\news\wp-includes\js\jquery\jquery-migrate.min.js@ver=1.4.1
Deleted file - D:\GitHub\SonicChannelTrack\sonicteam.com\SonicWorldAdventure\director.1
Deleted file - D:\GitHub\SonicChannelTrack\sonicteam.com\SonicWorldAdventure\hamidashi.1
[main f5c4076a15f] files from 2024-08-31, 13:34:57
 105 files changed, 1861 insertions(+), 1567 deletions(-)
 create mode 100644 log/KrazeeTobi-2024-08-31_084519.log
 create mode 100644 sonic.sega.jp/SonicChannel/assets_c/2024/08/goods_240830_01_eye-thumb-640xauto-5761.jpg
 create mode 100644 sonic.sega.jp/SonicChannel/topics/goods/20240830_008642/index.html
 create mode 100644 sonic.sega.jp/SonicChannel/topics/image/goods_240830_01_01.jpg
 create mode 100644 sonic.sega.jp/SonicChannel/topics/image/goods_240830_01_02.jpg
 create mode 100644 sonic.sega.jp/SonicChannel/topics/image/goods_240830_01_03.jpg
 create mode 100644 sonic.sega.jp/SonicChannel/topics/image/goods_240830_01_04.jpg
 create mode 100644 sonic.sega.jp/SonicChannel/topics/image/goods_240830_01_05.jpg
 create mode 100644 sonic.sega.jp/SonicChannel/topics/image/goods_240830_01_06.jpg
 create mode 100644 sonic.sega.jp/SonicChannel/topics/image/goods_240830_01_07.jpg
 create mode 100644 sonic.sega.jp/SonicChannel/topics/image/goods_240830_01_08.jpg
 create mode 100644 sonic.sega.jp/SonicChannel/topics/image/goods_240830_01_09.jpg
 create mode 100644 sonic.sega.jp/SonicChannel/topics/image/goods_240830_01_10.jpg
 create mode 100644 sonic.sega.jp/SonicChannel/topics/image/goods_240830_01_11.jpg
 create mode 100644 sonic.sega.jp/SonicChannel/topics/image/goods_240830_01_12.jpg
 create mode 100644 sonic.sega.jp/SonicChannel/topics/image/goods_240830_01_13.jpg
 create mode 100644 sonic.sega.jp/SonicChannel/topics/image/goods_240830_01_14.jpg
 create mode 100644 sonic.sega.jp/SonicChannel/topics/image/goods_240830_01_15.jpg
 create mode 100644 sonic.sega.jp/SonicChannel/topics/image/goods_240830_01_16.jpg
 create mode 100644 sonic.sega.jp/SonicChannel/topics/image/goods_240830_01_17.jpg
 create mode 100644 sonic.sega.jp/SonicChannel/topics/image/goods_240830_01_18.jpg
 create mode 100644 sonic.sega.jp/SonicChannel/topics/image/goods_240830_01_19.jpg
 create mode 100644 sonic.sega.jp/SonicChannel/topics/image/goods_240830_01_20.jpg
 create mode 100644 sonic.sega.jp/SonicChannel/topics/image/goods_240830_01_21.jpg
 create mode 100644 sonic.sega.jp/SonicChannel/topics/image/goods_240830_01_22.jpg
 create mode 100644 sonic.sega.jp/SonicChannel/topics/image/goods_240830_01_23.jpg
 create mode 100644 sonic.sega.jp/SonicChannel/topics/image/goods_240830_01_24.jpg
 create mode 100644 sonic.sega.jp/SonicChannel/topics/image/goods_240830_01_25.jpg
 create mode 100644 sonic.sega.jp/SonicChannel/topics/image/goods_240830_01_26.jpg
 create mode 100644 sonic.sega.jp/SonicChannel/topics/image/goods_240830_01_27.jpg
 create mode 100644 sonic.sega.jp/SonicChannel/topics/image/goods_240830_01_28.jpg
 create mode 100644 sonic.sega.jp/SonicChannel/topics/image/goods_240830_01_29.jpg
 create mode 100644 sonic.sega.jp/SonicChannel/topics/image/goods_240830_01_30.jpg
 create mode 100644 sonic.sega.jp/SonicChannel/topics/image/goods_240830_01_31.jpg
 create mode 100644 sonic.sega.jp/SonicChannel/topics/image/goods_240830_01_32.jpg
 create mode 100644 sonic.sega.jp/SonicChannel/topics/image/goods_240830_01_33.jpg
 create mode 100644 sonic.sega.jp/SonicChannel/topics/image/goods_240830_01_34.jpg
 create mode 100644 sonic.sega.jp/SonicChannel/topics/image/goods_240830_01_35.jpg
 create mode 100644 sonic.sega.jp/SonicChannel/topics/image/goods_240830_01_36.jpg
 create mode 100644 sonic.sega.jp/SonicChannel/topics/image/goods_240830_01_37.jpg
 create mode 100644 sonic.sega.jp/SonicChannel/topics/image/goods_240830_01_38.jpg
 create mode 100644 sonic.sega.jp/SonicChannel/topics/image/goods_240830_01_39.jpg
 create mode 100644 sonic.sega.jp/SonicChannel/topics/image/goods_240830_01_40.jpg
 create mode 100644 sonic.sega.jp/SonicChannel/topics/image/goods_240830_01_41.jpg
 create mode 100644 sonic.sega.jp/SonicChannel/topics/image/goods_240830_01_42.jpg
 create mode 100644 sonic.sega.jp/SonicChannel/topics/image/goods_240830_01_43.jpg
 create mode 100644 sonic.sega.jp/SonicChannel/topics/image/goods_240830_01_44.jpg
 create mode 100644 sonic.sega.jp/SonicChannel/topics/image/goods_240830_01_45.jpg
 create mode 100644 sonic.sega.jp/SonicChannel/topics/image/goods_240830_01_46.jpg
 create mode 100644 sonic.sega.jp/SonicChannel/topics/image/goods_240830_01_47.jpg
 create mode 100644 sonic.sega.jp/SonicChannel/topics/image/goods_240830_01_48.jpg
 create mode 100644 sonic.sega.jp/SonicChannel/topics/image/goods_240830_01_49.jpg
 create mode 100644 sonic.sega.jp/SonicChannel/topics/image/goods_240830_01_eye.jpg
