Already up to date.
[main 5f4b0cf766] files from 2023-02-02, 13:36:29
 79 files changed, 2843 insertions(+), 1942 deletions(-)
 create mode 100644 archives/cesa-tgs-old/all.bat
 create mode 100644 archives/cesa-tgs/all.bat
 create mode 100644 archives/nikkei-tgs-old/all.bat
 create mode 100644 archives/nikkei-tgs/all.bat
 create mode 100644 archives/nintendo/all.bat
 create mode 100644 archives/olympic/all.bat
 create mode 100644 log/KrazeeTobi-2023-02-02_101155.log
 create mode 100644 sonic.sega.jp/SonicChannel/assets_c/2023/01/goods_230131_01_eye-thumb-640xauto-5006.jpg
 create mode 100644 sonic.sega.jp/SonicChannel/assets_c/2023/01/goods_230131_02_eye-thumb-640xauto-5008.jpg
 create mode 100644 sonic.sega.jp/SonicChannel/assets_c/2023/01/goods_230131_03_eye-thumb-640xauto-5005.jpg
 create mode 100644 sonic.sega.jp/SonicChannel/assets_c/2023/01/goods_230131_04_eye-thumb-640xauto-5009.jpg
 create mode 100644 sonic.sega.jp/SonicChannel/assets_c/2023/01/goods_230131_05_eye-thumb-640xauto-5007.jpg
 create mode 100644 sonic.sega.jp/SonicChannel/topics/goods/20230131_003127/index.html
 rename sonic.sega.jp/SonicChannel/{contentpolicy.1 => topics/goods/20230131_003128/index.html} (52%)
 rename sonic.sega.jp/SonicChannel/{contentpolicy.2 => topics/goods/20230131_003129/index.html} (52%)
 create mode 100644 sonic.sega.jp/SonicChannel/topics/goods/20230131_003130/index.html
 create mode 100644 sonic.sega.jp/SonicChannel/topics/goods/20230131_003131/index.html
 create mode 100644 sonic.sega.jp/SonicChannel/topics/image/goods_230131_01_eye.jpg
 create mode 100644 sonic.sega.jp/SonicChannel/topics/image/goods_230131_02_eye.jpg
 create mode 100644 sonic.sega.jp/SonicChannel/topics/image/goods_230131_03_eye.jpg
 create mode 100644 sonic.sega.jp/SonicChannel/topics/image/goods_230131_04_eye.jpg
 create mode 100644 sonic.sega.jp/SonicChannel/topics/image/goods_230131_05_eye.jpg
